[WARNING]
[WARNING] Some problems were encountered while building the effective model for io.arex:arex-attacher:jar:0.3.4
[WARNING] 'build.plugins.plugin.version' for org.apache.maven.plugins:maven-jar-plugin is missing. @ io.arex:arex-attacher:${revision}, arex-attacher/pom.xml, line 27, column 21
[WARNING]
[WARNING] Some problems were encountered while building the effective model for io.arex:arex-common-integration-test:jar:0.3.4
[WARNING] 'build.plugins.plugin.version' for org.apache.maven.plugins:maven-jar-plugin is missing. @ io.arex:arex-common-integration-test:${revision}, arex-integration-tests/arex-common-integration-test/pom.xml, line 16, column 21
[WARNING]
[WARNING] Some problems were encountered while building the effective model for io.arex:arex-main-integration-test:jar:0.3.4
[WARNING] 'build.plugins.plugin.version' for org.apache.maven.plugins:maven-jar-plugin is missing. @ io.arex:arex-main-integration-test:${revision}, arex-integration-tests/arex-main-integration-test/pom.xml, line 27, column 21
[WARNING]
[WARNING] It is highly recommended to fix these problems because they threaten the stability of your build.
[WARNING]
[WARNING] For this reason, future Maven versions might no longer support building such malformed projects.
[WARNING]
[INFO] ------------------------------------------------------------------------
[INFO] Reactor Build Order:
[INFO]
[INFO] arex-agent-java                                                    [pom]
[INFO] arex-third-party                                                   [jar]
[INFO] arex-agent-bootstrap                                               [jar]
[INFO] arex-instrumentation-api                                           [jar]
[INFO] arex-instrumentation-foundation                                    [jar]
[INFO] arex-agent-core                                                    [jar]
[INFO] arex-instrumentation-parent                                        [pom]
[INFO] arex-executors                                                     [jar]
[INFO] arex-loader                                                        [jar]
[INFO] arex-httpservlet                                                   [jar]
[INFO] arex-httpclient-common                                             [jar]
[INFO] arex-httpclient-apache-v4                                          [jar]
[INFO] arex-database-common                                               [jar]
[INFO] arex-database-hibernate                                            [jar]
[INFO] arex-database-mybatis3                                             [jar]
[INFO] arex-redis-common                                                  [jar]
[INFO] arex-jedis-v4                                                      [jar]
[INFO] arex-lettuce-v6                                                    [jar]
[INFO] arex-redission-v3                                                  [jar]
[INFO] arex-serializer                                                    [jar]
[INFO] arex-dynamic-common                                                [jar]
[INFO] arex-dynamic                                                       [jar]
[INFO] arex-cache                                                         [jar]
[INFO] arex-time-machine                                                  [jar]
[INFO] arex-httpclient-okhttp-v3                                          [jar]
[INFO] arex-netty-v4                                                      [jar]
[INFO] arex-jwt                                                           [jar]
[INFO] arex-dubbo-common                                                  [jar]
[INFO] arex-dubbo-apache-v2                                               [jar]
[INFO] arex-dubbo-apache-v3                                               [jar]
[INFO] arex-dubbo-alibaba                                                 [jar]
[INFO] arex-spring-security                                               [jar]
[INFO] arex-httpclient-webclient-v5                                       [jar]
[INFO] arex-shiro                                                         [jar]
[INFO] arex-jcasbin                                                       [jar]
[INFO] arex-agent                                                         [jar]
[INFO] arex-jedis-v2                                                      [jar]
[INFO] arex-attacher                                                      [jar]
[INFO] arex-integration-tests                                             [pom]
[INFO] arex-common-integration-test                                       [jar]
[INFO] arex-main-integration-test                                         [jar]
[INFO] arex-dynamic-integration-test                                      [jar]
[INFO] arex-jedis-v4-integration-test                                     [jar]
[INFO]
[INFO] ---------------------< io.arex:arex-agent-parent >----------------------
[INFO] Building arex-agent-java 0.3.4                                    [1/43]
[INFO]   from pom.xml
[INFO] --------------------------------[ pom ]---------------------------------
[INFO]
[INFO] --- clean:3.2.0:clean (default-clean) @ arex-agent-parent ---
[INFO]
[INFO] --- flatten:1.4.1:clean (flatten.clean) @ arex-agent-parent ---
[INFO]
[INFO] --- jacoco:0.8.8:prepare-agent (default) @ arex-agent-parent ---
[INFO] argLine set to -javaagent:/root/.m2/repository/org/jacoco/org.jacoco.agent/0.8.8/org.jacoco.agent-0.8.8-runtime.jar=destfile=/arex-agent-java/target/jacoco.exec
[INFO]
[INFO] --- flatten:1.4.1:flatten (flatten) @ arex-agent-parent ---
[INFO] Generating flattened POM of project io.arex:arex-agent-parent:pom:0.3.4...
[INFO]
[INFO] --- jacoco:0.8.8:report (report) @ arex-agent-parent ---
[INFO] Skipping JaCoCo execution due to missing execution data file.
[INFO]
[INFO] ----------------------< io.arex:arex-third-party >----------------------
[INFO] Building arex-third-party 0.3.4                                   [2/43]
[INFO]   from arex-third-party/pom.xml
[INFO] --------------------------------[ jar ]---------------------------------
[INFO]
[INFO] --- clean:3.2.0:clean (default-clean) @ arex-third-party ---
[INFO]
[INFO] --- flatten:1.4.1:clean (flatten.clean) @ arex-third-party ---
[INFO]
[INFO] --- jacoco:0.8.8:prepare-agent (default) @ arex-third-party ---
[INFO] argLine set to -javaagent:/root/.m2/repository/org/jacoco/org.jacoco.agent/0.8.8/org.jacoco.agent-0.8.8-runtime.jar=destfile=/arex-agent-java/arex-third-party/target/jacoco.exec
[INFO]
[INFO] --- resources:3.3.0:resources (default-resources) @ arex-third-party ---
[INFO] skip non existing resourceDirectory arex-third-party/src/main/resources
[INFO]
[INFO] --- flatten:1.4.1:flatten (flatten) @ arex-third-party ---
[INFO] Generating flattened POM of project io.arex:arex-third-party:jar:0.3.4...
[INFO]
[INFO] --- compiler:3.8.1:compile (default-compile) @ arex-third-party ---
[INFO] Changes detected - recompiling the module!
[INFO] Compiling 11 source files to arex-third-party/target/classes
[INFO] arex-third-party/src/main/java/io/arex/agent/thirdparty/util/time/FastDatePrinter.java: arex-third-party/src/main/java/io/arex/agent/thirdparty/util/time/FastDatePrinter.java uses or overrides a deprecated API.
[INFO] arex-third-party/src/main/java/io/arex/agent/thirdparty/util/time/FastDatePrinter.java: Recompile with -Xlint:deprecation for details.
[INFO]
[INFO] --- resources:3.3.0:testResources (default-testResources) @ arex-third-party ---
[INFO] skip non existing resourceDirectory arex-third-party/src/test/resources
[INFO]
[INFO] --- compiler:3.8.1:testCompile (default-testCompile) @ arex-third-party ---
[INFO] No sources to compile
[INFO]
[INFO] --- surefire:2.22.2:test (default-test) @ arex-third-party ---
[INFO] No tests to run.
[INFO]
[INFO] --- jacoco:0.8.8:report (report) @ arex-third-party ---
[INFO] Skipping JaCoCo execution due to missing execution data file.
[INFO]
[INFO] --------------------< io.arex:arex-agent-bootstrap >--------------------
[INFO] Building arex-agent-bootstrap 0.3.4                               [3/43]
[INFO]   from arex-agent-bootstrap/pom.xml
[INFO] --------------------------------[ jar ]---------------------------------
[INFO]
[INFO] --- clean:3.2.0:clean (default-clean) @ arex-agent-bootstrap ---
[INFO]
[INFO] --- flatten:1.4.1:clean (flatten.clean) @ arex-agent-bootstrap ---
[INFO]
[INFO] --- jacoco:0.8.8:prepare-agent (default) @ arex-agent-bootstrap ---
[INFO] argLine set to -javaagent:/root/.m2/repository/org/jacoco/org.jacoco.agent/0.8.8/org.jacoco.agent-0.8.8-runtime.jar=destfile=/arex-agent-java/arex-agent-bootstrap/target/jacoco.exec
[INFO]
[INFO] --- resources:3.3.0:resources (default-resources) @ arex-agent-bootstrap ---
[INFO] skip non existing resourceDirectory arex-agent-bootstrap/src/main/resources
[INFO]
[INFO] --- flatten:1.4.1:flatten (flatten) @ arex-agent-bootstrap ---
[INFO] Generating flattened POM of project io.arex:arex-agent-bootstrap:jar:0.3.4...
[INFO]
[INFO] --- compiler:3.8.1:compile (default-compile) @ arex-agent-bootstrap ---
[INFO] Changes detected - recompiling the module!
[INFO] Compiling 30 source files to arex-agent-bootstrap/target/classes
[INFO] arex-agent-bootstrap/src/main/java/io/arex/agent/bootstrap/AgentClassLoader.java: arex-agent-bootstrap/src/main/java/io/arex/agent/bootstrap/AgentClassLoader.java uses or overrides a deprecated API.
[INFO] arex-agent-bootstrap/src/main/java/io/arex/agent/bootstrap/AgentClassLoader.java: Recompile with -Xlint:deprecation for details.
[INFO] arex-agent-bootstrap/src/main/java/io/arex/agent/bootstrap/internal/TrieCache.java: arex-agent-bootstrap/src/main/java/io/arex/agent/bootstrap/internal/TrieCache.java uses unchecked or unsafe operations.
[INFO] arex-agent-bootstrap/src/main/java/io/arex/agent/bootstrap/internal/TrieCache.java: Recompile with -Xlint:unchecked for details.
[INFO]
[INFO] --- resources:3.3.0:testResources (default-testResources) @ arex-agent-bootstrap ---
[INFO] skip non existing resourceDirectory arex-agent-bootstrap/src/test/resources
[INFO]
[INFO] --- compiler:3.8.1:testCompile (default-testCompile) @ arex-agent-bootstrap ---
[INFO] Changes detected - recompiling the module!
[INFO] Compiling 16 source files to arex-agent-bootstrap/target/test-classes
[INFO]
[INFO] --- surefire:2.22.2:test (default-test) @ arex-agent-bootstrap ---
[INFO]
[INFO] -------------------------------------------------------
[INFO]  T E S T S
[INFO] -------------------------------------------------------
[INFO] Running io.arex.agent.bootstrap.util.ConcurrentCacheTest
cache computed key: key0, value: value0
cache computed key: key4, value: value4
cache computed key: key1, value: value1
cache computed key: key3, value: value3
cache computed key: key2, value: value2
cache get1 key: key0, value: value0
cache get1 key: key1, value: value1
cache get1 key: key2, value: value2
cache get1 key: key3, value: value3
cache get1 key: key4, value: value4
longterm: {key1=value1}
eden: {key1=value1, key2=value2, key0=value0, key3=value3, key4=value4}
[INFO] Tests run: 1, Failures: 0, Errors: 0, Skipped: 0, Time elapsed: 1.088 s - in io.arex.agent.bootstrap.util.ConcurrentCacheTest
[INFO] Running io.arex.agent.bootstrap.util.NumberUtilTest
[INFO] Tests run: 3, Failures: 0, Errors: 0, Skipped: 0, Time elapsed: 0.075 s - in io.arex.agent.bootstrap.util.NumberUtilTest
[INFO] Running io.arex.agent.bootstrap.util.ConcurrentHashSetTest
[INFO] Tests run: 3, Failures: 0, Errors: 0, Skipped: 0, Time elapsed: 1.016 s - in io.arex.agent.bootstrap.util.ConcurrentHashSetTest
[INFO] Running io.arex.agent.bootstrap.util.ArrayUtilsTest
[INFO] Tests run: 6, Failures: 0, Errors: 0, Skipped: 0, Time elapsed: 0.011 s - in io.arex.agent.bootstrap.util.ArrayUtilsTest
[INFO] Running io.arex.agent.bootstrap.util.CollectionUtilTest
[INFO] Tests run: 4, Failures: 0, Errors: 0, Skipped: 0, Time elapsed: 0.002 s - in io.arex.agent.bootstrap.util.CollectionUtilTest
[INFO] Running io.arex.agent.bootstrap.util.AdviceClassesCollectorTest
[INFO] Tests run: 5, Failures: 0, Errors: 0, Skipped: 0, Time elapsed: 0.995 s - in io.arex.agent.bootstrap.util.AdviceClassesCollectorTest
[INFO] Running io.arex.agent.bootstrap.util.StringUtilTest
[INFO] Tests run: 33, Failures: 0, Errors: 0, Skipped: 0, Time elapsed: 0.043 s - in io.arex.agent.bootstrap.util.StringUtilTest
[INFO] Running io.arex.agent.bootstrap.ctx.TraceTransmitterTest
[INFO] Tests run: 3, Failures: 0, Errors: 0, Skipped: 0, Time elapsed: 0.058 s - in io.arex.agent.bootstrap.ctx.TraceTransmitterTest
[INFO] Running io.arex.agent.bootstrap.ctx.ArexThreadLocalTest
[INFO] Tests run: 3, Failures: 0, Errors: 0, Skipped: 0, Time elapsed: 0.004 s - in io.arex.agent.bootstrap.ctx.ArexThreadLocalTest
[INFO] Running io.arex.agent.bootstrap.ctx.CallableWrapperTest
[INFO] Tests run: 1, Failures: 0, Errors: 0, Skipped: 0, Time elapsed: 0 s - in io.arex.agent.bootstrap.ctx.CallableWrapperTest
[INFO] Running io.arex.agent.bootstrap.ctx.RunnableWrapperTest
[INFO] Tests run: 1, Failures: 0, Errors: 0, Skipped: 0, Time elapsed: 0 s - in io.arex.agent.bootstrap.ctx.RunnableWrapperTest
[INFO] Running io.arex.agent.bootstrap.AgentInitializerTest
[INFO] Tests run: 2, Failures: 0, Errors: 0, Skipped: 0, Time elapsed: 0.263 s - in io.arex.agent.bootstrap.AgentInitializerTest
[INFO] Running io.arex.agent.bootstrap.cache.LoadedModuleCacheTest
[INFO] Tests run: 2, Failures: 0, Errors: 0, Skipped: 0, Time elapsed: 0.004 s - in io.arex.agent.bootstrap.cache.LoadedModuleCacheTest
[INFO] Running io.arex.agent.bootstrap.internal.WeakCacheTest
[INFO] Tests run: 3, Failures: 0, Errors: 0, Skipped: 0, Time elapsed: 0.224 s - in io.arex.agent.bootstrap.internal.WeakCacheTest
[INFO]
[INFO] Results:
[INFO]
[INFO] Tests run: 70, Failures: 0, Errors: 0, Skipped: 0
[INFO]
[INFO]
[INFO] --- jacoco:0.8.8:report (report) @ arex-agent-bootstrap ---
[INFO] Loading execution data file arex-agent-bootstrap/target/jacoco.exec
[INFO] Analyzed bundle 'arex-agent-bootstrap' with 43 classes
[INFO]
[INFO] ------------------< io.arex:arex-instrumentation-api >------------------
[INFO] Building arex-instrumentation-api 0.3.4                           [4/43]
[INFO]   from arex-instrumentation-api/pom.xml
[INFO] --------------------------------[ jar ]---------------------------------
[INFO]
[INFO] --- clean:3.2.0:clean (default-clean) @ arex-instrumentation-api ---
[INFO]
[INFO] --- flatten:1.4.1:clean (flatten.clean) @ arex-instrumentation-api ---
[INFO]
[INFO] --- jacoco:0.8.8:prepare-agent (default) @ arex-instrumentation-api ---
[INFO] argLine set to -javaagent:/root/.m2/repository/org/jacoco/org.jacoco.agent/0.8.8/org.jacoco.agent-0.8.8-runtime.jar=destfile=/arex-agent-java/arex-instrumentation-api/target/jacoco.exec
[INFO]
[INFO] --- resources:3.3.0:resources (default-resources) @ arex-instrumentation-api ---
[INFO] skip non existing resourceDirectory arex-instrumentation-api/src/main/resources
[INFO]
[INFO] --- flatten:1.4.1:flatten (flatten) @ arex-instrumentation-api ---
[INFO] Generating flattened POM of project io.arex:arex-instrumentation-api:jar:0.3.4...
[INFO]
[INFO] --- compiler:3.8.1:compile (default-compile) @ arex-instrumentation-api ---
[INFO] Changes detected - recompiling the module!
[INFO] Compiling 35 source files to arex-instrumentation-api/target/classes
[WARNING] arex-instrumentation-api/src/main/java/io/arex/inst/runtime/util/TypeUtil.java:[19,46] sun.reflect.generics.reflectiveObjects.ParameterizedTypeImpl is internal proprietary API and may be removed in a future release
[WARNING] arex-instrumentation-api/src/main/java/io/arex/inst/runtime/util/TypeUtil.java:[19,46] sun.reflect.generics.reflectiveObjects.ParameterizedTypeImpl is internal proprietary API and may be removed in a future release
[WARNING] arex-instrumentation-api/src/main/java/io/arex/inst/runtime/util/TypeUtil.java:[19,46] sun.reflect.generics.reflectiveObjects.ParameterizedTypeImpl is internal proprietary API and may be removed in a future release
[WARNING] arex-instrumentation-api/src/main/java/io/arex/inst/runtime/util/TypeUtil.java:[58,27] sun.reflect.generics.reflectiveObjects.ParameterizedTypeImpl is internal proprietary API and may be removed in a future release
[WARNING] arex-instrumentation-api/src/main/java/io/arex/inst/runtime/util/TypeUtil.java:[58,69] sun.reflect.generics.reflectiveObjects.ParameterizedTypeImpl is internal proprietary API and may be removed in a future release
[WARNING] arex-instrumentation-api/src/main/java/io/arex/inst/runtime/util/TypeUtil.java:[66,21] sun.reflect.generics.reflectiveObjects.ParameterizedTypeImpl is internal proprietary API and may be removed in a future release
[WARNING] arex-instrumentation-api/src/main/java/io/arex/inst/runtime/util/TypeUtil.java:[66,63] sun.reflect.generics.reflectiveObjects.ParameterizedTypeImpl is internal proprietary API and may be removed in a future release
[INFO] arex-instrumentation-api/src/main/java/io/arex/inst/runtime/serializer/Serializer.java: arex-instrumentation-api/src/main/java/io/arex/inst/runtime/serializer/Serializer.java uses unchecked or unsafe operations.
[INFO] arex-instrumentation-api/src/main/java/io/arex/inst/runtime/serializer/Serializer.java: Recompile with -Xlint:unchecked for details.
[INFO]
[INFO] --- resources:3.3.0:testResources (default-testResources) @ arex-instrumentation-api ---
[INFO] skip non existing resourceDirectory arex-instrumentation-api/src/test/resources
[INFO]
[INFO] --- compiler:3.8.1:testCompile (default-testCompile) @ arex-instrumentation-api ---
[INFO] Changes detected - recompiling the module!
[INFO] Compiling 13 source files to arex-instrumentation-api/target/test-classes
[WARNING] arex-instrumentation-api/src/test/java/io/arex/inst/runtime/util/TypeUtilTest.java:[29,46] sun.reflect.generics.reflectiveObjects.ParameterizedTypeImpl is internal proprietary API and may be removed in a future release
[WARNING] arex-instrumentation-api/src/test/java/io/arex/inst/runtime/util/TypeUtilTest.java:[29,46] sun.reflect.generics.reflectiveObjects.ParameterizedTypeImpl is internal proprietary API and may be removed in a future release
[WARNING] arex-instrumentation-api/src/test/java/io/arex/inst/runtime/util/TypeUtilTest.java:[29,46] sun.reflect.generics.reflectiveObjects.ParameterizedTypeImpl is internal proprietary API and may be removed in a future release
[WARNING] arex-instrumentation-api/src/test/java/io/arex/inst/runtime/util/TypeUtilTest.java:[60,23] sun.reflect.generics.reflectiveObjects.ParameterizedTypeImpl is internal proprietary API and may be removed in a future release
[WARNING] arex-instrumentation-api/src/test/java/io/arex/inst/runtime/util/TypeUtilTest.java:[102,45] sun.reflect.generics.reflectiveObjects.ParameterizedTypeImpl is internal proprietary API and may be removed in a future release
[INFO] arex-instrumentation-api/src/test/java/io/arex/inst/runtime/config/listener/SerializeSkipInfoListenerTest.java: arex-instrumentation-api/src/test/java/io/arex/inst/runtime/config/listener/SerializeSkipInfoListenerTest.java uses unchecked or unsafe operations.
[INFO] arex-instrumentation-api/src/test/java/io/arex/inst/runtime/config/listener/SerializeSkipInfoListenerTest.java: Recompile with -Xlint:unchecked for details.
[INFO]
[INFO] --- surefire:2.22.2:test (default-test) @ arex-instrumentation-api ---
[INFO]
[INFO] -------------------------------------------------------
[INFO]  T E S T S
[INFO] -------------------------------------------------------
[INFO] Running io.arex.inst.extension.matcher.HasClassNameMatcherTest
[INFO] Tests run: 2, Failures: 0, Errors: 0, Skipped: 0, Time elapsed: 0.037 s - in io.arex.inst.extension.matcher.HasClassNameMatcherTest
[INFO] Running io.arex.inst.extension.matcher.ModuleVersionMatcherTest
[INFO] Tests run: 2, Failures: 0, Errors: 0, Skipped: 0, Time elapsed: 0.01 s - in io.arex.inst.extension.matcher.ModuleVersionMatcherTest
[INFO] Running io.arex.inst.extension.matcher.IgnoredTypesMatcherTest
[INFO] Tests run: 1, Failures: 0, Errors: 0, Skipped: 0, Time elapsed: 0.055 s - in io.arex.inst.extension.matcher.IgnoredTypesMatcherTest
[INFO] Running io.arex.inst.extension.matcher.IgnoreClassloaderMatcherTest
[INFO] Tests run: 1, Failures: 0, Errors: 0, Skipped: 0, Time elapsed: 0 s - in io.arex.inst.extension.matcher.IgnoreClassloaderMatcherTest
[INFO] Running io.arex.inst.runtime.util.IgnoreUtilsTest
[INFO] Tests run: 12, Failures: 0, Errors: 0, Skipped: 0, Time elapsed: 1.096 s - in io.arex.inst.runtime.util.IgnoreUtilsTest
[INFO] Running io.arex.inst.runtime.util.TypeUtilTest
[INFO] Tests run: 26, Failures: 0, Errors: 0, Skipped: 0, Time elapsed: 0.148 s - in io.arex.inst.runtime.util.TypeUtilTest
[INFO] Running io.arex.inst.runtime.model.DynamicClassEntityTest
[INFO] Tests run: 2, Failures: 0, Errors: 0, Skipped: 0, Time elapsed: 0.008 s - in io.arex.inst.runtime.model.DynamicClassEntityTest
[INFO] Running io.arex.inst.runtime.model.SerializeSkipInfoTest
[INFO] Tests run: 6, Failures: 0, Errors: 0, Skipped: 0, Time elapsed: 0.004 s - in io.arex.inst.runtime.model.SerializeSkipInfoTest
[INFO] Running io.arex.inst.runtime.config.ConfigTest
[INFO] Tests run: 6, Failures: 0, Errors: 0, Skipped: 0, Time elapsed: 0.007 s - in io.arex.inst.runtime.config.ConfigTest
[INFO] Running io.arex.inst.runtime.config.listener.SerializeSkipInfoListenerTest
[INFO] Tests run: 1, Failures: 0, Errors: 0, Skipped: 0, Time elapsed: 0.005 s - in io.arex.inst.runtime.config.listener.SerializeSkipInfoListenerTest
[INFO] Running io.arex.inst.runtime.context.ResourceManagerTest
[INFO] Tests run: 1, Failures: 0, Errors: 0, Skipped: 0, Time elapsed: 0 s - in io.arex.inst.runtime.context.ResourceManagerTest
[INFO] Running io.arex.inst.runtime.context.RecordLimiterTest
[INFO] Tests run: 1, Failures: 0, Errors: 0, Skipped: 0, Time elapsed: 0 s - in io.arex.inst.runtime.context.RecordLimiterTest
[INFO] Running io.arex.inst.runtime.context.ContextManagerTest
[INFO] Tests run: 4, Failures: 0, Errors: 0, Skipped: 0, Time elapsed: 0.05 s - in io.arex.inst.runtime.context.ContextManagerTest
[INFO]
[INFO] Results:
[INFO]
[INFO] Tests run: 65, Failures: 0, Errors: 0, Skipped: 0
[INFO]
[INFO]
[INFO] --- jacoco:0.8.8:report (report) @ arex-instrumentation-api ---
[INFO] Loading execution data file arex-instrumentation-api/target/jacoco.exec
[INFO] Analyzed bundle 'arex-instrumentation-api' with 36 classes
[INFO]
[INFO] --------------< io.arex:arex-instrumentation-foundation >---------------
[INFO] Building arex-instrumentation-foundation 0.3.4                    [5/43]
[INFO]   from arex-instrumentation-foundation/pom.xml
[INFO] --------------------------------[ jar ]---------------------------------
[INFO]
[INFO] --- clean:3.2.0:clean (default-clean) @ arex-instrumentation-foundation ---
[INFO]
[INFO] --- flatten:1.4.1:clean (flatten.clean) @ arex-instrumentation-foundation ---
[INFO]
[INFO] --- jacoco:0.8.8:prepare-agent (default) @ arex-instrumentation-foundation ---
[INFO] argLine set to -javaagent:/root/.m2/repository/org/jacoco/org.jacoco.agent/0.8.8/org.jacoco.agent-0.8.8-runtime.jar=destfile=/arex-agent-java/arex-instrumentation-foundation/target/jacoco.exec
[INFO]
[INFO] --- resources:3.3.0:resources (default-resources) @ arex-instrumentation-foundation ---
[INFO] skip non existing resourceDirectory arex-instrumentation-foundation/src/main/resources
[INFO]
[INFO] --- flatten:1.4.1:flatten (flatten) @ arex-instrumentation-foundation ---
[INFO] Generating flattened POM of project io.arex:arex-instrumentation-foundation:jar:0.3.4...
[INFO]
[INFO] --- compiler:3.8.1:compile (default-compile) @ arex-instrumentation-foundation ---
[INFO] Changes detected - recompiling the module!
[INFO] Compiling 24 source files to arex-instrumentation-foundation/target/classes
[INFO] arex-instrumentation-foundation/src/main/java/io/arex/foundation/services/ConfigService.java: Some input files use or override a deprecated API.
[INFO] arex-instrumentation-foundation/src/main/java/io/arex/foundation/services/ConfigService.java: Recompile with -Xlint:deprecation for details.
[INFO]
[INFO] --- resources:3.3.0:testResources (default-testResources) @ arex-instrumentation-foundation ---
[INFO] Copying 1 resource
[INFO]
[INFO] --- compiler:3.8.1:testCompile (default-testCompile) @ arex-instrumentation-foundation ---
[INFO] Changes detected - recompiling the module!
[INFO] Compiling 10 source files to arex-instrumentation-foundation/target/test-classes
[INFO]
[INFO] --- surefire:2.22.2:test (default-test) @ arex-instrumentation-foundation ---
[INFO]
[INFO] -------------------------------------------------------
[INFO]  T E S T S
[INFO] -------------------------------------------------------
[INFO] Running io.arex.foundation.services.IgnoreServiceTest
[INFO] Tests run: 6, Failures: 0, Errors: 0, Skipped: 0, Time elapsed: 1.333 s - in io.arex.foundation.services.IgnoreServiceTest
[INFO] Running io.arex.foundation.services.ConfigServiceTest
[INFO] Tests run: 1, Failures: 0, Errors: 0, Skipped: 0, Time elapsed: 1.032 s - in io.arex.foundation.services.ConfigServiceTest
[INFO] Running io.arex.foundation.util.JdkUtilsTest
[INFO] Tests run: 2, Failures: 0, Errors: 0, Skipped: 0, Time elapsed: 0 s - in io.arex.foundation.util.JdkUtilsTest
[INFO] Running io.arex.foundation.util.AsyncHttpClientUtilTest
[INFO] Tests run: 3, Failures: 0, Errors: 0, Skipped: 0, Time elapsed: 0.449 s - in io.arex.foundation.util.AsyncHttpClientUtilTest
[INFO] Running io.arex.foundation.serializer.JacksonSerializerTest
{"localDateTime":"2023-08-05 18:44:25.210503000","localDate":"2023-08-05","localTime":"18:44:25.210583000","gregorianCalendar":"2023-08-05T17:44:25.210-01:00","calendar":"2023-08-05T17:44:25.210-01:00","xmlGregorianCalendar":"2023-08-05T17:44:25.210-01:00","date":"2023-08-05 18:44:25.230","timestamp":"2023-08-05 18:44:25.230","instant":"2023-08-05T18:44:25.230662Z"}
{"localDateTime":"2023-08-05 18:44:25.210503000","localDate":"2023-08-05","localTime":"18:44:25.210583000","gregorianCalendar":"2023-08-05T17:44:25.210-01:00","calendar":"2023-08-05T17:44:25.210-01:00","xmlGregorianCalendar":"2023-08-05T17:44:25.210-01:00","date":"2023-08-05 18:44:25.230","timestamp":"2023-08-05 18:44:25.230","instant":"2023-08-05T18:44:25.230662Z"}
{"localDateTime":"2023-08-05 18:44:25.210503000","localDate":"2023-08-05","localTime":"18:44:25.210583000","gregorianCalendar":"2023-08-05T17:44:25.210-01:00","calendar":"2023-08-05T17:44:25.210-01:00","xmlGregorianCalendar":"2023-08-05T17:44:25.210-01:00","date":"2023-08-05 18:44:25.230","timestamp":"2023-08-05 18:44:25.230","instant":"2023-08-05T18:44:25.230662Z"}
"2023-08-05 18:44:26.326"
"2023-08-05 18:44:26.339"
[INFO] Tests run: 6, Failures: 0, Errors: 0, Skipped: 0, Time elapsed: 1.19 s - in io.arex.foundation.serializer.JacksonSerializerTest
[INFO] Running io.arex.foundation.serializer.SerializerTest
[INFO] Tests run: 2, Failures: 0, Errors: 0, Skipped: 0, Time elapsed: 0.011 s - in io.arex.foundation.serializer.SerializerTest
[INFO] Running io.arex.foundation.serializer.GsonSerializerTest
{"localDateTime":"2023-08-05 18:44:26.368192000","localDate":"2023-08-05","localTime":"18:44:26.368241000","gregorianCalendar":"2023-08-05T17:44:26.368-01:00","calendar":"2023-08-05T17:44:26.368-01:00","xmlGregorianCalendar":"2023-08-05T17:44:26.368-01:00","date":"2023-08-05 18:44:26.368","timestamp":"2023-08-05 18:44:26.368","instant":"2023-08-05T18:44:26.368748Z"}
{"localDateTime":"2023-08-05 18:44:26.368192000","localDate":"2023-08-05","localTime":"18:44:26.368241000","gregorianCalendar":"2023-08-05T17:44:26.368-01:00","calendar":"2023-08-05T17:44:26.368-01:00","xmlGregorianCalendar":"2023-08-05T17:44:26.368-01:00","date":"2023-08-05 18:44:26.368","timestamp":"2023-08-05 18:44:26.368","instant":"2023-08-05T18:44:26.368748Z"}
{"localDateTime":"2023-08-05 18:44:26.368192000","localDate":"2023-08-05","localTime":"18:44:26.368241000","gregorianCalendar":"2023-08-05T17:44:26.368-01:00","calendar":"2023-08-05T17:44:26.368-01:00","xmlGregorianCalendar":"2023-08-05T17:44:26.368-01:00","date":"2023-08-05 18:44:26.368","timestamp":"2023-08-05 18:44:26.368","instant":"2023-08-05T18:44:26.368748Z"}
"2023-08-05 18:44:27.477"
"2023-08-05 18:44:27.478"
[INFO] Tests run: 3, Failures: 0, Errors: 0, Skipped: 0, Time elapsed: 1.111 s - in io.arex.foundation.serializer.GsonSerializerTest
[INFO] Running io.arex.foundation.healthy.HealthManagerTest
[INFO] Tests run: 3, Failures: 0, Errors: 0, Skipped: 0, Time elapsed: 0.062 s - in io.arex.foundation.healthy.HealthManagerTest
[INFO] Running io.arex.foundation.config.ConfigManagerTest
current dynamic class as follows:
clazzName: ClassA, methodName: MethodA
clazzName: ClassA, methodName: MethodB
clazzName: ClassA, methodName: MethodC
clazzName: ClassB, methodName: MethodA
clazzName: ClassC, methodName: MethodA
new dynamic class as follows:
clazzName: ClassA, methodName: MethodB
clazzName: ClassA, methodName: MethodC
clazzName: ClassA, methodName: MethodD
clazzName: ClassC, methodName: MethodA
clazzName: ClassD, methodName: MethodA
after set current dynamic class status as follows:
clazzName: ClassA, methodName: MethodA, status: RESET
clazzName: ClassA, methodName: MethodB, status: RETRANSFORM
clazzName: ClassA, methodName: MethodC, status: RETRANSFORM
clazzName: ClassB, methodName: MethodA, status: RESET
clazzName: ClassC, methodName: MethodA, status: UNCHANGED
clazzName: ClassA, methodName: MethodD, status: RETRANSFORM
clazzName: ClassD, methodName: MethodA, status: RETRANSFORM
[INFO] Tests run: 11, Failures: 0, Errors: 0, Skipped: 0, Time elapsed: 0.015 s - in io.arex.foundation.config.ConfigManagerTest
[INFO]
[INFO] Results:
[INFO]
[INFO] Tests run: 37, Failures: 0, Errors: 0, Skipped: 0
[INFO]
[INFO]
[INFO] --- jacoco:0.8.8:report (report) @ arex-instrumentation-foundation ---
[INFO] Loading execution data file arex-instrumentation-foundation/target/jacoco.exec
[INFO] Analyzed bundle 'arex-instrumentation-foundation' with 65 classes
[INFO]
[INFO] ----------------------< io.arex:arex-agent-core >-----------------------
[INFO] Building arex-agent-core 0.3.4                                    [6/43]
[INFO]   from arex-agent-core/pom.xml
[INFO] --------------------------------[ jar ]---------------------------------
[INFO]
[INFO] --- clean:3.2.0:clean (default-clean) @ arex-agent-core ---
[INFO]
[INFO] --- flatten:1.4.1:clean (flatten.clean) @ arex-agent-core ---
[INFO]
[INFO] --- jacoco:0.8.8:prepare-agent (default) @ arex-agent-core ---
[INFO] argLine set to -javaagent:/root/.m2/repository/org/jacoco/org.jacoco.agent/0.8.8/org.jacoco.agent-0.8.8-runtime.jar=destfile=/arex-agent-java/arex-agent-core/target/jacoco.exec
[INFO]
[INFO] --- resources:3.3.0:resources (default-resources) @ arex-agent-core ---
[INFO] skip non existing resourceDirectory arex-agent-core/src/main/resources
[INFO]
[INFO] --- flatten:1.4.1:flatten (flatten) @ arex-agent-core ---
[INFO] Generating flattened POM of project io.arex:arex-agent-core:jar:0.3.4...
[INFO]
[INFO] --- compiler:3.8.1:compile (default-compile) @ arex-agent-core ---
[INFO] Changes detected - recompiling the module!
[INFO] Compiling 3 source files to arex-agent-core/target/classes
[INFO]
[INFO] --- resources:3.3.0:testResources (default-testResources) @ arex-agent-core ---
[INFO] skip non existing resourceDirectory arex-agent-core/src/test/resources
[INFO]
[INFO] --- compiler:3.8.1:testCompile (default-testCompile) @ arex-agent-core ---
[INFO] Changes detected - recompiling the module!
[INFO] Compiling 2 source files to arex-agent-core/target/test-classes
[INFO]
[INFO] --- surefire:2.22.2:test (default-test) @ arex-agent-core ---
[INFO]
[INFO] -------------------------------------------------------
[INFO]  T E S T S
[INFO] -------------------------------------------------------
[INFO] Running io.arex.agent.instrumentation.BaseAgentInstallerTest
[INFO] Tests run: 1, Failures: 0, Errors: 0, Skipped: 0, Time elapsed: 2.105 s - in io.arex.agent.instrumentation.BaseAgentInstallerTest
[INFO] Running io.arex.agent.instrumentation.InstrumentationInstallerTest
[INFO] Tests run: 6, Failures: 0, Errors: 0, Skipped: 0, Time elapsed: 1.502 s - in io.arex.agent.instrumentation.InstrumentationInstallerTest
[INFO]
[INFO] Results:
[INFO]
[INFO] Tests run: 7, Failures: 0, Errors: 0, Skipped: 0
[INFO]
[INFO]
[INFO] --- jacoco:0.8.8:report (report) @ arex-agent-core ---
[INFO] Loading execution data file arex-agent-core/target/jacoco.exec
[INFO] Analyzed bundle 'arex-agent-core' with 3 classes
[INFO]
[INFO] ----------------< io.arex:arex-instrumentation-parent >-----------------
[INFO] Building arex-instrumentation-parent 0.3.4                        [7/43]
[INFO]   from arex-instrumentation/pom.xml
[INFO] --------------------------------[ pom ]---------------------------------
[INFO]
[INFO] --- clean:3.2.0:clean (default-clean) @ arex-instrumentation-parent ---
[INFO]
[INFO] --- flatten:1.4.1:clean (flatten.clean) @ arex-instrumentation-parent ---
[INFO]
[INFO] --- jacoco:0.8.8:prepare-agent (default) @ arex-instrumentation-parent ---
[INFO] argLine set to -javaagent:/root/.m2/repository/org/jacoco/org.jacoco.agent/0.8.8/org.jacoco.agent-0.8.8-runtime.jar=destfile=/arex-agent-java/arex-instrumentation/target/jacoco.exec
[INFO]
[INFO] --- flatten:1.4.1:flatten (flatten) @ arex-instrumentation-parent ---
[INFO] Generating flattened POM of project io.arex:arex-instrumentation-parent:pom:0.3.4...
[INFO]
[INFO] --- jacoco:0.8.8:report (report) @ arex-instrumentation-parent ---
[INFO] Skipping JaCoCo execution due to missing execution data file.
[INFO]
[INFO] -----------------------< io.arex:arex-executors >-----------------------
[INFO] Building arex-executors 0.3.4                                     [8/43]
[INFO]   from arex-instrumentation/internal/arex-executors/pom.xml
[INFO] --------------------------------[ jar ]---------------------------------
[INFO]
[INFO] --- clean:3.2.0:clean (default-clean) @ arex-executors ---
[INFO]
[INFO] --- flatten:1.4.1:clean (flatten.clean) @ arex-executors ---
[INFO]
[INFO] --- jacoco:0.8.8:prepare-agent (default) @ arex-executors ---
[INFO] argLine set to -javaagent:/root/.m2/repository/org/jacoco/org.jacoco.agent/0.8.8/org.jacoco.agent-0.8.8-runtime.jar=destfile=/arex-agent-java/arex-instrumentation/internal/arex-executors/target/jacoco.exec
[INFO]
[INFO] --- resources:3.3.0:resources (default-resources) @ arex-executors ---
[INFO] skip non existing resourceDirectory arex-instrumentation/internal/arex-executors/src/main/resources
[INFO]
[INFO] --- flatten:1.4.1:flatten (flatten) @ arex-executors ---
[INFO] Generating flattened POM of project io.arex:arex-executors:jar:0.3.4...
[INFO]
[INFO] --- compiler:3.8.1:compile (default-compile) @ arex-executors ---
[INFO] Changes detected - recompiling the module!
[INFO] Compiling 6 source files to arex-instrumentation/internal/arex-executors/target/classes
[INFO] arex-instrumentation/internal/arex-executors/src/main/java/io/arex/inst/executors/ThreadPoolInstrumentation.java: arex-instrumentation/internal/arex-executors/src/main/java/io/arex/inst/executors/ThreadPoolInstrumentation.java uses unchecked or unsafe operations.
[INFO] arex-instrumentation/internal/arex-executors/src/main/java/io/arex/inst/executors/ThreadPoolInstrumentation.java: Recompile with -Xlint:unchecked for details.
[INFO]
[INFO] --- resources:3.3.0:testResources (default-testResources) @ arex-executors ---
[INFO] skip non existing resourceDirectory arex-instrumentation/internal/arex-executors/src/test/resources
[INFO]
[INFO] --- compiler:3.8.1:testCompile (default-testCompile) @ arex-executors ---
[INFO] Changes detected - recompiling the module!
[INFO] Compiling 6 source files to arex-instrumentation/internal/arex-executors/target/test-classes
[INFO]
[INFO] --- surefire:2.22.2:test (default-test) @ arex-executors ---
[INFO]
[INFO] -------------------------------------------------------
[INFO]  T E S T S
[INFO] -------------------------------------------------------
[INFO] Running io.arex.inst.executors.FutureTaskInstrumentationTest
[INFO] Tests run: 4, Failures: 0, Errors: 0, Skipped: 0, Time elapsed: 0.122 s - in io.arex.inst.executors.FutureTaskInstrumentationTest
[INFO] Running io.arex.inst.executors.ThreadInstrumentationTest
[INFO] Tests run: 3, Failures: 0, Errors: 0, Skipped: 0, Time elapsed: 0.971 s - in io.arex.inst.executors.ThreadInstrumentationTest
[INFO] Running io.arex.inst.executors.ExecutorsModuleInstrumentationTest
[INFO] Tests run: 1, Failures: 0, Errors: 0, Skipped: 0, Time elapsed: 0.003 s - in io.arex.inst.executors.ExecutorsModuleInstrumentationTest
[INFO] Running io.arex.inst.executors.ThreadPoolInstrumentationTest
[INFO] Tests run: 4, Failures: 0, Errors: 0, Skipped: 0, Time elapsed: 0.006 s - in io.arex.inst.executors.ThreadPoolInstrumentationTest
[INFO] Running io.arex.inst.executors.ForkJoinTaskInstrumentationTest
[INFO] Tests run: 5, Failures: 0, Errors: 0, Skipped: 0, Time elapsed: 0.015 s - in io.arex.inst.executors.ForkJoinTaskInstrumentationTest
[INFO] Running io.arex.inst.executors.ForkJoinTaskConstructorInstrumentationTest
[INFO] Tests run: 3, Failures: 0, Errors: 0, Skipped: 0, Time elapsed: 0.091 s - in io.arex.inst.executors.ForkJoinTaskConstructorInstrumentationTest
[INFO]
[INFO] Results:
[INFO]
[INFO] Tests run: 20, Failures: 0, Errors: 0, Skipped: 0
[INFO]
[INFO]
[INFO] --- jacoco:0.8.8:report (report) @ arex-executors ---
[INFO] Loading execution data file arex-instrumentation/internal/arex-executors/target/jacoco.exec
[INFO] Analyzed bundle 'arex-executors' with 13 classes
[INFO]
[INFO] ------------------------< io.arex:arex-loader >-------------------------
[INFO] Building arex-loader 0.3.4                                        [9/43]
[INFO]   from arex-instrumentation/internal/arex-loader/pom.xml
[INFO] --------------------------------[ jar ]---------------------------------
[INFO]
[INFO] --- clean:3.2.0:clean (default-clean) @ arex-loader ---
[INFO]
[INFO] --- flatten:1.4.1:clean (flatten.clean) @ arex-loader ---
[INFO]
[INFO] --- jacoco:0.8.8:prepare-agent (default) @ arex-loader ---
[INFO] argLine set to -javaagent:/root/.m2/repository/org/jacoco/org.jacoco.agent/0.8.8/org.jacoco.agent-0.8.8-runtime.jar=destfile=/arex-agent-java/arex-instrumentation/internal/arex-loader/target/jacoco.exec
[INFO]
[INFO] --- resources:3.3.0:resources (default-resources) @ arex-loader ---
[INFO] skip non existing resourceDirectory arex-instrumentation/internal/arex-loader/src/main/resources
[INFO]
[INFO] --- flatten:1.4.1:flatten (flatten) @ arex-loader ---
[INFO] Generating flattened POM of project io.arex:arex-loader:jar:0.3.4...
[INFO]
[INFO] --- compiler:3.8.1:compile (default-compile) @ arex-loader ---
[INFO] Changes detected - recompiling the module!
[INFO] Compiling 2 source files to arex-instrumentation/internal/arex-loader/target/classes
[INFO]
[INFO] --- resources:3.3.0:testResources (default-testResources) @ arex-loader ---
[INFO] skip non existing resourceDirectory arex-instrumentation/internal/arex-loader/src/test/resources
[INFO]
[INFO] --- compiler:3.8.1:testCompile (default-testCompile) @ arex-loader ---
[INFO] Changes detected - recompiling the module!
[INFO] Compiling 1 source file to arex-instrumentation/internal/arex-loader/target/test-classes
[INFO]
[INFO] --- surefire:2.22.2:test (default-test) @ arex-loader ---
[INFO]
[INFO] -------------------------------------------------------
[INFO]  T E S T S
[INFO] -------------------------------------------------------
[INFO] Running io.arex.inst.loader.InjectClassInstrumentationTest
[INFO] Tests run: 4, Failures: 0, Errors: 0, Skipped: 0, Time elapsed: 0.127 s - in io.arex.inst.loader.InjectClassInstrumentationTest
[INFO]
[INFO] Results:
[INFO]
[INFO] Tests run: 4, Failures: 0, Errors: 0, Skipped: 0
[INFO]
[INFO]
[INFO] --- jacoco:0.8.8:report (report) @ arex-loader ---
[INFO] Loading execution data file arex-instrumentation/internal/arex-loader/target/jacoco.exec
[INFO] Analyzed bundle 'arex-loader' with 3 classes
[INFO]
[INFO] ----------------------< io.arex:arex-httpservlet >----------------------
[INFO] Building arex-httpservlet 0.3.4                                  [10/43]
[INFO]   from arex-instrumentation/servlet/arex-httpservlet/pom.xml
[INFO] --------------------------------[ jar ]---------------------------------
[INFO]
[INFO] --- clean:3.2.0:clean (default-clean) @ arex-httpservlet ---
[INFO]
[INFO] --- flatten:1.4.1:clean (flatten.clean) @ arex-httpservlet ---
[INFO]
[INFO] --- jacoco:0.8.8:prepare-agent (default) @ arex-httpservlet ---
[INFO] argLine set to -javaagent:/root/.m2/repository/org/jacoco/org.jacoco.agent/0.8.8/org.jacoco.agent-0.8.8-runtime.jar=destfile=/arex-agent-java/arex-instrumentation/servlet/arex-httpservlet/target/jacoco.exec
[INFO]
[INFO] --- resources:3.3.0:resources (default-resources) @ arex-httpservlet ---
[INFO] Copying 1 resource
[INFO]
[INFO] --- flatten:1.4.1:flatten (flatten) @ arex-httpservlet ---
[INFO] Generating flattened POM of project io.arex:arex-httpservlet:jar:0.3.4...
[INFO]
[INFO] --- compiler:3.8.1:compile (default-compile) @ arex-httpservlet ---
[INFO] Changes detected - recompiling the module!
[INFO] Compiling 28 source files to arex-instrumentation/servlet/arex-httpservlet/target/classes
[INFO] arex-instrumentation/servlet/arex-httpservlet/src/main/java/io/arex/inst/httpservlet/wrapper/FastByteArrayOutputStream.java: Some input files use unchecked or unsafe operations.
[INFO] arex-instrumentation/servlet/arex-httpservlet/src/main/java/io/arex/inst/httpservlet/wrapper/FastByteArrayOutputStream.java: Recompile with -Xlint:unchecked for details.
[INFO]
[INFO] --- resources:3.3.0:testResources (default-testResources) @ arex-httpservlet ---
[INFO] Copying 1 resource
[INFO]
[INFO] --- compiler:3.8.1:testCompile (default-testCompile) @ arex-httpservlet ---
[INFO] Changes detected - recompiling the module!
[INFO] Compiling 21 source files to arex-instrumentation/servlet/arex-httpservlet/target/test-classes
[INFO] arex-instrumentation/servlet/arex-httpservlet/src/test/java/io/arex/inst/httpservlet/ServletExtractorTest.java: Some input files use unchecked or unsafe operations.
[INFO] arex-instrumentation/servlet/arex-httpservlet/src/test/java/io/arex/inst/httpservlet/ServletExtractorTest.java: Recompile with -Xlint:unchecked for details.
[INFO]
[INFO] --- surefire:2.22.2:test (default-test) @ arex-httpservlet ---
[INFO]
[INFO] -------------------------------------------------------
[INFO]  T E S T S
[INFO] -------------------------------------------------------
[INFO] Running io.arex.inst.httpservlet.ServletExtractorTest
[INFO] Tests run: 8, Failures: 0, Errors: 0, Skipped: 0, Time elapsed: 1.673 s - in io.arex.inst.httpservlet.ServletExtractorTest
[INFO] Running io.arex.inst.httpservlet.inst.ServletInstrumentationV5Test
[INFO] Tests run: 4, Failures: 0, Errors: 0, Skipped: 0, Time elapsed: 0.366 s - in io.arex.inst.httpservlet.inst.ServletInstrumentationV5Test
[INFO] Running io.arex.inst.httpservlet.inst.FilterInstrumentationV3Test
[INFO] Tests run: 4, Failures: 0, Errors: 0, Skipped: 0, Time elapsed: 0.268 s - in io.arex.inst.httpservlet.inst.FilterInstrumentationV3Test
[INFO] Running io.arex.inst.httpservlet.inst.ServletModuleInstrumentationV3Test
[INFO] Tests run: 1, Failures: 0, Errors: 0, Skipped: 0, Time elapsed: 0.01 s - in io.arex.inst.httpservlet.inst.ServletModuleInstrumentationV3Test
[INFO] Running io.arex.inst.httpservlet.inst.FilterInstrumentationV5Test
[INFO] Tests run: 4, Failures: 0, Errors: 0, Skipped: 0, Time elapsed: 0.237 s - in io.arex.inst.httpservlet.inst.FilterInstrumentationV5Test
[INFO] Running io.arex.inst.httpservlet.inst.FilterModuleInstrumentationV5Test
[INFO] Tests run: 1, Failures: 0, Errors: 0, Skipped: 0, Time elapsed: 0 s - in io.arex.inst.httpservlet.inst.FilterModuleInstrumentationV5Test
[INFO] Running io.arex.inst.httpservlet.inst.FilterModuleInstrumentationV3Test
[INFO] Tests run: 1, Failures: 0, Errors: 0, Skipped: 0, Time elapsed: 0 s - in io.arex.inst.httpservlet.inst.FilterModuleInstrumentationV3Test
[INFO] Running io.arex.inst.httpservlet.inst.InvocableHandlerInstrumentationV5Test
[INFO] Tests run: 3, Failures: 0, Errors: 0, Skipped: 0, Time elapsed: 0.089 s - in io.arex.inst.httpservlet.inst.InvocableHandlerInstrumentationV5Test
[INFO] Running io.arex.inst.httpservlet.inst.ServletInstrumentationV3Test
[INFO] Tests run: 4, Failures: 0, Errors: 0, Skipped: 0, Time elapsed: 0.22 s - in io.arex.inst.httpservlet.inst.ServletInstrumentationV3Test
[INFO] Running io.arex.inst.httpservlet.inst.InvocableHandlerInstrumentationV3Test
[INFO] Tests run: 9, Failures: 0, Errors: 0, Skipped: 0, Time elapsed: 0.596 s - in io.arex.inst.httpservlet.inst.InvocableHandlerInstrumentationV3Test
[INFO] Running io.arex.inst.httpservlet.inst.ServletModuleInstrumentationV5Test
[INFO] Tests run: 1, Failures: 0, Errors: 0, Skipped: 0, Time elapsed: 0.005 s - in io.arex.inst.httpservlet.inst.ServletModuleInstrumentationV5Test
[INFO] Running io.arex.inst.httpservlet.ServletUtilTest
[INFO] Tests run: 2, Failures: 0, Errors: 0, Skipped: 0, Time elapsed: 0.008 s - in io.arex.inst.httpservlet.ServletUtilTest
[INFO] Running io.arex.inst.httpservlet.ServletAdviceHelperTest
mock ServletExtractor
mock ServletExtractor
[INFO] Tests run: 30, Failures: 0, Errors: 0, Skipped: 0, Time elapsed: 0.991 s - in io.arex.inst.httpservlet.ServletAdviceHelperTest
[INFO] Running io.arex.inst.httpservlet.listener.ServletAsyncListenerV5Test
[INFO] Tests run: 4, Failures: 0, Errors: 0, Skipped: 0, Time elapsed: 0.378 s - in io.arex.inst.httpservlet.listener.ServletAsyncListenerV5Test
[INFO] Running io.arex.inst.httpservlet.listener.ServletAsyncListenerV3Test
[INFO] Tests run: 4, Failures: 0, Errors: 0, Skipped: 0, Time elapsed: 0.329 s - in io.arex.inst.httpservlet.listener.ServletAsyncListenerV3Test
[INFO] Running io.arex.inst.httpservlet.converter.impl.JsonHttpMessageConverterTest
[INFO] Tests run: 4, Failures: 0, Errors: 0, Skipped: 0, Time elapsed: 0.259 s - in io.arex.inst.httpservlet.converter.impl.JsonHttpMessageConverterTest
[INFO] Running io.arex.inst.httpservlet.converter.impl.XmlHttpMessageConverterTest
[INFO] Tests run: 4, Failures: 0, Errors: 0, Skipped: 0, Time elapsed: 0.006 s - in io.arex.inst.httpservlet.converter.impl.XmlHttpMessageConverterTest
[INFO] Running io.arex.inst.httpservlet.converter.impl.DefaultHttpMessageConverterTest
[INFO] Tests run: 3, Failures: 0, Errors: 0, Skipped: 0, Time elapsed: 0.003 s - in io.arex.inst.httpservlet.converter.impl.DefaultHttpMessageConverterTest
[INFO] Running io.arex.inst.httpservlet.converter.HttpMessageConvertFactoryTest
[INFO] Tests run: 2, Failures: 0, Errors: 0, Skipped: 0, Time elapsed: 0.003 s - in io.arex.inst.httpservlet.converter.HttpMessageConvertFactoryTest
[INFO] Running io.arex.inst.httpservlet.adapter.impl.ServletAdapterImplV3Test
[INFO] Tests run: 29, Failures: 0, Errors: 0, Skipped: 0, Time elapsed: 0.137 s - in io.arex.inst.httpservlet.adapter.impl.ServletAdapterImplV3Test
[INFO] Running io.arex.inst.httpservlet.adapter.impl.ServletAdapterImplV5Test
[INFO] Tests run: 29, Failures: 0, Errors: 0, Skipped: 0, Time elapsed: 0.078 s - in io.arex.inst.httpservlet.adapter.impl.ServletAdapterImplV5Test
[INFO]
[INFO] Results:
[INFO]
[INFO] Tests run: 151, Failures: 0, Errors: 0, Skipped: 0
[INFO]
[INFO]
[INFO] --- jacoco:0.8.8:report (report) @ arex-httpservlet ---
[INFO] Loading execution data file arex-instrumentation/servlet/arex-httpservlet/target/jacoco.exec
[INFO] Analyzed bundle 'arex-httpservlet' with 40 classes
[INFO]
[INFO] -------------------< io.arex:arex-httpclient-common >-------------------
[INFO] Building arex-httpclient-common 0.3.4                            [11/43]
[INFO]   from arex-instrumentation/httpclient/arex-httpclient-common/pom.xml
[INFO] --------------------------------[ jar ]---------------------------------
[INFO]
[INFO] --- clean:3.2.0:clean (default-clean) @ arex-httpclient-common ---
[INFO]
[INFO] --- flatten:1.4.1:clean (flatten.clean) @ arex-httpclient-common ---
[INFO]
[INFO] --- jacoco:0.8.8:prepare-agent (default) @ arex-httpclient-common ---
[INFO] argLine set to -javaagent:/root/.m2/repository/org/jacoco/org.jacoco.agent/0.8.8/org.jacoco.agent-0.8.8-runtime.jar=destfile=/arex-agent-java/arex-instrumentation/httpclient/arex-httpclient-common/target/jacoco.exec
[INFO]
[INFO] --- resources:3.3.0:resources (default-resources) @ arex-httpclient-common ---
[INFO] skip non existing resourceDirectory arex-instrumentation/httpclient/arex-httpclient-common/src/main/resources
[INFO]
[INFO] --- flatten:1.4.1:flatten (flatten) @ arex-httpclient-common ---
[INFO] Generating flattened POM of project io.arex:arex-httpclient-common:jar:0.3.4...
[INFO]
[INFO] --- compiler:3.8.1:compile (default-compile) @ arex-httpclient-common ---
[INFO] Changes detected - recompiling the module!
[INFO] Compiling 3 source files to arex-instrumentation/httpclient/arex-httpclient-common/target/classes
[INFO]
[INFO] --- resources:3.3.0:testResources (default-testResources) @ arex-httpclient-common ---
[INFO] skip non existing resourceDirectory arex-instrumentation/httpclient/arex-httpclient-common/src/test/resources
[INFO]
[INFO] --- compiler:3.8.1:testCompile (default-testCompile) @ arex-httpclient-common ---
[INFO] Changes detected - recompiling the module!
[INFO] Compiling 1 source file to arex-instrumentation/httpclient/arex-httpclient-common/target/test-classes
[INFO] arex-instrumentation/httpclient/arex-httpclient-common/src/test/java/io/arex/inst/httpclient/common/HttpClientExtractorTest.java: arex-instrumentation/httpclient/arex-httpclient-common/src/test/java/io/arex/inst/httpclient/common/HttpClientExtractorTest.java uses unchecked or unsafe operations.
[INFO] arex-instrumentation/httpclient/arex-httpclient-common/src/test/java/io/arex/inst/httpclient/common/HttpClientExtractorTest.java: Recompile with -Xlint:unchecked for details.
[INFO]
[INFO] --- surefire:2.22.2:test (default-test) @ arex-httpclient-common ---
[INFO]
[INFO] -------------------------------------------------------
[INFO]  T E S T S
[INFO] -------------------------------------------------------
[INFO] Running io.arex.inst.httpclient.common.HttpClientExtractorTest
[INFO] Tests run: 3, Failures: 0, Errors: 0, Skipped: 0, Time elapsed: 1.406 s - in io.arex.inst.httpclient.common.HttpClientExtractorTest
[INFO]
[INFO] Results:
[INFO]
[INFO] Tests run: 3, Failures: 0, Errors: 0, Skipped: 0
[INFO]
[INFO]
[INFO] --- jacoco:0.8.8:report (report) @ arex-httpclient-common ---
[INFO] Loading execution data file arex-instrumentation/httpclient/arex-httpclient-common/target/jacoco.exec
[INFO] Analyzed bundle 'arex-httpclient-common' with 4 classes
[INFO]
[INFO] -----------------< io.arex:arex-httpclient-apache-v4 >------------------
[INFO] Building arex-httpclient-apache-v4 0.3.4                         [12/43]
[INFO]   from arex-instrumentation/httpclient/arex-httpclient-apache-v4/pom.xml
[INFO] --------------------------------[ jar ]---------------------------------
[INFO]
[INFO] --- clean:3.2.0:clean (default-clean) @ arex-httpclient-apache-v4 ---
[INFO]
[INFO] --- flatten:1.4.1:clean (flatten.clean) @ arex-httpclient-apache-v4 ---
[INFO]
[INFO] --- jacoco:0.8.8:prepare-agent (default) @ arex-httpclient-apache-v4 ---
[INFO] argLine set to -javaagent:/root/.m2/repository/org/jacoco/org.jacoco.agent/0.8.8/org.jacoco.agent-0.8.8-runtime.jar=destfile=/arex-agent-java/arex-instrumentation/httpclient/arex-httpclient-apache-v4/target/jacoco.exec
[INFO]
[INFO] --- resources:3.3.0:resources (default-resources) @ arex-httpclient-apache-v4 ---
[INFO] skip non existing resourceDirectory arex-instrumentation/httpclient/arex-httpclient-apache-v4/src/main/resources
[INFO]
[INFO] --- flatten:1.4.1:flatten (flatten) @ arex-httpclient-apache-v4 ---
[INFO] Generating flattened POM of project io.arex:arex-httpclient-apache-v4:jar:0.3.4...
[INFO]
[INFO] --- compiler:3.8.1:compile (default-compile) @ arex-httpclient-apache-v4 ---
[INFO] Changes detected - recompiling the module!
[INFO] Compiling 7 source files to arex-instrumentation/httpclient/arex-httpclient-apache-v4/target/classes
[INFO] arex-instrumentation/httpclient/arex-httpclient-apache-v4/src/main/java/io/arex/inst/httpclient/apache/async/FutureCallbackWrapper.java: arex-instrumentation/httpclient/arex-httpclient-apache-v4/src/main/java/io/arex/inst/httpclient/apache/async/FutureCallbackWrapper.java uses unchecked or unsafe operations.
[INFO] arex-instrumentation/httpclient/arex-httpclient-apache-v4/src/main/java/io/arex/inst/httpclient/apache/async/FutureCallbackWrapper.java: Recompile with -Xlint:unchecked for details.
[INFO]
[INFO] --- resources:3.3.0:testResources (default-testResources) @ arex-httpclient-apache-v4 ---
[INFO] skip non existing resourceDirectory arex-instrumentation/httpclient/arex-httpclient-apache-v4/src/test/resources
[INFO]
[INFO] --- compiler:3.8.1:testCompile (default-testCompile) @ arex-httpclient-apache-v4 ---
[INFO] Changes detected - recompiling the module!
[INFO] Compiling 4 source files to arex-instrumentation/httpclient/arex-httpclient-apache-v4/target/test-classes
[INFO] arex-instrumentation/httpclient/arex-httpclient-apache-v4/src/test/java/io/arex/inst/httpclient/apache/sync/InternalHttpClientInstrumentationTest.java: Some input files use unchecked or unsafe operations.
[INFO] arex-instrumentation/httpclient/arex-httpclient-apache-v4/src/test/java/io/arex/inst/httpclient/apache/sync/InternalHttpClientInstrumentationTest.java: Recompile with -Xlint:unchecked for details.
[INFO]
[INFO] --- surefire:2.22.2:test (default-test) @ arex-httpclient-apache-v4 ---
[INFO]
[INFO] -------------------------------------------------------
[INFO]  T E S T S
[INFO] -------------------------------------------------------
[INFO] Running io.arex.inst.httpclient.apache.common.ApacheHttpClientAdapterTest
[INFO] Tests run: 14, Failures: 0, Errors: 0, Skipped: 0, Time elapsed: 1.605 s - in io.arex.inst.httpclient.apache.common.ApacheHttpClientAdapterTest
[INFO] Running io.arex.inst.httpclient.apache.sync.InternalHttpClientInstrumentationTest
[INFO] Tests run: 8, Failures: 0, Errors: 0, Skipped: 0, Time elapsed: 0.542 s - in io.arex.inst.httpclient.apache.sync.InternalHttpClientInstrumentationTest
[INFO] Running io.arex.inst.httpclient.apache.async.FutureCallbackWrapperTest
[INFO] Tests run: 10, Failures: 0, Errors: 0, Skipped: 0, Time elapsed: 0.599 s - in io.arex.inst.httpclient.apache.async.FutureCallbackWrapperTest
[INFO] Running io.arex.inst.httpclient.apache.async.InternalHttpAsyncClientInstrumentationTest
[INFO] Tests run: 4, Failures: 0, Errors: 0, Skipped: 0, Time elapsed: 0.428 s - in io.arex.inst.httpclient.apache.async.InternalHttpAsyncClientInstrumentationTest
[INFO]
[INFO] Results:
[INFO]
[INFO] Tests run: 36, Failures: 0, Errors: 0, Skipped: 0
[INFO]
[INFO]
[INFO] --- jacoco:0.8.8:report (report) @ arex-httpclient-apache-v4 ---
[INFO] Loading execution data file arex-instrumentation/httpclient/arex-httpclient-apache-v4/target/jacoco.exec
[INFO] Analyzed bundle 'arex-httpclient-apache-v4' with 9 classes
[INFO]
[INFO] --------------------< io.arex:arex-database-common >--------------------
[INFO] Building arex-database-common 0.3.4                              [13/43]
[INFO]   from arex-instrumentation/database/arex-database-common/pom.xml
[INFO] --------------------------------[ jar ]---------------------------------
[INFO]
[INFO] --- clean:3.2.0:clean (default-clean) @ arex-database-common ---
[INFO]
[INFO] --- flatten:1.4.1:clean (flatten.clean) @ arex-database-common ---
[INFO]
[INFO] --- jacoco:0.8.8:prepare-agent (default) @ arex-database-common ---
[INFO] argLine set to -javaagent:/root/.m2/repository/org/jacoco/org.jacoco.agent/0.8.8/org.jacoco.agent-0.8.8-runtime.jar=destfile=/arex-agent-java/arex-instrumentation/database/arex-database-common/target/jacoco.exec
[INFO]
[INFO] --- resources:3.3.0:resources (default-resources) @ arex-database-common ---
[INFO] skip non existing resourceDirectory arex-instrumentation/database/arex-database-common/src/main/resources
[INFO]
[INFO] --- flatten:1.4.1:flatten (flatten) @ arex-database-common ---
[INFO] Generating flattened POM of project io.arex:arex-database-common:jar:0.3.4...
[INFO]
[INFO] --- compiler:3.8.1:compile (default-compile) @ arex-database-common ---
[INFO] Changes detected - recompiling the module!
[INFO] Compiling 2 source files to arex-instrumentation/database/arex-database-common/target/classes
[INFO]
[INFO] --- resources:3.3.0:testResources (default-testResources) @ arex-database-common ---
[INFO] skip non existing resourceDirectory arex-instrumentation/database/arex-database-common/src/test/resources
[INFO]
[INFO] --- compiler:3.8.1:testCompile (default-testCompile) @ arex-database-common ---
[INFO] Changes detected - recompiling the module!
[INFO] Compiling 2 source files to arex-instrumentation/database/arex-database-common/target/test-classes
[INFO]
[INFO] --- surefire:2.22.2:test (default-test) @ arex-database-common ---
[INFO]
[INFO] -------------------------------------------------------
[INFO]  T E S T S
[INFO] -------------------------------------------------------
[INFO] Running io.arex.inst.database.common.DatabaseHelperTest
[INFO] Tests run: 3, Failures: 0, Errors: 0, Skipped: 0, Time elapsed: 1.492 s - in io.arex.inst.database.common.DatabaseHelperTest
[INFO] Running io.arex.inst.database.common.DatabaseExtractorTest
mock MockService.recordMocker
[INFO] Tests run: 2, Failures: 0, Errors: 0, Skipped: 0, Time elapsed: 0.205 s - in io.arex.inst.database.common.DatabaseExtractorTest
[INFO]
[INFO] Results:
[INFO]
[INFO] Tests run: 5, Failures: 0, Errors: 0, Skipped: 0
[INFO]
[INFO]
[INFO] --- jacoco:0.8.8:report (report) @ arex-database-common ---
[INFO] Loading execution data file arex-instrumentation/database/arex-database-common/target/jacoco.exec
[INFO] Analyzed bundle 'arex-database-common' with 2 classes
[INFO]
[INFO] ------------------< io.arex:arex-database-hibernate >-------------------
[INFO] Building arex-database-hibernate 0.3.4                           [14/43]
[INFO]   from arex-instrumentation/database/arex-database-hibernate/pom.xml
[INFO] --------------------------------[ jar ]---------------------------------
[INFO]
[INFO] --- clean:3.2.0:clean (default-clean) @ arex-database-hibernate ---
[INFO]
[INFO] --- flatten:1.4.1:clean (flatten.clean) @ arex-database-hibernate ---
[INFO]
[INFO] --- jacoco:0.8.8:prepare-agent (default) @ arex-database-hibernate ---
[INFO] argLine set to -javaagent:/root/.m2/repository/org/jacoco/org.jacoco.agent/0.8.8/org.jacoco.agent-0.8.8-runtime.jar=destfile=/arex-agent-java/arex-instrumentation/database/arex-database-hibernate/target/jacoco.exec
[INFO]
[INFO] --- resources:3.3.0:resources (default-resources) @ arex-database-hibernate ---
[INFO] skip non existing resourceDirectory arex-instrumentation/database/arex-database-hibernate/src/main/resources
[INFO]
[INFO] --- flatten:1.4.1:flatten (flatten) @ arex-database-hibernate ---
[INFO] Generating flattened POM of project io.arex:arex-database-hibernate:jar:0.3.4...
[INFO]
[INFO] --- compiler:3.8.1:compile (default-compile) @ arex-database-hibernate ---
[INFO] Changes detected - recompiling the module!
[INFO] Compiling 4 source files to arex-instrumentation/database/arex-database-hibernate/target/classes
[INFO] arex-instrumentation/database/arex-database-hibernate/src/main/java/io/arex/inst/database/hibernate/AbstractProducedQueryInstrumentation.java: arex-instrumentation/database/arex-database-hibernate/src/main/java/io/arex/inst/database/hibernate/AbstractProducedQueryInstrumentation.java uses unchecked or unsafe operations.
[INFO] arex-instrumentation/database/arex-database-hibernate/src/main/java/io/arex/inst/database/hibernate/AbstractProducedQueryInstrumentation.java: Recompile with -Xlint:unchecked for details.
[INFO]
[INFO] --- resources:3.3.0:testResources (default-testResources) @ arex-database-hibernate ---
[INFO] skip non existing resourceDirectory arex-instrumentation/database/arex-database-hibernate/src/test/resources
[INFO]
[INFO] --- compiler:3.8.1:testCompile (default-testCompile) @ arex-database-hibernate ---
[INFO] Changes detected - recompiling the module!
[INFO] Compiling 2 source files to arex-instrumentation/database/arex-database-hibernate/target/test-classes
[INFO]
[INFO] --- surefire:2.22.2:test (default-test) @ arex-database-hibernate ---
[INFO]
[INFO] -------------------------------------------------------
[INFO]  T E S T S
[INFO] -------------------------------------------------------
[INFO] Running io.arex.inst.database.hibernate.LoaderInstrumentationTest
[INFO] Tests run: 7, Failures: 0, Errors: 0, Skipped: 0, Time elapsed: 1.696 s - in io.arex.inst.database.hibernate.LoaderInstrumentationTest
[INFO] Running io.arex.inst.database.hibernate.AbstractEntityPersisterInstrumentationTest
[INFO] Tests run: 19, Failures: 0, Errors: 0, Skipped: 0, Time elapsed: 0.442 s - in io.arex.inst.database.hibernate.AbstractEntityPersisterInstrumentationTest
[INFO]
[INFO] Results:
[INFO]
[INFO] Tests run: 26, Failures: 0, Errors: 0, Skipped: 0
[INFO]
[INFO]
[INFO] --- jacoco:0.8.8:report (report) @ arex-database-hibernate ---
[INFO] Loading execution data file arex-instrumentation/database/arex-database-hibernate/target/jacoco.exec
[INFO] Analyzed bundle 'arex-database-hibernate' with 9 classes
[INFO]
[INFO] -------------------< io.arex:arex-database-mybatis3 >-------------------
[INFO] Building arex-database-mybatis3 0.3.4                            [15/43]
[INFO]   from arex-instrumentation/database/arex-database-mybatis3/pom.xml
[INFO] --------------------------------[ jar ]---------------------------------
[INFO]
[INFO] --- clean:3.2.0:clean (default-clean) @ arex-database-mybatis3 ---
[INFO]
[INFO] --- flatten:1.4.1:clean (flatten.clean) @ arex-database-mybatis3 ---
[INFO]
[INFO] --- jacoco:0.8.8:prepare-agent (default) @ arex-database-mybatis3 ---
[INFO] argLine set to -javaagent:/root/.m2/repository/org/jacoco/org.jacoco.agent/0.8.8/org.jacoco.agent-0.8.8-runtime.jar=destfile=/arex-agent-java/arex-instrumentation/database/arex-database-mybatis3/target/jacoco.exec
[INFO]
[INFO] --- resources:3.3.0:resources (default-resources) @ arex-database-mybatis3 ---
[INFO] skip non existing resourceDirectory arex-instrumentation/database/arex-database-mybatis3/src/main/resources
[INFO]
[INFO] --- flatten:1.4.1:flatten (flatten) @ arex-database-mybatis3 ---
[INFO] Generating flattened POM of project io.arex:arex-database-mybatis3:jar:0.3.4...
[INFO]
[INFO] --- compiler:3.8.1:compile (default-compile) @ arex-database-mybatis3 ---
[INFO] Changes detected - recompiling the module!
[INFO] Compiling 3 source files to arex-instrumentation/database/arex-database-mybatis3/target/classes
[INFO] arex-instrumentation/database/arex-database-mybatis3/src/main/java/io/arex/inst/database/mybatis3/ExecutorInstrumentation.java: arex-instrumentation/database/arex-database-mybatis3/src/main/java/io/arex/inst/database/mybatis3/ExecutorInstrumentation.java uses unchecked or unsafe operations.
[INFO] arex-instrumentation/database/arex-database-mybatis3/src/main/java/io/arex/inst/database/mybatis3/ExecutorInstrumentation.java: Recompile with -Xlint:unchecked for details.
[INFO]
[INFO] --- resources:3.3.0:testResources (default-testResources) @ arex-database-mybatis3 ---
[INFO] skip non existing resourceDirectory arex-instrumentation/database/arex-database-mybatis3/src/test/resources
[INFO]
[INFO] --- compiler:3.8.1:testCompile (default-testCompile) @ arex-database-mybatis3 ---
[INFO] Changes detected - recompiling the module!
[INFO] Compiling 3 source files to arex-instrumentation/database/arex-database-mybatis3/target/test-classes
[INFO]
[INFO] --- surefire:2.22.2:test (default-test) @ arex-database-mybatis3 ---
[INFO]
[INFO] -------------------------------------------------------
[INFO]  T E S T S
[INFO] -------------------------------------------------------
[INFO] Running io.arex.inst.database.mybatis3.MyBatisModuleInstrumentationTest
[INFO] Tests run: 1, Failures: 0, Errors: 0, Skipped: 0, Time elapsed: 0.035 s - in io.arex.inst.database.mybatis3.MyBatisModuleInstrumentationTest
[INFO] Running io.arex.inst.database.mybatis3.InternalExecutorTest
[INFO] Tests run: 7, Failures: 0, Errors: 0, Skipped: 0, Time elapsed: 1.709 s - in io.arex.inst.database.mybatis3.InternalExecutorTest
[INFO] Running io.arex.inst.database.mybatis3.ExecutorInstrumentationTest
[INFO] Tests run: 14, Failures: 0, Errors: 0, Skipped: 0, Time elapsed: 0.298 s - in io.arex.inst.database.mybatis3.ExecutorInstrumentationTest
[INFO]
[INFO] Results:
[INFO]
[INFO] Tests run: 22, Failures: 0, Errors: 0, Skipped: 0
[INFO]
[INFO]
[INFO] --- jacoco:0.8.8:report (report) @ arex-database-mybatis3 ---
[INFO] Loading execution data file arex-instrumentation/database/arex-database-mybatis3/target/jacoco.exec
[INFO] Analyzed bundle 'arex-database-mybatis3' with 7 classes
[INFO]
[INFO] ---------------------< io.arex:arex-redis-common >----------------------
[INFO] Building arex-redis-common 0.3.4                                 [16/43]
[INFO]   from arex-instrumentation/redis/arex-redis-common/pom.xml
[INFO] --------------------------------[ jar ]---------------------------------
[INFO]
[INFO] --- clean:3.2.0:clean (default-clean) @ arex-redis-common ---
[INFO]
[INFO] --- flatten:1.4.1:clean (flatten.clean) @ arex-redis-common ---
[INFO]
[INFO] --- jacoco:0.8.8:prepare-agent (default) @ arex-redis-common ---
[INFO] argLine set to -javaagent:/root/.m2/repository/org/jacoco/org.jacoco.agent/0.8.8/org.jacoco.agent-0.8.8-runtime.jar=destfile=/arex-agent-java/arex-instrumentation/redis/arex-redis-common/target/jacoco.exec
[INFO]
[INFO] --- resources:3.3.0:resources (default-resources) @ arex-redis-common ---
[INFO] skip non existing resourceDirectory arex-instrumentation/redis/arex-redis-common/src/main/resources
[INFO]
[INFO] --- flatten:1.4.1:flatten (flatten) @ arex-redis-common ---
[INFO] Generating flattened POM of project io.arex:arex-redis-common:jar:0.3.4...
[INFO]
[INFO] --- compiler:3.8.1:compile (default-compile) @ arex-redis-common ---
[INFO] Changes detected - recompiling the module!
[INFO] Compiling 2 source files to arex-instrumentation/redis/arex-redis-common/target/classes
[INFO]
[INFO] --- resources:3.3.0:testResources (default-testResources) @ arex-redis-common ---
[INFO] skip non existing resourceDirectory arex-instrumentation/redis/arex-redis-common/src/test/resources
[INFO]
[INFO] --- compiler:3.8.1:testCompile (default-testCompile) @ arex-redis-common ---
[INFO] Changes detected - recompiling the module!
[INFO] Compiling 1 source file to arex-instrumentation/redis/arex-redis-common/target/test-classes
[INFO]
[INFO] --- surefire:2.22.2:test (default-test) @ arex-redis-common ---
[INFO]
[INFO] -------------------------------------------------------
[INFO]  T E S T S
[INFO] -------------------------------------------------------
[INFO] Running io.arex.inst.redis.common.RedisExtractorTest
mock MockService.recordMocker
[INFO] Tests run: 2, Failures: 0, Errors: 0, Skipped: 0, Time elapsed: 1.198 s - in io.arex.inst.redis.common.RedisExtractorTest
[INFO]
[INFO] Results:
[INFO]
[INFO] Tests run: 2, Failures: 0, Errors: 0, Skipped: 0
[INFO]
[INFO]
[INFO] --- jacoco:0.8.8:report (report) @ arex-redis-common ---
[INFO] Loading execution data file arex-instrumentation/redis/arex-redis-common/target/jacoco.exec
[INFO] Analyzed bundle 'arex-redis-common' with 4 classes
[INFO]
[INFO] -----------------------< io.arex:arex-jedis-v4 >------------------------
[INFO] Building arex-jedis-v4 0.3.4                                     [17/43]
[INFO]   from arex-instrumentation/redis/arex-jedis-v4/pom.xml
[INFO] --------------------------------[ jar ]---------------------------------
[INFO]
[INFO] --- clean:3.2.0:clean (default-clean) @ arex-jedis-v4 ---
[INFO]
[INFO] --- flatten:1.4.1:clean (flatten.clean) @ arex-jedis-v4 ---
[INFO]
[INFO] --- jacoco:0.8.8:prepare-agent (default) @ arex-jedis-v4 ---
[INFO] argLine set to -javaagent:/root/.m2/repository/org/jacoco/org.jacoco.agent/0.8.8/org.jacoco.agent-0.8.8-runtime.jar=destfile=/arex-agent-java/arex-instrumentation/redis/arex-jedis-v4/target/jacoco.exec
[INFO]
[INFO] --- resources:3.3.0:resources (default-resources) @ arex-jedis-v4 ---
[INFO] skip non existing resourceDirectory arex-instrumentation/redis/arex-jedis-v4/src/main/resources
[INFO]
[INFO] --- flatten:1.4.1:flatten (flatten) @ arex-jedis-v4 ---
[INFO] Generating flattened POM of project io.arex:arex-jedis-v4:jar:0.3.4...
[INFO]
[INFO] --- compiler:3.8.1:compile (default-compile) @ arex-jedis-v4 ---
[INFO] Changes detected - recompiling the module!
[INFO] Compiling 3 source files to arex-instrumentation/redis/arex-jedis-v4/target/classes
[INFO] arex-instrumentation/redis/arex-jedis-v4/src/main/java/io/arex/inst/jedis/v4/JedisWrapper.java: arex-instrumentation/redis/arex-jedis-v4/src/main/java/io/arex/inst/jedis/v4/JedisWrapper.java uses unchecked or unsafe operations.
[INFO] arex-instrumentation/redis/arex-jedis-v4/src/main/java/io/arex/inst/jedis/v4/JedisWrapper.java: Recompile with -Xlint:unchecked for details.
[INFO]
[INFO] --- resources:3.3.0:testResources (default-testResources) @ arex-jedis-v4 ---
[INFO] skip non existing resourceDirectory arex-instrumentation/redis/arex-jedis-v4/src/test/resources
[INFO]
[INFO] --- compiler:3.8.1:testCompile (default-testCompile) @ arex-jedis-v4 ---
[INFO] Changes detected - recompiling the module!
[INFO] Compiling 2 source files to arex-instrumentation/redis/arex-jedis-v4/target/test-classes
[INFO] arex-instrumentation/redis/arex-jedis-v4/src/test/java/io/arex/inst/jedis/v4/JedisWrapperTest.java: arex-instrumentation/redis/arex-jedis-v4/src/test/java/io/arex/inst/jedis/v4/JedisWrapperTest.java uses unchecked or unsafe operations.
[INFO] arex-instrumentation/redis/arex-jedis-v4/src/test/java/io/arex/inst/jedis/v4/JedisWrapperTest.java: Recompile with -Xlint:unchecked for details.
[INFO]
[INFO] --- surefire:2.22.2:test (default-test) @ arex-jedis-v4 ---
[INFO]
[INFO] -------------------------------------------------------
[INFO]  T E S T S
[INFO] -------------------------------------------------------
[INFO] Running io.arex.inst.jedis.v4.JedisFactoryInstrumentationTest
[INFO] Tests run: 4, Failures: 0, Errors: 0, Skipped: 0, Time elapsed: 2.136 s - in io.arex.inst.jedis.v4.JedisFactoryInstrumentationTest
[INFO] Running io.arex.inst.jedis.v4.JedisWrapperTest
mock RedisExtractor
mock RedisExtractor
mock RedisExtractor
[INFO] Tests run: 3, Failures: 0, Errors: 0, Skipped: 0, Time elapsed: 0.985 s - in io.arex.inst.jedis.v4.JedisWrapperTest
[INFO]
[INFO] Results:
[INFO]
[INFO] Tests run: 7, Failures: 0, Errors: 0, Skipped: 0
[INFO]
[INFO]
[INFO] --- jacoco:0.8.8:report (report) @ arex-jedis-v4 ---
[INFO] Loading execution data file arex-instrumentation/redis/arex-jedis-v4/target/jacoco.exec
[INFO] Analyzed bundle 'arex-jedis-v4' with 4 classes
[INFO]
[INFO] ----------------------< io.arex:arex-lettuce-v6 >-----------------------
[INFO] Building arex-lettuce-v6 0.3.4                                   [18/43]
[INFO]   from arex-instrumentation/redis/arex-lettuce-v6/pom.xml
[INFO] --------------------------------[ jar ]---------------------------------
[INFO]
[INFO] --- clean:3.2.0:clean (default-clean) @ arex-lettuce-v6 ---
[INFO]
[INFO] --- flatten:1.4.1:clean (flatten.clean) @ arex-lettuce-v6 ---
[INFO]
[INFO] --- jacoco:0.8.8:prepare-agent (default) @ arex-lettuce-v6 ---
[INFO] argLine set to -javaagent:/root/.m2/repository/org/jacoco/org.jacoco.agent/0.8.8/org.jacoco.agent-0.8.8-runtime.jar=destfile=/arex-agent-java/arex-instrumentation/redis/arex-lettuce-v6/target/jacoco.exec
[INFO]
[INFO] --- resources:3.3.0:resources (default-resources) @ arex-lettuce-v6 ---
[INFO] skip non existing resourceDirectory arex-instrumentation/redis/arex-lettuce-v6/src/main/resources
[INFO]
[INFO] --- flatten:1.4.1:flatten (flatten) @ arex-lettuce-v6 ---
[INFO] Generating flattened POM of project io.arex:arex-lettuce-v6:jar:0.3.4...
[INFO]
[INFO] --- compiler:3.8.1:compile (default-compile) @ arex-lettuce-v6 ---
[INFO] Changes detected - recompiling the module!
[INFO] Compiling 7 source files to arex-instrumentation/redis/arex-lettuce-v6/target/classes
[INFO] arex-instrumentation/redis/arex-lettuce-v6/src/main/java/io/arex/inst/lettuce/v6/RedisCommandBuilderImpl.java: Some input files use unchecked or unsafe operations.
[INFO] arex-instrumentation/redis/arex-lettuce-v6/src/main/java/io/arex/inst/lettuce/v6/RedisCommandBuilderImpl.java: Recompile with -Xlint:unchecked for details.
[INFO]
[INFO] --- resources:3.3.0:testResources (default-testResources) @ arex-lettuce-v6 ---
[INFO] skip non existing resourceDirectory arex-instrumentation/redis/arex-lettuce-v6/src/test/resources
[INFO]
[INFO] --- compiler:3.8.1:testCompile (default-testCompile) @ arex-lettuce-v6 ---
[INFO] Changes detected - recompiling the module!
[INFO] Compiling 3 source files to arex-instrumentation/redis/arex-lettuce-v6/target/test-classes
[INFO] arex-instrumentation/redis/arex-lettuce-v6/src/test/java/io/arex/inst/lettuce/v6/RedisAsyncCommandsImplWrapperTest.java: Some input files use unchecked or unsafe operations.
[INFO] arex-instrumentation/redis/arex-lettuce-v6/src/test/java/io/arex/inst/lettuce/v6/RedisAsyncCommandsImplWrapperTest.java: Recompile with -Xlint:unchecked for details.
[INFO]
[INFO] --- surefire:2.22.2:test (default-test) @ arex-lettuce-v6 ---
[INFO]
[INFO] -------------------------------------------------------
[INFO]  T E S T S
[INFO] -------------------------------------------------------
[INFO] Running io.arex.inst.lettuce.v6.RedisReactiveCommandsImplWrapperTest
mock RedisExtractor
mock RedisExtractor
mock RedisExtractor
[INFO] Tests run: 4, Failures: 0, Errors: 0, Skipped: 0, Time elapsed: 3.707 s - in io.arex.inst.lettuce.v6.RedisReactiveCommandsImplWrapperTest
[INFO] Running io.arex.inst.lettuce.v6.RedisAsyncCommandsImplWrapperTest
mock RedisExtractor
mock RedisExtractor
mock RedisExtractor
[INFO] Tests run: 4, Failures: 0, Errors: 0, Skipped: 0, Time elapsed: 0.761 s - in io.arex.inst.lettuce.v6.RedisAsyncCommandsImplWrapperTest
[INFO] Running io.arex.inst.lettuce.v6.StatefulRedisConnectionImplInstrumentationTest
[INFO] Tests run: 6, Failures: 0, Errors: 0, Skipped: 0, Time elapsed: 0.812 s - in io.arex.inst.lettuce.v6.StatefulRedisConnectionImplInstrumentationTest
[INFO]
[INFO] Results:
[INFO]
[INFO] Tests run: 14, Failures: 0, Errors: 0, Skipped: 0
[INFO]
[INFO]
[INFO] --- jacoco:0.8.8:report (report) @ arex-lettuce-v6 ---
[INFO] Loading execution data file arex-instrumentation/redis/arex-lettuce-v6/target/jacoco.exec
[INFO] Analyzed bundle 'arex-lettuce-v6' with 10 classes
[INFO]
[INFO] ---------------------< io.arex:arex-redission-v3 >----------------------
[INFO] Building arex-redission-v3 0.3.4                                 [19/43]
[INFO]   from arex-instrumentation/redis/arex-redission-v3/pom.xml
[INFO] --------------------------------[ jar ]---------------------------------
[INFO]
[INFO] --- clean:3.2.0:clean (default-clean) @ arex-redission-v3 ---
[INFO]
[INFO] --- flatten:1.4.1:clean (flatten.clean) @ arex-redission-v3 ---
[INFO]
[INFO] --- jacoco:0.8.8:prepare-agent (default) @ arex-redission-v3 ---
[INFO] argLine set to -javaagent:/root/.m2/repository/org/jacoco/org.jacoco.agent/0.8.8/org.jacoco.agent-0.8.8-runtime.jar=destfile=/arex-agent-java/arex-instrumentation/redis/arex-redission-v3/target/jacoco.exec
[INFO]
[INFO] --- resources:3.3.0:resources (default-resources) @ arex-redission-v3 ---
[INFO] skip non existing resourceDirectory arex-instrumentation/redis/arex-redission-v3/src/main/resources
[INFO]
[INFO] --- flatten:1.4.1:flatten (flatten) @ arex-redission-v3 ---
[INFO] Generating flattened POM of project io.arex:arex-redission-v3:jar:0.3.4...
[INFO]
[INFO] --- compiler:3.8.1:compile (default-compile) @ arex-redission-v3 ---
[INFO] Changes detected - recompiling the module!
[INFO] Compiling 9 source files to arex-instrumentation/redis/arex-redission-v3/target/classes
[INFO] arex-instrumentation/redis/arex-redission-v3/src/main/java/io/arex/inst/redisson/v3/RedissonWrapperCommon.java: Some input files use unchecked or unsafe operations.
[INFO] arex-instrumentation/redis/arex-redission-v3/src/main/java/io/arex/inst/redisson/v3/RedissonWrapperCommon.java: Recompile with -Xlint:unchecked for details.
[INFO]
[INFO] --- resources:3.3.0:testResources (default-testResources) @ arex-redission-v3 ---
[INFO] skip non existing resourceDirectory arex-instrumentation/redis/arex-redission-v3/src/test/resources
[INFO]
[INFO] --- compiler:3.8.1:testCompile (default-testCompile) @ arex-redission-v3 ---
[INFO] Changes detected - recompiling the module!
[INFO] Compiling 2 source files to arex-instrumentation/redis/arex-redission-v3/target/test-classes
[INFO]
[INFO] --- surefire:2.22.2:test (default-test) @ arex-redission-v3 ---
[INFO]
[INFO] -------------------------------------------------------
[INFO]  T E S T S
[INFO] -------------------------------------------------------
[INFO] Running io.arex.inst.redisson.v3.RedissonInstrumentationTest
[INFO] Tests run: 28, Failures: 0, Errors: 0, Skipped: 0, Time elapsed: 2.745 s - in io.arex.inst.redisson.v3.RedissonInstrumentationTest
[INFO] Running io.arex.inst.redisson.v3.RedissonWrapperCommonTest
[INFO] Tests run: 4, Failures: 0, Errors: 0, Skipped: 0, Time elapsed: 0.334 s - in io.arex.inst.redisson.v3.RedissonWrapperCommonTest
[INFO]
[INFO] Results:
[INFO]
[INFO] Tests run: 32, Failures: 0, Errors: 0, Skipped: 0
[INFO]
[INFO]
[INFO] --- jacoco:0.8.8:report (report) @ arex-redission-v3 ---
[INFO] Loading execution data file arex-instrumentation/redis/arex-redission-v3/target/jacoco.exec
[INFO] Analyzed bundle 'arex-redission-v3' with 22 classes
[INFO]
[INFO] ----------------------< io.arex:arex-serializer >-----------------------
[INFO] Building arex-serializer 0.3.4                                   [20/43]
[INFO]   from arex-instrumentation/foundation/arex-serializer/pom.xml
[INFO] --------------------------------[ jar ]---------------------------------
[INFO]
[INFO] --- clean:3.2.0:clean (default-clean) @ arex-serializer ---
[INFO]
[INFO] --- flatten:1.4.1:clean (flatten.clean) @ arex-serializer ---
[INFO]
[INFO] --- jacoco:0.8.8:prepare-agent (default) @ arex-serializer ---
[INFO] argLine set to -javaagent:/root/.m2/repository/org/jacoco/org.jacoco.agent/0.8.8/org.jacoco.agent-0.8.8-runtime.jar=destfile=/arex-agent-java/arex-instrumentation/foundation/arex-serializer/target/jacoco.exec
[INFO]
[INFO] --- resources:3.3.0:resources (default-resources) @ arex-serializer ---
[INFO] skip non existing resourceDirectory arex-instrumentation/foundation/arex-serializer/src/main/resources
[INFO]
[INFO] --- flatten:1.4.1:flatten (flatten) @ arex-serializer ---
[INFO] Generating flattened POM of project io.arex:arex-serializer:jar:0.3.4...
[INFO]
[INFO] --- compiler:3.8.1:compile (default-compile) @ arex-serializer ---
[INFO] Changes detected - recompiling the module!
[INFO] Compiling 1 source file to arex-instrumentation/foundation/arex-serializer/target/classes
[INFO] arex-instrumentation/foundation/arex-serializer/src/main/java/io/arex/inst/serializer/ProtoJsonSerializer.java: arex-instrumentation/foundation/arex-serializer/src/main/java/io/arex/inst/serializer/ProtoJsonSerializer.java uses unchecked or unsafe operations.
[INFO] arex-instrumentation/foundation/arex-serializer/src/main/java/io/arex/inst/serializer/ProtoJsonSerializer.java: Recompile with -Xlint:unchecked for details.
[INFO]
[INFO] --- resources:3.3.0:testResources (default-testResources) @ arex-serializer ---
[INFO] skip non existing resourceDirectory arex-instrumentation/foundation/arex-serializer/src/test/resources
[INFO]
[INFO] --- compiler:3.8.1:testCompile (default-testCompile) @ arex-serializer ---
[INFO] No sources to compile
[INFO]
[INFO] --- surefire:2.22.2:test (default-test) @ arex-serializer ---
[INFO] No tests to run.
[INFO]
[INFO] --- jacoco:0.8.8:report (report) @ arex-serializer ---
[INFO] Skipping JaCoCo execution due to missing execution data file.
[INFO]
[INFO] --------------------< io.arex:arex-dynamic-common >---------------------
[INFO] Building arex-dynamic-common 0.3.4                               [21/43]
[INFO]   from arex-instrumentation/dynamic/arex-dynamic-common/pom.xml
[INFO] --------------------------------[ jar ]---------------------------------
[INFO]
[INFO] --- clean:3.2.0:clean (default-clean) @ arex-dynamic-common ---
[INFO]
[INFO] --- flatten:1.4.1:clean (flatten.clean) @ arex-dynamic-common ---
[INFO]
[INFO] --- jacoco:0.8.8:prepare-agent (default) @ arex-dynamic-common ---
[INFO] argLine set to -javaagent:/root/.m2/repository/org/jacoco/org.jacoco.agent/0.8.8/org.jacoco.agent-0.8.8-runtime.jar=destfile=/arex-agent-java/arex-instrumentation/dynamic/arex-dynamic-common/target/jacoco.exec
[INFO]
[INFO] --- resources:3.3.0:resources (default-resources) @ arex-dynamic-common ---
[INFO] skip non existing resourceDirectory arex-instrumentation/dynamic/arex-dynamic-common/src/main/resources
[INFO]
[INFO] --- flatten:1.4.1:flatten (flatten) @ arex-dynamic-common ---
[INFO] Generating flattened POM of project io.arex:arex-dynamic-common:jar:0.3.4...
[INFO]
[INFO] --- compiler:3.8.1:compile (default-compile) @ arex-dynamic-common ---
[INFO] Changes detected - recompiling the module!
[INFO] Compiling 6 source files to arex-instrumentation/dynamic/arex-dynamic-common/target/classes
[INFO]
[INFO] --- resources:3.3.0:testResources (default-testResources) @ arex-dynamic-common ---
[INFO] skip non existing resourceDirectory arex-instrumentation/dynamic/arex-dynamic-common/src/test/resources
[INFO]
[INFO] --- compiler:3.8.1:testCompile (default-testCompile) @ arex-dynamic-common ---
[INFO] Changes detected - recompiling the module!
[INFO] Compiling 4 source files to arex-instrumentation/dynamic/arex-dynamic-common/target/test-classes
[INFO]
[INFO] --- surefire:2.22.2:test (default-test) @ arex-dynamic-common ---
[INFO]
[INFO] -------------------------------------------------------
[INFO]  T E S T S
[INFO] -------------------------------------------------------
[INFO] Running io.arex.inst.dynamic.common.ExpressionParseUtilTest
keyExpression: , methodKey: null
keyExpression: test, methodKey: null
keyExpression: #f1.getF2() + #f2.getF2().toString() + #f3.getFoo2().f1, methodKey: null
keyExpression: #f1.getF2() + #f2.getF2().toString() + #f3.getFoo2().f1, methodKey: 12p3
keyExpression: T(String).valueOf(#f1.getF2()) + #f2.f2.toString() + #f3.getFoo2().f1, methodKey: 12p3
keyExpression: #f1.getF4() + #f2.getF2().toString() + #f3.getFoo2().f1, methodKey: null
keyExpression: T(io.arex.inst.dynamic.common.ExpressionParseUtilTest).getMapKey(#f1.f1, #f1.f2), methodKey: getMapKey-p1-1
[INFO] Tests run: 10, Failures: 0, Errors: 0, Skipped: 0, Time elapsed: 0.305 s - in io.arex.inst.dynamic.common.ExpressionParseUtilTest
[INFO] Running io.arex.inst.dynamic.common.DynamicClassExtractorTest
mock MockService.recordMocker
mock MockService.recordMocker
mock MockService.recordMocker
mock MockService.recordMocker
mock MockService.recordMocker
[INFO] Tests run: 15, Failures: 0, Errors: 0, Skipped: 0, Time elapsed: 1.652 s - in io.arex.inst.dynamic.common.DynamicClassExtractorTest
[INFO]
[INFO] Results:
[INFO]
[INFO] Tests run: 25, Failures: 0, Errors: 0, Skipped: 0
[INFO]
[INFO]
[INFO] --- jacoco:0.8.8:report (report) @ arex-dynamic-common ---
[INFO] Loading execution data file arex-instrumentation/dynamic/arex-dynamic-common/target/jacoco.exec
[INFO] Analyzed bundle 'arex-dynamic-common' with 7 classes
[INFO]
[INFO] ------------------------< io.arex:arex-dynamic >------------------------
[INFO] Building arex-dynamic 0.3.4                                      [22/43]
[INFO]   from arex-instrumentation/dynamic/arex-dynamic/pom.xml
[INFO] --------------------------------[ jar ]---------------------------------
[INFO]
[INFO] --- clean:3.2.0:clean (default-clean) @ arex-dynamic ---
[INFO]
[INFO] --- flatten:1.4.1:clean (flatten.clean) @ arex-dynamic ---
[INFO]
[INFO] --- jacoco:0.8.8:prepare-agent (default) @ arex-dynamic ---
[INFO] argLine set to -javaagent:/root/.m2/repository/org/jacoco/org.jacoco.agent/0.8.8/org.jacoco.agent-0.8.8-runtime.jar=destfile=/arex-agent-java/arex-instrumentation/dynamic/arex-dynamic/target/jacoco.exec
[INFO]
[INFO] --- resources:3.3.0:resources (default-resources) @ arex-dynamic ---
[INFO] skip non existing resourceDirectory arex-instrumentation/dynamic/arex-dynamic/src/main/resources
[INFO]
[INFO] --- flatten:1.4.1:flatten (flatten) @ arex-dynamic ---
[INFO] Generating flattened POM of project io.arex:arex-dynamic:jar:0.3.4...
[INFO]
[INFO] --- compiler:3.8.1:compile (default-compile) @ arex-dynamic ---
[INFO] Changes detected - recompiling the module!
[INFO] Compiling 4 source files to arex-instrumentation/dynamic/arex-dynamic/target/classes
[INFO]
[INFO] --- resources:3.3.0:testResources (default-testResources) @ arex-dynamic ---
[INFO] skip non existing resourceDirectory arex-instrumentation/dynamic/arex-dynamic/src/test/resources
[INFO]
[INFO] --- compiler:3.8.1:testCompile (default-testCompile) @ arex-dynamic ---
[INFO] Changes detected - recompiling the module!
[INFO] Compiling 7 source files to arex-instrumentation/dynamic/arex-dynamic/target/test-classes
[INFO]
[INFO] --- surefire:2.22.2:test (default-test) @ arex-dynamic ---
[INFO]
[INFO] -------------------------------------------------------
[INFO]  T E S T S
[INFO] -------------------------------------------------------
[INFO] Running io.arex.inst.dynamic.DynamicClassInstrumentationTest
matcher: (isMethod() and not(hasParameter(ofSize(0))) and not(returns(erasure(is(void)))) and not(declaresAnnotations(whereOne(ofAnnotationType(name(in(com.arextest.common.annotation.ArexMock, org.springframework.cache.annotation.Cacheable)))))) and not(isOverriddenFrom(erasure(name(in())))))
matched Class: io.arex.inst.dynamic.DynamicTestClass
matched 2 methods: testReturnPrimitiveTypeWithParameter, testReturnNonPrimitiveTypeWithParameter
nonMatched 6 methods: testReturnPrimitiveType, testReturnNonPrimitiveType, testReturnVoidWithParameter, testReturnVoid, testWithArexMock, $jacocoInit
matcher: (name(equals(testReturnVoid)) and not(returns(erasure(is(void)))) and not(declaresAnnotations(whereOne(ofAnnotationType(name(in(com.arextest.common.annotation.ArexMock, org.springframework.cache.annotation.Cacheable)))))) and not(isOverriddenFrom(erasure(name(in())))))
matched Class: io.arex.inst.dynamic.DynamicTestClass
matched 0 methods:
nonMatched 8 methods: testReturnPrimitiveTypeWithParameter, testReturnNonPrimitiveTypeWithParameter, testReturnPrimitiveType, testReturnNonPrimitiveType, testReturnVoidWithParameter, testReturnVoid, testWithArexMock, $jacocoInit
matcher: ((name(equals(testReturnNonPrimitiveTypeWithParameter)) and not(returns(erasure(is(void)))) and not(declaresAnnotations(whereOne(ofAnnotationType(name(in(com.arextest.common.annotation.ArexMock, org.springframework.cache.annotation.Cacheable)))))) and hasParameter(ofSize(1)) and hasParameter(hasTypes(with(0 matches erasure(name(equals(java.lang.String)))))) and not(isOverriddenFrom(erasure(name(in()))))) or (name(equals(testReturnPrimitiveTypeWithParameter)) and not(returns(erasure(is(void)))) and not(declaresAnnotations(whereOne(ofAnnotationType(name(in(com.arextest.common.annotation.ArexMock, org.springframework.cache.annotation.Cacheable)))))) and hasParameter(ofSize(1)) and hasParameter(hasTypes(with(0 matches erasure(name(equals(int))))))))
matched Class: io.arex.inst.dynamic.DynamicTestClass
matched 2 methods: testReturnPrimitiveTypeWithParameter, testReturnNonPrimitiveTypeWithParameter
nonMatched 6 methods: testReturnPrimitiveType, testReturnNonPrimitiveType, testReturnVoidWithParameter, testReturnVoid, testWithArexMock, $jacocoInit
matcher: ((false or name(contains(WithParameter)) or name(startsWith(testReturnVoid)) or name(endsWith(WithParameter))) and not(returns(erasure(is(void)))) and not(declaresAnnotations(whereOne(ofAnnotationType(name(in(com.arextest.common.annotation.ArexMock, org.springframework.cache.annotation.Cacheable)))))) and not(isOverriddenFrom(erasure(name(in())))))
matched Class: io.arex.inst.dynamic.DynamicTestClass
matched 2 methods: testReturnPrimitiveTypeWithParameter, testReturnNonPrimitiveTypeWithParameter
nonMatched 6 methods: testReturnPrimitiveType, testReturnNonPrimitiveType, testReturnVoidWithParameter, testReturnVoid, testWithArexMock, $jacocoInit
currentTimeMillis: 3
uuid: 7eb4f958-671a-11ed-9022-0242ac120002
nextInt: 0
[INFO] Tests run: 16, Failures: 0, Errors: 0, Skipped: 0, Time elapsed: 2.248 s - in io.arex.inst.dynamic.DynamicClassInstrumentationTest
[INFO] Running io.arex.inst.dynamic.ReplaceMethodHelperTest
[INFO] Tests run: 8, Failures: 0, Errors: 0, Skipped: 0, Time elapsed: 0.244 s - in io.arex.inst.dynamic.ReplaceMethodHelperTest
[INFO] Running io.arex.inst.dynamic.DynamicClassModuleInstrumentationTest
[INFO] Tests run: 1, Failures: 0, Errors: 0, Skipped: 0, Time elapsed: 0.004 s - in io.arex.inst.dynamic.DynamicClassModuleInstrumentationTest
[INFO] Running io.arex.inst.dynamic.ReplaceMethodsProviderTest
[INFO] Tests run: 1, Failures: 0, Errors: 0, Skipped: 0, Time elapsed: 0 s - in io.arex.inst.dynamic.ReplaceMethodsProviderTest
[INFO]
[INFO] Results:
[INFO]
[INFO] Tests run: 26, Failures: 0, Errors: 0, Skipped: 0
[INFO]
[INFO]
[INFO] --- jacoco:0.8.8:report (report) @ arex-dynamic ---
[INFO] Loading execution data file arex-instrumentation/dynamic/arex-dynamic/target/jacoco.exec
[INFO] Analyzed bundle 'arex-dynamic' with 5 classes
[INFO]
[INFO] -------------------------< io.arex:arex-cache >-------------------------
[INFO] Building arex-cache 0.3.4                                        [23/43]
[INFO]   from arex-instrumentation/dynamic/arex-cache/pom.xml
[INFO] --------------------------------[ jar ]---------------------------------
[INFO]
[INFO] --- clean:3.2.0:clean (default-clean) @ arex-cache ---
[INFO]
[INFO] --- flatten:1.4.1:clean (flatten.clean) @ arex-cache ---
[INFO]
[INFO] --- jacoco:0.8.8:prepare-agent (default) @ arex-cache ---
[INFO] argLine set to -javaagent:/root/.m2/repository/org/jacoco/org.jacoco.agent/0.8.8/org.jacoco.agent-0.8.8-runtime.jar=destfile=/arex-agent-java/arex-instrumentation/dynamic/arex-cache/target/jacoco.exec
[INFO]
[INFO] --- resources:3.3.0:resources (default-resources) @ arex-cache ---
[INFO] skip non existing resourceDirectory arex-instrumentation/dynamic/arex-cache/src/main/resources
[INFO]
[INFO] --- flatten:1.4.1:flatten (flatten) @ arex-cache ---
[INFO] Generating flattened POM of project io.arex:arex-cache:jar:0.3.4...
[INFO]
[INFO] --- compiler:3.8.1:compile (default-compile) @ arex-cache ---
[INFO] Changes detected - recompiling the module!
[INFO] Compiling 4 source files to arex-instrumentation/dynamic/arex-cache/target/classes
[INFO]
[INFO] --- resources:3.3.0:testResources (default-testResources) @ arex-cache ---
[INFO] skip non existing resourceDirectory arex-instrumentation/dynamic/arex-cache/src/test/resources
[INFO]
[INFO] --- compiler:3.8.1:testCompile (default-testCompile) @ arex-cache ---
[INFO] Changes detected - recompiling the module!
[INFO] Compiling 5 source files to arex-instrumentation/dynamic/arex-cache/target/test-classes
[INFO]
[INFO] --- surefire:2.22.2:test (default-test) @ arex-cache ---
[INFO]
[INFO] -------------------------------------------------------
[INFO]  T E S T S
[INFO] -------------------------------------------------------
[INFO] Running io.arex.inst.cache.CacheModuleInstrumentationTest
[INFO] Tests run: 1, Failures: 0, Errors: 0, Skipped: 0, Time elapsed: 0.045 s - in io.arex.inst.cache.CacheModuleInstrumentationTest
[INFO] Running io.arex.inst.cache.spring.SpringCacheInstrumentationTest
[INFO] Tests run: 4, Failures: 0, Errors: 0, Skipped: 0, Time elapsed: 1.715 s - in io.arex.inst.cache.spring.SpringCacheInstrumentationTest
[INFO] Running io.arex.inst.cache.spring.SpringCacheAdviceHelperTest
[INFO] Tests run: 1, Failures: 0, Errors: 0, Skipped: 0, Time elapsed: 0.069 s - in io.arex.inst.cache.spring.SpringCacheAdviceHelperTest
[INFO] Running io.arex.inst.cache.arex.ArexMockInstrumentationTest
[INFO] Tests run: 4, Failures: 0, Errors: 0, Skipped: 0, Time elapsed: 0.183 s - in io.arex.inst.cache.arex.ArexMockInstrumentationTest
[INFO]
[INFO] Results:
[INFO]
[INFO] Tests run: 10, Failures: 0, Errors: 0, Skipped: 0
[INFO]
[INFO]
[INFO] --- jacoco:0.8.8:report (report) @ arex-cache ---
[INFO] Loading execution data file arex-instrumentation/dynamic/arex-cache/target/jacoco.exec
[INFO] Analyzed bundle 'arex-cache' with 6 classes
[INFO]
[INFO] ---------------------< io.arex:arex-time-machine >----------------------
[INFO] Building arex-time-machine 0.3.4                                 [24/43]
[INFO]   from arex-instrumentation/time-machine/arex-time-machine/pom.xml
[INFO] --------------------------------[ jar ]---------------------------------
[INFO]
[INFO] --- clean:3.2.0:clean (default-clean) @ arex-time-machine ---
[INFO]
[INFO] --- flatten:1.4.1:clean (flatten.clean) @ arex-time-machine ---
[INFO]
[INFO] --- jacoco:0.8.8:prepare-agent (default) @ arex-time-machine ---
[INFO] argLine set to -javaagent:/root/.m2/repository/org/jacoco/org.jacoco.agent/0.8.8/org.jacoco.agent-0.8.8-runtime.jar=destfile=/arex-agent-java/arex-instrumentation/time-machine/arex-time-machine/target/jacoco.exec
[INFO]
[INFO] --- resources:3.3.0:resources (default-resources) @ arex-time-machine ---
[INFO] skip non existing resourceDirectory arex-instrumentation/time-machine/arex-time-machine/src/main/resources
[INFO]
[INFO] --- flatten:1.4.1:flatten (flatten) @ arex-time-machine ---
[INFO] Generating flattened POM of project io.arex:arex-time-machine:jar:0.3.4...
[INFO]
[INFO] --- compiler:3.8.1:compile (default-compile) @ arex-time-machine ---
[INFO] Changes detected - recompiling the module!
[INFO] Compiling 4 source files to arex-instrumentation/time-machine/arex-time-machine/target/classes
[INFO]
[INFO] --- resources:3.3.0:testResources (default-testResources) @ arex-time-machine ---
[INFO] skip non existing resourceDirectory arex-instrumentation/time-machine/arex-time-machine/src/test/resources
[INFO]
[INFO] --- compiler:3.8.1:testCompile (default-testCompile) @ arex-time-machine ---
[INFO] Changes detected - recompiling the module!
[INFO] Compiling 2 source files to arex-instrumentation/time-machine/arex-time-machine/target/test-classes
[INFO]
[INFO] --- surefire:2.22.2:test (default-test) @ arex-time-machine ---
[INFO]
[INFO] -------------------------------------------------------
[INFO]  T E S T S
[INFO] -------------------------------------------------------
[INFO] Running io.arex.inst.time.DateTimeInstrumentationTest
[INFO] Tests run: 15, Failures: 0, Errors: 0, Skipped: 0, Time elapsed: 1.193 s - in io.arex.inst.time.DateTimeInstrumentationTest
[INFO] Running io.arex.inst.time.TimeMachineModuleInstrumentationTest
[INFO] Tests run: 1, Failures: 0, Errors: 0, Skipped: 0, Time elapsed: 0.006 s - in io.arex.inst.time.TimeMachineModuleInstrumentationTest
[INFO]
[INFO] Results:
[INFO]
[INFO] Tests run: 16, Failures: 0, Errors: 0, Skipped: 0
[INFO]
[INFO]
[INFO] --- jacoco:0.8.8:report (report) @ arex-time-machine ---
[INFO] Loading execution data file arex-instrumentation/time-machine/arex-time-machine/target/jacoco.exec
[INFO] Analyzed bundle 'arex-time-machine' with 12 classes
[INFO]
[INFO] -----------------< io.arex:arex-httpclient-okhttp-v3 >------------------
[INFO] Building arex-httpclient-okhttp-v3 0.3.4                         [25/43]
[INFO]   from arex-instrumentation/httpclient/arex-httpclient-okhttp-v3/pom.xml
[INFO] --------------------------------[ jar ]---------------------------------
[INFO]
[INFO] --- clean:3.2.0:clean (default-clean) @ arex-httpclient-okhttp-v3 ---
[INFO]
[INFO] --- flatten:1.4.1:clean (flatten.clean) @ arex-httpclient-okhttp-v3 ---
[INFO]
[INFO] --- jacoco:0.8.8:prepare-agent (default) @ arex-httpclient-okhttp-v3 ---
[INFO] argLine set to -javaagent:/root/.m2/repository/org/jacoco/org.jacoco.agent/0.8.8/org.jacoco.agent-0.8.8-runtime.jar=destfile=/arex-agent-java/arex-instrumentation/httpclient/arex-httpclient-okhttp-v3/target/jacoco.exec
[INFO]
[INFO] --- resources:3.3.0:resources (default-resources) @ arex-httpclient-okhttp-v3 ---
[INFO] skip non existing resourceDirectory arex-instrumentation/httpclient/arex-httpclient-okhttp-v3/src/main/resources
[INFO]
[INFO] --- flatten:1.4.1:flatten (flatten) @ arex-httpclient-okhttp-v3 ---
[INFO] Generating flattened POM of project io.arex:arex-httpclient-okhttp-v3:jar:0.3.4...
[INFO]
[INFO] --- compiler:3.8.1:compile (default-compile) @ arex-httpclient-okhttp-v3 ---
[INFO] Changes detected - recompiling the module!
[INFO] Compiling 4 source files to arex-instrumentation/httpclient/arex-httpclient-okhttp-v3/target/classes
[INFO]
[INFO] --- resources:3.3.0:testResources (default-testResources) @ arex-httpclient-okhttp-v3 ---
[INFO] skip non existing resourceDirectory arex-instrumentation/httpclient/arex-httpclient-okhttp-v3/src/test/resources
[INFO]
[INFO] --- compiler:3.8.1:testCompile (default-testCompile) @ arex-httpclient-okhttp-v3 ---
[INFO] Changes detected - recompiling the module!
[INFO] Compiling 3 source files to arex-instrumentation/httpclient/arex-httpclient-okhttp-v3/target/test-classes
[INFO]
[INFO] --- surefire:2.22.2:test (default-test) @ arex-httpclient-okhttp-v3 ---
[INFO]
[INFO] -------------------------------------------------------
[INFO]  T E S T S
[INFO] -------------------------------------------------------
[INFO] Running io.arex.inst.httpclient.okhttp.v3.OkHttpCallbackWrapperTest
[INFO] Tests run: 4, Failures: 0, Errors: 0, Skipped: 0, Time elapsed: 1.677 s - in io.arex.inst.httpclient.okhttp.v3.OkHttpCallbackWrapperTest
[INFO] Running io.arex.inst.httpclient.okhttp.v3.OkHttpCallInstrumentationTest
[INFO] Tests run: 5, Failures: 0, Errors: 0, Skipped: 0, Time elapsed: 0.221 s - in io.arex.inst.httpclient.okhttp.v3.OkHttpCallInstrumentationTest
[INFO] Running io.arex.inst.httpclient.okhttp.v3.OkHttpClientAdapterTest
[INFO] Tests run: 6, Failures: 0, Errors: 0, Skipped: 0, Time elapsed: 0.087 s - in io.arex.inst.httpclient.okhttp.v3.OkHttpClientAdapterTest
[INFO]
[INFO] Results:
[INFO]
[INFO] Tests run: 15, Failures: 0, Errors: 0, Skipped: 0
[INFO]
[INFO]
[INFO] --- jacoco:0.8.8:report (report) @ arex-httpclient-okhttp-v3 ---
[INFO] Loading execution data file arex-instrumentation/httpclient/arex-httpclient-okhttp-v3/target/jacoco.exec
[INFO] Analyzed bundle 'arex-httpclient-okhttp-v3' with 6 classes
[INFO]
[INFO] -----------------------< io.arex:arex-netty-v4 >------------------------
[INFO] Building arex-netty-v4 0.3.4                                     [26/43]
[INFO]   from arex-instrumentation/netty/arex-netty-v4/pom.xml
[INFO] --------------------------------[ jar ]---------------------------------
[INFO]
[INFO] --- clean:3.2.0:clean (default-clean) @ arex-netty-v4 ---
[INFO]
[INFO] --- flatten:1.4.1:clean (flatten.clean) @ arex-netty-v4 ---
[INFO]
[INFO] --- jacoco:0.8.8:prepare-agent (default) @ arex-netty-v4 ---
[INFO] argLine set to -javaagent:/root/.m2/repository/org/jacoco/org.jacoco.agent/0.8.8/org.jacoco.agent-0.8.8-runtime.jar=destfile=/arex-agent-java/arex-instrumentation/netty/arex-netty-v4/target/jacoco.exec
[INFO]
[INFO] --- resources:3.3.0:resources (default-resources) @ arex-netty-v4 ---
[INFO] skip non existing resourceDirectory arex-instrumentation/netty/arex-netty-v4/src/main/resources
[INFO]
[INFO] --- flatten:1.4.1:flatten (flatten) @ arex-netty-v4 ---
[INFO] Generating flattened POM of project io.arex:arex-netty-v4:jar:0.3.4...
[INFO]
[INFO] --- compiler:3.8.1:compile (default-compile) @ arex-netty-v4 ---
[INFO] Changes detected - recompiling the module!
[INFO] Compiling 7 source files to arex-instrumentation/netty/arex-netty-v4/target/classes
[INFO] arex-instrumentation/netty/arex-netty-v4/src/main/java/io/arex/inst/netty/v4/server/ResponseTracingHandler.java: arex-instrumentation/netty/arex-netty-v4/src/main/java/io/arex/inst/netty/v4/server/ResponseTracingHandler.java uses or overrides a deprecated API.
[INFO] arex-instrumentation/netty/arex-netty-v4/src/main/java/io/arex/inst/netty/v4/server/ResponseTracingHandler.java: Recompile with -Xlint:deprecation for details.
[INFO]
[INFO] --- resources:3.3.0:testResources (default-testResources) @ arex-netty-v4 ---
[INFO] skip non existing resourceDirectory arex-instrumentation/netty/arex-netty-v4/src/test/resources
[INFO]
[INFO] --- compiler:3.8.1:testCompile (default-testCompile) @ arex-netty-v4 ---
[INFO] Changes detected - recompiling the module!
[INFO] Compiling 1 source file to arex-instrumentation/netty/arex-netty-v4/target/test-classes
[INFO] arex-instrumentation/netty/arex-netty-v4/src/test/java/io/arex/inst/netty/v4/server/RequestTracingHandlerTest.java: arex-instrumentation/netty/arex-netty-v4/src/test/java/io/arex/inst/netty/v4/server/RequestTracingHandlerTest.java uses unchecked or unsafe operations.
[INFO] arex-instrumentation/netty/arex-netty-v4/src/test/java/io/arex/inst/netty/v4/server/RequestTracingHandlerTest.java: Recompile with -Xlint:unchecked for details.
[INFO]
[INFO] --- surefire:2.22.2:test (default-test) @ arex-netty-v4 ---
[INFO]
[INFO] -------------------------------------------------------
[INFO]  T E S T S
[INFO] -------------------------------------------------------
[INFO] Running io.arex.inst.netty.v4.server.RequestTracingHandlerTest
[INFO] Tests run: 8, Failures: 0, Errors: 0, Skipped: 0, Time elapsed: 2.53 s - in io.arex.inst.netty.v4.server.RequestTracingHandlerTest
[INFO]
[INFO] Results:
[INFO]
[INFO] Tests run: 8, Failures: 0, Errors: 0, Skipped: 0
[INFO]
[INFO]
[INFO] --- jacoco:0.8.8:report (report) @ arex-netty-v4 ---
[INFO] Loading execution data file arex-instrumentation/netty/arex-netty-v4/target/jacoco.exec
[INFO] Analyzed bundle 'arex-netty-v4' with 8 classes
[INFO]
[INFO] --------------------------< io.arex:arex-jwt >--------------------------
[INFO] Building arex-jwt 0.3.4                                          [27/43]
[INFO]   from arex-instrumentation/authentication/arex-jwt/pom.xml
[INFO] --------------------------------[ jar ]---------------------------------
[INFO]
[INFO] --- clean:3.2.0:clean (default-clean) @ arex-jwt ---
[INFO]
[INFO] --- flatten:1.4.1:clean (flatten.clean) @ arex-jwt ---
[INFO]
[INFO] --- jacoco:0.8.8:prepare-agent (default) @ arex-jwt ---
[INFO] argLine set to -javaagent:/root/.m2/repository/org/jacoco/org.jacoco.agent/0.8.8/org.jacoco.agent-0.8.8-runtime.jar=destfile=/arex-agent-java/arex-instrumentation/authentication/arex-jwt/target/jacoco.exec
[INFO]
[INFO] --- resources:3.3.0:resources (default-resources) @ arex-jwt ---
[INFO] skip non existing resourceDirectory arex-instrumentation/authentication/arex-jwt/src/main/resources
[INFO]
[INFO] --- flatten:1.4.1:flatten (flatten) @ arex-jwt ---
[INFO] Generating flattened POM of project io.arex:arex-jwt:jar:0.3.4...
[INFO]
[INFO] --- compiler:3.8.1:compile (default-compile) @ arex-jwt ---
[INFO] Changes detected - recompiling the module!
[INFO] Compiling 2 source files to arex-instrumentation/authentication/arex-jwt/target/classes
[INFO]
[INFO] --- resources:3.3.0:testResources (default-testResources) @ arex-jwt ---
[INFO] skip non existing resourceDirectory arex-instrumentation/authentication/arex-jwt/src/test/resources
[INFO]
[INFO] --- compiler:3.8.1:testCompile (default-testCompile) @ arex-jwt ---
[INFO] Changes detected - recompiling the module!
[INFO] Compiling 2 source files to arex-instrumentation/authentication/arex-jwt/target/test-classes
[INFO]
[INFO] --- surefire:2.22.2:test (default-test) @ arex-jwt ---
[INFO]
[INFO] -------------------------------------------------------
[INFO]  T E S T S
[INFO] -------------------------------------------------------
[INFO] Running io.arex.inst.authentication.jwt.JWTModuleInstrumentationTest
[INFO] Tests run: 1, Failures: 0, Errors: 0, Skipped: 0, Time elapsed: 0.041 s - in io.arex.inst.authentication.jwt.JWTModuleInstrumentationTest
[INFO] Running io.arex.inst.authentication.jwt.JWTInstrumentationTest
[INFO] Tests run: 4, Failures: 0, Errors: 0, Skipped: 0, Time elapsed: 1.05 s - in io.arex.inst.authentication.jwt.JWTInstrumentationTest
[INFO]
[INFO] Results:
[INFO]
[INFO] Tests run: 5, Failures: 0, Errors: 0, Skipped: 0
[INFO]
[INFO]
[INFO] --- jacoco:0.8.8:report (report) @ arex-jwt ---
[INFO] Loading execution data file arex-instrumentation/authentication/arex-jwt/target/jacoco.exec
[INFO] Analyzed bundle 'arex-jwt' with 3 classes
[INFO]
[INFO] ---------------------< io.arex:arex-dubbo-common >----------------------
[INFO] Building arex-dubbo-common 0.3.4                                 [28/43]
[INFO]   from arex-instrumentation/dubbo/arex-dubbo-common/pom.xml
[INFO] --------------------------------[ jar ]---------------------------------
[INFO]
[INFO] --- clean:3.2.0:clean (default-clean) @ arex-dubbo-common ---
[INFO]
[INFO] --- flatten:1.4.1:clean (flatten.clean) @ arex-dubbo-common ---
[INFO]
[INFO] --- jacoco:0.8.8:prepare-agent (default) @ arex-dubbo-common ---
[INFO] argLine set to -javaagent:/root/.m2/repository/org/jacoco/org.jacoco.agent/0.8.8/org.jacoco.agent-0.8.8-runtime.jar=destfile=/arex-agent-java/arex-instrumentation/dubbo/arex-dubbo-common/target/jacoco.exec
[INFO]
[INFO] --- resources:3.3.0:resources (default-resources) @ arex-dubbo-common ---
[INFO] skip non existing resourceDirectory arex-instrumentation/dubbo/arex-dubbo-common/src/main/resources
[INFO]
[INFO] --- flatten:1.4.1:flatten (flatten) @ arex-dubbo-common ---
[INFO] Generating flattened POM of project io.arex:arex-dubbo-common:jar:0.3.4...
[INFO]
[INFO] --- compiler:3.8.1:compile (default-compile) @ arex-dubbo-common ---
[INFO] Changes detected - recompiling the module!
[INFO] Compiling 2 source files to arex-instrumentation/dubbo/arex-dubbo-common/target/classes
[INFO] arex-instrumentation/dubbo/arex-dubbo-common/src/main/java/io/arex/inst/dubbo/common/AbstractAdapter.java: arex-instrumentation/dubbo/arex-dubbo-common/src/main/java/io/arex/inst/dubbo/common/AbstractAdapter.java uses unchecked or unsafe operations.
[INFO] arex-instrumentation/dubbo/arex-dubbo-common/src/main/java/io/arex/inst/dubbo/common/AbstractAdapter.java: Recompile with -Xlint:unchecked for details.
[INFO]
[INFO] --- resources:3.3.0:testResources (default-testResources) @ arex-dubbo-common ---
[INFO] skip non existing resourceDirectory arex-instrumentation/dubbo/arex-dubbo-common/src/test/resources
[INFO]
[INFO] --- compiler:3.8.1:testCompile (default-testCompile) @ arex-dubbo-common ---
[INFO] Changes detected - recompiling the module!
[INFO] Compiling 3 source files to arex-instrumentation/dubbo/arex-dubbo-common/target/test-classes
[INFO]
[INFO] --- surefire:2.22.2:test (default-test) @ arex-dubbo-common ---
[INFO]
[INFO] -------------------------------------------------------
[INFO]  T E S T S
[INFO] -------------------------------------------------------
[INFO] Running io.arex.inst.dubbo.common.AbstractAdapterTest
[INFO] Tests run: 3, Failures: 0, Errors: 0, Skipped: 0, Time elapsed: 1.289 s - in io.arex.inst.dubbo.common.AbstractAdapterTest
[INFO] Running io.arex.inst.dubbo.common.DubboExtractorTest
[INFO] Tests run: 8, Failures: 0, Errors: 0, Skipped: 0, Time elapsed: 0.31 s - in io.arex.inst.dubbo.common.DubboExtractorTest
[INFO]
[INFO] Results:
[INFO]
[INFO] Tests run: 11, Failures: 0, Errors: 0, Skipped: 0
[INFO]
[INFO]
[INFO] --- jacoco:0.8.8:report (report) @ arex-dubbo-common ---
[INFO] Loading execution data file arex-instrumentation/dubbo/arex-dubbo-common/target/jacoco.exec
[INFO] Analyzed bundle 'arex-dubbo-common' with 2 classes
[INFO]
[INFO] --------------------< io.arex:arex-dubbo-apache-v2 >--------------------
[INFO] Building arex-dubbo-apache-v2 0.3.4                              [29/43]
[INFO]   from arex-instrumentation/dubbo/arex-dubbo-apache-v2/pom.xml
[INFO] --------------------------------[ jar ]---------------------------------
[INFO]
[INFO] --- clean:3.2.0:clean (default-clean) @ arex-dubbo-apache-v2 ---
[INFO]
[INFO] --- flatten:1.4.1:clean (flatten.clean) @ arex-dubbo-apache-v2 ---
[INFO]
[INFO] --- jacoco:0.8.8:prepare-agent (default) @ arex-dubbo-apache-v2 ---
[INFO] argLine set to -javaagent:/root/.m2/repository/org/jacoco/org.jacoco.agent/0.8.8/org.jacoco.agent-0.8.8-runtime.jar=destfile=/arex-agent-java/arex-instrumentation/dubbo/arex-dubbo-apache-v2/target/jacoco.exec
[INFO]
[INFO] --- resources:3.3.0:resources (default-resources) @ arex-dubbo-apache-v2 ---
[INFO] skip non existing resourceDirectory arex-instrumentation/dubbo/arex-dubbo-apache-v2/src/main/resources
[INFO]
[INFO] --- flatten:1.4.1:flatten (flatten) @ arex-dubbo-apache-v2 ---
[INFO] Generating flattened POM of project io.arex:arex-dubbo-apache-v2:jar:0.3.4...
[INFO]
[INFO] --- compiler:3.8.1:compile (default-compile) @ arex-dubbo-apache-v2 ---
[INFO] Changes detected - recompiling the module!
[INFO] Compiling 6 source files to arex-instrumentation/dubbo/arex-dubbo-apache-v2/target/classes
[INFO] arex-instrumentation/dubbo/arex-dubbo-apache-v2/src/main/java/io/arex/inst/dubbo/apache/v2/DubboProviderExtractor.java: arex-instrumentation/dubbo/arex-dubbo-apache-v2/src/main/java/io/arex/inst/dubbo/apache/v2/DubboProviderExtractor.java uses or overrides a deprecated API.
[INFO] arex-instrumentation/dubbo/arex-dubbo-apache-v2/src/main/java/io/arex/inst/dubbo/apache/v2/DubboProviderExtractor.java: Recompile with -Xlint:deprecation for details.
[INFO] Some messages have been simplified; recompile with -Xdiags:verbose to get full output
[INFO] -------------------------------------------------------------
[ERROR] COMPILATION ERROR :
[INFO] -------------------------------------------------------------
[ERROR] arex-instrumentation/dubbo/arex-dubbo-apache-v2/src/main/java/io/arex/inst/dubbo/apache/v2/DubboConsumerExtractor.java:[43,47] incompatible types: org.apache.dubbo.rpc.AsyncRpcResult cannot be converted to java.util.concurrent.CompletableFuture<?>
[ERROR] arex-instrumentation/dubbo/arex-dubbo-apache-v2/src/main/java/io/arex/inst/dubbo/apache/v2/DubboConsumerExtractor.java:[45,60] incompatible types: org.apache.dubbo.rpc.AsyncRpcResult cannot be converted to java.util.concurrent.CompletableFuture<?>
[INFO] 2 errors
[INFO] -------------------------------------------------------------
[INFO] ------------------------------------------------------------------------
[INFO] Reactor Summary for arex-agent-java 0.3.4:
[INFO]
[INFO] arex-agent-java .................................... SUCCESS [  1.746 s]
[INFO] arex-third-party ................................... SUCCESS [  2.092 s]
[INFO] arex-agent-bootstrap ............................... SUCCESS [  5.885 s]
[INFO] arex-instrumentation-api ........................... SUCCESS [  3.266 s]
[INFO] arex-instrumentation-foundation .................... SUCCESS [  7.407 s]
[INFO] arex-agent-core .................................... SUCCESS [  5.066 s]
[INFO] arex-instrumentation-parent ........................ SUCCESS [  0.010 s]
[INFO] arex-executors ..................................... SUCCESS [  2.526 s]
[INFO] arex-loader ........................................ SUCCESS [  1.300 s]
[INFO] arex-httpservlet ................................... SUCCESS [  7.756 s]
[INFO] arex-httpclient-common ............................. SUCCESS [  2.591 s]
[INFO] arex-httpclient-apache-v4 .......................... SUCCESS [  4.575 s]
[INFO] arex-database-common ............................... SUCCESS [  3.409 s]
[INFO] arex-database-hibernate ............................ SUCCESS [  3.532 s]
[INFO] arex-database-mybatis3 ............................. SUCCESS [  3.304 s]
[INFO] arex-redis-common .................................. SUCCESS [  2.307 s]
[INFO] arex-jedis-v4 ...................................... SUCCESS [  4.723 s]
[INFO] arex-lettuce-v6 .................................... SUCCESS [  7.184 s]
[INFO] arex-redission-v3 .................................. SUCCESS [  5.030 s]
[INFO] arex-serializer .................................... SUCCESS [  0.266 s]
[INFO] arex-dynamic-common ................................ SUCCESS [  3.224 s]
[INFO] arex-dynamic ....................................... SUCCESS [  4.652 s]
[INFO] arex-cache ......................................... SUCCESS [  3.497 s]
[INFO] arex-time-machine .................................. SUCCESS [  2.461 s]
[INFO] arex-httpclient-okhttp-v3 .......................... SUCCESS [  3.425 s]
[INFO] arex-netty-v4 ...................................... SUCCESS [  4.209 s]
[INFO] arex-jwt ........................................... SUCCESS [  2.215 s]
[INFO] arex-dubbo-common .................................. SUCCESS [  2.761 s]
[INFO] arex-dubbo-apache-v2 ............................... FAILURE [  1.620 s]
[INFO] arex-dubbo-apache-v3 ............................... SKIPPED
[INFO] arex-dubbo-alibaba ................................. SKIPPED
[INFO] arex-spring-security ............................... SKIPPED
[INFO] arex-httpclient-webclient-v5 ....................... SKIPPED
[INFO] arex-shiro ......................................... SKIPPED
[INFO] arex-jcasbin ....................................... SKIPPED
[INFO] arex-agent ......................................... SKIPPED
[INFO] arex-jedis-v2 ...................................... SKIPPED
[INFO] arex-attacher ...................................... SKIPPED
[INFO] arex-integration-tests ............................. SKIPPED
[INFO] arex-common-integration-test ....................... SKIPPED
[INFO] arex-main-integration-test ......................... SKIPPED
[INFO] arex-dynamic-integration-test ...................... SKIPPED
[INFO] arex-jedis-v4-integration-test ..................... SKIPPED
[INFO] ------------------------------------------------------------------------
[INFO] BUILD FAILURE
[INFO] ------------------------------------------------------------------------
[INFO] Total time:  01:42 min
[INFO] Finished at: 2023-08-05T18:45:49Z
[INFO] ------------------------------------------------------------------------
[WARNING]
[WARNING] Plugin validation issues were detected in 4 plugin(s)
[WARNING]
[WARNING]  * org.apache.maven.plugins:maven-compiler-plugin:3.8.1
[WARNING]  * org.jacoco:jacoco-maven-plugin:0.8.8
[WARNING]  * org.apache.maven.plugins:maven-surefire-plugin:2.22.2
[WARNING]  * org.apache.maven.plugins:maven-resources-plugin:3.3.0
[WARNING]
[WARNING] For more or less details, use 'maven.plugin.validation' property with one of the values (case insensitive): [BRIEF, DEFAULT, VERBOSE]
[WARNING]
[ERROR] Failed to execute goal org.apache.maven.plugins:maven-compiler-plugin:3.8.1:compile (default-compile) on project arex-dubbo-apache-v2: Compilation failure: Compilation failure:
[ERROR] arex-instrumentation/dubbo/arex-dubbo-apache-v2/src/main/java/io/arex/inst/dubbo/apache/v2/DubboConsumerExtractor.java:[43,47] incompatible types: org.apache.dubbo.rpc.AsyncRpcResult cannot be converted to java.util.concurrent.CompletableFuture<?>
[ERROR] arex-instrumentation/dubbo/arex-dubbo-apache-v2/src/main/java/io/arex/inst/dubbo/apache/v2/DubboConsumerExtractor.java:[45,60] incompatible types: org.apache.dubbo.rpc.AsyncRpcResult cannot be converted to java.util.concurrent.CompletableFuture<?>
[ERROR] -> [Help 1]
[ERROR]
[ERROR] To see the full stack trace of the errors, re-run Maven with the -e switch.
[ERROR] Re-run Maven using the -X switch to enable full debug logging.
[ERROR]
[ERROR] For more information about the errors and possible solutions, please read the following articles:
[ERROR] [Help 1] http://cwiki.apache.org/confluence/display/MAVEN/MojoFailureException
[ERROR]
[ERROR] After correcting the problems, you can resume the build with the command
[ERROR]   mvn <args> -rf :arex-dubbo-apache-v2
