[INFO] ------------------------------------------------------------------------
[INFO] Reactor Build Order:
[INFO]
[INFO] NEM Core                                                           [jar]
[INFO] NEM Deploy                                                         [jar]
[INFO] NEM Peer                                                           [jar]
[INFO] NEM Infrastructure Server                                          [jar]
[INFO] NEM Infrastructure Server - ALL                                    [pom]
[INFO]
[INFO] -----------------------< org.nem.core:nem-core >------------------------
[INFO] Building NEM Core 0.6.100                                          [1/5]
[INFO]   from core/pom.xml
[INFO] --------------------------------[ jar ]---------------------------------
[INFO]
[INFO] --- clean:3.2.0:clean (default-clean) @ nem-core ---
[INFO]
[INFO] --- jacoco:0.8.8:prepare-agent (default) @ nem-core ---
[INFO] argLine set to -javaagent:/root/.m2/repository/org/jacoco/org.jacoco.agent/0.8.8/org.jacoco.agent-0.8.8-runtime.jar=destfile=/nem/core/target/jacoco.exec
[INFO]
[INFO] --- resources:3.3.0:resources (default-resources) @ nem-core ---
[INFO] Copying 5 resources
[INFO]
[INFO] --- compiler:3.10.1:compile (default-compile) @ nem-core ---
[INFO] Changes detected - recompiling the module!
[INFO] Compiling 280 source files to core/target/classes
[INFO]
[INFO] --- build-helper:3.3.0:add-test-source (add-test-source) @ nem-core ---
[INFO] Test Source directory: core/src/it/java added.
[INFO]
[INFO] --- resources:3.3.0:testResources (default-testResources) @ nem-core ---
[INFO] Copying 1 resource
[INFO]
[INFO] --- compiler:3.10.1:testCompile (default-testCompile) @ nem-core ---
[INFO] Changes detected - recompiling the module!
[INFO] Compiling 278 source files to core/target/test-classes
[INFO]
[INFO] --- surefire:2.22.2:test (default-test) @ nem-core ---
[INFO]
[INFO] -------------------------------------------------------
[INFO]  T E S T S
[INFO] -------------------------------------------------------
[INFO] Running org.nem.core.connect.ErrorResponseTest
[INFO] Tests run: 8, Failures: 0, Errors: 0, Skipped: 0, Time elapsed: 0.088 s - in org.nem.core.connect.ErrorResponseTest
[INFO] Running org.nem.core.connect.HttpVoidResponseStrategyTest
[INFO] Tests run: 3, Failures: 0, Errors: 0, Skipped: 0, Time elapsed: 0.2 s - in org.nem.core.connect.HttpVoidResponseStrategyTest
[INFO] Running org.nem.core.connect.HttpBinaryPostRequestTest
[INFO] Tests run: 2, Failures: 0, Errors: 0, Skipped: 0, Time elapsed: 0 s - in org.nem.core.connect.HttpBinaryPostRequestTest
[INFO] Running org.nem.core.connect.client.DefaultAsyncNemConnectorTest
[INFO] Tests run: 8, Failures: 0, Errors: 0, Skipped: 0, Time elapsed: 0.502 s - in org.nem.core.connect.client.DefaultAsyncNemConnectorTest
[INFO] Running org.nem.core.connect.HttpJsonResponseStrategyTest
[INFO] Tests run: 4, Failures: 0, Errors: 0, Skipped: 0, Time elapsed: 0.003 s - in org.nem.core.connect.HttpJsonResponseStrategyTest
[INFO] Running org.nem.core.connect.HttpDeserializerResponseStrategyTest
[INFO] Tests run: 2, Failures: 0, Errors: 0, Skipped: 0, Time elapsed: 0.001 s - in org.nem.core.connect.HttpDeserializerResponseStrategyTest
[INFO] Running org.nem.core.connect.ErrorResponseDeserializerUnionTest
[INFO] Tests run: 5, Failures: 0, Errors: 0, Skipped: 0, Time elapsed: 0.003 s - in org.nem.core.connect.ErrorResponseDeserializerUnionTest
[INFO] Running org.nem.core.connect.HttpBinaryResponseStrategyTest
[INFO] Tests run: 3, Failures: 0, Errors: 0, Skipped: 0, Time elapsed: 0.002 s - in org.nem.core.connect.HttpBinaryResponseStrategyTest
[INFO] Running org.nem.core.connect.HttpJsonPostRequestTest
[INFO] Tests run: 3, Failures: 0, Errors: 0, Skipped: 0, Time elapsed: 0 s - in org.nem.core.connect.HttpJsonPostRequestTest
[INFO] Running org.nem.core.connect.VersionProviderTest
[INFO] Tests run: 5, Failures: 0, Errors: 0, Skipped: 0, Time elapsed: 0.027 s - in org.nem.core.connect.VersionProviderTest
[INFO] Running org.nem.core.connect.HttpErrorResponseDeserializerUnionStrategyTest
[INFO] Tests run: 5, Failures: 0, Errors: 0, Skipped: 0, Time elapsed: 0.003 s - in org.nem.core.connect.HttpErrorResponseDeserializerUnionStrategyTest
[INFO] Running org.nem.core.connect.HttpMethodClientTest
[INFO] Tests run: 20, Failures: 0, Errors: 0, Skipped: 0, Time elapsed: 6.004 s - in org.nem.core.connect.HttpMethodClientTest
[INFO] Running org.nem.core.utils.AbstractTwoLevelMapTest
[INFO] Tests run: 9, Failures: 0, Errors: 0, Skipped: 0, Time elapsed: 0.004 s - in org.nem.core.utils.AbstractTwoLevelMapTest
[INFO] Running org.nem.core.utils.ArrayUtilsTest
[INFO] Tests run: 32, Failures: 0, Errors: 0, Skipped: 0, Time elapsed: 0.042 s - in org.nem.core.utils.ArrayUtilsTest
[INFO] Running org.nem.core.utils.LockFileTest
[INFO] Tests run: 8, Failures: 0, Errors: 0, Skipped: 0, Time elapsed: 0.025 s - in org.nem.core.utils.LockFileTest
[INFO] Running org.nem.core.utils.MustBeTest
[INFO] Tests run: 22, Failures: 0, Errors: 0, Skipped: 0, Time elapsed: 0.007 s - in org.nem.core.utils.MustBeTest
[INFO] Running org.nem.core.utils.SetOnceTest
[INFO] Tests run: 4, Failures: 0, Errors: 0, Skipped: 0, Time elapsed: 0 s - in org.nem.core.utils.SetOnceTest
[INFO] Running org.nem.core.utils.CircularStackTest
[INFO] Tests run: 11, Failures: 0, Errors: 0, Skipped: 0, Time elapsed: 0 s - in org.nem.core.utils.CircularStackTest
[INFO] Running org.nem.core.utils.Base64EncoderTest
[INFO] Tests run: 4, Failures: 0, Errors: 0, Skipped: 0, Time elapsed: 0 s - in org.nem.core.utils.Base64EncoderTest
[INFO] Running org.nem.core.utils.Base32EncoderTest
[INFO] Tests run: 4, Failures: 0, Errors: 0, Skipped: 0, Time elapsed: 0 s - in org.nem.core.utils.Base32EncoderTest
[INFO] Running org.nem.core.utils.StringEncoderTest
[INFO] Tests run: 2, Failures: 0, Errors: 0, Skipped: 0, Time elapsed: 0 s - in org.nem.core.utils.StringEncoderTest
[INFO] Running org.nem.core.utils.HexEncoderTest
[INFO] Tests run: 10, Failures: 0, Errors: 0, Skipped: 0, Time elapsed: 0.001 s - in org.nem.core.utils.HexEncoderTest
[INFO] Running org.nem.core.utils.ByteUtilsTest
[INFO] Tests run: 23, Failures: 0, Errors: 0, Skipped: 0, Time elapsed: 0.001 s - in org.nem.core.utils.ByteUtilsTest
[INFO] Running org.nem.core.utils.ExceptionUtilsTest
[INFO] Tests run: 18, Failures: 0, Errors: 0, Skipped: 0, Time elapsed: 0.049 s - in org.nem.core.utils.ExceptionUtilsTest
[INFO] Running org.nem.core.utils.FormatUtilsTest
[INFO] Tests run: 5, Failures: 0, Errors: 0, Skipped: 0, Time elapsed: 0.004 s - in org.nem.core.utils.FormatUtilsTest
[INFO] Running org.nem.core.utils.StringUtilsTest
[INFO] Tests run: 8, Failures: 0, Errors: 0, Skipped: 0, Time elapsed: 0.001 s - in org.nem.core.utils.StringUtilsTest
[INFO] Running org.nem.core.serialization.SerializationContextTest
[INFO] Tests run: 1, Failures: 0, Errors: 0, Skipped: 0, Time elapsed: 0 s - in org.nem.core.serialization.SerializationContextTest
[INFO] Running org.nem.core.serialization.DeserializationContextTest
[INFO] Tests run: 2, Failures: 0, Errors: 0, Skipped: 0, Time elapsed: 0.005 s - in org.nem.core.serialization.DeserializationContextTest
[INFO] Running org.nem.core.serialization.JsonSerializerTest
[INFO] Tests run: 38, Failures: 0, Errors: 0, Skipped: 0, Time elapsed: 0.012 s - in org.nem.core.serialization.JsonSerializerTest
[INFO] Running org.nem.core.serialization.SerializableListTest
[INFO] Tests run: 22, Failures: 0, Errors: 0, Skipped: 0, Time elapsed: 0.002 s - in org.nem.core.serialization.SerializableListTest
[INFO] Running org.nem.core.serialization.primitive.BinaryPrimitiveSerializationTest
[INFO] Tests run: 63, Failures: 0, Errors: 0, Skipped: 0, Time elapsed: 0.012 s - in org.nem.core.serialization.primitive.BinaryPrimitiveSerializationTest
[INFO] Running org.nem.core.serialization.primitive.JsonPrimitiveSerializationTest
[INFO] Tests run: 63, Failures: 0, Errors: 0, Skipped: 0, Time elapsed: 0.006 s - in org.nem.core.serialization.primitive.JsonPrimitiveSerializationTest
[INFO] Running org.nem.core.serialization.primitive.BinaryPrimitiveTruncationTest
[INFO] Tests run: 16, Failures: 0, Errors: 0, Skipped: 0, Time elapsed: 0.015 s - in org.nem.core.serialization.primitive.BinaryPrimitiveTruncationTest
[INFO] Running org.nem.core.serialization.primitive.JsonPrimitiveTruncationTest
[INFO] Tests run: 16, Failures: 0, Errors: 0, Skipped: 0, Time elapsed: 0.015 s - in org.nem.core.serialization.primitive.JsonPrimitiveTruncationTest
[INFO] Running org.nem.core.serialization.BinarySerializerTest
[INFO] Tests run: 26, Failures: 0, Errors: 0, Skipped: 0, Time elapsed: 0 s - in org.nem.core.serialization.BinarySerializerTest
[INFO] Running org.nem.core.i18n.UTF8ResourceBundleControlTest
[INFO] Tests run: 2, Failures: 0, Errors: 0, Skipped: 0, Time elapsed: 0.001 s - in org.nem.core.i18n.UTF8ResourceBundleControlTest
[INFO] Running org.nem.core.crypto.HashChainTest
[INFO] Tests run: 2, Failures: 0, Errors: 0, Skipped: 0, Time elapsed: 0 s - in org.nem.core.crypto.HashChainTest
[INFO] Running org.nem.core.crypto.PublicKeyTest
[INFO] Tests run: 7, Failures: 0, Errors: 0, Skipped: 0, Time elapsed: 0 s - in org.nem.core.crypto.PublicKeyTest
[INFO] Running org.nem.core.crypto.HashTest
[INFO] Tests run: 9, Failures: 0, Errors: 0, Skipped: 0, Time elapsed: 0 s - in org.nem.core.crypto.HashTest
[INFO] Running org.nem.core.crypto.secp256k1.SecP256K1KeyAnalyzerTest
[INFO] Tests run: 3, Failures: 0, Errors: 0, Skipped: 0, Time elapsed: 0.092 s - in org.nem.core.crypto.secp256k1.SecP256K1KeyAnalyzerTest
[INFO] Running org.nem.core.crypto.secp256k1.SepP256K1CurveTest
[INFO] Tests run: 3, Failures: 0, Errors: 0, Skipped: 0, Time elapsed: 0 s - in org.nem.core.crypto.secp256k1.SepP256K1CurveTest
[INFO] Running org.nem.core.crypto.secp256k1.SecP256K1UtilsTest
[INFO] Tests run: 2, Failures: 0, Errors: 0, Skipped: 0, Time elapsed: 0.008 s - in org.nem.core.crypto.secp256k1.SecP256K1UtilsTest
[INFO] Running org.nem.core.crypto.secp256k1.SecP256K1KeyGeneratorTest
[INFO] Tests run: 4, Failures: 0, Errors: 0, Skipped: 0, Time elapsed: 0.051 s - in org.nem.core.crypto.secp256k1.SecP256K1KeyGeneratorTest
[INFO] Running org.nem.core.crypto.secp256k1.SecP256K1CryptoEngineTest
[INFO] Tests run: 5, Failures: 0, Errors: 0, Skipped: 0, Time elapsed: 0.016 s - in org.nem.core.crypto.secp256k1.SecP256K1CryptoEngineTest
[INFO] Running org.nem.core.crypto.secp256k1.SecP256K1DsaSignerTest
[INFO] Tests run: 11, Failures: 0, Errors: 0, Skipped: 0, Time elapsed: 0.085 s - in org.nem.core.crypto.secp256k1.SecP256K1DsaSignerTest
[INFO] Running org.nem.core.crypto.secp256k1.SecP256K1BlockCipherTest
[INFO] Tests run: 5, Failures: 0, Errors: 0, Skipped: 0, Time elapsed: 0.068 s - in org.nem.core.crypto.secp256k1.SecP256K1BlockCipherTest
[INFO] Running org.nem.core.crypto.SignerTest
[INFO] Tests run: 7, Failures: 0, Errors: 0, Skipped: 0, Time elapsed: 0.01 s - in org.nem.core.crypto.SignerTest
[INFO] Running org.nem.core.crypto.SignatureTest
[INFO] Tests run: 20, Failures: 0, Errors: 0, Skipped: 0, Time elapsed: 0.001 s - in org.nem.core.crypto.SignatureTest
[INFO] Running org.nem.core.crypto.PrivateKeyTest
[INFO] Tests run: 12, Failures: 0, Errors: 0, Skipped: 0, Time elapsed: 0 s - in org.nem.core.crypto.PrivateKeyTest
[INFO] Running org.nem.core.crypto.ed25519.Ed25519CurveTest
[INFO] Tests run: 3, Failures: 0, Errors: 0, Skipped: 0, Time elapsed: 0 s - in org.nem.core.crypto.ed25519.Ed25519CurveTest
[INFO] Running org.nem.core.crypto.ed25519.Ed25519CryptoEngineTest
[INFO] Tests run: 5, Failures: 0, Errors: 0, Skipped: 0, Time elapsed: 0 s - in org.nem.core.crypto.ed25519.Ed25519CryptoEngineTest
[INFO] Running org.nem.core.crypto.ed25519.Ed25519UtilsTest
[INFO] Tests run: 1, Failures: 0, Errors: 0, Skipped: 0, Time elapsed: 0 s - in org.nem.core.crypto.ed25519.Ed25519UtilsTest
[INFO] Running org.nem.core.crypto.ed25519.Ed25519DsaSignerTest
[INFO] Tests run: 13, Failures: 0, Errors: 0, Skipped: 0, Time elapsed: 0.534 s - in org.nem.core.crypto.ed25519.Ed25519DsaSignerTest
[INFO] Running org.nem.core.crypto.ed25519.arithmetic.MathUtilsTest
[INFO] Tests run: 1, Failures: 0, Errors: 0, Skipped: 0, Time elapsed: 0.125 s - in org.nem.core.crypto.ed25519.arithmetic.MathUtilsTest
[INFO] Running org.nem.core.crypto.ed25519.arithmetic.Ed25519EncodedFieldElementTest
[INFO] Tests run: 16, Failures: 0, Errors: 0, Skipped: 0, Time elapsed: 0.12 s - in org.nem.core.crypto.ed25519.arithmetic.Ed25519EncodedFieldElementTest
[INFO] Running org.nem.core.crypto.ed25519.arithmetic.Ed25519FieldTest
[INFO] Tests run: 7, Failures: 0, Errors: 0, Skipped: 0, Time elapsed: 0 s - in org.nem.core.crypto.ed25519.arithmetic.Ed25519FieldTest
[INFO] Running org.nem.core.crypto.ed25519.arithmetic.Ed25519GroupElementTest
[INFO] Tests run: 38, Failures: 0, Errors: 0, Skipped: 0, Time elapsed: 3.594 s - in org.nem.core.crypto.ed25519.arithmetic.Ed25519GroupElementTest
[INFO] Running org.nem.core.crypto.ed25519.arithmetic.Ed25519GroupTest
[INFO] Tests run: 5, Failures: 0, Errors: 0, Skipped: 0, Time elapsed: 0.001 s - in org.nem.core.crypto.ed25519.arithmetic.Ed25519GroupTest
[INFO] Running org.nem.core.crypto.ed25519.arithmetic.Ed25519FieldElementTest
[INFO] Tests run: 19, Failures: 0, Errors: 0, Skipped: 0, Time elapsed: 0.155 s - in org.nem.core.crypto.ed25519.arithmetic.Ed25519FieldElementTest
[INFO] Running org.nem.core.crypto.ed25519.arithmetic.Ed25519EncodedGroupElementTest
[INFO] Tests run: 10, Failures: 0, Errors: 0, Skipped: 0, Time elapsed: 0.176 s - in org.nem.core.crypto.ed25519.arithmetic.Ed25519EncodedGroupElementTest
[INFO] Running org.nem.core.crypto.ed25519.Ed25519KeyGeneratorTest
[INFO] Tests run: 5, Failures: 0, Errors: 0, Skipped: 0, Time elapsed: 1.54 s - in org.nem.core.crypto.ed25519.Ed25519KeyGeneratorTest
[INFO] Running org.nem.core.crypto.ed25519.Ed25519BlockCipherTest
[INFO] Tests run: 6, Failures: 0, Errors: 0, Skipped: 0, Time elapsed: 0.045 s - in org.nem.core.crypto.ed25519.Ed25519BlockCipherTest
[INFO] Running org.nem.core.crypto.ed25519.Ed25519KeyAnalyzerTest
[INFO] Tests run: 2, Failures: 0, Errors: 0, Skipped: 0, Time elapsed: 0 s - in org.nem.core.crypto.ed25519.Ed25519KeyAnalyzerTest
[INFO] Running org.nem.core.crypto.CipherTest
[INFO] Tests run: 5, Failures: 0, Errors: 0, Skipped: 0, Time elapsed: 0 s - in org.nem.core.crypto.CipherTest
[INFO] Running org.nem.core.crypto.HashesTest
[INFO] Tests run: 15, Failures: 0, Errors: 0, Skipped: 0, Time elapsed: 0.002 s - in org.nem.core.crypto.HashesTest
[INFO] Running org.nem.core.crypto.KeyPairTest
[INFO] Tests run: 8, Failures: 0, Errors: 0, Skipped: 0, Time elapsed: 0.014 s - in org.nem.core.crypto.KeyPairTest
[INFO] Running org.nem.core.metadata.ApplicationMetaDataTest
[INFO] Tests run: 6, Failures: 0, Errors: 0, Skipped: 0, Time elapsed: 0.009 s - in org.nem.core.metadata.ApplicationMetaDataTest
[INFO] Running org.nem.core.metadata.JarFacadeTest
[INFO] Tests run: 7, Failures: 0, Errors: 0, Skipped: 0, Time elapsed: 0.009 s - in org.nem.core.metadata.JarFacadeTest
[INFO] Running org.nem.core.metadata.CodeSourceFacadeTest
[INFO] Tests run: 4, Failures: 0, Errors: 0, Skipped: 0, Time elapsed: 0 s - in org.nem.core.metadata.CodeSourceFacadeTest
[INFO] Running org.nem.core.metadata.MetaDataFactoryTest
[INFO] Tests run: 1, Failures: 0, Errors: 0, Skipped: 0, Time elapsed: 0 s - in org.nem.core.metadata.MetaDataFactoryTest
[INFO] Running org.nem.core.model.MultisigSignatureTransactionComparatorTest
[INFO] Tests run: 6, Failures: 0, Errors: 0, Skipped: 0, Time elapsed: 0 s - in org.nem.core.model.MultisigSignatureTransactionComparatorTest
[INFO] Running org.nem.core.model.BlockExtensionsTest
[INFO] Tests run: 4, Failures: 0, Errors: 0, Skipped: 0, Time elapsed: 0.013 s - in org.nem.core.model.BlockExtensionsTest
[INFO] Running org.nem.core.model.MosaicDefinitionCreationTransactionTest
[INFO] Tests run: 12, Failures: 0, Errors: 0, Skipped: 0, Time elapsed: 0.015 s - in org.nem.core.model.MosaicDefinitionCreationTransactionTest
[INFO] Running org.nem.core.model.MultisigCosignatoryModificationTest
[INFO] Tests run: 7, Failures: 0, Errors: 0, Skipped: 0, Time elapsed: 0.002 s - in org.nem.core.model.MultisigCosignatoryModificationTest
[INFO] Running org.nem.core.model.transactions.extensions.AggregateTransactionSerializationExtensionTest
[INFO] Tests run: 6, Failures: 0, Errors: 0, Skipped: 0, Time elapsed: 0.041 s - in org.nem.core.model.transactions.extensions.AggregateTransactionSerializationExtensionTest
[INFO] Running org.nem.core.model.transactions.extensions.AggregateTransactionValidationExtensionTest
[INFO] Tests run: 3, Failures: 0, Errors: 0, Skipped: 0, Time elapsed: 0.01 s - in org.nem.core.model.transactions.extensions.AggregateTransactionValidationExtensionTest
[INFO] Running org.nem.core.model.TransactionFeeCalculatorAfterForkTest
[INFO] Tests run: 57, Failures: 0, Errors: 0, Skipped: 0, Time elapsed: 0.099 s - in org.nem.core.model.TransactionFeeCalculatorAfterForkTest
[INFO] Running org.nem.core.model.observers.MosaicDefinitionCreationNotificationTest
[INFO] Tests run: 1, Failures: 0, Errors: 0, Skipped: 0, Time elapsed: 0 s - in org.nem.core.model.observers.MosaicDefinitionCreationNotificationTest
[INFO] Running org.nem.core.model.observers.AccountNotificationTest
[INFO] Tests run: 1, Failures: 0, Errors: 0, Skipped: 0, Time elapsed: 0 s - in org.nem.core.model.observers.AccountNotificationTest
[INFO] Running org.nem.core.model.observers.MosaicTransferNotificationTest
[INFO] Tests run: 1, Failures: 0, Errors: 0, Skipped: 0, Time elapsed: 0 s - in org.nem.core.model.observers.MosaicTransferNotificationTest
[INFO] Running org.nem.core.model.observers.MultisigCosignatoryModificationNotificationTest
[INFO] Tests run: 1, Failures: 0, Errors: 0, Skipped: 0, Time elapsed: 0 s - in org.nem.core.model.observers.MultisigCosignatoryModificationNotificationTest
[INFO] Running org.nem.core.model.observers.BalanceTransferNotificationTest
[INFO] Tests run: 1, Failures: 0, Errors: 0, Skipped: 0, Time elapsed: 0 s - in org.nem.core.model.observers.BalanceTransferNotificationTest
[INFO] Running org.nem.core.model.observers.NamedObserverTest
[INFO] Tests run: 1, Failures: 0, Errors: 0, Skipped: 0, Time elapsed: 0 s - in org.nem.core.model.observers.NamedObserverTest
[INFO] Running org.nem.core.model.observers.MosaicSupplyChangeNotificationTest
[INFO] Tests run: 1, Failures: 0, Errors: 0, Skipped: 0, Time elapsed: 0 s - in org.nem.core.model.observers.MosaicSupplyChangeNotificationTest
[INFO] Running org.nem.core.model.observers.BalanceAdjustmentNotificationTest
[INFO] Tests run: 1, Failures: 0, Errors: 0, Skipped: 0, Time elapsed: 0 s - in org.nem.core.model.observers.BalanceAdjustmentNotificationTest
[INFO] Running org.nem.core.model.observers.ProvisionNamespaceNotificationTest
[INFO] Tests run: 1, Failures: 0, Errors: 0, Skipped: 0, Time elapsed: 0 s - in org.nem.core.model.observers.ProvisionNamespaceNotificationTest
[INFO] Running org.nem.core.model.observers.ImportanceTransferNotificationTest
[INFO] Tests run: 1, Failures: 0, Errors: 0, Skipped: 0, Time elapsed: 0 s - in org.nem.core.model.observers.ImportanceTransferNotificationTest
[INFO] Running org.nem.core.model.observers.MultisigMinCosignatoriesModificationNotificationTest
[INFO] Tests run: 1, Failures: 0, Errors: 0, Skipped: 0, Time elapsed: 0.001 s - in org.nem.core.model.observers.MultisigMinCosignatoriesModificationNotificationTest
[INFO] Running org.nem.core.model.observers.ReverseTransactionObserverTest
[INFO] Tests run: 6, Failures: 0, Errors: 0, Skipped: 0, Time elapsed: 0 s - in org.nem.core.model.observers.ReverseTransactionObserverTest
[INFO] Running org.nem.core.model.observers.TransactionHashesNotificationTest
[INFO] Tests run: 1, Failures: 0, Errors: 0, Skipped: 0, Time elapsed: 0 s - in org.nem.core.model.observers.TransactionHashesNotificationTest
[INFO] Running org.nem.core.model.ncc.MosaicDefinitionSupplyPairTest
[INFO] Tests run: 7, Failures: 0, Errors: 0, Skipped: 0, Time elapsed: 0 s - in org.nem.core.model.ncc.MosaicDefinitionSupplyPairTest
[INFO] Running org.nem.core.model.ncc.MosaicDefinitionMetaDataPairTest
[INFO] Tests run: 2, Failures: 0, Errors: 0, Skipped: 0, Time elapsed: 0 s - in org.nem.core.model.ncc.MosaicDefinitionMetaDataPairTest
[INFO] Running org.nem.core.model.ncc.NemRequestResultTest
[INFO] Tests run: 5, Failures: 0, Errors: 0, Skipped: 0, Time elapsed: 0 s - in org.nem.core.model.ncc.NemRequestResultTest
[INFO] Running org.nem.core.model.ncc.PublicKeyBuilderTest
[INFO] Tests run: 1, Failures: 0, Errors: 0, Skipped: 0, Time elapsed: 0 s - in org.nem.core.model.ncc.PublicKeyBuilderTest
[INFO] Running org.nem.core.model.ncc.TransactionMetaDataPairTest
[INFO] Tests run: 2, Failures: 0, Errors: 0, Skipped: 0, Time elapsed: 0.001 s - in org.nem.core.model.ncc.TransactionMetaDataPairTest
[INFO] Running org.nem.core.model.ncc.UnconfirmedTransactionMetaDataPairTest
[INFO] Tests run: 2, Failures: 0, Errors: 0, Skipped: 0, Time elapsed: 0.002 s - in org.nem.core.model.ncc.UnconfirmedTransactionMetaDataPairTest
[INFO] Running org.nem.core.model.ncc.UnconfirmedTransactionMetaDataTest
[INFO] Tests run: 4, Failures: 0, Errors: 0, Skipped: 0, Time elapsed: 0 s - in org.nem.core.model.ncc.UnconfirmedTransactionMetaDataTest
[INFO] Running org.nem.core.model.ncc.AccountIdBuilderTest
[INFO] Tests run: 1, Failures: 0, Errors: 0, Skipped: 0, Time elapsed: 0 s - in org.nem.core.model.ncc.AccountIdBuilderTest
[INFO] Running org.nem.core.model.ncc.MosaicIdSupplyPairTest
[INFO] Tests run: 7, Failures: 0, Errors: 0, Skipped: 0, Time elapsed: 0.001 s - in org.nem.core.model.ncc.MosaicIdSupplyPairTest
[INFO] Running org.nem.core.model.ncc.HarvestInfoTest
[INFO] Tests run: 2, Failures: 0, Errors: 0, Skipped: 0, Time elapsed: 0 s - in org.nem.core.model.ncc.HarvestInfoTest
[INFO] Running org.nem.core.model.ncc.TransactionMetaDataTest
[INFO] Tests run: 4, Failures: 0, Errors: 0, Skipped: 0, Time elapsed: 0 s - in org.nem.core.model.ncc.TransactionMetaDataTest
[INFO] Running org.nem.core.model.ncc.RequestAnnounceTest
[INFO] Tests run: 2, Failures: 0, Errors: 0, Skipped: 0, Time elapsed: 0 s - in org.nem.core.model.ncc.RequestAnnounceTest
[INFO] Running org.nem.core.model.ncc.NemAnnounceResultTest
[INFO] Tests run: 9, Failures: 0, Errors: 0, Skipped: 0, Time elapsed: 0.002 s - in org.nem.core.model.ncc.NemAnnounceResultTest
[INFO] Running org.nem.core.model.ncc.NamespaceMetaDataPairTest
[INFO] Tests run: 2, Failures: 0, Errors: 0, Skipped: 0, Time elapsed: 0.001 s - in org.nem.core.model.ncc.NamespaceMetaDataPairTest
[INFO] Running org.nem.core.model.ncc.AccountMetaDataTest
[INFO] Tests run: 8, Failures: 0, Errors: 0, Skipped: 0, Time elapsed: 0.003 s - in org.nem.core.model.ncc.AccountMetaDataTest
[INFO] Running org.nem.core.model.ncc.SerializableAccountIdTest
[INFO] Tests run: 7, Failures: 0, Errors: 0, Skipped: 0, Time elapsed: 0.001 s - in org.nem.core.model.ncc.SerializableAccountIdTest
[INFO] Running org.nem.core.model.ncc.AccountInfoTest
[INFO] Tests run: 10, Failures: 0, Errors: 0, Skipped: 0, Time elapsed: 0.002 s - in org.nem.core.model.ncc.AccountInfoTest
[INFO] Running org.nem.core.model.ncc.AccountIdTest
[INFO] Tests run: 8, Failures: 0, Errors: 0, Skipped: 0, Time elapsed: 0.002 s - in org.nem.core.model.ncc.AccountIdTest
[INFO] Running org.nem.core.model.ncc.RequestPrepareAnnounceTest
[INFO] Tests run: 2, Failures: 0, Errors: 0, Skipped: 0, Time elapsed: 0.001 s - in org.nem.core.model.ncc.RequestPrepareAnnounceTest
[INFO] Running org.nem.core.model.ncc.MultisigInfoTest
[INFO] Tests run: 3, Failures: 0, Errors: 0, Skipped: 0, Time elapsed: 0 s - in org.nem.core.model.ncc.MultisigInfoTest
[INFO] Running org.nem.core.model.ncc.AccountMetaDataPairTest
[INFO] Tests run: 2, Failures: 0, Errors: 0, Skipped: 0, Time elapsed: 0.001 s - in org.nem.core.model.ncc.AccountMetaDataPairTest
[INFO] Running org.nem.core.model.ncc.DefaultMetaDataTest
[INFO] Tests run: 2, Failures: 0, Errors: 0, Skipped: 0, Time elapsed: 0 s - in org.nem.core.model.ncc.DefaultMetaDataTest
[INFO] Running org.nem.core.model.ncc.RequestPrepareTest
[INFO] Tests run: 2, Failures: 0, Errors: 0, Skipped: 0, Time elapsed: 0 s - in org.nem.core.model.ncc.RequestPrepareTest
[INFO] Running org.nem.core.model.TransactionTypesTest
[INFO] Tests run: 3, Failures: 0, Errors: 0, Skipped: 0, Time elapsed: 0 s - in org.nem.core.model.TransactionTypesTest
[INFO] Running org.nem.core.model.AccountStatusTest
[INFO] Tests run: 4, Failures: 0, Errors: 0, Skipped: 0, Time elapsed: 0 s - in org.nem.core.model.AccountStatusTest
[INFO] Running org.nem.core.model.KeyPairViewModelTest
[INFO] Tests run: 6, Failures: 0, Errors: 0, Skipped: 0, Time elapsed: 0 s - in org.nem.core.model.KeyPairViewModelTest
[INFO] Running org.nem.core.model.MultisigMinCosignatoriesModificationTest
[INFO] Tests run: 5, Failures: 0, Errors: 0, Skipped: 0, Time elapsed: 0 s - in org.nem.core.model.MultisigMinCosignatoriesModificationTest
[INFO] Running org.nem.core.model.NemPropertiesTest
[INFO] Tests run: 27, Failures: 0, Errors: 0, Skipped: 0, Time elapsed: 0.005 s - in org.nem.core.model.NemPropertiesTest
[INFO] Running org.nem.core.model.BlockChainConfigurationBuilderTest
[INFO] Tests run: 4, Failures: 0, Errors: 0, Skipped: 0, Time elapsed: 0.001 s - in org.nem.core.model.BlockChainConfigurationBuilderTest
[INFO] Running org.nem.core.model.NemesisBlockTest
[INFO] Tests run: 30, Failures: 0, Errors: 0, Skipped: 0, Time elapsed: 0.362 s - in org.nem.core.model.NemesisBlockTest
[INFO] Running org.nem.core.model.TransactionTest
[INFO] Tests run: 23, Failures: 0, Errors: 0, Skipped: 0, Time elapsed: 0.009 s - in org.nem.core.model.TransactionTest
[INFO] Running org.nem.core.model.MultisigModificationTypeTest
[INFO] Tests run: 4, Failures: 0, Errors: 0, Skipped: 0, Time elapsed: 0 s - in org.nem.core.model.MultisigModificationTypeTest
[INFO] Running org.nem.core.model.mosaic.MosaicTest
[INFO] Tests run: 6, Failures: 0, Errors: 0, Skipped: 0, Time elapsed: 0.001 s - in org.nem.core.model.mosaic.MosaicTest
[INFO] Running org.nem.core.model.mosaic.MosaicLevyTest
[INFO] Tests run: 7, Failures: 0, Errors: 0, Skipped: 0, Time elapsed: 0.003 s - in org.nem.core.model.mosaic.MosaicLevyTest
[INFO] Running org.nem.core.model.mosaic.DefaultMosaicTransferFeeCalculatorTest
[INFO] Tests run: 7, Failures: 0, Errors: 0, Skipped: 0, Time elapsed: 0.001 s - in org.nem.core.model.mosaic.DefaultMosaicTransferFeeCalculatorTest
[INFO] Running org.nem.core.model.mosaic.MosaicFeeInformationTest
[INFO] Tests run: 1, Failures: 0, Errors: 0, Skipped: 0, Time elapsed: 0 s - in org.nem.core.model.mosaic.MosaicFeeInformationTest
[INFO] Running org.nem.core.model.mosaic.MosaicDefinitionTest
[INFO] Tests run: 12, Failures: 0, Errors: 0, Skipped: 0, Time elapsed: 0.006 s - in org.nem.core.model.mosaic.MosaicDefinitionTest
[INFO] Running org.nem.core.model.mosaic.MosaicTransferFeeTypeTest
[INFO] Tests run: 3, Failures: 0, Errors: 0, Skipped: 0, Time elapsed: 0 s - in org.nem.core.model.mosaic.MosaicTransferFeeTypeTest
[INFO] Running org.nem.core.model.mosaic.MosaicUtilsTest
[INFO] Tests run: 13, Failures: 0, Errors: 0, Skipped: 0, Time elapsed: 0 s - in org.nem.core.model.mosaic.MosaicUtilsTest
[INFO] Running org.nem.core.model.mosaic.MosaicDescriptorTest
[INFO] Tests run: 11, Failures: 0, Errors: 0, Skipped: 0, Time elapsed: 0.011 s - in org.nem.core.model.mosaic.MosaicDescriptorTest
[INFO] Running org.nem.core.model.mosaic.MosaicConstantsTest
[INFO] Tests run: 4, Failures: 0, Errors: 0, Skipped: 0, Time elapsed: 0 s - in org.nem.core.model.mosaic.MosaicConstantsTest
[INFO] Running org.nem.core.model.mosaic.MosaicIdTest
[INFO] Tests run: 18, Failures: 0, Errors: 0, Skipped: 0, Time elapsed: 0.003 s - in org.nem.core.model.mosaic.MosaicIdTest
[INFO] Running org.nem.core.model.mosaic.DefaultMosaicPropertiesTest
[INFO] Tests run: 14, Failures: 0, Errors: 0, Skipped: 0, Time elapsed: 0.001 s - in org.nem.core.model.mosaic.DefaultMosaicPropertiesTest
[INFO] Running org.nem.core.model.TransactionExtensionsTest
[INFO] Tests run: 5, Failures: 0, Errors: 0, Skipped: 0, Time elapsed: 0.004 s - in org.nem.core.model.TransactionExtensionsTest
[INFO] Running org.nem.core.model.NetworkInfosTest
[INFO] Tests run: 27, Failures: 0, Errors: 0, Skipped: 0, Time elapsed: 0.006 s - in org.nem.core.model.NetworkInfosTest
[INFO] Running org.nem.core.model.NemGlobalsTest
[INFO] Tests run: 4, Failures: 0, Errors: 0, Skipped: 0, Time elapsed: 0 s - in org.nem.core.model.NemGlobalsTest
[INFO] Running org.nem.core.model.HashMetaDataTest
[INFO] Tests run: 3, Failures: 0, Errors: 0, Skipped: 0, Time elapsed: 0 s - in org.nem.core.model.HashMetaDataTest
[INFO] Running org.nem.core.model.MultisigTransactionTest
[INFO] Tests run: 26, Failures: 0, Errors: 0, Skipped: 0, Time elapsed: 0.019 s - in org.nem.core.model.MultisigTransactionTest
[INFO] Running org.nem.core.model.ImportanceTransferTransactionTest
[INFO] Tests run: 11, Failures: 0, Errors: 0, Skipped: 0, Time elapsed: 0.002 s - in org.nem.core.model.ImportanceTransferTransactionTest
[INFO] Running org.nem.core.model.TransferTransactionAttachmentTest
[INFO] Tests run: 7, Failures: 0, Errors: 0, Skipped: 0, Time elapsed: 0 s - in org.nem.core.model.TransferTransactionAttachmentTest
[INFO] Running org.nem.core.model.NemStatusTest
[INFO] Tests run: 2, Failures: 0, Errors: 0, Skipped: 0, Time elapsed: 0 s - in org.nem.core.model.NemStatusTest
[INFO] Running org.nem.core.model.HashUtilsTest
[INFO] Tests run: 5, Failures: 0, Errors: 0, Skipped: 0, Time elapsed: 0.001 s - in org.nem.core.model.HashUtilsTest
[INFO] Running org.nem.core.model.TransactionFactoryTest
[INFO] Tests run: 20, Failures: 0, Errors: 0, Skipped: 0, Time elapsed: 0.021 s - in org.nem.core.model.TransactionFactoryTest
[INFO] Running org.nem.core.model.NetworkInfoTest
[INFO] Tests run: 2, Failures: 0, Errors: 0, Skipped: 0, Time elapsed: 0 s - in org.nem.core.model.NetworkInfoTest
[INFO] Running org.nem.core.model.namespace.NamespaceTest
[INFO] Tests run: 8, Failures: 0, Errors: 0, Skipped: 0, Time elapsed: 0 s - in org.nem.core.model.namespace.NamespaceTest
[INFO] Running org.nem.core.model.namespace.NamespaceIdTest
[INFO] Tests run: 20, Failures: 0, Errors: 0, Skipped: 0, Time elapsed: 0.001 s - in org.nem.core.model.namespace.NamespaceIdTest
[INFO] Running org.nem.core.model.namespace.NamespaceIdPartTest
[INFO] Tests run: 8, Failures: 0, Errors: 0, Skipped: 0, Time elapsed: 0.001 s - in org.nem.core.model.namespace.NamespaceIdPartTest
[INFO] Running org.nem.core.model.namespace.ReservedNamespaceFilterTest
[INFO] Tests run: 6, Failures: 0, Errors: 0, Skipped: 0, Time elapsed: 0 s - in org.nem.core.model.namespace.ReservedNamespaceFilterTest
[INFO] Running org.nem.core.model.BlockMultisigTest
[INFO] Tests run: 1, Failures: 0, Errors: 0, Skipped: 0, Time elapsed: 0.002 s - in org.nem.core.model.BlockMultisigTest
[INFO] Running org.nem.core.model.BlockTest
[INFO] Tests run: 23, Failures: 0, Errors: 0, Skipped: 0, Time elapsed: 0.014 s - in org.nem.core.model.BlockTest
[INFO] Running org.nem.core.model.ProvisionNamespaceTransactionTest
[INFO] Tests run: 13, Failures: 0, Errors: 0, Skipped: 0, Time elapsed: 0.001 s - in org.nem.core.model.ProvisionNamespaceTransactionTest
[INFO] Running org.nem.core.model.DefaultTransactionFeeCalculatorTest
[INFO] Tests run: 10, Failures: 0, Errors: 0, Skipped: 0, Time elapsed: 0.034 s - in org.nem.core.model.DefaultTransactionFeeCalculatorTest
[INFO] Running org.nem.core.model.MultisigAggregateModificationTransactionTest
[INFO] Tests run: 82, Failures: 0, Errors: 0, Skipped: 0, Time elapsed: 0.042 s - in org.nem.core.model.MultisigAggregateModificationTransactionTest
[INFO] Running org.nem.core.model.FeeUnitAwareTransactionFeeCalculatorTest
[INFO] Tests run: 57, Failures: 0, Errors: 0, Skipped: 0, Time elapsed: 0.046 s - in org.nem.core.model.FeeUnitAwareTransactionFeeCalculatorTest
[INFO] Running org.nem.core.model.AccountTest
[INFO] Tests run: 27, Failures: 0, Errors: 0, Skipped: 0, Time elapsed: 0.024 s - in org.nem.core.model.AccountTest
[INFO] Running org.nem.core.model.VerifiableEntityTest
[INFO] Tests run: 28, Failures: 0, Errors: 0, Skipped: 0, Time elapsed: 0.007 s - in org.nem.core.model.VerifiableEntityTest
[INFO] Running org.nem.core.model.MosaicSupplyTypeTest
[INFO] Tests run: 5, Failures: 0, Errors: 0, Skipped: 0, Time elapsed: 0 s - in org.nem.core.model.MosaicSupplyTypeTest
[INFO] Running org.nem.core.model.ZeroTransactionFeeCalculatorTest
[INFO] Tests run: 3, Failures: 0, Errors: 0, Skipped: 0, Time elapsed: 0.003 s - in org.nem.core.model.ZeroTransactionFeeCalculatorTest
[INFO] Running org.nem.core.model.MessageTest
[INFO] Tests run: 2, Failures: 0, Errors: 0, Skipped: 0, Time elapsed: 0 s - in org.nem.core.model.MessageTest
[INFO] Running org.nem.core.model.NemPropertyTest
[INFO] Tests run: 8, Failures: 0, Errors: 0, Skipped: 0, Time elapsed: 0 s - in org.nem.core.model.NemPropertyTest
[INFO] Running org.nem.core.model.AddressTest
[INFO] Tests run: 35, Failures: 0, Errors: 0, Skipped: 0, Time elapsed: 0.014 s - in org.nem.core.model.AddressTest
[INFO] Running org.nem.core.model.BlockChainConfigurationTest
[INFO] Tests run: 9, Failures: 0, Errors: 0, Skipped: 0, Time elapsed: 0 s - in org.nem.core.model.BlockChainConfigurationTest
[INFO] Running org.nem.core.model.MosaicSupplyChangeTransactionTest
[INFO] Tests run: 14, Failures: 0, Errors: 0, Skipped: 0, Time elapsed: 0.005 s - in org.nem.core.model.MosaicSupplyChangeTransactionTest
[INFO] Running org.nem.core.model.primitive.NodeAgeTest
[INFO] Tests run: 4, Failures: 0, Errors: 0, Skipped: 0, Time elapsed: 0 s - in org.nem.core.model.primitive.NodeAgeTest
[INFO] Running org.nem.core.model.primitive.BlockHeightTest
[INFO] Tests run: 11, Failures: 0, Errors: 0, Skipped: 0, Time elapsed: 0.001 s - in org.nem.core.model.primitive.BlockHeightTest
[INFO] Running org.nem.core.model.primitive.QuantityTest
[INFO] Tests run: 10, Failures: 0, Errors: 0, Skipped: 0, Time elapsed: 0.001 s - in org.nem.core.model.primitive.QuantityTest
[INFO] Running org.nem.core.model.primitive.AbstractPrimitiveBigIntegerTest
[INFO] Tests run: 6, Failures: 0, Errors: 0, Skipped: 0, Time elapsed: 0 s - in org.nem.core.model.primitive.AbstractPrimitiveBigIntegerTest
[INFO] Running org.nem.core.model.primitive.NodeIdTest
[INFO] Tests run: 3, Failures: 0, Errors: 0, Skipped: 0, Time elapsed: 0 s - in org.nem.core.model.primitive.NodeIdTest
[INFO] Running org.nem.core.model.primitive.ReferenceCountTest
[INFO] Tests run: 6, Failures: 0, Errors: 0, Skipped: 0, Time elapsed: 0.001 s - in org.nem.core.model.primitive.ReferenceCountTest
[INFO] Running org.nem.core.model.primitive.ClusterIdTest
[INFO] Tests run: 4, Failures: 0, Errors: 0, Skipped: 0, Time elapsed: 0 s - in org.nem.core.model.primitive.ClusterIdTest
[INFO] Running org.nem.core.model.primitive.AbstractPrimitiveLongTest
[INFO] Tests run: 6, Failures: 0, Errors: 0, Skipped: 0, Time elapsed: 0.001 s - in org.nem.core.model.primitive.AbstractPrimitiveLongTest
[INFO] Running org.nem.core.model.primitive.BlockAmountTest
[INFO] Tests run: 9, Failures: 0, Errors: 0, Skipped: 0, Time elapsed: 0 s - in org.nem.core.model.primitive.BlockAmountTest
[INFO] Running org.nem.core.model.primitive.AmountTest
[INFO] Tests run: 15, Failures: 0, Errors: 0, Skipped: 0, Time elapsed: 0 s - in org.nem.core.model.primitive.AmountTest
[INFO] Running org.nem.core.model.primitive.HashShortIdTest
[INFO] Tests run: 3, Failures: 0, Errors: 0, Skipped: 0, Time elapsed: 0 s - in org.nem.core.model.primitive.HashShortIdTest
[INFO] Running org.nem.core.model.primitive.BlockDifficultyTest
[INFO] Tests run: 7, Failures: 0, Errors: 0, Skipped: 0, Time elapsed: 0 s - in org.nem.core.model.primitive.BlockDifficultyTest
[INFO] Running org.nem.core.model.primitive.BlockChainScoreTest
[INFO] Tests run: 8, Failures: 0, Errors: 0, Skipped: 0, Time elapsed: 0 s - in org.nem.core.model.primitive.BlockChainScoreTest
[INFO] Running org.nem.core.model.primitive.TimeOffsetTest
[INFO] Tests run: 6, Failures: 0, Errors: 0, Skipped: 0, Time elapsed: 0 s - in org.nem.core.model.primitive.TimeOffsetTest
[INFO] Running org.nem.core.model.primitive.SupplyTest
[INFO] Tests run: 10, Failures: 0, Errors: 0, Skipped: 0, Time elapsed: 0.001 s - in org.nem.core.model.primitive.SupplyTest
[INFO] Running org.nem.core.model.BlockChainFeatureTest
[INFO] Tests run: 9, Failures: 0, Errors: 0, Skipped: 0, Time elapsed: 0 s - in org.nem.core.model.BlockChainFeatureTest
[INFO] Running org.nem.core.model.AccountRemoteStatusTest
[INFO] Tests run: 4, Failures: 0, Errors: 0, Skipped: 0, Time elapsed: 0 s - in org.nem.core.model.AccountRemoteStatusTest
[INFO] Running org.nem.core.model.HashMetaDataPairTest
[INFO] Tests run: 3, Failures: 0, Errors: 0, Skipped: 0, Time elapsed: 0 s - in org.nem.core.model.HashMetaDataPairTest
[INFO] Running org.nem.core.model.BlockFactoryTest
[INFO] Tests run: 5, Failures: 0, Errors: 0, Skipped: 0, Time elapsed: 0 s - in org.nem.core.model.BlockFactoryTest
[INFO] Running org.nem.core.model.BlockedHarvesterPublicKeysTest
[INFO] Tests run: 4, Failures: 0, Errors: 0, Skipped: 0, Time elapsed: 0 s - in org.nem.core.model.BlockedHarvesterPublicKeysTest
[INFO] Running org.nem.core.model.TransactionFeeCalculatorBeforeForkTest
[INFO] Tests run: 59, Failures: 0, Errors: 0, Skipped: 0, Time elapsed: 0.086 s - in org.nem.core.model.TransactionFeeCalculatorBeforeForkTest
[INFO] Running org.nem.core.model.MultisigSignatureTransactionTest
[INFO] Tests run: 6, Failures: 0, Errors: 0, Skipped: 0, Time elapsed: 0 s - in org.nem.core.model.MultisigSignatureTransactionTest
[INFO] Running org.nem.core.model.TransactionExecutionStateTest
[INFO] Tests run: 1, Failures: 0, Errors: 0, Skipped: 0, Time elapsed: 0 s - in org.nem.core.model.TransactionExecutionStateTest
[INFO] Running org.nem.core.model.NemesisBlockInfoTest
[INFO] Tests run: 1, Failures: 0, Errors: 0, Skipped: 0, Time elapsed: 0 s - in org.nem.core.model.NemesisBlockInfoTest
[INFO] Running org.nem.core.model.ValidationResultTest
[INFO] Tests run: 17, Failures: 0, Errors: 0, Skipped: 0, Time elapsed: 0 s - in org.nem.core.model.ValidationResultTest
[INFO] Running org.nem.core.model.TransferTransactionTest
[INFO] Tests run: 59, Failures: 0, Errors: 0, Skipped: 0, Time elapsed: 0.067 s - in org.nem.core.model.TransferTransactionTest
[INFO] Running org.nem.core.model.NemesisBlockMainnetTest
[INFO] Tests run: 20, Failures: 0, Errors: 0, Skipped: 0, Time elapsed: 0.865 s - in org.nem.core.model.NemesisBlockMainnetTest
[INFO] Running org.nem.core.async.NemAsyncTimerVisitorTest
[INFO] Tests run: 9, Failures: 0, Errors: 0, Skipped: 0, Time elapsed: 0.003 s - in org.nem.core.async.NemAsyncTimerVisitorTest
[INFO] Running org.nem.core.async.AsyncTimerTest
[INFO] Tests run: 16, Failures: 0, Errors: 0, Skipped: 0, Time elapsed: 7.258 s - in org.nem.core.async.AsyncTimerTest
[INFO] Running org.nem.core.async.SleepFutureTest
[INFO] Tests run: 4, Failures: 0, Errors: 0, Skipped: 0, Time elapsed: 0.241 s - in org.nem.core.async.SleepFutureTest
[INFO] Running org.nem.core.async.AsyncTimerOptionsBuilderTest
[INFO] Tests run: 8, Failures: 0, Errors: 0, Skipped: 0, Time elapsed: 0.548 s - in org.nem.core.async.AsyncTimerOptionsBuilderTest
[INFO] Running org.nem.core.async.DelayStrategyTest
[INFO] Tests run: 9, Failures: 0, Errors: 0, Skipped: 0, Time elapsed: 0.004 s - in org.nem.core.async.DelayStrategyTest
[INFO] Running org.nem.core.math.SparseBitmapTest
[INFO] Tests run: 31, Failures: 0, Errors: 0, Skipped: 0, Time elapsed: 0.023 s - in org.nem.core.math.SparseBitmapTest
[INFO] Running org.nem.core.math.SparseMatrixTest
[INFO] Tests run: 60, Failures: 0, Errors: 0, Skipped: 0, Time elapsed: 0.046 s - in org.nem.core.math.SparseMatrixTest
[INFO] Running org.nem.core.math.MatrixElementTest
[INFO] Tests run: 3, Failures: 0, Errors: 0, Skipped: 0, Time elapsed: 0 s - in org.nem.core.math.MatrixElementTest
[INFO] Running org.nem.core.math.DenseMatrixTest
[INFO] Tests run: 54, Failures: 0, Errors: 0, Skipped: 0, Time elapsed: 0.021 s - in org.nem.core.math.DenseMatrixTest
[INFO] Running org.nem.core.math.ColumnVectorTest
[INFO] Tests run: 43, Failures: 0, Errors: 0, Skipped: 0, Time elapsed: 0.022 s - in org.nem.core.math.ColumnVectorTest
[INFO] Running org.nem.core.time.TimeInstantTest
[INFO] Tests run: 17, Failures: 0, Errors: 0, Skipped: 0, Time elapsed: 0 s - in org.nem.core.time.TimeInstantTest
[INFO] Running org.nem.core.time.synchronization.TimeSynchronizationSampleTest
[INFO] Tests run: 6, Failures: 0, Errors: 0, Skipped: 0, Time elapsed: 0 s - in org.nem.core.time.synchronization.TimeSynchronizationSampleTest
[INFO] Running org.nem.core.time.synchronization.CommunicationTimeStampsTest
[INFO] Tests run: 4, Failures: 0, Errors: 0, Skipped: 0, Time elapsed: 0 s - in org.nem.core.time.synchronization.CommunicationTimeStampsTest
[INFO] Running org.nem.core.time.UnixTimeTest
[INFO] Tests run: 4, Failures: 0, Errors: 0, Skipped: 0, Time elapsed: 0 s - in org.nem.core.time.UnixTimeTest
[INFO] Running org.nem.core.time.SystemTimeProviderTest
[INFO] Tests run: 10, Failures: 0, Errors: 0, Skipped: 0, Time elapsed: 0 s - in org.nem.core.time.SystemTimeProviderTest
[INFO] Running org.nem.core.time.NetworkTimeStampTest
[INFO] Tests run: 4, Failures: 0, Errors: 0, Skipped: 0, Time elapsed: 0 s - in org.nem.core.time.NetworkTimeStampTest
[INFO] Running org.nem.core.time.TimeSynchronizationResultTest
[INFO] Tests run: 2, Failures: 0, Errors: 0, Skipped: 0, Time elapsed: 0 s - in org.nem.core.time.TimeSynchronizationResultTest
[INFO] Running org.nem.core.node.NodeCollectionTest
[INFO] Tests run: 52, Failures: 0, Errors: 0, Skipped: 0, Time elapsed: 0.023 s - in org.nem.core.node.NodeCollectionTest
[INFO] Running org.nem.core.node.NodeVersionTest
[INFO] Tests run: 12, Failures: 0, Errors: 0, Skipped: 0, Time elapsed: 0 s - in org.nem.core.node.NodeVersionTest
[INFO] Running org.nem.core.node.NodeTest
[INFO] Tests run: 13, Failures: 0, Errors: 0, Skipped: 0, Time elapsed: 0 s - in org.nem.core.node.NodeTest
[INFO] Running org.nem.core.node.NodeIdentityTest
[INFO] Tests run: 20, Failures: 0, Errors: 0, Skipped: 0, Time elapsed: 0.003 s - in org.nem.core.node.NodeIdentityTest
[INFO] Running org.nem.core.node.NodeMetaDataTest
[INFO] Tests run: 9, Failures: 0, Errors: 0, Skipped: 0, Time elapsed: 0.001 s - in org.nem.core.node.NodeMetaDataTest
[INFO] Running org.nem.core.node.NodeFeatureTest
[INFO] Tests run: 9, Failures: 0, Errors: 0, Skipped: 0, Time elapsed: 0 s - in org.nem.core.node.NodeFeatureTest
[INFO] Running org.nem.core.node.NodeEndpointTest
[INFO] Tests run: 17, Failures: 0, Errors: 0, Skipped: 0, Time elapsed: 0 s - in org.nem.core.node.NodeEndpointTest
[INFO] Running org.nem.core.node.NisNodeInfoTest
[INFO] Tests run: 4, Failures: 0, Errors: 0, Skipped: 0, Time elapsed: 0 s - in org.nem.core.node.NisNodeInfoTest
[INFO] Running org.nem.core.messages.SecureMessageTest
[INFO] Tests run: 14, Failures: 0, Errors: 0, Skipped: 0, Time elapsed: 0.063 s - in org.nem.core.messages.SecureMessageTest
[INFO] Running org.nem.core.messages.MessageFactoryTest
[INFO] Tests run: 3, Failures: 0, Errors: 0, Skipped: 0, Time elapsed: 0.007 s - in org.nem.core.messages.MessageFactoryTest
[INFO] Running org.nem.core.messages.PlainMessageTest
[INFO] Tests run: 4, Failures: 0, Errors: 0, Skipped: 0, Time elapsed: 0 s - in org.nem.core.messages.PlainMessageTest
[INFO]
[INFO] Results:
[INFO]
[INFO] Tests run: 2361, Failures: 0, Errors: 0, Skipped: 0
[INFO]
[INFO]
[INFO] --- jacoco:0.8.8:report (jacoco-report) @ nem-core ---
[INFO] Loading execution data file core/target/jacoco.exec
[INFO] Analyzed bundle 'NEM Core' with 274 classes
[INFO]
[INFO] ---------------------< org.nem.deploy:nem-deploy >----------------------
[INFO] Building NEM Deploy 0.6.100                                        [2/5]
[INFO]   from deploy/pom.xml
[INFO] --------------------------------[ jar ]---------------------------------
[INFO]
[INFO] --- clean:3.2.0:clean (default-clean) @ nem-deploy ---
[INFO]
[INFO] --- jacoco:0.8.8:prepare-agent (default) @ nem-deploy ---
[INFO] argLine set to -javaagent:/root/.m2/repository/org/jacoco/org.jacoco.agent/0.8.8/org.jacoco.agent-0.8.8-runtime.jar=destfile=/nem/deploy/target/jacoco.exec
[INFO]
[INFO] --- resources:3.3.0:resources (default-resources) @ nem-deploy ---
[INFO] skip non existing resourceDirectory deploy/src/main/resources
[INFO]
[INFO] --- compiler:3.10.1:compile (default-compile) @ nem-deploy ---
[INFO] Changes detected - recompiling the module!
[INFO] Compiling 18 source files to deploy/target/classes
[INFO]
[INFO] --- resources:3.3.0:testResources (default-testResources) @ nem-deploy ---
[INFO] Copying 2 resources
[INFO]
[INFO] --- compiler:3.10.1:testCompile (default-testCompile) @ nem-deploy ---
[INFO] Changes detected - recompiling the module!
[INFO] Compiling 12 source files to deploy/target/test-classes
[INFO]
[INFO] --- surefire:2.22.2:test (default-test) @ nem-deploy ---
[INFO]
[INFO] -------------------------------------------------------
[INFO]  T E S T S
[INFO] -------------------------------------------------------
[INFO] Running org.nem.deploy.DeserializableEntityMessageConverterTest
[INFO] Tests run: 11, Failures: 0, Errors: 0, Skipped: 0, Time elapsed: 0.353 s - in org.nem.deploy.DeserializableEntityMessageConverterTest
[INFO] Running org.nem.deploy.BinarySerializationPolicyTest
[INFO] Tests run: 5, Failures: 0, Errors: 0, Skipped: 0, Time elapsed: 0.006 s - in org.nem.deploy.BinarySerializationPolicyTest
[INFO] Running org.nem.deploy.JsonErrorHandlerTest
[INFO] Tests run: 7, Failures: 0, Errors: 0, Skipped: 0, Time elapsed: 0.214 s - in org.nem.deploy.JsonErrorHandlerTest
[INFO] Running org.nem.deploy.CommonConfigurationTest
[INFO] Tests run: 9, Failures: 0, Errors: 0, Skipped: 0, Time elapsed: 0.377 s - in org.nem.deploy.CommonConfigurationTest
[INFO] Running org.nem.deploy.PropertiesExtensionsTest
[INFO] Tests run: 7, Failures: 0, Errors: 0, Skipped: 0, Time elapsed: 0.002 s - in org.nem.deploy.PropertiesExtensionsTest
[INFO] Running org.nem.deploy.DeserializerHttpMessageConverterTest
[INFO] Tests run: 7, Failures: 0, Errors: 0, Skipped: 0, Time elapsed: 0.001 s - in org.nem.deploy.DeserializerHttpMessageConverterTest
[INFO] Running org.nem.deploy.CommonStarterTest
[INFO] Tests run: 3, Failures: 0, Errors: 0, Skipped: 0, Time elapsed: 0.669 s - in org.nem.deploy.CommonStarterTest
[INFO] Running org.nem.deploy.JsonSerializationPolicyTest
[INFO] Tests run: 8, Failures: 0, Errors: 0, Skipped: 0, Time elapsed: 0.005 s - in org.nem.deploy.JsonSerializationPolicyTest
[INFO] Running org.nem.deploy.SerializableEntityHttpMessageConverterTest
[INFO] Tests run: 8, Failures: 0, Errors: 0, Skipped: 0, Time elapsed: 0.006 s - in org.nem.deploy.SerializableEntityHttpMessageConverterTest
[INFO]
[INFO] Results:
[INFO]
[INFO] Tests run: 65, Failures: 0, Errors: 0, Skipped: 0
[INFO]
[INFO]
[INFO] --- jacoco:0.8.8:report (jacoco-report) @ nem-deploy ---
[INFO] Loading execution data file deploy/target/jacoco.exec
[INFO] Analyzed bundle 'NEM Deploy' with 22 classes
[INFO]
[INFO] -----------------------< org.nem.peer:nem-peer >------------------------
[INFO] Building NEM Peer 0.6.100                                          [3/5]
[INFO]   from peer/pom.xml
[INFO] --------------------------------[ jar ]---------------------------------
[INFO]
[INFO] --- clean:3.2.0:clean (default-clean) @ nem-peer ---
[INFO]
[INFO] --- jacoco:0.8.8:prepare-agent (default) @ nem-peer ---
[INFO] argLine set to -javaagent:/root/.m2/repository/org/jacoco/org.jacoco.agent/0.8.8/org.jacoco.agent-0.8.8-runtime.jar=destfile=/nem/peer/target/jacoco.exec
[INFO]
[INFO] --- resources:3.3.0:resources (default-resources) @ nem-peer ---
[INFO] skip non existing resourceDirectory peer/src/main/resources
[INFO]
[INFO] --- compiler:3.10.1:compile (default-compile) @ nem-peer ---
[INFO] Changes detected - recompiling the module!
[INFO] Compiling 61 source files to peer/target/classes
[INFO]
[INFO] --- build-helper:3.3.0:add-test-source (add-test-source) @ nem-peer ---
[INFO] Test Source directory: peer/src/it/java added.
[INFO]
[INFO] --- resources:3.3.0:testResources (default-testResources) @ nem-peer ---
[INFO] skip non existing resourceDirectory peer/src/test/resources
[INFO]
[INFO] --- compiler:3.10.1:testCompile (default-testCompile) @ nem-peer ---
[INFO] Changes detected - recompiling the module!
[INFO] Compiling 58 source files to peer/target/test-classes
[INFO]
[INFO] --- surefire:2.22.2:test (default-test) @ nem-peer ---
[INFO]
[INFO] -------------------------------------------------------
[INFO]  T E S T S
[INFO] -------------------------------------------------------
[INFO] Running org.nem.peer.NodeInteractionResultTest
[INFO] Tests run: 1, Failures: 0, Errors: 0, Skipped: 0, Time elapsed: 0.062 s - in org.nem.peer.NodeInteractionResultTest
[INFO] Running org.nem.peer.services.NodeBroadcasterTest
[INFO] Tests run: 2, Failures: 0, Errors: 0, Skipped: 0, Time elapsed: 0.579 s - in org.nem.peer.services.NodeBroadcasterTest
[INFO] Running org.nem.peer.services.InactiveNodePrunerTest
[INFO] Tests run: 2, Failures: 0, Errors: 0, Skipped: 0, Time elapsed: 0.025 s - in org.nem.peer.services.InactiveNodePrunerTest
[INFO] Running org.nem.peer.services.NodeRefresherTest
[INFO] Tests run: 27, Failures: 0, Errors: 0, Skipped: 0, Time elapsed: 1.991 s - in org.nem.peer.services.NodeRefresherTest
[INFO] Running org.nem.peer.services.NodeExperiencesUpdaterTest
[INFO] Tests run: 5, Failures: 0, Errors: 0, Skipped: 0, Time elapsed: 0.05 s - in org.nem.peer.services.NodeExperiencesUpdaterTest
[INFO] Running org.nem.peer.services.LocalNodeEndpointUpdaterTest
[INFO] Tests run: 12, Failures: 0, Errors: 0, Skipped: 0, Time elapsed: 0.022 s - in org.nem.peer.services.LocalNodeEndpointUpdaterTest
[INFO] Running org.nem.peer.services.NodeSynchronizerTest
[INFO] Tests run: 4, Failures: 0, Errors: 0, Skipped: 0, Time elapsed: 0.01 s - in org.nem.peer.services.NodeSynchronizerTest
[INFO] Running org.nem.peer.ConfigTest
[INFO] Tests run: 10, Failures: 0, Errors: 0, Skipped: 0, Time elapsed: 0.023 s - in org.nem.peer.ConfigTest
[INFO] Running org.nem.peer.PeerNetworkTest
[INFO] Tests run: 19, Failures: 0, Errors: 0, Skipped: 0, Time elapsed: 0.05 s - in org.nem.peer.PeerNetworkTest
[INFO] Running org.nem.peer.LocalNodeDeserializerTest
[INFO] Tests run: 4, Failures: 0, Errors: 0, Skipped: 0, Time elapsed: 0.003 s - in org.nem.peer.LocalNodeDeserializerTest
[INFO] Running org.nem.peer.requests.UnconfirmedTransactionsRequestTest
[INFO] Tests run: 5, Failures: 0, Errors: 0, Skipped: 0, Time elapsed: 0.023 s - in org.nem.peer.requests.UnconfirmedTransactionsRequestTest
[INFO] Running org.nem.peer.requests.ChainRequestTest
[INFO] Tests run: 18, Failures: 0, Errors: 0, Skipped: 0, Time elapsed: 0.002 s - in org.nem.peer.requests.ChainRequestTest
[INFO] Running org.nem.peer.NisPeerIdAndEntityListPairTest
[INFO] Tests run: 4, Failures: 0, Errors: 0, Skipped: 0, Time elapsed: 0.002 s - in org.nem.peer.NisPeerIdAndEntityListPairTest
[INFO] Running org.nem.peer.PeerNetworkBroadcastBufferTest
[INFO] Tests run: 2, Failures: 0, Errors: 0, Skipped: 0, Time elapsed: 0.006 s - in org.nem.peer.PeerNetworkBroadcastBufferTest
[INFO] Running org.nem.peer.BroadcastBufferTest
[INFO] Tests run: 7, Failures: 0, Errors: 0, Skipped: 0, Time elapsed: 0.001 s - in org.nem.peer.BroadcastBufferTest
[INFO] Running org.nem.peer.PeerNetworkStateTest
[INFO] Tests run: 21, Failures: 0, Errors: 0, Skipped: 0, Time elapsed: 0.051 s - in org.nem.peer.PeerNetworkStateTest
[INFO] Running org.nem.peer.node.DefaultNodeCompatibilityCheckerTest
[INFO] Tests run: 12, Failures: 0, Errors: 0, Skipped: 0, Time elapsed: 0 s - in org.nem.peer.node.DefaultNodeCompatibilityCheckerTest
[INFO] Running org.nem.peer.node.AuthenticatedResponseTest
[INFO] Tests run: 3, Failures: 0, Errors: 0, Skipped: 0, Time elapsed: 0.004 s - in org.nem.peer.node.AuthenticatedResponseTest
[INFO] Running org.nem.peer.node.AuthenticatedRequestTest
[INFO] Tests run: 2, Failures: 0, Errors: 0, Skipped: 0, Time elapsed: 0.001 s - in org.nem.peer.node.AuthenticatedRequestTest
[INFO] Running org.nem.peer.node.NodeChallengeFactoryTest
[INFO] Tests run: 2, Failures: 0, Errors: 0, Skipped: 0, Time elapsed: 0 s - in org.nem.peer.node.NodeChallengeFactoryTest
[INFO] Running org.nem.peer.node.NodeChallengeTest
[INFO] Tests run: 5, Failures: 0, Errors: 0, Skipped: 0, Time elapsed: 0.001 s - in org.nem.peer.node.NodeChallengeTest
[INFO] Running org.nem.peer.SecureSerializableEntityTest
[INFO] Tests run: 3, Failures: 0, Errors: 0, Skipped: 0, Time elapsed: 0.001 s - in org.nem.peer.SecureSerializableEntityTest
[INFO] Running org.nem.peer.trust.BasicNodeSelectorTest
[INFO] Tests run: 8, Failures: 0, Errors: 0, Skipped: 0, Time elapsed: 0.022 s - in org.nem.peer.trust.BasicNodeSelectorTest
[INFO] Running org.nem.peer.trust.CachedTrustProviderTest
[INFO] Tests run: 12, Failures: 0, Errors: 0, Skipped: 0, Time elapsed: 0.233 s - in org.nem.peer.trust.CachedTrustProviderTest
[INFO] Running org.nem.peer.trust.TrustParametersTest
[INFO] Tests run: 9, Failures: 0, Errors: 0, Skipped: 0, Time elapsed: 0.001 s - in org.nem.peer.trust.TrustParametersTest
[INFO] Running org.nem.peer.trust.EigenTrustTest
[INFO] Tests run: 5, Failures: 0, Errors: 0, Skipped: 0, Time elapsed: 0.006 s - in org.nem.peer.trust.EigenTrustTest
[INFO] Running org.nem.peer.trust.TrustContextTest
[INFO] Tests run: 1, Failures: 0, Errors: 0, Skipped: 0, Time elapsed: 0.001 s - in org.nem.peer.trust.TrustContextTest
[INFO] Running org.nem.peer.trust.PreTrustAwareNodeSelectorTest
[INFO] Tests run: 8, Failures: 0, Errors: 0, Skipped: 0, Time elapsed: 0.014 s - in org.nem.peer.trust.PreTrustAwareNodeSelectorTest
[INFO] Running org.nem.peer.trust.score.NodeExperiencePairTest
[INFO] Tests run: 5, Failures: 0, Errors: 0, Skipped: 0, Time elapsed: 0.003 s - in org.nem.peer.trust.score.NodeExperiencePairTest
[INFO] Running org.nem.peer.trust.score.PositiveLongTest
[INFO] Tests run: 6, Failures: 0, Errors: 0, Skipped: 0, Time elapsed: 0 s - in org.nem.peer.trust.score.PositiveLongTest
[INFO] Running org.nem.peer.trust.score.TrustScoresTest
[INFO] Tests run: 2, Failures: 0, Errors: 0, Skipped: 0, Time elapsed: 0 s - in org.nem.peer.trust.score.TrustScoresTest
[INFO] Running org.nem.peer.trust.score.NodeExperienceTest
[INFO] Tests run: 8, Failures: 0, Errors: 0, Skipped: 0, Time elapsed: 0 s - in org.nem.peer.trust.score.NodeExperienceTest
[INFO] Running org.nem.peer.trust.score.NodeExperiencesPairTest
[INFO] Tests run: 2, Failures: 0, Errors: 0, Skipped: 0, Time elapsed: 0 s - in org.nem.peer.trust.score.NodeExperiencesPairTest
[INFO] Running org.nem.peer.trust.score.CredibilityScoreTest
[INFO] Tests run: 1, Failures: 0, Errors: 0, Skipped: 0, Time elapsed: 0 s - in org.nem.peer.trust.score.CredibilityScoreTest
[INFO] Running org.nem.peer.trust.score.TrustScoreTest
[INFO] Tests run: 1, Failures: 0, Errors: 0, Skipped: 0, Time elapsed: 0 s - in org.nem.peer.trust.score.TrustScoreTest
[INFO] Running org.nem.peer.trust.score.ScoreTest
[INFO] Tests run: 2, Failures: 0, Errors: 0, Skipped: 0, Time elapsed: 0 s - in org.nem.peer.trust.score.ScoreTest
[INFO] Running org.nem.peer.trust.score.NodeExperiencesTest
[INFO] Tests run: 14, Failures: 0, Errors: 0, Skipped: 0, Time elapsed: 0.012 s - in org.nem.peer.trust.score.NodeExperiencesTest
[INFO] Running org.nem.peer.trust.score.RealDoubleTest
[INFO] Tests run: 6, Failures: 0, Errors: 0, Skipped: 0, Time elapsed: 0 s - in org.nem.peer.trust.score.RealDoubleTest
[INFO] Running org.nem.peer.trust.score.ScoresTest
[INFO] Tests run: 9, Failures: 0, Errors: 0, Skipped: 0, Time elapsed: 0.005 s - in org.nem.peer.trust.score.ScoresTest
[INFO] Running org.nem.peer.trust.EigenTrustPlusPlusTest
[INFO] Tests run: 6, Failures: 0, Errors: 0, Skipped: 0, Time elapsed: 0.005 s - in org.nem.peer.trust.EigenTrustPlusPlusTest
[INFO] Running org.nem.peer.trust.EigenTrustConvergencePolicyTest
[INFO] Tests run: 4, Failures: 0, Errors: 0, Skipped: 0, Time elapsed: 0.003 s - in org.nem.peer.trust.EigenTrustConvergencePolicyTest
[INFO] Running org.nem.peer.trust.TrustResultTest
[INFO] Tests run: 3, Failures: 0, Errors: 0, Skipped: 0, Time elapsed: 0.002 s - in org.nem.peer.trust.TrustResultTest
[INFO] Running org.nem.peer.trust.TrustProviderMaskDecoratorTest
[INFO] Tests run: 12, Failures: 0, Errors: 0, Skipped: 0, Time elapsed: 0.009 s - in org.nem.peer.trust.TrustProviderMaskDecoratorTest
[INFO] Running org.nem.peer.trust.LowComTrustProviderTest
[INFO] Tests run: 6, Failures: 0, Errors: 0, Skipped: 0, Time elapsed: 0.004 s - in org.nem.peer.trust.LowComTrustProviderTest
[INFO] Running org.nem.peer.trust.PreTrustedNodesTest
[INFO] Tests run: 6, Failures: 0, Errors: 0, Skipped: 0, Time elapsed: 0.003 s - in org.nem.peer.trust.PreTrustedNodesTest
[INFO]
[INFO] Results:
[INFO]
[INFO] Tests run: 306, Failures: 0, Errors: 0, Skipped: 0
[INFO]
[INFO]
[INFO] --- jacoco:0.8.8:report (jacoco-report) @ nem-peer ---
[INFO] Loading execution data file peer/target/jacoco.exec
[INFO] Analyzed bundle 'NEM Peer' with 55 classes
[INFO]
[INFO] ---------------< org.nem.nis:nem-infrastructure-server >----------------
[INFO] Building NEM Infrastructure Server 0.6.100                         [4/5]
[INFO]   from nis/pom.xml
[INFO] --------------------------------[ jar ]---------------------------------
[INFO]
[INFO] --- clean:3.2.0:clean (default-clean) @ nem-infrastructure-server ---
[INFO]
[INFO] --- jacoco:0.8.8:prepare-agent (default) @ nem-infrastructure-server ---
[INFO] argLine set to -javaagent:/root/.m2/repository/org/jacoco/org.jacoco.agent/0.8.8/org.jacoco.agent-0.8.8-runtime.jar=destfile=/nem/nis/target/jacoco.exec
[INFO]
[INFO] --- resources:3.2.0:resources (default-resources) @ nem-infrastructure-server ---
[INFO] Using 'UTF-8' encoding to copy filtered resources.
[INFO] Using 'UTF-8' encoding to copy filtered properties files.
[INFO] Copying 13 resources
[INFO]
[INFO] --- compiler:3.10.1:compile (default-compile) @ nem-infrastructure-server ---
[INFO] Changes detected - recompiling the module!
[INFO] Compiling 472 source files to nis/target/classes
[INFO] -------------------------------------------------------------
[ERROR] COMPILATION ERROR :
[INFO] -------------------------------------------------------------
[ERROR] nis/src/main/java/org/nem/specific/deploy/appconfig/NisAppConfig.java:[108,57] constructor Flyway in class org.flywaydb.core.Flyway cannot be applied to given types;
required: org.flywaydb.core.api.configuration.Configuration
found: no arguments
reason: actual and formal argument lists differ in length
[ERROR] nis/src/main/java/org/nem/specific/deploy/appconfig/NisAppConfig.java:[109,23] cannot find symbol
symbol:   method setDataSource(javax.sql.DataSource)
location: variable flyway of type org.flywaydb.core.Flyway
[ERROR] nis/src/main/java/org/nem/specific/deploy/appconfig/NisAppConfig.java:[110,23] cannot find symbol
symbol:   method setClassLoader(java.lang.ClassLoader)
location: variable flyway of type org.flywaydb.core.Flyway
[ERROR] nis/src/main/java/org/nem/specific/deploy/appconfig/NisAppConfig.java:[111,23] cannot find symbol
symbol:   method setLocations(java.lang.String)
location: variable flyway of type org.flywaydb.core.Flyway
[ERROR] nis/src/main/java/org/nem/specific/deploy/appconfig/NisAppConfig.java:[112,23] cannot find symbol
symbol:   method setValidateOnMigrate(java.lang.Boolean)
location: variable flyway of type org.flywaydb.core.Flyway
[INFO] 5 errors
[INFO] -------------------------------------------------------------
[INFO] ------------------------------------------------------------------------
[INFO] Reactor Summary for NEM Infrastructure Server - ALL 0.6.100:
[INFO]
[INFO] NEM Core ........................................... SUCCESS [ 33.148 s]
[INFO] NEM Deploy ......................................... SUCCESS [  3.159 s]
[INFO] NEM Peer ........................................... SUCCESS [  4.708 s]
[INFO] NEM Infrastructure Server .......................... FAILURE [ 12.631 s]
[INFO] NEM Infrastructure Server - ALL .................... SKIPPED
[INFO] ------------------------------------------------------------------------
[INFO] BUILD FAILURE
[INFO] ------------------------------------------------------------------------
[INFO] Total time:  53.728 s
[INFO] Finished at: 2023-08-06T02:13:10Z
[INFO] ------------------------------------------------------------------------
[WARNING]
[WARNING] Plugin validation issues were detected in 6 plugin(s)
[WARNING]
[WARNING]  * org.apache.maven.plugins:maven-resources-plugin:3.2.0
[WARNING]  * org.jacoco:jacoco-maven-plugin:0.8.8
[WARNING]  * org.apache.maven.plugins:maven-compiler-plugin:3.10.1
[WARNING]  * org.codehaus.mojo:build-helper-maven-plugin:3.3.0
[WARNING]  * org.apache.maven.plugins:maven-surefire-plugin:2.22.2
[WARNING]  * org.apache.maven.plugins:maven-resources-plugin:3.3.0
[WARNING]
[WARNING] For more or less details, use 'maven.plugin.validation' property with one of the values (case insensitive): [BRIEF, DEFAULT, VERBOSE]
[WARNING]
[ERROR] Failed to execute goal org.apache.maven.plugins:maven-compiler-plugin:3.10.1:compile (default-compile) on project nem-infrastructure-server: Compilation failure: Compilation failure:
[ERROR] nis/src/main/java/org/nem/specific/deploy/appconfig/NisAppConfig.java:[108,57] constructor Flyway in class org.flywaydb.core.Flyway cannot be applied to given types;
[ERROR]   required: org.flywaydb.core.api.configuration.Configuration
[ERROR]   found: no arguments
[ERROR]   reason: actual and formal argument lists differ in length
[ERROR] nis/src/main/java/org/nem/specific/deploy/appconfig/NisAppConfig.java:[109,23] cannot find symbol
[ERROR]   symbol:   method setDataSource(javax.sql.DataSource)
[ERROR]   location: variable flyway of type org.flywaydb.core.Flyway
[ERROR] nis/src/main/java/org/nem/specific/deploy/appconfig/NisAppConfig.java:[110,23] cannot find symbol
[ERROR]   symbol:   method setClassLoader(java.lang.ClassLoader)
[ERROR]   location: variable flyway of type org.flywaydb.core.Flyway
[ERROR] nis/src/main/java/org/nem/specific/deploy/appconfig/NisAppConfig.java:[111,23] cannot find symbol
[ERROR]   symbol:   method setLocations(java.lang.String)
[ERROR]   location: variable flyway of type org.flywaydb.core.Flyway
[ERROR] nis/src/main/java/org/nem/specific/deploy/appconfig/NisAppConfig.java:[112,23] cannot find symbol
[ERROR]   symbol:   method setValidateOnMigrate(java.lang.Boolean)
[ERROR]   location: variable flyway of type org.flywaydb.core.Flyway
[ERROR] -> [Help 1]
[ERROR]
[ERROR] To see the full stack trace of the errors, re-run Maven with the -e switch.
[ERROR] Re-run Maven using the -X switch to enable full debug logging.
[ERROR]
[ERROR] For more information about the errors and possible solutions, please read the following articles:
[ERROR] [Help 1] http://cwiki.apache.org/confluence/display/MAVEN/MojoFailureException
[ERROR]
[ERROR] After correcting the problems, you can resume the build with the command
[ERROR]   mvn <args> -rf :nem-infrastructure-server
