[INFO] Scanning for projects...
[INFO] ------------------------------------------------------------------------
[INFO] Reactor Build Order:
[INFO] 
[INFO] billy                                                              [pom]
[INFO] billy core                                                         [jar]
[INFO] billy core JPA                                                     [jar]
[INFO] billy GIN                                                          [jar]
[INFO] billy portugal (PT Pack)                                           [jar]
[INFO] billy spain (ES Pack)                                              [jar]
[INFO] billy france (FR Pack)                                             [jar]
[INFO] 
[INFO] -----------------------< com.premiumminds:billy >-----------------------
[INFO] Building billy 6.0.0-SNAPSHOT                                      [1/7]
[INFO]   from pom.xml
[INFO] --------------------------------[ pom ]---------------------------------
[INFO] 
[INFO] --- clean:3.2.0:clean (default-clean) @ billy ---
[INFO] 
[INFO] --- license:4.1:format (format-headers) @ billy ---
[INFO] Updating license headers...
[INFO] 
[INFO] --------------------< com.premiumminds:billy-core >---------------------
[INFO] Building billy core 6.0.0-SNAPSHOT                                 [2/7]
[INFO]   from billy-core/pom.xml
[INFO] --------------------------------[ jar ]---------------------------------
[INFO] 
[INFO] --- clean:3.2.0:clean (default-clean) @ billy-core ---
[INFO] Deleting /billy/billy-core/target
[INFO] 
[INFO] --- resources:3.3.0:resources (default-resources) @ billy-core ---
[INFO] Copying 5 resources
[INFO] 
[INFO] --- compiler:3.10.1:compile (default-compile) @ billy-core ---
[INFO] Changes detected - recompiling the module!
[INFO] Compiling 126 source files to /billy/billy-core/target/classes
[INFO] /billy/billy-core/src/main/java/com/premiumminds/billy/core/services/builders/impl/AbstractBuilder.java: Some input files use unchecked or unsafe operations.
[INFO] /billy/billy-core/src/main/java/com/premiumminds/billy/core/services/builders/impl/AbstractBuilder.java: Recompile with -Xlint:unchecked for details.
[INFO] 
[INFO] --- license:4.1:format (format-headers) @ billy-core ---
[INFO] Updating license headers...
[INFO] 
[INFO] --- resources:3.3.0:testResources (default-testResources) @ billy-core ---
[INFO] Copying 19 resources
[INFO] 
[INFO] --- compiler:3.10.1:testCompile (default-testCompile) @ billy-core ---
[INFO] Changes detected - recompiling the module!
[INFO] Compiling 35 source files to /billy/billy-core/target/test-classes
[INFO] /billy/billy-core/src/test/java/com/premiumminds/billy/core/test/fixtures/MockContextEntity.java: Some input files use unchecked or unsafe operations.
[INFO] /billy/billy-core/src/test/java/com/premiumminds/billy/core/test/fixtures/MockContextEntity.java: Recompile with -Xlint:unchecked for details.
[INFO] 
[INFO] --- surefire:2.22.2:test (default-test) @ billy-core ---
[INFO] 
[INFO] -------------------------------------------------------
[INFO]  T E S T S
[INFO] -------------------------------------------------------
[INFO] Running com.premiumminds.billy.core.test.services.builders.TestTaxBuilder
[INFO] Tests run: 1, Failures: 0, Errors: 0, Skipped: 0, Time elapsed: 1.45 s - in com.premiumminds.billy.core.test.services.builders.TestTaxBuilder
[INFO] Running com.premiumminds.billy.core.test.services.builders.TestProductBuilder
[INFO] Tests run: 1, Failures: 0, Errors: 0, Skipped: 0, Time elapsed: 0.004 s - in com.premiumminds.billy.core.test.services.builders.TestProductBuilder
[INFO] Running com.premiumminds.billy.core.test.services.builders.TestBusinessBuilder
[INFO] Tests run: 1, Failures: 0, Errors: 0, Skipped: 0, Time elapsed: 0.219 s - in com.premiumminds.billy.core.test.services.builders.TestBusinessBuilder
[INFO] Running com.premiumminds.billy.core.test.services.builders.TestGenericInvoiceBuilder
[INFO] Tests run: 1, Failures: 0, Errors: 0, Skipped: 0, Time elapsed: 0.139 s - in com.premiumminds.billy.core.test.services.builders.TestGenericInvoiceBuilder
[INFO] Running com.premiumminds.billy.core.test.services.builders.TestGenericInvoiceOperations
[INFO] Tests run: 4, Failures: 0, Errors: 0, Skipped: 0, Time elapsed: 0.252 s - in com.premiumminds.billy.core.test.services.builders.TestGenericInvoiceOperations
[INFO] Running com.premiumminds.billy.core.test.services.builders.TestApplicationBuilder
[INFO] Tests run: 1, Failures: 0, Errors: 0, Skipped: 0, Time elapsed: 0.011 s - in com.premiumminds.billy.core.test.services.builders.TestApplicationBuilder
[INFO] Running com.premiumminds.billy.core.test.services.builders.TestBankAccountBuilder
[INFO] Tests run: 1, Failures: 0, Errors: 0, Skipped: 0, Time elapsed: 0.01 s - in com.premiumminds.billy.core.test.services.builders.TestBankAccountBuilder
[INFO] Running com.premiumminds.billy.core.test.services.builders.TestCustomerBuilder
[INFO] Tests run: 1, Failures: 0, Errors: 0, Skipped: 0, Time elapsed: 0.039 s - in com.premiumminds.billy.core.test.services.builders.TestCustomerBuilder
[INFO] Running com.premiumminds.billy.core.test.services.builders.TestPaymentBuilder
[INFO] Tests run: 1, Failures: 0, Errors: 0, Skipped: 0, Time elapsed: 0.014 s - in com.premiumminds.billy.core.test.services.builders.TestPaymentBuilder
[INFO] Running com.premiumminds.billy.core.test.services.builders.TestSupplierBuilder
[INFO] Tests run: 1, Failures: 0, Errors: 0, Skipped: 0, Time elapsed: 0.022 s - in com.premiumminds.billy.core.test.services.builders.TestSupplierBuilder
[INFO] Running com.premiumminds.billy.core.test.services.builders.TestContactBuilder
[INFO] Tests run: 1, Failures: 0, Errors: 0, Skipped: 0, Time elapsed: 0.013 s - in com.premiumminds.billy.core.test.services.builders.TestContactBuilder
[INFO] Running com.premiumminds.billy.core.test.services.builders.TestContextBuilder
[INFO] Tests run: 1, Failures: 0, Errors: 0, Skipped: 0, Time elapsed: 0.013 s - in com.premiumminds.billy.core.test.services.builders.TestContextBuilder
[INFO] Running com.premiumminds.billy.core.test.services.builders.TestGenericInvoiceEntryBuilder
[INFO] Tests run: 1, Failures: 0, Errors: 0, Skipped: 0, Time elapsed: 0.021 s - in com.premiumminds.billy.core.test.services.builders.TestGenericInvoiceEntryBuilder
[INFO] Running com.premiumminds.billy.core.test.services.builders.TestAddressBuilder
[INFO] Tests run: 1, Failures: 0, Errors: 0, Skipped: 0, Time elapsed: 0.01 s - in com.premiumminds.billy.core.test.services.builders.TestAddressBuilder
[INFO] Running com.premiumminds.billy.core.test.services.builders.TestGenericInvoiceEntryOperations
[INFO] Tests run: 1, Failures: 0, Errors: 0, Skipped: 0, Time elapsed: 0.024 s - in com.premiumminds.billy.core.test.services.builders.TestGenericInvoiceEntryOperations
[INFO] Running com.premiumminds.billy.core.test.services.builders.TestShippingPointBuilder
[INFO] Tests run: 1, Failures: 0, Errors: 0, Skipped: 0, Time elapsed: 0.014 s - in com.premiumminds.billy.core.test.services.builders.TestShippingPointBuilder
[INFO] Running com.premiumminds.billy.core.test.services.builders.TestTicketBuilder
[INFO] Tests run: 1, Failures: 0, Errors: 0, Skipped: 0, Time elapsed: 0.013 s - in com.premiumminds.billy.core.test.services.builders.TestTicketBuilder
[INFO] 
[INFO] Results:
[INFO] 
[INFO] Tests run: 20, Failures: 0, Errors: 0, Skipped: 0
[INFO] 
[INFO] 
[INFO] ------------------< com.premiumminds:billy-core-jpa >-------------------
[INFO] Building billy core JPA 6.0.0-SNAPSHOT                             [3/7]
[INFO]   from billy-core-jpa/pom.xml
[INFO] --------------------------------[ jar ]---------------------------------
[INFO] 
[INFO] --- clean:3.2.0:clean (default-clean) @ billy-core-jpa ---
[INFO] Deleting /billy/billy-core-jpa/target
[INFO] 
[INFO] --- apt:1.1.3:process (default) @ billy-core-jpa ---
[INFO] 
[INFO] --- resources:3.3.0:resources (default-resources) @ billy-core-jpa ---
[INFO] Copying 1 resource
[INFO] 
[INFO] --- compiler:3.10.1:compile (default-compile) @ billy-core-jpa ---
[INFO] Changes detected - recompiling the module!
[INFO] Compiling 55 source files to /billy/billy-core-jpa/target/classes
[INFO] /billy/billy-core-jpa/src/main/java/com/premiumminds/billy/core/persistence/entities/jpa/JPASupplierEntity.java: Some input files use unchecked or unsafe operations.
[INFO] /billy/billy-core-jpa/src/main/java/com/premiumminds/billy/core/persistence/entities/jpa/JPASupplierEntity.java: Recompile with -Xlint:unchecked for details.
[INFO] 
[INFO] --- license:4.1:format (format-headers) @ billy-core-jpa ---
[INFO] Updating license headers...
[INFO] 
[INFO] --- resources:3.3.0:testResources (default-testResources) @ billy-core-jpa ---
[INFO] Copying 1 resource
[INFO] 
[INFO] --- compiler:3.10.1:testCompile (default-testCompile) @ billy-core-jpa ---
[INFO] Changes detected - recompiling the module!
[INFO] Compiling 2 source files to /billy/billy-core-jpa/target/test-classes
[INFO] 
[INFO] --- surefire:2.22.2:test (default-test) @ billy-core-jpa ---
[INFO] 
[INFO] -------------------------------------------------------
[INFO]  T E S T S
[INFO] -------------------------------------------------------
[INFO] Running com.premiumminds.billy.core.jpa.GenericTest
SLF4J: Failed to load class "org.slf4j.impl.StaticLoggerBinder".
SLF4J: Defaulting to no-operation (NOP) logger implementation
SLF4J: See http://www.slf4j.org/codes.html#StaticLoggerBinder for further details.
[INFO] Tests run: 1, Failures: 0, Errors: 0, Skipped: 0, Time elapsed: 5.469 s - in com.premiumminds.billy.core.jpa.GenericTest
[INFO] 
[INFO] Results:
[INFO] 
[INFO] Tests run: 1, Failures: 0, Errors: 0, Skipped: 0
[INFO] 
[INFO] 
[INFO] ---------------------< com.premiumminds:billy-gin >---------------------
[INFO] Building billy GIN 6.0.0-SNAPSHOT                                  [4/7]
[INFO]   from billy-gin/pom.xml
[INFO] --------------------------------[ jar ]---------------------------------
[INFO] 
[INFO] --- clean:3.2.0:clean (default-clean) @ billy-gin ---
[INFO] Deleting /billy/billy-gin/target
[INFO] 
[INFO] --- resources:3.3.0:resources (default-resources) @ billy-gin ---
[INFO] Copying 0 resource
[INFO] 
[INFO] --- compiler:3.10.1:compile (default-compile) @ billy-gin ---
[INFO] Changes detected - recompiling the module!
[INFO] Compiling 25 source files to /billy/billy-gin/target/classes
[INFO] /billy/billy-gin/src/main/java/com/premiumminds/billy/gin/services/impl/pdf/FOPPDFTransformer.java: /billy/billy-gin/src/main/java/com/premiumminds/billy/gin/services/impl/pdf/FOPPDFTransformer.java uses or overrides a deprecated API.
[INFO] /billy/billy-gin/src/main/java/com/premiumminds/billy/gin/services/impl/pdf/FOPPDFTransformer.java: Recompile with -Xlint:deprecation for details.
[INFO] 
[INFO] --- license:4.1:format (format-headers) @ billy-gin ---
[INFO] Updating license headers...
[INFO] 
[INFO] --- resources:3.3.0:testResources (default-testResources) @ billy-gin ---
[INFO] skip non existing resourceDirectory /billy/billy-gin/src/test/resources
[INFO] 
[INFO] --- compiler:3.10.1:testCompile (default-testCompile) @ billy-gin ---
[INFO] Changes detected - recompiling the module!
[INFO] Compiling 1 source file to /billy/billy-gin/target/test-classes
[INFO] 
[INFO] --- surefire:2.22.2:test (default-test) @ billy-gin ---
[INFO] 
[INFO] ------------------< com.premiumminds:billy-portugal >-------------------
[INFO] Building billy portugal (PT Pack) 6.0.0-SNAPSHOT                   [5/7]
[INFO]   from billy-portugal/pom.xml
[INFO] --------------------------------[ jar ]---------------------------------
[INFO] Downloading from central: https://repo.maven.apache.org/maven2/org/codehaus/mojo/build-helper-maven-plugin/3.3.0/build-helper-maven-plugin-3.3.0.pom
[INFO] Downloaded from central: https://repo.maven.apache.org/maven2/org/codehaus/mojo/build-helper-maven-plugin/3.3.0/build-helper-maven-plugin-3.3.0.pom (7.4 kB at 20 kB/s)
[INFO] Downloading from central: https://repo.maven.apache.org/maven2/org/codehaus/mojo/mojo-parent/65/mojo-parent-65.pom
[INFO] Downloaded from central: https://repo.maven.apache.org/maven2/org/codehaus/mojo/mojo-parent/65/mojo-parent-65.pom (35 kB at 1.2 MB/s)
[INFO] Downloading from central: https://repo.maven.apache.org/maven2/org/junit/junit-bom/5.8.1/junit-bom-5.8.1.pom
[INFO] Downloaded from central: https://repo.maven.apache.org/maven2/org/junit/junit-bom/5.8.1/junit-bom-5.8.1.pom (5.6 kB at 469 kB/s)
[INFO] Downloading from central: https://repo.maven.apache.org/maven2/org/codehaus/mojo/build-helper-maven-plugin/3.3.0/build-helper-maven-plugin-3.3.0.jar
[INFO] Downloaded from central: https://repo.maven.apache.org/maven2/org/codehaus/mojo/build-helper-maven-plugin/3.3.0/build-helper-maven-plugin-3.3.0.jar (68 kB at 2.6 MB/s)
[INFO] Downloading from central: https://repo.maven.apache.org/maven2/org/jvnet/jaxb2/maven2/maven-jaxb2-plugin/0.15.1/maven-jaxb2-plugin-0.15.1.pom
[INFO] Downloaded from central: https://repo.maven.apache.org/maven2/org/jvnet/jaxb2/maven2/maven-jaxb2-plugin/0.15.1/maven-jaxb2-plugin-0.15.1.pom (3.0 kB at 252 kB/s)
[INFO] Downloading from central: https://repo.maven.apache.org/maven2/org/jvnet/jaxb2/maven2/maven-jaxb2-plugin-project/0.15.1/maven-jaxb2-plugin-project-0.15.1.pom
[INFO] Downloaded from central: https://repo.maven.apache.org/maven2/org/jvnet/jaxb2/maven2/maven-jaxb2-plugin-project/0.15.1/maven-jaxb2-plugin-project-0.15.1.pom (16 kB at 705 kB/s)
[INFO] Downloading from central: https://repo.maven.apache.org/maven2/org/jvnet/jaxb2/maven2/maven-jaxb2-plugin/0.15.1/maven-jaxb2-plugin-0.15.1.jar
[INFO] Downloaded from central: https://repo.maven.apache.org/maven2/org/jvnet/jaxb2/maven2/maven-jaxb2-plugin/0.15.1/maven-jaxb2-plugin-0.15.1.jar (28 kB at 1.6 MB/s)
[INFO] Downloading from central: https://repo.maven.apache.org/maven2/org/bouncycastle/bcpkix-jdk15on/1.70/bcpkix-jdk15on-1.70.pom
[INFO] Downloaded from central: https://repo.maven.apache.org/maven2/org/bouncycastle/bcpkix-jdk15on/1.70/bcpkix-jdk15on-1.70.pom (1.6 kB at 137 kB/s)
[INFO] Downloading from central: https://repo.maven.apache.org/maven2/org/bouncycastle/bcprov-jdk15on/1.70/bcprov-jdk15on-1.70.pom
[INFO] Downloaded from central: https://repo.maven.apache.org/maven2/org/bouncycastle/bcprov-jdk15on/1.70/bcprov-jdk15on-1.70.pom (1.1 kB at 82 kB/s)
[INFO] Downloading from central: https://repo.maven.apache.org/maven2/org/bouncycastle/bcutil-jdk15on/1.70/bcutil-jdk15on-1.70.pom
[INFO] Downloaded from central: https://repo.maven.apache.org/maven2/org/bouncycastle/bcutil-jdk15on/1.70/bcutil-jdk15on-1.70.pom (1.3 kB at 102 kB/s)
[INFO] Downloading from central: https://repo.maven.apache.org/maven2/org/bouncycastle/bcpkix-jdk15on/1.70/bcpkix-jdk15on-1.70.jar
[INFO] Downloaded from central: https://repo.maven.apache.org/maven2/org/bouncycastle/bcpkix-jdk15on/1.70/bcpkix-jdk15on-1.70.jar (964 kB at 13 MB/s)
[INFO] Downloading from central: https://repo.maven.apache.org/maven2/org/bouncycastle/bcprov-jdk15on/1.70/bcprov-jdk15on-1.70.jar
[INFO] Downloading from central: https://repo.maven.apache.org/maven2/org/bouncycastle/bcutil-jdk15on/1.70/bcutil-jdk15on-1.70.jar
[INFO] Downloaded from central: https://repo.maven.apache.org/maven2/org/bouncycastle/bcutil-jdk15on/1.70/bcutil-jdk15on-1.70.jar (483 kB at 15 MB/s)
[INFO] Downloaded from central: https://repo.maven.apache.org/maven2/org/bouncycastle/bcprov-jdk15on/1.70/bcprov-jdk15on-1.70.jar (5.9 MB at 25 MB/s)
[INFO] 
[INFO] --- clean:3.2.0:clean (default-clean) @ billy-portugal ---
[INFO] 
[INFO] --- build-helper:3.3.0:add-source (add-source) @ billy-portugal ---
[INFO] Downloading from central: https://repo.maven.apache.org/maven2/org/apache/maven/maven-core/3.0/maven-core-3.0.pom
[INFO] Downloaded from central: https://repo.maven.apache.org/maven2/org/apache/maven/maven-core/3.0/maven-core-3.0.pom (6.6 kB at 737 kB/s)
[INFO] Downloading from central: https://repo.maven.apache.org/maven2/org/apache/maven/maven/3.0/maven-3.0.pom
[INFO] Downloaded from central: https://repo.maven.apache.org/maven2/org/apache/maven/maven/3.0/maven-3.0.pom (22 kB at 1.7 MB/s)
[INFO] Downloading from central: https://repo.maven.apache.org/maven2/org/apache/maven/maven-parent/15/maven-parent-15.pom
[INFO] Downloaded from central: https://repo.maven.apache.org/maven2/org/apache/maven/maven-parent/15/maven-parent-15.pom (24 kB at 2.2 MB/s)
[INFO] Downloading from central: https://repo.maven.apache.org/maven2/org/apache/apache/6/apache-6.pom
[INFO] Downloaded from central: https://repo.maven.apache.org/maven2/org/apache/apache/6/apache-6.pom (13 kB at 1.4 MB/s)
[INFO] Downloading from central: https://repo.maven.apache.org/maven2/org/apache/maven/maven-model/3.0/maven-model-3.0.pom
[INFO] Downloaded from central: https://repo.maven.apache.org/maven2/org/apache/maven/maven-model/3.0/maven-model-3.0.pom (3.9 kB at 324 kB/s)
[INFO] Downloading from central: https://repo.maven.apache.org/maven2/org/codehaus/plexus/plexus-utils/2.0.4/plexus-utils-2.0.4.pom
[INFO] Downloaded from central: https://repo.maven.apache.org/maven2/org/codehaus/plexus/plexus-utils/2.0.4/plexus-utils-2.0.4.pom (3.3 kB at 370 kB/s)
[INFO] Downloading from central: https://repo.maven.apache.org/maven2/org/codehaus/plexus/plexus/2.0.6/plexus-2.0.6.pom
[INFO] Downloaded from central: https://repo.maven.apache.org/maven2/org/codehaus/plexus/plexus/2.0.6/plexus-2.0.6.pom (17 kB at 1.5 MB/s)
[INFO] Downloading from central: https://repo.maven.apache.org/maven2/org/apache/maven/maven-settings/3.0/maven-settings-3.0.pom
[INFO] Downloaded from central: https://repo.maven.apache.org/maven2/org/apache/maven/maven-settings/3.0/maven-settings-3.0.pom (1.9 kB at 188 kB/s)
[INFO] Downloading from central: https://repo.maven.apache.org/maven2/org/apache/maven/maven-settings-builder/3.0/maven-settings-builder-3.0.pom
[INFO] Downloaded from central: https://repo.maven.apache.org/maven2/org/apache/maven/maven-settings-builder/3.0/maven-settings-builder-3.0.pom (2.2 kB at 247 kB/s)
[INFO] Downloading from central: https://repo.maven.apache.org/maven2/org/codehaus/plexus/plexus-interpolation/1.14/plexus-interpolation-1.14.pom
[INFO] Downloaded from central: https://repo.maven.apache.org/maven2/org/codehaus/plexus/plexus-interpolation/1.14/plexus-interpolation-1.14.pom (910 B at 114 kB/s)
[INFO] Downloading from central: https://repo.maven.apache.org/maven2/org/codehaus/plexus/plexus-components/1.1.18/plexus-components-1.1.18.pom
[INFO] Downloaded from central: https://repo.maven.apache.org/maven2/org/codehaus/plexus/plexus-components/1.1.18/plexus-components-1.1.18.pom (5.4 kB at 357 kB/s)
[INFO] Downloading from central: https://repo.maven.apache.org/maven2/org/apache/maven/maven-repository-metadata/3.0/maven-repository-metadata-3.0.pom
[INFO] Downloaded from central: https://repo.maven.apache.org/maven2/org/apache/maven/maven-repository-metadata/3.0/maven-repository-metadata-3.0.pom (1.9 kB at 214 kB/s)
[INFO] Downloading from central: https://repo.maven.apache.org/maven2/org/apache/maven/maven-artifact/3.0/maven-artifact-3.0.pom
[INFO] Downloaded from central: https://repo.maven.apache.org/maven2/org/apache/maven/maven-artifact/3.0/maven-artifact-3.0.pom (1.9 kB at 241 kB/s)
[INFO] Downloading from central: https://repo.maven.apache.org/maven2/org/apache/maven/maven-plugin-api/3.8.4/maven-plugin-api-3.8.4.pom
[INFO] Downloaded from central: https://repo.maven.apache.org/maven2/org/apache/maven/maven-plugin-api/3.8.4/maven-plugin-api-3.8.4.pom (3.0 kB at 304 kB/s)
[INFO] Downloading from central: https://repo.maven.apache.org/maven2/org/apache/maven/maven/3.8.4/maven-3.8.4.pom
[INFO] Downloaded from central: https://repo.maven.apache.org/maven2/org/apache/maven/maven/3.8.4/maven-3.8.4.pom (27 kB at 2.3 MB/s)
[INFO] Downloading from central: https://repo.maven.apache.org/maven2/org/apache/maven/maven-model/3.8.4/maven-model-3.8.4.pom
[INFO] Downloaded from central: https://repo.maven.apache.org/maven2/org/apache/maven/maven-model/3.8.4/maven-model-3.8.4.pom (2.8 kB at 234 kB/s)
[INFO] Downloading from central: https://repo.maven.apache.org/maven2/org/apache/maven/maven-artifact/3.8.4/maven-artifact-3.8.4.pom
[INFO] Downloaded from central: https://repo.maven.apache.org/maven2/org/apache/maven/maven-artifact/3.8.4/maven-artifact-3.8.4.pom (2.4 kB at 239 kB/s)
[INFO] Downloading from central: https://repo.maven.apache.org/maven2/org/eclipse/sisu/org.eclipse.sisu.plexus/0.3.5/org.eclipse.sisu.plexus-0.3.5.pom
[INFO] Downloaded from central: https://repo.maven.apache.org/maven2/org/eclipse/sisu/org.eclipse.sisu.plexus/0.3.5/org.eclipse.sisu.plexus-0.3.5.pom (4.3 kB at 536 kB/s)
[INFO] Downloading from central: https://repo.maven.apache.org/maven2/org/eclipse/sisu/sisu-plexus/0.3.5/sisu-plexus-0.3.5.pom
[INFO] Downloaded from central: https://repo.maven.apache.org/maven2/org/eclipse/sisu/sisu-plexus/0.3.5/sisu-plexus-0.3.5.pom (14 kB at 1.5 MB/s)
[INFO] Downloading from central: https://repo.maven.apache.org/maven2/javax/annotation/javax.annotation-api/1.2/javax.annotation-api-1.2.pom
[INFO] Downloaded from central: https://repo.maven.apache.org/maven2/javax/annotation/javax.annotation-api/1.2/javax.annotation-api-1.2.pom (13 kB at 959 kB/s)
[INFO] Downloading from central: https://repo.maven.apache.org/maven2/net/java/jvnet-parent/3/jvnet-parent-3.pom
[INFO] Downloaded from central: https://repo.maven.apache.org/maven2/net/java/jvnet-parent/3/jvnet-parent-3.pom (4.8 kB at 435 kB/s)
[INFO] Downloading from central: https://repo.maven.apache.org/maven2/org/eclipse/sisu/org.eclipse.sisu.inject/0.3.5/org.eclipse.sisu.inject-0.3.5.pom
[INFO] Downloaded from central: https://repo.maven.apache.org/maven2/org/eclipse/sisu/org.eclipse.sisu.inject/0.3.5/org.eclipse.sisu.inject-0.3.5.pom (2.6 kB at 239 kB/s)
[INFO] Downloading from central: https://repo.maven.apache.org/maven2/org/eclipse/sisu/sisu-inject/0.3.5/sisu-inject-0.3.5.pom
[INFO] Downloaded from central: https://repo.maven.apache.org/maven2/org/eclipse/sisu/sisu-inject/0.3.5/sisu-inject-0.3.5.pom (14 kB at 1.6 MB/s)
[INFO] Downloading from central: https://repo.maven.apache.org/maven2/org/codehaus/plexus/plexus-utils/3.0.24/plexus-utils-3.0.24.pom
[INFO] Downloaded from central: https://repo.maven.apache.org/maven2/org/codehaus/plexus/plexus-utils/3.0.24/plexus-utils-3.0.24.pom (4.1 kB at 516 kB/s)
[INFO] Downloading from central: https://repo.maven.apache.org/maven2/org/apache/maven/maven-model-builder/3.0/maven-model-builder-3.0.pom
[INFO] Downloaded from central: https://repo.maven.apache.org/maven2/org/apache/maven/maven-model-builder/3.0/maven-model-builder-3.0.pom (2.2 kB at 281 kB/s)
[INFO] Downloading from central: https://repo.maven.apache.org/maven2/org/apache/maven/maven-aether-provider/3.0/maven-aether-provider-3.0.pom
[INFO] Downloaded from central: https://repo.maven.apache.org/maven2/org/apache/maven/maven-aether-provider/3.0/maven-aether-provider-3.0.pom (2.5 kB at 309 kB/s)
[INFO] Downloading from central: https://repo.maven.apache.org/maven2/org/sonatype/aether/aether-api/1.7/aether-api-1.7.pom
[INFO] Downloaded from central: https://repo.maven.apache.org/maven2/org/sonatype/aether/aether-api/1.7/aether-api-1.7.pom (1.7 kB at 209 kB/s)
[INFO] Downloading from central: https://repo.maven.apache.org/maven2/org/sonatype/aether/aether-parent/1.7/aether-parent-1.7.pom
[INFO] Downloaded from central: https://repo.maven.apache.org/maven2/org/sonatype/aether/aether-parent/1.7/aether-parent-1.7.pom (7.7 kB at 702 kB/s)
[INFO] Downloading from central: https://repo.maven.apache.org/maven2/org/sonatype/forge/forge-parent/6/forge-parent-6.pom
[INFO] Downloaded from central: https://repo.maven.apache.org/maven2/org/sonatype/forge/forge-parent/6/forge-parent-6.pom (11 kB at 1.2 MB/s)
[INFO] Downloading from central: https://repo.maven.apache.org/maven2/org/sonatype/aether/aether-util/1.7/aether-util-1.7.pom
[INFO] Downloaded from central: https://repo.maven.apache.org/maven2/org/sonatype/aether/aether-util/1.7/aether-util-1.7.pom (2.1 kB at 206 kB/s)
[INFO] Downloading from central: https://repo.maven.apache.org/maven2/org/sonatype/aether/aether-impl/1.7/aether-impl-1.7.pom
[INFO] Downloaded from central: https://repo.maven.apache.org/maven2/org/sonatype/aether/aether-impl/1.7/aether-impl-1.7.pom (3.7 kB at 462 kB/s)
[INFO] Downloading from central: https://repo.maven.apache.org/maven2/org/sonatype/aether/aether-spi/1.7/aether-spi-1.7.pom
[INFO] Downloaded from central: https://repo.maven.apache.org/maven2/org/sonatype/aether/aether-spi/1.7/aether-spi-1.7.pom (1.7 kB at 158 kB/s)
[INFO] Downloading from central: https://repo.maven.apache.org/maven2/org/sonatype/sisu/sisu-inject-plexus/1.4.2/sisu-inject-plexus-1.4.2.pom
[INFO] Downloaded from central: https://repo.maven.apache.org/maven2/org/sonatype/sisu/sisu-inject-plexus/1.4.2/sisu-inject-plexus-1.4.2.pom (5.4 kB at 447 kB/s)
[INFO] Downloading from central: https://repo.maven.apache.org/maven2/org/sonatype/sisu/inject/guice-plexus/1.4.2/guice-plexus-1.4.2.pom
[INFO] Downloaded from central: https://repo.maven.apache.org/maven2/org/sonatype/sisu/inject/guice-plexus/1.4.2/guice-plexus-1.4.2.pom (3.1 kB at 313 kB/s)
[INFO] Downloading from central: https://repo.maven.apache.org/maven2/org/sonatype/sisu/inject/guice-bean/1.4.2/guice-bean-1.4.2.pom
[INFO] Downloaded from central: https://repo.maven.apache.org/maven2/org/sonatype/sisu/inject/guice-bean/1.4.2/guice-bean-1.4.2.pom (2.6 kB at 326 kB/s)
[INFO] Downloading from central: https://repo.maven.apache.org/maven2/org/sonatype/sisu/sisu-inject/1.4.2/sisu-inject-1.4.2.pom
[INFO] Downloaded from central: https://repo.maven.apache.org/maven2/org/sonatype/sisu/sisu-inject/1.4.2/sisu-inject-1.4.2.pom (1.2 kB at 156 kB/s)
[INFO] Downloading from central: https://repo.maven.apache.org/maven2/org/sonatype/sisu/sisu-parent/1.4.2/sisu-parent-1.4.2.pom
[INFO] Downloaded from central: https://repo.maven.apache.org/maven2/org/sonatype/sisu/sisu-parent/1.4.2/sisu-parent-1.4.2.pom (7.8 kB at 864 kB/s)
[INFO] Downloading from central: https://repo.maven.apache.org/maven2/org/codehaus/plexus/plexus-component-annotations/1.5.4/plexus-component-annotations-1.5.4.pom
[INFO] Downloaded from central: https://repo.maven.apache.org/maven2/org/codehaus/plexus/plexus-component-annotations/1.5.4/plexus-component-annotations-1.5.4.pom (815 B at 74 kB/s)
[INFO] Downloading from central: https://repo.maven.apache.org/maven2/org/codehaus/plexus/plexus-containers/1.5.4/plexus-containers-1.5.4.pom
[INFO] Downloaded from central: https://repo.maven.apache.org/maven2/org/codehaus/plexus/plexus-containers/1.5.4/plexus-containers-1.5.4.pom (4.2 kB at 385 kB/s)
[INFO] Downloading from central: https://repo.maven.apache.org/maven2/org/codehaus/plexus/plexus/2.0.5/plexus-2.0.5.pom
[INFO] Downloaded from central: https://repo.maven.apache.org/maven2/org/codehaus/plexus/plexus/2.0.5/plexus-2.0.5.pom (17 kB at 1.4 MB/s)
[INFO] Downloading from central: https://repo.maven.apache.org/maven2/org/codehaus/plexus/plexus-classworlds/2.2.3/plexus-classworlds-2.2.3.pom
[INFO] Downloaded from central: https://repo.maven.apache.org/maven2/org/codehaus/plexus/plexus-classworlds/2.2.3/plexus-classworlds-2.2.3.pom (4.0 kB at 400 kB/s)
[INFO] Downloading from central: https://repo.maven.apache.org/maven2/org/codehaus/plexus/plexus-utils/2.0.5/plexus-utils-2.0.5.pom
[INFO] Downloaded from central: https://repo.maven.apache.org/maven2/org/codehaus/plexus/plexus-utils/2.0.5/plexus-utils-2.0.5.pom (3.3 kB at 370 kB/s)
[INFO] Downloading from central: https://repo.maven.apache.org/maven2/org/sonatype/sisu/sisu-inject-bean/1.4.2/sisu-inject-bean-1.4.2.pom
[INFO] Downloaded from central: https://repo.maven.apache.org/maven2/org/sonatype/sisu/sisu-inject-bean/1.4.2/sisu-inject-bean-1.4.2.pom (5.5 kB at 546 kB/s)
[INFO] Downloading from central: https://repo.maven.apache.org/maven2/org/sonatype/sisu/sisu-guice/2.1.7/sisu-guice-2.1.7.pom
[INFO] Downloaded from central: https://repo.maven.apache.org/maven2/org/sonatype/sisu/sisu-guice/2.1.7/sisu-guice-2.1.7.pom (11 kB at 1.2 MB/s)
[INFO] Downloading from central: https://repo.maven.apache.org/maven2/org/apache/maven/maven-plugin-api/3.0/maven-plugin-api-3.0.pom
[INFO] Downloaded from central: https://repo.maven.apache.org/maven2/org/apache/maven/maven-plugin-api/3.0/maven-plugin-api-3.0.pom (2.3 kB at 327 kB/s)
[INFO] Downloading from central: https://repo.maven.apache.org/maven2/org/apache-extras/beanshell/bsh/2.0b6/bsh-2.0b6.pom
[INFO] Downloaded from central: https://repo.maven.apache.org/maven2/org/apache-extras/beanshell/bsh/2.0b6/bsh-2.0b6.pom (5.0 kB at 713 kB/s)
[INFO] Downloading from central: https://repo.maven.apache.org/maven2/org/apache/maven/shared/file-management/3.0.0/file-management-3.0.0.pom
[INFO] Downloaded from central: https://repo.maven.apache.org/maven2/org/apache/maven/shared/file-management/3.0.0/file-management-3.0.0.pom (4.7 kB at 670 kB/s)
[INFO] Downloading from central: https://repo.maven.apache.org/maven2/org/apache/maven/shared/maven-shared-components/22/maven-shared-components-22.pom
[INFO] Downloaded from central: https://repo.maven.apache.org/maven2/org/apache/maven/shared/maven-shared-components/22/maven-shared-components-22.pom (5.1 kB at 639 kB/s)
[INFO] Downloading from central: https://repo.maven.apache.org/maven2/org/apache/maven/maven-parent/27/maven-parent-27.pom
[INFO] Downloaded from central: https://repo.maven.apache.org/maven2/org/apache/maven/maven-parent/27/maven-parent-27.pom (41 kB at 4.5 MB/s)
[INFO] Downloading from central: https://repo.maven.apache.org/maven2/org/apache/apache/17/apache-17.pom
[INFO] Downloaded from central: https://repo.maven.apache.org/maven2/org/apache/apache/17/apache-17.pom (16 kB at 1.8 MB/s)
[INFO] Downloading from central: https://repo.maven.apache.org/maven2/org/apache/maven/shared/maven-shared-io/3.0.0/maven-shared-io-3.0.0.pom
[INFO] Downloaded from central: https://repo.maven.apache.org/maven2/org/apache/maven/shared/maven-shared-io/3.0.0/maven-shared-io-3.0.0.pom (4.2 kB at 320 kB/s)
[INFO] Downloading from central: https://repo.maven.apache.org/maven2/org/apache/maven/maven-compat/3.0/maven-compat-3.0.pom
[INFO] Downloaded from central: https://repo.maven.apache.org/maven2/org/apache/maven/maven-compat/3.0/maven-compat-3.0.pom (4.0 kB at 447 kB/s)
[INFO] Downloading from central: https://repo.maven.apache.org/maven2/org/apache/maven/wagon/wagon-provider-api/1.0-beta-6/wagon-provider-api-1.0-beta-6.pom
[INFO] Downloaded from central: https://repo.maven.apache.org/maven2/org/apache/maven/wagon/wagon-provider-api/1.0-beta-6/wagon-provider-api-1.0-beta-6.pom (1.8 kB at 196 kB/s)
[INFO] Downloading from central: https://repo.maven.apache.org/maven2/org/apache/maven/wagon/wagon/1.0-beta-6/wagon-1.0-beta-6.pom
[INFO] Downloaded from central: https://repo.maven.apache.org/maven2/org/apache/maven/wagon/wagon/1.0-beta-6/wagon-1.0-beta-6.pom (12 kB at 1.4 MB/s)
[INFO] Downloading from central: https://repo.maven.apache.org/maven2/org/codehaus/plexus/plexus-utils/1.4.2/plexus-utils-1.4.2.pom
[INFO] Downloaded from central: https://repo.maven.apache.org/maven2/org/codehaus/plexus/plexus-utils/1.4.2/plexus-utils-1.4.2.pom (2.0 kB at 280 kB/s)
[INFO] Downloading from central: https://repo.maven.apache.org/maven2/org/apache/maven/wagon/wagon-provider-api/2.10/wagon-provider-api-2.10.pom
[INFO] Downloaded from central: https://repo.maven.apache.org/maven2/org/apache/maven/wagon/wagon-provider-api/2.10/wagon-provider-api-2.10.pom (1.7 kB at 173 kB/s)
[INFO] Downloading from central: https://repo.maven.apache.org/maven2/org/apache/maven/wagon/wagon/2.10/wagon-2.10.pom
[INFO] Downloaded from central: https://repo.maven.apache.org/maven2/org/apache/maven/wagon/wagon/2.10/wagon-2.10.pom (21 kB at 1.9 MB/s)
[INFO] Downloading from central: https://repo.maven.apache.org/maven2/org/apache/maven/maven-parent/26/maven-parent-26.pom
[INFO] Downloaded from central: https://repo.maven.apache.org/maven2/org/apache/maven/maven-parent/26/maven-parent-26.pom (40 kB at 3.6 MB/s)
[INFO] Downloading from central: https://repo.maven.apache.org/maven2/org/codehaus/plexus/plexus-utils/3.0.15/plexus-utils-3.0.15.pom
[INFO] Downloaded from central: https://repo.maven.apache.org/maven2/org/codehaus/plexus/plexus-utils/3.0.15/plexus-utils-3.0.15.pom (3.1 kB at 393 kB/s)
[INFO] Downloading from central: https://repo.maven.apache.org/maven2/org/apache/maven/shared/maven-shared-utils/3.0.0/maven-shared-utils-3.0.0.pom
[INFO] Downloaded from central: https://repo.maven.apache.org/maven2/org/apache/maven/shared/maven-shared-utils/3.0.0/maven-shared-utils-3.0.0.pom (5.6 kB at 620 kB/s)
[INFO] Downloading from central: https://repo.maven.apache.org/maven2/org/apache/maven/shared/maven-shared-components/21/maven-shared-components-21.pom
[INFO] Downloaded from central: https://repo.maven.apache.org/maven2/org/apache/maven/shared/maven-shared-components/21/maven-shared-components-21.pom (5.1 kB at 567 kB/s)
[INFO] Downloading from central: https://repo.maven.apache.org/maven2/org/apache/maven/maven-parent/25/maven-parent-25.pom
[INFO] Downloaded from central: https://repo.maven.apache.org/maven2/org/apache/maven/maven-parent/25/maven-parent-25.pom (37 kB at 3.4 MB/s)
[INFO] Downloading from central: https://repo.maven.apache.org/maven2/org/apache/apache/15/apache-15.pom
[INFO] Downloaded from central: https://repo.maven.apache.org/maven2/org/apache/apache/15/apache-15.pom (15 kB at 1.9 MB/s)
[INFO] Downloading from central: https://repo.maven.apache.org/maven2/commons-io/commons-io/2.4/commons-io-2.4.pom
[INFO] Downloaded from central: https://repo.maven.apache.org/maven2/commons-io/commons-io/2.4/commons-io-2.4.pom (10 kB at 1.1 MB/s)
[INFO] Downloading from central: https://repo.maven.apache.org/maven2/org/apache/commons/commons-parent/25/commons-parent-25.pom
[INFO] Downloaded from central: https://repo.maven.apache.org/maven2/org/apache/commons/commons-parent/25/commons-parent-25.pom (48 kB at 6.0 MB/s)
[INFO] Downloading from central: https://repo.maven.apache.org/maven2/org/apache/apache/9/apache-9.pom
[INFO] Downloaded from central: https://repo.maven.apache.org/maven2/org/apache/apache/9/apache-9.pom (15 kB at 1.1 MB/s)
[INFO] Downloading from central: https://repo.maven.apache.org/maven2/com/google/code/findbugs/jsr305/2.0.1/jsr305-2.0.1.pom
[INFO] Downloaded from central: https://repo.maven.apache.org/maven2/com/google/code/findbugs/jsr305/2.0.1/jsr305-2.0.1.pom (965 B at 96 kB/s)
[INFO] Downloading from central: https://repo.maven.apache.org/maven2/org/codehaus/plexus/plexus-utils/3.0.22/plexus-utils-3.0.22.pom
[INFO] Downloaded from central: https://repo.maven.apache.org/maven2/org/codehaus/plexus/plexus-utils/3.0.22/plexus-utils-3.0.22.pom (3.8 kB at 426 kB/s)
[INFO] Downloading from central: https://repo.maven.apache.org/maven2/org/apache/maven/maven-core/3.0/maven-core-3.0.jar
[INFO] Downloaded from central: https://repo.maven.apache.org/maven2/org/apache/maven/maven-core/3.0/maven-core-3.0.jar (527 kB at 29 MB/s)
[INFO] Downloading from central: https://repo.maven.apache.org/maven2/org/apache/maven/maven-model/3.0/maven-model-3.0.jar
[INFO] Downloading from central: https://repo.maven.apache.org/maven2/org/apache/maven/maven-settings/3.0/maven-settings-3.0.jar
[INFO] Downloading from central: https://repo.maven.apache.org/maven2/org/apache/maven/maven-settings-builder/3.0/maven-settings-builder-3.0.jar
[INFO] Downloading from central: https://repo.maven.apache.org/maven2/org/apache/maven/maven-artifact/3.0/maven-artifact-3.0.jar
[INFO] Downloading from central: https://repo.maven.apache.org/maven2/org/apache/maven/maven-repository-metadata/3.0/maven-repository-metadata-3.0.jar
[INFO] Downloaded from central: https://repo.maven.apache.org/maven2/org/apache/maven/maven-settings-builder/3.0/maven-settings-builder-3.0.jar (38 kB at 4.2 MB/s)
[INFO] Downloading from central: https://repo.maven.apache.org/maven2/org/apache/maven/maven-model-builder/3.0/maven-model-builder-3.0.jar
[INFO] Downloaded from central: https://repo.maven.apache.org/maven2/org/apache/maven/maven-settings/3.0/maven-settings-3.0.jar (47 kB at 5.2 MB/s)
[INFO] Downloading from central: https://repo.maven.apache.org/maven2/org/apache/maven/maven-aether-provider/3.0/maven-aether-provider-3.0.jar
[INFO] Downloaded from central: https://repo.maven.apache.org/maven2/org/apache/maven/maven-model-builder/3.0/maven-model-builder-3.0.jar (148 kB at 7.8 MB/s)
[INFO] Downloading from central: https://repo.maven.apache.org/maven2/org/sonatype/aether/aether-impl/1.7/aether-impl-1.7.jar
[INFO] Downloaded from central: https://repo.maven.apache.org/maven2/org/apache/maven/maven-aether-provider/3.0/maven-aether-provider-3.0.jar (51 kB at 2.3 MB/s)
[INFO] Downloading from central: https://repo.maven.apache.org/maven2/org/sonatype/aether/aether-spi/1.7/aether-spi-1.7.jar
[INFO] Downloaded from central: https://repo.maven.apache.org/maven2/org/sonatype/aether/aether-impl/1.7/aether-impl-1.7.jar (106 kB at 3.3 MB/s)
[INFO] Downloading from central: https://repo.maven.apache.org/maven2/org/sonatype/aether/aether-api/1.7/aether-api-1.7.jar
[INFO] Downloaded from central: https://repo.maven.apache.org/maven2/org/sonatype/aether/aether-spi/1.7/aether-spi-1.7.jar (14 kB at 411 kB/s)
[INFO] Downloading from central: https://repo.maven.apache.org/maven2/org/sonatype/aether/aether-util/1.7/aether-util-1.7.jar
[INFO] Downloaded from central: https://repo.maven.apache.org/maven2/org/apache/maven/maven-artifact/3.0/maven-artifact-3.0.jar (52 kB at 1.3 MB/s)
[INFO] Downloading from central: https://repo.maven.apache.org/maven2/org/sonatype/sisu/sisu-inject-plexus/1.4.2/sisu-inject-plexus-1.4.2.jar
[INFO] Downloaded from central: https://repo.maven.apache.org/maven2/org/sonatype/aether/aether-api/1.7/aether-api-1.7.jar (74 kB at 1.8 MB/s)
[INFO] Downloading from central: https://repo.maven.apache.org/maven2/org/sonatype/sisu/sisu-inject-bean/1.4.2/sisu-inject-bean-1.4.2.jar
[INFO] Downloaded from central: https://repo.maven.apache.org/maven2/org/sonatype/aether/aether-util/1.7/aether-util-1.7.jar (108 kB at 2.6 MB/s)
[INFO] Downloading from central: https://repo.maven.apache.org/maven2/org/sonatype/sisu/sisu-guice/2.1.7/sisu-guice-2.1.7-noaop.jar
[INFO] Downloaded from central: https://repo.maven.apache.org/maven2/org/sonatype/sisu/sisu-inject-bean/1.4.2/sisu-inject-bean-1.4.2.jar (153 kB at 2.9 MB/s)
[INFO] Downloading from central: https://repo.maven.apache.org/maven2/org/codehaus/plexus/plexus-interpolation/1.14/plexus-interpolation-1.14.jar
[INFO] Downloaded from central: https://repo.maven.apache.org/maven2/org/sonatype/sisu/sisu-inject-plexus/1.4.2/sisu-inject-plexus-1.4.2.jar (202 kB at 3.7 MB/s)
[INFO] Downloading from central: https://repo.maven.apache.org/maven2/org/codehaus/plexus/plexus-classworlds/2.2.3/plexus-classworlds-2.2.3.jar
[INFO] Downloaded from central: https://repo.maven.apache.org/maven2/org/codehaus/plexus/plexus-classworlds/2.2.3/plexus-classworlds-2.2.3.jar (46 kB at 732 kB/s)
[INFO] Downloaded from central: https://repo.maven.apache.org/maven2/org/apache/maven/maven-repository-metadata/3.0/maven-repository-metadata-3.0.jar (30 kB at 463 kB/s)
[INFO] Downloading from central: https://repo.maven.apache.org/maven2/org/codehaus/plexus/plexus-component-annotations/1.5.5/plexus-component-annotations-1.5.5.jar
[INFO] Downloading from central: https://repo.maven.apache.org/maven2/org/apache/maven/maven-plugin-api/3.0/maven-plugin-api-3.0.jar
[INFO] Downloaded from central: https://repo.maven.apache.org/maven2/org/sonatype/sisu/sisu-guice/2.1.7/sisu-guice-2.1.7-noaop.jar (472 kB at 6.2 MB/s)
[INFO] Downloading from central: https://repo.maven.apache.org/maven2/org/codehaus/plexus/plexus-utils/3.0.24/plexus-utils-3.0.24.jar
[INFO] Downloaded from central: https://repo.maven.apache.org/maven2/org/apache/maven/maven-model/3.0/maven-model-3.0.jar (165 kB at 2.0 MB/s)
[INFO] Downloading from central: https://repo.maven.apache.org/maven2/org/apache-extras/beanshell/bsh/2.0b6/bsh-2.0b6.jar
[INFO] Downloaded from central: https://repo.maven.apache.org/maven2/org/codehaus/plexus/plexus-interpolation/1.14/plexus-interpolation-1.14.jar (61 kB at 783 kB/s)
[INFO] Downloaded from central: https://repo.maven.apache.org/maven2/org/apache/maven/maven-plugin-api/3.0/maven-plugin-api-3.0.jar (49 kB at 619 kB/s)
[INFO] Downloading from central: https://repo.maven.apache.org/maven2/org/apache/maven/shared/file-management/3.0.0/file-management-3.0.0.jar
[INFO] Downloading from central: https://repo.maven.apache.org/maven2/org/apache/maven/shared/maven-shared-io/3.0.0/maven-shared-io-3.0.0.jar
[INFO] Downloaded from central: https://repo.maven.apache.org/maven2/org/codehaus/plexus/plexus-component-annotations/1.5.5/plexus-component-annotations-1.5.5.jar (4.2 kB at 53 kB/s)
[INFO] Downloading from central: https://repo.maven.apache.org/maven2/org/apache/maven/maven-compat/3.0/maven-compat-3.0.jar
[INFO] Downloaded from central: https://repo.maven.apache.org/maven2/org/apache/maven/shared/file-management/3.0.0/file-management-3.0.0.jar (35 kB at 397 kB/s)
[INFO] Downloading from central: https://repo.maven.apache.org/maven2/org/apache/maven/wagon/wagon-provider-api/2.10/wagon-provider-api-2.10.jar
[INFO] Downloaded from central: https://repo.maven.apache.org/maven2/org/apache/maven/shared/maven-shared-io/3.0.0/maven-shared-io-3.0.0.jar (41 kB at 461 kB/s)
[INFO] Downloading from central: https://repo.maven.apache.org/maven2/org/apache/maven/shared/maven-shared-utils/3.0.0/maven-shared-utils-3.0.0.jar
[INFO] Downloaded from central: https://repo.maven.apache.org/maven2/org/codehaus/plexus/plexus-utils/3.0.24/plexus-utils-3.0.24.jar (247 kB at 2.6 MB/s)
[INFO] Downloading from central: https://repo.maven.apache.org/maven2/commons-io/commons-io/2.4/commons-io-2.4.jar
[INFO] Downloaded from central: https://repo.maven.apache.org/maven2/org/apache/maven/wagon/wagon-provider-api/2.10/wagon-provider-api-2.10.jar (54 kB at 541 kB/s)
[INFO] Downloading from central: https://repo.maven.apache.org/maven2/com/google/code/findbugs/jsr305/2.0.1/jsr305-2.0.1.jar
[INFO] Downloaded from central: https://repo.maven.apache.org/maven2/org/apache/maven/maven-compat/3.0/maven-compat-3.0.jar (285 kB at 2.9 MB/s)
[INFO] Downloaded from central: https://repo.maven.apache.org/maven2/org/apache-extras/beanshell/bsh/2.0b6/bsh-2.0b6.jar (389 kB at 3.7 MB/s)
[INFO] Downloaded from central: https://repo.maven.apache.org/maven2/org/apache/maven/shared/maven-shared-utils/3.0.0/maven-shared-utils-3.0.0.jar (155 kB at 1.4 MB/s)
[INFO] Downloaded from central: https://repo.maven.apache.org/maven2/com/google/code/findbugs/jsr305/2.0.1/jsr305-2.0.1.jar (32 kB at 295 kB/s)
[INFO] Downloaded from central: https://repo.maven.apache.org/maven2/commons-io/commons-io/2.4/commons-io-2.4.jar (185 kB at 1.7 MB/s)
[INFO] Source directory: /billy/billy-portugal/src-generated/main/java added.
[INFO] 
[INFO] --- apt:1.1.3:process (default) @ billy-portugal ---
[INFO] Downloading from central: https://repo.maven.apache.org/maven2/com/querydsl/querydsl-jpa/5.0.0/querydsl-jpa-5.0.0-apt.jar
[INFO] Downloaded from central: https://repo.maven.apache.org/maven2/com/querydsl/querydsl-jpa/5.0.0/querydsl-jpa-5.0.0-apt.jar (3.8 kB at 421 kB/s)
/billy/billy-portugal/src/main/java/com/premiumminds/billy/portugal/services/export/saftpt/v1_02_01/PTSAFTFileGenerator.java:103: error: package com.premiumminds.billy.portugal.services.export.saftpt.v1_02_01.schema does not exist
import com.premiumminds.billy.portugal.services.export.saftpt.v1_02_01.schema.AddressStructure;
                                                                             ^
/billy/billy-portugal/src/main/java/com/premiumminds/billy/portugal/services/export/saftpt/v1_02_01/PTSAFTFileGenerator.java:104: error: package com.premiumminds.billy.portugal.services.export.saftpt.v1_02_01.schema does not exist
import com.premiumminds.billy.portugal.services.export.saftpt.v1_02_01.schema.AddressStructurePT;
                                                                             ^
/billy/billy-portugal/src/main/java/com/premiumminds/billy/portugal/services/export/saftpt/v1_02_01/PTSAFTFileGenerator.java:105: error: package com.premiumminds.billy.portugal.services.export.saftpt.v1_02_01.schema does not exist
import com.premiumminds.billy.portugal.services.export.saftpt.v1_02_01.schema.AuditFile;
                                                                             ^
/billy/billy-portugal/src/main/java/com/premiumminds/billy/portugal/services/export/saftpt/v1_02_01/PTSAFTFileGenerator.java:106: error: package com.premiumminds.billy.portugal.services.export.saftpt.v1_02_01.schema.AuditFile does not exist
import com.premiumminds.billy.portugal.services.export.saftpt.v1_02_01.schema.AuditFile.MasterFiles;
                                                                                       ^
/billy/billy-portugal/src/main/java/com/premiumminds/billy/portugal/services/export/saftpt/v1_02_01/PTSAFTFileGenerator.java:107: error: package com.premiumminds.billy.portugal.services.export.saftpt.v1_02_01.schema does not exist
import com.premiumminds.billy.portugal.services.export.saftpt.v1_02_01.schema.Currency;
                                                                             ^
/billy/billy-portugal/src/main/java/com/premiumminds/billy/portugal/services/export/saftpt/v1_02_01/PTSAFTFileGenerator.java:108: error: package com.premiumminds.billy.portugal.services.export.saftpt.v1_02_01.schema does not exist
import com.premiumminds.billy.portugal.services.export.saftpt.v1_02_01.schema.Customer;
                                                                             ^
/billy/billy-portugal/src/main/java/com/premiumminds/billy/portugal/services/export/saftpt/v1_02_01/PTSAFTFileGenerator.java:109: error: package com.premiumminds.billy.portugal.services.export.saftpt.v1_02_01.schema does not exist
import com.premiumminds.billy.portugal.services.export.saftpt.v1_02_01.schema.Header;
                                                                             ^
/billy/billy-portugal/src/main/java/com/premiumminds/billy/portugal/services/export/saftpt/v1_02_01/PTSAFTFileGenerator.java:110: error: package com.premiumminds.billy.portugal.services.export.saftpt.v1_02_01.schema does not exist
import com.premiumminds.billy.portugal.services.export.saftpt.v1_02_01.schema.Payment;
                                                                             ^
/billy/billy-portugal/src/main/java/com/premiumminds/billy/portugal/services/export/saftpt/v1_02_01/PTSAFTFileGenerator.java:111: error: package com.premiumminds.billy.portugal.services.export.saftpt.v1_02_01.schema does not exist
import com.premiumminds.billy.portugal.services.export.saftpt.v1_02_01.schema.Product;
                                                                             ^
/billy/billy-portugal/src/main/java/com/premiumminds/billy/portugal/services/export/saftpt/v1_02_01/PTSAFTFileGenerator.java:112: error: package com.premiumminds.billy.portugal.services.export.saftpt.v1_02_01.schema does not exist
import com.premiumminds.billy.portugal.services.export.saftpt.v1_02_01.schema.References;
                                                                             ^
/billy/billy-portugal/src/main/java/com/premiumminds/billy/portugal/services/export/saftpt/v1_02_01/PTSAFTFileGenerator.java:113: error: package com.premiumminds.billy.portugal.services.export.saftpt.v1_02_01.schema does not exist
import com.premiumminds.billy.portugal.services.export.saftpt.v1_02_01.schema.Settlement;
                                                                             ^
/billy/billy-portugal/src/main/java/com/premiumminds/billy/portugal/services/export/saftpt/v1_02_01/PTSAFTFileGenerator.java:114: error: package com.premiumminds.billy.portugal.services.export.saftpt.v1_02_01.schema does not exist
import com.premiumminds.billy.portugal.services.export.saftpt.v1_02_01.schema.ShippingPointStructure;
                                                                             ^
/billy/billy-portugal/src/main/java/com/premiumminds/billy/portugal/services/export/saftpt/v1_02_01/PTSAFTFileGenerator.java:115: error: package com.premiumminds.billy.portugal.services.export.saftpt.v1_02_01.schema does not exist
import com.premiumminds.billy.portugal.services.export.saftpt.v1_02_01.schema.SourceDocuments;
                                                                             ^
/billy/billy-portugal/src/main/java/com/premiumminds/billy/portugal/services/export/saftpt/v1_02_01/PTSAFTFileGenerator.java:116: error: package com.premiumminds.billy.portugal.services.export.saftpt.v1_02_01.schema.SourceDocuments does not exist
import com.premiumminds.billy.portugal.services.export.saftpt.v1_02_01.schema.SourceDocuments.SalesInvoices;
                                                                                             ^
/billy/billy-portugal/src/main/java/com/premiumminds/billy/portugal/services/export/saftpt/v1_02_01/PTSAFTFileGenerator.java:117: error: package com.premiumminds.billy.portugal.services.export.saftpt.v1_02_01.schema.SourceDocuments.SalesInvoices does not exist
import com.premiumminds.billy.portugal.services.export.saftpt.v1_02_01.schema.SourceDocuments.SalesInvoices.Invoice;
                                                                                                           ^
/billy/billy-portugal/src/main/java/com/premiumminds/billy/portugal/services/export/saftpt/v1_02_01/PTSAFTFileGenerator.java:118: error: package com.premiumminds.billy.portugal.services.export.saftpt.v1_02_01.schema.SourceDocuments.SalesInvoices.Invoice does not exist
import com.premiumminds.billy.portugal.services.export.saftpt.v1_02_01.schema.SourceDocuments.SalesInvoices.Invoice.DocumentStatus;
                                                                                                                   ^
/billy/billy-portugal/src/main/java/com/premiumminds/billy/portugal/services/export/saftpt/v1_02_01/PTSAFTFileGenerator.java:119: error: package com.premiumminds.billy.portugal.services.export.saftpt.v1_02_01.schema.SourceDocuments.SalesInvoices.Invoice does not exist
import com.premiumminds.billy.portugal.services.export.saftpt.v1_02_01.schema.SourceDocuments.SalesInvoices.Invoice.DocumentTotals;
                                                                                                                   ^
/billy/billy-portugal/src/main/java/com/premiumminds/billy/portugal/services/export/saftpt/v1_02_01/PTSAFTFileGenerator.java:120: error: package com.premiumminds.billy.portugal.services.export.saftpt.v1_02_01.schema.SourceDocuments.SalesInvoices.Invoice does not exist
import com.premiumminds.billy.portugal.services.export.saftpt.v1_02_01.schema.SourceDocuments.SalesInvoices.Invoice.Line;
                                                                                                                   ^
/billy/billy-portugal/src/main/java/com/premiumminds/billy/portugal/services/export/saftpt/v1_02_01/PTSAFTFileGenerator.java:121: error: package com.premiumminds.billy.portugal.services.export.saftpt.v1_02_01.schema does not exist
import com.premiumminds.billy.portugal.services.export.saftpt.v1_02_01.schema.Supplier;
                                                                             ^
/billy/billy-portugal/src/main/java/com/premiumminds/billy/portugal/services/export/saftpt/v1_02_01/PTSAFTFileGenerator.java:122: error: package com.premiumminds.billy.portugal.services.export.saftpt.v1_02_01.schema does not exist
import com.premiumminds.billy.portugal.services.export.saftpt.v1_02_01.schema.SupplierAddressStructure;
                                                                             ^
/billy/billy-portugal/src/main/java/com/premiumminds/billy/portugal/services/export/saftpt/v1_02_01/PTSAFTFileGenerator.java:123: error: package com.premiumminds.billy.portugal.services.export.saftpt.v1_02_01.schema does not exist
import com.premiumminds.billy.portugal.services.export.saftpt.v1_02_01.schema.Tax;
                                                                             ^
/billy/billy-portugal/src/main/java/com/premiumminds/billy/portugal/services/export/saftpt/v1_02_01/PTSAFTFileGenerator.java:124: error: package com.premiumminds.billy.portugal.services.export.saftpt.v1_02_01.schema does not exist
import com.premiumminds.billy.portugal.services.export.saftpt.v1_02_01.schema.TaxTable;
                                                                             ^
/billy/billy-portugal/src/main/java/com/premiumminds/billy/portugal/services/export/saftpt/v1_02_01/PTSAFTFileGenerator.java:125: error: package com.premiumminds.billy.portugal.services.export.saftpt.v1_02_01.schema does not exist
import com.premiumminds.billy.portugal.services.export.saftpt.v1_02_01.schema.TaxTableEntry;
                                                                             ^
/billy/billy-portugal/src/main/java/com/premiumminds/billy/portugal/services/export/saftpt/v1_03_01/PTSAFTFileGenerator.java:103: error: package com.premiumminds.billy.portugal.services.export.saftpt.v1_03_01.schema does not exist
import com.premiumminds.billy.portugal.services.export.saftpt.v1_03_01.schema.AddressStructure;
                                                                             ^
/billy/billy-portugal/src/main/java/com/premiumminds/billy/portugal/services/export/saftpt/v1_03_01/PTSAFTFileGenerator.java:104: error: package com.premiumminds.billy.portugal.services.export.saftpt.v1_03_01.schema does not exist
import com.premiumminds.billy.portugal.services.export.saftpt.v1_03_01.schema.AddressStructurePT;
                                                                             ^
/billy/billy-portugal/src/main/java/com/premiumminds/billy/portugal/services/export/saftpt/v1_03_01/PTSAFTFileGenerator.java:105: error: package com.premiumminds.billy.portugal.services.export.saftpt.v1_03_01.schema does not exist
import com.premiumminds.billy.portugal.services.export.saftpt.v1_03_01.schema.AuditFile;
                                                                             ^
/billy/billy-portugal/src/main/java/com/premiumminds/billy/portugal/services/export/saftpt/v1_03_01/PTSAFTFileGenerator.java:106: error: package com.premiumminds.billy.portugal.services.export.saftpt.v1_03_01.schema.AuditFile does not exist
import com.premiumminds.billy.portugal.services.export.saftpt.v1_03_01.schema.AuditFile.MasterFiles;
                                                                                       ^
/billy/billy-portugal/src/main/java/com/premiumminds/billy/portugal/services/export/saftpt/v1_03_01/PTSAFTFileGenerator.java:107: error: package com.premiumminds.billy.portugal.services.export.saftpt.v1_03_01.schema does not exist
import com.premiumminds.billy.portugal.services.export.saftpt.v1_03_01.schema.Currency;
                                                                             ^
/billy/billy-portugal/src/main/java/com/premiumminds/billy/portugal/services/export/saftpt/v1_03_01/PTSAFTFileGenerator.java:108: error: package com.premiumminds.billy.portugal.services.export.saftpt.v1_03_01.schema does not exist
import com.premiumminds.billy.portugal.services.export.saftpt.v1_03_01.schema.Customer;
                                                                             ^
/billy/billy-portugal/src/main/java/com/premiumminds/billy/portugal/services/export/saftpt/v1_03_01/PTSAFTFileGenerator.java:109: error: package com.premiumminds.billy.portugal.services.export.saftpt.v1_03_01.schema does not exist
import com.premiumminds.billy.portugal.services.export.saftpt.v1_03_01.schema.Header;
                                                                             ^
/billy/billy-portugal/src/main/java/com/premiumminds/billy/portugal/services/export/saftpt/v1_03_01/PTSAFTFileGenerator.java:110: error: package com.premiumminds.billy.portugal.services.export.saftpt.v1_03_01.schema does not exist
import com.premiumminds.billy.portugal.services.export.saftpt.v1_03_01.schema.PaymentMethod;
                                                                             ^
/billy/billy-portugal/src/main/java/com/premiumminds/billy/portugal/services/export/saftpt/v1_03_01/PTSAFTFileGenerator.java:111: error: package com.premiumminds.billy.portugal.services.export.saftpt.v1_03_01.schema does not exist
import com.premiumminds.billy.portugal.services.export.saftpt.v1_03_01.schema.Product;
                                                                             ^
/billy/billy-portugal/src/main/java/com/premiumminds/billy/portugal/services/export/saftpt/v1_03_01/PTSAFTFileGenerator.java:112: error: package com.premiumminds.billy.portugal.services.export.saftpt.v1_03_01.schema does not exist
import com.premiumminds.billy.portugal.services.export.saftpt.v1_03_01.schema.References;
                                                                             ^
/billy/billy-portugal/src/main/java/com/premiumminds/billy/portugal/services/export/saftpt/v1_03_01/PTSAFTFileGenerator.java:113: error: package com.premiumminds.billy.portugal.services.export.saftpt.v1_03_01.schema does not exist
import com.premiumminds.billy.portugal.services.export.saftpt.v1_03_01.schema.SAFTPTSourceBilling;
                                                                             ^
/billy/billy-portugal/src/main/java/com/premiumminds/billy/portugal/services/export/saftpt/v1_03_01/PTSAFTFileGenerator.java:114: error: package com.premiumminds.billy.portugal.services.export.saftpt.v1_03_01.schema does not exist
import com.premiumminds.billy.portugal.services.export.saftpt.v1_03_01.schema.Settlement;
                                                                             ^
/billy/billy-portugal/src/main/java/com/premiumminds/billy/portugal/services/export/saftpt/v1_03_01/PTSAFTFileGenerator.java:115: error: package com.premiumminds.billy.portugal.services.export.saftpt.v1_03_01.schema does not exist
import com.premiumminds.billy.portugal.services.export.saftpt.v1_03_01.schema.ShippingPointStructure;
                                                                             ^
/billy/billy-portugal/src/main/java/com/premiumminds/billy/portugal/services/export/saftpt/v1_03_01/PTSAFTFileGenerator.java:116: error: package com.premiumminds.billy.portugal.services.export.saftpt.v1_03_01.schema does not exist
import com.premiumminds.billy.portugal.services.export.saftpt.v1_03_01.schema.SourceDocuments;
                                                                             ^
/billy/billy-portugal/src/main/java/com/premiumminds/billy/portugal/services/export/saftpt/v1_03_01/PTSAFTFileGenerator.java:117: error: package com.premiumminds.billy.portugal.services.export.saftpt.v1_03_01.schema.SourceDocuments does not exist
import com.premiumminds.billy.portugal.services.export.saftpt.v1_03_01.schema.SourceDocuments.SalesInvoices;
                                                                                             ^
/billy/billy-portugal/src/main/java/com/premiumminds/billy/portugal/services/export/saftpt/v1_03_01/PTSAFTFileGenerator.java:118: error: package com.premiumminds.billy.portugal.services.export.saftpt.v1_03_01.schema.SourceDocuments.SalesInvoices does not exist
import com.premiumminds.billy.portugal.services.export.saftpt.v1_03_01.schema.SourceDocuments.SalesInvoices.Invoice;
                                                                                                           ^
/billy/billy-portugal/src/main/java/com/premiumminds/billy/portugal/services/export/saftpt/v1_03_01/PTSAFTFileGenerator.java:119: error: package com.premiumminds.billy.portugal.services.export.saftpt.v1_03_01.schema.SourceDocuments.SalesInvoices.Invoice does not exist
import com.premiumminds.billy.portugal.services.export.saftpt.v1_03_01.schema.SourceDocuments.SalesInvoices.Invoice.DocumentStatus;
                                                                                                                   ^
/billy/billy-portugal/src/main/java/com/premiumminds/billy/portugal/services/export/saftpt/v1_03_01/PTSAFTFileGenerator.java:120: error: package com.premiumminds.billy.portugal.services.export.saftpt.v1_03_01.schema.SourceDocuments.SalesInvoices.Invoice does not exist
import com.premiumminds.billy.portugal.services.export.saftpt.v1_03_01.schema.SourceDocuments.SalesInvoices.Invoice.DocumentTotals;
                                                                                                                   ^
/billy/billy-portugal/src/main/java/com/premiumminds/billy/portugal/services/export/saftpt/v1_03_01/PTSAFTFileGenerator.java:121: error: package com.premiumminds.billy.portugal.services.export.saftpt.v1_03_01.schema.SourceDocuments.SalesInvoices.Invoice does not exist
import com.premiumminds.billy.portugal.services.export.saftpt.v1_03_01.schema.SourceDocuments.SalesInvoices.Invoice.Line;
                                                                                                                   ^
/billy/billy-portugal/src/main/java/com/premiumminds/billy/portugal/services/export/saftpt/v1_03_01/PTSAFTFileGenerator.java:122: error: package com.premiumminds.billy.portugal.services.export.saftpt.v1_03_01.schema does not exist
import com.premiumminds.billy.portugal.services.export.saftpt.v1_03_01.schema.SpecialRegimes;
                                                                             ^
/billy/billy-portugal/src/main/java/com/premiumminds/billy/portugal/services/export/saftpt/v1_03_01/PTSAFTFileGenerator.java:123: error: package com.premiumminds.billy.portugal.services.export.saftpt.v1_03_01.schema does not exist
import com.premiumminds.billy.portugal.services.export.saftpt.v1_03_01.schema.Supplier;
                                                                             ^
/billy/billy-portugal/src/main/java/com/premiumminds/billy/portugal/services/export/saftpt/v1_03_01/PTSAFTFileGenerator.java:124: error: package com.premiumminds.billy.portugal.services.export.saftpt.v1_03_01.schema does not exist
import com.premiumminds.billy.portugal.services.export.saftpt.v1_03_01.schema.SupplierAddressStructure;
                                                                             ^
/billy/billy-portugal/src/main/java/com/premiumminds/billy/portugal/services/export/saftpt/v1_03_01/PTSAFTFileGenerator.java:125: error: package com.premiumminds.billy.portugal.services.export.saftpt.v1_03_01.schema does not exist
import com.premiumminds.billy.portugal.services.export.saftpt.v1_03_01.schema.Tax;
                                                                             ^
/billy/billy-portugal/src/main/java/com/premiumminds/billy/portugal/services/export/saftpt/v1_03_01/PTSAFTFileGenerator.java:126: error: package com.premiumminds.billy.portugal.services.export.saftpt.v1_03_01.schema does not exist
import com.premiumminds.billy.portugal.services.export.saftpt.v1_03_01.schema.TaxTable;
                                                                             ^
/billy/billy-portugal/src/main/java/com/premiumminds/billy/portugal/services/export/saftpt/v1_03_01/PTSAFTFileGenerator.java:127: error: package com.premiumminds.billy.portugal.services.export.saftpt.v1_03_01.schema does not exist
import com.premiumminds.billy.portugal.services.export.saftpt.v1_03_01.schema.TaxTableEntry;
                                                                             ^
/billy/billy-portugal/src/main/java/com/premiumminds/billy/portugal/services/export/saftpt/v1_04_01/PTSAFTFileGenerator.java:72: error: package com.premiumminds.billy.portugal.services.export.saftpt.v1_04_01.schema does not exist
import com.premiumminds.billy.portugal.services.export.saftpt.v1_04_01.schema.AddressStructure;
                                                                             ^
/billy/billy-portugal/src/main/java/com/premiumminds/billy/portugal/services/export/saftpt/v1_04_01/PTSAFTFileGenerator.java:73: error: package com.premiumminds.billy.portugal.services.export.saftpt.v1_04_01.schema does not exist
import com.premiumminds.billy.portugal.services.export.saftpt.v1_04_01.schema.AddressStructurePT;
                                                                             ^
/billy/billy-portugal/src/main/java/com/premiumminds/billy/portugal/services/export/saftpt/v1_04_01/PTSAFTFileGenerator.java:74: error: package com.premiumminds.billy.portugal.services.export.saftpt.v1_04_01.schema does not exist
import com.premiumminds.billy.portugal.services.export.saftpt.v1_04_01.schema.AuditFile;
                                                                             ^
/billy/billy-portugal/src/main/java/com/premiumminds/billy/portugal/services/export/saftpt/v1_04_01/PTSAFTFileGenerator.java:75: error: package com.premiumminds.billy.portugal.services.export.saftpt.v1_04_01.schema.AuditFile does not exist
import com.premiumminds.billy.portugal.services.export.saftpt.v1_04_01.schema.AuditFile.MasterFiles;
                                                                                       ^
/billy/billy-portugal/src/main/java/com/premiumminds/billy/portugal/services/export/saftpt/v1_04_01/PTSAFTFileGenerator.java:76: error: package com.premiumminds.billy.portugal.services.export.saftpt.v1_04_01.schema does not exist
import com.premiumminds.billy.portugal.services.export.saftpt.v1_04_01.schema.Currency;
                                                                             ^
/billy/billy-portugal/src/main/java/com/premiumminds/billy/portugal/services/export/saftpt/v1_04_01/PTSAFTFileGenerator.java:77: error: package com.premiumminds.billy.portugal.services.export.saftpt.v1_04_01.schema does not exist
import com.premiumminds.billy.portugal.services.export.saftpt.v1_04_01.schema.Customer;
                                                                             ^
/billy/billy-portugal/src/main/java/com/premiumminds/billy/portugal/services/export/saftpt/v1_04_01/PTSAFTFileGenerator.java:78: error: package com.premiumminds.billy.portugal.services.export.saftpt.v1_04_01.schema does not exist
import com.premiumminds.billy.portugal.services.export.saftpt.v1_04_01.schema.Header;
                                                                             ^
/billy/billy-portugal/src/main/java/com/premiumminds/billy/portugal/services/export/saftpt/v1_04_01/PTSAFTFileGenerator.java:79: error: package com.premiumminds.billy.portugal.services.export.saftpt.v1_04_01.schema does not exist
import com.premiumminds.billy.portugal.services.export.saftpt.v1_04_01.schema.PaymentMethod;
                                                                             ^
/billy/billy-portugal/src/main/java/com/premiumminds/billy/portugal/services/export/saftpt/v1_04_01/PTSAFTFileGenerator.java:80: error: package com.premiumminds.billy.portugal.services.export.saftpt.v1_04_01.schema does not exist
import com.premiumminds.billy.portugal.services.export.saftpt.v1_04_01.schema.Product;
                                                                             ^
/billy/billy-portugal/src/main/java/com/premiumminds/billy/portugal/services/export/saftpt/v1_04_01/PTSAFTFileGenerator.java:81: error: package com.premiumminds.billy.portugal.services.export.saftpt.v1_04_01.schema does not exist
import com.premiumminds.billy.portugal.services.export.saftpt.v1_04_01.schema.References;
                                                                             ^
/billy/billy-portugal/src/main/java/com/premiumminds/billy/portugal/services/export/saftpt/v1_04_01/PTSAFTFileGenerator.java:82: error: package com.premiumminds.billy.portugal.services.export.saftpt.v1_04_01.schema does not exist
import com.premiumminds.billy.portugal.services.export.saftpt.v1_04_01.schema.SAFTPTSourceBilling;
                                                                             ^
/billy/billy-portugal/src/main/java/com/premiumminds/billy/portugal/services/export/saftpt/v1_04_01/PTSAFTFileGenerator.java:83: error: package com.premiumminds.billy.portugal.services.export.saftpt.v1_04_01.schema does not exist
import com.premiumminds.billy.portugal.services.export.saftpt.v1_04_01.schema.Settlement;
                                                                             ^
/billy/billy-portugal/src/main/java/com/premiumminds/billy/portugal/services/export/saftpt/v1_04_01/PTSAFTFileGenerator.java:84: error: package com.premiumminds.billy.portugal.services.export.saftpt.v1_04_01.schema does not exist
import com.premiumminds.billy.portugal.services.export.saftpt.v1_04_01.schema.ShippingPointStructure;
                                                                             ^
/billy/billy-portugal/src/main/java/com/premiumminds/billy/portugal/services/export/saftpt/v1_04_01/PTSAFTFileGenerator.java:85: error: package com.premiumminds.billy.portugal.services.export.saftpt.v1_04_01.schema does not exist
import com.premiumminds.billy.portugal.services.export.saftpt.v1_04_01.schema.SourceDocuments;
                                                                             ^
/billy/billy-portugal/src/main/java/com/premiumminds/billy/portugal/services/export/saftpt/v1_04_01/PTSAFTFileGenerator.java:86: error: package com.premiumminds.billy.portugal.services.export.saftpt.v1_04_01.schema.SourceDocuments does not exist
import com.premiumminds.billy.portugal.services.export.saftpt.v1_04_01.schema.SourceDocuments.SalesInvoices;
                                                                                             ^
/billy/billy-portugal/src/main/java/com/premiumminds/billy/portugal/services/export/saftpt/v1_04_01/PTSAFTFileGenerator.java:87: error: package com.premiumminds.billy.portugal.services.export.saftpt.v1_04_01.schema.SourceDocuments.SalesInvoices does not exist
import com.premiumminds.billy.portugal.services.export.saftpt.v1_04_01.schema.SourceDocuments.SalesInvoices.Invoice;
                                                                                                           ^
/billy/billy-portugal/src/main/java/com/premiumminds/billy/portugal/services/export/saftpt/v1_04_01/PTSAFTFileGenerator.java:88: error: package com.premiumminds.billy.portugal.services.export.saftpt.v1_04_01.schema.SourceDocuments.SalesInvoices.Invoice does not exist
import com.premiumminds.billy.portugal.services.export.saftpt.v1_04_01.schema.SourceDocuments.SalesInvoices.Invoice.DocumentStatus;
                                                                                                                   ^
/billy/billy-portugal/src/main/java/com/premiumminds/billy/portugal/services/export/saftpt/v1_04_01/PTSAFTFileGenerator.java:89: error: package com.premiumminds.billy.portugal.services.export.saftpt.v1_04_01.schema.SourceDocuments.SalesInvoices.Invoice does not exist
import com.premiumminds.billy.portugal.services.export.saftpt.v1_04_01.schema.SourceDocuments.SalesInvoices.Invoice.DocumentTotals;
                                                                                                                   ^
/billy/billy-portugal/src/main/java/com/premiumminds/billy/portugal/services/export/saftpt/v1_04_01/PTSAFTFileGenerator.java:90: error: package com.premiumminds.billy.portugal.services.export.saftpt.v1_04_01.schema.SourceDocuments.SalesInvoices.Invoice does not exist
import com.premiumminds.billy.portugal.services.export.saftpt.v1_04_01.schema.SourceDocuments.SalesInvoices.Invoice.Line;
                                                                                                                   ^
/billy/billy-portugal/src/main/java/com/premiumminds/billy/portugal/services/export/saftpt/v1_04_01/PTSAFTFileGenerator.java:91: error: package com.premiumminds.billy.portugal.services.export.saftpt.v1_04_01.schema does not exist
import com.premiumminds.billy.portugal.services.export.saftpt.v1_04_01.schema.SpecialRegimes;
                                                                             ^
/billy/billy-portugal/src/main/java/com/premiumminds/billy/portugal/services/export/saftpt/v1_04_01/PTSAFTFileGenerator.java:92: error: package com.premiumminds.billy.portugal.services.export.saftpt.v1_04_01.schema does not exist
import com.premiumminds.billy.portugal.services.export.saftpt.v1_04_01.schema.Supplier;
                                                                             ^
/billy/billy-portugal/src/main/java/com/premiumminds/billy/portugal/services/export/saftpt/v1_04_01/PTSAFTFileGenerator.java:93: error: package com.premiumminds.billy.portugal.services.export.saftpt.v1_04_01.schema does not exist
import com.premiumminds.billy.portugal.services.export.saftpt.v1_04_01.schema.SupplierAddressStructure;
                                                                             ^
/billy/billy-portugal/src/main/java/com/premiumminds/billy/portugal/services/export/saftpt/v1_04_01/PTSAFTFileGenerator.java:94: error: package com.premiumminds.billy.portugal.services.export.saftpt.v1_04_01.schema does not exist
import com.premiumminds.billy.portugal.services.export.saftpt.v1_04_01.schema.Tax;
                                                                             ^
/billy/billy-portugal/src/main/java/com/premiumminds/billy/portugal/services/export/saftpt/v1_04_01/PTSAFTFileGenerator.java:95: error: package com.premiumminds.billy.portugal.services.export.saftpt.v1_04_01.schema does not exist
import com.premiumminds.billy.portugal.services.export.saftpt.v1_04_01.schema.TaxTable;
                                                                             ^
/billy/billy-portugal/src/main/java/com/premiumminds/billy/portugal/services/export/saftpt/v1_04_01/PTSAFTFileGenerator.java:96: error: package com.premiumminds.billy.portugal.services.export.saftpt.v1_04_01.schema does not exist
import com.premiumminds.billy.portugal.services.export.saftpt.v1_04_01.schema.TaxTableEntry;
                                                                             ^
/billy/billy-portugal/src/main/java/com/premiumminds/billy/portugal/services/export/saftpt/v1_04_01/PTSAFTFileGenerator.java:227: error: cannot find symbol
    public AuditFile generateSAFTFile(final OutputStream targetStream,
           ^
  symbol:   class AuditFile
  location: class PTSAFTFileGenerator
/billy/billy-portugal/src/main/java/com/premiumminds/billy/portugal/services/export/saftpt/v1_04_01/PTSAFTFileGenerator.java:251: error: cannot find symbol
    public AuditFile generateSAFTFile(final OutputStream targetStream,
           ^
  symbol:   class AuditFile
  location: class PTSAFTFileGenerator
/billy/billy-portugal/src/main/java/com/premiumminds/billy/portugal/services/export/saftpt/v1_04_01/PTSAFTFileGenerator.java:374: error: cannot find symbol
    private void exportSAFTFile(AuditFile auditFile, OutputStream targetStream) {
                                ^
  symbol:   class AuditFile
  location: class PTSAFTFileGenerator
/billy/billy-portugal/src/main/java/com/premiumminds/billy/portugal/services/export/saftpt/v1_04_01/PTSAFTFileGenerator.java:399: error: cannot find symbol
    private Header generateHeader(PTBusinessEntity businessEntity,
            ^
  symbol:   class Header
  location: class PTSAFTFileGenerator
/billy/billy-portugal/src/main/java/com/premiumminds/billy/portugal/services/export/saftpt/v1_04_01/PTSAFTFileGenerator.java:466: error: cannot find symbol
    private Customer generateCustomer(PTCustomerEntity customerEntity)
            ^
  symbol:   class Customer
  location: class PTSAFTFileGenerator
/billy/billy-portugal/src/main/java/com/premiumminds/billy/portugal/services/export/saftpt/v1_04_01/PTSAFTFileGenerator.java:517: error: cannot find symbol
    private Supplier generateSupplier(PTSupplierEntity supplierEntity)
            ^
  symbol:   class Supplier
  location: class PTSAFTFileGenerator
/billy/billy-portugal/src/main/java/com/premiumminds/billy/portugal/services/export/saftpt/v1_04_01/PTSAFTFileGenerator.java:573: error: cannot find symbol
    private Product generateProduct(PTProductEntity productEntity)
            ^
  symbol:   class Product
  location: class PTSAFTFileGenerator
/billy/billy-portugal/src/main/java/com/premiumminds/billy/portugal/services/export/saftpt/v1_04_01/PTSAFTFileGenerator.java:614: error: cannot find symbol
    private TaxTable generateTaxTable(List<PTTaxEntity> taxEntities)
            ^
  symbol:   class TaxTable
  location: class PTSAFTFileGenerator
/billy/billy-portugal/src/main/java/com/premiumminds/billy/portugal/services/export/saftpt/v1_04_01/PTSAFTFileGenerator.java:672: error: cannot find symbol
    private SourceDocuments generateSourceDocuments(
            ^
  symbol:   class SourceDocuments
  location: class PTSAFTFileGenerator
/billy/billy-portugal/src/main/java/com/premiumminds/billy/portugal/services/export/saftpt/v1_04_01/PTSAFTFileGenerator.java:708: error: cannot find symbol
            List<T> invoices, SalesInvoices salesInvoices,
                              ^
  symbol:   class SalesInvoices
  location: class PTSAFTFileGenerator
/billy/billy-portugal/src/main/java/com/premiumminds/billy/portugal/services/export/saftpt/v1_04_01/PTSAFTFileGenerator.java:743: error: cannot find symbol
    private Invoice generateSAFTInvoice(PTGenericInvoiceEntity document)
            ^
  symbol:   class Invoice
  location: class PTSAFTFileGenerator
/billy/billy-portugal/src/main/java/com/premiumminds/billy/portugal/services/export/saftpt/v1_04_01/PTSAFTFileGenerator.java:805: error: cannot find symbol
    private SpecialRegimes getSpecialRegimes(Boolean selfBilled,
            ^
  symbol:   class SpecialRegimes
  location: class PTSAFTFileGenerator
/billy/billy-portugal/src/main/java/com/premiumminds/billy/portugal/services/export/saftpt/v1_04_01/PTSAFTFileGenerator.java:850: error: cannot find symbol
    private void processDocument(Invoice saftInvoice,
                                 ^
  symbol:   class Invoice
  location: class PTSAFTFileGenerator
/billy/billy-portugal/src/main/java/com/premiumminds/billy/portugal/services/export/saftpt/v1_04_01/PTSAFTFileGenerator.java:998: error: cannot find symbol
    private References getReferencesForDocumentEntry(
            ^
  symbol:   class References
  location: class PTSAFTFileGenerator
/billy/billy-portugal/src/main/java/com/premiumminds/billy/portugal/services/export/saftpt/v1_04_01/PTSAFTFileGenerator.java:1049: error: cannot find symbol
    private ShippingPointStructure getShippingPointStructure(String deliveryID,
            ^
  symbol:   class ShippingPointStructure
  location: class PTSAFTFileGenerator
/billy/billy-portugal/src/main/java/com/premiumminds/billy/portugal/services/export/saftpt/v1_04_01/PTSAFTFileGenerator.java:1073: error: cannot find symbol
    private Currency getCurrency(PTGenericInvoiceEntity document) {
            ^
  symbol:   class Currency
  location: class PTSAFTFileGenerator
/billy/billy-portugal/src/main/java/com/premiumminds/billy/portugal/services/export/saftpt/v1_04_01/PTSAFTFileGenerator.java:1097: error: cannot find symbol
    private Settlement getSettlement(PTGenericInvoiceEntity document)
            ^
  symbol:   class Settlement
  location: class PTSAFTFileGenerator
/billy/billy-portugal/src/main/java/com/premiumminds/billy/portugal/services/export/saftpt/v1_04_01/PTSAFTFileGenerator.java:1132: error: cannot find symbol
    private DocumentTotals getDocumentTotals(PTGenericInvoiceEntity document) throws RequiredFieldNotFoundException,
            ^
  symbol:   class DocumentTotals
  location: class PTSAFTFileGenerator
/billy/billy-portugal/src/main/java/com/premiumminds/billy/portugal/services/export/saftpt/v1_04_01/PTSAFTFileGenerator.java:1218: error: cannot find symbol
    private void updateCustomerGeneralInfo(Customer customer,
                                           ^
  symbol:   class Customer
  location: class PTSAFTFileGenerator
/billy/billy-portugal/src/main/java/com/premiumminds/billy/portugal/services/export/saftpt/v1_04_01/PTSAFTFileGenerator.java:1246: error: cannot find symbol
    private DocumentStatus getDocumentStatus(PTGenericInvoiceEntity document)
            ^
  symbol:   class DocumentStatus
  location: class PTSAFTFileGenerator
/billy/billy-portugal/src/main/java/com/premiumminds/billy/portugal/services/export/saftpt/v1_04_01/PTSAFTFileGenerator.java:1273: error: cannot find symbol
    private List<PaymentMethod> getPaymentsList(PTGenericInvoiceEntity document)
                 ^
  symbol:   class PaymentMethod
  location: class PTSAFTFileGenerator
/billy/billy-portugal/src/main/java/com/premiumminds/billy/portugal/services/export/saftpt/v1_04_01/PTSAFTFileGenerator.java:1348: error: cannot find symbol
    private AddressStructure generateAddressStructure(
            ^
  symbol:   class AddressStructure
  location: class PTSAFTFileGenerator
/billy/billy-portugal/src/main/java/com/premiumminds/billy/portugal/services/export/saftpt/v1_04_01/PTSAFTFileGenerator.java:1392: error: cannot find symbol
    private AddressStructurePT generateAddressStructurePT(
            ^
  symbol:   class AddressStructurePT
  location: class PTSAFTFileGenerator
/billy/billy-portugal/src/main/java/com/premiumminds/billy/portugal/services/export/saftpt/v1_04_01/PTSAFTFileGenerator.java:1433: error: cannot find symbol
    private SupplierAddressStructure generateSupplierAddressStructure(
            ^
  symbol:   class SupplierAddressStructure
  location: class PTSAFTFileGenerator
/billy/billy-portugal/src/main/java/com/premiumminds/billy/portugal/services/export/saftpt/v1_04_01/PTSAFTFileGenerator.java:1496: error: cannot find symbol
    private void setContacts(Header hdr, List<PTContactEntity> contacts)
                             ^
  symbol:   class Header
  location: class PTSAFTFileGenerator
/billy/billy-portugal/src/main/java/com/premiumminds/billy/portugal/services/export/saftpt/v1_04_01/PTSAFTFileGenerator.java:1537: error: cannot find symbol
    private void setContacts(Customer customer, List<PTContactEntity> contacts)
                             ^
  symbol:   class Customer
  location: class PTSAFTFileGenerator
/billy/billy-portugal/src/main/java/com/premiumminds/billy/portugal/services/export/saftpt/v1_04_01/PTSAFTFileGenerator.java:1576: error: cannot find symbol
    private void setContacts(Supplier supplier, List<PTContactEntity> contacts)
                             ^
  symbol:   class Supplier
  location: class PTSAFTFileGenerator
100 errors
[INFO] 
[INFO] --- jaxb2:0.15.1:generate (generate-1.02_01) @ billy-portugal ---
[INFO] Downloading from central: https://repo.maven.apache.org/maven2/org/glassfish/jaxb/jaxb-runtime/2.3.5/jaxb-runtime-2.3.5.pom
[INFO] Downloaded from central: https://repo.maven.apache.org/maven2/org/glassfish/jaxb/jaxb-runtime/2.3.5/jaxb-runtime-2.3.5.pom (7.4 kB at 354 kB/s)
[INFO] Downloading from central: https://repo.maven.apache.org/maven2/com/sun/xml/bind/mvn/jaxb-runtime-parent/2.3.5/jaxb-runtime-parent-2.3.5.pom
[INFO] Downloaded from central: https://repo.maven.apache.org/maven2/com/sun/xml/bind/mvn/jaxb-runtime-parent/2.3.5/jaxb-runtime-parent-2.3.5.pom (1.2 kB at 74 kB/s)
[INFO] Downloading from central: https://repo.maven.apache.org/maven2/com/sun/xml/bind/mvn/jaxb-parent/2.3.5/jaxb-parent-2.3.5.pom
[INFO] Downloaded from central: https://repo.maven.apache.org/maven2/com/sun/xml/bind/mvn/jaxb-parent/2.3.5/jaxb-parent-2.3.5.pom (29 kB at 2.9 MB/s)
[INFO] Downloading from central: https://repo.maven.apache.org/maven2/com/sun/xml/bind/jaxb-bom-ext/2.3.5/jaxb-bom-ext-2.3.5.pom
[INFO] Downloaded from central: https://repo.maven.apache.org/maven2/com/sun/xml/bind/jaxb-bom-ext/2.3.5/jaxb-bom-ext-2.3.5.pom (3.5 kB at 434 kB/s)
[INFO] Downloading from central: https://repo.maven.apache.org/maven2/org/glassfish/jaxb/jaxb-bom/2.3.5/jaxb-bom-2.3.5.pom
[INFO] Downloaded from central: https://repo.maven.apache.org/maven2/org/glassfish/jaxb/jaxb-bom/2.3.5/jaxb-bom-2.3.5.pom (9.7 kB at 1.1 MB/s)
[INFO] Downloading from central: https://repo.maven.apache.org/maven2/org/eclipse/ee4j/project/1.0.7/project-1.0.7.pom
[INFO] Downloaded from central: https://repo.maven.apache.org/maven2/org/eclipse/ee4j/project/1.0.7/project-1.0.7.pom (14 kB at 1.8 MB/s)
[INFO] Downloading from central: https://repo.maven.apache.org/maven2/jakarta/xml/bind/jakarta.xml.bind-api/2.3.3/jakarta.xml.bind-api-2.3.3.pom
[INFO] Downloaded from central: https://repo.maven.apache.org/maven2/jakarta/xml/bind/jakarta.xml.bind-api/2.3.3/jakarta.xml.bind-api-2.3.3.pom (13 kB at 1.5 MB/s)
[INFO] Downloading from central: https://repo.maven.apache.org/maven2/jakarta/xml/bind/jakarta.xml.bind-api-parent/2.3.3/jakarta.xml.bind-api-parent-2.3.3.pom
[INFO] Downloaded from central: https://repo.maven.apache.org/maven2/jakarta/xml/bind/jakarta.xml.bind-api-parent/2.3.3/jakarta.xml.bind-api-parent-2.3.3.pom (9.0 kB at 817 kB/s)
[INFO] Downloading from central: https://repo.maven.apache.org/maven2/org/eclipse/ee4j/project/1.0.6/project-1.0.6.pom
[INFO] Downloaded from central: https://repo.maven.apache.org/maven2/org/eclipse/ee4j/project/1.0.6/project-1.0.6.pom (13 kB at 1.2 MB/s)
[INFO] Downloading from central: https://repo.maven.apache.org/maven2/org/glassfish/jaxb/txw2/2.3.6/txw2-2.3.6.pom
[INFO] Downloaded from central: https://repo.maven.apache.org/maven2/org/glassfish/jaxb/txw2/2.3.6/txw2-2.3.6.pom (1.8 kB at 135 kB/s)
[INFO] Downloading from central: https://repo.maven.apache.org/maven2/com/sun/xml/bind/mvn/jaxb-txw-parent/2.3.6/jaxb-txw-parent-2.3.6.pom
[INFO] Downloaded from central: https://repo.maven.apache.org/maven2/com/sun/xml/bind/mvn/jaxb-txw-parent/2.3.6/jaxb-txw-parent-2.3.6.pom (1.7 kB at 175 kB/s)
[INFO] Downloading from central: https://repo.maven.apache.org/maven2/com/sun/xml/bind/mvn/jaxb-parent/2.3.6/jaxb-parent-2.3.6.pom
[INFO] Downloaded from central: https://repo.maven.apache.org/maven2/com/sun/xml/bind/mvn/jaxb-parent/2.3.6/jaxb-parent-2.3.6.pom (31 kB at 3.4 MB/s)
[INFO] Downloading from central: https://repo.maven.apache.org/maven2/com/sun/xml/bind/jaxb-bom-ext/2.3.6/jaxb-bom-ext-2.3.6.pom
[INFO] Downloaded from central: https://repo.maven.apache.org/maven2/com/sun/xml/bind/jaxb-bom-ext/2.3.6/jaxb-bom-ext-2.3.6.pom (3.5 kB at 434 kB/s)
[INFO] Downloading from central: https://repo.maven.apache.org/maven2/org/glassfish/jaxb/jaxb-bom/2.3.6/jaxb-bom-2.3.6.pom
[INFO] Downloaded from central: https://repo.maven.apache.org/maven2/org/glassfish/jaxb/jaxb-bom/2.3.6/jaxb-bom-2.3.6.pom (9.7 kB at 1.2 MB/s)
[INFO] Downloading from central: https://repo.maven.apache.org/maven2/com/sun/istack/istack-commons-runtime/3.0.12/istack-commons-runtime-3.0.12.pom
[INFO] Downloaded from central: https://repo.maven.apache.org/maven2/com/sun/istack/istack-commons-runtime/3.0.12/istack-commons-runtime-3.0.12.pom (5.0 kB at 495 kB/s)
[INFO] Downloading from central: https://repo.maven.apache.org/maven2/com/sun/istack/istack-commons/3.0.12/istack-commons-3.0.12.pom
[INFO] Downloaded from central: https://repo.maven.apache.org/maven2/com/sun/istack/istack-commons/3.0.12/istack-commons-3.0.12.pom (24 kB at 815 kB/s)
[INFO] Downloading from central: https://repo.maven.apache.org/maven2/com/sun/activation/jakarta.activation/1.2.2/jakarta.activation-1.2.2.pom
[INFO] Downloaded from central: https://repo.maven.apache.org/maven2/com/sun/activation/jakarta.activation/1.2.2/jakarta.activation-1.2.2.pom (4.6 kB at 462 kB/s)
[INFO] Downloading from central: https://repo.maven.apache.org/maven2/com/sun/activation/all/1.2.2/all-1.2.2.pom
[INFO] Downloaded from central: https://repo.maven.apache.org/maven2/com/sun/activation/all/1.2.2/all-1.2.2.pom (15 kB at 1.4 MB/s)
[INFO] Downloading from central: https://repo.maven.apache.org/maven2/org/jvnet/jaxb2/maven2/maven-jaxb2-plugin-core/0.15.1/maven-jaxb2-plugin-core-0.15.1.pom
[INFO] Downloaded from central: https://repo.maven.apache.org/maven2/org/jvnet/jaxb2/maven2/maven-jaxb2-plugin-core/0.15.1/maven-jaxb2-plugin-core-0.15.1.pom (2.2 kB at 197 kB/s)
[INFO] Downloading from central: https://repo.maven.apache.org/maven2/com/sun/org/apache/xml/internal/resolver/20050927/resolver-20050927.pom
[INFO] Downloaded from central: https://repo.maven.apache.org/maven2/com/sun/org/apache/xml/internal/resolver/20050927/resolver-20050927.pom (183 B at 13 kB/s)
[INFO] Downloading from central: https://repo.maven.apache.org/maven2/org/apache/maven/maven-plugin-api/2.0.9/maven-plugin-api-2.0.9.pom
[INFO] Downloaded from central: https://repo.maven.apache.org/maven2/org/apache/maven/maven-plugin-api/2.0.9/maven-plugin-api-2.0.9.pom (1.5 kB at 213 kB/s)
[INFO] Downloading from central: https://repo.maven.apache.org/maven2/org/apache/maven/maven/2.0.9/maven-2.0.9.pom
[INFO] Downloaded from central: https://repo.maven.apache.org/maven2/org/apache/maven/maven/2.0.9/maven-2.0.9.pom (19 kB at 1.6 MB/s)
[INFO] Downloading from central: https://repo.maven.apache.org/maven2/org/apache/maven/maven-parent/8/maven-parent-8.pom
[INFO] Downloaded from central: https://repo.maven.apache.org/maven2/org/apache/maven/maven-parent/8/maven-parent-8.pom (24 kB at 2.4 MB/s)
[INFO] Downloading from central: https://repo.maven.apache.org/maven2/org/apache/maven/maven-project/2.0.9/maven-project-2.0.9.pom
[INFO] Downloaded from central: https://repo.maven.apache.org/maven2/org/apache/maven/maven-project/2.0.9/maven-project-2.0.9.pom (2.7 kB at 301 kB/s)
[INFO] Downloading from central: https://repo.maven.apache.org/maven2/org/apache/maven/maven-settings/2.0.9/maven-settings-2.0.9.pom
[INFO] Downloaded from central: https://repo.maven.apache.org/maven2/org/apache/maven/maven-settings/2.0.9/maven-settings-2.0.9.pom (2.1 kB at 187 kB/s)
[INFO] Downloading from central: https://repo.maven.apache.org/maven2/org/apache/maven/maven-model/2.0.9/maven-model-2.0.9.pom
[INFO] Downloaded from central: https://repo.maven.apache.org/maven2/org/apache/maven/maven-model/2.0.9/maven-model-2.0.9.pom (3.1 kB at 285 kB/s)
[INFO] Downloading from central: https://repo.maven.apache.org/maven2/junit/junit/4.13.2/junit-4.13.2.pom
[INFO] Downloaded from central: https://repo.maven.apache.org/maven2/junit/junit/4.13.2/junit-4.13.2.pom (27 kB at 1.7 MB/s)
[INFO] Downloading from central: https://repo.maven.apache.org/maven2/org/apache/maven/maven-profile/2.0.9/maven-profile-2.0.9.pom
[INFO] Downloaded from central: https://repo.maven.apache.org/maven2/org/apache/maven/maven-profile/2.0.9/maven-profile-2.0.9.pom (2.0 kB at 186 kB/s)
[INFO] Downloading from central: https://repo.maven.apache.org/maven2/org/apache/maven/maven-artifact-manager/2.0.9/maven-artifact-manager-2.0.9.pom
[INFO] Downloaded from central: https://repo.maven.apache.org/maven2/org/apache/maven/maven-artifact-manager/2.0.9/maven-artifact-manager-2.0.9.pom (2.7 kB at 300 kB/s)
[INFO] Downloading from central: https://repo.maven.apache.org/maven2/org/apache/maven/maven-repository-metadata/2.0.9/maven-repository-metadata-2.0.9.pom
[INFO] Downloaded from central: https://repo.maven.apache.org/maven2/org/apache/maven/maven-repository-metadata/2.0.9/maven-repository-metadata-2.0.9.pom (1.9 kB at 190 kB/s)
[INFO] Downloading from central: https://repo.maven.apache.org/maven2/org/apache/maven/maven-artifact/2.0.9/maven-artifact-2.0.9.pom
[INFO] Downloaded from central: https://repo.maven.apache.org/maven2/org/apache/maven/maven-artifact/2.0.9/maven-artifact-2.0.9.pom (1.6 kB at 180 kB/s)
[INFO] Downloading from central: https://repo.maven.apache.org/maven2/org/apache/maven/maven-plugin-registry/2.0.9/maven-plugin-registry-2.0.9.pom
[INFO] Downloaded from central: https://repo.maven.apache.org/maven2/org/apache/maven/maven-plugin-registry/2.0.9/maven-plugin-registry-2.0.9.pom (2.0 kB at 219 kB/s)
[INFO] Downloading from central: https://repo.maven.apache.org/maven2/org/apache/maven/plugin-tools/maven-plugin-annotations/3.5/maven-plugin-annotations-3.5.pom
[INFO] Downloaded from central: https://repo.maven.apache.org/maven2/org/apache/maven/plugin-tools/maven-plugin-annotations/3.5/maven-plugin-annotations-3.5.pom (1.7 kB at 139 kB/s)
[INFO] Downloading from central: https://repo.maven.apache.org/maven2/org/apache/maven/plugin-tools/maven-plugin-tools/3.5/maven-plugin-tools-3.5.pom
[INFO] Downloaded from central: https://repo.maven.apache.org/maven2/org/apache/maven/plugin-tools/maven-plugin-tools/3.5/maven-plugin-tools-3.5.pom (16 kB at 1.6 MB/s)
[INFO] Downloading from central: https://repo.maven.apache.org/maven2/org/jvnet/jaxb2/maven2/maven-jaxb23-plugin/0.15.1/maven-jaxb23-plugin-0.15.1.pom
[INFO] Downloaded from central: https://repo.maven.apache.org/maven2/org/jvnet/jaxb2/maven2/maven-jaxb23-plugin/0.15.1/maven-jaxb23-plugin-0.15.1.pom (3.2 kB at 267 kB/s)
[INFO] Downloading from central: https://repo.maven.apache.org/maven2/org/glassfish/jaxb/jaxb-runtime/2.3.6/jaxb-runtime-2.3.6.pom
[INFO] Downloaded from central: https://repo.maven.apache.org/maven2/org/glassfish/jaxb/jaxb-runtime/2.3.6/jaxb-runtime-2.3.6.pom (7.5 kB at 579 kB/s)
[INFO] Downloading from central: https://repo.maven.apache.org/maven2/com/sun/xml/bind/mvn/jaxb-runtime-parent/2.3.6/jaxb-runtime-parent-2.3.6.pom
[INFO] Downloaded from central: https://repo.maven.apache.org/maven2/com/sun/xml/bind/mvn/jaxb-runtime-parent/2.3.6/jaxb-runtime-parent-2.3.6.pom (1.2 kB at 119 kB/s)
[INFO] Downloading from central: https://repo.maven.apache.org/maven2/org/glassfish/jaxb/jaxb-xjc/2.3.6/jaxb-xjc-2.3.6.pom
[INFO] Downloaded from central: https://repo.maven.apache.org/maven2/org/glassfish/jaxb/jaxb-xjc/2.3.6/jaxb-xjc-2.3.6.pom (11 kB at 997 kB/s)
[INFO] Downloading from central: https://repo.maven.apache.org/maven2/org/glassfish/jaxb/xsom/2.3.6/xsom-2.3.6.pom
[INFO] Downloaded from central: https://repo.maven.apache.org/maven2/org/glassfish/jaxb/xsom/2.3.6/xsom-2.3.6.pom (20 kB at 2.0 MB/s)
[INFO] Downloading from central: https://repo.maven.apache.org/maven2/com/sun/xml/bind/external/relaxng-datatype/2.3.6/relaxng-datatype-2.3.6.pom
[INFO] Downloaded from central: https://repo.maven.apache.org/maven2/com/sun/xml/bind/external/relaxng-datatype/2.3.6/relaxng-datatype-2.3.6.pom (1.1 kB at 99 kB/s)
[INFO] Downloading from central: https://repo.maven.apache.org/maven2/com/sun/xml/bind/mvn/jaxb-external-parent/2.3.6/jaxb-external-parent-2.3.6.pom
[INFO] Downloaded from central: https://repo.maven.apache.org/maven2/com/sun/xml/bind/mvn/jaxb-external-parent/2.3.6/jaxb-external-parent-2.3.6.pom (16 kB at 1.5 MB/s)
[INFO] Downloading from central: https://repo.maven.apache.org/maven2/org/glassfish/jaxb/codemodel/2.3.6/codemodel-2.3.6.pom
[INFO] Downloaded from central: https://repo.maven.apache.org/maven2/org/glassfish/jaxb/codemodel/2.3.6/codemodel-2.3.6.pom (1.7 kB at 166 kB/s)
[INFO] Downloading from central: https://repo.maven.apache.org/maven2/com/sun/xml/bind/mvn/jaxb-codemodel-parent/2.3.6/jaxb-codemodel-parent-2.3.6.pom
[INFO] Downloaded from central: https://repo.maven.apache.org/maven2/com/sun/xml/bind/mvn/jaxb-codemodel-parent/2.3.6/jaxb-codemodel-parent-2.3.6.pom (16 kB at 1.3 MB/s)
[INFO] Downloading from central: https://repo.maven.apache.org/maven2/com/sun/xml/bind/external/rngom/2.3.6/rngom-2.3.6.pom
[INFO] Downloaded from central: https://repo.maven.apache.org/maven2/com/sun/xml/bind/external/rngom/2.3.6/rngom-2.3.6.pom (2.4 kB at 267 kB/s)
[INFO] Downloading from central: https://repo.maven.apache.org/maven2/com/sun/xml/dtd-parser/dtd-parser/1.4.5/dtd-parser-1.4.5.pom
[INFO] Downloaded from central: https://repo.maven.apache.org/maven2/com/sun/xml/dtd-parser/dtd-parser/1.4.5/dtd-parser-1.4.5.pom (13 kB at 1.4 MB/s)
[INFO] Downloading from central: https://repo.maven.apache.org/maven2/com/sun/istack/istack-commons-tools/3.0.12/istack-commons-tools-3.0.12.pom
[INFO] Downloaded from central: https://repo.maven.apache.org/maven2/com/sun/istack/istack-commons-tools/3.0.12/istack-commons-tools-3.0.12.pom (6.1 kB at 559 kB/s)
[INFO] Downloading from central: https://repo.maven.apache.org/maven2/org/glassfish/jaxb/jaxb-runtime/2.3.5/jaxb-runtime-2.3.5.jar
[INFO] Downloaded from central: https://repo.maven.apache.org/maven2/org/glassfish/jaxb/jaxb-runtime/2.3.5/jaxb-runtime-2.3.5.jar (1.0 MB at 17 MB/s)
[INFO] Downloading from central: https://repo.maven.apache.org/maven2/jakarta/xml/bind/jakarta.xml.bind-api/2.3.3/jakarta.xml.bind-api-2.3.3.jar
[INFO] Downloading from central: https://repo.maven.apache.org/maven2/org/glassfish/jaxb/txw2/2.3.6/txw2-2.3.6.jar
[INFO] Downloading from central: https://repo.maven.apache.org/maven2/com/sun/istack/istack-commons-runtime/3.0.12/istack-commons-runtime-3.0.12.jar
[INFO] Downloading from central: https://repo.maven.apache.org/maven2/com/sun/activation/jakarta.activation/1.2.2/jakarta.activation-1.2.2.jar
[INFO] Downloading from central: https://repo.maven.apache.org/maven2/org/jvnet/jaxb2/maven2/maven-jaxb2-plugin-core/0.15.1/maven-jaxb2-plugin-core-0.15.1.jar
[INFO] Downloaded from central: https://repo.maven.apache.org/maven2/com/sun/activation/jakarta.activation/1.2.2/jakarta.activation-1.2.2.jar (68 kB at 6.2 MB/s)
[INFO] Downloading from central: https://repo.maven.apache.org/maven2/org/slf4j/slf4j-api/1.7.25/slf4j-api-1.7.25.jar
[INFO] Downloaded from central: https://repo.maven.apache.org/maven2/jakarta/xml/bind/jakarta.xml.bind-api/2.3.3/jakarta.xml.bind-api-2.3.3.jar (116 kB at 8.9 MB/s)
[INFO] Downloading from central: https://repo.maven.apache.org/maven2/com/sun/org/apache/xml/internal/resolver/20050927/resolver-20050927.jar
[INFO] Downloaded from central: https://repo.maven.apache.org/maven2/org/glassfish/jaxb/txw2/2.3.6/txw2-2.3.6.jar (72 kB at 4.2 MB/s)
[INFO] Downloading from central: https://repo.maven.apache.org/maven2/org/apache/maven/maven-plugin-api/2.0.9/maven-plugin-api-2.0.9.jar
[INFO] Downloaded from central: https://repo.maven.apache.org/maven2/org/jvnet/jaxb2/maven2/maven-jaxb2-plugin-core/0.15.1/maven-jaxb2-plugin-core-0.15.1.jar (70 kB at 3.9 MB/s)
[INFO] Downloading from central: https://repo.maven.apache.org/maven2/org/apache/maven/maven-project/2.0.9/maven-project-2.0.9.jar
[INFO] Downloaded from central: https://repo.maven.apache.org/maven2/org/slf4j/slf4j-api/1.7.25/slf4j-api-1.7.25.jar (41 kB at 2.0 MB/s)
[INFO] Downloading from central: https://repo.maven.apache.org/maven2/org/apache/maven/maven-settings/2.0.9/maven-settings-2.0.9.jar
[INFO] Downloaded from central: https://repo.maven.apache.org/maven2/com/sun/istack/istack-commons-runtime/3.0.12/istack-commons-runtime-3.0.12.jar (30 kB at 1.1 MB/s)
[INFO] Downloading from central: https://repo.maven.apache.org/maven2/org/apache/maven/maven-profile/2.0.9/maven-profile-2.0.9.jar
[INFO] Downloaded from central: https://repo.maven.apache.org/maven2/com/sun/org/apache/xml/internal/resolver/20050927/resolver-20050927.jar (68 kB at 2.7 MB/s)
[INFO] Downloading from central: https://repo.maven.apache.org/maven2/org/apache/maven/maven-model/2.0.9/maven-model-2.0.9.jar
[INFO] Downloaded from central: https://repo.maven.apache.org/maven2/org/apache/maven/maven-plugin-api/2.0.9/maven-plugin-api-2.0.9.jar (13 kB at 496 kB/s)
[INFO] Downloading from central: https://repo.maven.apache.org/maven2/org/apache/maven/maven-artifact-manager/2.0.9/maven-artifact-manager-2.0.9.jar
[INFO] Downloaded from central: https://repo.maven.apache.org/maven2/org/apache/maven/maven-project/2.0.9/maven-project-2.0.9.jar (122 kB at 4.5 MB/s)
[INFO] Downloading from central: https://repo.maven.apache.org/maven2/org/apache/maven/maven-repository-metadata/2.0.9/maven-repository-metadata-2.0.9.jar
[INFO] Downloaded from central: https://repo.maven.apache.org/maven2/org/apache/maven/maven-settings/2.0.9/maven-settings-2.0.9.jar (49 kB at 1.5 MB/s)
[INFO] Downloading from central: https://repo.maven.apache.org/maven2/org/apache/maven/maven-plugin-registry/2.0.9/maven-plugin-registry-2.0.9.jar
[INFO] Downloaded from central: https://repo.maven.apache.org/maven2/org/apache/maven/maven-profile/2.0.9/maven-profile-2.0.9.jar (35 kB at 1.0 MB/s)
[INFO] Downloading from central: https://repo.maven.apache.org/maven2/junit/junit/4.13.2/junit-4.13.2.jar
[INFO] Downloaded from central: https://repo.maven.apache.org/maven2/org/apache/maven/maven-repository-metadata/2.0.9/maven-repository-metadata-2.0.9.jar (25 kB at 682 kB/s)
[INFO] Downloading from central: https://repo.maven.apache.org/maven2/org/jvnet/jaxb2/maven2/maven-jaxb23-plugin/0.15.1/maven-jaxb23-plugin-0.15.1.jar
[INFO] Downloaded from central: https://repo.maven.apache.org/maven2/org/apache/maven/maven-artifact-manager/2.0.9/maven-artifact-manager-2.0.9.jar (58 kB at 1.6 MB/s)
[INFO] Downloaded from central: https://repo.maven.apache.org/maven2/org/apache/maven/maven-model/2.0.9/maven-model-2.0.9.jar (87 kB at 2.4 MB/s)
[INFO] Downloading from central: https://repo.maven.apache.org/maven2/org/glassfish/jaxb/jaxb-xjc/2.3.6/jaxb-xjc-2.3.6.jar
[INFO] Downloading from central: https://repo.maven.apache.org/maven2/org/glassfish/jaxb/xsom/2.3.6/xsom-2.3.6.jar
[INFO] Downloaded from central: https://repo.maven.apache.org/maven2/org/apache/maven/maven-plugin-registry/2.0.9/maven-plugin-registry-2.0.9.jar (29 kB at 745 kB/s)
[INFO] Downloading from central: https://repo.maven.apache.org/maven2/com/sun/xml/bind/external/relaxng-datatype/2.3.6/relaxng-datatype-2.3.6.jar
[INFO] Downloaded from central: https://repo.maven.apache.org/maven2/org/jvnet/jaxb2/maven2/maven-jaxb23-plugin/0.15.1/maven-jaxb23-plugin-0.15.1.jar (32 kB at 721 kB/s)
[INFO] Downloading from central: https://repo.maven.apache.org/maven2/org/glassfish/jaxb/codemodel/2.3.6/codemodel-2.3.6.jar
[INFO] Downloaded from central: https://repo.maven.apache.org/maven2/com/sun/xml/bind/external/relaxng-datatype/2.3.6/relaxng-datatype-2.3.6.jar (20 kB at 410 kB/s)
[INFO] Downloading from central: https://repo.maven.apache.org/maven2/com/sun/xml/bind/external/rngom/2.3.6/rngom-2.3.6.jar
[INFO] Downloaded from central: https://repo.maven.apache.org/maven2/junit/junit/4.13.2/junit-4.13.2.jar (385 kB at 7.5 MB/s)
[INFO] Downloading from central: https://repo.maven.apache.org/maven2/com/sun/xml/dtd-parser/dtd-parser/1.4.5/dtd-parser-1.4.5.jar
[INFO] Downloaded from central: https://repo.maven.apache.org/maven2/org/glassfish/jaxb/xsom/2.3.6/xsom-2.3.6.jar (422 kB at 7.8 MB/s)
[INFO] Downloading from central: https://repo.maven.apache.org/maven2/com/sun/istack/istack-commons-tools/3.0.12/istack-commons-tools-3.0.12.jar
[INFO] Downloaded from central: https://repo.maven.apache.org/maven2/org/glassfish/jaxb/codemodel/2.3.6/codemodel-2.3.6.jar (167 kB at 2.8 MB/s)
[INFO] Downloading from central: https://repo.maven.apache.org/maven2/org/apache/maven/plugin-tools/maven-plugin-annotations/3.5/maven-plugin-annotations-3.5.jar
[INFO] Downloaded from central: https://repo.maven.apache.org/maven2/com/sun/istack/istack-commons-tools/3.0.12/istack-commons-tools-3.0.12.jar (28 kB at 451 kB/s)
[INFO] Downloading from central: https://repo.maven.apache.org/maven2/org/apache/maven/maven-artifact/2.0.9/maven-artifact-2.0.9.jar
[INFO] Downloaded from central: https://repo.maven.apache.org/maven2/com/sun/xml/dtd-parser/dtd-parser/1.4.5/dtd-parser-1.4.5.jar (63 kB at 1.0 MB/s)
[INFO] Downloaded from central: https://repo.maven.apache.org/maven2/org/glassfish/jaxb/jaxb-xjc/2.3.6/jaxb-xjc-2.3.6.jar (907 kB at 13 MB/s)
[INFO] Downloaded from central: https://repo.maven.apache.org/maven2/org/apache/maven/plugin-tools/maven-plugin-annotations/3.5/maven-plugin-annotations-3.5.jar (14 kB at 207 kB/s)
[INFO] Downloaded from central: https://repo.maven.apache.org/maven2/org/apache/maven/maven-artifact/2.0.9/maven-artifact-2.0.9.jar (89 kB at 1.3 MB/s)
[INFO] Downloaded from central: https://repo.maven.apache.org/maven2/com/sun/xml/bind/external/rngom/2.3.6/rngom-2.3.6.jar (320 kB at 4.2 MB/s)
[INFO] Downloading from central: https://repo.maven.apache.org/maven2/org/jvnet/jaxb2_commons/jaxb2-basics/0.12.0/jaxb2-basics-0.12.0.pom
[INFO] Downloaded from central: https://repo.maven.apache.org/maven2/org/jvnet/jaxb2_commons/jaxb2-basics/0.12.0/jaxb2-basics-0.12.0.pom (3.3 kB at 299 kB/s)
[INFO] Downloading from central: https://repo.maven.apache.org/maven2/org/jvnet/jaxb2_commons/jaxb2-basics-tools/0.12.0/jaxb2-basics-tools-0.12.0.pom
[INFO] Downloaded from central: https://repo.maven.apache.org/maven2/org/jvnet/jaxb2_commons/jaxb2-basics-tools/0.12.0/jaxb2-basics-tools-0.12.0.pom (1.8 kB at 161 kB/s)
[INFO] Downloading from central: https://repo.maven.apache.org/maven2/org/slf4j/slf4j-api/1.7.7/slf4j-api-1.7.7.pom
[INFO] Downloaded from central: https://repo.maven.apache.org/maven2/org/slf4j/slf4j-api/1.7.7/slf4j-api-1.7.7.pom (2.7 kB at 244 kB/s)
[INFO] Downloading from central: https://repo.maven.apache.org/maven2/org/slf4j/slf4j-parent/1.7.7/slf4j-parent-1.7.7.pom
[INFO] Downloaded from central: https://repo.maven.apache.org/maven2/org/slf4j/slf4j-parent/1.7.7/slf4j-parent-1.7.7.pom (12 kB at 850 kB/s)
[INFO] Downloading from central: https://repo.maven.apache.org/maven2/commons-beanutils/commons-beanutils/1.9.3/commons-beanutils-1.9.3.pom
[INFO] Downloaded from central: https://repo.maven.apache.org/maven2/commons-beanutils/commons-beanutils/1.9.3/commons-beanutils-1.9.3.pom (15 kB at 1.3 MB/s)
[INFO] Downloading from central: https://repo.maven.apache.org/maven2/org/apache/commons/commons-parent/41/commons-parent-41.pom
[INFO] Downloaded from central: https://repo.maven.apache.org/maven2/org/apache/commons/commons-parent/41/commons-parent-41.pom (65 kB at 7.2 MB/s)
[INFO] Downloading from central: https://repo.maven.apache.org/maven2/commons-collections/commons-collections/3.2.2/commons-collections-3.2.2.pom
[INFO] Downloaded from central: https://repo.maven.apache.org/maven2/commons-collections/commons-collections/3.2.2/commons-collections-3.2.2.pom (12 kB at 1.4 MB/s)
[INFO] Downloading from central: https://repo.maven.apache.org/maven2/org/slf4j/jcl-over-slf4j/1.7.7/jcl-over-slf4j-1.7.7.pom
[INFO] Downloaded from central: https://repo.maven.apache.org/maven2/org/slf4j/jcl-over-slf4j/1.7.7/jcl-over-slf4j-1.7.7.pom (1.9 kB at 154 kB/s)
[INFO] Downloading from central: https://repo.maven.apache.org/maven2/org/apache/commons/commons-lang3/3.2.1/commons-lang3-3.2.1.pom
[INFO] Downloaded from central: https://repo.maven.apache.org/maven2/org/apache/commons/commons-lang3/3.2.1/commons-lang3-3.2.1.pom (20 kB at 1.4 MB/s)
[INFO] Downloading from central: https://repo.maven.apache.org/maven2/org/apache/commons/commons-parent/32/commons-parent-32.pom
[INFO] Downloaded from central: https://repo.maven.apache.org/maven2/org/apache/commons/commons-parent/32/commons-parent-32.pom (53 kB at 3.5 MB/s)
[INFO] Downloading from central: https://repo.maven.apache.org/maven2/com/google/code/javaparser/javaparser/1.0.11/javaparser-1.0.11.pom
[INFO] Downloaded from central: https://repo.maven.apache.org/maven2/com/google/code/javaparser/javaparser/1.0.11/javaparser-1.0.11.pom (6.8 kB at 570 kB/s)
[INFO] Downloading from central: https://repo.maven.apache.org/maven2/org/jvnet/jaxb2_commons/jaxb2-basics-annotate/1.1.0/jaxb2-basics-annotate-1.1.0.pom
[INFO] Downloaded from central: https://repo.maven.apache.org/maven2/org/jvnet/jaxb2_commons/jaxb2-basics-annotate/1.1.0/jaxb2-basics-annotate-1.1.0.pom (3.0 kB at 229 kB/s)
[INFO] Downloading from central: https://repo.maven.apache.org/maven2/org/jvnet/jaxb2_commons/jaxb2-annotate-plugin-project/1.1.0/jaxb2-annotate-plugin-project-1.1.0.pom
[INFO] Downloaded from central: https://repo.maven.apache.org/maven2/org/jvnet/jaxb2_commons/jaxb2-annotate-plugin-project/1.1.0/jaxb2-annotate-plugin-project-1.1.0.pom (16 kB at 1.8 MB/s)
[INFO] Downloading from central: https://repo.maven.apache.org/maven2/org/jvnet/annox/annox/1.0.2/annox-1.0.2.pom
[INFO] Downloaded from central: https://repo.maven.apache.org/maven2/org/jvnet/annox/annox/1.0.2/annox-1.0.2.pom (3.2 kB at 268 kB/s)
[INFO] Downloading from central: https://repo.maven.apache.org/maven2/org/jvnet/annox/annox-project/1.0.2/annox-project-1.0.2.pom
[INFO] Downloaded from central: https://repo.maven.apache.org/maven2/org/jvnet/annox/annox-project/1.0.2/annox-project-1.0.2.pom (4.7 kB at 465 kB/s)
[INFO] Downloading from central: https://repo.maven.apache.org/maven2/org/jvnet/jaxb2_commons/jaxb2-basics/0.12.0/jaxb2-basics-0.12.0.jar
[INFO] Downloading from central: https://repo.maven.apache.org/maven2/commons-beanutils/commons-beanutils/1.9.3/commons-beanutils-1.9.3.jar
[INFO] Downloading from central: https://repo.maven.apache.org/maven2/org/slf4j/slf4j-api/1.7.7/slf4j-api-1.7.7.jar
[INFO] Downloading from central: https://repo.maven.apache.org/maven2/org/jvnet/jaxb2_commons/jaxb2-basics-tools/0.12.0/jaxb2-basics-tools-0.12.0.jar
[INFO] Downloading from central: https://repo.maven.apache.org/maven2/commons-collections/commons-collections/3.2.2/commons-collections-3.2.2.jar
[INFO] Downloaded from central: https://repo.maven.apache.org/maven2/commons-beanutils/commons-beanutils/1.9.3/commons-beanutils-1.9.3.jar (246 kB at 18 MB/s)
[INFO] Downloading from central: https://repo.maven.apache.org/maven2/org/slf4j/jcl-over-slf4j/1.7.7/jcl-over-slf4j-1.7.7.jar
[INFO] Downloaded from central: https://repo.maven.apache.org/maven2/org/slf4j/slf4j-api/1.7.7/slf4j-api-1.7.7.jar (29 kB at 1.8 MB/s)
[INFO] Downloaded from central: https://repo.maven.apache.org/maven2/org/jvnet/jaxb2_commons/jaxb2-basics/0.12.0/jaxb2-basics-0.12.0.jar (142 kB at 8.9 MB/s)
[INFO] Downloading from central: https://repo.maven.apache.org/maven2/org/apache/commons/commons-lang3/3.2.1/commons-lang3-3.2.1.jar
[INFO] Downloaded from central: https://repo.maven.apache.org/maven2/org/jvnet/jaxb2_commons/jaxb2-basics-tools/0.12.0/jaxb2-basics-tools-0.12.0.jar (142 kB at 7.1 MB/s)
[INFO] Downloading from central: https://repo.maven.apache.org/maven2/com/google/code/javaparser/javaparser/1.0.11/javaparser-1.0.11.jar
[INFO] Downloading from central: https://repo.maven.apache.org/maven2/org/jvnet/jaxb2_commons/jaxb2-basics-annotate/1.1.0/jaxb2-basics-annotate-1.1.0.jar
[INFO] Downloaded from central: https://repo.maven.apache.org/maven2/org/slf4j/jcl-over-slf4j/1.7.7/jcl-over-slf4j-1.7.7.jar (17 kB at 1.8 MB/s)
[INFO] Downloading from central: https://repo.maven.apache.org/maven2/org/jvnet/annox/annox/1.0.2/annox-1.0.2.jar
[INFO] Downloaded from central: https://repo.maven.apache.org/maven2/commons-collections/commons-collections/3.2.2/commons-collections-3.2.2.jar (588 kB at 21 MB/s)
[INFO] Downloaded from central: https://repo.maven.apache.org/maven2/org/jvnet/jaxb2_commons/jaxb2-basics-annotate/1.1.0/jaxb2-basics-annotate-1.1.0.jar (41 kB at 3.1 MB/s)
[INFO] Downloaded from central: https://repo.maven.apache.org/maven2/org/apache/commons/commons-lang3/3.2.1/commons-lang3-3.2.1.jar (385 kB at 19 MB/s)
[INFO] Downloaded from central: https://repo.maven.apache.org/maven2/com/google/code/javaparser/javaparser/1.0.11/javaparser-1.0.11.jar (290 kB at 15 MB/s)
[INFO] Downloaded from central: https://repo.maven.apache.org/maven2/org/jvnet/annox/annox/1.0.2/annox-1.0.2.jar (153 kB at 11 MB/s)
[WARNING] You are using forceRegenerate=true in your configuration.
This configuration setting is deprecated and not recommended as it causes problems with incremental builds in IDEs.
Please refer to the following link for more information:
https://github.com/highsource/maven-jaxb2-plugin/wiki/Do-Not-Use-forceRegenerate
Consider removing this setting from your plugin configuration.

[INFO] The [forceRegenerate] switch is turned on, XJC will be executed.
[INFO] Episode file [/billy/billy-portugal/src-generated/main/java/META-INF/sun-jaxb.episode] was augmented with if-exists="true" attributes.
[INFO] 
[INFO] --- jaxb2:0.15.1:generate (generate-1.03_01) @ billy-portugal ---
[WARNING] You are using forceRegenerate=true in your configuration.
This configuration setting is deprecated and not recommended as it causes problems with incremental builds in IDEs.
Please refer to the following link for more information:
https://github.com/highsource/maven-jaxb2-plugin/wiki/Do-Not-Use-forceRegenerate
Consider removing this setting from your plugin configuration.

[INFO] The [forceRegenerate] switch is turned on, XJC will be executed.
[INFO] Episode file [/billy/billy-portugal/src-generated/main/java/META-INF/sun-jaxb.episode] was augmented with if-exists="true" attributes.
[INFO] 
[INFO] --- jaxb2:0.15.1:generate (generate-1.04_01) @ billy-portugal ---
[WARNING] You are using forceRegenerate=true in your configuration.
This configuration setting is deprecated and not recommended as it causes problems with incremental builds in IDEs.
Please refer to the following link for more information:
https://github.com/highsource/maven-jaxb2-plugin/wiki/Do-Not-Use-forceRegenerate
Consider removing this setting from your plugin configuration.

[INFO] The [forceRegenerate] switch is turned on, XJC will be executed.
[INFO] Episode file [/billy/billy-portugal/src-generated/main/java/META-INF/sun-jaxb.episode] was augmented with if-exists="true" attributes.
[INFO] 
[INFO] --- resources:3.3.0:resources (default-resources) @ billy-portugal ---
[INFO] Copying 13 resources
[INFO] Copying 1 resource
[INFO] Copying 1 resource
[INFO] Copying 1 resource
[INFO] 
[INFO] --- compiler:3.10.1:compile (default-compile) @ billy-portugal ---
[INFO] Changes detected - recompiling the module!
[INFO] Compiling 352 source files to /billy/billy-portugal/target/classes
[INFO] /billy/billy-portugal/src/main/java/com/premiumminds/billy/portugal/services/builders/impl/PTTaxBuilderImpl.java: Some input files use unchecked or unsafe operations.
[INFO] /billy/billy-portugal/src/main/java/com/premiumminds/billy/portugal/services/builders/impl/PTTaxBuilderImpl.java: Recompile with -Xlint:unchecked for details.
[INFO] 
[INFO] --- license:4.1:format (format-headers) @ billy-portugal ---
[INFO] Updating license headers...
[INFO] 
[INFO] --- resources:3.3.0:testResources (default-testResources) @ billy-portugal ---
[INFO] Copying 22 resources
[INFO] 
[INFO] --- compiler:3.10.1:testCompile (default-testCompile) @ billy-portugal ---
[INFO] Changes detected - recompiling the module!
[INFO] Compiling 89 source files to /billy/billy-portugal/target/test-classes
[INFO] /billy/billy-portugal/src/test/java/com/premiumminds/billy/portugal/test/services/dao/TestDAOPTInvoice.java: /billy/billy-portugal/src/test/java/com/premiumminds/billy/portugal/test/services/dao/TestDAOPTInvoice.java uses or overrides a deprecated API.
[INFO] /billy/billy-portugal/src/test/java/com/premiumminds/billy/portugal/test/services/dao/TestDAOPTInvoice.java: Recompile with -Xlint:deprecation for details.
[INFO] /billy/billy-portugal/src/test/java/com/premiumminds/billy/portugal/test/fixtures/MockPTCreditNoteEntryEntity.java: Some input files use unchecked or unsafe operations.
[INFO] /billy/billy-portugal/src/test/java/com/premiumminds/billy/portugal/test/fixtures/MockPTCreditNoteEntryEntity.java: Recompile with -Xlint:unchecked for details.
[INFO] 
[INFO] --- surefire:2.22.2:test (default-test) @ billy-portugal ---
[INFO] 
[INFO] -------------------------------------------------------
[INFO]  T E S T S
[INFO] -------------------------------------------------------
[INFO] Running com.premiumminds.billy.portugal.test.services.export.qrcode.TestQRCodeBuilderOnlyContinentOnlyNormalTax
SLF4J: Failed to load class "org.slf4j.impl.StaticLoggerBinder".
SLF4J: Defaulting to no-operation (NOP) logger implementation
SLF4J: See http://www.slf4j.org/codes.html#StaticLoggerBinder for further details.
[INFO] Tests run: 1, Failures: 0, Errors: 0, Skipped: 0, Time elapsed: 1.022 s - in com.premiumminds.billy.portugal.test.services.export.qrcode.TestQRCodeBuilderOnlyContinentOnlyNormalTax
[INFO] Running com.premiumminds.billy.portugal.test.services.builders.TestPTCreditNoteEntryBuilder
[INFO] Tests run: 1, Failures: 0, Errors: 0, Skipped: 0, Time elapsed: 1.383 s - in com.premiumminds.billy.portugal.test.services.builders.TestPTCreditNoteEntryBuilder
[INFO] Running com.premiumminds.billy.portugal.test.services.documents.handler.TestPTReceiptInvoiceIssuingHandlerWithTicket
[INFO] Tests run: 4, Failures: 0, Errors: 0, Skipped: 0, Time elapsed: 11.526 s - in com.premiumminds.billy.portugal.test.services.documents.handler.TestPTReceiptInvoiceIssuingHandlerWithTicket
[INFO] Running com.premiumminds.billy.portugal.test.services.documents.handler.TestPTSimpleInvoiceIssuingHandlerWithTicket
[INFO] Tests run: 4, Failures: 0, Errors: 0, Skipped: 0, Time elapsed: 4.007 s - in com.premiumminds.billy.portugal.test.services.documents.handler.TestPTSimpleInvoiceIssuingHandlerWithTicket
[INFO] Running com.premiumminds.billy.portugal.test.services.export.qrcode.TestQRCodeBuilderOnlyMadeira
[INFO] Tests run: 1, Failures: 0, Errors: 0, Skipped: 0, Time elapsed: 0.004 s - in com.premiumminds.billy.portugal.test.services.export.qrcode.TestQRCodeBuilderOnlyMadeira
[INFO] Running com.premiumminds.billy.portugal.test.services.builders.TestPTShippingPointBuilder
[INFO] Tests run: 1, Failures: 0, Errors: 0, Skipped: 0, Time elapsed: 0.054 s - in com.premiumminds.billy.portugal.test.services.builders.TestPTShippingPointBuilder
[INFO] Running com.premiumminds.billy.portugal.test.services.documents.TestDocumentIssuingService
[INFO] Tests run: 1, Failures: 0, Errors: 0, Skipped: 0, Time elapsed: 0.888 s - in com.premiumminds.billy.portugal.test.services.documents.TestDocumentIssuingService
[INFO] Running com.premiumminds.billy.portugal.test.services.documents.handler.TestPTManualInvoiceIssuingHandler
[INFO] Tests run: 2, Failures: 0, Errors: 0, Skipped: 0, Time elapsed: 1.778 s - in com.premiumminds.billy.portugal.test.services.documents.handler.TestPTManualInvoiceIssuingHandler
[INFO] Running com.premiumminds.billy.portugal.test.services.builders.TestPTGenericInvoiceEntryBuilder
[INFO] Tests run: 4, Failures: 0, Errors: 0, Skipped: 0, Time elapsed: 0.088 s - in com.premiumminds.billy.portugal.test.services.builders.TestPTGenericInvoiceEntryBuilder
[INFO] Running com.premiumminds.billy.portugal.test.services.persistence.TestInvoiceGenerationAndExport
[INFO] Tests run: 1, Failures: 0, Errors: 0, Skipped: 0, Time elapsed: 0.98 s - in com.premiumminds.billy.portugal.test.services.persistence.TestInvoiceGenerationAndExport
[INFO] Running com.premiumminds.billy.portugal.test.services.builders.TestPTCreditNoteBuilder
[INFO] Tests run: 1, Failures: 0, Errors: 0, Skipped: 0, Time elapsed: 0.104 s - in com.premiumminds.billy.portugal.test.services.builders.TestPTCreditNoteBuilder
[INFO] Running com.premiumminds.billy.portugal.test.services.export.TestPTCreditNotePDFTransformer
[INFO] Tests run: 3, Failures: 0, Errors: 0, Skipped: 0, Time elapsed: 4.454 s - in com.premiumminds.billy.portugal.test.services.export.TestPTCreditNotePDFTransformer
[INFO] Running com.premiumminds.billy.portugal.test.services.builders.TestPTSupplierBuilder
[INFO] Tests run: 1, Failures: 0, Errors: 0, Skipped: 0, Time elapsed: 0.046 s - in com.premiumminds.billy.portugal.test.services.builders.TestPTSupplierBuilder
[INFO] Running com.premiumminds.billy.portugal.test.services.export.SAFTExportTest
[INFO] Tests run: 1, Failures: 0, Errors: 0, Skipped: 0, Time elapsed: 2.073 s - in com.premiumminds.billy.portugal.test.services.export.SAFTExportTest
[INFO] Running com.premiumminds.billy.portugal.test.services.builders.TestPTApplicationBuilder
[INFO] Tests run: 1, Failures: 0, Errors: 0, Skipped: 0, Time elapsed: 0.04 s - in com.premiumminds.billy.portugal.test.services.builders.TestPTApplicationBuilder
[INFO] Running com.premiumminds.billy.portugal.test.services.jpa.TestJPAPTBusiness
[INFO] Tests run: 2, Failures: 0, Errors: 0, Skipped: 0, Time elapsed: 1.672 s - in com.premiumminds.billy.portugal.test.services.jpa.TestJPAPTBusiness
[INFO] Running com.premiumminds.billy.portugal.test.services.builders.TestPTProductBuilder
[INFO] Tests run: 1, Failures: 0, Errors: 0, Skipped: 0, Time elapsed: 0.017 s - in com.premiumminds.billy.portugal.test.services.builders.TestPTProductBuilder
[INFO] Running com.premiumminds.billy.portugal.util.PTFinancialValidatorTest
[INFO] Tests run: 6, Failures: 0, Errors: 0, Skipped: 0, Time elapsed: 0.001 s - in com.premiumminds.billy.portugal.util.PTFinancialValidatorTest
[INFO] Running com.premiumminds.billy.portugal.test.services.export.TestPTInvoicePDFTransformer
[INFO] Tests run: 6, Failures: 0, Errors: 0, Skipped: 0, Time elapsed: 5.866 s - in com.premiumminds.billy.portugal.test.services.export.TestPTInvoicePDFTransformer
[INFO] Running com.premiumminds.billy.portugal.test.services.builders.TestPTSimpleInvoiceBuilder
[INFO] Tests run: 1, Failures: 0, Errors: 0, Skipped: 0, Time elapsed: 0.079 s - in com.premiumminds.billy.portugal.test.services.builders.TestPTSimpleInvoiceBuilder
[INFO] Running com.premiumminds.billy.portugal.test.services.builders.TestPTInvoiceBuilder
[INFO] Tests run: 1, Failures: 0, Errors: 0, Skipped: 0, Time elapsed: 0.026 s - in com.premiumminds.billy.portugal.test.services.builders.TestPTInvoiceBuilder
[INFO] Running com.premiumminds.billy.portugal.test.services.documents.handler.TestPTInvoiceIssuingHandlerWithTicket
[INFO] Tests run: 4, Failures: 0, Errors: 0, Skipped: 0, Time elapsed: 3.127 s - in com.premiumminds.billy.portugal.test.services.documents.handler.TestPTInvoiceIssuingHandlerWithTicket
[INFO] Running com.premiumminds.billy.portugal.test.services.jpa.TestTicketManager
[INFO] Tests run: 3, Failures: 0, Errors: 0, Skipped: 0, Time elapsed: 2.013 s - in com.premiumminds.billy.portugal.test.services.jpa.TestTicketManager
[INFO] Running com.premiumminds.billy.portugal.test.services.builders.TestPTTaxBuilder
[INFO] Tests run: 1, Failures: 0, Errors: 0, Skipped: 0, Time elapsed: 0 s - in com.premiumminds.billy.portugal.test.services.builders.TestPTTaxBuilder
[INFO] Running com.premiumminds.billy.portugal.test.services.export.qrcode.TestQRCodeBuilderOnlyExempt
[INFO] Tests run: 1, Failures: 0, Errors: 0, Skipped: 0, Time elapsed: 0 s - in com.premiumminds.billy.portugal.test.services.export.qrcode.TestQRCodeBuilderOnlyExempt
[INFO] Running com.premiumminds.billy.portugal.test.services.documents.TestConcurrentIssuing
com.premiumminds.billy.portugal.services.documents.exceptions.InvalidInvoiceDateException: Invoice creation timestamp must before than the invoice date
com.premiumminds.billy.portugal.services.documents.exceptions.InvalidInvoiceDateException: Invoice creation timestamp must before than the invoice date
com.premiumminds.billy.portugal.services.documents.exceptions.InvalidInvoiceDateException: Invoice creation timestamp must before than the invoice date
com.premiumminds.billy.portugal.services.documents.exceptions.InvalidInvoiceDateException: Invoice creation timestamp must before than the invoice date
com.premiumminds.billy.portugal.services.documents.exceptions.InvalidInvoiceDateException: Invoice creation timestamp must before than the invoice date
com.premiumminds.billy.portugal.services.documents.exceptions.InvalidInvoiceDateException: Invoice creation timestamp must before than the invoice date
com.premiumminds.billy.portugal.services.documents.exceptions.InvalidInvoiceDateException: Invoice creation timestamp must before than the invoice date
com.premiumminds.billy.portugal.services.documents.exceptions.InvalidInvoiceDateException: Invoice creation timestamp must before than the invoice date
com.premiumminds.billy.portugal.services.documents.exceptions.InvalidInvoiceDateException: Invoice creation timestamp must before than the invoice date
com.premiumminds.billy.portugal.services.documents.exceptions.InvalidInvoiceDateException: Invoice creation timestamp must before than the invoice date
com.premiumminds.billy.portugal.services.documents.exceptions.InvalidInvoiceDateException: Invoice creation timestamp must before than the invoice date
com.premiumminds.billy.portugal.services.documents.exceptions.InvalidInvoiceDateException: Invoice creation timestamp must before than the invoice date
com.premiumminds.billy.portugal.services.documents.exceptions.InvalidInvoiceDateException: Invoice creation timestamp must before than the invoice date
com.premiumminds.billy.portugal.services.documents.exceptions.InvalidInvoiceDateException: Invoice creation timestamp must before than the invoice date
com.premiumminds.billy.portugal.services.documents.exceptions.InvalidInvoiceDateException: Invoice creation timestamp must before than the invoice date
com.premiumminds.billy.portugal.services.documents.exceptions.InvalidInvoiceDateException: Invoice creation timestamp must before than the invoice date
com.premiumminds.billy.portugal.services.documents.exceptions.InvalidInvoiceDateException: Invoice creation timestamp must before than the invoice date
com.premiumminds.billy.portugal.services.documents.exceptions.InvalidInvoiceDateException: Invoice creation timestamp must before than the invoice date
com.premiumminds.billy.portugal.services.documents.exceptions.InvalidInvoiceDateException: Invoice creation timestamp must before than the invoice date
com.premiumminds.billy.portugal.services.documents.exceptions.InvalidInvoiceDateException: Invoice creation timestamp must before than the invoice date
com.premiumminds.billy.portugal.services.documents.exceptions.InvalidInvoiceDateException: Invoice creation timestamp must before than the invoice date
com.premiumminds.billy.portugal.services.documents.exceptions.InvalidInvoiceDateException: Invoice creation timestamp must before than the invoice date
com.premiumminds.billy.portugal.services.documents.exceptions.InvalidInvoiceDateException: Invoice creation timestamp must before than the invoice date
com.premiumminds.billy.portugal.services.documents.exceptions.InvalidInvoiceDateException: Invoice creation timestamp must before than the invoice date
com.premiumminds.billy.portugal.services.documents.exceptions.InvalidInvoiceDateException: Invoice creation timestamp must before than the invoice date
com.premiumminds.billy.portugal.services.documents.exceptions.InvalidInvoiceDateException: Invoice creation timestamp must before than the invoice date
com.premiumminds.billy.portugal.services.documents.exceptions.InvalidInvoiceDateException: Invoice creation timestamp must before than the invoice date
com.premiumminds.billy.portugal.services.documents.exceptions.InvalidInvoiceDateException: Invoice creation timestamp must before than the invoice date
com.premiumminds.billy.portugal.services.documents.exceptions.InvalidInvoiceDateException: Invoice creation timestamp must before than the invoice date
com.premiumminds.billy.portugal.services.documents.exceptions.InvalidInvoiceDateException: Invoice creation timestamp must before than the invoice date
com.premiumminds.billy.portugal.services.documents.exceptions.InvalidInvoiceDateException: Invoice creation timestamp must before than the invoice date
com.premiumminds.billy.portugal.services.documents.exceptions.InvalidInvoiceDateException: Invoice creation timestamp must before than the invoice date
com.premiumminds.billy.portugal.services.documents.exceptions.InvalidInvoiceDateException: Invoice creation timestamp must before than the invoice date
com.premiumminds.billy.portugal.services.documents.exceptions.InvalidInvoiceDateException: Invoice creation timestamp must before than the invoice date
com.premiumminds.billy.portugal.services.documents.exceptions.InvalidInvoiceDateException: Invoice creation timestamp must before than the invoice date
com.premiumminds.billy.portugal.services.documents.exceptions.InvalidInvoiceDateException: Invoice creation timestamp must before than the invoice date
com.premiumminds.billy.portugal.services.documents.exceptions.InvalidInvoiceDateException: Invoice creation timestamp must before than the invoice date
com.premiumminds.billy.portugal.services.documents.exceptions.InvalidInvoiceDateException: Invoice creation timestamp must before than the invoice date
com.premiumminds.billy.portugal.services.documents.exceptions.InvalidInvoiceDateException: Invoice creation timestamp must before than the invoice date
com.premiumminds.billy.portugal.services.documents.exceptions.InvalidInvoiceDateException: Invoice creation timestamp must before than the invoice date
com.premiumminds.billy.portugal.services.documents.exceptions.InvalidInvoiceDateException: Invoice creation timestamp must before than the invoice date
com.premiumminds.billy.portugal.services.documents.exceptions.InvalidInvoiceDateException: Invoice creation timestamp must before than the invoice date
com.premiumminds.billy.portugal.services.documents.exceptions.InvalidInvoiceDateException: Invoice creation timestamp must before than the invoice date
com.premiumminds.billy.portugal.services.documents.exceptions.InvalidInvoiceDateException: Invoice creation timestamp must before than the invoice date
com.premiumminds.billy.portugal.services.documents.exceptions.InvalidInvoiceDateException: Invoice creation timestamp must before than the invoice date
com.premiumminds.billy.portugal.services.documents.exceptions.InvalidInvoiceDateException: Invoice creation timestamp must before than the invoice date
com.premiumminds.billy.portugal.services.documents.exceptions.InvalidInvoiceDateException: Invoice creation timestamp must before than the invoice date
com.premiumminds.billy.portugal.services.documents.exceptions.InvalidInvoiceDateException: Invoice creation timestamp must before than the invoice date
com.premiumminds.billy.portugal.services.documents.exceptions.InvalidInvoiceDateException: Invoice creation timestamp must before than the invoice date
com.premiumminds.billy.portugal.services.documents.exceptions.InvalidInvoiceDateException: Invoice creation timestamp must before than the invoice date
com.premiumminds.billy.portugal.services.documents.exceptions.InvalidInvoiceDateException: Invoice creation timestamp must before than the invoice date
com.premiumminds.billy.portugal.services.documents.exceptions.InvalidInvoiceDateException: Invoice creation timestamp must before than the invoice date
com.premiumminds.billy.portugal.services.documents.exceptions.InvalidInvoiceDateException: Invoice creation timestamp must before than the invoice date
com.premiumminds.billy.portugal.services.documents.exceptions.InvalidInvoiceDateException: Invoice creation timestamp must before than the invoice date
com.premiumminds.billy.portugal.services.documents.exceptions.InvalidInvoiceDateException: Invoice creation timestamp must before than the invoice date
com.premiumminds.billy.portugal.services.documents.exceptions.InvalidInvoiceDateException: Invoice creation timestamp must before than the invoice date
com.premiumminds.billy.portugal.services.documents.exceptions.InvalidInvoiceDateException: Invoice creation timestamp must before than the invoice date
com.premiumminds.billy.portugal.services.documents.exceptions.InvalidInvoiceDateException: Invoice creation timestamp must before than the invoice date
com.premiumminds.billy.portugal.services.documents.exceptions.InvalidInvoiceDateException: Invoice creation timestamp must before than the invoice date
com.premiumminds.billy.portugal.services.documents.exceptions.InvalidInvoiceDateException: Invoice creation timestamp must before than the invoice date
com.premiumminds.billy.portugal.services.documents.exceptions.InvalidInvoiceDateException: Invoice creation timestamp must before than the invoice date
com.premiumminds.billy.portugal.services.documents.exceptions.InvalidInvoiceDateException: Invoice creation timestamp must before than the invoice date
com.premiumminds.billy.portugal.services.documents.exceptions.InvalidInvoiceDateException: Invoice creation timestamp must before than the invoice date
com.premiumminds.billy.portugal.services.documents.exceptions.InvalidInvoiceDateException: Invoice creation timestamp must before than the invoice date
com.premiumminds.billy.portugal.services.documents.exceptions.InvalidInvoiceDateException: Invoice creation timestamp must before than the invoice date
com.premiumminds.billy.portugal.services.documents.exceptions.InvalidInvoiceDateException: Invoice creation timestamp must before than the invoice date
com.premiumminds.billy.portugal.services.documents.exceptions.InvalidInvoiceDateException: Invoice creation timestamp must before than the invoice date
com.premiumminds.billy.portugal.services.documents.exceptions.InvalidInvoiceDateException: Invoice creation timestamp must before than the invoice date
com.premiumminds.billy.portugal.services.documents.exceptions.InvalidInvoiceDateException: Invoice creation timestamp must before than the invoice date
com.premiumminds.billy.portugal.services.documents.exceptions.InvalidInvoiceDateException: Invoice creation timestamp must before than the invoice date
com.premiumminds.billy.portugal.services.documents.exceptions.InvalidInvoiceDateException: Invoice creation timestamp must before than the invoice date
com.premiumminds.billy.portugal.services.documents.exceptions.InvalidInvoiceDateException: Invoice creation timestamp must before than the invoice date
com.premiumminds.billy.portugal.services.documents.exceptions.InvalidInvoiceDateException: Invoice creation timestamp must before than the invoice date
com.premiumminds.billy.portugal.services.documents.exceptions.InvalidInvoiceDateException: Invoice creation timestamp must before than the invoice date
com.premiumminds.billy.portugal.services.documents.exceptions.InvalidInvoiceDateException: Invoice creation timestamp must before than the invoice date
com.premiumminds.billy.portugal.services.documents.exceptions.InvalidInvoiceDateException: Invoice creation timestamp must before than the invoice date
com.premiumminds.billy.portugal.services.documents.exceptions.InvalidInvoiceDateException: Invoice creation timestamp must before than the invoice date
com.premiumminds.billy.portugal.services.documents.exceptions.InvalidInvoiceDateException: Invoice creation timestamp must before than the invoice date
com.premiumminds.billy.portugal.services.documents.exceptions.InvalidInvoiceDateException: Invoice creation timestamp must before than the invoice date
[INFO] Tests run: 4, Failures: 0, Errors: 0, Skipped: 0, Time elapsed: 3.924 s - in com.premiumminds.billy.portugal.test.services.documents.TestConcurrentIssuing
[INFO] Running com.premiumminds.billy.portugal.test.services.builders.TestPTContactBuilder
[INFO] Tests run: 1, Failures: 0, Errors: 0, Skipped: 0, Time elapsed: 0.012 s - in com.premiumminds.billy.portugal.test.services.builders.TestPTContactBuilder
[INFO] Running com.premiumminds.billy.portugal.test.services.builders.TestPTRegionContextBuilder
[INFO] Tests run: 1, Failures: 0, Errors: 0, Skipped: 0, Time elapsed: 0.013 s - in com.premiumminds.billy.portugal.test.services.builders.TestPTRegionContextBuilder
[INFO] Running com.premiumminds.billy.portugal.test.services.builders.TestPTPaymentBuilder
[INFO] Tests run: 1, Failures: 0, Errors: 0, Skipped: 0, Time elapsed: 0.012 s - in com.premiumminds.billy.portugal.test.services.builders.TestPTPaymentBuilder
[INFO] Running com.premiumminds.billy.portugal.test.services.export.TestPTReceiptInvoicePDFTransformer
[INFO] Tests run: 3, Failures: 0, Errors: 0, Skipped: 0, Time elapsed: 2.452 s - in com.premiumminds.billy.portugal.test.services.export.TestPTReceiptInvoicePDFTransformer
[INFO] Running com.premiumminds.billy.portugal.test.services.documents.handler.TestPTReceiptInvoiceIssuingHandler
[INFO] Tests run: 1, Failures: 0, Errors: 0, Skipped: 0, Time elapsed: 0.674 s - in com.premiumminds.billy.portugal.test.services.documents.handler.TestPTReceiptInvoiceIssuingHandler
[INFO] Running com.premiumminds.billy.portugal.test.services.builders.TestPTInvoiceEntryBuilder
[INFO] Tests run: 2, Failures: 0, Errors: 0, Skipped: 0, Time elapsed: 0.035 s - in com.premiumminds.billy.portugal.test.services.builders.TestPTInvoiceEntryBuilder
[INFO] Running com.premiumminds.billy.portugal.test.services.builders.TestPTAddressBuilder
[INFO] Tests run: 1, Failures: 0, Errors: 0, Skipped: 0, Time elapsed: 0.011 s - in com.premiumminds.billy.portugal.test.services.builders.TestPTAddressBuilder
[INFO] Running com.premiumminds.billy.portugal.test.services.export.qrcode.TestQRCodeStringGenerator
[INFO] Tests run: 2, Failures: 0, Errors: 0, Skipped: 0, Time elapsed: 1.317 s - in com.premiumminds.billy.portugal.test.services.export.qrcode.TestQRCodeStringGenerator
[INFO] Running com.premiumminds.billy.portugal.test.services.export.qrcode.TestQRCodeBuilderOnlyContinent
[INFO] Tests run: 1, Failures: 0, Errors: 0, Skipped: 0, Time elapsed: 0.008 s - in com.premiumminds.billy.portugal.test.services.export.qrcode.TestQRCodeBuilderOnlyContinent
[INFO] Running com.premiumminds.billy.portugal.test.services.export.TestPTSimpleInvoicePDFTransformer
[INFO] Tests run: 3, Failures: 0, Errors: 0, Skipped: 0, Time elapsed: 2.738 s - in com.premiumminds.billy.portugal.test.services.export.TestPTSimpleInvoicePDFTransformer
[INFO] Running com.premiumminds.billy.portugal.test.services.builders.TestPTGenericInvoiceBuilder
[INFO] Tests run: 1, Failures: 0, Errors: 0, Skipped: 0, Time elapsed: 0.063 s - in com.premiumminds.billy.portugal.test.services.builders.TestPTGenericInvoiceBuilder
[INFO] Running com.premiumminds.billy.portugal.test.services.builders.TestPTCustomerBuilder
[INFO] Tests run: 1, Failures: 0, Errors: 0, Skipped: 0, Time elapsed: 0.014 s - in com.premiumminds.billy.portugal.test.services.builders.TestPTCustomerBuilder
[INFO] Running com.premiumminds.billy.portugal.test.services.export.qrcode.TestQRCodeBuilderOnlyAzores
[INFO] Tests run: 1, Failures: 0, Errors: 0, Skipped: 0, Time elapsed: 0.006 s - in com.premiumminds.billy.portugal.test.services.export.qrcode.TestQRCodeBuilderOnlyAzores
[INFO] Running com.premiumminds.billy.portugal.test.services.jpa.TestJPAPTSupplier
[INFO] Tests run: 1, Failures: 0, Errors: 0, Skipped: 0, Time elapsed: 0.76 s - in com.premiumminds.billy.portugal.test.services.jpa.TestJPAPTSupplier
[INFO] Running com.premiumminds.billy.portugal.test.services.persistence.TestInvoiceUpdate
[INFO] Tests run: 5, Failures: 0, Errors: 0, Skipped: 0, Time elapsed: 3.242 s - in com.premiumminds.billy.portugal.test.services.persistence.TestInvoiceUpdate
[INFO] Running com.premiumminds.billy.portugal.test.services.documents.handler.TestPTInvoiceIssuingHandler
[INFO] Tests run: 6, Failures: 0, Errors: 0, Skipped: 0, Time elapsed: 4.647 s - in com.premiumminds.billy.portugal.test.services.documents.handler.TestPTInvoiceIssuingHandler
[INFO] Running com.premiumminds.billy.portugal.test.services.jpa.TestJPAPTCustomer
[INFO] Tests run: 1, Failures: 0, Errors: 0, Skipped: 0, Time elapsed: 0.691 s - in com.premiumminds.billy.portugal.test.services.jpa.TestJPAPTCustomer
[INFO] Running com.premiumminds.billy.portugal.test.services.builders.TestPTBusinessBuilder
[INFO] Tests run: 1, Failures: 0, Errors: 0, Skipped: 0, Time elapsed: 0.046 s - in com.premiumminds.billy.portugal.test.services.builders.TestPTBusinessBuilder
[INFO] Running com.premiumminds.billy.portugal.test.services.dao.TestDAOPTInvoice
[INFO] Tests run: 5, Failures: 0, Errors: 0, Skipped: 0, Time elapsed: 3.418 s - in com.premiumminds.billy.portugal.test.services.dao.TestDAOPTInvoice
[INFO] Running com.premiumminds.billy.portugal.test.services.export.qrcode.TestQRCodeBuilderAll
[INFO] Tests run: 1, Failures: 0, Errors: 0, Skipped: 0, Time elapsed: 0.013 s - in com.premiumminds.billy.portugal.test.services.export.qrcode.TestQRCodeBuilderAll
[INFO] Running com.premiumminds.billy.portugal.test.services.documents.handler.TestPTSimpleInvoiceIssuingHandler
[INFO] Tests run: 2, Failures: 0, Errors: 0, Skipped: 0, Time elapsed: 1.333 s - in com.premiumminds.billy.portugal.test.services.documents.handler.TestPTSimpleInvoiceIssuingHandler
[INFO] 
[INFO] Results:
[INFO] 
[INFO] Tests run: 98, Failures: 0, Errors: 0, Skipped: 0
[INFO] 
[INFO] 
[INFO] --------------------< com.premiumminds:billy-spain >--------------------
[INFO] Building billy spain (ES Pack) 6.0.0-SNAPSHOT                      [6/7]
[INFO]   from billy-spain/pom.xml
[INFO] --------------------------------[ jar ]---------------------------------
[INFO] 
[INFO] --- clean:3.2.0:clean (default-clean) @ billy-spain ---
[INFO] 
[INFO] --- build-helper:3.3.0:add-source (add-source) @ billy-spain ---
[INFO] Source directory: /billy/billy-spain/src-generated/main/java added.
[INFO] 
[INFO] --- apt:1.1.3:process (default) @ billy-spain ---
[INFO] 
[INFO] --- resources:3.3.0:resources (default-resources) @ billy-spain ---
[INFO] Copying 11 resources
[INFO] 
[INFO] --- compiler:3.10.1:compile (default-compile) @ billy-spain ---
[INFO] Changes detected - recompiling the module!
[INFO] Compiling 286 source files to /billy/billy-spain/target/classes
[INFO] /billy/billy-spain/src/main/java/com/premiumminds/billy/spain/services/builders/impl/ESShippingPointBuilderImpl.java: Some input files use unchecked or unsafe operations.
[INFO] /billy/billy-spain/src/main/java/com/premiumminds/billy/spain/services/builders/impl/ESShippingPointBuilderImpl.java: Recompile with -Xlint:unchecked for details.
[INFO] 
[INFO] --- license:4.1:format (format-headers) @ billy-spain ---
[INFO] Updating license headers...
[INFO] 
[INFO] --- resources:3.3.0:testResources (default-testResources) @ billy-spain ---
[INFO] Copying 23 resources
[INFO] 
[INFO] --- compiler:3.10.1:testCompile (default-testCompile) @ billy-spain ---
[INFO] Changes detected - recompiling the module!
[INFO] Compiling 90 source files to /billy/billy-spain/target/test-classes
[INFO] /billy/billy-spain/src/test/java/com/premiumminds/billy/spain/test/services/dao/TestDAOESInvoice.java: /billy/billy-spain/src/test/java/com/premiumminds/billy/spain/test/services/dao/TestDAOESInvoice.java uses or overrides a deprecated API.
[INFO] /billy/billy-spain/src/test/java/com/premiumminds/billy/spain/test/services/dao/TestDAOESInvoice.java: Recompile with -Xlint:deprecation for details.
[INFO] /billy/billy-spain/src/test/java/com/premiumminds/billy/spain/test/fixtures/MockESCreditNoteEntryEntity.java: Some input files use unchecked or unsafe operations.
[INFO] /billy/billy-spain/src/test/java/com/premiumminds/billy/spain/test/fixtures/MockESCreditNoteEntryEntity.java: Recompile with -Xlint:unchecked for details.
[INFO] 
[INFO] --- surefire:2.22.2:test (default-test) @ billy-spain ---
[INFO] 
[INFO] -------------------------------------------------------
[INFO]  T E S T S
[INFO] -------------------------------------------------------
[INFO] Running com.premiumminds.billy.spain.test.services.export.TestESSimpleInvoicePDFTransformer
SLF4J: Failed to load class "org.slf4j.impl.StaticLoggerBinder".
SLF4J: Defaulting to no-operation (NOP) logger implementation
SLF4J: See http://www.slf4j.org/codes.html#StaticLoggerBinder for further details.
[INFO] Tests run: 3, Failures: 0, Errors: 0, Skipped: 0, Time elapsed: 13.49 s - in com.premiumminds.billy.spain.test.services.export.TestESSimpleInvoicePDFTransformer
[INFO] Running com.premiumminds.billy.spain.test.services.dao.TestDAOESInvoice
[INFO] Tests run: 6, Failures: 0, Errors: 0, Skipped: 0, Time elapsed: 7.091 s - in com.premiumminds.billy.spain.test.services.dao.TestDAOESInvoice
[INFO] Running com.premiumminds.billy.spain.test.services.documents.handler.TestESManualInvoiceIssuingHandler
[INFO] Tests run: 1, Failures: 0, Errors: 0, Skipped: 0, Time elapsed: 1.043 s - in com.premiumminds.billy.spain.test.services.documents.handler.TestESManualInvoiceIssuingHandler
[INFO] Running com.premiumminds.billy.spain.test.services.builders.TestESGenericInvoiceBuilder
[INFO] Tests run: 1, Failures: 0, Errors: 0, Skipped: 0, Time elapsed: 0.295 s - in com.premiumminds.billy.spain.test.services.builders.TestESGenericInvoiceBuilder
[INFO] Running com.premiumminds.billy.spain.test.services.documents.TestConcurrentIssuing
com.premiumminds.billy.spain.services.documents.exceptions.InvalidInvoiceDateException: Invoice creation timestamp must before than the invoice date
com.premiumminds.billy.spain.services.documents.exceptions.InvalidInvoiceDateException: Invoice creation timestamp must before than the invoice date
com.premiumminds.billy.spain.services.documents.exceptions.InvalidInvoiceDateException: Invoice creation timestamp must before than the invoice date
com.premiumminds.billy.spain.services.documents.exceptions.InvalidInvoiceDateException: Invoice creation timestamp must before than the invoice date
com.premiumminds.billy.spain.services.documents.exceptions.InvalidInvoiceDateException: Invoice creation timestamp must before than the invoice date
com.premiumminds.billy.spain.services.documents.exceptions.InvalidInvoiceDateException: Invoice creation timestamp must before than the invoice date
com.premiumminds.billy.spain.services.documents.exceptions.InvalidInvoiceDateException: Invoice creation timestamp must before than the invoice date
com.premiumminds.billy.spain.services.documents.exceptions.InvalidInvoiceDateException: Invoice creation timestamp must before than the invoice date
com.premiumminds.billy.spain.services.documents.exceptions.InvalidInvoiceDateException: Invoice creation timestamp must before than the invoice date
com.premiumminds.billy.spain.services.documents.exceptions.InvalidInvoiceDateException: Invoice creation timestamp must before than the invoice date
com.premiumminds.billy.spain.services.documents.exceptions.InvalidInvoiceDateException: Invoice creation timestamp must before than the invoice date
com.premiumminds.billy.spain.services.documents.exceptions.InvalidInvoiceDateException: Invoice creation timestamp must before than the invoice date
com.premiumminds.billy.spain.services.documents.exceptions.InvalidInvoiceDateException: Invoice creation timestamp must before than the invoice date
com.premiumminds.billy.spain.services.documents.exceptions.InvalidInvoiceDateException: Invoice creation timestamp must before than the invoice date
com.premiumminds.billy.spain.services.documents.exceptions.InvalidInvoiceDateException: Invoice creation timestamp must before than the invoice date
com.premiumminds.billy.spain.services.documents.exceptions.InvalidInvoiceDateException: Invoice creation timestamp must before than the invoice date
com.premiumminds.billy.spain.services.documents.exceptions.InvalidInvoiceDateException: Invoice creation timestamp must before than the invoice date
com.premiumminds.billy.spain.services.documents.exceptions.InvalidInvoiceDateException: Invoice creation timestamp must before than the invoice date
com.premiumminds.billy.spain.services.documents.exceptions.InvalidInvoiceDateException: Invoice creation timestamp must before than the invoice date
com.premiumminds.billy.spain.services.documents.exceptions.InvalidInvoiceDateException: Invoice creation timestamp must before than the invoice date
com.premiumminds.billy.spain.services.documents.exceptions.InvalidInvoiceDateException: Invoice creation timestamp must before than the invoice date
com.premiumminds.billy.spain.services.documents.exceptions.InvalidInvoiceDateException: Invoice creation timestamp must before than the invoice date
com.premiumminds.billy.spain.services.documents.exceptions.InvalidInvoiceDateException: Invoice creation timestamp must before than the invoice date
com.premiumminds.billy.spain.services.documents.exceptions.InvalidInvoiceDateException: Invoice creation timestamp must before than the invoice date
com.premiumminds.billy.spain.services.documents.exceptions.InvalidInvoiceDateException: Invoice creation timestamp must before than the invoice date
com.premiumminds.billy.spain.services.documents.exceptions.InvalidInvoiceDateException: Invoice creation timestamp must before than the invoice date
com.premiumminds.billy.spain.services.documents.exceptions.InvalidInvoiceDateException: Invoice creation timestamp must before than the invoice date
com.premiumminds.billy.spain.services.documents.exceptions.InvalidInvoiceDateException: Invoice creation timestamp must before than the invoice date
com.premiumminds.billy.spain.services.documents.exceptions.InvalidInvoiceDateException: Invoice creation timestamp must before than the invoice date
com.premiumminds.billy.spain.services.documents.exceptions.InvalidInvoiceDateException: Invoice creation timestamp must before than the invoice date
com.premiumminds.billy.spain.services.documents.exceptions.InvalidInvoiceDateException: Invoice creation timestamp must before than the invoice date
com.premiumminds.billy.spain.services.documents.exceptions.InvalidInvoiceDateException: Invoice creation timestamp must before than the invoice date
com.premiumminds.billy.spain.services.documents.exceptions.InvalidInvoiceDateException: Invoice creation timestamp must before than the invoice date
com.premiumminds.billy.spain.services.documents.exceptions.InvalidInvoiceDateException: Invoice creation timestamp must before than the invoice date
com.premiumminds.billy.spain.services.documents.exceptions.InvalidInvoiceDateException: Invoice creation timestamp must before than the invoice date
com.premiumminds.billy.spain.services.documents.exceptions.InvalidInvoiceDateException: Invoice creation timestamp must before than the invoice date
com.premiumminds.billy.spain.services.documents.exceptions.InvalidInvoiceDateException: Invoice creation timestamp must before than the invoice date
com.premiumminds.billy.spain.services.documents.exceptions.InvalidInvoiceDateException: Invoice creation timestamp must before than the invoice date
com.premiumminds.billy.spain.services.documents.exceptions.InvalidInvoiceDateException: Invoice creation timestamp must before than the invoice date
com.premiumminds.billy.spain.services.documents.exceptions.InvalidInvoiceDateException: Invoice creation timestamp must before than the invoice date
com.premiumminds.billy.spain.services.documents.exceptions.InvalidInvoiceDateException: Invoice creation timestamp must before than the invoice date
com.premiumminds.billy.spain.services.documents.exceptions.InvalidInvoiceDateException: Invoice creation timestamp must before than the invoice date
com.premiumminds.billy.spain.services.documents.exceptions.InvalidInvoiceDateException: Invoice creation timestamp must before than the invoice date
com.premiumminds.billy.spain.services.documents.exceptions.InvalidInvoiceDateException: Invoice creation timestamp must before than the invoice date
com.premiumminds.billy.spain.services.documents.exceptions.InvalidInvoiceDateException: Invoice creation timestamp must before than the invoice date
com.premiumminds.billy.spain.services.documents.exceptions.InvalidInvoiceDateException: Invoice creation timestamp must before than the invoice date
com.premiumminds.billy.spain.services.documents.exceptions.InvalidInvoiceDateException: Invoice creation timestamp must before than the invoice date
com.premiumminds.billy.spain.services.documents.exceptions.InvalidInvoiceDateException: Invoice creation timestamp must before than the invoice date
com.premiumminds.billy.spain.services.documents.exceptions.InvalidInvoiceDateException: Invoice creation timestamp must before than the invoice date
com.premiumminds.billy.spain.services.documents.exceptions.InvalidInvoiceDateException: Invoice creation timestamp must before than the invoice date
com.premiumminds.billy.spain.services.documents.exceptions.InvalidInvoiceDateException: Invoice creation timestamp must before than the invoice date
com.premiumminds.billy.spain.services.documents.exceptions.InvalidInvoiceDateException: Invoice creation timestamp must before than the invoice date
com.premiumminds.billy.spain.services.documents.exceptions.InvalidInvoiceDateException: Invoice creation timestamp must before than the invoice date
com.premiumminds.billy.spain.services.documents.exceptions.InvalidInvoiceDateException: Invoice creation timestamp must before than the invoice date
com.premiumminds.billy.spain.services.documents.exceptions.InvalidInvoiceDateException: Invoice creation timestamp must before than the invoice date
com.premiumminds.billy.spain.services.documents.exceptions.InvalidInvoiceDateException: Invoice creation timestamp must before than the invoice date
com.premiumminds.billy.spain.services.documents.exceptions.InvalidInvoiceDateException: Invoice creation timestamp must before than the invoice date
com.premiumminds.billy.spain.services.documents.exceptions.InvalidInvoiceDateException: Invoice creation timestamp must before than the invoice date
com.premiumminds.billy.spain.services.documents.exceptions.InvalidInvoiceDateException: Invoice creation timestamp must before than the invoice date
com.premiumminds.billy.spain.services.documents.exceptions.InvalidInvoiceDateException: Invoice creation timestamp must before than the invoice date
com.premiumminds.billy.spain.services.documents.exceptions.InvalidInvoiceDateException: Invoice creation timestamp must before than the invoice date
com.premiumminds.billy.spain.services.documents.exceptions.InvalidInvoiceDateException: Invoice creation timestamp must before than the invoice date
com.premiumminds.billy.spain.services.documents.exceptions.InvalidInvoiceDateException: Invoice creation timestamp must before than the invoice date
com.premiumminds.billy.spain.services.documents.exceptions.InvalidInvoiceDateException: Invoice creation timestamp must before than the invoice date
com.premiumminds.billy.spain.services.documents.exceptions.InvalidInvoiceDateException: Invoice creation timestamp must before than the invoice date
com.premiumminds.billy.spain.services.documents.exceptions.InvalidInvoiceDateException: Invoice creation timestamp must before than the invoice date
com.premiumminds.billy.spain.services.documents.exceptions.InvalidInvoiceDateException: Invoice creation timestamp must before than the invoice date
com.premiumminds.billy.spain.services.documents.exceptions.InvalidInvoiceDateException: Invoice creation timestamp must before than the invoice date
com.premiumminds.billy.spain.services.documents.exceptions.InvalidInvoiceDateException: Invoice creation timestamp must before than the invoice date
com.premiumminds.billy.spain.services.documents.exceptions.InvalidInvoiceDateException: Invoice creation timestamp must before than the invoice date
com.premiumminds.billy.spain.services.documents.exceptions.InvalidInvoiceDateException: Invoice creation timestamp must before than the invoice date
com.premiumminds.billy.spain.services.documents.exceptions.InvalidInvoiceDateException: Invoice creation timestamp must before than the invoice date
com.premiumminds.billy.spain.services.documents.exceptions.InvalidInvoiceDateException: Invoice creation timestamp must before than the invoice date
com.premiumminds.billy.spain.services.documents.exceptions.InvalidInvoiceDateException: Invoice creation timestamp must before than the invoice date
com.premiumminds.billy.spain.services.documents.exceptions.InvalidInvoiceDateException: Invoice creation timestamp must before than the invoice date
com.premiumminds.billy.spain.services.documents.exceptions.InvalidInvoiceDateException: Invoice creation timestamp must before than the invoice date
com.premiumminds.billy.spain.services.documents.exceptions.InvalidInvoiceDateException: Invoice creation timestamp must before than the invoice date
com.premiumminds.billy.spain.services.documents.exceptions.InvalidInvoiceDateException: Invoice creation timestamp must before than the invoice date
com.premiumminds.billy.spain.services.documents.exceptions.InvalidInvoiceDateException: Invoice creation timestamp must before than the invoice date
com.premiumminds.billy.spain.services.documents.exceptions.InvalidInvoiceDateException: Invoice creation timestamp must before than the invoice date
[INFO] Tests run: 4, Failures: 0, Errors: 0, Skipped: 0, Time elapsed: 4.784 s - in com.premiumminds.billy.spain.test.services.documents.TestConcurrentIssuing
[INFO] Running com.premiumminds.billy.spain.test.services.jpa.TestJPAESSupplier
[INFO] Tests run: 1, Failures: 0, Errors: 0, Skipped: 0, Time elapsed: 0.815 s - in com.premiumminds.billy.spain.test.services.jpa.TestJPAESSupplier
[INFO] Running com.premiumminds.billy.spain.test.services.builders.TestESGenericInvoiceEntryBuilder
[INFO] Tests run: 1, Failures: 0, Errors: 0, Skipped: 0, Time elapsed: 0.032 s - in com.premiumminds.billy.spain.test.services.builders.TestESGenericInvoiceEntryBuilder
[INFO] Running com.premiumminds.billy.spain.test.services.builders.TestESSupplierBuilder
[INFO] Tests run: 1, Failures: 0, Errors: 0, Skipped: 0, Time elapsed: 0.062 s - in com.premiumminds.billy.spain.test.services.builders.TestESSupplierBuilder
[INFO] Running com.premiumminds.billy.spain.test.services.documents.handler.TestESInvoiceIssuingHandlerWithTicket
[INFO] Tests run: 4, Failures: 0, Errors: 0, Skipped: 0, Time elapsed: 3.617 s - in com.premiumminds.billy.spain.test.services.documents.handler.TestESInvoiceIssuingHandlerWithTicket
[INFO] Running com.premiumminds.billy.spain.test.services.builders.TestESInvoiceBuilder
[INFO] Tests run: 1, Failures: 0, Errors: 0, Skipped: 0, Time elapsed: 0.083 s - in com.premiumminds.billy.spain.test.services.builders.TestESInvoiceBuilder
[INFO] Running com.premiumminds.billy.spain.test.services.builders.TestESCreditNoteBuilder
[INFO] Tests run: 1, Failures: 0, Errors: 0, Skipped: 0, Time elapsed: 0.073 s - in com.premiumminds.billy.spain.test.services.builders.TestESCreditNoteBuilder
[INFO] Running com.premiumminds.billy.spain.test.services.export.TestESReceiptPDFTransformer
[INFO] Tests run: 3, Failures: 0, Errors: 0, Skipped: 0, Time elapsed: 2.541 s - in com.premiumminds.billy.spain.test.services.export.TestESReceiptPDFTransformer
[INFO] Running com.premiumminds.billy.spain.test.services.builders.TestESCreditReceiptBuilder
[INFO] Tests run: 1, Failures: 0, Errors: 0, Skipped: 0, Time elapsed: 0.085 s - in com.premiumminds.billy.spain.test.services.builders.TestESCreditReceiptBuilder
[INFO] Running com.premiumminds.billy.spain.test.services.builders.TestESSimpleInvoiceBuilder
[INFO] Tests run: 1, Failures: 0, Errors: 0, Skipped: 0, Time elapsed: 0.044 s - in com.premiumminds.billy.spain.test.services.builders.TestESSimpleInvoiceBuilder
[INFO] Running com.premiumminds.billy.spain.test.services.builders.TestESRegionContextBuilder
[INFO] Tests run: 1, Failures: 0, Errors: 0, Skipped: 0, Time elapsed: 0.014 s - in com.premiumminds.billy.spain.test.services.builders.TestESRegionContextBuilder
[INFO] Running com.premiumminds.billy.spain.test.services.builders.TestESReceiptEntryBuilder
[INFO] Tests run: 1, Failures: 0, Errors: 0, Skipped: 0, Time elapsed: 0.027 s - in com.premiumminds.billy.spain.test.services.builders.TestESReceiptEntryBuilder
[INFO] Running com.premiumminds.billy.spain.test.services.builders.TestESCreditNoteEntryBuilder
[INFO] Tests run: 1, Failures: 0, Errors: 0, Skipped: 0, Time elapsed: 0.016 s - in com.premiumminds.billy.spain.test.services.builders.TestESCreditNoteEntryBuilder
[INFO] Running com.premiumminds.billy.spain.test.services.jpa.TestJPAESCustomer
[INFO] Tests run: 1, Failures: 0, Errors: 0, Skipped: 0, Time elapsed: 0.697 s - in com.premiumminds.billy.spain.test.services.jpa.TestJPAESCustomer
[INFO] Running com.premiumminds.billy.spain.test.services.export.TestESInvoicePDFTransformer
[INFO] Tests run: 6, Failures: 0, Errors: 0, Skipped: 0, Time elapsed: 5.507 s - in com.premiumminds.billy.spain.test.services.export.TestESInvoicePDFTransformer
[INFO] Running com.premiumminds.billy.spain.test.services.jpa.TestTicketManager
[INFO] Tests run: 3, Failures: 0, Errors: 0, Skipped: 0, Time elapsed: 2.185 s - in com.premiumminds.billy.spain.test.services.jpa.TestTicketManager
[INFO] Running com.premiumminds.billy.spain.test.services.builders.TestESApplicationBuilder
[INFO] Tests run: 1, Failures: 0, Errors: 0, Skipped: 0, Time elapsed: 0.029 s - in com.premiumminds.billy.spain.test.services.builders.TestESApplicationBuilder
[INFO] Running com.premiumminds.billy.spain.test.services.documents.handler.TestESInvoiceIssuingHandler
[INFO] Tests run: 4, Failures: 0, Errors: 0, Skipped: 0, Time elapsed: 3.411 s - in com.premiumminds.billy.spain.test.services.documents.handler.TestESInvoiceIssuingHandler
[INFO] Running com.premiumminds.billy.spain.test.services.persistence.TestInvoiceUpdate
[INFO] Tests run: 4, Failures: 0, Errors: 0, Skipped: 0, Time elapsed: 3.077 s - in com.premiumminds.billy.spain.test.services.persistence.TestInvoiceUpdate
[INFO] Running com.premiumminds.billy.spain.test.services.builders.TestESBusinessBuilder
[INFO] Tests run: 1, Failures: 0, Errors: 0, Skipped: 0, Time elapsed: 0.043 s - in com.premiumminds.billy.spain.test.services.builders.TestESBusinessBuilder
[INFO] Running com.premiumminds.billy.spain.test.services.builders.TestESPaymentBuilder
[INFO] Tests run: 1, Failures: 0, Errors: 0, Skipped: 0, Time elapsed: 0.009 s - in com.premiumminds.billy.spain.test.services.builders.TestESPaymentBuilder
[INFO] Running com.premiumminds.billy.spain.test.services.documents.TestDocumentIssuingService
[INFO] Tests run: 1, Failures: 0, Errors: 0, Skipped: 0, Time elapsed: 0.672 s - in com.premiumminds.billy.spain.test.services.documents.TestDocumentIssuingService
[INFO] Running com.premiumminds.billy.spain.test.services.jpa.TestJPAESBusiness
[INFO] Tests run: 2, Failures: 0, Errors: 0, Skipped: 0, Time elapsed: 1.295 s - in com.premiumminds.billy.spain.test.services.jpa.TestJPAESBusiness
[INFO] Running com.premiumminds.billy.spain.test.services.documents.handler.TestESReceiptIssuingHandler
[INFO] Tests run: 1, Failures: 0, Errors: 0, Skipped: 0, Time elapsed: 0.701 s - in com.premiumminds.billy.spain.test.services.documents.handler.TestESReceiptIssuingHandler
[INFO] Running com.premiumminds.billy.spain.test.services.export.TestESCreditNotePDFTransformer
[INFO] Tests run: 4, Failures: 0, Errors: 0, Skipped: 0, Time elapsed: 3.034 s - in com.premiumminds.billy.spain.test.services.export.TestESCreditNotePDFTransformer
[INFO] Running com.premiumminds.billy.spain.test.services.documents.handler.TestESSimpleInvoiceIssuingHandlerWithTicket
[INFO] Tests run: 4, Failures: 0, Errors: 0, Skipped: 0, Time elapsed: 2.754 s - in com.premiumminds.billy.spain.test.services.documents.handler.TestESSimpleInvoiceIssuingHandlerWithTicket
[INFO] Running com.premiumminds.billy.spain.test.services.persistence.TestInvoiceGenerationAndExport
[INFO] Tests run: 1, Failures: 0, Errors: 0, Skipped: 0, Time elapsed: 0.623 s - in com.premiumminds.billy.spain.test.services.persistence.TestInvoiceGenerationAndExport
[INFO] Running com.premiumminds.billy.spain.test.services.builders.TestESReceiptBuilder
[INFO] Tests run: 1, Failures: 0, Errors: 0, Skipped: 0, Time elapsed: 0.047 s - in com.premiumminds.billy.spain.test.services.builders.TestESReceiptBuilder
[INFO] Running com.premiumminds.billy.spain.test.services.builders.TestESTaxBuilder
[INFO] Tests run: 1, Failures: 0, Errors: 0, Skipped: 0, Time elapsed: 0.01 s - in com.premiumminds.billy.spain.test.services.builders.TestESTaxBuilder
[INFO] Running com.premiumminds.billy.spain.test.services.builders.TestESCustomerBuilder
[INFO] Tests run: 1, Failures: 0, Errors: 0, Skipped: 0, Time elapsed: 0.011 s - in com.premiumminds.billy.spain.test.services.builders.TestESCustomerBuilder
[INFO] Running com.premiumminds.billy.spain.test.services.builders.TestESInvoiceEntryBuilder
[INFO] Tests run: 1, Failures: 0, Errors: 0, Skipped: 0, Time elapsed: 0.018 s - in com.premiumminds.billy.spain.test.services.builders.TestESInvoiceEntryBuilder
[INFO] Running com.premiumminds.billy.spain.test.services.builders.TestESProductBuilder
[INFO] Tests run: 1, Failures: 0, Errors: 0, Skipped: 0, Time elapsed: 0.011 s - in com.premiumminds.billy.spain.test.services.builders.TestESProductBuilder
[INFO] Running com.premiumminds.billy.spain.test.services.builders.TestESContactBuilder
[INFO] Tests run: 1, Failures: 0, Errors: 0, Skipped: 0, Time elapsed: 0.006 s - in com.premiumminds.billy.spain.test.services.builders.TestESContactBuilder
[INFO] Running com.premiumminds.billy.spain.test.services.builders.TestESAddressBuilder
[INFO] Tests run: 1, Failures: 0, Errors: 0, Skipped: 0, Time elapsed: 0.006 s - in com.premiumminds.billy.spain.test.services.builders.TestESAddressBuilder
[INFO] Running com.premiumminds.billy.spain.test.services.builders.TestESCreditReceiptEntryBuilder
[INFO] Tests run: 1, Failures: 0, Errors: 0, Skipped: 0, Time elapsed: 0.017 s - in com.premiumminds.billy.spain.test.services.builders.TestESCreditReceiptEntryBuilder
[INFO] Running com.premiumminds.billy.spain.test.services.documents.handler.TestESSimpleInvoiceIssuingHandler
[INFO] Tests run: 2, Failures: 0, Errors: 0, Skipped: 0, Time elapsed: 1.446 s - in com.premiumminds.billy.spain.test.services.documents.handler.TestESSimpleInvoiceIssuingHandler
[INFO] Running com.premiumminds.billy.spain.test.services.builders.TestESShippingPointBuilder
[INFO] Tests run: 1, Failures: 0, Errors: 0, Skipped: 0, Time elapsed: 0.011 s - in com.premiumminds.billy.spain.test.services.builders.TestESShippingPointBuilder
[INFO] Running com.premiumminds.billy.spain.test.services.export.TestESCreditReceiptPDFTransformer
[INFO] Tests run: 3, Failures: 0, Errors: 0, Skipped: 0, Time elapsed: 2.141 s - in com.premiumminds.billy.spain.test.services.export.TestESCreditReceiptPDFTransformer
[INFO] 
[INFO] Results:
[INFO] 
[INFO] Tests run: 80, Failures: 0, Errors: 0, Skipped: 0
[INFO] 
[INFO] 
[INFO] -------------------< com.premiumminds:billy-france >--------------------
[INFO] Building billy france (FR Pack) 6.0.0-SNAPSHOT                     [7/7]
[INFO]   from billy-france/pom.xml
[INFO] --------------------------------[ jar ]---------------------------------
[INFO] 
[INFO] --- clean:3.2.0:clean (default-clean) @ billy-france ---
[INFO] 
[INFO] --- build-helper:3.3.0:add-source (add-source) @ billy-france ---
[INFO] Source directory: /billy/billy-france/src-generated/main/java added.
[INFO] 
[INFO] --- apt:1.1.3:process (default) @ billy-france ---
[INFO] 
[INFO] --- resources:3.3.0:resources (default-resources) @ billy-france ---
[INFO] Copying 11 resources
[INFO] 
[INFO] --- compiler:3.10.1:compile (default-compile) @ billy-france ---
[INFO] Changes detected - recompiling the module!
[INFO] Compiling 286 source files to /billy/billy-france/target/classes
[INFO] /billy/billy-france/src/main/java/com/premiumminds/billy/france/persistence/entities/jpa/JPAFRGenericInvoiceEntity.java: Some input files use unchecked or unsafe operations.
[INFO] /billy/billy-france/src/main/java/com/premiumminds/billy/france/persistence/entities/jpa/JPAFRGenericInvoiceEntity.java: Recompile with -Xlint:unchecked for details.
[INFO] 
[INFO] --- license:4.1:format (format-headers) @ billy-france ---
[INFO] Updating license headers...
[INFO] 
[INFO] --- resources:3.3.0:testResources (default-testResources) @ billy-france ---
[INFO] Copying 23 resources
[INFO] 
[INFO] --- compiler:3.10.1:testCompile (default-testCompile) @ billy-france ---
[INFO] Changes detected - recompiling the module!
[INFO] Compiling 90 source files to /billy/billy-france/target/test-classes
[INFO] /billy/billy-france/src/test/java/com/premiumminds/billy/france/test/services/dao/TestDAOFRInvoice.java: /billy/billy-france/src/test/java/com/premiumminds/billy/france/test/services/dao/TestDAOFRInvoice.java uses or overrides a deprecated API.
[INFO] /billy/billy-france/src/test/java/com/premiumminds/billy/france/test/services/dao/TestDAOFRInvoice.java: Recompile with -Xlint:deprecation for details.
[INFO] /billy/billy-france/src/test/java/com/premiumminds/billy/france/test/fixtures/MockFRCreditReceiptEntity.java: Some input files use unchecked or unsafe operations.
[INFO] /billy/billy-france/src/test/java/com/premiumminds/billy/france/test/fixtures/MockFRCreditReceiptEntity.java: Recompile with -Xlint:unchecked for details.
[INFO] 
[INFO] --- surefire:2.22.2:test (default-test) @ billy-france ---
[INFO] 
[INFO] -------------------------------------------------------
[INFO]  T E S T S
[INFO] -------------------------------------------------------
[INFO] Running com.premiumminds.billy.france.test.services.jpa.TestTicketManager
SLF4J: Failed to load class "org.slf4j.impl.StaticLoggerBinder".
SLF4J: Defaulting to no-operation (NOP) logger implementation
SLF4J: See http://www.slf4j.org/codes.html#StaticLoggerBinder for further details.
[INFO] Tests run: 3, Failures: 0, Errors: 0, Skipped: 0, Time elapsed: 11.566 s - in com.premiumminds.billy.france.test.services.jpa.TestTicketManager
[INFO] Running com.premiumminds.billy.france.test.services.builders.TestFRCreditNoteEntryBuilder
[INFO] Tests run: 1, Failures: 0, Errors: 0, Skipped: 0, Time elapsed: 0.238 s - in com.premiumminds.billy.france.test.services.builders.TestFRCreditNoteEntryBuilder
[INFO] Running com.premiumminds.billy.france.test.services.export.TestFRCreditReceiptPDFTransformer
[INFO] Tests run: 3, Failures: 0, Errors: 0, Skipped: 0, Time elapsed: 5.762 s - in com.premiumminds.billy.france.test.services.export.TestFRCreditReceiptPDFTransformer
[INFO] Running com.premiumminds.billy.france.test.services.persistence.TestInvoiceUpdate
[INFO] Tests run: 4, Failures: 0, Errors: 0, Skipped: 0, Time elapsed: 4.154 s - in com.premiumminds.billy.france.test.services.persistence.TestInvoiceUpdate
[INFO] Running com.premiumminds.billy.france.test.services.builders.TestFRSupplierBuilder
[INFO] Tests run: 1, Failures: 0, Errors: 0, Skipped: 0, Time elapsed: 0.082 s - in com.premiumminds.billy.france.test.services.builders.TestFRSupplierBuilder
[INFO] Running com.premiumminds.billy.france.test.services.builders.TestFRContactBuilder
[INFO] Tests run: 1, Failures: 0, Errors: 0, Skipped: 0, Time elapsed: 0.013 s - in com.premiumminds.billy.france.test.services.builders.TestFRContactBuilder
[INFO] Running com.premiumminds.billy.france.test.services.builders.TestFRReceiptEntryBuilder
[INFO] Tests run: 1, Failures: 0, Errors: 0, Skipped: 0, Time elapsed: 0.037 s - in com.premiumminds.billy.france.test.services.builders.TestFRReceiptEntryBuilder
[INFO] Running com.premiumminds.billy.france.test.services.documents.handler.TestFRReceiptIssuingHandler
[INFO] Tests run: 1, Failures: 0, Errors: 0, Skipped: 0, Time elapsed: 0.984 s - in com.premiumminds.billy.france.test.services.documents.handler.TestFRReceiptIssuingHandler
[INFO] Running com.premiumminds.billy.france.test.services.builders.TestFRReceiptBuilder
[INFO] Tests run: 1, Failures: 0, Errors: 0, Skipped: 0, Time elapsed: 0.096 s - in com.premiumminds.billy.france.test.services.builders.TestFRReceiptBuilder
[INFO] Running com.premiumminds.billy.france.test.services.export.TestFRInvoicePDFTransformer
[WARNING] Tests run: 6, Failures: 0, Errors: 0, Skipped: 2, Time elapsed: 3.954 s - in com.premiumminds.billy.france.test.services.export.TestFRInvoicePDFTransformer
[INFO] Running com.premiumminds.billy.france.test.services.builders.TestFRCreditReceiptEntryBuilder
[INFO] Tests run: 1, Failures: 0, Errors: 0, Skipped: 0, Time elapsed: 0.035 s - in com.premiumminds.billy.france.test.services.builders.TestFRCreditReceiptEntryBuilder
[INFO] Running com.premiumminds.billy.france.test.services.builders.TestFRTaxBuilder
[INFO] Tests run: 1, Failures: 0, Errors: 0, Skipped: 0, Time elapsed: 0.017 s - in com.premiumminds.billy.france.test.services.builders.TestFRTaxBuilder
[INFO] Running com.premiumminds.billy.france.test.services.builders.TestFRCreditReceiptBuilder
[INFO] Tests run: 1, Failures: 0, Errors: 0, Skipped: 0, Time elapsed: 0.079 s - in com.premiumminds.billy.france.test.services.builders.TestFRCreditReceiptBuilder
[INFO] Running com.premiumminds.billy.france.test.services.documents.handler.TestFRSimpleInvoiceIssuingHandler
[INFO] Tests run: 2, Failures: 0, Errors: 0, Skipped: 0, Time elapsed: 1.791 s - in com.premiumminds.billy.france.test.services.documents.handler.TestFRSimpleInvoiceIssuingHandler
[INFO] Running com.premiumminds.billy.france.test.services.builders.TestFRAddressBuilder
[INFO] Tests run: 1, Failures: 0, Errors: 0, Skipped: 0, Time elapsed: 0.018 s - in com.premiumminds.billy.france.test.services.builders.TestFRAddressBuilder
[INFO] Running com.premiumminds.billy.france.test.services.builders.TestFRShippingPointBuilder
[INFO] Tests run: 1, Failures: 0, Errors: 0, Skipped: 0, Time elapsed: 0.015 s - in com.premiumminds.billy.france.test.services.builders.TestFRShippingPointBuilder
[INFO] Running com.premiumminds.billy.france.test.services.documents.handler.TestFRManualInvoiceIssuingHandler
[INFO] Tests run: 1, Failures: 0, Errors: 0, Skipped: 0, Time elapsed: 0.858 s - in com.premiumminds.billy.france.test.services.documents.handler.TestFRManualInvoiceIssuingHandler
[INFO] Running com.premiumminds.billy.france.test.services.jpa.TestJPAFRBusiness
[INFO] Tests run: 2, Failures: 0, Errors: 0, Skipped: 0, Time elapsed: 1.927 s - in com.premiumminds.billy.france.test.services.jpa.TestJPAFRBusiness
[INFO] Running com.premiumminds.billy.france.test.services.builders.TestFRApplicationBuilder
[INFO] Tests run: 1, Failures: 0, Errors: 0, Skipped: 0, Time elapsed: 0.031 s - in com.premiumminds.billy.france.test.services.builders.TestFRApplicationBuilder
[INFO] Running com.premiumminds.billy.france.test.services.builders.TestFRInvoiceEntryBuilder
[INFO] Tests run: 1, Failures: 0, Errors: 0, Skipped: 0, Time elapsed: 0.031 s - in com.premiumminds.billy.france.test.services.builders.TestFRInvoiceEntryBuilder
[INFO] Running com.premiumminds.billy.france.test.services.builders.TestFRGenericInvoiceBuilder
[INFO] Tests run: 1, Failures: 0, Errors: 0, Skipped: 0, Time elapsed: 0.056 s - in com.premiumminds.billy.france.test.services.builders.TestFRGenericInvoiceBuilder
[INFO] Running com.premiumminds.billy.france.test.services.documents.TestConcurrentIssuing
com.premiumminds.billy.france.services.documents.exceptions.InvalidInvoiceDateException: Invoice creation timestamp must before than the invoice date
com.premiumminds.billy.france.services.documents.exceptions.InvalidInvoiceDateException: Invoice creation timestamp must before than the invoice date
com.premiumminds.billy.france.services.documents.exceptions.InvalidInvoiceDateException: Invoice creation timestamp must before than the invoice date
com.premiumminds.billy.france.services.documents.exceptions.InvalidInvoiceDateException: Invoice creation timestamp must before than the invoice date
com.premiumminds.billy.france.services.documents.exceptions.InvalidInvoiceDateException: Invoice creation timestamp must before than the invoice date
com.premiumminds.billy.france.services.documents.exceptions.InvalidInvoiceDateException: Invoice creation timestamp must before than the invoice date
com.premiumminds.billy.france.services.documents.exceptions.InvalidInvoiceDateException: Invoice creation timestamp must before than the invoice date
com.premiumminds.billy.france.services.documents.exceptions.InvalidInvoiceDateException: Invoice creation timestamp must before than the invoice date
com.premiumminds.billy.france.services.documents.exceptions.InvalidInvoiceDateException: Invoice creation timestamp must before than the invoice date
com.premiumminds.billy.france.services.documents.exceptions.InvalidInvoiceDateException: Invoice creation timestamp must before than the invoice date
com.premiumminds.billy.france.services.documents.exceptions.InvalidInvoiceDateException: Invoice creation timestamp must before than the invoice date
com.premiumminds.billy.france.services.documents.exceptions.InvalidInvoiceDateException: Invoice creation timestamp must before than the invoice date
com.premiumminds.billy.france.services.documents.exceptions.InvalidInvoiceDateException: Invoice creation timestamp must before than the invoice date
com.premiumminds.billy.france.services.documents.exceptions.InvalidInvoiceDateException: Invoice creation timestamp must before than the invoice date
com.premiumminds.billy.france.services.documents.exceptions.InvalidInvoiceDateException: Invoice creation timestamp must before than the invoice date
com.premiumminds.billy.france.services.documents.exceptions.InvalidInvoiceDateException: Invoice creation timestamp must before than the invoice date
com.premiumminds.billy.france.services.documents.exceptions.InvalidInvoiceDateException: Invoice creation timestamp must before than the invoice date
com.premiumminds.billy.france.services.documents.exceptions.InvalidInvoiceDateException: Invoice creation timestamp must before than the invoice date
com.premiumminds.billy.france.services.documents.exceptions.InvalidInvoiceDateException: Invoice creation timestamp must before than the invoice date
com.premiumminds.billy.france.services.documents.exceptions.InvalidInvoiceDateException: Invoice creation timestamp must before than the invoice date
com.premiumminds.billy.france.services.documents.exceptions.InvalidInvoiceDateException: Invoice creation timestamp must before than the invoice date
com.premiumminds.billy.france.services.documents.exceptions.InvalidInvoiceDateException: Invoice creation timestamp must before than the invoice date
com.premiumminds.billy.france.services.documents.exceptions.InvalidInvoiceDateException: Invoice creation timestamp must before than the invoice date
com.premiumminds.billy.france.services.documents.exceptions.InvalidInvoiceDateException: Invoice creation timestamp must before than the invoice date
com.premiumminds.billy.france.services.documents.exceptions.InvalidInvoiceDateException: Invoice creation timestamp must before than the invoice date
com.premiumminds.billy.france.services.documents.exceptions.InvalidInvoiceDateException: Invoice creation timestamp must before than the invoice date
com.premiumminds.billy.france.services.documents.exceptions.InvalidInvoiceDateException: Invoice creation timestamp must before than the invoice date
com.premiumminds.billy.france.services.documents.exceptions.InvalidInvoiceDateException: Invoice creation timestamp must before than the invoice date
com.premiumminds.billy.france.services.documents.exceptions.InvalidInvoiceDateException: Invoice creation timestamp must before than the invoice date
com.premiumminds.billy.france.services.documents.exceptions.InvalidInvoiceDateException: Invoice creation timestamp must before than the invoice date
com.premiumminds.billy.france.services.documents.exceptions.InvalidInvoiceDateException: Invoice creation timestamp must before than the invoice date
com.premiumminds.billy.france.services.documents.exceptions.InvalidInvoiceDateException: Invoice creation timestamp must before than the invoice date
com.premiumminds.billy.france.services.documents.exceptions.InvalidInvoiceDateException: Invoice creation timestamp must before than the invoice date
com.premiumminds.billy.france.services.documents.exceptions.InvalidInvoiceDateException: Invoice creation timestamp must before than the invoice date
com.premiumminds.billy.france.services.documents.exceptions.InvalidInvoiceDateException: Invoice creation timestamp must before than the invoice date
com.premiumminds.billy.france.services.documents.exceptions.InvalidInvoiceDateException: Invoice creation timestamp must before than the invoice date
com.premiumminds.billy.france.services.documents.exceptions.InvalidInvoiceDateException: Invoice creation timestamp must before than the invoice date
com.premiumminds.billy.france.services.documents.exceptions.InvalidInvoiceDateException: Invoice creation timestamp must before than the invoice date
com.premiumminds.billy.france.services.documents.exceptions.InvalidInvoiceDateException: Invoice creation timestamp must before than the invoice date
com.premiumminds.billy.france.services.documents.exceptions.InvalidInvoiceDateException: Invoice creation timestamp must before than the invoice date
com.premiumminds.billy.france.services.documents.exceptions.InvalidInvoiceDateException: Invoice creation timestamp must before than the invoice date
com.premiumminds.billy.france.services.documents.exceptions.InvalidInvoiceDateException: Invoice creation timestamp must before than the invoice date
com.premiumminds.billy.france.services.documents.exceptions.InvalidInvoiceDateException: Invoice creation timestamp must before than the invoice date
com.premiumminds.billy.france.services.documents.exceptions.InvalidInvoiceDateException: Invoice creation timestamp must before than the invoice date
com.premiumminds.billy.france.services.documents.exceptions.InvalidInvoiceDateException: Invoice creation timestamp must before than the invoice date
com.premiumminds.billy.france.services.documents.exceptions.InvalidInvoiceDateException: Invoice creation timestamp must before than the invoice date
com.premiumminds.billy.france.services.documents.exceptions.InvalidInvoiceDateException: Invoice creation timestamp must before than the invoice date
com.premiumminds.billy.france.services.documents.exceptions.InvalidInvoiceDateException: Invoice creation timestamp must before than the invoice date
com.premiumminds.billy.france.services.documents.exceptions.InvalidInvoiceDateException: Invoice creation timestamp must before than the invoice date
com.premiumminds.billy.france.services.documents.exceptions.InvalidInvoiceDateException: Invoice creation timestamp must before than the invoice date
com.premiumminds.billy.france.services.documents.exceptions.InvalidInvoiceDateException: Invoice creation timestamp must before than the invoice date
com.premiumminds.billy.france.services.documents.exceptions.InvalidInvoiceDateException: Invoice creation timestamp must before than the invoice date
com.premiumminds.billy.france.services.documents.exceptions.InvalidInvoiceDateException: Invoice creation timestamp must before than the invoice date
com.premiumminds.billy.france.services.documents.exceptions.InvalidInvoiceDateException: Invoice creation timestamp must before than the invoice date
com.premiumminds.billy.france.services.documents.exceptions.InvalidInvoiceDateException: Invoice creation timestamp must before than the invoice date
com.premiumminds.billy.france.services.documents.exceptions.InvalidInvoiceDateException: Invoice creation timestamp must before than the invoice date
com.premiumminds.billy.france.services.documents.exceptions.InvalidInvoiceDateException: Invoice creation timestamp must before than the invoice date
com.premiumminds.billy.france.services.documents.exceptions.InvalidInvoiceDateException: Invoice creation timestamp must before than the invoice date
com.premiumminds.billy.france.services.documents.exceptions.InvalidInvoiceDateException: Invoice creation timestamp must before than the invoice date
com.premiumminds.billy.france.services.documents.exceptions.InvalidInvoiceDateException: Invoice creation timestamp must before than the invoice date
com.premiumminds.billy.france.services.documents.exceptions.InvalidInvoiceDateException: Invoice creation timestamp must before than the invoice date
com.premiumminds.billy.france.services.documents.exceptions.InvalidInvoiceDateException: Invoice creation timestamp must before than the invoice date
com.premiumminds.billy.france.services.documents.exceptions.InvalidInvoiceDateException: Invoice creation timestamp must before than the invoice date
com.premiumminds.billy.france.services.documents.exceptions.InvalidInvoiceDateException: Invoice creation timestamp must before than the invoice date
com.premiumminds.billy.france.services.documents.exceptions.InvalidInvoiceDateException: Invoice creation timestamp must before than the invoice date
com.premiumminds.billy.france.services.documents.exceptions.InvalidInvoiceDateException: Invoice creation timestamp must before than the invoice date
com.premiumminds.billy.france.services.documents.exceptions.InvalidInvoiceDateException: Invoice creation timestamp must before than the invoice date
com.premiumminds.billy.france.services.documents.exceptions.InvalidInvoiceDateException: Invoice creation timestamp must before than the invoice date
com.premiumminds.billy.france.services.documents.exceptions.InvalidInvoiceDateException: Invoice creation timestamp must before than the invoice date
com.premiumminds.billy.france.services.documents.exceptions.InvalidInvoiceDateException: Invoice creation timestamp must before than the invoice date
com.premiumminds.billy.france.services.documents.exceptions.InvalidInvoiceDateException: Invoice creation timestamp must before than the invoice date
com.premiumminds.billy.france.services.documents.exceptions.InvalidInvoiceDateException: Invoice creation timestamp must before than the invoice date
com.premiumminds.billy.france.services.documents.exceptions.InvalidInvoiceDateException: Invoice creation timestamp must before than the invoice date
[INFO] Tests run: 4, Failures: 0, Errors: 0, Skipped: 0, Time elapsed: 4.513 s - in com.premiumminds.billy.france.test.services.documents.TestConcurrentIssuing
[INFO] Running com.premiumminds.billy.france.test.services.export.TestFRCreditNotePDFTransformer
[INFO] Tests run: 4, Failures: 0, Errors: 0, Skipped: 0, Time elapsed: 3.648 s - in com.premiumminds.billy.france.test.services.export.TestFRCreditNotePDFTransformer
[INFO] Running com.premiumminds.billy.france.test.services.export.TestFRSimpleInvoicePDFTransformer
[INFO] Tests run: 3, Failures: 0, Errors: 0, Skipped: 0, Time elapsed: 2.449 s - in com.premiumminds.billy.france.test.services.export.TestFRSimpleInvoicePDFTransformer
[INFO] Running com.premiumminds.billy.france.test.services.builders.TestFRPaymentBuilder
[INFO] Tests run: 1, Failures: 0, Errors: 0, Skipped: 0, Time elapsed: 0.012 s - in com.premiumminds.billy.france.test.services.builders.TestFRPaymentBuilder
[INFO] Running com.premiumminds.billy.france.test.services.builders.TestFRCreditNoteBuilder
[INFO] Tests run: 1, Failures: 0, Errors: 0, Skipped: 0, Time elapsed: 0.074 s - in com.premiumminds.billy.france.test.services.builders.TestFRCreditNoteBuilder
[INFO] Running com.premiumminds.billy.france.test.services.jpa.TestJPAFRCustomer
[INFO] Tests run: 1, Failures: 0, Errors: 0, Skipped: 0, Time elapsed: 0.622 s - in com.premiumminds.billy.france.test.services.jpa.TestJPAFRCustomer
[INFO] Running com.premiumminds.billy.france.test.services.documents.TestDocumentIssuingService
[INFO] Tests run: 1, Failures: 0, Errors: 0, Skipped: 0, Time elapsed: 0.69 s - in com.premiumminds.billy.france.test.services.documents.TestDocumentIssuingService
[INFO] Running com.premiumminds.billy.france.test.services.dao.TestDAOFRInvoice
[INFO] Tests run: 6, Failures: 0, Errors: 0, Skipped: 0, Time elapsed: 4.543 s - in com.premiumminds.billy.france.test.services.dao.TestDAOFRInvoice
[INFO] Running com.premiumminds.billy.france.test.services.documents.handler.TestFRInvoiceIssuingHandlerWithTicket
[INFO] Tests run: 4, Failures: 0, Errors: 0, Skipped: 0, Time elapsed: 3.038 s - in com.premiumminds.billy.france.test.services.documents.handler.TestFRInvoiceIssuingHandlerWithTicket
[INFO] Running com.premiumminds.billy.france.test.services.builders.TestFRProductBuilder
[INFO] Tests run: 1, Failures: 0, Errors: 0, Skipped: 0, Time elapsed: 0.019 s - in com.premiumminds.billy.france.test.services.builders.TestFRProductBuilder
[INFO] Running com.premiumminds.billy.france.test.services.persistence.TestInvoiceGenerationAndExport
[INFO] Tests run: 1, Failures: 0, Errors: 0, Skipped: 0, Time elapsed: 0.648 s - in com.premiumminds.billy.france.test.services.persistence.TestInvoiceGenerationAndExport
[INFO] Running com.premiumminds.billy.france.test.services.documents.handler.TestFRSimpleInvoiceIssuingHandlerWithTicket
[INFO] Tests run: 4, Failures: 0, Errors: 0, Skipped: 0, Time elapsed: 3.05 s - in com.premiumminds.billy.france.test.services.documents.handler.TestFRSimpleInvoiceIssuingHandlerWithTicket
[INFO] Running com.premiumminds.billy.france.test.services.builders.TestFRInvoiceBuilder
[INFO] Tests run: 1, Failures: 0, Errors: 0, Skipped: 0, Time elapsed: 0.071 s - in com.premiumminds.billy.france.test.services.builders.TestFRInvoiceBuilder
[INFO] Running com.premiumminds.billy.france.test.services.builders.TestFRGenericInvoiceEntryBuilder
[INFO] Tests run: 1, Failures: 0, Errors: 0, Skipped: 0, Time elapsed: 0.018 s - in com.premiumminds.billy.france.test.services.builders.TestFRGenericInvoiceEntryBuilder
[INFO] Running com.premiumminds.billy.france.test.services.builders.TestFRRegionContextBuilder
[INFO] Tests run: 1, Failures: 0, Errors: 0, Skipped: 0, Time elapsed: 0.007 s - in com.premiumminds.billy.france.test.services.builders.TestFRRegionContextBuilder
[INFO] Running com.premiumminds.billy.france.test.services.export.TestFRReceiptPDFTransformer
[WARNING] Tests run: 3, Failures: 0, Errors: 0, Skipped: 2, Time elapsed: 0.602 s - in com.premiumminds.billy.france.test.services.export.TestFRReceiptPDFTransformer
[INFO] Running com.premiumminds.billy.france.test.services.builders.TestFRCustomerBuilder
[INFO] Tests run: 1, Failures: 0, Errors: 0, Skipped: 0, Time elapsed: 0.025 s - in com.premiumminds.billy.france.test.services.builders.TestFRCustomerBuilder
[INFO] Running com.premiumminds.billy.france.test.services.documents.handler.TestFRInvoiceIssuingHandler
[INFO] Tests run: 4, Failures: 0, Errors: 0, Skipped: 0, Time elapsed: 2.588 s - in com.premiumminds.billy.france.test.services.documents.handler.TestFRInvoiceIssuingHandler
[INFO] Running com.premiumminds.billy.france.test.services.builders.TestFRSimpleInvoiceBuilder
[INFO] Tests run: 1, Failures: 0, Errors: 0, Skipped: 0, Time elapsed: 0.023 s - in com.premiumminds.billy.france.test.services.builders.TestFRSimpleInvoiceBuilder
[INFO] Running com.premiumminds.billy.france.test.services.jpa.TestJPAFRSupplier
[INFO] Tests run: 1, Failures: 0, Errors: 0, Skipped: 0, Time elapsed: 0.613 s - in com.premiumminds.billy.france.test.services.jpa.TestJPAFRSupplier
[INFO] Running com.premiumminds.billy.france.test.services.builders.TestFRBusinessBuilder
[INFO] Tests run: 1, Failures: 0, Errors: 0, Skipped: 0, Time elapsed: 0.053 s - in com.premiumminds.billy.france.test.services.builders.TestFRBusinessBuilder
[INFO] 
[INFO] Results:
[INFO] 
[WARNING] Tests run: 80, Failures: 0, Errors: 0, Skipped: 4
[INFO] 
[INFO] ------------------------------------------------------------------------
[INFO] Reactor Summary for billy 6.0.0-SNAPSHOT:
[INFO] 
[INFO] billy .............................................. SUCCESS [  0.752 s]
[INFO] billy core ......................................... SUCCESS [  7.550 s]
[INFO] billy core JPA ..................................... SUCCESS [  9.012 s]
[INFO] billy GIN .......................................... SUCCESS [  0.503 s]
[INFO] billy portugal (PT Pack) ........................... SUCCESS [01:22 min]
[INFO] billy spain (ES Pack) .............................. SUCCESS [01:07 min]
[INFO] billy france (FR Pack) ............................. SUCCESS [01:04 min]
[INFO] ------------------------------------------------------------------------
[INFO] BUILD SUCCESS
[INFO] ------------------------------------------------------------------------
[INFO] Total time:  03:53 min
[INFO] Finished at: 2024-09-04T18:11:24Z
[INFO] ------------------------------------------------------------------------
[WARNING] 
[WARNING] Plugin validation issues were detected in 7 plugin(s)
[WARNING] 
[WARNING]  * org.apache.maven.plugins:maven-compiler-plugin:3.10.1
[WARNING]  * org.codehaus.mojo:build-helper-maven-plugin:3.3.0
[WARNING]  * org.apache.maven.plugins:maven-surefire-plugin:2.22.2
[WARNING]  * org.jvnet.jaxb2.maven2:maven-jaxb2-plugin:0.15.1
[WARNING]  * org.apache.maven.plugins:maven-resources-plugin:3.3.0
[WARNING]  * com.mycila:license-maven-plugin:4.1
[WARNING]  * com.mysema.maven:apt-maven-plugin:1.1.3
[WARNING] 
[WARNING] For more or less details, use 'maven.plugin.validation' property with one of the values (case insensitive): [BRIEF, DEFAULT, VERBOSE]
[WARNING] 
