[INFO] Scanning for projects...
[INFO] ------------------------------------------------------------------------
[INFO] Reactor Build Order:
[INFO] 
[INFO] billy                                                              [pom]
[INFO] billy core                                                         [jar]
[INFO] billy core JPA                                                     [jar]
[INFO] billy GIN                                                          [jar]
[INFO] billy portugal (PT Pack)                                           [jar]
[INFO] billy spain (ES Pack)                                              [jar]
[INFO] billy france (FR Pack)                                             [jar]
[INFO] 
[INFO] -----------------------< com.premiumminds:billy >-----------------------
[INFO] Building billy 6.0.0-SNAPSHOT                                      [1/7]
[INFO]   from pom.xml
[INFO] --------------------------------[ pom ]---------------------------------
[INFO] 
[INFO] --- clean:3.2.0:clean (default-clean) @ billy ---
[INFO] 
[INFO] --- license:4.1:format (format-headers) @ billy ---
[INFO] Updating license headers...
[INFO] 
[INFO] --------------------< com.premiumminds:billy-core >---------------------
[INFO] Building billy core 6.0.0-SNAPSHOT                                 [2/7]
[INFO]   from billy-core/pom.xml
[INFO] --------------------------------[ jar ]---------------------------------
[INFO] 
[INFO] --- clean:3.2.0:clean (default-clean) @ billy-core ---
[INFO] Deleting /billy/billy-core/target
[INFO] 
[INFO] --- resources:3.3.0:resources (default-resources) @ billy-core ---
[INFO] Copying 5 resources
[INFO] 
[INFO] --- compiler:3.10.1:compile (default-compile) @ billy-core ---
[INFO] Changes detected - recompiling the module!
[INFO] Compiling 126 source files to /billy/billy-core/target/classes
[INFO] /billy/billy-core/src/main/java/com/premiumminds/billy/core/services/builders/impl/AbstractBuilder.java: Some input files use unchecked or unsafe operations.
[INFO] /billy/billy-core/src/main/java/com/premiumminds/billy/core/services/builders/impl/AbstractBuilder.java: Recompile with -Xlint:unchecked for details.
[INFO] 
[INFO] --- license:4.1:format (format-headers) @ billy-core ---
[INFO] Updating license headers...
[INFO] 
[INFO] --- resources:3.3.0:testResources (default-testResources) @ billy-core ---
[INFO] Copying 19 resources
[INFO] 
[INFO] --- compiler:3.10.1:testCompile (default-testCompile) @ billy-core ---
[INFO] Changes detected - recompiling the module!
[INFO] Compiling 35 source files to /billy/billy-core/target/test-classes
[INFO] /billy/billy-core/src/test/java/com/premiumminds/billy/core/test/fixtures/MockContextEntity.java: Some input files use unchecked or unsafe operations.
[INFO] /billy/billy-core/src/test/java/com/premiumminds/billy/core/test/fixtures/MockContextEntity.java: Recompile with -Xlint:unchecked for details.
[INFO] 
[INFO] --- surefire:2.22.2:test (default-test) @ billy-core ---
[INFO] 
[INFO] -------------------------------------------------------
[INFO]  T E S T S
[INFO] -------------------------------------------------------
[INFO] Running com.premiumminds.billy.core.test.services.builders.TestShippingPointBuilder
[INFO] Tests run: 1, Failures: 0, Errors: 0, Skipped: 0, Time elapsed: 1.341 s - in com.premiumminds.billy.core.test.services.builders.TestShippingPointBuilder
[INFO] Running com.premiumminds.billy.core.test.services.builders.TestApplicationBuilder
[INFO] Tests run: 1, Failures: 0, Errors: 0, Skipped: 0, Time elapsed: 0.049 s - in com.premiumminds.billy.core.test.services.builders.TestApplicationBuilder
[INFO] Running com.premiumminds.billy.core.test.services.builders.TestGenericInvoiceEntryBuilder
[INFO] Tests run: 1, Failures: 0, Errors: 0, Skipped: 0, Time elapsed: 0.084 s - in com.premiumminds.billy.core.test.services.builders.TestGenericInvoiceEntryBuilder
[INFO] Running com.premiumminds.billy.core.test.services.builders.TestContactBuilder
[INFO] Tests run: 1, Failures: 0, Errors: 0, Skipped: 0, Time elapsed: 0.021 s - in com.premiumminds.billy.core.test.services.builders.TestContactBuilder
[INFO] Running com.premiumminds.billy.core.test.services.builders.TestBankAccountBuilder
[INFO] Tests run: 1, Failures: 0, Errors: 0, Skipped: 0, Time elapsed: 0.014 s - in com.premiumminds.billy.core.test.services.builders.TestBankAccountBuilder
[INFO] Running com.premiumminds.billy.core.test.services.builders.TestProductBuilder
[INFO] Tests run: 1, Failures: 0, Errors: 0, Skipped: 0, Time elapsed: 0.023 s - in com.premiumminds.billy.core.test.services.builders.TestProductBuilder
[INFO] Running com.premiumminds.billy.core.test.services.builders.TestGenericInvoiceBuilder
[INFO] Tests run: 1, Failures: 0, Errors: 0, Skipped: 0, Time elapsed: 0.099 s - in com.premiumminds.billy.core.test.services.builders.TestGenericInvoiceBuilder
[INFO] Running com.premiumminds.billy.core.test.services.builders.TestGenericInvoiceEntryOperations
[INFO] Tests run: 1, Failures: 0, Errors: 0, Skipped: 0, Time elapsed: 0.023 s - in com.premiumminds.billy.core.test.services.builders.TestGenericInvoiceEntryOperations
[INFO] Running com.premiumminds.billy.core.test.services.builders.TestBusinessBuilder
[INFO] Tests run: 1, Failures: 0, Errors: 0, Skipped: 0, Time elapsed: 0.048 s - in com.premiumminds.billy.core.test.services.builders.TestBusinessBuilder
[INFO] Running com.premiumminds.billy.core.test.services.builders.TestPaymentBuilder
[INFO] Tests run: 1, Failures: 0, Errors: 0, Skipped: 0, Time elapsed: 0.016 s - in com.premiumminds.billy.core.test.services.builders.TestPaymentBuilder
[INFO] Running com.premiumminds.billy.core.test.services.builders.TestAddressBuilder
[INFO] Tests run: 1, Failures: 0, Errors: 0, Skipped: 0, Time elapsed: 0.016 s - in com.premiumminds.billy.core.test.services.builders.TestAddressBuilder
[INFO] Running com.premiumminds.billy.core.test.services.builders.TestGenericInvoiceOperations
[INFO] Tests run: 4, Failures: 0, Errors: 0, Skipped: 0, Time elapsed: 0.235 s - in com.premiumminds.billy.core.test.services.builders.TestGenericInvoiceOperations
[INFO] Running com.premiumminds.billy.core.test.services.builders.TestTicketBuilder
[INFO] Tests run: 1, Failures: 0, Errors: 0, Skipped: 0, Time elapsed: 0.013 s - in com.premiumminds.billy.core.test.services.builders.TestTicketBuilder
[INFO] Running com.premiumminds.billy.core.test.services.builders.TestSupplierBuilder
[INFO] Tests run: 1, Failures: 0, Errors: 0, Skipped: 0, Time elapsed: 0.087 s - in com.premiumminds.billy.core.test.services.builders.TestSupplierBuilder
[INFO] Running com.premiumminds.billy.core.test.services.builders.TestCustomerBuilder
[INFO] Tests run: 1, Failures: 0, Errors: 0, Skipped: 0, Time elapsed: 0.02 s - in com.premiumminds.billy.core.test.services.builders.TestCustomerBuilder
[INFO] Running com.premiumminds.billy.core.test.services.builders.TestContextBuilder
[INFO] Tests run: 1, Failures: 0, Errors: 0, Skipped: 0, Time elapsed: 0.013 s - in com.premiumminds.billy.core.test.services.builders.TestContextBuilder
[INFO] Running com.premiumminds.billy.core.test.services.builders.TestTaxBuilder
[INFO] Tests run: 1, Failures: 0, Errors: 0, Skipped: 0, Time elapsed: 0.03 s - in com.premiumminds.billy.core.test.services.builders.TestTaxBuilder
[INFO] 
[INFO] Results:
[INFO] 
[INFO] Tests run: 20, Failures: 0, Errors: 0, Skipped: 0
[INFO] 
[INFO] 
[INFO] ------------------< com.premiumminds:billy-core-jpa >-------------------
[INFO] Building billy core JPA 6.0.0-SNAPSHOT                             [3/7]
[INFO]   from billy-core-jpa/pom.xml
[INFO] --------------------------------[ jar ]---------------------------------
[INFO] 
[INFO] --- clean:3.2.0:clean (default-clean) @ billy-core-jpa ---
[INFO] Deleting /billy/billy-core-jpa/target
[INFO] 
[INFO] --- apt:1.1.3:process (default) @ billy-core-jpa ---
[INFO] 
[INFO] --- resources:3.3.0:resources (default-resources) @ billy-core-jpa ---
[INFO] Copying 1 resource
[INFO] 
[INFO] --- compiler:3.10.1:compile (default-compile) @ billy-core-jpa ---
[INFO] Changes detected - recompiling the module!
[INFO] Compiling 55 source files to /billy/billy-core-jpa/target/classes
[INFO] /billy/billy-core-jpa/src/main/java/com/premiumminds/billy/core/persistence/entities/jpa/JPASupplierEntity.java: Some input files use unchecked or unsafe operations.
[INFO] /billy/billy-core-jpa/src/main/java/com/premiumminds/billy/core/persistence/entities/jpa/JPASupplierEntity.java: Recompile with -Xlint:unchecked for details.
[INFO] 
[INFO] --- license:4.1:format (format-headers) @ billy-core-jpa ---
[INFO] Updating license headers...
[INFO] 
[INFO] --- resources:3.3.0:testResources (default-testResources) @ billy-core-jpa ---
[INFO] Copying 1 resource
[INFO] 
[INFO] --- compiler:3.10.1:testCompile (default-testCompile) @ billy-core-jpa ---
[INFO] Changes detected - recompiling the module!
[INFO] Compiling 2 source files to /billy/billy-core-jpa/target/test-classes
[INFO] 
[INFO] --- surefire:2.22.2:test (default-test) @ billy-core-jpa ---
[INFO] 
[INFO] -------------------------------------------------------
[INFO]  T E S T S
[INFO] -------------------------------------------------------
[INFO] Running com.premiumminds.billy.core.jpa.GenericTest
SLF4J: Failed to load class "org.slf4j.impl.StaticLoggerBinder".
SLF4J: Defaulting to no-operation (NOP) logger implementation
SLF4J: See http://www.slf4j.org/codes.html#StaticLoggerBinder for further details.
[INFO] Tests run: 1, Failures: 0, Errors: 0, Skipped: 0, Time elapsed: 5.536 s - in com.premiumminds.billy.core.jpa.GenericTest
[INFO] 
[INFO] Results:
[INFO] 
[INFO] Tests run: 1, Failures: 0, Errors: 0, Skipped: 0
[INFO] 
[INFO] 
[INFO] ---------------------< com.premiumminds:billy-gin >---------------------
[INFO] Building billy GIN 6.0.0-SNAPSHOT                                  [4/7]
[INFO]   from billy-gin/pom.xml
[INFO] --------------------------------[ jar ]---------------------------------
[INFO] 
[INFO] --- clean:3.2.0:clean (default-clean) @ billy-gin ---
[INFO] Deleting /billy/billy-gin/target
[INFO] 
[INFO] --- resources:3.3.0:resources (default-resources) @ billy-gin ---
[INFO] Copying 0 resource
[INFO] 
[INFO] --- compiler:3.10.1:compile (default-compile) @ billy-gin ---
[INFO] Changes detected - recompiling the module!
[INFO] Compiling 25 source files to /billy/billy-gin/target/classes
[INFO] /billy/billy-gin/src/main/java/com/premiumminds/billy/gin/services/impl/pdf/FOPPDFTransformer.java: /billy/billy-gin/src/main/java/com/premiumminds/billy/gin/services/impl/pdf/FOPPDFTransformer.java uses or overrides a deprecated API.
[INFO] /billy/billy-gin/src/main/java/com/premiumminds/billy/gin/services/impl/pdf/FOPPDFTransformer.java: Recompile with -Xlint:deprecation for details.
[INFO] -------------------------------------------------------------
[ERROR] COMPILATION ERROR : 
[INFO] -------------------------------------------------------------
[ERROR] /billy/billy-gin/src/main/java/com/premiumminds/billy/gin/services/impl/pdf/FOPPDFTransformer.java:[115,43] no suitable method found for newInstance(no arguments)
    method org.apache.fop.apps.FopFactory.newInstance(org.apache.fop.apps.FopFactoryConfig) is not applicable
      (actual and formal argument lists differ in length)
    method org.apache.fop.apps.FopFactory.newInstance(java.io.File) is not applicable
      (actual and formal argument lists differ in length)
    method org.apache.fop.apps.FopFactory.newInstance(java.net.URI) is not applicable
      (actual and formal argument lists differ in length)
    method org.apache.fop.apps.FopFactory.newInstance(java.net.URI,java.io.InputStream) is not applicable
      (actual and formal argument lists differ in length)
[INFO] 1 error
[INFO] -------------------------------------------------------------
[INFO] ------------------------------------------------------------------------
[INFO] Reactor Summary for billy 6.0.0-SNAPSHOT:
[INFO] 
[INFO] billy .............................................. SUCCESS [  0.780 s]
[INFO] billy core ......................................... SUCCESS [  7.322 s]
[INFO] billy core JPA ..................................... SUCCESS [  8.968 s]
[INFO] billy GIN .......................................... FAILURE [  0.397 s]
[INFO] billy portugal (PT Pack) ........................... SKIPPED
[INFO] billy spain (ES Pack) .............................. SKIPPED
[INFO] billy france (FR Pack) ............................. SKIPPED
[INFO] ------------------------------------------------------------------------
[INFO] BUILD FAILURE
[INFO] ------------------------------------------------------------------------
[INFO] Total time:  17.686 s
[INFO] Finished at: 2024-09-04T18:07:28Z
[INFO] ------------------------------------------------------------------------
[WARNING] 
[WARNING] Plugin validation issues were detected in 5 plugin(s)
[WARNING] 
[WARNING]  * org.apache.maven.plugins:maven-compiler-plugin:3.10.1
[WARNING]  * org.apache.maven.plugins:maven-surefire-plugin:2.22.2
[WARNING]  * org.apache.maven.plugins:maven-resources-plugin:3.3.0
[WARNING]  * com.mycila:license-maven-plugin:4.1
[WARNING]  * com.mysema.maven:apt-maven-plugin:1.1.3
[WARNING] 
[WARNING] For more or less details, use 'maven.plugin.validation' property with one of the values (case insensitive): [BRIEF, DEFAULT, VERBOSE]
[WARNING] 
[ERROR] Failed to execute goal org.apache.maven.plugins:maven-compiler-plugin:3.10.1:compile (default-compile) on project billy-gin: Compilation failure
[ERROR] /billy/billy-gin/src/main/java/com/premiumminds/billy/gin/services/impl/pdf/FOPPDFTransformer.java:[115,43] no suitable method found for newInstance(no arguments)
[ERROR]     method org.apache.fop.apps.FopFactory.newInstance(org.apache.fop.apps.FopFactoryConfig) is not applicable
[ERROR]       (actual and formal argument lists differ in length)
[ERROR]     method org.apache.fop.apps.FopFactory.newInstance(java.io.File) is not applicable
[ERROR]       (actual and formal argument lists differ in length)
[ERROR]     method org.apache.fop.apps.FopFactory.newInstance(java.net.URI) is not applicable
[ERROR]       (actual and formal argument lists differ in length)
[ERROR]     method org.apache.fop.apps.FopFactory.newInstance(java.net.URI,java.io.InputStream) is not applicable
[ERROR]       (actual and formal argument lists differ in length)
[ERROR] -> [Help 1]
[ERROR] 
[ERROR] To see the full stack trace of the errors, re-run Maven with the -e switch.
[ERROR] Re-run Maven using the -X switch to enable full debug logging.
[ERROR] 
[ERROR] For more information about the errors and possible solutions, please read the following articles:
[ERROR] [Help 1] http://cwiki.apache.org/confluence/display/MAVEN/MojoFailureException
[ERROR] 
[ERROR] After correcting the problems, you can resume the build with the command
[ERROR]   mvn <args> -rf :billy-gin
