[INFO] Scanning for projects...
[INFO] ------------------------------------------------------------------------
[INFO] Reactor Build Order:
[INFO] 
[INFO] junit-quickcheck                                                   [pom]
[INFO] junit-quickcheck-core                                              [jar]
[INFO] junit-quickcheck-generators                                        [jar]
[INFO] junit-quickcheck-guava                                             [jar]
[INFO] junit-quickcheck-examples                                          [jar]
[INFO] 
[INFO] --------------------< com.pholser:junit-quickcheck >--------------------
[INFO] Building junit-quickcheck 1.1-SNAPSHOT                             [1/5]
[INFO]   from pom.xml
[INFO] --------------------------------[ pom ]---------------------------------
[INFO] 
[INFO] --- clean:3.2.0:clean (default-clean) @ junit-quickcheck ---
[INFO] 
[INFO] --- enforcer:1.2:enforce (enforce-maven) @ junit-quickcheck ---
[INFO] 
[INFO] -----------------< com.pholser:junit-quickcheck-core >------------------
[INFO] Building junit-quickcheck-core 1.1-SNAPSHOT                        [2/5]
[INFO]   from core/pom.xml
[INFO] --------------------------------[ jar ]---------------------------------
[INFO] 
[INFO] --- clean:3.2.0:clean (default-clean) @ junit-quickcheck-core ---
[INFO] Deleting /junit-quickcheck/core/target
[INFO] 
[INFO] --- enforcer:1.2:enforce (enforce-maven) @ junit-quickcheck-core ---
[INFO] 
[INFO] --- jacoco:0.8.7:prepare-agent (default-prepare-agent) @ junit-quickcheck-core ---
[INFO] argLine set to -javaagent:/root/.m2/repository/org/jacoco/org.jacoco.agent/0.8.7/org.jacoco.agent-0.8.7-runtime.jar=destfile=/junit-quickcheck/core/target/jacoco.exec
[INFO] 
[INFO] --- resources:3.3.0:resources (default-resources) @ junit-quickcheck-core ---
[INFO] Copying 1 resource
[INFO] 
[INFO] --- compiler:3.8.1:compile (default-compile) @ junit-quickcheck-core ---
[INFO] Changes detected - recompiling the module!
[INFO] Compiling 73 source files to /junit-quickcheck/core/target/classes
[INFO] /junit-quickcheck/core/src/main/java/com/pholser/junit/quickcheck/internal/Reflection.java: Some input files use or override a deprecated API.
[INFO] /junit-quickcheck/core/src/main/java/com/pholser/junit/quickcheck/internal/Reflection.java: Recompile with -Xlint:deprecation for details.
[INFO] /junit-quickcheck/core/src/main/java/com/pholser/junit/quickcheck/generator/Generators.java: Some input files use unchecked or unsafe operations.
[INFO] /junit-quickcheck/core/src/main/java/com/pholser/junit/quickcheck/generator/Generators.java: Recompile with -Xlint:unchecked for details.
[INFO] 
[INFO] >>> pmd:3.15.0:cpd-check (default) > :cpd @ junit-quickcheck-core >>>
[INFO] 
[INFO] --- pmd:3.15.0:cpd (cpd) @ junit-quickcheck-core ---
[WARNING] Unable to locate Source XRef to link to - DISABLED
[WARNING] Unable to locate Source XRef to link to - DISABLED
[INFO] PMD version: 6.38.0
[INFO] 
[INFO] <<< pmd:3.15.0:cpd-check (default) < :cpd @ junit-quickcheck-core <<<
[INFO] 
[INFO] 
[INFO] --- pmd:3.15.0:cpd-check (default) @ junit-quickcheck-core ---
[INFO] PMD version: 6.38.0
[INFO] 
[INFO] 
[INFO] --- resources:3.3.0:testResources (default-testResources) @ junit-quickcheck-core ---
[INFO] Copying 4 resources
[INFO] 
[INFO] --- compiler:3.8.1:testCompile (default-testCompile) @ junit-quickcheck-core ---
[INFO] Changes detected - recompiling the module!
[INFO] Compiling 128 source files to /junit-quickcheck/core/target/test-classes
[INFO] /junit-quickcheck/core/src/test/java/com/pholser/junit/quickcheck/internal/ListsTest.java: /junit-quickcheck/core/src/test/java/com/pholser/junit/quickcheck/internal/ListsTest.java uses unchecked or unsafe operations.
[INFO] /junit-quickcheck/core/src/test/java/com/pholser/junit/quickcheck/internal/ListsTest.java: Recompile with -Xlint:unchecked for details.
[INFO] 
[INFO] --- surefire:3.0.0-M5:test (default-test) @ junit-quickcheck-core ---
[INFO] Downloading from central: https://repo.maven.apache.org/maven2/org/apache/maven/surefire/surefire-junit47/3.0.0-M5/surefire-junit47-3.0.0-M5.pom
[INFO] Downloaded from central: https://repo.maven.apache.org/maven2/org/apache/maven/surefire/surefire-junit47/3.0.0-M5/surefire-junit47-3.0.0-M5.pom (8.3 kB at 21 kB/s)
[INFO] Downloading from central: https://repo.maven.apache.org/maven2/org/apache/maven/surefire/surefire-providers/3.0.0-M5/surefire-providers-3.0.0-M5.pom
[INFO] Downloaded from central: https://repo.maven.apache.org/maven2/org/apache/maven/surefire/surefire-providers/3.0.0-M5/surefire-providers-3.0.0-M5.pom (2.5 kB at 211 kB/s)
[INFO] Downloading from central: https://repo.maven.apache.org/maven2/org/apache/maven/surefire/common-junit48/3.0.0-M5/common-junit48-3.0.0-M5.pom
[INFO] Downloaded from central: https://repo.maven.apache.org/maven2/org/apache/maven/surefire/common-junit48/3.0.0-M5/common-junit48-3.0.0-M5.pom (8.0 kB at 349 kB/s)
[INFO] Downloading from central: https://repo.maven.apache.org/maven2/org/apache/maven/surefire/common-junit4/3.0.0-M5/common-junit4-3.0.0-M5.pom
[INFO] Downloaded from central: https://repo.maven.apache.org/maven2/org/apache/maven/surefire/common-junit4/3.0.0-M5/common-junit4-3.0.0-M5.pom (2.9 kB at 227 kB/s)
[INFO] Downloading from central: https://repo.maven.apache.org/maven2/org/apache/maven/surefire/common-junit3/3.0.0-M5/common-junit3-3.0.0-M5.pom
[INFO] Downloaded from central: https://repo.maven.apache.org/maven2/org/apache/maven/surefire/common-junit3/3.0.0-M5/common-junit3-3.0.0-M5.pom (2.6 kB at 186 kB/s)
[INFO] Downloading from central: https://repo.maven.apache.org/maven2/org/apache/maven/surefire/surefire-api/3.0.0-M5/surefire-api-3.0.0-M5.pom
[INFO] Downloaded from central: https://repo.maven.apache.org/maven2/org/apache/maven/surefire/surefire-api/3.0.0-M5/surefire-api-3.0.0-M5.pom (3.2 kB at 322 kB/s)
[INFO] Downloading from central: https://repo.maven.apache.org/maven2/org/apache/maven/surefire/surefire-logger-api/3.0.0-M5/surefire-logger-api-3.0.0-M5.pom
[INFO] Downloaded from central: https://repo.maven.apache.org/maven2/org/apache/maven/surefire/surefire-logger-api/3.0.0-M5/surefire-logger-api-3.0.0-M5.pom (3.7 kB at 411 kB/s)
[INFO] Downloading from central: https://repo.maven.apache.org/maven2/org/apache/maven/surefire/surefire-shared-utils/3.0.0-M4/surefire-shared-utils-3.0.0-M4.pom
[INFO] Downloaded from central: https://repo.maven.apache.org/maven2/org/apache/maven/surefire/surefire-shared-utils/3.0.0-M4/surefire-shared-utils-3.0.0-M4.pom (3.9 kB at 355 kB/s)
[INFO] Downloading from central: https://repo.maven.apache.org/maven2/org/apache/maven/surefire/surefire/3.0.0-M4/surefire-3.0.0-M4.pom
[INFO] Downloaded from central: https://repo.maven.apache.org/maven2/org/apache/maven/surefire/surefire/3.0.0-M4/surefire-3.0.0-M4.pom (27 kB at 1.6 MB/s)
[INFO] Downloading from central: https://repo.maven.apache.org/maven2/org/apache/maven/surefire/common-java5/3.0.0-M5/common-java5-3.0.0-M5.pom
[INFO] Downloaded from central: https://repo.maven.apache.org/maven2/org/apache/maven/surefire/common-java5/3.0.0-M5/common-java5-3.0.0-M5.pom (2.6 kB at 262 kB/s)
[INFO] Downloading from central: https://repo.maven.apache.org/maven2/org/apache/maven/surefire/surefire-grouper/3.0.0-M5/surefire-grouper-3.0.0-M5.pom
[INFO] Downloaded from central: https://repo.maven.apache.org/maven2/org/apache/maven/surefire/surefire-grouper/3.0.0-M5/surefire-grouper-3.0.0-M5.pom (3.1 kB at 311 kB/s)
[INFO] Downloading from central: https://repo.maven.apache.org/maven2/org/apache/maven/surefire/maven-surefire-common/3.0.0-M5/maven-surefire-common-3.0.0-M5.pom
[INFO] Downloaded from central: https://repo.maven.apache.org/maven2/org/apache/maven/surefire/maven-surefire-common/3.0.0-M5/maven-surefire-common-3.0.0-M5.pom (9.6 kB at 877 kB/s)
[INFO] Downloading from central: https://repo.maven.apache.org/maven2/org/apache/maven/surefire/surefire-extensions-api/3.0.0-M5/surefire-extensions-api-3.0.0-M5.pom
[INFO] Downloaded from central: https://repo.maven.apache.org/maven2/org/apache/maven/surefire/surefire-extensions-api/3.0.0-M5/surefire-extensions-api-3.0.0-M5.pom (4.0 kB at 449 kB/s)
[INFO] Downloading from central: https://repo.maven.apache.org/maven2/org/apache/maven/surefire/surefire-booter/3.0.0-M5/surefire-booter-3.0.0-M5.pom
[INFO] Downloaded from central: https://repo.maven.apache.org/maven2/org/apache/maven/surefire/surefire-booter/3.0.0-M5/surefire-booter-3.0.0-M5.pom (4.8 kB at 484 kB/s)
[INFO] Downloading from central: https://repo.maven.apache.org/maven2/org/apache/maven/surefire/surefire-extensions-spi/3.0.0-M5/surefire-extensions-spi-3.0.0-M5.pom
[INFO] Downloaded from central: https://repo.maven.apache.org/maven2/org/apache/maven/surefire/surefire-extensions-spi/3.0.0-M5/surefire-extensions-spi-3.0.0-M5.pom (1.6 kB at 180 kB/s)
[INFO] Downloading from central: https://repo.maven.apache.org/maven2/org/apache/maven/maven-toolchain/3.0-alpha-2/maven-toolchain-3.0-alpha-2.pom
[INFO] Downloaded from central: https://repo.maven.apache.org/maven2/org/apache/maven/maven-toolchain/3.0-alpha-2/maven-toolchain-3.0-alpha-2.pom (2.2 kB at 279 kB/s)
[INFO] Downloading from central: https://repo.maven.apache.org/maven2/org/apache/maven/maven/3.0-alpha-2/maven-3.0-alpha-2.pom
[INFO] Downloaded from central: https://repo.maven.apache.org/maven2/org/apache/maven/maven/3.0-alpha-2/maven-3.0-alpha-2.pom (21 kB at 2.1 MB/s)
[INFO] Downloading from central: https://repo.maven.apache.org/maven2/org/codehaus/plexus/plexus-java/1.0.5/plexus-java-1.0.5.pom
[INFO] Downloaded from central: https://repo.maven.apache.org/maven2/org/codehaus/plexus/plexus-java/1.0.5/plexus-java-1.0.5.pom (4.6 kB at 512 kB/s)
[INFO] Downloading from central: https://repo.maven.apache.org/maven2/org/codehaus/plexus/plexus-languages/1.0.5/plexus-languages-1.0.5.pom
[INFO] Downloaded from central: https://repo.maven.apache.org/maven2/org/codehaus/plexus/plexus-languages/1.0.5/plexus-languages-1.0.5.pom (3.9 kB at 434 kB/s)
[INFO] Downloading from central: https://repo.maven.apache.org/maven2/org/codehaus/plexus/plexus/6.2/plexus-6.2.pom
[INFO] Downloaded from central: https://repo.maven.apache.org/maven2/org/codehaus/plexus/plexus/6.2/plexus-6.2.pom (24 kB at 2.0 MB/s)
[INFO] Downloading from central: https://repo.maven.apache.org/maven2/org/ow2/asm/asm/7.2/asm-7.2.pom
[INFO] Downloaded from central: https://repo.maven.apache.org/maven2/org/ow2/asm/asm/7.2/asm-7.2.pom (2.9 kB at 196 kB/s)
[INFO] Downloading from central: https://repo.maven.apache.org/maven2/org/apache/maven/surefire/surefire-junit47/3.0.0-M5/surefire-junit47-3.0.0-M5.jar
[INFO] Downloaded from central: https://repo.maven.apache.org/maven2/org/apache/maven/surefire/surefire-junit47/3.0.0-M5/surefire-junit47-3.0.0-M5.jar (91 kB at 5.7 MB/s)
[INFO] Downloading from central: https://repo.maven.apache.org/maven2/org/apache/maven/surefire/common-junit48/3.0.0-M5/common-junit48-3.0.0-M5.jar
[INFO] Downloading from central: https://repo.maven.apache.org/maven2/org/apache/maven/surefire/common-junit4/3.0.0-M5/common-junit4-3.0.0-M5.jar
[INFO] Downloading from central: https://repo.maven.apache.org/maven2/org/apache/maven/surefire/common-junit3/3.0.0-M5/common-junit3-3.0.0-M5.jar
[INFO] Downloading from central: https://repo.maven.apache.org/maven2/org/apache/maven/surefire/common-java5/3.0.0-M5/common-java5-3.0.0-M5.jar
[INFO] Downloading from central: https://repo.maven.apache.org/maven2/org/apache/maven/surefire/surefire-grouper/3.0.0-M5/surefire-grouper-3.0.0-M5.jar
[INFO] Downloaded from central: https://repo.maven.apache.org/maven2/org/apache/maven/surefire/common-junit48/3.0.0-M5/common-junit48-3.0.0-M5.jar (22 kB at 979 kB/s)
[INFO] Downloading from central: https://repo.maven.apache.org/maven2/org/apache/maven/surefire/surefire-api/3.0.0-M5/surefire-api-3.0.0-M5.jar
[INFO] Downloaded from central: https://repo.maven.apache.org/maven2/org/apache/maven/surefire/surefire-api/3.0.0-M5/surefire-api-3.0.0-M5.jar (144 kB at 1.9 MB/s)
[INFO] Downloading from central: https://repo.maven.apache.org/maven2/org/apache/maven/surefire/surefire-logger-api/3.0.0-M5/surefire-logger-api-3.0.0-M5.jar
[INFO] Downloaded from central: https://repo.maven.apache.org/maven2/org/apache/maven/surefire/common-junit4/3.0.0-M5/common-junit4-3.0.0-M5.jar (25 kB at 296 kB/s)
[INFO] Downloading from central: https://repo.maven.apache.org/maven2/org/apache/maven/surefire/maven-surefire-common/3.0.0-M5/maven-surefire-common-3.0.0-M5.jar
[INFO] Downloaded from central: https://repo.maven.apache.org/maven2/org/apache/maven/surefire/surefire-logger-api/3.0.0-M5/surefire-logger-api-3.0.0-M5.jar (14 kB at 150 kB/s)
[INFO] Downloading from central: https://repo.maven.apache.org/maven2/org/apache/maven/surefire/surefire-extensions-api/3.0.0-M5/surefire-extensions-api-3.0.0-M5.jar
[INFO] Downloaded from central: https://repo.maven.apache.org/maven2/org/apache/maven/surefire/common-junit3/3.0.0-M5/common-junit3-3.0.0-M5.jar (12 kB at 123 kB/s)
[INFO] Downloading from central: https://repo.maven.apache.org/maven2/org/apache/maven/surefire/surefire-booter/3.0.0-M5/surefire-booter-3.0.0-M5.jar
[INFO] Downloaded from central: https://repo.maven.apache.org/maven2/org/apache/maven/surefire/surefire-extensions-api/3.0.0-M5/surefire-extensions-api-3.0.0-M5.jar (24 kB at 187 kB/s)
[INFO] Downloading from central: https://repo.maven.apache.org/maven2/org/apache/maven/surefire/surefire-extensions-spi/3.0.0-M5/surefire-extensions-spi-3.0.0-M5.jar
[INFO] Downloaded from central: https://repo.maven.apache.org/maven2/org/apache/maven/surefire/common-java5/3.0.0-M5/common-java5-3.0.0-M5.jar (16 kB at 117 kB/s)
[INFO] Downloading from central: https://repo.maven.apache.org/maven2/org/apache/maven/maven-toolchain/3.0-alpha-2/maven-toolchain-3.0-alpha-2.jar
[INFO] Downloaded from central: https://repo.maven.apache.org/maven2/org/apache/maven/surefire/surefire-extensions-spi/3.0.0-M5/surefire-extensions-spi-3.0.0-M5.jar (7.9 kB at 55 kB/s)
[INFO] Downloading from central: https://repo.maven.apache.org/maven2/org/codehaus/plexus/plexus-java/1.0.5/plexus-java-1.0.5.jar
[INFO] Downloaded from central: https://repo.maven.apache.org/maven2/org/apache/maven/surefire/surefire-grouper/3.0.0-M5/surefire-grouper-3.0.0-M5.jar (40 kB at 264 kB/s)
[INFO] Downloading from central: https://repo.maven.apache.org/maven2/org/ow2/asm/asm/7.2/asm-7.2.jar
[INFO] Downloaded from central: https://repo.maven.apache.org/maven2/org/apache/maven/surefire/surefire-booter/3.0.0-M5/surefire-booter-3.0.0-M5.jar (106 kB at 649 kB/s)
[INFO] Downloading from central: https://repo.maven.apache.org/maven2/org/apache/maven/surefire/surefire-shared-utils/3.0.0-M4/surefire-shared-utils-3.0.0-M4.jar
[INFO] Downloaded from central: https://repo.maven.apache.org/maven2/org/codehaus/plexus/plexus-java/1.0.5/plexus-java-1.0.5.jar (52 kB at 305 kB/s)
[INFO] Downloaded from central: https://repo.maven.apache.org/maven2/org/apache/maven/surefire/maven-surefire-common/3.0.0-M5/maven-surefire-common-3.0.0-M5.jar (311 kB at 1.7 MB/s)
[INFO] Downloaded from central: https://repo.maven.apache.org/maven2/org/ow2/asm/asm/7.2/asm-7.2.jar (115 kB at 628 kB/s)
[INFO] Downloaded from central: https://repo.maven.apache.org/maven2/org/apache/maven/maven-toolchain/3.0-alpha-2/maven-toolchain-3.0-alpha-2.jar (36 kB at 164 kB/s)
[INFO] Downloaded from central: https://repo.maven.apache.org/maven2/org/apache/maven/surefire/surefire-shared-utils/3.0.0-M4/surefire-shared-utils-3.0.0-M4.jar (1.9 MB at 8.1 MB/s)
[INFO] Downloading from central: https://repo.maven.apache.org/maven2/junit/junit/4.13/junit-4.13.pom
[INFO] Downloaded from central: https://repo.maven.apache.org/maven2/junit/junit/4.13/junit-4.13.pom (25 kB at 2.8 MB/s)
[INFO] Downloading from central: https://repo.maven.apache.org/maven2/com/github/stephenc/jcip/jcip-annotations/1.0-1/jcip-annotations-1.0-1.pom
[INFO] Downloaded from central: https://repo.maven.apache.org/maven2/com/github/stephenc/jcip/jcip-annotations/1.0-1/jcip-annotations-1.0-1.pom (5.4 kB at 543 kB/s)
[INFO] Downloading from central: https://repo.maven.apache.org/maven2/org/hamcrest/hamcrest-library/1.3/hamcrest-library-1.3.pom
[INFO] Downloaded from central: https://repo.maven.apache.org/maven2/org/hamcrest/hamcrest-library/1.3/hamcrest-library-1.3.pom (820 B at 102 kB/s)
[INFO] Downloading from central: https://repo.maven.apache.org/maven2/org/easytesting/fest-assert/1.4/fest-assert-1.4.pom
[INFO] Downloaded from central: https://repo.maven.apache.org/maven2/org/easytesting/fest-assert/1.4/fest-assert-1.4.pom (2.4 kB at 264 kB/s)
[INFO] Downloading from central: https://repo.maven.apache.org/maven2/org/easytesting/fest/1.0.8/fest-1.0.8.pom
[INFO] Downloaded from central: https://repo.maven.apache.org/maven2/org/easytesting/fest/1.0.8/fest-1.0.8.pom (12 kB at 1.2 MB/s)
[INFO] Downloading from central: https://repo.maven.apache.org/maven2/org/easytesting/fest-util/1.1.6/fest-util-1.1.6.pom
[INFO] Downloaded from central: https://repo.maven.apache.org/maven2/org/easytesting/fest-util/1.1.6/fest-util-1.1.6.pom (1.6 kB at 142 kB/s)
[INFO] 
[INFO] -------------------------------------------------------
[INFO]  T E S T S
[INFO] -------------------------------------------------------
[INFO] Running com.pholser.junit.quickcheck.PropertyParameterGenerationByFieldsTest
[INFO] Tests run: 10, Failures: 0, Errors: 0, Skipped: 0, Time elapsed: 0.478 s - in com.pholser.junit.quickcheck.PropertyParameterGenerationByFieldsTest
[INFO] Running com.pholser.junit.quickcheck.PropertyExhaustiveSampleSizeTest
[INFO] Tests run: 3, Failures: 0, Errors: 0, Skipped: 0, Time elapsed: 0.018 s - in com.pholser.junit.quickcheck.PropertyExhaustiveSampleSizeTest
[INFO] Running com.pholser.junit.quickcheck.PropertiesWithExplicitGeneratorsTest
[INFO] Tests run: 26, Failures: 0, Errors: 0, Skipped: 0, Time elapsed: 0.313 s - in com.pholser.junit.quickcheck.PropertiesWithExplicitGeneratorsTest
[INFO] Running com.pholser.junit.quickcheck.MinimalCounterexampleHookTest
[INFO] Tests run: 5, Failures: 0, Errors: 0, Skipped: 0, Time elapsed: 0.057 s - in com.pholser.junit.quickcheck.MinimalCounterexampleHookTest
[INFO] Running com.pholser.junit.quickcheck.ComponentizedGeneratorsIsolateConfigurationFromComponentsTest
[INFO] Tests run: 1, Failures: 0, Errors: 0, Skipped: 0, Time elapsed: 0.01 s - in com.pholser.junit.quickcheck.ComponentizedGeneratorsIsolateConfigurationFromComponentsTest
[INFO] Running com.pholser.junit.quickcheck.PropertyTupleSampleSizeTest
[INFO] Tests run: 3, Failures: 0, Errors: 0, Skipped: 0, Time elapsed: 0.022 s - in com.pholser.junit.quickcheck.PropertyTupleSampleSizeTest
[INFO] Running com.pholser.junit.quickcheck.PropertyParameterDiscardRatioTest
[INFO] Tests run: 3, Failures: 0, Errors: 0, Skipped: 0, Time elapsed: 0.084 s - in com.pholser.junit.quickcheck.PropertyParameterDiscardRatioTest
[INFO] Running com.pholser.junit.quickcheck.PropertyParameterGenerationByConstructorTest
[INFO] Tests run: 9, Failures: 0, Errors: 0, Skipped: 0, Time elapsed: 0.082 s - in com.pholser.junit.quickcheck.PropertyParameterGenerationByConstructorTest
[INFO] Running com.pholser.junit.quickcheck.SamplingOnlyFromAGivenSetTest
[INFO] Tests run: 25, Failures: 0, Errors: 0, Skipped: 0, Time elapsed: 0.238 s - in com.pholser.junit.quickcheck.SamplingOnlyFromAGivenSetTest
[INFO] Running com.pholser.junit.quickcheck.ReproIssue175Test
[INFO] Tests run: 1, Failures: 0, Errors: 0, Skipped: 0, Time elapsed: 0.03 s - in com.pholser.junit.quickcheck.ReproIssue175Test
[INFO] Running com.pholser.junit.quickcheck.GeneratorTest
[INFO] Tests run: 3, Failures: 0, Errors: 0, Skipped: 0, Time elapsed: 0.001 s - in com.pholser.junit.quickcheck.GeneratorTest
[INFO] Running com.pholser.junit.quickcheck.ExhaustingAGivenSetButIncludingAnotherTest
[INFO] Tests run: 24, Failures: 0, Errors: 0, Skipped: 0, Time elapsed: 0.184 s - in com.pholser.junit.quickcheck.ExhaustingAGivenSetButIncludingAnotherTest
[INFO] Running com.pholser.junit.quickcheck.PropertyParameterConfigurationIsolationTest
[INFO] Tests run: 8, Failures: 0, Errors: 0, Skipped: 0, Time elapsed: 0.114 s - in com.pholser.junit.quickcheck.PropertyParameterConfigurationIsolationTest
[INFO] Running com.pholser.junit.quickcheck.LambdaPropertyParameterTypesTest
[INFO] Tests run: 1, Failures: 0, Errors: 0, Skipped: 0, Time elapsed: 0.385 s - in com.pholser.junit.quickcheck.LambdaPropertyParameterTypesTest
[INFO] Running com.pholser.junit.quickcheck.UsualJUnitMachineryOnPropertyBasedTest
[INFO] Tests run: 1, Failures: 0, Errors: 0, Skipped: 0, Time elapsed: 0.007 s - in com.pholser.junit.quickcheck.UsualJUnitMachineryOnPropertyBasedTest
[INFO] Running com.pholser.junit.quickcheck.MarkingTypeUsesOnPropertyParametersWithConfigurationTest
[INFO] Tests run: 5, Failures: 0, Errors: 0, Skipped: 0, Time elapsed: 0.025 s - in com.pholser.junit.quickcheck.MarkingTypeUsesOnPropertyParametersWithConfigurationTest
[INFO] Running com.pholser.junit.quickcheck.GenericArrayPropertyParameterTypesTest
[]
[com.pholser.junit.quickcheck.internal.Zilch@2a120c88, com.pholser.junit.quickcheck.internal.Zilch@2a120c88, com.pholser.junit.quickcheck.internal.Zilch@2a120c88, Foo[1979924789]]
[com.pholser.junit.quickcheck.internal.Zilch@2a120c88]
[Foo[825428124], Foo[-1592009273], Foo[-2141662688], Foo[-406457892]]
[com.pholser.junit.quickcheck.internal.Zilch@2a120c88, com.pholser.junit.quickcheck.internal.Zilch@2a120c88]
[INFO] Tests run: 9, Failures: 0, Errors: 0, Skipped: 0, Time elapsed: 0.027 s - in com.pholser.junit.quickcheck.GenericArrayPropertyParameterTypesTest
[INFO] Running com.pholser.junit.quickcheck.SamplingButAlsoIncludingAGivenSetTest
[INFO] Tests run: 24, Failures: 0, Errors: 0, Skipped: 0, Time elapsed: 0.175 s - in com.pholser.junit.quickcheck.SamplingButAlsoIncludingAGivenSetTest
[INFO] Running com.pholser.junit.quickcheck.random.GeneratingRandomValuesFromJavaUtilRandomCloneTest
[INFO] Tests run: 8, Failures: 0, Errors: 0, Skipped: 0, Time elapsed: 0.028 s - in com.pholser.junit.quickcheck.random.GeneratingRandomValuesFromJavaUtilRandomCloneTest
[INFO] Running com.pholser.junit.quickcheck.random.other.AccessingJDKRandomDelegateTest
[INFO] Tests run: 1, Failures: 0, Errors: 0, Skipped: 0, Time elapsed: 0 s - in com.pholser.junit.quickcheck.random.other.AccessingJDKRandomDelegateTest
[INFO] Running com.pholser.junit.quickcheck.random.GeneratingRandomValuesTest
[INFO] Tests run: 38, Failures: 0, Errors: 0, Skipped: 0, Time elapsed: 0 s - in com.pholser.junit.quickcheck.random.GeneratingRandomValuesTest
[INFO] Running com.pholser.junit.quickcheck.FilterTest
[INFO] Tests run: 2, Failures: 0, Errors: 0, Skipped: 0, Time elapsed: 0.001 s - in com.pholser.junit.quickcheck.FilterTest
[INFO] Running com.pholser.junit.quickcheck.internal.WeightedTest
[INFO] Tests run: 2, Failures: 0, Errors: 0, Skipped: 0, Time elapsed: 0.003 s - in com.pholser.junit.quickcheck.internal.WeightedTest
[INFO] Running com.pholser.junit.quickcheck.internal.FakeAnnotatedTypeFactoryUtilityClassTest
[INFO] Tests run: 1, Failures: 0, Errors: 0, Skipped: 0, Time elapsed: 0.001 s - in com.pholser.junit.quickcheck.internal.FakeAnnotatedTypeFactoryUtilityClassTest
[INFO] Running com.pholser.junit.quickcheck.internal.RangesUtilityClassTest
[INFO] Tests run: 1, Failures: 0, Errors: 0, Skipped: 0, Time elapsed: 0.001 s - in com.pholser.junit.quickcheck.internal.RangesUtilityClassTest
[INFO] Running com.pholser.junit.quickcheck.internal.ReflectionUtilityClassTest
[INFO] Tests run: 1, Failures: 0, Errors: 0, Skipped: 0, Time elapsed: 0 s - in com.pholser.junit.quickcheck.internal.ReflectionUtilityClassTest
[INFO] Running com.pholser.junit.quickcheck.internal.ListsTest
[INFO] Tests run: 9, Failures: 0, Errors: 0, Skipped: 0, Time elapsed: 1.034 s - in com.pholser.junit.quickcheck.internal.ListsTest
[INFO] Running com.pholser.junit.quickcheck.internal.ListsUtilityClassTest
[INFO] Tests run: 1, Failures: 0, Errors: 0, Skipped: 0, Time elapsed: 0.001 s - in com.pholser.junit.quickcheck.internal.ListsUtilityClassTest
[INFO] Running com.pholser.junit.quickcheck.internal.ComparablesUtilityClassTest
[INFO] Tests run: 1, Failures: 0, Errors: 0, Skipped: 0, Time elapsed: 0.001 s - in com.pholser.junit.quickcheck.internal.ComparablesUtilityClassTest
[INFO] Running com.pholser.junit.quickcheck.internal.RangesTest
[INFO] Tests run: 3, Failures: 0, Errors: 0, Skipped: 0, Time elapsed: 0.017 s - in com.pholser.junit.quickcheck.internal.RangesTest
[INFO] Running com.pholser.junit.quickcheck.internal.ItemsTest
[MockitoHint] ItemsTest.singleWeightedItem (see javadoc for MockitoHint):
[MockitoHint] 1. Unused -> at com.pholser.junit.quickcheck.internal.ItemsTest.singleWeightedItem(ItemsTest.java:68)

[INFO] Tests run: 7, Failures: 0, Errors: 0, Skipped: 0, Time elapsed: 0.032 s - in com.pholser.junit.quickcheck.internal.ItemsTest
[INFO] Running com.pholser.junit.quickcheck.internal.SequencesTest
[INFO] Tests run: 8, Failures: 0, Errors: 0, Skipped: 0, Time elapsed: 0.013 s - in com.pholser.junit.quickcheck.internal.SequencesTest
[INFO] Running com.pholser.junit.quickcheck.internal.ReflectionTest
[INFO] Tests run: 51, Failures: 0, Errors: 0, Skipped: 0, Time elapsed: 0.025 s - in com.pholser.junit.quickcheck.internal.ReflectionTest
[INFO] Running com.pholser.junit.quickcheck.internal.ComparablesTest
[INFO] Tests run: 19, Failures: 0, Errors: 0, Skipped: 0, Time elapsed: 0.001 s - in com.pholser.junit.quickcheck.internal.ComparablesTest
[INFO] Running com.pholser.junit.quickcheck.internal.GeometricDistributionTest
[INFO] Tests run: 9, Failures: 0, Errors: 0, Skipped: 0, Time elapsed: 0.003 s - in com.pholser.junit.quickcheck.internal.GeometricDistributionTest
[INFO] Running com.pholser.junit.quickcheck.internal.constraint.ConstraintEvaluatorTest
[INFO] Tests run: 5, Failures: 0, Errors: 0, Skipped: 0, Time elapsed: 0.072 s - in com.pholser.junit.quickcheck.internal.constraint.ConstraintEvaluatorTest
[INFO] Running com.pholser.junit.quickcheck.internal.generator.OneOfSetOfGeneratorsTest
[INFO] Tests run: 3, Failures: 0, Errors: 0, Skipped: 0, Time elapsed: 0.007 s - in com.pholser.junit.quickcheck.internal.generator.OneOfSetOfGeneratorsTest
[INFO] Running com.pholser.junit.quickcheck.internal.generator.MissingGeneratorForGivenTypeTest
[INFO] Tests run: 1, Failures: 0, Errors: 0, Skipped: 0, Time elapsed: 0.001 s - in com.pholser.junit.quickcheck.internal.generator.MissingGeneratorForGivenTypeTest
[INFO] Running com.pholser.junit.quickcheck.internal.generator.ConstrainingWhatGeneratorsCanAcceptCertainComponentsTest
[WARNING] Tests run: 7, Failures: 0, Errors: 0, Skipped: 1, Time elapsed: 0.022 s - in com.pholser.junit.quickcheck.internal.generator.ConstrainingWhatGeneratorsCanAcceptCertainComponentsTest
[INFO] Running com.pholser.junit.quickcheck.internal.generator.RegisteringGeneratorsForHierarchyOfArrayListTest
[WARNING] Tests run: 9, Failures: 0, Errors: 0, Skipped: 7, Time elapsed: 0.008 s - in com.pholser.junit.quickcheck.internal.generator.RegisteringGeneratorsForHierarchyOfArrayListTest
[INFO] Running com.pholser.junit.quickcheck.internal.generator.PropertyParameterGenerationContextTest
[INFO] Tests run: 1, Failures: 0, Errors: 0, Skipped: 0, Time elapsed: 0 s - in com.pholser.junit.quickcheck.internal.generator.PropertyParameterGenerationContextTest
[INFO] Running com.pholser.junit.quickcheck.internal.generator.ArrayGeneratorTest
[INFO] Tests run: 3, Failures: 0, Errors: 0, Skipped: 0, Time elapsed: 0 s - in com.pholser.junit.quickcheck.internal.generator.ArrayGeneratorTest
[INFO] Running com.pholser.junit.quickcheck.internal.generator.ExplicitGroupOfGeneratorsChosenWithEqualProbabilityTest
[MockitoHint] ExplicitGroupOfGeneratorsChosenWithEqualProbabilityTest.producesExpectedRandomValues (see javadoc for MockitoHint):
[MockitoHint] 1. Unused -> at com.pholser.junit.quickcheck.internal.generator.CorePropertyParameterTest.primeSeed(CorePropertyParameterTest.java:109)
[MockitoHint] 2. Unused -> at com.pholser.junit.quickcheck.internal.generator.CorePropertyParameterTest.primeTrials(CorePropertyParameterTest.java:103)

[MockitoHint] ExplicitGroupOfGeneratorsChosenWithEqualProbabilityTest.verifyInteractionWithRandomness (see javadoc for MockitoHint):
[MockitoHint] 1. Unused -> at com.pholser.junit.quickcheck.internal.generator.CorePropertyParameterTest.primeSeed(CorePropertyParameterTest.java:109)
[MockitoHint] 2. Unused -> at com.pholser.junit.quickcheck.internal.generator.CorePropertyParameterTest.primeTrials(CorePropertyParameterTest.java:103)

[INFO] Tests run: 2, Failures: 0, Errors: 0, Skipped: 0, Time elapsed: 0.122 s - in com.pholser.junit.quickcheck.internal.generator.ExplicitGroupOfGeneratorsChosenWithEqualProbabilityTest
[INFO] Running com.pholser.junit.quickcheck.internal.generator.RegisteringGeneratorsWithServiceLoaderTest
[WARNING] Tests run: 2, Failures: 0, Errors: 0, Skipped: 1, Time elapsed: 0.002 s - in com.pholser.junit.quickcheck.internal.generator.RegisteringGeneratorsWithServiceLoaderTest
[INFO] Running com.pholser.junit.quickcheck.internal.generator.RegisteringGeneratorsForHierarchyOfBigDecimalTest
[WARNING] Tests run: 5, Failures: 0, Errors: 0, Skipped: 1, Time elapsed: 0.002 s - in com.pholser.junit.quickcheck.internal.generator.RegisteringGeneratorsForHierarchyOfBigDecimalTest
[INFO] Running com.pholser.junit.quickcheck.internal.generator.PropertyParameterGenerationContextWithNonShrinkingGeneratorTest
[INFO] Tests run: 1, Failures: 0, Errors: 0, Skipped: 0, Time elapsed: 0.002 s - in com.pholser.junit.quickcheck.internal.generator.PropertyParameterGenerationContextWithNonShrinkingGeneratorTest
[INFO] Running com.pholser.junit.quickcheck.internal.generator.RegisterGeneratorsByConventionTest
[INFO] Tests run: 4, Failures: 0, Errors: 0, Skipped: 0, Time elapsed: 0.04 s - in com.pholser.junit.quickcheck.internal.generator.RegisterGeneratorsByConventionTest
[INFO] Running com.pholser.junit.quickcheck.internal.generator.ExplicitGroupOfGeneratorsChosenWithDiscreteProbabilityTest
[MockitoHint] ExplicitGroupOfGeneratorsChosenWithDiscreteProbabilityTest.producesExpectedRandomValues (see javadoc for MockitoHint):
[MockitoHint] 1. Unused -> at com.pholser.junit.quickcheck.internal.generator.CorePropertyParameterTest.primeSeed(CorePropertyParameterTest.java:109)
[MockitoHint] 2. Unused -> at com.pholser.junit.quickcheck.internal.generator.CorePropertyParameterTest.primeTrials(CorePropertyParameterTest.java:103)

[MockitoHint] ExplicitGroupOfGeneratorsChosenWithDiscreteProbabilityTest.verifyInteractionWithRandomness (see javadoc for MockitoHint):
[MockitoHint] 1. Unused -> at com.pholser.junit.quickcheck.internal.generator.CorePropertyParameterTest.primeSeed(CorePropertyParameterTest.java:109)
[MockitoHint] 2. Unused -> at com.pholser.junit.quickcheck.internal.generator.CorePropertyParameterTest.primeTrials(CorePropertyParameterTest.java:103)

[INFO] Tests run: 2, Failures: 0, Errors: 0, Skipped: 0, Time elapsed: 0.008 s - in com.pholser.junit.quickcheck.internal.generator.ExplicitGroupOfGeneratorsChosenWithDiscreteProbabilityTest
[INFO] Running com.pholser.junit.quickcheck.internal.generator.EnumGeneratorTest
[INFO] Tests run: 3, Failures: 0, Errors: 0, Skipped: 0, Time elapsed: 0 s - in com.pholser.junit.quickcheck.internal.generator.EnumGeneratorTest
[INFO] Running com.pholser.junit.quickcheck.internal.generator.RegisteringGeneratorsForHierarchyOfHashMapTest
[WARNING] Tests run: 5, Failures: 0, Errors: 0, Skipped: 3, Time elapsed: 0.002 s - in com.pholser.junit.quickcheck.internal.generator.RegisteringGeneratorsForHierarchyOfHashMapTest
[INFO] Running com.pholser.junit.quickcheck.internal.generator.ExplicitGeneratorsChosenWithEqualProbabilityTest
[MockitoHint] ExplicitGeneratorsChosenWithEqualProbabilityTest.producesExpectedRandomValues (see javadoc for MockitoHint):
[MockitoHint] 1. Unused -> at com.pholser.junit.quickcheck.internal.generator.CorePropertyParameterTest.primeSeed(CorePropertyParameterTest.java:109)
[MockitoHint] 2. Unused -> at com.pholser.junit.quickcheck.internal.generator.CorePropertyParameterTest.primeTrials(CorePropertyParameterTest.java:103)

[MockitoHint] ExplicitGeneratorsChosenWithEqualProbabilityTest.verifyInteractionWithRandomness (see javadoc for MockitoHint):
[MockitoHint] 1. Unused -> at com.pholser.junit.quickcheck.internal.generator.CorePropertyParameterTest.primeSeed(CorePropertyParameterTest.java:109)
[MockitoHint] 2. Unused -> at com.pholser.junit.quickcheck.internal.generator.CorePropertyParameterTest.primeTrials(CorePropertyParameterTest.java:103)

[INFO] Tests run: 2, Failures: 0, Errors: 0, Skipped: 0, Time elapsed: 0.012 s - in com.pholser.junit.quickcheck.internal.generator.ExplicitGeneratorsChosenWithEqualProbabilityTest
[INFO] Running com.pholser.junit.quickcheck.internal.generator.RegisteringGeneratorsForHierarchyOfInterfaceTest
[WARNING] Tests run: 2, Failures: 0, Errors: 0, Skipped: 1, Time elapsed: 0.002 s - in com.pholser.junit.quickcheck.internal.generator.RegisteringGeneratorsForHierarchyOfInterfaceTest
[INFO] Running com.pholser.junit.quickcheck.internal.generator.CompositeGeneratorTest
[MockitoHint] CompositeGeneratorTest.capabilityOfShrinkingDependsOnComponents (see javadoc for MockitoHint):
[MockitoHint] 1. Unused -> at com.pholser.junit.quickcheck.internal.generator.CompositeGeneratorTest.capabilityOfShrinkingDependsOnComponents(CompositeGeneratorTest.java:67)
[MockitoHint] 2. Unused -> at com.pholser.junit.quickcheck.internal.generator.CompositeGeneratorTest.capabilityOfShrinkingDependsOnComponents(CompositeGeneratorTest.java:68)

[INFO] Tests run: 3, Failures: 0, Errors: 0, Skipped: 0, Time elapsed: 0.166 s - in com.pholser.junit.quickcheck.internal.generator.CompositeGeneratorTest
[INFO] Running com.pholser.junit.quickcheck.internal.CartesianIteratorTest
[INFO] Tests run: 11, Failures: 0, Errors: 0, Skipped: 0, Time elapsed: 0.001 s - in com.pholser.junit.quickcheck.internal.CartesianIteratorTest
[INFO] Running com.pholser.junit.quickcheck.internal.SequencesUtilityClassTest
[INFO] Tests run: 1, Failures: 0, Errors: 0, Skipped: 0, Time elapsed: 0.001 s - in com.pholser.junit.quickcheck.internal.SequencesUtilityClassTest
[INFO] Running com.pholser.junit.quickcheck.internal.ItemsUtilityClassTest
[INFO] Tests run: 1, Failures: 0, Errors: 0, Skipped: 0, Time elapsed: 0 s - in com.pholser.junit.quickcheck.internal.ItemsUtilityClassTest
[INFO] Running com.pholser.junit.quickcheck.PairTest
[INFO] Tests run: 2, Failures: 0, Errors: 0, Skipped: 0, Time elapsed: 0.023 s - in com.pholser.junit.quickcheck.PairTest
[INFO] Running com.pholser.junit.quickcheck.UsualJUnitMachineryOnSubclassPropertyTest
[INFO] Tests run: 1, Failures: 0, Errors: 0, Skipped: 0, Time elapsed: 0.052 s - in com.pholser.junit.quickcheck.UsualJUnitMachineryOnSubclassPropertyTest
[INFO] Running com.pholser.junit.quickcheck.BasicCapabilitiesOfGeneratorTest
[INFO] Tests run: 6, Failures: 0, Errors: 0, Skipped: 0, Time elapsed: 0.001 s - in com.pholser.junit.quickcheck.BasicCapabilitiesOfGeneratorTest
[INFO] Running com.pholser.junit.quickcheck.UsualJUnitMachineryOnShrinkingPropertyBasedTest
[INFO] Tests run: 1, Failures: 0, Errors: 0, Skipped: 0, Time elapsed: 0 s - in com.pholser.junit.quickcheck.UsualJUnitMachineryOnShrinkingPropertyBasedTest
[INFO] Running com.pholser.junit.quickcheck.ComposedObjectsTest
[INFO] Tests run: 11, Failures: 0, Errors: 0, Skipped: 0, Time elapsed: 0.39 s - in com.pholser.junit.quickcheck.ComposedObjectsTest
[INFO] Running com.pholser.junit.quickcheck.generator.ThreeDCharArrayPropertyParameterTest
[INFO] Tests run: 2, Failures: 0, Errors: 0, Skipped: 0, Time elapsed: 0.029 s - in com.pholser.junit.quickcheck.generator.ThreeDCharArrayPropertyParameterTest
[INFO] Running com.pholser.junit.quickcheck.generator.LambdasTest
[INFO] Tests run: 5, Failures: 0, Errors: 0, Skipped: 0, Time elapsed: 0.003 s - in com.pholser.junit.quickcheck.generator.LambdasTest
[INFO] Running com.pholser.junit.quickcheck.generator.GenOneOfTest
[INFO] Tests run: 2, Failures: 0, Errors: 0, Skipped: 0, Time elapsed: 0 s - in com.pholser.junit.quickcheck.generator.GenOneOfTest
[INFO] Running com.pholser.junit.quickcheck.generator.GenerationStatusOnPropertyParametersTest
[INFO] Tests run: 6, Failures: 0, Errors: 0, Skipped: 0, Time elapsed: 0 s - in com.pholser.junit.quickcheck.generator.GenerationStatusOnPropertyParametersTest
[INFO] Running com.pholser.junit.quickcheck.generator.GenFrequencyTest
[INFO] Tests run: 1, Failures: 0, Errors: 0, Skipped: 0, Time elapsed: 0 s - in com.pholser.junit.quickcheck.generator.GenFrequencyTest
[INFO] Running com.pholser.junit.quickcheck.generator.PropertyParameterGenerationStatusTest
[INFO] Tests run: 1, Failures: 0, Errors: 0, Skipped: 0, Time elapsed: 0.003 s - in com.pholser.junit.quickcheck.generator.PropertyParameterGenerationStatusTest
[INFO] Running com.pholser.junit.quickcheck.generator.PrimitiveIntegerArrayPropertyParameterTest
[INFO] Tests run: 2, Failures: 0, Errors: 0, Skipped: 0, Time elapsed: 0.007 s - in com.pholser.junit.quickcheck.generator.PrimitiveIntegerArrayPropertyParameterTest
[INFO] Running com.pholser.junit.quickcheck.generator.SizeConstrainedPrimitiveIntegerArrayPropertyParameterTest
[INFO] Tests run: 2, Failures: 0, Errors: 0, Skipped: 0, Time elapsed: 0.01 s - in com.pholser.junit.quickcheck.generator.SizeConstrainedPrimitiveIntegerArrayPropertyParameterTest
[INFO] Running com.pholser.junit.quickcheck.generator.LambdasUtilityClassTest
[INFO] Tests run: 1, Failures: 0, Errors: 0, Skipped: 0, Time elapsed: 0 s - in com.pholser.junit.quickcheck.generator.LambdasUtilityClassTest
[INFO] Running com.pholser.junit.quickcheck.ExhaustingAGivenSetTest
[INFO] Tests run: 26, Failures: 0, Errors: 0, Skipped: 0, Time elapsed: 0.069 s - in com.pholser.junit.quickcheck.ExhaustingAGivenSetTest
[INFO] Running com.pholser.junit.quickcheck.ReproIssue240Test
[INFO] Tests run: 1, Failures: 0, Errors: 0, Skipped: 0, Time elapsed: 0.006 s - in com.pholser.junit.quickcheck.ReproIssue240Test
[INFO] Running com.pholser.junit.quickcheck.UsualJUnitMachineryOnTraitBasedPropertyTest
[INFO] Tests run: 1, Failures: 0, Errors: 0, Skipped: 0, Time elapsed: 0.114 s - in com.pholser.junit.quickcheck.UsualJUnitMachineryOnTraitBasedPropertyTest
[INFO] Running com.pholser.junit.quickcheck.ResolvingGenericPropertyParameterTypesTest
[INFO] Tests run: 4, Failures: 0, Errors: 0, Skipped: 0, Time elapsed: 0.032 s - in com.pholser.junit.quickcheck.ResolvingGenericPropertyParameterTypesTest
[INFO] Running com.pholser.junit.quickcheck.MapFlatMapTest
[INFO] Tests run: 2, Failures: 0, Errors: 0, Skipped: 0, Time elapsed: 0.001 s - in com.pholser.junit.quickcheck.MapFlatMapTest
[INFO] Running com.pholser.junit.quickcheck.PropertyParameterMarkedWithSuperfluousConfigurationTest
[INFO] Tests run: 3, Failures: 0, Errors: 0, Skipped: 0, Time elapsed: 0.014 s - in com.pholser.junit.quickcheck.PropertyParameterMarkedWithSuperfluousConfigurationTest
[INFO] Running com.pholser.junit.quickcheck.FooEqualsHashCodeTest
[WARNING] Tests run: 9, Failures: 0, Errors: 0, Skipped: 4, Time elapsed: 0.076 s - in com.pholser.junit.quickcheck.FooEqualsHashCodeTest
[INFO] Running com.pholser.junit.quickcheck.ShrinkingTest
[INFO] Tests run: 13, Failures: 0, Errors: 0, Skipped: 0, Time elapsed: 4.617 s - in com.pholser.junit.quickcheck.ShrinkingTest
[INFO] Running com.pholser.junit.quickcheck.runner.PropertyFalsifiedUtilityClassTest
[INFO] Tests run: 7, Failures: 0, Errors: 0, Skipped: 0, Time elapsed: 0.008 s - in com.pholser.junit.quickcheck.runner.PropertyFalsifiedUtilityClassTest
[INFO] Running com.pholser.junit.quickcheck.EnumPropertyParameterTypesTest
[INFO] Tests run: 2, Failures: 0, Errors: 0, Skipped: 0, Time elapsed: 0.02 s - in com.pholser.junit.quickcheck.EnumPropertyParameterTypesTest
[INFO] Running com.pholser.junit.quickcheck.TimesTest
[INFO] Tests run: 3, Failures: 0, Errors: 0, Skipped: 0, Time elapsed: 0.007 s - in com.pholser.junit.quickcheck.TimesTest
[INFO] 
[INFO] Results:
[INFO] 
[WARNING] Tests run: 510, Failures: 0, Errors: 0, Skipped: 18
[INFO] 
[INFO] 
[INFO] --------------< com.pholser:junit-quickcheck-generators >---------------
[INFO] Building junit-quickcheck-generators 1.1-SNAPSHOT                  [3/5]
[INFO]   from generators/pom.xml
[INFO] --------------------------------[ jar ]---------------------------------
[INFO] Downloading from central: https://repo.maven.apache.org/maven2/eu/somatik/serviceloader-maven-plugin/serviceloader-maven-plugin/1.4.0/serviceloader-maven-plugin-1.4.0.pom
[INFO] Downloaded from central: https://repo.maven.apache.org/maven2/eu/somatik/serviceloader-maven-plugin/serviceloader-maven-plugin/1.4.0/serviceloader-maven-plugin-1.4.0.pom (11 kB at 515 kB/s)
[INFO] Downloading from central: https://repo.maven.apache.org/maven2/eu/somatik/serviceloader-maven-plugin/serviceloader-maven-plugin/1.4.0/serviceloader-maven-plugin-1.4.0.jar
[INFO] Downloaded from central: https://repo.maven.apache.org/maven2/eu/somatik/serviceloader-maven-plugin/serviceloader-maven-plugin/1.4.0/serviceloader-maven-plugin-1.4.0.jar (14 kB at 692 kB/s)
[INFO] 
[INFO] --- clean:3.2.0:clean (default-clean) @ junit-quickcheck-generators ---
[INFO] 
[INFO] --- enforcer:1.2:enforce (enforce-maven) @ junit-quickcheck-generators ---
[INFO] 
[INFO] --- jacoco:0.8.7:prepare-agent (default-prepare-agent) @ junit-quickcheck-generators ---
[INFO] argLine set to -javaagent:/root/.m2/repository/org/jacoco/org.jacoco.agent/0.8.7/org.jacoco.agent-0.8.7-runtime.jar=destfile=/junit-quickcheck/generators/target/jacoco.exec
[INFO] 
[INFO] --- resources:3.3.0:resources (default-resources) @ junit-quickcheck-generators ---
[INFO] skip non existing resourceDirectory /junit-quickcheck/generators/src/main/resources
[INFO] 
[INFO] --- compiler:3.8.1:compile (default-compile) @ junit-quickcheck-generators ---
[INFO] Changes detected - recompiling the module!
[INFO] Compiling 76 source files to /junit-quickcheck/generators/target/classes
[INFO] 
[INFO] >>> pmd:3.15.0:cpd-check (default) > :cpd @ junit-quickcheck-generators >>>
[INFO] 
[INFO] --- pmd:3.15.0:cpd (cpd) @ junit-quickcheck-generators ---
[WARNING] Unable to locate Source XRef to link to - DISABLED
[WARNING] Unable to locate Source XRef to link to - DISABLED
[INFO] PMD version: 6.38.0
[INFO] 
[INFO] <<< pmd:3.15.0:cpd-check (default) < :cpd @ junit-quickcheck-generators <<<
[INFO] 
[INFO] 
[INFO] --- pmd:3.15.0:cpd-check (default) @ junit-quickcheck-generators ---
[INFO] PMD version: 6.38.0
[INFO] 
[INFO] 
[INFO] --- serviceloader:1.4.0:generate (default) @ junit-quickcheck-generators ---
[INFO] Downloading from central: https://repo.maven.apache.org/maven2/org/apache/maven/maven-plugin-api/3.8.1/maven-plugin-api-3.8.1.pom
[INFO] Downloaded from central: https://repo.maven.apache.org/maven2/org/apache/maven/maven-plugin-api/3.8.1/maven-plugin-api-3.8.1.pom (3.0 kB at 276 kB/s)
[INFO] Downloading from central: https://repo.maven.apache.org/maven2/org/apache/maven/maven/3.8.1/maven-3.8.1.pom
[INFO] Downloaded from central: https://repo.maven.apache.org/maven2/org/apache/maven/maven/3.8.1/maven-3.8.1.pom (26 kB at 3.3 MB/s)
[INFO] Downloading from central: https://repo.maven.apache.org/maven2/org/apache/maven/maven-model/3.8.1/maven-model-3.8.1.pom
[INFO] Downloaded from central: https://repo.maven.apache.org/maven2/org/apache/maven/maven-model/3.8.1/maven-model-3.8.1.pom (4.1 kB at 340 kB/s)
[INFO] Downloading from central: https://repo.maven.apache.org/maven2/org/codehaus/plexus/plexus-utils/3.2.1/plexus-utils-3.2.1.pom
[INFO] Downloaded from central: https://repo.maven.apache.org/maven2/org/codehaus/plexus/plexus-utils/3.2.1/plexus-utils-3.2.1.pom (5.3 kB at 445 kB/s)
[INFO] Downloading from central: https://repo.maven.apache.org/maven2/org/apache/maven/maven-artifact/3.8.1/maven-artifact-3.8.1.pom
[INFO] Downloaded from central: https://repo.maven.apache.org/maven2/org/apache/maven/maven-artifact/3.8.1/maven-artifact-3.8.1.pom (2.4 kB at 239 kB/s)
[INFO] Downloading from central: https://repo.maven.apache.org/maven2/org/eclipse/sisu/org.eclipse.sisu.plexus/0.3.4/org.eclipse.sisu.plexus-0.3.4.pom
[INFO] Downloaded from central: https://repo.maven.apache.org/maven2/org/eclipse/sisu/org.eclipse.sisu.plexus/0.3.4/org.eclipse.sisu.plexus-0.3.4.pom (4.2 kB at 417 kB/s)
[INFO] Downloading from central: https://repo.maven.apache.org/maven2/org/eclipse/sisu/sisu-plexus/0.3.4/sisu-plexus-0.3.4.pom
[INFO] Downloaded from central: https://repo.maven.apache.org/maven2/org/eclipse/sisu/sisu-plexus/0.3.4/sisu-plexus-0.3.4.pom (14 kB at 1.2 MB/s)
[INFO] Downloading from central: https://repo.maven.apache.org/maven2/org/eclipse/sisu/org.eclipse.sisu.inject/0.3.4/org.eclipse.sisu.inject-0.3.4.pom
[INFO] Downloaded from central: https://repo.maven.apache.org/maven2/org/eclipse/sisu/org.eclipse.sisu.inject/0.3.4/org.eclipse.sisu.inject-0.3.4.pom (2.6 kB at 328 kB/s)
[INFO] Downloading from central: https://repo.maven.apache.org/maven2/org/eclipse/sisu/sisu-inject/0.3.4/sisu-inject-0.3.4.pom
[INFO] Downloaded from central: https://repo.maven.apache.org/maven2/org/eclipse/sisu/sisu-inject/0.3.4/sisu-inject-0.3.4.pom (14 kB at 1.6 MB/s)
[INFO] Downloading from central: https://repo.maven.apache.org/maven2/org/codehaus/plexus/plexus-classworlds/2.5.2/plexus-classworlds-2.5.2.pom
[INFO] Downloaded from central: https://repo.maven.apache.org/maven2/org/codehaus/plexus/plexus-classworlds/2.5.2/plexus-classworlds-2.5.2.pom (7.3 kB at 913 kB/s)
[INFO] Downloading from central: https://repo.maven.apache.org/maven2/org/codehaus/plexus/plexus-utils/3.0.17/plexus-utils-3.0.17.pom
[INFO] Downloaded from central: https://repo.maven.apache.org/maven2/org/codehaus/plexus/plexus-utils/3.0.17/plexus-utils-3.0.17.pom (3.4 kB at 377 kB/s)
[INFO] Downloading from central: https://repo.maven.apache.org/maven2/org/codehaus/plexus/plexus-classworlds/2.6.0/plexus-classworlds-2.6.0.pom
[INFO] Downloaded from central: https://repo.maven.apache.org/maven2/org/codehaus/plexus/plexus-classworlds/2.6.0/plexus-classworlds-2.6.0.pom (7.9 kB at 791 kB/s)
[INFO] Downloading from central: https://repo.maven.apache.org/maven2/org/codehaus/plexus/plexus-compiler-api/2.8.8/plexus-compiler-api-2.8.8.pom
[INFO] Downloaded from central: https://repo.maven.apache.org/maven2/org/codehaus/plexus/plexus-compiler-api/2.8.8/plexus-compiler-api-2.8.8.pom (865 B at 86 kB/s)
[INFO] Downloading from central: https://repo.maven.apache.org/maven2/org/codehaus/plexus/plexus-compiler/2.8.8/plexus-compiler-2.8.8.pom
[INFO] Downloaded from central: https://repo.maven.apache.org/maven2/org/codehaus/plexus/plexus-compiler/2.8.8/plexus-compiler-2.8.8.pom (7.2 kB at 600 kB/s)
[INFO] Downloading from central: https://repo.maven.apache.org/maven2/org/codehaus/plexus/plexus-components/6.4/plexus-components-6.4.pom
[INFO] Downloaded from central: https://repo.maven.apache.org/maven2/org/codehaus/plexus/plexus-components/6.4/plexus-components-6.4.pom (2.6 kB at 189 kB/s)
[INFO] Downloading from central: https://repo.maven.apache.org/maven2/org/codehaus/plexus/plexus/6.4/plexus-6.4.pom
[INFO] Downloaded from central: https://repo.maven.apache.org/maven2/org/codehaus/plexus/plexus/6.4/plexus-6.4.pom (26 kB at 1.5 MB/s)
[INFO] Downloading from central: https://repo.maven.apache.org/maven2/org/apache/maven/maven-plugin-api/3.8.1/maven-plugin-api-3.8.1.jar
[INFO] Downloaded from central: https://repo.maven.apache.org/maven2/org/apache/maven/maven-plugin-api/3.8.1/maven-plugin-api-3.8.1.jar (47 kB at 1.5 MB/s)
[INFO] Downloading from central: https://repo.maven.apache.org/maven2/org/apache/maven/maven-model/3.8.1/maven-model-3.8.1.jar
[INFO] Downloading from central: https://repo.maven.apache.org/maven2/org/apache/maven/maven-artifact/3.8.1/maven-artifact-3.8.1.jar
[INFO] Downloading from central: https://repo.maven.apache.org/maven2/org/eclipse/sisu/org.eclipse.sisu.plexus/0.3.4/org.eclipse.sisu.plexus-0.3.4.jar
[INFO] Downloading from central: https://repo.maven.apache.org/maven2/org/eclipse/sisu/org.eclipse.sisu.inject/0.3.4/org.eclipse.sisu.inject-0.3.4.jar
[INFO] Downloading from central: https://repo.maven.apache.org/maven2/org/codehaus/plexus/plexus-classworlds/2.6.0/plexus-classworlds-2.6.0.jar
[INFO] Downloaded from central: https://repo.maven.apache.org/maven2/org/apache/maven/maven-model/3.8.1/maven-model-3.8.1.jar (215 kB at 7.2 MB/s)
[INFO] Downloading from central: https://repo.maven.apache.org/maven2/org/apache/maven/maven-project/2.2.1/maven-project-2.2.1.jar
[INFO] Downloaded from central: https://repo.maven.apache.org/maven2/org/codehaus/plexus/plexus-classworlds/2.6.0/plexus-classworlds-2.6.0.jar (53 kB at 2.9 MB/s)
[INFO] Downloading from central: https://repo.maven.apache.org/maven2/org/apache/maven/maven-settings/2.2.1/maven-settings-2.2.1.jar
[INFO] Downloaded from central: https://repo.maven.apache.org/maven2/org/apache/maven/maven-artifact/3.8.1/maven-artifact-3.8.1.jar (58 kB at 2.0 MB/s)
[INFO] Downloading from central: https://repo.maven.apache.org/maven2/org/apache/maven/maven-profile/2.2.1/maven-profile-2.2.1.jar
[INFO] Downloaded from central: https://repo.maven.apache.org/maven2/org/eclipse/sisu/org.eclipse.sisu.plexus/0.3.4/org.eclipse.sisu.plexus-0.3.4.jar (205 kB at 7.3 MB/s)
[INFO] Downloading from central: https://repo.maven.apache.org/maven2/org/apache/maven/maven-artifact-manager/2.2.1/maven-artifact-manager-2.2.1.jar
[INFO] Downloaded from central: https://repo.maven.apache.org/maven2/org/apache/maven/maven-settings/2.2.1/maven-settings-2.2.1.jar (49 kB at 1.7 MB/s)
[INFO] Downloading from central: https://repo.maven.apache.org/maven2/org/apache/maven/maven-repository-metadata/2.2.1/maven-repository-metadata-2.2.1.jar
[INFO] Downloaded from central: https://repo.maven.apache.org/maven2/org/eclipse/sisu/org.eclipse.sisu.inject/0.3.4/org.eclipse.sisu.inject-0.3.4.jar (379 kB at 11 MB/s)
[INFO] Downloading from central: https://repo.maven.apache.org/maven2/backport-util-concurrent/backport-util-concurrent/3.1/backport-util-concurrent-3.1.jar
[INFO] Downloaded from central: https://repo.maven.apache.org/maven2/org/apache/maven/maven-artifact-manager/2.2.1/maven-artifact-manager-2.2.1.jar (68 kB at 2.0 MB/s)
[INFO] Downloading from central: https://repo.maven.apache.org/maven2/org/apache/maven/maven-plugin-registry/2.2.1/maven-plugin-registry-2.2.1.jar
[INFO] Downloaded from central: https://repo.maven.apache.org/maven2/org/apache/maven/maven-profile/2.2.1/maven-profile-2.2.1.jar (35 kB at 1.0 MB/s)
[INFO] Downloading from central: https://repo.maven.apache.org/maven2/org/codehaus/plexus/plexus-interpolation/1.11/plexus-interpolation-1.11.jar
[INFO] Downloaded from central: https://repo.maven.apache.org/maven2/org/apache/maven/maven-project/2.2.1/maven-project-2.2.1.jar (156 kB at 4.5 MB/s)
[INFO] Downloading from central: https://repo.maven.apache.org/maven2/org/codehaus/plexus/plexus-compiler-api/2.8.8/plexus-compiler-api-2.8.8.jar
[INFO] Downloaded from central: https://repo.maven.apache.org/maven2/org/apache/maven/maven-repository-metadata/2.2.1/maven-repository-metadata-2.2.1.jar (26 kB at 713 kB/s)
[INFO] Downloaded from central: https://repo.maven.apache.org/maven2/org/apache/maven/maven-plugin-registry/2.2.1/maven-plugin-registry-2.2.1.jar (30 kB at 762 kB/s)
[INFO] Downloaded from central: https://repo.maven.apache.org/maven2/org/codehaus/plexus/plexus-compiler-api/2.8.8/plexus-compiler-api-2.8.8.jar (27 kB at 605 kB/s)
[INFO] Downloaded from central: https://repo.maven.apache.org/maven2/org/codehaus/plexus/plexus-interpolation/1.11/plexus-interpolation-1.11.jar (51 kB at 1.1 MB/s)
[INFO] Downloaded from central: https://repo.maven.apache.org/maven2/backport-util-concurrent/backport-util-concurrent/3.1/backport-util-concurrent-3.1.jar (332 kB at 6.9 MB/s)
[INFO] Scanning generated classes for implementations...
[INFO] Generating service file /junit-quickcheck/generators/target/classes/META-INF/services/com.pholser.junit.quickcheck.generator.Generator
[INFO]   + com.pholser.junit.quickcheck.generator.java.math.BigDecimalGenerator
[INFO]   + com.pholser.junit.quickcheck.generator.java.math.BigIntegerGenerator
[INFO]   + com.pholser.junit.quickcheck.generator.java.time.OffsetDateTimeGenerator
[INFO]   + com.pholser.junit.quickcheck.generator.java.time.PeriodGenerator
[INFO]   + com.pholser.junit.quickcheck.generator.java.time.ZonedDateTimeGenerator
[INFO]   + com.pholser.junit.quickcheck.generator.java.time.YearGenerator
[INFO]   + com.pholser.junit.quickcheck.generator.java.time.InstantGenerator
[INFO]   + com.pholser.junit.quickcheck.generator.java.time.OffsetTimeGenerator
[INFO]   + com.pholser.junit.quickcheck.generator.java.time.DurationGenerator
[INFO]   + com.pholser.junit.quickcheck.generator.java.time.LocalDateGenerator
[INFO]   + com.pholser.junit.quickcheck.generator.java.time.ZoneOffsetGenerator
[INFO]   + com.pholser.junit.quickcheck.generator.java.time.LocalTimeGenerator
[INFO]   + com.pholser.junit.quickcheck.generator.java.time.YearMonthGenerator
[INFO]   + com.pholser.junit.quickcheck.generator.java.time.LocalDateTimeGenerator
[INFO]   + com.pholser.junit.quickcheck.generator.java.time.ZoneIdGenerator
[INFO]   + com.pholser.junit.quickcheck.generator.java.time.MonthDayGenerator
[INFO]   + com.pholser.junit.quickcheck.generator.java.time.ClockGenerator
[INFO]   + com.pholser.junit.quickcheck.generator.java.lang.BooleanGenerator
[INFO]   + com.pholser.junit.quickcheck.generator.java.lang.StringGenerator
[INFO]   + com.pholser.junit.quickcheck.generator.java.lang.DoubleGenerator
[INFO]   + com.pholser.junit.quickcheck.generator.java.lang.ShortGenerator
[INFO]   + com.pholser.junit.quickcheck.generator.java.lang.CharacterGenerator
[INFO]   + com.pholser.junit.quickcheck.generator.java.lang.IntegerGenerator
[INFO]   + com.pholser.junit.quickcheck.generator.java.lang.ByteGenerator
[INFO]   + com.pholser.junit.quickcheck.generator.java.lang.FloatGenerator
[INFO]   + com.pholser.junit.quickcheck.generator.java.lang.LongGenerator
[INFO]   + com.pholser.junit.quickcheck.generator.java.lang.Encoded
[INFO]   + com.pholser.junit.quickcheck.generator.java.nio.charset.CharsetGenerator
[INFO]   + com.pholser.junit.quickcheck.generator.java.util.TimeZoneGenerator
[INFO]   + com.pholser.junit.quickcheck.generator.java.util.RFC4122$Version4
[INFO]   + com.pholser.junit.quickcheck.generator.java.util.HashMapGenerator
[INFO]   + com.pholser.junit.quickcheck.generator.java.util.OptionalLongGenerator
[INFO]   + com.pholser.junit.quickcheck.generator.java.util.BitSetGenerator
[INFO]   + com.pholser.junit.quickcheck.generator.java.util.OptionalIntGenerator
[INFO]   + com.pholser.junit.quickcheck.generator.java.util.DateGenerator
[INFO]   + com.pholser.junit.quickcheck.generator.java.util.RFC4122$Version5
[INFO]   + com.pholser.junit.quickcheck.generator.java.util.OptionalGenerator
[INFO]   + com.pholser.junit.quickcheck.generator.java.util.HashSetGenerator
[INFO]   + com.pholser.junit.quickcheck.generator.java.util.LocaleGenerator
[INFO]   + com.pholser.junit.quickcheck.generator.java.util.HashtableGenerator
[INFO]   + com.pholser.junit.quickcheck.generator.java.util.LinkedHashMapGenerator
[INFO]   + com.pholser.junit.quickcheck.generator.java.util.concurrent.CallableGenerator
[INFO]   + com.pholser.junit.quickcheck.generator.java.util.OptionalDoubleGenerator
[INFO]   + com.pholser.junit.quickcheck.generator.java.util.ArrayListGenerator
[INFO]   + com.pholser.junit.quickcheck.generator.java.util.LinkedHashSetGenerator
[INFO]   + com.pholser.junit.quickcheck.generator.java.util.PropertiesGenerator
[INFO]   + com.pholser.junit.quickcheck.generator.java.util.RFC4122$Version3
[INFO]   + com.pholser.junit.quickcheck.generator.java.util.StackGenerator
[INFO]   + com.pholser.junit.quickcheck.generator.java.util.VectorGenerator
[INFO]   + com.pholser.junit.quickcheck.generator.java.util.LinkedListGenerator
[INFO]   + com.pholser.junit.quickcheck.generator.java.util.function.PredicateGenerator
[INFO]   + com.pholser.junit.quickcheck.generator.java.util.function.ToIntFunctionGenerator
[INFO]   + com.pholser.junit.quickcheck.generator.java.util.function.ToDoubleBiFunctionGenerator
[INFO]   + com.pholser.junit.quickcheck.generator.java.util.function.SupplierGenerator
[INFO]   + com.pholser.junit.quickcheck.generator.java.util.function.ToLongBiFunctionGenerator
[INFO]   + com.pholser.junit.quickcheck.generator.java.util.function.BinaryOperatorGenerator
[INFO]   + com.pholser.junit.quickcheck.generator.java.util.function.BiFunctionGenerator
[INFO]   + com.pholser.junit.quickcheck.generator.java.util.function.ToDoubleFunctionGenerator
[INFO]   + com.pholser.junit.quickcheck.generator.java.util.function.IntFunctionGenerator
[INFO]   + com.pholser.junit.quickcheck.generator.java.util.function.LongFunctionGenerator
[INFO]   + com.pholser.junit.quickcheck.generator.java.util.function.BiPredicateGenerator
[INFO]   + com.pholser.junit.quickcheck.generator.java.util.function.UnaryOperatorGenerator
[INFO]   + com.pholser.junit.quickcheck.generator.java.util.function.ToLongFunctionGenerator
[INFO]   + com.pholser.junit.quickcheck.generator.java.util.function.DoubleFunctionGenerator
[INFO]   + com.pholser.junit.quickcheck.generator.java.util.function.ToIntBiFunctionGenerator
[INFO]   + com.pholser.junit.quickcheck.generator.java.util.function.FunctionGenerator
[INFO]   + com.pholser.junit.quickcheck.generator.VoidGenerator
[INFO] 
[INFO] --- resources:3.3.0:testResources (default-testResources) @ junit-quickcheck-generators ---
[INFO] skip non existing resourceDirectory /junit-quickcheck/generators/src/test/resources
[INFO] 
[INFO] --- compiler:3.8.1:testCompile (default-testCompile) @ junit-quickcheck-generators ---
[INFO] Changes detected - recompiling the module!
[INFO] Compiling 169 source files to /junit-quickcheck/generators/target/test-classes
[INFO] 
[INFO] --- surefire:3.0.0-M5:test (default-test) @ junit-quickcheck-generators ---
[INFO] 
[INFO] -------------------------------------------------------
[INFO]  T E S T S
[INFO] -------------------------------------------------------
[INFO] Running com.pholser.junit.quickcheck.ListPropertyParameterTypesTest
[INFO] Tests run: 15, Failures: 0, Errors: 0, Skipped: 0, Time elapsed: 1.423 s - in com.pholser.junit.quickcheck.ListPropertyParameterTypesTest
[INFO] Running com.pholser.junit.quickcheck.StringPropertyParameterTypesTest
[INFO] Tests run: 6, Failures: 0, Errors: 0, Skipped: 0, Time elapsed: 10.057 s - in com.pholser.junit.quickcheck.StringPropertyParameterTypesTest
[INFO] Running com.pholser.junit.quickcheck.ReferenceArrayPropertyParameterTypesTest
[INFO] Tests run: 2, Failures: 0, Errors: 0, Skipped: 0, Time elapsed: 0.014 s - in com.pholser.junit.quickcheck.ReferenceArrayPropertyParameterTypesTest
[INFO] Running com.pholser.junit.quickcheck.IntegerComparatorTest
[INFO] Tests run: 1, Failures: 0, Errors: 0, Skipped: 0, Time elapsed: 0.009 s - in com.pholser.junit.quickcheck.IntegerComparatorTest
[INFO] Running com.pholser.junit.quickcheck.YearPropertyParameterTypesTest
[INFO] Tests run: 8, Failures: 0, Errors: 0, Skipped: 0, Time elapsed: 0.094 s - in com.pholser.junit.quickcheck.YearPropertyParameterTypesTest
[INFO] Running com.pholser.junit.quickcheck.ZonedDateTimePropertyParameterTypesTest
[INFO] Tests run: 8, Failures: 0, Errors: 0, Skipped: 0, Time elapsed: 0.128 s - in com.pholser.junit.quickcheck.ZonedDateTimePropertyParameterTypesTest
[INFO] Running com.pholser.junit.quickcheck.LocalDateTimePropertyParameterTypesTest
[INFO] Tests run: 8, Failures: 0, Errors: 0, Skipped: 0, Time elapsed: 0.089 s - in com.pholser.junit.quickcheck.LocalDateTimePropertyParameterTypesTest
[INFO] Running com.pholser.junit.quickcheck.YearMonthPropertyParameterTypesTest
[INFO] Tests run: 8, Failures: 0, Errors: 0, Skipped: 0, Time elapsed: 0.068 s - in com.pholser.junit.quickcheck.YearMonthPropertyParameterTypesTest
[INFO] Running com.pholser.junit.quickcheck.OffsetTimePropertyParameterTypesTest
[INFO] Tests run: 8, Failures: 0, Errors: 0, Skipped: 0, Time elapsed: 0.07 s - in com.pholser.junit.quickcheck.OffsetTimePropertyParameterTypesTest
[INFO] Running com.pholser.junit.quickcheck.BitSetPropertyParameterTypesTest
[INFO] Tests run: 3, Failures: 0, Errors: 0, Skipped: 0, Time elapsed: 0.026 s - in com.pholser.junit.quickcheck.BitSetPropertyParameterTypesTest
[INFO] Running com.pholser.junit.quickcheck.DatePropertyParameterTypesTest
[INFO] Tests run: 8, Failures: 0, Errors: 0, Skipped: 0, Time elapsed: 0.116 s - in com.pholser.junit.quickcheck.DatePropertyParameterTypesTest
[INFO] Running com.pholser.junit.quickcheck.MonthPropertyParameterTypesTest
[INFO] Tests run: 1, Failures: 0, Errors: 0, Skipped: 0, Time elapsed: 0.01 s - in com.pholser.junit.quickcheck.MonthPropertyParameterTypesTest
[INFO] Running com.pholser.junit.quickcheck.SetPropertyParameterTypesTest
[INFO] Tests run: 9, Failures: 0, Errors: 0, Skipped: 0, Time elapsed: 0.765 s - in com.pholser.junit.quickcheck.SetPropertyParameterTypesTest
[INFO] Running com.pholser.junit.quickcheck.Primitive2DArrayPropertyParameterTypesTest
[INFO] Tests run: 16, Failures: 0, Errors: 0, Skipped: 0, Time elapsed: 0.054 s - in com.pholser.junit.quickcheck.Primitive2DArrayPropertyParameterTypesTest
[INFO] Running com.pholser.junit.quickcheck.ContractTestWithArrayTypeParameterTest
[INFO] Tests run: 1, Failures: 0, Errors: 0, Skipped: 0, Time elapsed: 0.011 s - in com.pholser.junit.quickcheck.ContractTestWithArrayTypeParameterTest
[INFO] Running com.pholser.junit.quickcheck.DistinctListPropertyParameterTypesTest
[INFO] Tests run: 2, Failures: 0, Errors: 0, Skipped: 0, Time elapsed: 0.024 s - in com.pholser.junit.quickcheck.DistinctListPropertyParameterTypesTest
[INFO] Running com.pholser.junit.quickcheck.DurationPropertyParameterTypesTest
[INFO] Tests run: 7, Failures: 0, Errors: 0, Skipped: 0, Time elapsed: 0.061 s - in com.pholser.junit.quickcheck.DurationPropertyParameterTypesTest
[INFO] Running com.pholser.junit.quickcheck.PeriodPropertyParameterTypesTest
[INFO] Tests run: 7, Failures: 0, Errors: 0, Skipped: 0, Time elapsed: 0.058 s - in com.pholser.junit.quickcheck.PeriodPropertyParameterTypesTest
[INFO] Running com.pholser.junit.quickcheck.BigNumberPropertyParameterTypesTest
[INFO] Tests run: 31, Failures: 0, Errors: 0, Skipped: 0, Time elapsed: 0.177 s - in com.pholser.junit.quickcheck.BigNumberPropertyParameterTypesTest
[INFO] Running com.pholser.junit.quickcheck.DistinctMapPropertyParameterTypesTest
[INFO] Tests run: 2, Failures: 0, Errors: 0, Skipped: 0, Time elapsed: 0.056 s - in com.pholser.junit.quickcheck.DistinctMapPropertyParameterTypesTest
[INFO] Running com.pholser.junit.quickcheck.InstantPropertyParameterTypesTest
[INFO] Tests run: 7, Failures: 0, Errors: 0, Skipped: 0, Time elapsed: 0.052 s - in com.pholser.junit.quickcheck.InstantPropertyParameterTypesTest
[INFO] Running com.pholser.junit.quickcheck.SizeConstrainedSetPropertyParameterTypesTest
[INFO] Tests run: 3, Failures: 0, Errors: 0, Skipped: 0, Time elapsed: 0.034 s - in com.pholser.junit.quickcheck.SizeConstrainedSetPropertyParameterTypesTest
[INFO] Running com.pholser.junit.quickcheck.SizeConstrainedListPropertyParameterTypesTest
[INFO] Tests run: 3, Failures: 0, Errors: 0, Skipped: 0, Time elapsed: 0.041 s - in com.pholser.junit.quickcheck.SizeConstrainedListPropertyParameterTypesTest
[INFO] Running com.pholser.junit.quickcheck.ClockPropertyParameterTypesTest
[INFO] Tests run: 7, Failures: 0, Errors: 0, Skipped: 0, Time elapsed: 0.047 s - in com.pholser.junit.quickcheck.ClockPropertyParameterTypesTest
[INFO] Running com.pholser.junit.quickcheck.NumberPropertyParameterTypesTest
[INFO] Tests run: 1, Failures: 0, Errors: 0, Skipped: 0, Time elapsed: 0.006 s - in com.pholser.junit.quickcheck.NumberPropertyParameterTypesTest
[INFO] Running com.pholser.junit.quickcheck.SizeConstrainedArrayPropertyParameterTypesTest
[INFO] Tests run: 5, Failures: 0, Errors: 0, Skipped: 0, Time elapsed: 0.171 s - in com.pholser.junit.quickcheck.SizeConstrainedArrayPropertyParameterTypesTest
[INFO] Running com.pholser.junit.quickcheck.DistinctArrayPropertyParameterTypesTest
[INFO] Tests run: 2, Failures: 0, Errors: 0, Skipped: 0, Time elapsed: 0.022 s - in com.pholser.junit.quickcheck.DistinctArrayPropertyParameterTypesTest
[INFO] Running com.pholser.junit.quickcheck.DayOfWeekPropertyParameterTypesTest
[INFO] Tests run: 1, Failures: 0, Errors: 0, Skipped: 0, Time elapsed: 0.006 s - in com.pholser.junit.quickcheck.DayOfWeekPropertyParameterTypesTest
[INFO] Running com.pholser.junit.quickcheck.OffsetDateTimePropertyParameterTypesTest
[INFO] Tests run: 8, Failures: 0, Errors: 0, Skipped: 0, Time elapsed: 0.048 s - in com.pholser.junit.quickcheck.OffsetDateTimePropertyParameterTypesTest
[INFO] Running com.pholser.junit.quickcheck.DistinctSetPropertyParameterTypesTest
[INFO] Tests run: 2, Failures: 0, Errors: 0, Skipped: 0, Time elapsed: 0.01 s - in com.pholser.junit.quickcheck.DistinctSetPropertyParameterTypesTest
[INFO] Running com.pholser.junit.quickcheck.Primitive3DArrayPropertyParameterTypesTest
[INFO] Tests run: 16, Failures: 0, Errors: 0, Skipped: 0, Time elapsed: 0.035 s - in com.pholser.junit.quickcheck.Primitive3DArrayPropertyParameterTypesTest
[INFO] Running com.pholser.junit.quickcheck.OnlyAlsoTest
[WARNING] Tests run: 1, Failures: 0, Errors: 0, Skipped: 1, Time elapsed: 0.003 s - in com.pholser.junit.quickcheck.OnlyAlsoTest
[INFO] Running com.pholser.junit.quickcheck.IntegerComparableTest
[INFO] Tests run: 1, Failures: 0, Errors: 0, Skipped: 0, Time elapsed: 0 s - in com.pholser.junit.quickcheck.IntegerComparableTest
[INFO] Running com.pholser.junit.quickcheck.SizeConstrainedMapPropertyParameterTypesTest
[INFO] Tests run: 3, Failures: 0, Errors: 0, Skipped: 0, Time elapsed: 0.075 s - in com.pholser.junit.quickcheck.SizeConstrainedMapPropertyParameterTypesTest
[INFO] Running com.pholser.junit.quickcheck.PrimitivePropertyParameterTypesTest
[WARNING] Tests run: 82, Failures: 0, Errors: 0, Skipped: 1, Time elapsed: 0.491 s - in com.pholser.junit.quickcheck.PrimitivePropertyParameterTypesTest
[INFO] Running com.pholser.junit.quickcheck.LocalDatePropertyParameterTypesTest
[INFO] Tests run: 8, Failures: 0, Errors: 0, Skipped: 0, Time elapsed: 0.039 s - in com.pholser.junit.quickcheck.LocalDatePropertyParameterTypesTest
[INFO] Running com.pholser.junit.quickcheck.PrimitiveArrayPropertyParameterTypesTest
[INFO] Tests run: 17, Failures: 0, Errors: 0, Skipped: 0, Time elapsed: 0.123 s - in com.pholser.junit.quickcheck.PrimitiveArrayPropertyParameterTypesTest
[INFO] Running com.pholser.junit.quickcheck.generator.VoidGeneratorTest
[INFO] Tests run: 1, Failures: 0, Errors: 0, Skipped: 0, Time elapsed: 0 s - in com.pholser.junit.quickcheck.generator.VoidGeneratorTest
[INFO] Running com.pholser.junit.quickcheck.generator.java.math.BigIntegerPropertyParameterTest
[MockitoHint] BigIntegerPropertyParameterTest.producesExpectedRandomValues (see javadoc for MockitoHint):
[MockitoHint] 1. Unused -> at com.pholser.junit.quickcheck.internal.generator.CorePropertyParameterTest.primeSeed(CorePropertyParameterTest.java:109)
[MockitoHint] 2. Unused -> at com.pholser.junit.quickcheck.internal.generator.CorePropertyParameterTest.primeTrials(CorePropertyParameterTest.java:103)

[MockitoHint] BigIntegerPropertyParameterTest.verifyInteractionWithRandomness (see javadoc for MockitoHint):
[MockitoHint] 1. Unused -> at com.pholser.junit.quickcheck.internal.generator.CorePropertyParameterTest.primeSeed(CorePropertyParameterTest.java:109)
[MockitoHint] 2. Unused -> at com.pholser.junit.quickcheck.internal.generator.CorePropertyParameterTest.primeTrials(CorePropertyParameterTest.java:103)

[INFO] Tests run: 2, Failures: 0, Errors: 0, Skipped: 0, Time elapsed: 1.105 s - in com.pholser.junit.quickcheck.generator.java.math.BigIntegerPropertyParameterTest
[INFO] Running com.pholser.junit.quickcheck.generator.java.math.RangedBigDecimalNoMinPropertyParameterTest
[MockitoHint] RangedBigDecimalNoMinPropertyParameterTest.producesExpectedRandomValues (see javadoc for MockitoHint):
[MockitoHint] 1. Unused -> at com.pholser.junit.quickcheck.internal.generator.CorePropertyParameterTest.primeSeed(CorePropertyParameterTest.java:109)
[MockitoHint] 2. Unused -> at com.pholser.junit.quickcheck.internal.generator.CorePropertyParameterTest.primeTrials(CorePropertyParameterTest.java:103)

[MockitoHint] RangedBigDecimalNoMinPropertyParameterTest.verifyInteractionWithRandomness (see javadoc for MockitoHint):
[MockitoHint] 1. Unused -> at com.pholser.junit.quickcheck.internal.generator.CorePropertyParameterTest.primeSeed(CorePropertyParameterTest.java:109)
[MockitoHint] 2. Unused -> at com.pholser.junit.quickcheck.internal.generator.CorePropertyParameterTest.primeTrials(CorePropertyParameterTest.java:103)

[INFO] Tests run: 2, Failures: 0, Errors: 0, Skipped: 0, Time elapsed: 0.016 s - in com.pholser.junit.quickcheck.generator.java.math.RangedBigDecimalNoMinPropertyParameterTest
[INFO] Running com.pholser.junit.quickcheck.generator.java.math.RangedBigDecimalNoMaxWithLesserSpecifiedPrecisionPropertyParameterTest
[MockitoHint] RangedBigDecimalNoMaxWithLesserSpecifiedPrecisionPropertyParameterTest.producesExpectedRandomValues (see javadoc for MockitoHint):
[MockitoHint] 1. Unused -> at com.pholser.junit.quickcheck.internal.generator.CorePropertyParameterTest.primeSeed(CorePropertyParameterTest.java:109)
[MockitoHint] 2. Unused -> at com.pholser.junit.quickcheck.internal.generator.CorePropertyParameterTest.primeTrials(CorePropertyParameterTest.java:103)

[MockitoHint] RangedBigDecimalNoMaxWithLesserSpecifiedPrecisionPropertyParameterTest.verifyInteractionWithRandomness (see javadoc for MockitoHint):
[MockitoHint] 1. Unused -> at com.pholser.junit.quickcheck.internal.generator.CorePropertyParameterTest.primeSeed(CorePropertyParameterTest.java:109)
[MockitoHint] 2. Unused -> at com.pholser.junit.quickcheck.internal.generator.CorePropertyParameterTest.primeTrials(CorePropertyParameterTest.java:103)

[INFO] Tests run: 2, Failures: 0, Errors: 0, Skipped: 0, Time elapsed: 0.01 s - in com.pholser.junit.quickcheck.generator.java.math.RangedBigDecimalNoMaxWithLesserSpecifiedPrecisionPropertyParameterTest
[INFO] Running com.pholser.junit.quickcheck.generator.java.math.BigDecimalWithSpecifiedPrecisionPropertyParameterTest
[MockitoHint] BigDecimalWithSpecifiedPrecisionPropertyParameterTest.producesExpectedRandomValues (see javadoc for MockitoHint):
[MockitoHint] 1. Unused -> at com.pholser.junit.quickcheck.internal.generator.CorePropertyParameterTest.primeSeed(CorePropertyParameterTest.java:109)
[MockitoHint] 2. Unused -> at com.pholser.junit.quickcheck.internal.generator.CorePropertyParameterTest.primeTrials(CorePropertyParameterTest.java:103)

[MockitoHint] BigDecimalWithSpecifiedPrecisionPropertyParameterTest.verifyInteractionWithRandomness (see javadoc for MockitoHint):
[MockitoHint] 1. Unused -> at com.pholser.junit.quickcheck.internal.generator.CorePropertyParameterTest.primeSeed(CorePropertyParameterTest.java:109)
[MockitoHint] 2. Unused -> at com.pholser.junit.quickcheck.internal.generator.CorePropertyParameterTest.primeTrials(CorePropertyParameterTest.java:103)

[INFO] Tests run: 2, Failures: 0, Errors: 0, Skipped: 0, Time elapsed: 0.014 s - in com.pholser.junit.quickcheck.generator.java.math.BigDecimalWithSpecifiedPrecisionPropertyParameterTest
[INFO] Running com.pholser.junit.quickcheck.generator.java.math.RangedBigIntegerNoMaxPropertyParameterTest
[MockitoHint] RangedBigIntegerNoMaxPropertyParameterTest.producesExpectedRandomValues (see javadoc for MockitoHint):
[MockitoHint] 1. Unused -> at com.pholser.junit.quickcheck.internal.generator.CorePropertyParameterTest.primeSeed(CorePropertyParameterTest.java:109)
[MockitoHint] 2. Unused -> at com.pholser.junit.quickcheck.internal.generator.CorePropertyParameterTest.primeTrials(CorePropertyParameterTest.java:103)

[MockitoHint] RangedBigIntegerNoMaxPropertyParameterTest.verifyInteractionWithRandomness (see javadoc for MockitoHint):
[MockitoHint] 1. Unused -> at com.pholser.junit.quickcheck.internal.generator.CorePropertyParameterTest.primeSeed(CorePropertyParameterTest.java:109)
[MockitoHint] 2. Unused -> at com.pholser.junit.quickcheck.internal.generator.CorePropertyParameterTest.primeTrials(CorePropertyParameterTest.java:103)

[INFO] Tests run: 2, Failures: 0, Errors: 0, Skipped: 0, Time elapsed: 0.009 s - in com.pholser.junit.quickcheck.generator.java.math.RangedBigIntegerNoMaxPropertyParameterTest
[INFO] Running com.pholser.junit.quickcheck.generator.java.math.RangedBigDecimalWithGreaterSpecifiedPrecisionPropertyParameterTest
[MockitoHint] RangedBigDecimalWithGreaterSpecifiedPrecisionPropertyParameterTest.producesExpectedRandomValues (see javadoc for MockitoHint):
[MockitoHint] 1. Unused -> at com.pholser.junit.quickcheck.internal.generator.CorePropertyParameterTest.primeSeed(CorePropertyParameterTest.java:109)
[MockitoHint] 2. Unused -> at com.pholser.junit.quickcheck.internal.generator.CorePropertyParameterTest.primeTrials(CorePropertyParameterTest.java:103)

[MockitoHint] RangedBigDecimalWithGreaterSpecifiedPrecisionPropertyParameterTest.verifyInteractionWithRandomness (see javadoc for MockitoHint):
[MockitoHint] 1. Unused -> at com.pholser.junit.quickcheck.internal.generator.CorePropertyParameterTest.primeSeed(CorePropertyParameterTest.java:109)
[MockitoHint] 2. Unused -> at com.pholser.junit.quickcheck.internal.generator.CorePropertyParameterTest.primeTrials(CorePropertyParameterTest.java:103)

[INFO] Tests run: 2, Failures: 0, Errors: 0, Skipped: 0, Time elapsed: 0.013 s - in com.pholser.junit.quickcheck.generator.java.math.RangedBigDecimalWithGreaterSpecifiedPrecisionPropertyParameterTest
[INFO] Running com.pholser.junit.quickcheck.generator.java.math.RangedBigDecimalNoMaxWithGreaterSpecifiedPrecisionPropertyParameterTest
[MockitoHint] RangedBigDecimalNoMaxWithGreaterSpecifiedPrecisionPropertyParameterTest.producesExpectedRandomValues (see javadoc for MockitoHint):
[MockitoHint] 1. Unused -> at com.pholser.junit.quickcheck.internal.generator.CorePropertyParameterTest.primeSeed(CorePropertyParameterTest.java:109)
[MockitoHint] 2. Unused -> at com.pholser.junit.quickcheck.internal.generator.CorePropertyParameterTest.primeTrials(CorePropertyParameterTest.java:103)

[MockitoHint] RangedBigDecimalNoMaxWithGreaterSpecifiedPrecisionPropertyParameterTest.verifyInteractionWithRandomness (see javadoc for MockitoHint):
[MockitoHint] 1. Unused -> at com.pholser.junit.quickcheck.internal.generator.CorePropertyParameterTest.primeSeed(CorePropertyParameterTest.java:109)
[MockitoHint] 2. Unused -> at com.pholser.junit.quickcheck.internal.generator.CorePropertyParameterTest.primeTrials(CorePropertyParameterTest.java:103)

[INFO] Tests run: 2, Failures: 0, Errors: 0, Skipped: 0, Time elapsed: 0.016 s - in com.pholser.junit.quickcheck.generator.java.math.RangedBigDecimalNoMaxWithGreaterSpecifiedPrecisionPropertyParameterTest
[INFO] Running com.pholser.junit.quickcheck.generator.java.math.RangedBigDecimalNoMinWithLesserSpecifiedPrecisionPropertyParameterTest
[MockitoHint] RangedBigDecimalNoMinWithLesserSpecifiedPrecisionPropertyParameterTest.producesExpectedRandomValues (see javadoc for MockitoHint):
[MockitoHint] 1. Unused -> at com.pholser.junit.quickcheck.internal.generator.CorePropertyParameterTest.primeSeed(CorePropertyParameterTest.java:109)
[MockitoHint] 2. Unused -> at com.pholser.junit.quickcheck.internal.generator.CorePropertyParameterTest.primeTrials(CorePropertyParameterTest.java:103)

[MockitoHint] RangedBigDecimalNoMinWithLesserSpecifiedPrecisionPropertyParameterTest.verifyInteractionWithRandomness (see javadoc for MockitoHint):
[MockitoHint] 1. Unused -> at com.pholser.junit.quickcheck.internal.generator.CorePropertyParameterTest.primeSeed(CorePropertyParameterTest.java:109)
[MockitoHint] 2. Unused -> at com.pholser.junit.quickcheck.internal.generator.CorePropertyParameterTest.primeTrials(CorePropertyParameterTest.java:103)

[INFO] Tests run: 2, Failures: 0, Errors: 0, Skipped: 0, Time elapsed: 0.011 s - in com.pholser.junit.quickcheck.generator.java.math.RangedBigDecimalNoMinWithLesserSpecifiedPrecisionPropertyParameterTest
[INFO] Running com.pholser.junit.quickcheck.generator.java.math.RangedBigIntegerNoMinPropertyParameterTest
[MockitoHint] RangedBigIntegerNoMinPropertyParameterTest.producesExpectedRandomValues (see javadoc for MockitoHint):
[MockitoHint] 1. Unused -> at com.pholser.junit.quickcheck.internal.generator.CorePropertyParameterTest.primeSeed(CorePropertyParameterTest.java:109)
[MockitoHint] 2. Unused -> at com.pholser.junit.quickcheck.internal.generator.CorePropertyParameterTest.primeTrials(CorePropertyParameterTest.java:103)

[MockitoHint] RangedBigIntegerNoMinPropertyParameterTest.verifyInteractionWithRandomness (see javadoc for MockitoHint):
[MockitoHint] 1. Unused -> at com.pholser.junit.quickcheck.internal.generator.CorePropertyParameterTest.primeSeed(CorePropertyParameterTest.java:109)
[MockitoHint] 2. Unused -> at com.pholser.junit.quickcheck.internal.generator.CorePropertyParameterTest.primeTrials(CorePropertyParameterTest.java:103)

[INFO] Tests run: 2, Failures: 0, Errors: 0, Skipped: 0, Time elapsed: 0.012 s - in com.pholser.junit.quickcheck.generator.java.math.RangedBigIntegerNoMinPropertyParameterTest
[INFO] Running com.pholser.junit.quickcheck.generator.java.math.RangedBigDecimalWithLesserSpecifiedPrecisionPropertyParameterTest
[MockitoHint] RangedBigDecimalWithLesserSpecifiedPrecisionPropertyParameterTest.producesExpectedRandomValues (see javadoc for MockitoHint):
[MockitoHint] 1. Unused -> at com.pholser.junit.quickcheck.internal.generator.CorePropertyParameterTest.primeSeed(CorePropertyParameterTest.java:109)
[MockitoHint] 2. Unused -> at com.pholser.junit.quickcheck.internal.generator.CorePropertyParameterTest.primeTrials(CorePropertyParameterTest.java:103)

[MockitoHint] RangedBigDecimalWithLesserSpecifiedPrecisionPropertyParameterTest.verifyInteractionWithRandomness (see javadoc for MockitoHint):
[MockitoHint] 1. Unused -> at com.pholser.junit.quickcheck.internal.generator.CorePropertyParameterTest.primeSeed(CorePropertyParameterTest.java:109)
[MockitoHint] 2. Unused -> at com.pholser.junit.quickcheck.internal.generator.CorePropertyParameterTest.primeTrials(CorePropertyParameterTest.java:103)

[INFO] Tests run: 2, Failures: 0, Errors: 0, Skipped: 0, Time elapsed: 0.009 s - in com.pholser.junit.quickcheck.generator.java.math.RangedBigDecimalWithLesserSpecifiedPrecisionPropertyParameterTest
[INFO] Running com.pholser.junit.quickcheck.generator.java.math.RangedBigIntegerPropertyParameterTest
[MockitoHint] RangedBigIntegerPropertyParameterTest.producesExpectedRandomValues (see javadoc for MockitoHint):
[MockitoHint] 1. Unused -> at com.pholser.junit.quickcheck.internal.generator.CorePropertyParameterTest.primeSeed(CorePropertyParameterTest.java:109)
[MockitoHint] 2. Unused -> at com.pholser.junit.quickcheck.internal.generator.CorePropertyParameterTest.primeTrials(CorePropertyParameterTest.java:103)

[MockitoHint] RangedBigIntegerPropertyParameterTest.verifyInteractionWithRandomness (see javadoc for MockitoHint):
[MockitoHint] 1. Unused -> at com.pholser.junit.quickcheck.internal.generator.CorePropertyParameterTest.primeSeed(CorePropertyParameterTest.java:109)
[MockitoHint] 2. Unused -> at com.pholser.junit.quickcheck.internal.generator.CorePropertyParameterTest.primeTrials(CorePropertyParameterTest.java:103)

[INFO] Tests run: 2, Failures: 0, Errors: 0, Skipped: 0, Time elapsed: 0.006 s - in com.pholser.junit.quickcheck.generator.java.math.RangedBigIntegerPropertyParameterTest
[INFO] Running com.pholser.junit.quickcheck.generator.java.math.BigDecimalPropertyParameterTest
[MockitoHint] BigDecimalPropertyParameterTest.producesExpectedRandomValues (see javadoc for MockitoHint):
[MockitoHint] 1. Unused -> at com.pholser.junit.quickcheck.internal.generator.CorePropertyParameterTest.primeSeed(CorePropertyParameterTest.java:109)
[MockitoHint] 2. Unused -> at com.pholser.junit.quickcheck.internal.generator.CorePropertyParameterTest.primeTrials(CorePropertyParameterTest.java:103)

[MockitoHint] BigDecimalPropertyParameterTest.verifyInteractionWithRandomness (see javadoc for MockitoHint):
[MockitoHint] 1. Unused -> at com.pholser.junit.quickcheck.internal.generator.CorePropertyParameterTest.primeSeed(CorePropertyParameterTest.java:109)
[MockitoHint] 2. Unused -> at com.pholser.junit.quickcheck.internal.generator.CorePropertyParameterTest.primeTrials(CorePropertyParameterTest.java:103)

[INFO] Tests run: 2, Failures: 0, Errors: 0, Skipped: 0, Time elapsed: 0.002 s - in com.pholser.junit.quickcheck.generator.java.math.BigDecimalPropertyParameterTest
[INFO] Running com.pholser.junit.quickcheck.generator.java.math.RangedBigDecimalNoMinWithGreaterSpecifiedPrecisionPropertyParameterTest
[MockitoHint] RangedBigDecimalNoMinWithGreaterSpecifiedPrecisionPropertyParameterTest.producesExpectedRandomValues (see javadoc for MockitoHint):
[MockitoHint] 1. Unused -> at com.pholser.junit.quickcheck.internal.generator.CorePropertyParameterTest.primeSeed(CorePropertyParameterTest.java:109)
[MockitoHint] 2. Unused -> at com.pholser.junit.quickcheck.internal.generator.CorePropertyParameterTest.primeTrials(CorePropertyParameterTest.java:103)

[MockitoHint] RangedBigDecimalNoMinWithGreaterSpecifiedPrecisionPropertyParameterTest.verifyInteractionWithRandomness (see javadoc for MockitoHint):
[MockitoHint] 1. Unused -> at com.pholser.junit.quickcheck.internal.generator.CorePropertyParameterTest.primeSeed(CorePropertyParameterTest.java:109)
[MockitoHint] 2. Unused -> at com.pholser.junit.quickcheck.internal.generator.CorePropertyParameterTest.primeTrials(CorePropertyParameterTest.java:103)

[INFO] Tests run: 2, Failures: 0, Errors: 0, Skipped: 0, Time elapsed: 0.003 s - in com.pholser.junit.quickcheck.generator.java.math.RangedBigDecimalNoMinWithGreaterSpecifiedPrecisionPropertyParameterTest
[INFO] Running com.pholser.junit.quickcheck.generator.java.math.RangedBigDecimalNoMaxPropertyParameterTest
[MockitoHint] RangedBigDecimalNoMaxPropertyParameterTest.producesExpectedRandomValues (see javadoc for MockitoHint):
[MockitoHint] 1. Unused -> at com.pholser.junit.quickcheck.internal.generator.CorePropertyParameterTest.primeSeed(CorePropertyParameterTest.java:109)
[MockitoHint] 2. Unused -> at com.pholser.junit.quickcheck.internal.generator.CorePropertyParameterTest.primeTrials(CorePropertyParameterTest.java:103)

[MockitoHint] RangedBigDecimalNoMaxPropertyParameterTest.verifyInteractionWithRandomness (see javadoc for MockitoHint):
[MockitoHint] 1. Unused -> at com.pholser.junit.quickcheck.internal.generator.CorePropertyParameterTest.primeSeed(CorePropertyParameterTest.java:109)
[MockitoHint] 2. Unused -> at com.pholser.junit.quickcheck.internal.generator.CorePropertyParameterTest.primeTrials(CorePropertyParameterTest.java:103)

[INFO] Tests run: 2, Failures: 0, Errors: 0, Skipped: 0, Time elapsed: 0.007 s - in com.pholser.junit.quickcheck.generator.java.math.RangedBigDecimalNoMaxPropertyParameterTest
[INFO] Running com.pholser.junit.quickcheck.generator.java.math.RangedBigDecimalPropertyParameterTest
[MockitoHint] RangedBigDecimalPropertyParameterTest.producesExpectedRandomValues (see javadoc for MockitoHint):
[MockitoHint] 1. Unused -> at com.pholser.junit.quickcheck.internal.generator.CorePropertyParameterTest.primeSeed(CorePropertyParameterTest.java:109)
[MockitoHint] 2. Unused -> at com.pholser.junit.quickcheck.internal.generator.CorePropertyParameterTest.primeTrials(CorePropertyParameterTest.java:103)

[MockitoHint] RangedBigDecimalPropertyParameterTest.verifyInteractionWithRandomness (see javadoc for MockitoHint):
[MockitoHint] 1. Unused -> at com.pholser.junit.quickcheck.internal.generator.CorePropertyParameterTest.primeSeed(CorePropertyParameterTest.java:109)
[MockitoHint] 2. Unused -> at com.pholser.junit.quickcheck.internal.generator.CorePropertyParameterTest.primeTrials(CorePropertyParameterTest.java:103)

[INFO] Tests run: 2, Failures: 0, Errors: 0, Skipped: 0, Time elapsed: 0.005 s - in com.pholser.junit.quickcheck.generator.java.math.RangedBigDecimalPropertyParameterTest
[INFO] Running com.pholser.junit.quickcheck.generator.java.lang.ConstrainedPrimitiveIntegerPropertyParameterTest
[MockitoHint] ConstrainedPrimitiveIntegerPropertyParameterTest.producesExpectedRandomValues (see javadoc for MockitoHint):
[MockitoHint] 1. Unused -> at com.pholser.junit.quickcheck.internal.generator.CorePropertyParameterTest.primeSeed(CorePropertyParameterTest.java:109)
[MockitoHint] 2. Unused -> at com.pholser.junit.quickcheck.internal.generator.CorePropertyParameterTest.primeTrials(CorePropertyParameterTest.java:103)

[MockitoHint] ConstrainedPrimitiveIntegerPropertyParameterTest.verifyInteractionWithRandomness (see javadoc for MockitoHint):
[MockitoHint] 1. Unused -> at com.pholser.junit.quickcheck.internal.generator.CorePropertyParameterTest.primeSeed(CorePropertyParameterTest.java:109)
[MockitoHint] 2. Unused -> at com.pholser.junit.quickcheck.internal.generator.CorePropertyParameterTest.primeTrials(CorePropertyParameterTest.java:103)

[INFO] Tests run: 2, Failures: 0, Errors: 0, Skipped: 0, Time elapsed: 0.006 s - in com.pholser.junit.quickcheck.generator.java.lang.ConstrainedPrimitiveIntegerPropertyParameterTest
[INFO] Running com.pholser.junit.quickcheck.generator.java.lang.WrapperShortPropertyParameterTest
[MockitoHint] WrapperShortPropertyParameterTest.producesExpectedRandomValues (see javadoc for MockitoHint):
[MockitoHint] 1. Unused -> at com.pholser.junit.quickcheck.internal.generator.CorePropertyParameterTest.primeSeed(CorePropertyParameterTest.java:109)
[MockitoHint] 2. Unused -> at com.pholser.junit.quickcheck.internal.generator.CorePropertyParameterTest.primeTrials(CorePropertyParameterTest.java:103)

[MockitoHint] WrapperShortPropertyParameterTest.verifyInteractionWithRandomness (see javadoc for MockitoHint):
[MockitoHint] 1. Unused -> at com.pholser.junit.quickcheck.internal.generator.CorePropertyParameterTest.primeSeed(CorePropertyParameterTest.java:109)
[MockitoHint] 2. Unused -> at com.pholser.junit.quickcheck.internal.generator.CorePropertyParameterTest.primeTrials(CorePropertyParameterTest.java:103)

[INFO] Tests run: 2, Failures: 0, Errors: 0, Skipped: 0, Time elapsed: 0.007 s - in com.pholser.junit.quickcheck.generator.java.lang.WrapperShortPropertyParameterTest
[INFO] Running com.pholser.junit.quickcheck.generator.java.lang.WrapperBooleanPropertyParameterTest
[MockitoHint] WrapperBooleanPropertyParameterTest.producesExpectedRandomValues (see javadoc for MockitoHint):
[MockitoHint] 1. Unused -> at com.pholser.junit.quickcheck.internal.generator.CorePropertyParameterTest.primeSeed(CorePropertyParameterTest.java:109)
[MockitoHint] 2. Unused -> at com.pholser.junit.quickcheck.internal.generator.CorePropertyParameterTest.primeTrials(CorePropertyParameterTest.java:103)

[MockitoHint] WrapperBooleanPropertyParameterTest.verifyInteractionWithRandomness (see javadoc for MockitoHint):
[MockitoHint] 1. Unused -> at com.pholser.junit.quickcheck.internal.generator.CorePropertyParameterTest.primeSeed(CorePropertyParameterTest.java:109)
[MockitoHint] 2. Unused -> at com.pholser.junit.quickcheck.internal.generator.CorePropertyParameterTest.primeTrials(CorePropertyParameterTest.java:103)

[INFO] Tests run: 2, Failures: 0, Errors: 0, Skipped: 0, Time elapsed: 0.006 s - in com.pholser.junit.quickcheck.generator.java.lang.WrapperBooleanPropertyParameterTest
[INFO] Running com.pholser.junit.quickcheck.generator.java.lang.PrimitiveShortPropertyParameterTest
[MockitoHint] PrimitiveShortPropertyParameterTest.producesExpectedRandomValues (see javadoc for MockitoHint):
[MockitoHint] 1. Unused -> at com.pholser.junit.quickcheck.internal.generator.CorePropertyParameterTest.primeSeed(CorePropertyParameterTest.java:109)
[MockitoHint] 2. Unused -> at com.pholser.junit.quickcheck.internal.generator.CorePropertyParameterTest.primeTrials(CorePropertyParameterTest.java:103)

[MockitoHint] PrimitiveShortPropertyParameterTest.verifyInteractionWithRandomness (see javadoc for MockitoHint):
[MockitoHint] 1. Unused -> at com.pholser.junit.quickcheck.internal.generator.CorePropertyParameterTest.primeSeed(CorePropertyParameterTest.java:109)
[MockitoHint] 2. Unused -> at com.pholser.junit.quickcheck.internal.generator.CorePropertyParameterTest.primeTrials(CorePropertyParameterTest.java:103)

[INFO] Tests run: 2, Failures: 0, Errors: 0, Skipped: 0, Time elapsed: 0.011 s - in com.pholser.junit.quickcheck.generator.java.lang.PrimitiveShortPropertyParameterTest
[INFO] Running com.pholser.junit.quickcheck.generator.java.lang.WrapperLongPropertyParameterTest
[MockitoHint] WrapperLongPropertyParameterTest.producesExpectedRandomValues (see javadoc for MockitoHint):
[MockitoHint] 1. Unused -> at com.pholser.junit.quickcheck.internal.generator.CorePropertyParameterTest.primeSeed(CorePropertyParameterTest.java:109)
[MockitoHint] 2. Unused -> at com.pholser.junit.quickcheck.internal.generator.CorePropertyParameterTest.primeTrials(CorePropertyParameterTest.java:103)

[MockitoHint] WrapperLongPropertyParameterTest.verifyInteractionWithRandomness (see javadoc for MockitoHint):
[MockitoHint] 1. Unused -> at com.pholser.junit.quickcheck.internal.generator.CorePropertyParameterTest.primeSeed(CorePropertyParameterTest.java:109)
[MockitoHint] 2. Unused -> at com.pholser.junit.quickcheck.internal.generator.CorePropertyParameterTest.primeTrials(CorePropertyParameterTest.java:103)

[INFO] Tests run: 2, Failures: 0, Errors: 0, Skipped: 0, Time elapsed: 0.004 s - in com.pholser.junit.quickcheck.generator.java.lang.WrapperLongPropertyParameterTest
[INFO] Running com.pholser.junit.quickcheck.generator.java.lang.PrimitiveBytePropertyParameterTest
[MockitoHint] PrimitiveBytePropertyParameterTest.producesExpectedRandomValues (see javadoc for MockitoHint):
[MockitoHint] 1. Unused -> at com.pholser.junit.quickcheck.internal.generator.CorePropertyParameterTest.primeSeed(CorePropertyParameterTest.java:109)
[MockitoHint] 2. Unused -> at com.pholser.junit.quickcheck.internal.generator.CorePropertyParameterTest.primeTrials(CorePropertyParameterTest.java:103)

[MockitoHint] PrimitiveBytePropertyParameterTest.verifyInteractionWithRandomness (see javadoc for MockitoHint):
[MockitoHint] 1. Unused -> at com.pholser.junit.quickcheck.internal.generator.CorePropertyParameterTest.primeSeed(CorePropertyParameterTest.java:109)
[MockitoHint] 2. Unused -> at com.pholser.junit.quickcheck.internal.generator.CorePropertyParameterTest.primeTrials(CorePropertyParameterTest.java:103)

[INFO] Tests run: 2, Failures: 0, Errors: 0, Skipped: 0, Time elapsed: 0.006 s - in com.pholser.junit.quickcheck.generator.java.lang.PrimitiveBytePropertyParameterTest
[INFO] Running com.pholser.junit.quickcheck.generator.java.lang.RangedPrimitiveIntegerPropertyParameterTest
[MockitoHint] RangedPrimitiveIntegerPropertyParameterTest.producesExpectedRandomValues (see javadoc for MockitoHint):
[MockitoHint] 1. Unused -> at com.pholser.junit.quickcheck.internal.generator.CorePropertyParameterTest.primeSeed(CorePropertyParameterTest.java:109)
[MockitoHint] 2. Unused -> at com.pholser.junit.quickcheck.internal.generator.CorePropertyParameterTest.primeTrials(CorePropertyParameterTest.java:103)

[MockitoHint] RangedPrimitiveIntegerPropertyParameterTest.verifyInteractionWithRandomness (see javadoc for MockitoHint):
[MockitoHint] 1. Unused -> at com.pholser.junit.quickcheck.internal.generator.CorePropertyParameterTest.primeSeed(CorePropertyParameterTest.java:109)
[MockitoHint] 2. Unused -> at com.pholser.junit.quickcheck.internal.generator.CorePropertyParameterTest.primeTrials(CorePropertyParameterTest.java:103)

[INFO] Tests run: 2, Failures: 0, Errors: 0, Skipped: 0, Time elapsed: 0.005 s - in com.pholser.junit.quickcheck.generator.java.lang.RangedPrimitiveIntegerPropertyParameterTest
[INFO] Running com.pholser.junit.quickcheck.generator.java.lang.WrapperIntegerPropertyParameterTest
[MockitoHint] WrapperIntegerPropertyParameterTest.producesExpectedRandomValues (see javadoc for MockitoHint):
[MockitoHint] 1. Unused -> at com.pholser.junit.quickcheck.internal.generator.CorePropertyParameterTest.primeSeed(CorePropertyParameterTest.java:109)
[MockitoHint] 2. Unused -> at com.pholser.junit.quickcheck.internal.generator.CorePropertyParameterTest.primeTrials(CorePropertyParameterTest.java:103)

[MockitoHint] WrapperIntegerPropertyParameterTest.verifyInteractionWithRandomness (see javadoc for MockitoHint):
[MockitoHint] 1. Unused -> at com.pholser.junit.quickcheck.internal.generator.CorePropertyParameterTest.primeSeed(CorePropertyParameterTest.java:109)
[MockitoHint] 2. Unused -> at com.pholser.junit.quickcheck.internal.generator.CorePropertyParameterTest.primeTrials(CorePropertyParameterTest.java:103)

[INFO] Tests run: 2, Failures: 0, Errors: 0, Skipped: 0, Time elapsed: 0.004 s - in com.pholser.junit.quickcheck.generator.java.lang.WrapperIntegerPropertyParameterTest
[INFO] Running com.pholser.junit.quickcheck.generator.java.lang.PrimitiveCharPropertyParameterTest
[MockitoHint] PrimitiveCharPropertyParameterTest.producesExpectedRandomValues (see javadoc for MockitoHint):
[MockitoHint] 1. Unused -> at com.pholser.junit.quickcheck.internal.generator.CorePropertyParameterTest.primeSeed(CorePropertyParameterTest.java:109)
[MockitoHint] 2. Unused -> at com.pholser.junit.quickcheck.internal.generator.CorePropertyParameterTest.primeTrials(CorePropertyParameterTest.java:103)

[MockitoHint] PrimitiveCharPropertyParameterTest.verifyInteractionWithRandomness (see javadoc for MockitoHint):
[MockitoHint] 1. Unused -> at com.pholser.junit.quickcheck.internal.generator.CorePropertyParameterTest.primeSeed(CorePropertyParameterTest.java:109)
[MockitoHint] 2. Unused -> at com.pholser.junit.quickcheck.internal.generator.CorePropertyParameterTest.primeTrials(CorePropertyParameterTest.java:103)

[INFO] Tests run: 2, Failures: 0, Errors: 0, Skipped: 0, Time elapsed: 0.005 s - in com.pholser.junit.quickcheck.generator.java.lang.PrimitiveCharPropertyParameterTest
[INFO] Running com.pholser.junit.quickcheck.generator.java.lang.strings.CodePointsTest
[INFO] Tests run: 5, Failures: 0, Errors: 0, Skipped: 0, Time elapsed: 0.001 s - in com.pholser.junit.quickcheck.generator.java.lang.strings.CodePointsTest
[INFO] Running com.pholser.junit.quickcheck.generator.java.lang.strings.CodePointRangeTest
[INFO] Tests run: 3, Failures: 0, Errors: 0, Skipped: 0, Time elapsed: 0.002 s - in com.pholser.junit.quickcheck.generator.java.lang.strings.CodePointRangeTest
[INFO] Running com.pholser.junit.quickcheck.generator.java.lang.WrapperBytePropertyParameterTest
[MockitoHint] WrapperBytePropertyParameterTest.producesExpectedRandomValues (see javadoc for MockitoHint):
[MockitoHint] 1. Unused -> at com.pholser.junit.quickcheck.internal.generator.CorePropertyParameterTest.primeSeed(CorePropertyParameterTest.java:109)
[MockitoHint] 2. Unused -> at com.pholser.junit.quickcheck.internal.generator.CorePropertyParameterTest.primeTrials(CorePropertyParameterTest.java:103)

[MockitoHint] WrapperBytePropertyParameterTest.verifyInteractionWithRandomness (see javadoc for MockitoHint):
[MockitoHint] 1. Unused -> at com.pholser.junit.quickcheck.internal.generator.CorePropertyParameterTest.primeSeed(CorePropertyParameterTest.java:109)
[MockitoHint] 2. Unused -> at com.pholser.junit.quickcheck.internal.generator.CorePropertyParameterTest.primeTrials(CorePropertyParameterTest.java:103)

[INFO] Tests run: 2, Failures: 0, Errors: 0, Skipped: 0, Time elapsed: 0.003 s - in com.pholser.junit.quickcheck.generator.java.lang.WrapperBytePropertyParameterTest
[INFO] Running com.pholser.junit.quickcheck.generator.java.lang.WrapperDoublePropertyParameterTest
[MockitoHint] WrapperDoublePropertyParameterTest.producesExpectedRandomValues (see javadoc for MockitoHint):
[MockitoHint] 1. Unused -> at com.pholser.junit.quickcheck.internal.generator.CorePropertyParameterTest.primeSeed(CorePropertyParameterTest.java:109)
[MockitoHint] 2. Unused -> at com.pholser.junit.quickcheck.internal.generator.CorePropertyParameterTest.primeTrials(CorePropertyParameterTest.java:103)

[MockitoHint] WrapperDoublePropertyParameterTest.verifyInteractionWithRandomness (see javadoc for MockitoHint):
[MockitoHint] 1. Unused -> at com.pholser.junit.quickcheck.internal.generator.CorePropertyParameterTest.primeSeed(CorePropertyParameterTest.java:109)
[MockitoHint] 2. Unused -> at com.pholser.junit.quickcheck.internal.generator.CorePropertyParameterTest.primeTrials(CorePropertyParameterTest.java:103)

[INFO] Tests run: 2, Failures: 0, Errors: 0, Skipped: 0, Time elapsed: 0.006 s - in com.pholser.junit.quickcheck.generator.java.lang.WrapperDoublePropertyParameterTest
[INFO] Running com.pholser.junit.quickcheck.generator.java.lang.WrapperCharacterPropertyParameterTest
[MockitoHint] WrapperCharacterPropertyParameterTest.producesExpectedRandomValues (see javadoc for MockitoHint):
[MockitoHint] 1. Unused -> at com.pholser.junit.quickcheck.internal.generator.CorePropertyParameterTest.primeSeed(CorePropertyParameterTest.java:109)
[MockitoHint] 2. Unused -> at com.pholser.junit.quickcheck.internal.generator.CorePropertyParameterTest.primeTrials(CorePropertyParameterTest.java:103)

[MockitoHint] WrapperCharacterPropertyParameterTest.verifyInteractionWithRandomness (see javadoc for MockitoHint):
[MockitoHint] 1. Unused -> at com.pholser.junit.quickcheck.internal.generator.CorePropertyParameterTest.primeSeed(CorePropertyParameterTest.java:109)
[MockitoHint] 2. Unused -> at com.pholser.junit.quickcheck.internal.generator.CorePropertyParameterTest.primeTrials(CorePropertyParameterTest.java:103)

[INFO] Tests run: 2, Failures: 0, Errors: 0, Skipped: 0, Time elapsed: 0.005 s - in com.pholser.junit.quickcheck.generator.java.lang.WrapperCharacterPropertyParameterTest
[INFO] Running com.pholser.junit.quickcheck.generator.java.lang.StringPropertyParameterTest
[MockitoHint] StringPropertyParameterTest.producesExpectedRandomValues (see javadoc for MockitoHint):
[MockitoHint] 1. Unused -> at com.pholser.junit.quickcheck.internal.generator.CorePropertyParameterTest.primeSeed(CorePropertyParameterTest.java:109)
[MockitoHint] 2. Unused -> at com.pholser.junit.quickcheck.internal.generator.CorePropertyParameterTest.primeTrials(CorePropertyParameterTest.java:103)

[MockitoHint] StringPropertyParameterTest.verifyInteractionWithRandomness (see javadoc for MockitoHint):
[MockitoHint] 1. Unused -> at com.pholser.junit.quickcheck.internal.generator.CorePropertyParameterTest.primeSeed(CorePropertyParameterTest.java:109)
[MockitoHint] 2. Unused -> at com.pholser.junit.quickcheck.internal.generator.CorePropertyParameterTest.primeTrials(CorePropertyParameterTest.java:103)

[INFO] Tests run: 2, Failures: 0, Errors: 0, Skipped: 0, Time elapsed: 0.01 s - in com.pholser.junit.quickcheck.generator.java.lang.StringPropertyParameterTest
[INFO] Running com.pholser.junit.quickcheck.generator.java.lang.PrimitiveFloatPropertyParameterTest
[MockitoHint] PrimitiveFloatPropertyParameterTest.producesExpectedRandomValues (see javadoc for MockitoHint):
[MockitoHint] 1. Unused -> at com.pholser.junit.quickcheck.internal.generator.CorePropertyParameterTest.primeSeed(CorePropertyParameterTest.java:109)
[MockitoHint] 2. Unused -> at com.pholser.junit.quickcheck.internal.generator.CorePropertyParameterTest.primeTrials(CorePropertyParameterTest.java:103)

[MockitoHint] PrimitiveFloatPropertyParameterTest.verifyInteractionWithRandomness (see javadoc for MockitoHint):
[MockitoHint] 1. Unused -> at com.pholser.junit.quickcheck.internal.generator.CorePropertyParameterTest.primeSeed(CorePropertyParameterTest.java:109)
[MockitoHint] 2. Unused -> at com.pholser.junit.quickcheck.internal.generator.CorePropertyParameterTest.primeTrials(CorePropertyParameterTest.java:103)

[INFO] Tests run: 2, Failures: 0, Errors: 0, Skipped: 0, Time elapsed: 0.009 s - in com.pholser.junit.quickcheck.generator.java.lang.PrimitiveFloatPropertyParameterTest
[INFO] Running com.pholser.junit.quickcheck.generator.java.lang.PrimitiveDoublePropertyParameterTest
[MockitoHint] PrimitiveDoublePropertyParameterTest.producesExpectedRandomValues (see javadoc for MockitoHint):
[MockitoHint] 1. Unused -> at com.pholser.junit.quickcheck.internal.generator.CorePropertyParameterTest.primeSeed(CorePropertyParameterTest.java:109)
[MockitoHint] 2. Unused -> at com.pholser.junit.quickcheck.internal.generator.CorePropertyParameterTest.primeTrials(CorePropertyParameterTest.java:103)

[MockitoHint] PrimitiveDoublePropertyParameterTest.verifyInteractionWithRandomness (see javadoc for MockitoHint):
[MockitoHint] 1. Unused -> at com.pholser.junit.quickcheck.internal.generator.CorePropertyParameterTest.primeSeed(CorePropertyParameterTest.java:109)
[MockitoHint] 2. Unused -> at com.pholser.junit.quickcheck.internal.generator.CorePropertyParameterTest.primeTrials(CorePropertyParameterTest.java:103)

[INFO] Tests run: 2, Failures: 0, Errors: 0, Skipped: 0, Time elapsed: 0.008 s - in com.pholser.junit.quickcheck.generator.java.lang.PrimitiveDoublePropertyParameterTest
[INFO] Running com.pholser.junit.quickcheck.generator.java.lang.WrapperFloatPropertyParameterTest
[MockitoHint] WrapperFloatPropertyParameterTest.producesExpectedRandomValues (see javadoc for MockitoHint):
[MockitoHint] 1. Unused -> at com.pholser.junit.quickcheck.internal.generator.CorePropertyParameterTest.primeSeed(CorePropertyParameterTest.java:109)
[MockitoHint] 2. Unused -> at com.pholser.junit.quickcheck.internal.generator.CorePropertyParameterTest.primeTrials(CorePropertyParameterTest.java:103)

[MockitoHint] WrapperFloatPropertyParameterTest.verifyInteractionWithRandomness (see javadoc for MockitoHint):
[MockitoHint] 1. Unused -> at com.pholser.junit.quickcheck.internal.generator.CorePropertyParameterTest.primeSeed(CorePropertyParameterTest.java:109)
[MockitoHint] 2. Unused -> at com.pholser.junit.quickcheck.internal.generator.CorePropertyParameterTest.primeTrials(CorePropertyParameterTest.java:103)

[INFO] Tests run: 2, Failures: 0, Errors: 0, Skipped: 0, Time elapsed: 0.007 s - in com.pholser.junit.quickcheck.generator.java.lang.WrapperFloatPropertyParameterTest
[INFO] Running com.pholser.junit.quickcheck.generator.java.lang.PrimitiveBooleanPropertyParameterTest
[MockitoHint] PrimitiveBooleanPropertyParameterTest.producesExpectedRandomValues (see javadoc for MockitoHint):
[MockitoHint] 1. Unused -> at com.pholser.junit.quickcheck.internal.generator.CorePropertyParameterTest.primeSeed(CorePropertyParameterTest.java:109)
[MockitoHint] 2. Unused -> at com.pholser.junit.quickcheck.internal.generator.CorePropertyParameterTest.primeTrials(CorePropertyParameterTest.java:103)

[MockitoHint] PrimitiveBooleanPropertyParameterTest.verifyInteractionWithRandomness (see javadoc for MockitoHint):
[MockitoHint] 1. Unused -> at com.pholser.junit.quickcheck.internal.generator.CorePropertyParameterTest.primeSeed(CorePropertyParameterTest.java:109)
[MockitoHint] 2. Unused -> at com.pholser.junit.quickcheck.internal.generator.CorePropertyParameterTest.primeTrials(CorePropertyParameterTest.java:103)

[INFO] Tests run: 2, Failures: 0, Errors: 0, Skipped: 0, Time elapsed: 0.005 s - in com.pholser.junit.quickcheck.generator.java.lang.PrimitiveBooleanPropertyParameterTest
[INFO] Running com.pholser.junit.quickcheck.generator.java.lang.PrimitiveIntegerPropertyParameterTest
[MockitoHint] PrimitiveIntegerPropertyParameterTest.producesExpectedRandomValues (see javadoc for MockitoHint):
[MockitoHint] 1. Unused -> at com.pholser.junit.quickcheck.internal.generator.CorePropertyParameterTest.primeSeed(CorePropertyParameterTest.java:109)
[MockitoHint] 2. Unused -> at com.pholser.junit.quickcheck.internal.generator.CorePropertyParameterTest.primeTrials(CorePropertyParameterTest.java:103)

[MockitoHint] PrimitiveIntegerPropertyParameterTest.verifyInteractionWithRandomness (see javadoc for MockitoHint):
[MockitoHint] 1. Unused -> at com.pholser.junit.quickcheck.internal.generator.CorePropertyParameterTest.primeSeed(CorePropertyParameterTest.java:109)
[MockitoHint] 2. Unused -> at com.pholser.junit.quickcheck.internal.generator.CorePropertyParameterTest.primeTrials(CorePropertyParameterTest.java:103)

[INFO] Tests run: 2, Failures: 0, Errors: 0, Skipped: 0, Time elapsed: 0.006 s - in com.pholser.junit.quickcheck.generator.java.lang.PrimitiveIntegerPropertyParameterTest
[INFO] Running com.pholser.junit.quickcheck.generator.java.lang.EncodedStringPropertyParameterTest
[MockitoHint] EncodedStringPropertyParameterTest.producesExpectedRandomValues (see javadoc for MockitoHint):
[MockitoHint] 1. Unused -> at com.pholser.junit.quickcheck.internal.generator.CorePropertyParameterTest.primeSeed(CorePropertyParameterTest.java:109)
[MockitoHint] 2. Unused -> at com.pholser.junit.quickcheck.internal.generator.CorePropertyParameterTest.primeTrials(CorePropertyParameterTest.java:103)

[MockitoHint] EncodedStringPropertyParameterTest.verifyInteractionWithRandomness (see javadoc for MockitoHint):
[MockitoHint] 1. Unused -> at com.pholser.junit.quickcheck.internal.generator.CorePropertyParameterTest.primeSeed(CorePropertyParameterTest.java:109)
[MockitoHint] 2. Unused -> at com.pholser.junit.quickcheck.internal.generator.CorePropertyParameterTest.primeTrials(CorePropertyParameterTest.java:103)

[INFO] Tests run: 2, Failures: 0, Errors: 0, Skipped: 0, Time elapsed: 7.129 s - in com.pholser.junit.quickcheck.generator.java.lang.EncodedStringPropertyParameterTest
[INFO] Running com.pholser.junit.quickcheck.generator.java.lang.PrimitiveLongPropertyParameterTest
[MockitoHint] PrimitiveLongPropertyParameterTest.producesExpectedRandomValues (see javadoc for MockitoHint):
[MockitoHint] 1. Unused -> at com.pholser.junit.quickcheck.internal.generator.CorePropertyParameterTest.primeSeed(CorePropertyParameterTest.java:109)
[MockitoHint] 2. Unused -> at com.pholser.junit.quickcheck.internal.generator.CorePropertyParameterTest.primeTrials(CorePropertyParameterTest.java:103)

[MockitoHint] PrimitiveLongPropertyParameterTest.verifyInteractionWithRandomness (see javadoc for MockitoHint):
[MockitoHint] 1. Unused -> at com.pholser.junit.quickcheck.internal.generator.CorePropertyParameterTest.primeSeed(CorePropertyParameterTest.java:109)
[MockitoHint] 2. Unused -> at com.pholser.junit.quickcheck.internal.generator.CorePropertyParameterTest.primeTrials(CorePropertyParameterTest.java:103)

[INFO] Tests run: 2, Failures: 0, Errors: 0, Skipped: 0, Time elapsed: 0.002 s - in com.pholser.junit.quickcheck.generator.java.lang.PrimitiveLongPropertyParameterTest
[INFO] Running com.pholser.junit.quickcheck.generator.java.nio.charset.CharsetPropertyParameterTest
[MockitoHint] CharsetPropertyParameterTest.producesExpectedRandomValues (see javadoc for MockitoHint):
[MockitoHint] 1. Unused -> at com.pholser.junit.quickcheck.internal.generator.CorePropertyParameterTest.primeSeed(CorePropertyParameterTest.java:109)
[MockitoHint] 2. Unused -> at com.pholser.junit.quickcheck.internal.generator.CorePropertyParameterTest.primeTrials(CorePropertyParameterTest.java:103)

[MockitoHint] CharsetPropertyParameterTest.verifyInteractionWithRandomness (see javadoc for MockitoHint):
[MockitoHint] 1. Unused -> at com.pholser.junit.quickcheck.internal.generator.CorePropertyParameterTest.primeSeed(CorePropertyParameterTest.java:109)
[MockitoHint] 2. Unused -> at com.pholser.junit.quickcheck.internal.generator.CorePropertyParameterTest.primeTrials(CorePropertyParameterTest.java:103)

[INFO] Tests run: 2, Failures: 0, Errors: 0, Skipped: 0, Time elapsed: 0.035 s - in com.pholser.junit.quickcheck.generator.java.nio.charset.CharsetPropertyParameterTest
[INFO] Running com.pholser.junit.quickcheck.generator.java.util.SetOfHuhPropertyParameterTest
[MockitoHint] SetOfHuhPropertyParameterTest.producesExpectedRandomValues (see javadoc for MockitoHint):
[MockitoHint] 1. Unused -> at com.pholser.junit.quickcheck.internal.generator.CorePropertyParameterTest.primeSeed(CorePropertyParameterTest.java:109)
[MockitoHint] 2. Unused -> at com.pholser.junit.quickcheck.internal.generator.CorePropertyParameterTest.primeTrials(CorePropertyParameterTest.java:103)

[MockitoHint] SetOfHuhPropertyParameterTest.verifyInteractionWithRandomness (see javadoc for MockitoHint):
[MockitoHint] 1. Unused -> at com.pholser.junit.quickcheck.internal.generator.CorePropertyParameterTest.primeSeed(CorePropertyParameterTest.java:109)
[MockitoHint] 2. Unused -> at com.pholser.junit.quickcheck.internal.generator.CorePropertyParameterTest.primeTrials(CorePropertyParameterTest.java:103)

[INFO] Tests run: 2, Failures: 0, Errors: 0, Skipped: 0, Time elapsed: 0.027 s - in com.pholser.junit.quickcheck.generator.java.util.SetOfHuhPropertyParameterTest
[INFO] Running com.pholser.junit.quickcheck.generator.java.util.MapOfIntegerToFloatPropertyParameterTest
[MockitoHint] MapOfIntegerToFloatPropertyParameterTest.producesExpectedRandomValues (see javadoc for MockitoHint):
[MockitoHint] 1. Unused -> at com.pholser.junit.quickcheck.internal.generator.CorePropertyParameterTest.primeSeed(CorePropertyParameterTest.java:109)
[MockitoHint] 2. Unused -> at com.pholser.junit.quickcheck.internal.generator.CorePropertyParameterTest.primeTrials(CorePropertyParameterTest.java:103)

[MockitoHint] MapOfIntegerToFloatPropertyParameterTest.verifyInteractionWithRandomness (see javadoc for MockitoHint):
[MockitoHint] 1. Unused -> at com.pholser.junit.quickcheck.internal.generator.CorePropertyParameterTest.primeSeed(CorePropertyParameterTest.java:109)
[MockitoHint] 2. Unused -> at com.pholser.junit.quickcheck.internal.generator.CorePropertyParameterTest.primeTrials(CorePropertyParameterTest.java:103)

[INFO] Tests run: 2, Failures: 0, Errors: 0, Skipped: 0, Time elapsed: 0.004 s - in com.pholser.junit.quickcheck.generator.java.util.MapOfIntegerToFloatPropertyParameterTest
[INFO] Running com.pholser.junit.quickcheck.generator.java.util.OptionalIntPropertyParameterTest
[INFO] Tests run: 2, Failures: 0, Errors: 0, Skipped: 0, Time elapsed: 0.013 s - in com.pholser.junit.quickcheck.generator.java.util.OptionalIntPropertyParameterTest
[INFO] Running com.pholser.junit.quickcheck.generator.java.util.ListOfIntArrayPropertyParameterTest
[MockitoHint] ListOfIntArrayPropertyParameterTest.producesExpectedRandomValues (see javadoc for MockitoHint):
[MockitoHint] 1. Unused -> at com.pholser.junit.quickcheck.internal.generator.CorePropertyParameterTest.primeSeed(CorePropertyParameterTest.java:109)
[MockitoHint] 2. Unused -> at com.pholser.junit.quickcheck.internal.generator.CorePropertyParameterTest.primeTrials(CorePropertyParameterTest.java:103)

[MockitoHint] ListOfIntArrayPropertyParameterTest.verifyInteractionWithRandomness (see javadoc for MockitoHint):
[MockitoHint] 1. Unused -> at com.pholser.junit.quickcheck.internal.generator.CorePropertyParameterTest.primeSeed(CorePropertyParameterTest.java:109)
[MockitoHint] 2. Unused -> at com.pholser.junit.quickcheck.internal.generator.CorePropertyParameterTest.primeTrials(CorePropertyParameterTest.java:103)

[INFO] Tests run: 2, Failures: 0, Errors: 0, Skipped: 0, Time elapsed: 0.002 s - in com.pholser.junit.quickcheck.generator.java.util.ListOfIntArrayPropertyParameterTest
[INFO] Running com.pholser.junit.quickcheck.generator.java.util.OptionalPropertyParameterTest
[INFO] Tests run: 2, Failures: 0, Errors: 0, Skipped: 0, Time elapsed: 0.013 s - in com.pholser.junit.quickcheck.generator.java.util.OptionalPropertyParameterTest
[INFO] Running com.pholser.junit.quickcheck.generator.java.util.PropertiesPropertyParameterTest
[MockitoHint] PropertiesPropertyParameterTest.producesExpectedRandomValues (see javadoc for MockitoHint):
[MockitoHint] 1. Unused -> at com.pholser.junit.quickcheck.internal.generator.CorePropertyParameterTest.primeSeed(CorePropertyParameterTest.java:109)
[MockitoHint] 2. Unused -> at com.pholser.junit.quickcheck.internal.generator.CorePropertyParameterTest.primeTrials(CorePropertyParameterTest.java:103)

[MockitoHint] PropertiesPropertyParameterTest.verifyInteractionWithRandomness (see javadoc for MockitoHint):
[MockitoHint] 1. Unused -> at com.pholser.junit.quickcheck.internal.generator.CorePropertyParameterTest.primeSeed(CorePropertyParameterTest.java:109)
[MockitoHint] 2. Unused -> at com.pholser.junit.quickcheck.internal.generator.CorePropertyParameterTest.primeTrials(CorePropertyParameterTest.java:103)

[INFO] Tests run: 2, Failures: 0, Errors: 0, Skipped: 0, Time elapsed: 0.004 s - in com.pholser.junit.quickcheck.generator.java.util.PropertiesPropertyParameterTest
[INFO] Running com.pholser.junit.quickcheck.generator.java.util.SetOfExtendsBytePropertyParameterTest
[MockitoHint] SetOfExtendsBytePropertyParameterTest.producesExpectedRandomValues (see javadoc for MockitoHint):
[MockitoHint] 1. Unused -> at com.pholser.junit.quickcheck.Generating.ints(Generating.java:117)
[MockitoHint] 2. Unused -> at com.pholser.junit.quickcheck.internal.generator.CorePropertyParameterTest.primeSeed(CorePropertyParameterTest.java:109)
[MockitoHint] 3. Unused -> at com.pholser.junit.quickcheck.internal.generator.CorePropertyParameterTest.primeTrials(CorePropertyParameterTest.java:103)

[MockitoHint] SetOfExtendsBytePropertyParameterTest.verifyInteractionWithRandomness (see javadoc for MockitoHint):
[MockitoHint] 1. Unused -> at com.pholser.junit.quickcheck.Generating.ints(Generating.java:117)
[MockitoHint] 2. Unused -> at com.pholser.junit.quickcheck.internal.generator.CorePropertyParameterTest.primeSeed(CorePropertyParameterTest.java:109)
[MockitoHint] 3. Unused -> at com.pholser.junit.quickcheck.internal.generator.CorePropertyParameterTest.primeTrials(CorePropertyParameterTest.java:103)

[INFO] Tests run: 2, Failures: 0, Errors: 0, Skipped: 0, Time elapsed: 0.015 s - in com.pholser.junit.quickcheck.generator.java.util.SetOfExtendsBytePropertyParameterTest
[INFO] Running com.pholser.junit.quickcheck.generator.java.util.ListOfExtendsShortPropertyParameterTest
[MockitoHint] ListOfExtendsShortPropertyParameterTest.producesExpectedRandomValues (see javadoc for MockitoHint):
[MockitoHint] 1. Unused -> at com.pholser.junit.quickcheck.internal.generator.CorePropertyParameterTest.primeSeed(CorePropertyParameterTest.java:109)
[MockitoHint] 2. Unused -> at com.pholser.junit.quickcheck.internal.generator.CorePropertyParameterTest.primeTrials(CorePropertyParameterTest.java:103)

[MockitoHint] ListOfExtendsShortPropertyParameterTest.verifyInteractionWithRandomness (see javadoc for MockitoHint):
[MockitoHint] 1. Unused -> at com.pholser.junit.quickcheck.internal.generator.CorePropertyParameterTest.primeSeed(CorePropertyParameterTest.java:109)
[MockitoHint] 2. Unused -> at com.pholser.junit.quickcheck.internal.generator.CorePropertyParameterTest.primeTrials(CorePropertyParameterTest.java:103)

[INFO] Tests run: 2, Failures: 0, Errors: 0, Skipped: 0, Time elapsed: 0.012 s - in com.pholser.junit.quickcheck.generator.java.util.ListOfExtendsShortPropertyParameterTest
[INFO] Running com.pholser.junit.quickcheck.generator.java.util.SetOfSuperFloatPropertyParameterTest
[MockitoHint] SetOfSuperFloatPropertyParameterTest.producesExpectedRandomValues (see javadoc for MockitoHint):
[MockitoHint] 1. Unused -> at com.pholser.junit.quickcheck.Generating.ints(Generating.java:117)
[MockitoHint] 2. Unused -> at com.pholser.junit.quickcheck.internal.generator.CorePropertyParameterTest.primeSeed(CorePropertyParameterTest.java:109)
[MockitoHint] 3. Unused -> at com.pholser.junit.quickcheck.internal.generator.CorePropertyParameterTest.primeTrials(CorePropertyParameterTest.java:103)

[MockitoHint] SetOfSuperFloatPropertyParameterTest.verifyInteractionWithRandomness (see javadoc for MockitoHint):
[MockitoHint] 1. Unused -> at com.pholser.junit.quickcheck.Generating.ints(Generating.java:117)
[MockitoHint] 2. Unused -> at com.pholser.junit.quickcheck.internal.generator.CorePropertyParameterTest.primeSeed(CorePropertyParameterTest.java:109)
[MockitoHint] 3. Unused -> at com.pholser.junit.quickcheck.internal.generator.CorePropertyParameterTest.primeTrials(CorePropertyParameterTest.java:103)

[INFO] Tests run: 2, Failures: 0, Errors: 0, Skipped: 0, Time elapsed: 0.02 s - in com.pholser.junit.quickcheck.generator.java.util.SetOfSuperFloatPropertyParameterTest
[INFO] Running com.pholser.junit.quickcheck.generator.java.util.RFC4122UtilityClassTest
[INFO] Tests run: 1, Failures: 0, Errors: 0, Skipped: 0, Time elapsed: 0.003 s - in com.pholser.junit.quickcheck.generator.java.util.RFC4122UtilityClassTest
[INFO] Running com.pholser.junit.quickcheck.generator.java.util.TimeZonePropertyParameterTest
[MockitoHint] TimeZonePropertyParameterTest.producesExpectedRandomValues (see javadoc for MockitoHint):
[MockitoHint] 1. Unused -> at com.pholser.junit.quickcheck.internal.generator.CorePropertyParameterTest.primeSeed(CorePropertyParameterTest.java:109)
[MockitoHint] 2. Unused -> at com.pholser.junit.quickcheck.internal.generator.CorePropertyParameterTest.primeTrials(CorePropertyParameterTest.java:103)

[MockitoHint] TimeZonePropertyParameterTest.verifyInteractionWithRandomness (see javadoc for MockitoHint):
[MockitoHint] 1. Unused -> at com.pholser.junit.quickcheck.internal.generator.CorePropertyParameterTest.primeSeed(CorePropertyParameterTest.java:109)
[MockitoHint] 2. Unused -> at com.pholser.junit.quickcheck.internal.generator.CorePropertyParameterTest.primeTrials(CorePropertyParameterTest.java:103)

[INFO] Tests run: 2, Failures: 0, Errors: 0, Skipped: 0, Time elapsed: 0.01 s - in com.pholser.junit.quickcheck.generator.java.util.TimeZonePropertyParameterTest
[INFO] Running com.pholser.junit.quickcheck.generator.java.util.BitSetPropertyParameterTest
[MockitoHint] BitSetPropertyParameterTest.producesExpectedRandomValues (see javadoc for MockitoHint):
[MockitoHint] 1. Unused -> at com.pholser.junit.quickcheck.internal.generator.CorePropertyParameterTest.primeSeed(CorePropertyParameterTest.java:109)
[MockitoHint] 2. Unused -> at com.pholser.junit.quickcheck.internal.generator.CorePropertyParameterTest.primeTrials(CorePropertyParameterTest.java:103)

[MockitoHint] BitSetPropertyParameterTest.verifyInteractionWithRandomness (see javadoc for MockitoHint):
[MockitoHint] 1. Unused -> at com.pholser.junit.quickcheck.internal.generator.CorePropertyParameterTest.primeSeed(CorePropertyParameterTest.java:109)
[MockitoHint] 2. Unused -> at com.pholser.junit.quickcheck.internal.generator.CorePropertyParameterTest.primeTrials(CorePropertyParameterTest.java:103)

[INFO] Tests run: 2, Failures: 0, Errors: 0, Skipped: 0, Time elapsed: 0.007 s - in com.pholser.junit.quickcheck.generator.java.util.BitSetPropertyParameterTest
[INFO] Running com.pholser.junit.quickcheck.generator.java.util.SetOfWrapperBooleanPropertyParameterTest
[MockitoHint] SetOfWrapperBooleanPropertyParameterTest.producesExpectedRandomValues (see javadoc for MockitoHint):
[MockitoHint] 1. Unused -> at com.pholser.junit.quickcheck.internal.generator.CorePropertyParameterTest.primeSeed(CorePropertyParameterTest.java:109)
[MockitoHint] 2. Unused -> at com.pholser.junit.quickcheck.internal.generator.CorePropertyParameterTest.primeTrials(CorePropertyParameterTest.java:103)

[MockitoHint] SetOfWrapperBooleanPropertyParameterTest.verifyInteractionWithRandomness (see javadoc for MockitoHint):
[MockitoHint] 1. Unused -> at com.pholser.junit.quickcheck.internal.generator.CorePropertyParameterTest.primeSeed(CorePropertyParameterTest.java:109)
[MockitoHint] 2. Unused -> at com.pholser.junit.quickcheck.internal.generator.CorePropertyParameterTest.primeTrials(CorePropertyParameterTest.java:103)

[INFO] Tests run: 2, Failures: 0, Errors: 0, Skipped: 0, Time elapsed: 0.016 s - in com.pholser.junit.quickcheck.generator.java.util.SetOfWrapperBooleanPropertyParameterTest
[INFO] Running com.pholser.junit.quickcheck.generator.java.util.ListOfHuhPropertyParameterTest
[MockitoHint] ListOfHuhPropertyParameterTest.producesExpectedRandomValues (see javadoc for MockitoHint):
[MockitoHint] 1. Unused -> at com.pholser.junit.quickcheck.internal.generator.CorePropertyParameterTest.primeSeed(CorePropertyParameterTest.java:109)
[MockitoHint] 2. Unused -> at com.pholser.junit.quickcheck.internal.generator.CorePropertyParameterTest.primeTrials(CorePropertyParameterTest.java:103)

[MockitoHint] ListOfHuhPropertyParameterTest.verifyInteractionWithRandomness (see javadoc for MockitoHint):
[MockitoHint] 1. Unused -> at com.pholser.junit.quickcheck.internal.generator.CorePropertyParameterTest.primeSeed(CorePropertyParameterTest.java:109)
[MockitoHint] 2. Unused -> at com.pholser.junit.quickcheck.internal.generator.CorePropertyParameterTest.primeTrials(CorePropertyParameterTest.java:103)

[INFO] Tests run: 2, Failures: 0, Errors: 0, Skipped: 0, Time elapsed: 0.007 s - in com.pholser.junit.quickcheck.generator.java.util.ListOfHuhPropertyParameterTest
[INFO] Running com.pholser.junit.quickcheck.generator.java.util.RFC4122Version3PropertyParameterTest
[MockitoHint] RFC4122Version3PropertyParameterTest.producesExpectedRandomValues (see javadoc for MockitoHint):
[MockitoHint] 1. Unused -> at com.pholser.junit.quickcheck.internal.generator.CorePropertyParameterTest.primeSeed(CorePropertyParameterTest.java:109)
[MockitoHint] 2. Unused -> at com.pholser.junit.quickcheck.internal.generator.CorePropertyParameterTest.primeTrials(CorePropertyParameterTest.java:103)

[MockitoHint] RFC4122Version3PropertyParameterTest.verifyInteractionWithRandomness (see javadoc for MockitoHint):
[MockitoHint] 1. Unused -> at com.pholser.junit.quickcheck.internal.generator.CorePropertyParameterTest.primeSeed(CorePropertyParameterTest.java:109)
[MockitoHint] 2. Unused -> at com.pholser.junit.quickcheck.internal.generator.CorePropertyParameterTest.primeTrials(CorePropertyParameterTest.java:103)

[INFO] Tests run: 2, Failures: 0, Errors: 0, Skipped: 0, Time elapsed: 0.004 s - in com.pholser.junit.quickcheck.generator.java.util.RFC4122Version3PropertyParameterTest
[INFO] Running com.pholser.junit.quickcheck.generator.java.util.RangedDatePropertyParameterTest
[MockitoHint] RangedDatePropertyParameterTest.producesExpectedRandomValues (see javadoc for MockitoHint):
[MockitoHint] 1. Unused -> at com.pholser.junit.quickcheck.internal.generator.CorePropertyParameterTest.primeSeed(CorePropertyParameterTest.java:109)
[MockitoHint] 2. Unused -> at com.pholser.junit.quickcheck.internal.generator.CorePropertyParameterTest.primeTrials(CorePropertyParameterTest.java:103)

[MockitoHint] RangedDatePropertyParameterTest.verifyInteractionWithRandomness (see javadoc for MockitoHint):
[MockitoHint] 1. Unused -> at com.pholser.junit.quickcheck.internal.generator.CorePropertyParameterTest.primeSeed(CorePropertyParameterTest.java:109)
[MockitoHint] 2. Unused -> at com.pholser.junit.quickcheck.internal.generator.CorePropertyParameterTest.primeTrials(CorePropertyParameterTest.java:103)

[INFO] Tests run: 2, Failures: 0, Errors: 0, Skipped: 0, Time elapsed: 0.031 s - in com.pholser.junit.quickcheck.generator.java.util.RangedDatePropertyParameterTest
[INFO] Running com.pholser.junit.quickcheck.generator.java.util.MessageDigestsUtilityClassTest
[INFO] Tests run: 1, Failures: 0, Errors: 0, Skipped: 0, Time elapsed: 0.001 s - in com.pholser.junit.quickcheck.generator.java.util.MessageDigestsUtilityClassTest
[INFO] Running com.pholser.junit.quickcheck.generator.java.util.RFC4122Version5PropertyParameterTest
[MockitoHint] RFC4122Version5PropertyParameterTest.producesExpectedRandomValues (see javadoc for MockitoHint):
[MockitoHint] 1. Unused -> at com.pholser.junit.quickcheck.internal.generator.CorePropertyParameterTest.primeSeed(CorePropertyParameterTest.java:109)
[MockitoHint] 2. Unused -> at com.pholser.junit.quickcheck.internal.generator.CorePropertyParameterTest.primeTrials(CorePropertyParameterTest.java:103)

[MockitoHint] RFC4122Version5PropertyParameterTest.verifyInteractionWithRandomness (see javadoc for MockitoHint):
[MockitoHint] 1. Unused -> at com.pholser.junit.quickcheck.internal.generator.CorePropertyParameterTest.primeSeed(CorePropertyParameterTest.java:109)
[MockitoHint] 2. Unused -> at com.pholser.junit.quickcheck.internal.generator.CorePropertyParameterTest.primeTrials(CorePropertyParameterTest.java:103)

[INFO] Tests run: 2, Failures: 0, Errors: 0, Skipped: 0, Time elapsed: 0.006 s - in com.pholser.junit.quickcheck.generator.java.util.RFC4122Version5PropertyParameterTest
[INFO] Running com.pholser.junit.quickcheck.generator.java.util.LocalePropertyParameterTest
[MockitoHint] LocalePropertyParameterTest.producesExpectedRandomValues (see javadoc for MockitoHint):
[MockitoHint] 1. Unused -> at com.pholser.junit.quickcheck.internal.generator.CorePropertyParameterTest.primeSeed(CorePropertyParameterTest.java:109)
[MockitoHint] 2. Unused -> at com.pholser.junit.quickcheck.internal.generator.CorePropertyParameterTest.primeTrials(CorePropertyParameterTest.java:103)

[MockitoHint] LocalePropertyParameterTest.verifyInteractionWithRandomness (see javadoc for MockitoHint):
[MockitoHint] 1. Unused -> at com.pholser.junit.quickcheck.internal.generator.CorePropertyParameterTest.primeSeed(CorePropertyParameterTest.java:109)
[MockitoHint] 2. Unused -> at com.pholser.junit.quickcheck.internal.generator.CorePropertyParameterTest.primeTrials(CorePropertyParameterTest.java:103)

[INFO] Tests run: 2, Failures: 0, Errors: 0, Skipped: 0, Time elapsed: 0.005 s - in com.pholser.junit.quickcheck.generator.java.util.LocalePropertyParameterTest
[INFO] Running com.pholser.junit.quickcheck.generator.java.util.RFC4122Version4PropertyParameterTest
[MockitoHint] RFC4122Version4PropertyParameterTest.producesExpectedRandomValues (see javadoc for MockitoHint):
[MockitoHint] 1. Unused -> at com.pholser.junit.quickcheck.internal.generator.CorePropertyParameterTest.primeSeed(CorePropertyParameterTest.java:109)
[MockitoHint] 2. Unused -> at com.pholser.junit.quickcheck.internal.generator.CorePropertyParameterTest.primeTrials(CorePropertyParameterTest.java:103)

[MockitoHint] RFC4122Version4PropertyParameterTest.verifyInteractionWithRandomness (see javadoc for MockitoHint):
[MockitoHint] 1. Unused -> at com.pholser.junit.quickcheck.internal.generator.CorePropertyParameterTest.primeSeed(CorePropertyParameterTest.java:109)
[MockitoHint] 2. Unused -> at com.pholser.junit.quickcheck.internal.generator.CorePropertyParameterTest.primeTrials(CorePropertyParameterTest.java:103)

[INFO] Tests run: 2, Failures: 0, Errors: 0, Skipped: 0, Time elapsed: 0.005 s - in com.pholser.junit.quickcheck.generator.java.util.RFC4122Version4PropertyParameterTest
[INFO] Running com.pholser.junit.quickcheck.generator.java.util.MessageDigestsTest
[INFO] Tests run: 1, Failures: 0, Errors: 0, Skipped: 0, Time elapsed: 0.062 s - in com.pholser.junit.quickcheck.generator.java.util.MessageDigestsTest
[INFO] Running com.pholser.junit.quickcheck.generator.java.util.OptionalDoublePropertyParameterTest
[INFO] Tests run: 2, Failures: 0, Errors: 0, Skipped: 0, Time elapsed: 0.009 s - in com.pholser.junit.quickcheck.generator.java.util.OptionalDoublePropertyParameterTest
[INFO] Running com.pholser.junit.quickcheck.generator.java.util.DatePropertyParameterTest
[MockitoHint] DatePropertyParameterTest.producesExpectedRandomValues (see javadoc for MockitoHint):
[MockitoHint] 1. Unused -> at com.pholser.junit.quickcheck.internal.generator.CorePropertyParameterTest.primeSeed(CorePropertyParameterTest.java:109)
[MockitoHint] 2. Unused -> at com.pholser.junit.quickcheck.internal.generator.CorePropertyParameterTest.primeTrials(CorePropertyParameterTest.java:103)

[MockitoHint] DatePropertyParameterTest.verifyInteractionWithRandomness (see javadoc for MockitoHint):
[MockitoHint] 1. Unused -> at com.pholser.junit.quickcheck.internal.generator.CorePropertyParameterTest.primeSeed(CorePropertyParameterTest.java:109)
[MockitoHint] 2. Unused -> at com.pholser.junit.quickcheck.internal.generator.CorePropertyParameterTest.primeTrials(CorePropertyParameterTest.java:103)

[INFO] Tests run: 2, Failures: 0, Errors: 0, Skipped: 0, Time elapsed: 0.004 s - in com.pholser.junit.quickcheck.generator.java.util.DatePropertyParameterTest
[INFO] Running com.pholser.junit.quickcheck.generator.java.util.ListOfWrapperLongPropertyParameterTest
[MockitoHint] ListOfWrapperLongPropertyParameterTest.producesExpectedRandomValues (see javadoc for MockitoHint):
[MockitoHint] 1. Unused -> at com.pholser.junit.quickcheck.internal.generator.CorePropertyParameterTest.primeSeed(CorePropertyParameterTest.java:109)
[MockitoHint] 2. Unused -> at com.pholser.junit.quickcheck.internal.generator.CorePropertyParameterTest.primeTrials(CorePropertyParameterTest.java:103)

[MockitoHint] ListOfWrapperLongPropertyParameterTest.verifyInteractionWithRandomness (see javadoc for MockitoHint):
[MockitoHint] 1. Unused -> at com.pholser.junit.quickcheck.internal.generator.CorePropertyParameterTest.primeSeed(CorePropertyParameterTest.java:109)
[MockitoHint] 2. Unused -> at com.pholser.junit.quickcheck.internal.generator.CorePropertyParameterTest.primeTrials(CorePropertyParameterTest.java:103)

[INFO] Tests run: 2, Failures: 0, Errors: 0, Skipped: 0, Time elapsed: 0.007 s - in com.pholser.junit.quickcheck.generator.java.util.ListOfWrapperLongPropertyParameterTest
[INFO] Running com.pholser.junit.quickcheck.generator.java.util.SetOfEnumPropertyParameterTest
[MockitoHint] SetOfEnumPropertyParameterTest.producesExpectedRandomValues (see javadoc for MockitoHint):
[MockitoHint] 1. Unused -> at com.pholser.junit.quickcheck.internal.generator.CorePropertyParameterTest.primeSeed(CorePropertyParameterTest.java:109)
[MockitoHint] 2. Unused -> at com.pholser.junit.quickcheck.internal.generator.CorePropertyParameterTest.primeTrials(CorePropertyParameterTest.java:103)

[MockitoHint] SetOfEnumPropertyParameterTest.verifyInteractionWithRandomness (see javadoc for MockitoHint):
[MockitoHint] 1. Unused -> at com.pholser.junit.quickcheck.internal.generator.CorePropertyParameterTest.primeSeed(CorePropertyParameterTest.java:109)
[MockitoHint] 2. Unused -> at com.pholser.junit.quickcheck.internal.generator.CorePropertyParameterTest.primeTrials(CorePropertyParameterTest.java:103)

[INFO] Tests run: 2, Failures: 0, Errors: 0, Skipped: 0, Time elapsed: 0.008 s - in com.pholser.junit.quickcheck.generator.java.util.SetOfEnumPropertyParameterTest
[INFO] Running com.pholser.junit.quickcheck.generator.java.util.HashtableGeneratorTest
[INFO] Tests run: 5, Failures: 0, Errors: 0, Skipped: 0, Time elapsed: 0 s - in com.pholser.junit.quickcheck.generator.java.util.HashtableGeneratorTest
[INFO] Running com.pholser.junit.quickcheck.generator.java.util.OptionalLongPropertyParameterTest
[INFO] Tests run: 2, Failures: 0, Errors: 0, Skipped: 0, Time elapsed: 0.008 s - in com.pholser.junit.quickcheck.generator.java.util.OptionalLongPropertyParameterTest
[INFO] Running com.pholser.junit.quickcheck.generator.java.util.function.ConsumerPropertyParameterTest
[INFO] Tests run: 1, Failures: 0, Errors: 0, Skipped: 0, Time elapsed: 0.048 s - in com.pholser.junit.quickcheck.generator.java.util.function.ConsumerPropertyParameterTest
[INFO] Running com.pholser.junit.quickcheck.generator.java.util.function.ToDoubleBiFunctionPropertyParameterTest
[INFO] Tests run: 1, Failures: 0, Errors: 0, Skipped: 0, Time elapsed: 0.03 s - in com.pholser.junit.quickcheck.generator.java.util.function.ToDoubleBiFunctionPropertyParameterTest
[INFO] Running com.pholser.junit.quickcheck.generator.java.util.function.LongPredicatePropertyParameterTest
[INFO] Tests run: 1, Failures: 0, Errors: 0, Skipped: 0, Time elapsed: 0.02 s - in com.pholser.junit.quickcheck.generator.java.util.function.LongPredicatePropertyParameterTest
[INFO] Running com.pholser.junit.quickcheck.generator.java.util.function.LongSupplierPropertyParameterTest
[INFO] Tests run: 1, Failures: 0, Errors: 0, Skipped: 0, Time elapsed: 0.009 s - in com.pholser.junit.quickcheck.generator.java.util.function.LongSupplierPropertyParameterTest
[INFO] Running com.pholser.junit.quickcheck.generator.java.util.function.LongFunctionPropertyParameterTest
[INFO] Tests run: 1, Failures: 0, Errors: 0, Skipped: 0, Time elapsed: 0.009 s - in com.pholser.junit.quickcheck.generator.java.util.function.LongFunctionPropertyParameterTest
[INFO] Running com.pholser.junit.quickcheck.generator.java.util.function.ToIntBiFunctionPropertyParameterTest
[INFO] Tests run: 1, Failures: 0, Errors: 0, Skipped: 0, Time elapsed: 0.029 s - in com.pholser.junit.quickcheck.generator.java.util.function.ToIntBiFunctionPropertyParameterTest
[INFO] Running com.pholser.junit.quickcheck.generator.java.util.function.DoubleSupplierPropertyParameterTest
[INFO] Tests run: 1, Failures: 0, Errors: 0, Skipped: 0, Time elapsed: 0.002 s - in com.pholser.junit.quickcheck.generator.java.util.function.DoubleSupplierPropertyParameterTest
[INFO] Running com.pholser.junit.quickcheck.generator.java.util.function.ObjDoubleConsumerPropertyParameterTest
[INFO] Tests run: 1, Failures: 0, Errors: 0, Skipped: 0, Time elapsed: 0.015 s - in com.pholser.junit.quickcheck.generator.java.util.function.ObjDoubleConsumerPropertyParameterTest
[INFO] Running com.pholser.junit.quickcheck.generator.java.util.function.IntToDoubleFunctionPropertyParameterTest
[INFO] Tests run: 1, Failures: 0, Errors: 0, Skipped: 0, Time elapsed: 0.008 s - in com.pholser.junit.quickcheck.generator.java.util.function.IntToDoubleFunctionPropertyParameterTest
[INFO] Running com.pholser.junit.quickcheck.generator.java.util.function.BiConsumerPropertyParameterTest
[INFO] Tests run: 1, Failures: 0, Errors: 0, Skipped: 0, Time elapsed: 0.046 s - in com.pholser.junit.quickcheck.generator.java.util.function.BiConsumerPropertyParameterTest
[INFO] Running com.pholser.junit.quickcheck.generator.java.util.function.IntConsumerPropertyParameterTest
[INFO] Tests run: 1, Failures: 0, Errors: 0, Skipped: 0, Time elapsed: 0.026 s - in com.pholser.junit.quickcheck.generator.java.util.function.IntConsumerPropertyParameterTest
[INFO] Running com.pholser.junit.quickcheck.generator.java.util.function.BiFunctionPropertyParameterTest
[INFO] Tests run: 6, Failures: 0, Errors: 0, Skipped: 0, Time elapsed: 13.059 s - in com.pholser.junit.quickcheck.generator.java.util.function.BiFunctionPropertyParameterTest
[INFO] Running com.pholser.junit.quickcheck.generator.java.util.function.DoublePredicatePropertyParameterTest
[INFO] Tests run: 1, Failures: 0, Errors: 0, Skipped: 0, Time elapsed: 0.008 s - in com.pholser.junit.quickcheck.generator.java.util.function.DoublePredicatePropertyParameterTest
[INFO] Running com.pholser.junit.quickcheck.generator.java.util.function.BiPredicatePropertyParameterTest
[INFO] Tests run: 2, Failures: 0, Errors: 0, Skipped: 0, Time elapsed: 0.05 s - in com.pholser.junit.quickcheck.generator.java.util.function.BiPredicatePropertyParameterTest
[INFO] Running com.pholser.junit.quickcheck.generator.java.util.function.IntToLongFunctionPropertyParameterTest
[INFO] Tests run: 1, Failures: 0, Errors: 0, Skipped: 0, Time elapsed: 0.007 s - in com.pholser.junit.quickcheck.generator.java.util.function.IntToLongFunctionPropertyParameterTest
[INFO] Running com.pholser.junit.quickcheck.generator.java.util.function.DoubleToIntFunctionPropertyParameterTest
[INFO] Tests run: 1, Failures: 0, Errors: 0, Skipped: 0, Time elapsed: 0.007 s - in com.pholser.junit.quickcheck.generator.java.util.function.DoubleToIntFunctionPropertyParameterTest
[INFO] Running com.pholser.junit.quickcheck.generator.java.util.function.LongToIntFunctionPropertyParameterTest
[INFO] Tests run: 1, Failures: 0, Errors: 0, Skipped: 0, Time elapsed: 0.008 s - in com.pholser.junit.quickcheck.generator.java.util.function.LongToIntFunctionPropertyParameterTest
[INFO] Running com.pholser.junit.quickcheck.generator.java.util.function.LongUnaryOperatorPropertyParameterTest
[INFO] Tests run: 1, Failures: 0, Errors: 0, Skipped: 0, Time elapsed: 0.008 s - in com.pholser.junit.quickcheck.generator.java.util.function.LongUnaryOperatorPropertyParameterTest
[INFO] Running com.pholser.junit.quickcheck.generator.java.util.function.DoubleToLongFunctionPropertyParameterTest
[INFO] Tests run: 1, Failures: 0, Errors: 0, Skipped: 0, Time elapsed: 0.01 s - in com.pholser.junit.quickcheck.generator.java.util.function.DoubleToLongFunctionPropertyParameterTest
[INFO] Running com.pholser.junit.quickcheck.generator.java.util.function.DoubleUnaryOperatorPropertyParameterTest
[INFO] Tests run: 1, Failures: 0, Errors: 0, Skipped: 0, Time elapsed: 0.009 s - in com.pholser.junit.quickcheck.generator.java.util.function.DoubleUnaryOperatorPropertyParameterTest
[INFO] Running com.pholser.junit.quickcheck.generator.java.util.function.LongConsumerPropertyParameterTest
[INFO] Tests run: 1, Failures: 0, Errors: 0, Skipped: 0, Time elapsed: 0.022 s - in com.pholser.junit.quickcheck.generator.java.util.function.LongConsumerPropertyParameterTest
[INFO] Running com.pholser.junit.quickcheck.generator.java.util.function.UnaryOperatorPropertyParameterTest
[INFO] Tests run: 3, Failures: 0, Errors: 0, Skipped: 0, Time elapsed: 0.041 s - in com.pholser.junit.quickcheck.generator.java.util.function.UnaryOperatorPropertyParameterTest
[INFO] Running com.pholser.junit.quickcheck.generator.java.util.function.ToLongBiFunctionPropertyParameterTest
[INFO] Tests run: 1, Failures: 0, Errors: 0, Skipped: 0, Time elapsed: 0.018 s - in com.pholser.junit.quickcheck.generator.java.util.function.ToLongBiFunctionPropertyParameterTest
[INFO] Running com.pholser.junit.quickcheck.generator.java.util.function.IntSupplierPropertyParameterTest
[INFO] Tests run: 1, Failures: 0, Errors: 0, Skipped: 0, Time elapsed: 0.009 s - in com.pholser.junit.quickcheck.generator.java.util.function.IntSupplierPropertyParameterTest
[INFO] Running com.pholser.junit.quickcheck.generator.java.util.function.DoubleFunctionPropertyParameterTest
[INFO] Tests run: 1, Failures: 0, Errors: 0, Skipped: 0, Time elapsed: 0.009 s - in com.pholser.junit.quickcheck.generator.java.util.function.DoubleFunctionPropertyParameterTest
[INFO] Running com.pholser.junit.quickcheck.generator.java.util.function.IntUnaryOperatorPropertyParameterTest
[INFO] Tests run: 1, Failures: 0, Errors: 0, Skipped: 0, Time elapsed: 0.007 s - in com.pholser.junit.quickcheck.generator.java.util.function.IntUnaryOperatorPropertyParameterTest
[INFO] Running com.pholser.junit.quickcheck.generator.java.util.function.ToLongFunctionPropertyParameterTest
[INFO] Tests run: 1, Failures: 0, Errors: 0, Skipped: 0, Time elapsed: 0.651 s - in com.pholser.junit.quickcheck.generator.java.util.function.ToLongFunctionPropertyParameterTest
[INFO] Running com.pholser.junit.quickcheck.generator.java.util.function.BooleanSupplierPropertyParameterTest
[INFO] Tests run: 1, Failures: 0, Errors: 0, Skipped: 0, Time elapsed: 0.009 s - in com.pholser.junit.quickcheck.generator.java.util.function.BooleanSupplierPropertyParameterTest
[INFO] Running com.pholser.junit.quickcheck.generator.java.util.function.ToIntFunctionPropertyParameterTest
[INFO] Tests run: 1, Failures: 0, Errors: 0, Skipped: 0, Time elapsed: 0.333 s - in com.pholser.junit.quickcheck.generator.java.util.function.ToIntFunctionPropertyParameterTest
[INFO] Running com.pholser.junit.quickcheck.generator.java.util.function.ToDoubleFunctionPropertyParameterTest
[INFO] Tests run: 1, Failures: 0, Errors: 0, Skipped: 0, Time elapsed: 0.394 s - in com.pholser.junit.quickcheck.generator.java.util.function.ToDoubleFunctionPropertyParameterTest
[INFO] Running com.pholser.junit.quickcheck.generator.java.util.function.ObjLongConsumerPropertyParameterTest
[INFO] Tests run: 1, Failures: 0, Errors: 0, Skipped: 0, Time elapsed: 0.016 s - in com.pholser.junit.quickcheck.generator.java.util.function.ObjLongConsumerPropertyParameterTest
[INFO] Running com.pholser.junit.quickcheck.generator.java.util.function.SupplierPropertyParameterTest
[INFO] Tests run: 3, Failures: 0, Errors: 0, Skipped: 0, Time elapsed: 0.254 s - in com.pholser.junit.quickcheck.generator.java.util.function.SupplierPropertyParameterTest
[INFO] Running com.pholser.junit.quickcheck.generator.java.util.function.LongToDoubleFunctionPropertyParameterTest
[INFO] Tests run: 1, Failures: 0, Errors: 0, Skipped: 0, Time elapsed: 0.005 s - in com.pholser.junit.quickcheck.generator.java.util.function.LongToDoubleFunctionPropertyParameterTest
[INFO] Running com.pholser.junit.quickcheck.generator.java.util.function.LongBinaryOperatorPropertyParameterTest
[INFO] Tests run: 1, Failures: 0, Errors: 0, Skipped: 0, Time elapsed: 0.005 s - in com.pholser.junit.quickcheck.generator.java.util.function.LongBinaryOperatorPropertyParameterTest
[INFO] Running com.pholser.junit.quickcheck.generator.java.util.function.IntPredicatePropertyParameterTest
[INFO] Tests run: 1, Failures: 0, Errors: 0, Skipped: 0, Time elapsed: 0.005 s - in com.pholser.junit.quickcheck.generator.java.util.function.IntPredicatePropertyParameterTest
[INFO] Running com.pholser.junit.quickcheck.generator.java.util.function.DoubleBinaryOperatorPropertyParameterTest
[INFO] Tests run: 1, Failures: 0, Errors: 0, Skipped: 0, Time elapsed: 0.003 s - in com.pholser.junit.quickcheck.generator.java.util.function.DoubleBinaryOperatorPropertyParameterTest
[INFO] Running com.pholser.junit.quickcheck.generator.java.util.function.IntFunctionPropertyParameterTest
[INFO] Tests run: 1, Failures: 0, Errors: 0, Skipped: 0, Time elapsed: 0.006 s - in com.pholser.junit.quickcheck.generator.java.util.function.IntFunctionPropertyParameterTest
[INFO] Running com.pholser.junit.quickcheck.generator.java.util.function.PredicatePropertyParameterTest
[INFO] Tests run: 2, Failures: 0, Errors: 0, Skipped: 0, Time elapsed: 0.03 s - in com.pholser.junit.quickcheck.generator.java.util.function.PredicatePropertyParameterTest
[INFO] Running com.pholser.junit.quickcheck.generator.java.util.function.BinaryOperatorPropertyParameterTest
[INFO] Tests run: 3, Failures: 0, Errors: 0, Skipped: 0, Time elapsed: 0.028 s - in com.pholser.junit.quickcheck.generator.java.util.function.BinaryOperatorPropertyParameterTest
[INFO] Running com.pholser.junit.quickcheck.generator.java.util.function.ObjIntConsumerPropertyParameterTest
[INFO] Tests run: 1, Failures: 0, Errors: 0, Skipped: 0, Time elapsed: 0.009 s - in com.pholser.junit.quickcheck.generator.java.util.function.ObjIntConsumerPropertyParameterTest
[INFO] Running com.pholser.junit.quickcheck.generator.java.util.function.IntBinaryOperatorPropertyParameterTest
[INFO] Tests run: 1, Failures: 0, Errors: 0, Skipped: 0, Time elapsed: 0.007 s - in com.pholser.junit.quickcheck.generator.java.util.function.IntBinaryOperatorPropertyParameterTest
[INFO] Running com.pholser.junit.quickcheck.generator.java.util.function.DoubleConsumerPropertyParameterTest
[INFO] Tests run: 1, Failures: 0, Errors: 0, Skipped: 0, Time elapsed: 0.01 s - in com.pholser.junit.quickcheck.generator.java.util.function.DoubleConsumerPropertyParameterTest
[INFO] Running com.pholser.junit.quickcheck.generator.java.util.function.FunctionPropertyParameterTest
[INFO] Tests run: 5, Failures: 0, Errors: 0, Skipped: 0, Time elapsed: 11.942 s - in com.pholser.junit.quickcheck.generator.java.util.function.FunctionPropertyParameterTest
[INFO] Running com.pholser.junit.quickcheck.ContractTestWithTypeVariableForPropertyParameterTest
[INFO] Tests run: 1, Failures: 0, Errors: 0, Skipped: 0, Time elapsed: 0.005 s - in com.pholser.junit.quickcheck.ContractTestWithTypeVariableForPropertyParameterTest
[INFO] Running com.pholser.junit.quickcheck.Repro179Test
[INFO] Tests run: 2, Failures: 0, Errors: 0, Skipped: 0, Time elapsed: 0.018 s - in com.pholser.junit.quickcheck.Repro179Test
[INFO] Running com.pholser.junit.quickcheck.MapPropertyParameterTypesTest
[INFO] Tests run: 17, Failures: 0, Errors: 0, Skipped: 0, Time elapsed: 2.011 s - in com.pholser.junit.quickcheck.MapPropertyParameterTypesTest
[INFO] Running com.pholser.junit.quickcheck.ReproIssue240Test
[INFO] Tests run: 1, Failures: 0, Errors: 0, Skipped: 0, Time elapsed: 0.009 s - in com.pholser.junit.quickcheck.ReproIssue240Test
[INFO] Running com.pholser.junit.quickcheck.PropertiesPropertyParameterTypesTest
[INFO] Tests run: 2, Failures: 0, Errors: 0, Skipped: 0, Time elapsed: 0.144 s - in com.pholser.junit.quickcheck.PropertiesPropertyParameterTypesTest
[INFO] Running com.pholser.junit.quickcheck.CallablePropertyParameterTest
[INFO] Tests run: 1, Failures: 0, Errors: 0, Skipped: 0, Time elapsed: 0.253 s - in com.pholser.junit.quickcheck.CallablePropertyParameterTest
[INFO] Running com.pholser.junit.quickcheck.issue275.ListFunctorProperties
[INFO] Tests run: 1, Failures: 0, Errors: 0, Skipped: 0, Time elapsed: 0.007 s - in com.pholser.junit.quickcheck.issue275.ListFunctorProperties
[INFO] Running com.pholser.junit.quickcheck.LocalTimePropertyParameterTypesTest
[INFO] Tests run: 8, Failures: 0, Errors: 0, Skipped: 0, Time elapsed: 0.035 s - in com.pholser.junit.quickcheck.LocalTimePropertyParameterTypesTest
[INFO] Running com.pholser.junit.quickcheck.MonthDayPropertyParameterTypesTest
[INFO] Tests run: 8, Failures: 0, Errors: 0, Skipped: 0, Time elapsed: 0.038 s - in com.pholser.junit.quickcheck.MonthDayPropertyParameterTypesTest
[INFO] Running com.pholser.junit.quickcheck.ZoneOffsetPropertyParameterTypesTest
[INFO] Tests run: 7, Failures: 0, Errors: 0, Skipped: 0, Time elapsed: 0.022 s - in com.pholser.junit.quickcheck.ZoneOffsetPropertyParameterTypesTest
[INFO] 
[INFO] Results:
[INFO] 
[WARNING] Tests run: 561, Failures: 0, Errors: 0, Skipped: 2
[INFO] 
[INFO] 
[INFO] -----------------< com.pholser:junit-quickcheck-guava >-----------------
[INFO] Building junit-quickcheck-guava 1.1-SNAPSHOT                       [4/5]
[INFO]   from guava/pom.xml
[INFO] --------------------------------[ jar ]---------------------------------
[INFO] 
[INFO] --- clean:3.2.0:clean (default-clean) @ junit-quickcheck-guava ---
[INFO] 
[INFO] --- enforcer:1.2:enforce (enforce-maven) @ junit-quickcheck-guava ---
[INFO] 
[INFO] --- jacoco:0.8.7:prepare-agent (default-prepare-agent) @ junit-quickcheck-guava ---
[INFO] argLine set to -javaagent:/root/.m2/repository/org/jacoco/org.jacoco.agent/0.8.7/org.jacoco.agent-0.8.7-runtime.jar=destfile=/junit-quickcheck/guava/target/jacoco.exec
[INFO] 
[INFO] --- resources:3.3.0:resources (default-resources) @ junit-quickcheck-guava ---
[INFO] skip non existing resourceDirectory /junit-quickcheck/guava/src/main/resources
[INFO] 
[INFO] --- compiler:3.8.1:compile (default-compile) @ junit-quickcheck-guava ---
[INFO] Changes detected - recompiling the module!
[INFO] Compiling 4 source files to /junit-quickcheck/guava/target/classes
[INFO] /junit-quickcheck/guava/src/main/java/com/pholser/junit/quickcheck/guava/generator/PredicateGenerator.java: Some input files use unchecked or unsafe operations.
[INFO] /junit-quickcheck/guava/src/main/java/com/pholser/junit/quickcheck/guava/generator/PredicateGenerator.java: Recompile with -Xlint:unchecked for details.
[INFO] 
[INFO] >>> pmd:3.15.0:cpd-check (default) > :cpd @ junit-quickcheck-guava >>>
[INFO] 
[INFO] --- pmd:3.15.0:cpd (cpd) @ junit-quickcheck-guava ---
[WARNING] Unable to locate Source XRef to link to - DISABLED
[WARNING] Unable to locate Source XRef to link to - DISABLED
[INFO] PMD version: 6.38.0
[INFO] 
[INFO] <<< pmd:3.15.0:cpd-check (default) < :cpd @ junit-quickcheck-guava <<<
[INFO] 
[INFO] 
[INFO] --- pmd:3.15.0:cpd-check (default) @ junit-quickcheck-guava ---
[INFO] PMD version: 6.38.0
[INFO] 
[INFO] 
[INFO] --- serviceloader:1.4.0:generate (default) @ junit-quickcheck-guava ---
[INFO] Scanning generated classes for implementations...
[INFO] Generating service file /junit-quickcheck/guava/target/classes/META-INF/services/com.pholser.junit.quickcheck.generator.Generator
[INFO]   + com.pholser.junit.quickcheck.guava.generator.PredicateGenerator
[INFO]   + com.pholser.junit.quickcheck.guava.generator.SupplierGenerator
[INFO]   + com.pholser.junit.quickcheck.guava.generator.OptionalGenerator
[INFO]   + com.pholser.junit.quickcheck.guava.generator.FunctionGenerator
[INFO] 
[INFO] --- resources:3.3.0:testResources (default-testResources) @ junit-quickcheck-guava ---
[INFO] skip non existing resourceDirectory /junit-quickcheck/guava/src/test/resources
[INFO] 
[INFO] --- compiler:3.8.1:testCompile (default-testCompile) @ junit-quickcheck-guava ---
[INFO] Changes detected - recompiling the module!
[INFO] Compiling 5 source files to /junit-quickcheck/guava/target/test-classes
[INFO] 
[INFO] --- surefire:3.0.0-M5:test (default-test) @ junit-quickcheck-guava ---
[INFO] 
[INFO] -------------------------------------------------------
[INFO]  T E S T S
[INFO] -------------------------------------------------------
[INFO] Running com.pholser.junit.quickcheck.guava.generator.FunctionOfStringToIntPropertyParameterTest
[MockitoHint] FunctionOfStringToIntPropertyParameterTest.producesExpectedRandomValues (see javadoc for MockitoHint):
[MockitoHint] 1. Unused -> at com.pholser.junit.quickcheck.internal.generator.CorePropertyParameterTest.primeSeed(CorePropertyParameterTest.java:109)
[MockitoHint] 2. Unused -> at com.pholser.junit.quickcheck.internal.generator.CorePropertyParameterTest.primeTrials(CorePropertyParameterTest.java:103)

[MockitoHint] FunctionOfStringToIntPropertyParameterTest.verifyInteractionWithRandomness (see javadoc for MockitoHint):
[MockitoHint] 1. Unused -> at com.pholser.junit.quickcheck.internal.generator.CorePropertyParameterTest.primeSeed(CorePropertyParameterTest.java:109)
[MockitoHint] 2. Unused -> at com.pholser.junit.quickcheck.internal.generator.CorePropertyParameterTest.primeTrials(CorePropertyParameterTest.java:103)

[INFO] Tests run: 2, Failures: 0, Errors: 0, Skipped: 0, Time elapsed: 2.262 s - in com.pholser.junit.quickcheck.guava.generator.FunctionOfStringToIntPropertyParameterTest
[INFO] Running com.pholser.junit.quickcheck.guava.generator.OptionalPropertyParameterTest
[INFO] Tests run: 2, Failures: 0, Errors: 0, Skipped: 0, Time elapsed: 10.217 s - in com.pholser.junit.quickcheck.guava.generator.OptionalPropertyParameterTest
[INFO] Running com.pholser.junit.quickcheck.guava.generator.FunctionPropertyParameterTypesTest
[INFO] Tests run: 3, Failures: 0, Errors: 0, Skipped: 0, Time elapsed: 0.554 s - in com.pholser.junit.quickcheck.guava.generator.FunctionPropertyParameterTypesTest
[INFO] Running com.pholser.junit.quickcheck.guava.generator.SupplierPropertyParameterTest
[INFO] Tests run: 3, Failures: 0, Errors: 0, Skipped: 0, Time elapsed: 0.848 s - in com.pholser.junit.quickcheck.guava.generator.SupplierPropertyParameterTest
[INFO] Running com.pholser.junit.quickcheck.guava.generator.PredicatePropertyParameterTest
[INFO] Tests run: 1, Failures: 0, Errors: 0, Skipped: 0, Time elapsed: 0.016 s - in com.pholser.junit.quickcheck.guava.generator.PredicatePropertyParameterTest
[INFO] 
[INFO] Results:
[INFO] 
[INFO] Tests run: 11, Failures: 0, Errors: 0, Skipped: 0
[INFO] 
[INFO] 
[INFO] ---------------< com.pholser:junit-quickcheck-examples >----------------
[INFO] Building junit-quickcheck-examples 1.1-SNAPSHOT                    [5/5]
[INFO]   from examples/pom.xml
[INFO] --------------------------------[ jar ]---------------------------------
[INFO] Downloading from central: https://repo.maven.apache.org/maven2/com/github/mifmif/generex/1.0.2/generex-1.0.2.pom
[INFO] Downloaded from central: https://repo.maven.apache.org/maven2/com/github/mifmif/generex/1.0.2/generex-1.0.2.pom (11 kB at 649 kB/s)
[INFO] Downloading from central: https://repo.maven.apache.org/maven2/dk/brics/automaton/automaton/1.11-8/automaton-1.11-8.pom
[INFO] Downloaded from central: https://repo.maven.apache.org/maven2/dk/brics/automaton/automaton/1.11-8/automaton-1.11-8.pom (1.1 kB at 120 kB/s)
[INFO] Downloading from central: https://repo.maven.apache.org/maven2/com/github/mifmif/generex/1.0.2/generex-1.0.2.jar
[INFO] Downloaded from central: https://repo.maven.apache.org/maven2/com/github/mifmif/generex/1.0.2/generex-1.0.2.jar (14 kB at 1.8 MB/s)
[INFO] Downloading from central: https://repo.maven.apache.org/maven2/dk/brics/automaton/automaton/1.11-8/automaton-1.11-8.jar
[INFO] Downloaded from central: https://repo.maven.apache.org/maven2/dk/brics/automaton/automaton/1.11-8/automaton-1.11-8.jar (176 kB at 7.7 MB/s)
[INFO] 
[INFO] --- clean:3.2.0:clean (default-clean) @ junit-quickcheck-examples ---
[INFO] 
[INFO] --- enforcer:1.2:enforce (enforce-maven) @ junit-quickcheck-examples ---
[INFO] 
[INFO] --- jacoco:0.8.7:prepare-agent (default-prepare-agent) @ junit-quickcheck-examples ---
[INFO] argLine set to -javaagent:/root/.m2/repository/org/jacoco/org.jacoco.agent/0.8.7/org.jacoco.agent-0.8.7-runtime.jar=destfile=/junit-quickcheck/examples/target/jacoco.exec
[INFO] 
[INFO] --- resources:3.3.0:resources (default-resources) @ junit-quickcheck-examples ---
[INFO] skip non existing resourceDirectory /junit-quickcheck/examples/src/main/resources
[INFO] 
[INFO] --- compiler:3.8.1:compile (default-compile) @ junit-quickcheck-examples ---
[INFO] Changes detected - recompiling the module!
[INFO] Compiling 19 source files to /junit-quickcheck/examples/target/classes
[INFO] 
[INFO] >>> pmd:3.15.0:cpd-check (default) > :cpd @ junit-quickcheck-examples >>>
[INFO] 
[INFO] --- pmd:3.15.0:cpd (cpd) @ junit-quickcheck-examples ---
[WARNING] Unable to locate Source XRef to link to - DISABLED
[WARNING] Unable to locate Source XRef to link to - DISABLED
[INFO] PMD version: 6.38.0
[INFO] 
[INFO] <<< pmd:3.15.0:cpd-check (default) < :cpd @ junit-quickcheck-examples <<<
[INFO] 
[INFO] 
[INFO] --- pmd:3.15.0:cpd-check (default) @ junit-quickcheck-examples ---
[INFO] PMD version: 6.38.0
[INFO] 
[INFO] 
[INFO] --- resources:3.3.0:testResources (default-testResources) @ junit-quickcheck-examples ---
[INFO] Copying 1 resource
[INFO] 
[INFO] --- compiler:3.8.1:testCompile (default-testCompile) @ junit-quickcheck-examples ---
[INFO] Changes detected - recompiling the module!
[INFO] Compiling 33 source files to /junit-quickcheck/examples/target/test-classes
[INFO] /junit-quickcheck/examples/src/test/java/com/pholser/junit/quickcheck/examples/tree/NodeGenerator.java: /junit-quickcheck/examples/src/test/java/com/pholser/junit/quickcheck/examples/tree/NodeGenerator.java uses unchecked or unsafe operations.
[INFO] /junit-quickcheck/examples/src/test/java/com/pholser/junit/quickcheck/examples/tree/NodeGenerator.java: Recompile with -Xlint:unchecked for details.
[INFO] 
[INFO] --- surefire:3.0.0-M5:test (default-test) @ junit-quickcheck-examples ---
[INFO] 
[INFO] -------------------------------------------------------
[INFO]  T E S T S
[INFO] -------------------------------------------------------
SLF4J: Failed to load class "org.slf4j.impl.StaticLoggerBinder".
SLF4J: Defaulting to no-operation (NOP) logger implementation
SLF4J: See http://www.slf4j.org/codes.html#StaticLoggerBinder for further details.
[INFO] Running com.pholser.junit.quickcheck.examples.crypto.SymmetricKeyCryptoPropertiesTest
[INFO] Tests run: 1, Failures: 0, Errors: 0, Skipped: 0, Time elapsed: 0.274 s - in com.pholser.junit.quickcheck.examples.crypto.SymmetricKeyCryptoPropertiesTest
[INFO] Running com.pholser.junit.quickcheck.examples.money.DollarsAndCentsPropertiesTest
[INFO] Tests run: 2, Failures: 0, Errors: 0, Skipped: 0, Time elapsed: 0.076 s - in com.pholser.junit.quickcheck.examples.money.DollarsAndCentsPropertiesTest
[INFO] Running com.pholser.junit.quickcheck.examples.func.EitherTest
[INFO] Tests run: 1, Failures: 0, Errors: 0, Skipped: 0, Time elapsed: 0.028 s - in com.pholser.junit.quickcheck.examples.func.EitherTest
[INFO] Running com.pholser.junit.quickcheck.examples.tree.TreePropertyTest
[INFO] Tests run: 2, Failures: 0, Errors: 0, Skipped: 0, Time elapsed: 0.14 s - in com.pholser.junit.quickcheck.examples.tree.TreePropertyTest
[INFO] Running com.pholser.junit.quickcheck.examples.geom.SegmentPropertiesTest
[INFO] Tests run: 1, Failures: 0, Errors: 0, Skipped: 0, Time elapsed: 0.018 s - in com.pholser.junit.quickcheck.examples.geom.SegmentPropertiesTest
[INFO] Running com.pholser.junit.quickcheck.examples.geom.PolygonPropertiesTest
[WARNING] Tests run: 1, Failures: 0, Errors: 0, Skipped: 1, Time elapsed: 0.092 s - in com.pholser.junit.quickcheck.examples.geom.PolygonPropertiesTest
[INFO] Running com.pholser.junit.quickcheck.examples.convention.ConventionGenTest
[INFO] Tests run: 2, Failures: 0, Errors: 0, Skipped: 0, Time elapsed: 0.008 s - in com.pholser.junit.quickcheck.examples.convention.ConventionGenTest
[INFO] Running com.pholser.junit.quickcheck.examples.number.NumbersPropertiesTest
[INFO] Tests run: 1, Failures: 0, Errors: 0, Skipped: 0, Time elapsed: 0.013 s - in com.pholser.junit.quickcheck.examples.number.NumbersPropertiesTest
[INFO] Running com.pholser.junit.quickcheck.examples.number.PrimeFactorsPropertiesTest
[INFO] Tests run: 3, Failures: 0, Errors: 0, Skipped: 0, Time elapsed: 0.02 s - in com.pholser.junit.quickcheck.examples.number.PrimeFactorsPropertiesTest
[INFO] Running com.pholser.junit.quickcheck.examples.dummy.AGeneratorTest
[INFO] Tests run: 1, Failures: 0, Errors: 0, Skipped: 0, Time elapsed: 0.134 s - in com.pholser.junit.quickcheck.examples.dummy.AGeneratorTest
[INFO] Running com.pholser.junit.quickcheck.examples.text.SSNTest
[INFO] Tests run: 1, Failures: 0, Errors: 0, Skipped: 0, Time elapsed: 0.239 s - in com.pholser.junit.quickcheck.examples.text.SSNTest
[INFO] Running com.pholser.junit.quickcheck.examples.text.StringPropertiesTest
[INFO] Tests run: 1, Failures: 0, Errors: 0, Skipped: 0, Time elapsed: 0.009 s - in com.pholser.junit.quickcheck.examples.text.StringPropertiesTest
[INFO] Running com.pholser.junit.quickcheck.examples.counter.CounterPropertiesTest
[INFO] Tests run: 2, Failures: 0, Errors: 0, Skipped: 0, Time elapsed: 0.012 s - in com.pholser.junit.quickcheck.examples.counter.CounterPropertiesTest
[INFO] Running com.pholser.junit.quickcheck.examples.nullable.NullableParameterTest
[INFO] Tests run: 13, Failures: 0, Errors: 0, Skipped: 0, Time elapsed: 0.114 s - in com.pholser.junit.quickcheck.examples.nullable.NullableParameterTest
[INFO] 
[INFO] Results:
[INFO] 
[WARNING] Tests run: 32, Failures: 0, Errors: 0, Skipped: 1
[INFO] 
[INFO] ------------------------------------------------------------------------
[INFO] Reactor Summary for junit-quickcheck 1.1-SNAPSHOT:
[INFO] 
[INFO] junit-quickcheck ................................... SUCCESS [  0.560 s]
[INFO] junit-quickcheck-core .............................. SUCCESS [ 21.036 s]
[INFO] junit-quickcheck-generators ........................ SUCCESS [ 59.435 s]
[INFO] junit-quickcheck-guava ............................. SUCCESS [ 15.509 s]
[INFO] junit-quickcheck-examples .......................... SUCCESS [  3.828 s]
[INFO] ------------------------------------------------------------------------
[INFO] BUILD SUCCESS
[INFO] ------------------------------------------------------------------------
[INFO] Total time:  01:40 min
[INFO] Finished at: 2024-09-04T18:57:20Z
[INFO] ------------------------------------------------------------------------
[WARNING] 
[WARNING] Plugin validation issues were detected in 7 plugin(s)
[WARNING] 
[WARNING]  * org.jacoco:jacoco-maven-plugin:0.8.7
[WARNING]  * org.apache.maven.plugins:maven-compiler-plugin:3.8.1
[WARNING]  * org.apache.maven.plugins:maven-pmd-plugin:3.15.0
[WARNING]  * org.apache.maven.plugins:maven-surefire-plugin:3.0.0-M5
[WARNING]  * org.apache.maven.plugins:maven-enforcer-plugin:1.2
[WARNING]  * org.apache.maven.plugins:maven-resources-plugin:3.3.0
[WARNING]  * eu.somatik.serviceloader-maven-plugin:serviceloader-maven-plugin:1.4.0
[WARNING] 
[WARNING] For more or less details, use 'maven.plugin.validation' property with one of the values (case insensitive): [BRIEF, DEFAULT, VERBOSE]
[WARNING] 
