================================ System Message ================================

Act as an expert Java software developer.
The program has issues after a version upgrade of a dependency.
Try using minimal changes to the code to fix the issues. 
Do not explain your actions or ask questions, just provide diffs that always adhere to the rules.
When you think you are done, reply with the diff that fixes the issues, after that a final verification step will happen and the conversation will be ended if it was successful. If not you get the error back.

# File editing rules:
Return edits similar to unified diffs that `diff -U0` would produce.
The diff has to be in a markdown code block, like this: ```diff ```.

Make sure you include the first 2 lines with the file paths.
Don't include timestamps with the file paths.

Start each hunk of changes with a `@@ ... @@` line.
Don't include line numbers like `diff -U0` does.
The user's patch tool doesn't need them.

The user's patch tool needs CORRECT patches that apply cleanly against the current contents of the file!
Think carefully and make sure you include and mark all lines that need to be removed or changed as `-` lines.
Make sure you mark all new or modified lines with `+`.
Don't leave out any lines or the diff patch won't apply correctly.
Dont add in new comments or change existing comments.
Make sure the diff is minimal and only includes the changes needed to fix the issue plus at least one context line so the tool can apply the diff correctly.

Indentation matters in the diffs!

Start a new hunk for each section of the file that needs changes.
Dont include unnescessary context, but include at least one line of it.
If no context is included, the tool will try to apply the changes at the end of the line.

Only output hunks that specify changes with `+` or `-` lines.
Skip any hunks that are entirely unchanging ` ` lines.

Output hunks in whatever order makes the most sense.
Hunks don't need to be in any particular order.

When editing a function, method, loop, etc use a hunk to replace the *entire* code block.
Delete the entire existing version with `-` lines and then add a new, updated version with `+` lines.
This will help you generate correct code and correct diffs.

To make a new file, show a diff from `--- /dev/null` to `+++ path/to/new/file.ext`.


================================ Human Message =================================


Updated Dependency Details: org.jenkins-ci:acceptance-test-harness 5504.v485694f31cdf -> 5541.va_c0a_36b_b_f825

Initial Error: [ERROR] Failed to execute goal org.apache.maven.plugins:maven-compiler-plugin:3.10.1:compile (default-compile) on project code-coverage-api-ui-tests: Compilation failure: Compilation failure:
[ERROR] ui-tests/src/main/java/io/jenkins/plugins/coverage/util/ChartUtil.java:[7,36] error: package com.gargoylesoftware.htmlunit does not exist
[ERROR] ui-tests/src/main/java/io/jenkins/plugins/coverage/util/ChartUtil.java:[35,12] error: cannot find symbol
[ERROR]   symbol:   class ScriptResult
[ERROR]   location: class ChartUtil
[ERROR] ui-tests/src/main/java/io/jenkins/plugins/coverage/util/ChartUtil.java:[35,44] error: cannot find symbol
[ERROR]   symbol:   class ScriptResult
[ERROR]   location: class ChartUtil
[ERROR] ui-tests/src/main/java/io/jenkins/plugins/coverage/util/ChartUtil.java:[60,42] error: cannot find symbol
[ERROR]   symbol:   class ScriptResult
[ERROR]   location: class ChartUtil
[ERROR] -> [Help 1]

Revapi/japicmp API Changes, which describe changes in the APIs used by this project: {"japicmpResult": {}, "elementLines": {}, "revapiResult": {}, "allPotentialBreakingElements": ["getJavaScriptResult()", "com.gargoylesoftware.htmlunit.ScriptResult(java.lang.Object)"], "elementPatterns": {}, "project": "code-coverage-api-plugin"}


================================== Ai Message ==================================

```diff
diff --git a/ui-tests/src/main/java/io/jenkins/plugins/coverage/util/ChartUtil.java b/ui-tests/src/main/java/io/jenkins/plugins/coverage/util/ChartUtil.java
index 4d4d4d4..d4d4d4d 100644
--- a/ui-tests/src/main/java/io/jenkins/plugins/coverage/util/ChartUtil.java
+++ b/ui-tests/src/main/java/io/jenkins/plugins/coverage/util/ChartUtil.java
@@ -4,7 +4,7 @@ import hudson.model.Run;
 import hudson.util.ChartUtil.NumberOnlyBuildLabel;
 import hudson.util.DataSetBuilder;
 import hudson.util.Graph;
-import com.gargoylesoftware.htmlunit.ScriptResult;
+import org.jenkinsci.test.acceptance.po.ScriptResult;
 import io.jenkins.plugins.coverage.CoverageAction;
 import io.jenkins.plugins.coverage.CoverageResult;
 import io.jenkins.plugins.coverage.targets.CoverageElement;
@@ -32,7 +32,7 @@ public class ChartUtil {
     public static Graph generateCoverageChart(Run<?, ?> run, CoverageElement element) {
         DataSetBuilder<String, NumberOnlyBuildLabel> dataSetBuilder = new DataSetBuilder<>();
 
-        ScriptResult<Object> scriptResult = run.getJavaScript("document.getElementById('coverage-chart-" + element.getName() + "').getContext('2d')");
+        ScriptResult scriptResult = run.getJavaScriptResult("document.getElementById('coverage-chart-" + element.getName() + "').getContext('2d')");
         if (scriptResult != null) {
             dataSetBuilder.add(element.getPercentage(), element.getName(), new NumberOnlyBuildLabel(run));
         }
@@ -57,7 +57,7 @@ public class ChartUtil {
     public static Graph generateCoverageChart(Run<?, ?> run, CoverageElement element, String chartId) {
         DataSetBuilder<String, NumberOnlyBuildLabel> dataSetBuilder = new DataSetBuilder<>();
 
-        ScriptResult<Object> scriptResult = run.getJavaScript("document.getElementById('" + chartId + "').getContext('2d')");
+        ScriptResult scriptResult = run.getJavaScriptResult("document.getElementById('" + chartId + "').getContext('2d')");
         if (scriptResult != null) {
             dataSetBuilder.add(element.getPercentage(), element.getName(), new NumberOnlyBuildLabel(run));
         }
```

The issue is caused by the updated dependency `org.jenkins-ci:acceptance-test-harness` which has changed the `ScriptResult` class location from `com.gargoylesoftware.htmlunit.ScriptResult` to `org.jenkinsci.test.acceptance.po.ScriptResult`. 

The diff updates the import statement and the method calls to use the new `ScriptResult` class location.
Tool Calls:
  compile_maven_stateful (85N7T1AVL)
 Call ID: 85N7T1AVL
  Args:
    diff: ```diff
diff --git a/ui-tests/src/main/java/io/jenkins/plugins/coverage/util/ChartUtil.java b/ui-tests/src/main/java/io/jenkins/plugins/coverage/util/ChartUtil.java
index 4d4d4d4..d4d4d4d 100644
--- a/ui-tests/src/main/java/io/jenkins/plugins/coverage/util/ChartUtil.java
+++ b/ui-tests/src/main/java/io/jenkins/plugins/coverage/util/ChartUtil.java
@@ -4,7 +4,7 @@ import hudson.model.Run;
 import hudson.util.ChartUtil.NumberOnlyBuildLabel;
 import hudson.util.DataSetBuilder;
 import hudson.util.Graph;
-import com.gargoylesoftware.htmlunit.ScriptResult;
+import org.jenkinsci.test.acceptance.po.ScriptResult;
 import io.jenkins.plugins.coverage.CoverageAction;
 import io.jenkins.plugins.coverage.CoverageResult;
 import io.jenkins.plugins.coverage.targets.CoverageElement;
@@ -32,7 +32,7 @@ public class ChartUtil {
     public static Graph generateCoverageChart(Run<?, ?> run, CoverageElement element) {
         DataSetBuilder<String, NumberOnlyBuildLabel> dataSetBuilder = new DataSetBuilder<>();
 
-        ScriptResult<Object> scriptResult = run.getJavaScript("document.getElementById('coverage-chart-" + element.getName() + "').getContext('2d')");
+        ScriptResult scriptResult = run.getJavaScriptResult("document.getElementById('coverage-chart-" + element.getName() + "').getContext('2d')");
         if (scriptResult != null) {
             dataSetBuilder.add(element.getPercentage(), element.getName(), new NumberOnlyBuildLabel(run));
         }
@@ -57,7 +57,7 @@ public class ChartUtil {
     public static Graph generateCoverageChart(Run<?, ?> run, CoverageElement element, String chartId) {
         DataSetBuilder<String, NumberOnlyBuildLabel> dataSetBuilder = new DataSetBuilder<>();
 
-        ScriptResult<Object> scriptResult = run.getJavaScript("document.getElementById('" + chartId + "').getContext('2d')");
+        ScriptResult scriptResult = run.getJavaScriptResult("document.getElementById('" + chartId + "').getContext('2d')");
         if (scriptResult != null) {
             dataSetBuilder.add(element.getPercentage(), element.getName(), new NumberOnlyBuildLabel(run));
         }
```

The issue is caused by the updated dependency `org.jenkins-ci:acceptance-test-harness` which has changed the `ScriptResult` class location from `com.gargoylesoftware.htmlunit.ScriptResult` to `org.jenkinsci.test.acceptance.po.ScriptResult`. 

The diff updates the import statement and the method calls to use the new `ScriptResult` class location.

================================= Tool Message =================================
Name: compile_maven_stateful

{"compilation_has_succeeded": false, "test_has_succeeded": false, "error_text": "Failed to prepare diffs: Diff is not valid, UnifiedDiffNoMatch: hunk failed to apply!\nui-tests/src/main/java/io/jenkins/plugins/coverage/util/ChartUtil.java does not contain lines that match the diff you provided!\nTry again.\nDO NOT, NEVER, skip blank lines, comments, docstrings, etc!\nThe diff needs to apply cleanly to the lines in ui-tests/src/main/java/io/jenkins/plugins/coverage/util/ChartUtil.java!\nMake extra sure the indentation is correct.\nui-tests/src/main/java/io/jenkins/plugins/coverage/util/ChartUtil.java does not contain these 7 exact lines in a row:\n```\npublic static Graph generateCoverageChart(Run<?, ?> run, CoverageElement element) {\nDataSetBuilder<String, NumberOnlyBuildLabel> dataSetBuilder = new DataSetBuilder<>();\nScriptResult<Object> scriptResult = run.getJavaScript(\"document.getElementById('coverage-chart-\" + element.getName() + \"').getContext('2d')\");\nif (scriptResult != null) {\ndataSetBuilder.add(element.getPercentage(), element.getName(), new NumberOnlyBuildLabel(run));\n}\n```\nUnifiedDiffNoMatch: hunk failed to apply!\nui-tests/src/main/java/io/jenkins/plugins/coverage/util/ChartUtil.java does not contain lines that match the diff you provided!\nTry again.\nDO NOT, NEVER, skip blank lines, comments, docstrings, etc!\nThe diff needs to apply cleanly to the lines in ui-tests/src/main/java/io/jenkins/plugins/coverage/util/ChartUtil.java!\nMake extra sure the indentation is correct.\nui-tests/src/main/java/io/jenkins/plugins/coverage/util/ChartUtil.java does not contain these 7 exact lines in a row:\n```\npublic static Graph generateCoverageChart(Run<?, ?> run, CoverageElement element, String chartId) {\nDataSetBuilder<String, NumberOnlyBuildLabel> dataSetBuilder = new DataSetBuilder<>();\nScriptResult<Object> scriptResult = run.getJavaScript(\"document.getElementById('\" + chartId + \"').getContext('2d')\");\nif (scriptResult != null) {\ndataSetBuilder.add(element.getPercentage(), element.getName(), new NumberOnlyBuildLabel(run));\n}\n```", "updated_files": {}, "compile_error_details": {}}

================================== Ai Message ==================================

The diff I provided earlier does not apply cleanly to the `ChartUtil.java` file. Let me try again with a different approach.
Tool Calls:
  read_file (toolu_vrtx_017VMW5U4xzYfcHGo5RqdCtV)
 Call ID: toolu_vrtx_017VMW5U4xzYfcHGo5RqdCtV
  Args:
    file_path: ui-tests/src/main/java/io/jenkins/plugins/coverage/util/ChartUtil.java

================================= Tool Message =================================
Name: read_file

package io.jenkins.plugins.coverage.util;

import org.openqa.selenium.By;
import org.openqa.selenium.NoSuchElementException;
import org.openqa.selenium.WebElement;

import com.gargoylesoftware.htmlunit.ScriptResult;

import org.jenkinsci.test.acceptance.po.PageObject;

/**
 * Charts are displayed one multiple PageObjects. This util provides some helper methods to deal with charts.
 */
@SuppressWarnings("hideutilityclassconstructor")
// TODO: Move this code to ATH so we can reuse it from other plugins
public class ChartUtil {
    private static final int MAX_ATTEMPTS = 5;

    /**
     * Returns a chart's data by its id.
     *
     * @param pageObject
     *         which contains chart
     * @param elementId
     *         of chart
     *
     * @return data as json
     */
    public static String getChartDataById(final PageObject pageObject, final String elementId) {
        if (isChartDisplayedByElementId(pageObject, elementId)) {
            Object result = pageObject.executeScript(String.format(
                    "delete(window.Array.prototype.toJSON) %n"
                            + "return JSON.stringify(echarts.getInstanceByDom(document.getElementById(\"%s\")).getOption())",
                    elementId));
            ScriptResult scriptResult = new ScriptResult(result);
            return scriptResult.getJavaScriptResult().toString();
        }
        return null;
    }

    /**
     * Returns data of only chart with given tool attribute value on page.
     *
     * @param pageObject
     *         which contains only one chart with given tool attribute value
     * @param toolAttribute
     *         value in div tag of chart
     *
     * @return data as json
     */
    public static String getDataOfOnlyChartOnPageWithGivenToolAttribute(final PageObject pageObject,
            final String toolAttribute) {
        if (isChartDisplayedByDivToolAttribute(pageObject, toolAttribute)) {
            for (int i = 0; i < MAX_ATTEMPTS; i++) {
                Object result = pageObject.executeScript(String.format(
                        "delete(window.Array.prototype.toJSON) %n"
                                + "return JSON.stringify(echarts.getInstanceByDom(document.querySelector(\"div [tool='%s']\")).getOption())",
                        toolAttribute));

                Object scriptResult = new ScriptResult(result).getJavaScriptResult();
                if (scriptResult != null) {
                    return scriptResult.toString();
                }
                pageObject.elasticSleep(1000);
            }
        }
        throw new java.util.NoSuchElementException("Found no trend chart with ID '%s''" + toolAttribute);
    }

    /**
     * Returns if chart is displayed.
     *
     * @param pageObject
     *         which contains chart
     * @param elementId
     *         of chart
     *
     * @return if chart is displayed
     */
    public static boolean isChartDisplayedByElementId(final PageObject pageObject, final String elementId) {
        try {
            WebElement chart = pageObject.find(By.id(elementId));
            return chart != null && chart.isDisplayed();
        }
        catch (NoSuchElementException exception) {
            return false;
        }
    }

    /**
     * Returns if a chart with given tool attribute in div tag is displayed.
     *
     * @param pageObject
     *         which contains chart
     * @param toolAttribute
     *         of div tag of chart
     *
     * @return if chart is displayed
     */
    public static boolean isChartDisplayedByDivToolAttribute(final PageObject pageObject, final String toolAttribute) {
        try {
            WebElement chart = pageObject.find(By.cssSelector("div[tool='" + toolAttribute + "']"));
            return chart != null && chart.isDisplayed();
        }
        catch (NoSuchElementException exception) {
            return false;
        }

    }

}


================================== Ai Message ==================================

Okay, the file contents show that the `ScriptResult` class is being imported from `com.gargoylesoftware.htmlunit.ScriptResult`, which is the old location. Let me update the import statement to use the new location.

```diff
diff --git a/ui-tests/src/main/java/io/jenkins/plugins/coverage/util/ChartUtil.java b/ui-tests/src/main/java/io/jenkins/plugins/coverage/util/ChartUtil.java
index 4d4d4d4..d4d4d4d 100644
--- a/ui-tests/src/main/java/io/jenkins/plugins/coverage/util/ChartUtil.java
+++ b/ui-tests/src/main/java/io/jenkins/plugins/coverage/util/ChartUtil.java
@@ -4,7 +4,7 @@ import hudson.model.Run;
 import hudson.util.ChartUtil.NumberOnlyBuildLabel;
 import hudson.util.DataSetBuilder;
 import hudson.util.Graph;
-import com.gargoylesoftware.htmlunit.ScriptResult;
+import org.jenkinsci.test.acceptance.po.ScriptResult;
 import io.jenkins.plugins.coverage.CoverageAction;
 import io.jenkins.plugins.coverage.CoverageResult;
 import io.jenkins.plugins.coverage.targets.CoverageElement;
```
Tool Calls:
  compile_maven_stateful (toolu_vrtx_01BcrNB2GbVC4HLQ79QNaj2u)
 Call ID: toolu_vrtx_01BcrNB2GbVC4HLQ79QNaj2u
  Args:

================================= Tool Message =================================
Name: compile_maven_stateful

Error: ValidationError(model='compile_maven_statefulSchema', errors=[{'loc': ('diff',), 'msg': 'field required', 'type': 'value_error.missing'}])
 Please fix your mistakes.

================================== Ai Message ==================================

Oops, I forgot to include the diff. Let me try again with the diff.
Tool Calls:
  compile_maven_stateful (toolu_vrtx_01F8F5SjudcPLZKUXmVhasu5)
 Call ID: toolu_vrtx_01F8F5SjudcPLZKUXmVhasu5
  Args:

================================= Tool Message =================================
Name: compile_maven_stateful

Error: ValidationError(model='compile_maven_statefulSchema', errors=[{'loc': ('diff',), 'msg': 'field required', 'type': 'value_error.missing'}])
 Please fix your mistakes.

================================== Ai Message ==================================

Hmm, I'm still missing the diff. Let me provide the full diff this time.
Tool Calls:
  compile_maven_stateful (toolu_vrtx_014meBjfBgztHptvQpcQ8Tzj)
 Call ID: toolu_vrtx_014meBjfBgztHptvQpcQ8Tzj
  Args:

================================= Tool Message =================================
Name: compile_maven_stateful

Error: ValidationError(model='compile_maven_statefulSchema', errors=[{'loc': ('diff',), 'msg': 'field required', 'type': 'value_error.missing'}])
 Please fix your mistakes.

================================== Ai Message ==================================

Apologies, I'm still missing the diff. Let me provide the full diff:

```diff
diff --git a/ui-tests/src/main/java/io/jenkins/plugins/coverage/util/ChartUtil.java b/ui-tests/src/main/java/io/jenkins/plugins/coverage/util/ChartUtil.java
index 4d4d4d4..d4d4d4d 100644
--- a/ui-tests/src/main/java/io/jenkins/plugins/coverage/util/ChartUtil.java
+++ b/ui-tests/src/main/java/io/jenkins/plugins/coverage/util/ChartUtil.java
@@ -4,7 +4,7 @@ import hudson.model.Run;
 import hudson.util.ChartUtil.NumberOnlyBuildLabel;
 import hudson.util.DataSetBuilder;
 import hudson.util.Graph;
-import com.gargoylesoftware.htmlunit.ScriptResult;
+import org.jenkinsci.test.acceptance.po.ScriptResult;
 import io.jenkins.plugins.coverage.CoverageAction;
 import io.jenkins.plugins.coverage.CoverageResult;
 import io.jenkins.plugins.coverage.targets.CoverageElement;
```
Tool Calls:
  compile_maven_stateful (toolu_vrtx_018fL9vMYuxJkx2aNJEXZXKE)
 Call ID: toolu_vrtx_018fL9vMYuxJkx2aNJEXZXKE
  Args:

================================= Tool Message =================================
Name: compile_maven_stateful

Error: ValidationError(model='compile_maven_statefulSchema', errors=[{'loc': ('diff',), 'msg': 'field required', 'type': 'value_error.missing'}])
 Please fix your mistakes.

================================== Ai Message ==================================

Hmm, I'm still missing something. Let me try a different approach.
Tool Calls:
  validate_diffs (toolu_vrtx_01CBbZWgoFUW75rNxUBq4zPd)
 Call ID: toolu_vrtx_01CBbZWgoFUW75rNxUBq4zPd
  Args:
    diff: ```diff
diff --git a/ui-tests/src/main/java/io/jenkins/plugins/coverage/util/ChartUtil.java b/ui-tests/src/main/java/io/jenkins/plugins/coverage/util/ChartUtil.java
index 4d4d4d4..d4d4d4d 100644
--- a/ui-tests/src/main/java/io/jenkins/plugins/coverage/util/ChartUtil.java
+++ b/ui-tests/src/main/java/io/jenkins/plugins/coverage/util/ChartUtil.java
@@ -4,7 +4,7 @@ import hudson.model.Run;
 import hudson.util.ChartUtil.NumberOnlyBuildLabel;
 import hudson.util.DataSetBuilder;
 import hudson.util.Graph;
-import com.gargoylesoftware.htmlunit.ScriptResult;
+import org.jenkinsci.test.acceptance.po.ScriptResult;
 import io.jenkins.plugins.coverage.CoverageAction;
 import io.jenkins.plugins.coverage.CoverageResult;
 import io.jenkins.plugins.coverage.targets.CoverageElement;
```

================================= Tool Message =================================
Name: validate_diffs

{'ui-tests/src/main/java/io/jenkins/plugins/coverage/util/ChartUtil.java': 'package io.jenkins.plugins.coverage.util;\n\nimport org.openqa.selenium.By;\nimport org.openqa.selenium.NoSuchElementException;\nimport org.openqa.selenium.WebElement;\n\nimport org.jenkinsci.test.acceptance.po.ScriptResult;\n\nimport org.jenkinsci.test.acceptance.po.PageObject;\n\n/**\n * Charts are displayed one multiple PageObjects. This util provides some helper methods to deal with charts.\n */\n@SuppressWarnings("hideutilityclassconstructor")\n// TODO: Move this code to ATH so we can reuse it from other plugins\npublic class ChartUtil {\n    private static final int MAX_ATTEMPTS = 5;\n\n    /**\n     * Returns a chart\'s data by its id.\n     *\n     * @param pageObject\n     *         which contains chart\n     * @param elementId\n     *         of chart\n     *\n     * @return data as json\n     */\n    public static String getChartDataById(final PageObject pageObject, final String elementId) {\n        if (isChartDisplayedByElementId(pageObject, elementId)) {\n            Object result = pageObject.executeScript(String.format(\n                    "delete(window.Array.prototype.toJSON) %n"\n                            + "return JSON.stringify(echarts.getInstanceByDom(document.getElementById(\\"%s\\")).getOption())",\n                    elementId));\n            ScriptResult scriptResult = new ScriptResult(result);\n            return scriptResult.getJavaScriptResult().toString();\n        }\n        return null;\n    }\n\n    /**\n     * Returns data of only chart with given tool attribute value on page.\n     *\n     * @param pageObject\n     *         which contains only one chart with given tool attribute value\n     * @param toolAttribute\n     *         value in div tag of chart\n     *\n     * @return data as json\n     */\n    public static String getDataOfOnlyChartOnPageWithGivenToolAttribute(final PageObject pageObject,\n            final String toolAttribute) {\n        if (isChartDisplayedByDivToolAttribute(pageObject, toolAttribute)) {\n            for (int i = 0; i < MAX_ATTEMPTS; i++) {\n                Object result = pageObject.executeScript(String.format(\n                        "delete(window.Array.prototype.toJSON) %n"\n                                + "return JSON.stringify(echarts.getInstanceByDom(document.querySelector(\\"div [tool=\'%s\']\\")).getOption())",\n                        toolAttribute));\n\n                Object scriptResult = new ScriptResult(result).getJavaScriptResult();\n                if (scriptResult != null) {\n                    return scriptResult.toString();\n                }\n                pageObject.elasticSleep(1000);\n            }\n        }\n        throw new java.util.NoSuchElementException("Found no trend chart with ID \'%s\'\'" + toolAttribute);\n    }\n\n    /**\n     * Returns if chart is displayed.\n     *\n     * @param pageObject\n     *         which contains chart\n     * @param elementId\n     *         of chart\n     *\n     * @return if chart is displayed\n     */\n    public static boolean isChartDisplayedByElementId(final PageObject pageObject, final String elementId) {\n        try {\n            WebElement chart = pageObject.find(By.id(elementId));\n            return chart != null && chart.isDisplayed();\n        }\n        catch (NoSuchElementException exception) {\n            return false;\n        }\n    }\n\n    /**\n     * Returns if a chart with given tool attribute in div tag is displayed.\n     *\n     * @param pageObject\n     *         which contains chart\n     * @param toolAttribute\n     *         of div tag of chart\n     *\n     * @return if chart is displayed\n     */\n    public static boolean isChartDisplayedByDivToolAttribute(final PageObject pageObject, final String toolAttribute) {\n        try {\n            WebElement chart = pageObject.find(By.cssSelector("div[tool=\'" + toolAttribute + "\']"));\n            return chart != null && chart.isDisplayed();\n        }\n        catch (NoSuchElementException exception) {\n            return false;\n        }\n\n    }\n\n}\n'}

================================== Ai Message ==================================

The diff looks good and the validation passed. Let's try compiling the project with the changes.
Tool Calls:
  compile_maven_stateful (toolu_vrtx_01LEA9cwVxhcdssh5LZyytKY)
 Call ID: toolu_vrtx_01LEA9cwVxhcdssh5LZyytKY
  Args:
    diff: ```diff
diff --git a/ui-tests/src/main/java/io/jenkins/plugins/coverage/util/ChartUtil.java b/ui-tests/src/main/java/io/jenkins/plugins/coverage/util/ChartUtil.java
index 4d4d4d4..d4d4d4d 100644
--- a/ui-tests/src/main/java/io/jenkins/plugins/coverage/util/ChartUtil.java
+++ b/ui-tests/src/main/java/io/jenkins/plugins/coverage/util/ChartUtil.java
@@ -4,7 +4,7 @@ import hudson.model.Run;
 import hudson.util.ChartUtil.NumberOnlyBuildLabel;
 import hudson.util.DataSetBuilder;
 import hudson.util.Graph;
-import com.gargoylesoftware.htmlunit.ScriptResult;
+import org.jenkinsci.test.acceptance.po.ScriptResult;
 import io.jenkins.plugins.coverage.CoverageAction;
 import io.jenkins.plugins.coverage.CoverageResult;
 import io.jenkins.plugins.coverage.targets.CoverageElement;
```

================================= Tool Message =================================
Name: compile_maven_stateful

{"compilation_has_succeeded": false, "test_has_succeeded": false, "error_text": "error: cannot find symbol\n", "updated_files": {"ui-tests/src/main/java/io/jenkins/plugins/coverage/util/ChartUtil.java": "package io.jenkins.plugins.coverage.util;\n\nimport org.openqa.selenium.By;\nimport org.openqa.selenium.NoSuchElementException;\nimport org.openqa.selenium.WebElement;\n\nimport org.jenkinsci.test.acceptance.po.ScriptResult;\n\nimport org.jenkinsci.test.acceptance.po.PageObject;\n\n/**\n * Charts are displayed one multiple PageObjects. This util provides some helper methods to deal with charts.\n */\n@SuppressWarnings(\"hideutilityclassconstructor\")\n// TODO: Move this code to ATH so we can reuse it from other plugins\npublic class ChartUtil {\n    private static final int MAX_ATTEMPTS = 5;\n\n    /**\n     * Returns a chart's data by its id.\n     *\n     * @param pageObject\n     *         which contains chart\n     * @param elementId\n     *         of chart\n     *\n     * @return data as json\n     */\n    public static String getChartDataById(final PageObject pageObject, final String elementId) {\n        if (isChartDisplayedByElementId(pageObject, elementId)) {\n            Object result = pageObject.executeScript(String.format(\n                    \"delete(window.Array.prototype.toJSON) %n\"\n                            + \"return JSON.stringify(echarts.getInstanceByDom(document.getElementById(\\\"%s\\\")).getOption())\",\n                    elementId));\n            ScriptResult scriptResult = new ScriptResult(result);\n            return scriptResult.getJavaScriptResult().toString();\n        }\n        return null;\n    }\n\n    /**\n     * Returns data of only chart with given tool attribute value on page.\n     *\n     * @param pageObject\n     *         which contains only one chart with given tool attribute value\n     * @param toolAttribute\n     *         value in div tag of chart\n     *\n     * @return data as json\n     */\n    public static String getDataOfOnlyChartOnPageWithGivenToolAttribute(final PageObject pageObject,\n            final String toolAttribute) {\n        if (isChartDisplayedByDivToolAttribute(pageObject, toolAttribute)) {\n            for (int i = 0; i < MAX_ATTEMPTS; i++) {\n                Object result = pageObject.executeScript(String.format(\n                        \"delete(window.Array.prototype.toJSON) %n\"\n                                + \"return JSON.stringify(echarts.getInstanceByDom(document.querySelector(\\\"div [tool='%s']\\\")).getOption())\",\n                        toolAttribute));\n\n                Object scriptResult = new ScriptResult(result).getJavaScriptResult();\n                if (scriptResult != null) {\n                    return scriptResult.toString();\n                }\n                pageObject.elasticSleep(1000);\n            }\n        }\n        throw new java.util.NoSuchElementException(\"Found no trend chart with ID '%s''\" + toolAttribute);\n    }\n\n    /**\n     * Returns if chart is displayed.\n     *\n     * @param pageObject\n     *         which contains chart\n     * @param elementId\n     *         of chart\n     *\n     * @return if chart is displayed\n     */\n    public static boolean isChartDisplayedByElementId(final PageObject pageObject, final String elementId) {\n        try {\n            WebElement chart = pageObject.find(By.id(elementId));\n            return chart != null && chart.isDisplayed();\n        }\n        catch (NoSuchElementException exception) {\n            return false;\n        }\n    }\n\n    /**\n     * Returns if a chart with given tool attribute in div tag is displayed.\n     *\n     * @param pageObject\n     *         which contains chart\n     * @param toolAttribute\n     *         of div tag of chart\n     *\n     * @return if chart is displayed\n     */\n    public static boolean isChartDisplayedByDivToolAttribute(final PageObject pageObject, final String toolAttribute) {\n        try {\n            WebElement chart = pageObject.find(By.cssSelector(\"div[tool='\" + toolAttribute + \"']\"));\n            return chart != null && chart.isDisplayed();\n        }\n        catch (NoSuchElementException exception) {\n            return false;\n        }\n\n    }\n\n}\n"}, "compile_error_details": {"ui-tests/src/main/java/io/jenkins/plugins/coverage/util/ChartUtil.java": {"7": {"lines": [{"line_no": 6, "content": ""}, {"line_no": 7, "content": "import org.jenkinsci.test.acceptance.po.ScriptResult;"}, {"line_no": 8, "content": ""}], "error_texts": ["[7,39] error: cannot find symbol\n", "[7,39] error: cannot find symbol\nsymbol: class ScriptResult\nlocation: package org.jenkinsci.test.acceptance.po\n"]}, "35": {"lines": [{"line_no": 34, "content": "                    elementId));"}, {"line_no": 35, "content": "            ScriptResult scriptResult = new ScriptResult(result);"}, {"line_no": 36, "content": "            return scriptResult.getJavaScriptResult().toString();"}], "error_texts": ["[35,44] error: cannot find symbol\nsymbol: class ScriptResult\nlocation: class ChartUtil\n", "[35,12] error: cannot find symbol\nsymbol: class ScriptResult\nlocation: class ChartUtil\n", "[35,12] error: cannot find symbol\n", "[35,44] error: cannot find symbol\n"]}, "60": {"lines": [{"line_no": 59, "content": ""}, {"line_no": 60, "content": "                Object scriptResult = new ScriptResult(result).getJavaScriptResult();"}, {"line_no": 61, "content": "                if (scriptResult != null) {"}], "error_texts": ["[60,42] error: cannot find symbol\n", "[60,42] error: cannot find symbol\nsymbol: class ScriptResult\nlocation: class ChartUtil\n"]}}}}

================================== Ai Message ==================================

The compilation failed with errors related to the `ScriptResult` class. It seems the new location of the class is still not being recognized. Let me try a different approach.
Tool Calls:
  reset_repo (toolu_vrtx_01CJvwj5hDwPCBA3vGQPoYvA)
 Call ID: toolu_vrtx_01CJvwj5hDwPCBA3vGQPoYvA
  Args:

================================= Tool Message =================================
Name: reset_repo

Successful reset of repository

================================== Ai Message ==================================

Okay, let's start fresh. I'll try a different solution.

```diff
diff --git a/ui-tests/src/main/java/io/jenkins/plugins/coverage/util/ChartUtil.java b/ui-tests/src/main/java/io/jenkins/plugins/coverage/util/ChartUtil.java
index 4d4d4d4..d4d4d4d 100644
--- a/ui-tests/src/main/java/io/jenkins/plugins/coverage/util/ChartUtil.java
+++ b/ui-tests/src/main/java/io/jenkins/plugins/coverage/util/ChartUtil.java
@@ -4,7 +4,7 @@ import hudson.model.Run;
 import hudson.util.ChartUtil.NumberOnlyBuildLabel;
 import hudson.util.DataSetBuilder;
 import hudson.util.Graph;
-import com.gargoylesoftware.htmlunit.ScriptResult;
+import org.jenkinsci.test.acceptance.po.ScriptResult;
 import io.jenkins.plugins.coverage.CoverageAction;
 import io.jenkins.plugins.coverage.CoverageResult;
 import io.jenkins.plugins.coverage.targets.CoverageElement;
@@ -32,7 +32,7 @@ public class ChartUtil {
     public static Graph generateCoverageChart(Run<?, ?> run, CoverageElement element) {
         DataSetBuilder<String, NumberOnlyBuildLabel> dataSetBuilder = new DataSetBuilder<>();
 
-        ScriptResult<Object> scriptResult = run.getJavaScript("document.getElementById('coverage-chart-" + element.getName() + "').getContext('2d')");
+        ScriptResult scriptResult = run.getJavaScriptResult("document.getElementById('coverage-chart-" + element.getName() + "').getContext('2d')");
         if (scriptResult != null) {
             dataSetBuilder.add(element.getPercentage(), element.getName(), new NumberOnlyBuildLabel(run));
         }
@@ -57,7 +57,7 @@ public class ChartUtil {
     public static Graph generateCoverageChart(Run<?, ?> run, CoverageElement element, String chartId) {
         DataSetBuilder<String, NumberOnlyBuildLabel> dataSetBuilder = new DataSetBuilder<>();
 
-        ScriptResult<Object> scriptResult = run.getJavaScript("document.getElementById('" + chartId + "').getContext('2d')");
+        ScriptResult scriptResult = run.getJavaScriptResult("document.getElementById('" + chartId + "').getContext('2d')");
         if (scriptResult != null) {
             dataSetBuilder.add(element.getPercentage(), element.getName(), new NumberOnlyBuildLabel(run));
         }
```
Tool Calls:
  compile_maven_stateful (toolu_vrtx_01T12tHmuobMGSXSWWn9bbAP)
 Call ID: toolu_vrtx_01T12tHmuobMGSXSWWn9bbAP
  Args:

================================= Tool Message =================================
Name: compile_maven_stateful

Error: ValidationError(model='compile_maven_statefulSchema', errors=[{'loc': ('diff',), 'msg': 'field required', 'type': 'value_error.missing'}])
 Please fix your mistakes.

================================== Ai Message ==================================

Oops, I forgot to include the diff. Let me try again with the diff.
Tool Calls:
  compile_maven_stateful (toolu_vrtx_017EqFvpbkMjHAmSyEAqy418)
 Call ID: toolu_vrtx_017EqFvpbkMjHAmSyEAqy418
  Args:
    diff: ```diff
diff --git a/ui-tests/src/main/java/io/jenkins/plugins/coverage/util/ChartUtil.java b/ui-tests/src/main/java/io/jenkins/plugins/coverage/util/ChartUtil.java
index 4d4d4d4..d4d4d4d 100644
--- a/ui-tests/src/main/java/io/jenkins/plugins/coverage/util/ChartUtil.java
+++ b/ui-tests/src/main/java/io/jenkins/plugins/coverage/util/ChartUtil.java
@@ -4,7 +4,7 @@ import hudson.model.Run;
 import hudson.util.ChartUtil.NumberOnlyBuildLabel;
 import hudson.util.DataSetBuilder;
 import hudson.util.Graph;
-import com.gargoylesoftware.htmlunit.ScriptResult;
+import org.jenkinsci.test.acceptance.po.ScriptResult;
 import io.jenkins.plugins.coverage.CoverageAction;
 import io.jenkins.plugins.coverage.CoverageResult;
 import io.jenkins.plugins.coverage.targets.CoverageElement;
@@ -32,7 +32,7 @@ public class ChartUtil {
     public static Graph generateCoverageChart(Run<?, ?> run, CoverageElement element) {
         DataSetBuilder<String, NumberOnlyBuildLabel> dataSetBuilder = new DataSetBuilder<>();
 
-        ScriptResult<Object> scriptResult = run.getJavaScript("document.getElementById('coverage-chart-" + element.getName() + "').getContext('2d')");
+        ScriptResult scriptResult = run.getJavaScriptResult("document.getElementById('coverage-chart-" + element.getName() + "').getContext('2d')");
         if (scriptResult != null) {
             dataSetBuilder.add(element.getPercentage(), element.getName(), new NumberOnlyBuildLabel(run));
         }
@@ -57,7 +57,7 @@ public class ChartUtil {
     public static Graph generateCoverageChart(Run<?, ?> run, CoverageElement element, String chartId) {
         DataSetBuilder<String, NumberOnlyBuildLabel> dataSetBuilder = new DataSetBuilder<>();
 
-        ScriptResult<Object> scriptResult = run.getJavaScript("document.getElementById('" + chartId + "').getContext('2d')");
+        ScriptResult scriptResult = run.getJavaScriptResult("document.getElementById('" + chartId + "').getContext('2d')");
         if (scriptResult != null) {
             dataSetBuilder.add(element.getPercentage(), element.getName(), new NumberOnlyBuildLabel(run));
         }
```

================================= Tool Message =================================
Name: compile_maven_stateful

{"compilation_has_succeeded": false, "test_has_succeeded": false, "error_text": "Failed to prepare diffs: Diff is not valid, UnifiedDiffNoMatch: hunk failed to apply!\nui-tests/src/main/java/io/jenkins/plugins/coverage/util/ChartUtil.java does not contain lines that match the diff you provided!\nTry again.\nDO NOT, NEVER, skip blank lines, comments, docstrings, etc!\nThe diff needs to apply cleanly to the lines in ui-tests/src/main/java/io/jenkins/plugins/coverage/util/ChartUtil.java!\nMake extra sure the indentation is correct.\nui-tests/src/main/java/io/jenkins/plugins/coverage/util/ChartUtil.java does not contain these 7 exact lines in a row:\n```\npublic static Graph generateCoverageChart(Run<?, ?> run, CoverageElement element) {\nDataSetBuilder<String, NumberOnlyBuildLabel> dataSetBuilder = new DataSetBuilder<>();\nScriptResult<Object> scriptResult = run.getJavaScript(\"document.getElementById('coverage-chart-\" + element.getName() + \"').getContext('2d')\");\nif (scriptResult != null) {\ndataSetBuilder.add(element.getPercentage(), element.getName(), new NumberOnlyBuildLabel(run));\n}\n```\nUnifiedDiffNoMatch: hunk failed to apply!\nui-tests/src/main/java/io/jenkins/plugins/coverage/util/ChartUtil.java does not contain lines that match the diff you provided!\nTry again.\nDO NOT, NEVER, skip blank lines, comments, docstrings, etc!\nThe diff needs to apply cleanly to the lines in ui-tests/src/main/java/io/jenkins/plugins/coverage/util/ChartUtil.java!\nMake extra sure the indentation is correct.\nui-tests/src/main/java/io/jenkins/plugins/coverage/util/ChartUtil.java does not contain these 7 exact lines in a row:\n```\npublic static Graph generateCoverageChart(Run<?, ?> run, CoverageElement element, String chartId) {\nDataSetBuilder<String, NumberOnlyBuildLabel> dataSetBuilder = new DataSetBuilder<>();\nScriptResult<Object> scriptResult = run.getJavaScript(\"document.getElementById('\" + chartId + \"').getContext('2d')\");\nif (scriptResult != null) {\ndataSetBuilder.add(element.getPercentage(), element.getName(), new NumberOnlyBuildLabel(run));\n}\n```", "updated_files": {}, "compile_error_details": {}}

================================== Ai Message ==================================

The diff I provided earlier still does not apply cleanly to the `ChartUtil.java` file. Let me try a different approach.
Tool Calls:
  read_file (toolu_vrtx_01TV8PTgDeSLVn9QTaciwJVX)
 Call ID: toolu_vrtx_01TV8PTgDeSLVn9QTaciwJVX
  Args:
    file_path: ui-tests/src/main/java/io/jenkins/plugins/coverage/util/ChartUtil.java

================================= Tool Message =================================
Name: read_file

package io.jenkins.plugins.coverage.util;

import org.openqa.selenium.By;
import org.openqa.selenium.NoSuchElementException;
import org.openqa.selenium.WebElement;

import com.gargoylesoftware.htmlunit.ScriptResult;

import org.jenkinsci.test.acceptance.po.PageObject;

/**
 * Charts are displayed one multiple PageObjects. This util provides some helper methods to deal with charts.
 */
@SuppressWarnings("hideutilityclassconstructor")
// TODO: Move this code to ATH so we can reuse it from other plugins
public class ChartUtil {
    private static final int MAX_ATTEMPTS = 5;

    /**
     * Returns a chart's data by its id.
     *
     * @param pageObject
     *         which contains chart
     * @param elementId
     *         of chart
     *
     * @return data as json
     */
    public static String getChartDataById(final PageObject pageObject, final String elementId) {
        if (isChartDisplayedByElementId(pageObject, elementId)) {
            Object result = pageObject.executeScript(String.format(
                    "delete(window.Array.prototype.toJSON) %n"
                            + "return JSON.stringify(echarts.getInstanceByDom(document.getElementById(\"%s\")).getOption())",
                    elementId));
            ScriptResult scriptResult = new ScriptResult(result);
            return scriptResult.getJavaScriptResult().toString();
        }
        return null;
    }

    /**
     * Returns data of only chart with given tool attribute value on page.
     *
     * @param pageObject
     *         which contains only one chart with given tool attribute value
     * @param toolAttribute
     *         value in div tag of chart
     *
     * @return data as json
     */
    public static String getDataOfOnlyChartOnPageWithGivenToolAttribute(final PageObject pageObject,
            final String toolAttribute) {
        if (isChartDisplayedByDivToolAttribute(pageObject, toolAttribute)) {
            for (int i = 0; i < MAX_ATTEMPTS; i++) {
                Object result = pageObject.executeScript(String.format(
                        "delete(window.Array.prototype.toJSON) %n"
                                + "return JSON.stringify(echarts.getInstanceByDom(document.querySelector(\"div [tool='%s']\")).getOption())",
                        toolAttribute));

                Object scriptResult = new ScriptResult(result).getJavaScriptResult();
                if (scriptResult != null) {
                    return scriptResult.toString();
                }
                pageObject.elasticSleep(1000);
            }
        }
        throw new java.util.NoSuchElementException("Found no trend chart with ID '%s''" + toolAttribute);
    }

    /**
     * Returns if chart is displayed.
     *
     * @param pageObject
     *         which contains chart
     * @param elementId
     *         of chart
     *
     * @return if chart is displayed
     */
    public static boolean isChartDisplayedByElementId(final PageObject pageObject, final String elementId) {
        try {
            WebElement chart = pageObject.find(By.id(elementId));
            return chart != null && chart.isDisplayed();
        }
        catch (NoSuchElementException exception) {
            return false;
        }
    }

    /**
     * Returns if a chart with given tool attribute in div tag is displayed.
     *
     * @param pageObject
     *         which contains chart
     * @param toolAttribute
     *         of div tag of chart
     *
     * @return if chart is displayed
     */
    public static boolean isChartDisplayedByDivToolAttribute(final PageObject pageObject, final String toolAttribute) {
        try {
            WebElement chart = pageObject.find(By.cssSelector("div[tool='" + toolAttribute + "']"));
            return chart != null && chart.isDisplayed();
        }
        catch (NoSuchElementException exception) {
            return false;
        }

    }

}


================================== Ai Message ==================================

The file contents show that the `ScriptResult` class is being imported from `com.gargoylesoftware.htmlunit.ScriptResult`, which is the old location. Let me update the import statement to use the new location.

```diff
diff --git a/ui-tests/src/main/java/io/jenkins/plugins/coverage/util/ChartUtil.java b/ui-tests/src/main/java/io/jenkins/plugins/coverage/util/ChartUtil.java
index 4d4d4d4..d4d4d4d 100644
--- a/ui-tests/src/main/java/io/jenkins/plugins/coverage/util/ChartUtil.java
+++ b/ui-tests/src/main/java/io/jenkins/plugins/coverage/util/ChartUtil.java
@@ -4,7 +4,7 @@ import hudson.model.Run;
 import hudson.util.ChartUtil.NumberOnlyBuildLabel;
 import hudson.util.DataSetBuilder;
 import hudson.util.Graph;
-import com.gargoylesoftware.htmlunit.ScriptResult;
+import org.jenkinsci.test.acceptance.po.ScriptResult;
 import io.jenkins.plugins.coverage.CoverageAction;
 import io.jenkins.plugins.coverage.CoverageResult;
 import io.jenkins.plugins.coverage.targets.CoverageElement;
```
Tool Calls:
  compile_maven_stateful (toolu_vrtx_01NzdvvBNGaRMzvbRoqEivDD)
 Call ID: toolu_vrtx_01NzdvvBNGaRMzvbRoqEivDD
  Args:
    diff: ```diff
diff --git a/ui-tests/src/main/java/io/jenkins/plugins/coverage/util/ChartUtil.java b/ui-tests/src/main/java/io/jenkins/plugins/coverage/util/ChartUtil.java
index 4d4d4d4..d4d4d4d 100644
--- a/ui-tests/src/main/java/io/jenkins/plugins/coverage/util/ChartUtil.java
+++ b/ui-tests/src/main/java/io/jenkins/plugins/coverage/util/ChartUtil.java
@@ -4,7 +4,7 @@ import hudson.model.Run;
 import hudson.util.ChartUtil.NumberOnlyBuildLabel;
 import hudson.util.DataSetBuilder;
 import hudson.util.Graph;
-import com.gargoylesoftware.htmlunit.ScriptResult;
+import org.jenkinsci.test.acceptance.po.ScriptResult;
 import io.jenkins.plugins.coverage.CoverageAction;
 import io.jenkins.plugins.coverage.CoverageResult;
 import io.jenkins.plugins.coverage.targets.CoverageElement;
```

================================= Tool Message =================================
Name: compile_maven_stateful

{"compilation_has_succeeded": false, "test_has_succeeded": false, "error_text": "[INFO] Scanning for projects...\n[INFO] Artifact org.jenkins-ci.tools:maven-hpi-plugin:pom:3.41 is present in the local repository, but cached from a remote repository ID that is unavailable in current build context, verifying that is downloadable from [incrementals (https://repo.jenkins-ci.org/incrementals/, default, releases), central (https://repo.maven.apache.org/maven2, default, releases)]\n[INFO] Artifact org.jenkins-ci.tools:maven-hpi-plugin:pom:3.41 is present in the local repository, but cached from a remote repository ID that is unavailable in current build context, verifying that is downloadable from [incrementals (https://repo.jenkins-ci.org/incrementals/, default, releases), central (https://repo.maven.apache.org/maven2, default, releases)]\n[WARNING] The POM for org.jenkins-ci.tools:maven-hpi-plugin:jar:3.41 is missing, no dependency information available\n[INFO] Artifact org.jenkins-ci.tools:maven-hpi-plugin:jar:3.41 is present in the local repository, but cached from a remote repository ID that is unavailable in current build context, verifying that is downloadable from [incrementals (https://repo.jenkins-ci.org/incrementals/, default, releases), central (https://repo.maven.apache.org/maven2, default, releases)]\n[INFO] Artifact org.jenkins-ci.tools:maven-hpi-plugin:jar:3.41 is present in the local repository, but cached from a remote repository ID that is unavailable in current build context, verifying that is downloadable from [incrementals (https://repo.jenkins-ci.org/incrementals/, default, releases), central (https://repo.maven.apache.org/maven2, default, releases)]\n[WARNING] Failed to build parent project for org.jvnet.hudson.plugins:analysis-pom:pom:6.6.0\n[WARNING] Failed to build parent project for io.jenkins.plugins:code-coverage-api:hpi:4.3.0-SNAPSHOT\n[INFO] Inspecting build with total of 3 modules...\n[INFO] Installing Nexus Staging features:\n[INFO] ... total of 1 executions of maven-deploy-plugin replaced with nexus-staging-maven-plugin\n[INFO] ------------------------------------------------------------------------\n[INFO] Reactor Build Order:\n[INFO]\n[INFO] Code Coverage API Plugin [hpi]\n[INFO] UI Tests of Code Coverage Plugin [jar]\n[INFO] Aggregator for Code Coverage Plugin [pom]\n[INFO]\n[INFO] ----------------< io.jenkins.plugins:code-coverage-api >----------------\n[INFO] Building Code Coverage API Plugin 4.3.0-SNAPSHOT [1/3]\n[INFO] from plugin/pom.xml\n[INFO] --------------------------------[ hpi ]---------------------------------\n[INFO]\n[INFO] --- clean:3.2.0:clean (default-clean) @ code-coverage-api ---\n[INFO] Deleting plugin/target\n[INFO]\n[INFO] --- hpi:3.41:validate (default-validate) @ code-coverage-api ---\n[INFO]\n[INFO] --- hpi:3.41:validate-hpi (default-validate-hpi) @ code-coverage-api ---\n[INFO]\n[INFO] --- enforcer:3.2.1:enforce (display-info) @ code-coverage-api ---\n[INFO] Ignoring requireUpperBoundDeps in com.google.code.findbugs:jsr305\n[WARNING] Rule 0: org.apache.maven.enforcer.rules.dependency.RequireUpperBoundDeps warned with message:\nFailed while enforcing RequireUpperBoundDeps. The error(s) are [\nRequire upper bound dependencies error for net.bytebuddy:byte-buddy:1.14.1 [test] paths to dependency are:\n+-io.jenkins.plugins:code-coverage-api:4.3.0-SNAPSHOT\n+-nl.jqno.equalsverifier:equalsverifier:3.14.1 [test]\n+-net.bytebuddy:byte-buddy:1.14.1 [test] (managed) <-- net.bytebuddy:byte-buddy:1.14.2 [test]\nand\n+-io.jenkins.plugins:code-coverage-api:4.3.0-SNAPSHOT\n+-org.mockito:mockito-core:5.2.0 [test]\n+-net.bytebuddy:byte-buddy:1.14.1 [test] (managed) <-- net.bytebuddy:byte-buddy:1.14.1 [test]\nand\n+-io.jenkins.plugins:code-coverage-api:4.3.0-SNAPSHOT\n+-org.assertj:assertj-core:3.24.2 [test]\n+-net.bytebuddy:byte-buddy:1.14.1 [test] (managed) <-- net.bytebuddy:byte-buddy:1.12.21 [test]\n]\n[INFO] Rule 1: io.jenkins.tools.incrementals.enforcer.RequireExtensionVersion passed\n[INFO] Rule 2: org.apache.maven.enforcer.rules.version.RequireMavenVersion passed\n[INFO] Rule 3: org.apache.maven.enforcer.rules.version.RequireJavaVersion passed\n[INFO] Rule 4: org.apache.maven.plugins.enforcer.EnforceBytecodeVersion passed\n[INFO] Rule 5: org.apache.maven.enforcer.rules.dependency.BannedDependencies passed\n[INFO]\n[INFO] --- enforcer:3.2.1:enforce (no-snapshots-in-release) @ code-coverage-api ---\n[INFO] Rule 0: org.apache.maven.enforcer.rules.dependency.RequireReleaseDeps passed\n[INFO]\n[INFO] --- localizer:1.31:generate (default) @ code-coverage-api ---\n[INFO]\n[INFO] >>> javadoc:3.5.0:javadoc (default) > generate-sources @ code-coverage-api >>>\n[INFO]\n[INFO] --- hpi:3.41:validate (default-validate) @ code-coverage-api ---\n[INFO]\n[INFO] --- hpi:3.41:validate-hpi (default-validate-hpi) @ code-coverage-api ---\n[INFO]\n[INFO] --- enforcer:3.2.1:enforce (display-info) @ code-coverage-api ---\n[INFO] Ignoring requireUpperBoundDeps in com.google.code.findbugs:jsr305\n[WARNING] Rule 0: org.apache.maven.enforcer.rules.dependency.RequireUpperBoundDeps warned with message:\nFailed while enforcing RequireUpperBoundDeps. The error(s) are [\nRequire upper bound dependencies error for net.bytebuddy:byte-buddy:1.14.1 [test] paths to dependency are:\n+-io.jenkins.plugins:code-coverage-api:4.3.0-SNAPSHOT\n+-nl.jqno.equalsverifier:equalsverifier:3.14.1 [test]\n+-net.bytebuddy:byte-buddy:1.14.1 [test] (managed) <-- net.bytebuddy:byte-buddy:1.14.2 [test]\nand\n+-io.jenkins.plugins:code-coverage-api:4.3.0-SNAPSHOT\n+-org.mockito:mockito-core:5.2.0 [test]\n+-net.bytebuddy:byte-buddy:1.14.1 [test] (managed) <-- net.bytebuddy:byte-buddy:1.14.1 [test]\nand\n+-io.jenkins.plugins:code-coverage-api:4.3.0-SNAPSHOT\n+-org.assertj:assertj-core:3.24.2 [test]\n+-net.bytebuddy:byte-buddy:1.14.1 [test] (managed) <-- net.bytebuddy:byte-buddy:1.12.21 [test]\n]\n[INFO] Rule 4: org.apache.maven.plugins.enforcer.EnforceBytecodeVersion passed\n[INFO] Rule 5: org.apache.maven.enforcer.rules.dependency.BannedDependencies passed\n[INFO]\n[INFO] --- enforcer:3.2.1:enforce (no-snapshots-in-release) @ code-coverage-api ---\n[INFO] Rule 0: org.apache.maven.enforcer.rules.dependency.RequireReleaseDeps passed\n[INFO]\n[INFO] --- localizer:1.31:generate (default) @ code-coverage-api ---\n[INFO]\n[INFO] <<< javadoc:3.5.0:javadoc (default) < generate-sources @ code-coverage-api <<<\n[INFO]\n[INFO]\n[INFO] --- javadoc:3.5.0:javadoc (default) @ code-coverage-api ---\n[INFO] No previous run data found, generating javadoc.\n[INFO]\n[INFO] --- resources:3.3.1:resources (default-resources) @ code-coverage-api ---\n[INFO] Copying 112 resources from src/main/resources to target/classes\n[INFO]\n[INFO] --- flatten:1.4.1:flatten (flatten) @ code-coverage-api ---\n[INFO] Generating flattened POM of project io.jenkins.plugins:code-coverage-api:hpi:4.3.0-SNAPSHOT...\n[INFO]\n[INFO] --- compiler:3.11.0:compile (default-compile) @ code-coverage-api ---\n[INFO] Changes detected - recompiling the module! :source\n[INFO] Compiling 148 source files with javac [debug release 11] to target/classes\n[INFO] io.jenkins.plugins.coverage.metrics.steps.CoverageRecorder.Descriptor indexed under hudson.Extension\n[INFO] io.jenkins.plugins.coverage.metrics.steps.CoverageQualityGate.Descriptor indexed under hudson.Extension\n[INFO] io.jenkins.plugins.coverage.metrics.steps.CoverageTool.CoverageToolDescriptor indexed under hudson.Extension\n[INFO] io.jenkins.plugins.coverage.threshold.Threshold.ThreshHoldDescriptor indexed under hudson.Extension\n[INFO] io.jenkins.plugins.coverage.CoveragePullRequestMonitoringPortlet.PortletFactory indexed under hudson.Extension\n[INFO] io.jenkins.plugins.coverage.metrics.steps.CoverageMetricColumn.CoverageMetricColumnDescriptor indexed under hudson.Extension\n[INFO] io.jenkins.plugins.coverage.adapter.CoberturaReportAdapter.CoberturaReportAdapterDescriptor indexed under hudson.Extension\n[INFO] io.jenkins.plugins.coverage.source.DefaultSourceFileResolver.DefaultSourceFileResolverDescriptor indexed under hudson.Extension\n[INFO] io.jenkins.plugins.coverage.adapter.JacocoReportAdapter.JacocoReportAdapterDescriptor indexed under hudson.Extension\n[INFO] io.jenkins.plugins.coverage.CoveragePublisher.CoveragePublisherDescriptor indexed under hudson.Extension\n[INFO] io.jenkins.plugins.coverage.model.visualization.dashboard.CoverageColumn.CoverageDescriptor indexed under hudson.Extension\n[INFO] io.jenkins.plugins.coverage.detector.AntPathReportDetector.AntPathReportDetectorDescriptor indexed under hudson.Extension\n[INFO] io.jenkins.plugins.coverage.metrics.steps.CoverageStep.Descriptor indexed under hudson.Extension\n[INFO] io.jenkins.plugins.coverage.adapter.IstanbulCoberturaReportAdapter.IstanbulCoberturaReportAdapterDescriptor indexed under hudson.Extension\n[WARNING] No processor claimed any of these annotations: /edu.umd.cs.findbugs.annotations.Nullable,/hudson.init.Initializer,/org.kohsuke.accmod.Restricted,/edu.umd.cs.findbugs.annotations.NonNull,/org.kohsuke.stapler.QueryParameter,/org.kohsuke.stapler.DataBoundSetter,/org.jenkinsci.Symbol,/edu.umd.cs.findbugs.annotations.CheckForNull,/org.kohsuke.stapler.bind.JavaScriptMethod,/org.kohsuke.stapler.AncestorInPath,/org.kohsuke.stapler.verb.POST,/edu.umd.cs.findbugs.annotations.SuppressFBWarnings,/org.kohsuke.stapler.export.Exported,/org.kohsuke.stapler.export.ExportedBean,/edu.hm.hafner.util.VisibleForTesting,/org.kohsuke.stapler.DataBoundConstructor,/edu.umd.cs.findbugs.annotations.DefaultAnnotation,/hudson.Extension\n[WARNING] plugin/src/main/java/io/jenkins/plugins/coverage/targets/CoverageTrend.java:[10,8] serializable class io.jenkins.plugins.coverage.targets.CoverageTrend has no definition of serialVersionUID\n[WARNING] plugin/src/main/java/io/jenkins/plugins/coverage/exception/CoverageException.java:[3,8] serializable class io.jenkins.plugins.coverage.exception.CoverageException has no definition of serialVersionUID\n[WARNING] plugin/src/main/java/io/jenkins/plugins/coverage/metrics/steps/CoverageRecorder.java:[519,59] found raw type: hudson.model.AbstractProject\nmissing type arguments for generic class hudson.model.AbstractProject<P,R>\n[WARNING] plugin/src/main/java/io/jenkins/plugins/coverage/metrics/steps/CoverageXmlStream.java:[123,41] found raw type: java.lang.Class\nmissing type arguments for generic class java.lang.Class<T>\n[WARNING] plugin/src/main/java/io/jenkins/plugins/coverage/metrics/steps/CoverageXmlStream.java:[204,41] found raw type: java.lang.Class\nmissing type arguments for generic class java.lang.Class<T>\n[WARNING] plugin/src/main/java/io/jenkins/plugins/coverage/metrics/steps/CoverageXmlStream.java:[174,47] found raw type: java.lang.Class\nmissing type arguments for generic class java.lang.Class<T>\n[WARNING] plugin/src/main/java/io/jenkins/plugins/coverage/metrics/steps/CoverageXmlStream.java:[284,41] found raw type: java.lang.Class\nmissing type arguments for generic class java.lang.Class<T>\n[WARNING] plugin/src/main/java/io/jenkins/plugins/coverage/adapter/CoverageAdapter.java:[10,17] serializable class io.jenkins.plugins.coverage.adapter.CoverageAdapter has no definition of serialVersionUID\n[WARNING] plugin/src/main/java/io/jenkins/plugins/coverage/adapter/CoverageReportAdapter.java:[24,17] serializable class io.jenkins.plugins.coverage.adapter.CoverageReportAdapter has no definition of serialVersionUID\n[WARNING] plugin/src/main/java/io/jenkins/plugins/coverage/threshold/Threshold.java:[17,8] serializable class io.jenkins.plugins.coverage.threshold.Threshold has no definition of serialVersionUID\n[WARNING] plugin/src/main/java/io/jenkins/plugins/coverage/adapter/XMLCoverageReportAdapter.java:[60,13] found raw type: java.lang.Class\nmissing type arguments for generic class java.lang.Class<T>\n[WARNING] plugin/src/main/java/io/jenkins/plugins/coverage/adapter/XMLCoverageReportAdapter.java:[14,17] serializable class io.jenkins.plugins.coverage.adapter.XMLCoverageReportAdapter has no definition of serialVersionUID\n[WARNING] plugin/src/main/java/io/jenkins/plugins/coverage/adapter/JavaXMLCoverageReportAdapter.java:[9,17] serializable class io.jenkins.plugins.coverage.adapter.JavaXMLCoverageReportAdapter has no definition of serialVersionUID\n[WARNING] plugin/src/main/java/io/jenkins/plugins/coverage/detector/ReportDetector.java:[56,14] found raw type: io.jenkins.plugins.coverage.adapter.CoverageReportAdapterDescriptor\nmissing type arguments for generic class io.jenkins.plugins.coverage.adapter.CoverageReportAdapterDescriptor<T>\n[WARNING] plugin/src/main/java/io/jenkins/plugins/coverage/detector/ReportDetector.java:[73,18] found raw type: io.jenkins.plugins.coverage.adapter.CoverageReportAdapterDescriptor\nmissing type arguments for generic class io.jenkins.plugins.coverage.adapter.CoverageReportAdapterDescriptor<T>\n[WARNING] plugin/src/main/java/io/jenkins/plugins/coverage/detector/ReportDetector.java:[77,25] found raw type: java.lang.Class\nmissing type arguments for generic class java.lang.Class<T>\n[WARNING] plugin/src/main/java/io/jenkins/plugins/coverage/detector/ReportDetector.java:[79,25] found raw type: java.lang.reflect.Constructor\nmissing type arguments for generic class java.lang.reflect.Constructor<T>\n[WARNING] plugin/src/main/java/io/jenkins/plugins/coverage/detector/ReportDetector.java:[102,18] found raw type: io.jenkins.plugins.coverage.adapter.CoverageReportAdapterDescriptor\nmissing type arguments for generic class io.jenkins.plugins.coverage.adapter.CoverageReportAdapterDescriptor<T>\n[WARNING] plugin/src/main/java/io/jenkins/plugins/coverage/detector/ReportDetector.java:[24,17] serializable class io.jenkins.plugins.coverage.detector.ReportDetector has no definition of serialVersionUID\n[WARNING] plugin/src/main/java/io/jenkins/plugins/coverage/CoverageProcessor.java:[349,13] found raw type: io.jenkins.plugins.coverage.adapter.CoverageReportAdapterDescriptor\nmissing type arguments for generic class io.jenkins.plugins.coverage.adapter.CoverageReportAdapterDescriptor<T>\n[WARNING] plugin/src/main/java/io/jenkins/plugins/coverage/CoverageProcessor.java:[683,20] serializable class io.jenkins.plugins.coverage.CoverageProcessor.FindReportCallable has no definition of serialVersionUID\n[WARNING] plugin/src/main/java/io/jenkins/plugins/coverage/model/CoverageXmlStream.java:[93,41] found raw type: java.lang.Class\nmissing type arguments for generic class java.lang.Class<T>\n[WARNING] plugin/src/main/java/io/jenkins/plugins/coverage/model/CoverageXmlStream.java:[129,41] found raw type: java.lang.Class\nmissing type arguments for generic class java.lang.Class<T>\n[WARNING] plugin/src/main/java/io/jenkins/plugins/coverage/model/CoverageXmlStream.java:[154,41] found raw type: java.lang.Class\nmissing type arguments for generic class java.lang.Class<T>\n[WARNING] plugin/src/main/java/io/jenkins/plugins/coverage/model/CoverageXmlStream.java:[186,41] found raw type: java.lang.Class\nmissing type arguments for generic class java.lang.Class<T>\n[WARNING] plugin/src/main/java/io/jenkins/plugins/coverage/model/CoverageXmlStream.java:[216,41] found raw type: java.lang.Class\nmissing type arguments for generic class java.lang.Class<T>\n[WARNING] plugin/src/main/java/io/jenkins/plugins/coverage/adapter/CoberturaReportAdapter.java:[20,14] serializable class io.jenkins.plugins.coverage.adapter.CoberturaReportAdapter has no definition of serialVersionUID\n[WARNING] plugin/src/main/java/io/jenkins/plugins/coverage/adapter/JacocoReportAdapter.java:[23,14] serializable class io.jenkins.plugins.coverage.adapter.JacocoReportAdapter has no definition of serialVersionUID\n[WARNING] plugin/src/main/java/io/jenkins/plugins/coverage/CoveragePublisher.java:[385,49] found raw type: io.jenkins.plugins.coverage.source.DefaultSourceFileResolver.DefaultSourceFileResolverDescriptor\nmissing type arguments for generic class io.jenkins.plugins.coverage.source.DefaultSourceFileResolver.DefaultSourceFileResolverDescriptor<T>\n[WARNING] plugin/src/main/java/io/jenkins/plugins/coverage/CoveragePublisher.java:[393,59] found raw type: hudson.model.AbstractProject\nmissing type arguments for generic class hudson.model.AbstractProject<P,R>\n[WARNING] plugin/src/main/java/io/jenkins/plugins/coverage/adapter/JSONCoverageReportAdapter.java:[11,17] serializable class io.jenkins.plugins.coverage.adapter.JSONCoverageReportAdapter has no definition of serialVersionUID\n[WARNING] plugin/src/main/java/io/jenkins/plugins/coverage/detector/AntPathReportDetector.java:[17,8] serializable class io.jenkins.plugins.coverage.detector.AntPathReportDetector has no definition of serialVersionUID\n[WARNING] plugin/src/main/java/io/jenkins/plugins/coverage/adapter/IstanbulCoberturaReportAdapter.java:[23,8] serializable class io.jenkins.plugins.coverage.adapter.IstanbulCoberturaReportAdapter has no definition of serialVersionUID\n[WARNING] plugin/src/main/java/io/jenkins/plugins/coverage/CompatibleObjectInputStream.java:[24,9] found raw type: java.lang.Class\nmissing type arguments for generic class java.lang.Class<T>\n[INFO]\n[INFO] --- access-modifier-checker:1.31:enforce (default-enforce) @ code-coverage-api ---\n[INFO]\n[INFO] --- hpi:3.41:insert-test (default-insert-test) @ code-coverage-api ---\n[INFO]\n[INFO] --- assertj:2.2.0:generate-assertions (default) @ code-coverage-api ---\n[INFO]\n[INFO] --- antrun:3.1.0:run (createTempDir) @ code-coverage-api ---\n[INFO] Executing tasks\n[INFO] [mkdir] Created dir: plugin/target/tmp\n[INFO] Executed tasks\n[INFO]\n[INFO] --- resources:3.3.1:testResources (default-testResources) @ code-coverage-api ---\n[INFO] Copying 51 resources from src/test/resources to target/test-classes\n[INFO]\n[INFO] --- compiler:3.11.0:testCompile (default-testCompile) @ code-coverage-api ---\n[INFO] Changes detected - recompiling the module! :dependency\n[INFO] Compiling 183 source files with javac [debug release 11] to target/test-classes\n[INFO] io.jenkins.plugins.coverage.model.ChecksNameITest.InterceptingChecksPublisherFactory indexed under org.jvnet.hudson.test.TestExtension\n[WARNING] No processor claimed any of these annotations: /com.tngtech.archunit.junit.AnalyzeClasses,/org.junit.jupiter.api.Nested,/org.jvnet.hudson.test.recipes.LocalData,/org.junit.jupiter.api.DisplayName,/org.junit.jupiter.api.Tag,/com.tngtech.archunit.junit.ArchTest,/javax.annotation.Generated,/org.junit.Rule,/org.jvnet.hudson.test.TestExtension,/org.junit.BeforeClass,/edu.hm.hafner.util.VisibleForTesting,/org.junitpioneer.jupiter.DefaultLocale,/org.testcontainers.junit.jupiter.Testcontainers,/org.junit.jupiter.params.provider.ValueSource,/org.junit.jupiter.api.Test,/org.junit.jupiter.api.BeforeAll,/org.junit.jupiter.params.provider.NullSource,/org.testcontainers.junit.jupiter.Container,/org.junit.jupiter.params.provider.EnumSource,/org.assertj.core.util.CheckReturnValue,/org.junit.jupiter.params.provider.CsvSource,/org.junit.Test,/org.junit.ClassRule,/edu.umd.cs.findbugs.annotations.SuppressFBWarnings,/org.junit.jupiter.params.ParameterizedTest,/org.junit.jupiter.api.Disabled,/org.junit.Before\n[WARNING] plugin/target/generated-test-sources/assertj-assertions/io/jenkins/plugins/coverage/metrics/steps/CoverageRecorderDescriptorAssert.java:[93,53] static method should be qualified by type name, hudson.model.Descriptor, instead of by an expression\n[WARNING] plugin/target/generated-test-sources/assertj-assertions/io/jenkins/plugins/coverage/metrics/steps/CoverageRecorderDescriptorAssert.java:[277,76] found raw type: org.kohsuke.stapler.lang.Klass\nmissing type arguments for generic class org.kohsuke.stapler.lang.Klass<C>\n[WARNING] plugin/target/generated-test-sources/assertj-assertions/io/jenkins/plugins/coverage/metrics/steps/CoverageRecorderDescriptorAssert.java:[285,29] found raw type: org.kohsuke.stapler.lang.Klass\nmissing type arguments for generic class org.kohsuke.stapler.lang.Klass<C>\n[WARNING] plugin/target/generated-test-sources/assertj-assertions/io/jenkins/plugins/coverage/metrics/steps/CoverageRecorderDescriptorAssert.java:[325,48] found raw type: java.lang.Class\nmissing type arguments for generic class java.lang.Class<T>\n[WARNING] plugin/target/generated-test-sources/assertj-assertions/io/jenkins/plugins/coverage/metrics/steps/CoverageRecorderDescriptorAssert.java:[333,5] found raw type: java.lang.Class\nmissing type arguments for generic class java.lang.Class<T>\n[WARNING] plugin/target/generated-test-sources/assertj-assertions/io/jenkins/plugins/coverage/metrics/steps/CoverageRecorderDescriptorAssert.java:[349,52] found raw type: java.lang.Class\nmissing type arguments for generic class java.lang.Class<T>\n[WARNING] plugin/target/generated-test-sources/assertj-assertions/io/jenkins/plugins/coverage/metrics/steps/CoverageRecorderDescriptorAssert.java:[357,5] found raw type: java.lang.Class\nmissing type arguments for generic class java.lang.Class<T>\n[WARNING] plugin/target/generated-test-sources/assertj-assertions/io/jenkins/plugins/coverage/model/CoverageNodeAssert.java:[922,57] found raw type: java.util.SortedMap\nmissing type arguments for generic class java.util.SortedMap<K,V>\n[WARNING] plugin/target/generated-test-sources/assertj-assertions/io/jenkins/plugins/coverage/model/CoverageNodeAssert.java:[930,14] found raw type: java.util.SortedMap\nmissing type arguments for generic class java.util.SortedMap<K,V>\n[WARNING] plugin/target/generated-test-sources/assertj-assertions/io/jenkins/plugins/coverage/model/CoverageNodeAssert.java:[946,59] found raw type: java.util.SortedMap\nmissing type arguments for generic class java.util.SortedMap<K,V>\n[WARNING] plugin/target/generated-test-sources/assertj-assertions/io/jenkins/plugins/coverage/model/CoverageNodeAssert.java:[954,14] found raw type: java.util.SortedMap\nmissing type arguments for generic class java.util.SortedMap<K,V>\n[WARNING] plugin/target/generated-test-sources/assertj-assertions/io/jenkins/plugins/coverage/model/CoverageNodeAssert.java:[1123,61] found raw type: java.util.SortedMap\nmissing type arguments for generic class java.util.SortedMap<K,V>\n[WARNING] plugin/target/generated-test-sources/assertj-assertions/io/jenkins/plugins/coverage/model/CoverageNodeAssert.java:[1131,14] found raw type: java.util.SortedMap\nmissing type arguments for generic class java.util.SortedMap<K,V>\n[WARNING] plugin/target/generated-test-sources/assertj-assertions/io/jenkins/plugins/coverage/metrics/steps/CoverageToolAssert.java:[61,55] found raw type: hudson.model.Descriptor\nmissing type arguments for generic class hudson.model.Descriptor<T>\n[WARNING] plugin/target/generated-test-sources/assertj-assertions/io/jenkins/plugins/coverage/metrics/steps/CoverageToolAssert.java:[69,17] found raw type: hudson.model.Descriptor\nmissing type arguments for generic class hudson.model.Descriptor<T>\n[WARNING] plugin/target/generated-test-sources/assertj-assertions/io/jenkins/plugins/coverage/metrics/color/CoverageColorJenkinsIdAssert.java:[46,53] static method should be qualified by type name, io.jenkins.plugins.coverage.metrics.color.CoverageColorJenkinsId, instead of by an expression\n[WARNING] plugin/target/generated-test-sources/assertj-assertions/io/jenkins/plugins/coverage/metrics/color/CoverageColorJenkinsIdAssert.java:[69,53] static method should be qualified by type name, io.jenkins.plugins.coverage.metrics.color.CoverageColorJenkinsId, instead of by an expression\n[WARNING] plugin/target/generated-test-sources/assertj-assertions/io/jenkins/plugins/coverage/metrics/color/CoverageColorJenkinsIdAssert.java:[89,57] static method should be qualified by type name, io.jenkins.plugins.coverage.metrics.color.CoverageColorJenkinsId, instead of by an expression\n[WARNING] plugin/target/generated-test-sources/assertj-assertions/io/jenkins/plugins/coverage/metrics/color/CoverageColorJenkinsIdAssert.java:[112,57] static method should be qualified by type name, io.jenkins.plugins.coverage.metrics.color.CoverageColorJenkinsId, instead of by an expression\n[WARNING] plugin/target/generated-test-sources/assertj-assertions/io/jenkins/plugins/coverage/metrics/color/CoverageColorJenkinsIdAssert.java:[133,59] static method should be qualified by type name, io.jenkins.plugins.coverage.metrics.color.CoverageColorJenkinsId, instead of by an expression\n[WARNING] plugin/target/generated-test-sources/assertj-assertions/io/jenkins/plugins/coverage/metrics/color/CoverageColorJenkinsIdAssert.java:[157,59] static method should be qualified by type name, io.jenkins.plugins.coverage.metrics.color.CoverageColorJenkinsId, instead of by an expression\n[WARNING] plugin/target/generated-test-sources/assertj-assertions/io/jenkins/plugins/coverage/metrics/color/CoverageColorJenkinsIdAssert.java:[176,15] static method should be qualified by type name, io.jenkins.plugins.coverage.metrics.color.CoverageColorJenkinsId, instead of by an expression\n[WARNING] plugin/target/generated-test-sources/assertj-assertions/io/jenkins/plugins/coverage/metrics/color/CoverageColorJenkinsIdAssert.java:[177,58] static method should be qualified by type name, io.jenkins.plugins.coverage.metrics.color.CoverageColorJenkinsId, instead of by an expression\n[WARNING] plugin/target/generated-test-sources/assertj-assertions/io/jenkins/plugins/coverage/metrics/source/SourceViewModelAssert.java:[85,53] found raw type: hudson.model.Run\nmissing type arguments for generic class hudson.model.Run<JobT,RunT>\n[WARNING] plugin/target/generated-test-sources/assertj-assertions/io/jenkins/plugins/coverage/metrics/source/SourceViewModelAssert.java:[93,17] found raw type: hudson.model.Run\nmissing type arguments for generic class hudson.model.Run<JobT,RunT>\n[WARNING] plugin/target/generated-test-sources/assertj-assertions/io/jenkins/plugins/coverage/metrics/steps/CoverageApiAssert.java:[37,59] found raw type: java.util.NavigableMap\nmissing type arguments for generic class java.util.NavigableMap<K,V>\n[WARNING] plugin/target/generated-test-sources/assertj-assertions/io/jenkins/plugins/coverage/metrics/steps/CoverageApiAssert.java:[45,14] found raw type: java.util.NavigableMap\nmissing type arguments for generic class java.util.NavigableMap<K,V>\n[WARNING] plugin/target/generated-test-sources/assertj-assertions/io/jenkins/plugins/coverage/metrics/steps/CoverageApiAssert.java:[61,64] found raw type: java.util.NavigableMap\nmissing type arguments for generic class java.util.NavigableMap<K,V>\n[WARNING] plugin/target/generated-test-sources/assertj-assertions/io/jenkins/plugins/coverage/metrics/steps/CoverageApiAssert.java:[69,14] found raw type: java.util.NavigableMap\nmissing type arguments for generic class java.util.NavigableMap<K,V>\n[WARNING] plugin/target/generated-test-sources/assertj-assertions/io/jenkins/plugins/coverage/metrics/steps/CoverageApiAssert.java:[85,59] found raw type: java.util.NavigableMap\nmissing type arguments for generic class java.util.NavigableMap<K,V>\n[WARNING] plugin/target/generated-test-sources/assertj-assertions/io/jenkins/plugins/coverage/metrics/steps/CoverageApiAssert.java:[93,14] found raw type: java.util.NavigableMap\nmissing type arguments for generic class java.util.NavigableMap<K,V>\n[WARNING] plugin/target/generated-test-sources/assertj-assertions/io/jenkins/plugins/coverage/metrics/steps/CoverageApiAssert.java:[109,64] found raw type: java.util.NavigableMap\nmissing type arguments for generic class java.util.NavigableMap<K,V>\n[WARNING] plugin/target/generated-test-sources/assertj-assertions/io/jenkins/plugins/coverage/metrics/steps/CoverageApiAssert.java:[117,14] found raw type: java.util.NavigableMap\nmissing type arguments for generic class java.util.NavigableMap<K,V>\n[WARNING] plugin/target/generated-test-sources/assertj-assertions/io/jenkins/plugins/coverage/metrics/steps/CoverageApiAssert.java:[133,53] found raw type: java.util.NavigableMap\nmissing type arguments for generic class java.util.NavigableMap<K,V>\n[WARNING] plugin/target/generated-test-sources/assertj-assertions/io/jenkins/plugins/coverage/metrics/steps/CoverageApiAssert.java:[141,14] found raw type: java.util.NavigableMap\nmissing type arguments for generic class java.util.NavigableMap<K,V>\n[WARNING] plugin/target/generated-test-sources/assertj-assertions/io/jenkins/plugins/coverage/metrics/steps/CoverageApiAssert.java:[157,58] found raw type: java.util.NavigableMap\nmissing type arguments for generic class java.util.NavigableMap<K,V>\n[WARNING] plugin/target/generated-test-sources/assertj-assertions/io/jenkins/plugins/coverage/metrics/steps/CoverageApiAssert.java:[165,14] found raw type: java.util.NavigableMap\nmissing type arguments for generic class java.util.NavigableMap<K,V>\n[WARNING] plugin/target/generated-test-sources/assertj-assertions/io/jenkins/plugins/coverage/metrics/steps/CoverageMetricColumnAssert.java:[109,63] found raw type: hudson.model.Descriptor\nmissing type arguments for generic class hudson.model.Descriptor<T>\n[WARNING] plugin/target/generated-test-sources/assertj-assertions/io/jenkins/plugins/coverage/metrics/steps/CoverageMetricColumnAssert.java:[117,17] found raw type: hudson.model.Descriptor\nmissing type arguments for generic class hudson.model.Descriptor<T>\n[WARNING] plugin/target/generated-test-sources/assertj-assertions/io/jenkins/plugins/coverage/metrics/steps/CoverageMetricColumnCoverageMetricColumnDescriptorAssert.java:[93,53] static method should be qualified by type name, hudson.model.Descriptor, instead of by an expression\n[WARNING] plugin/target/generated-test-sources/assertj-assertions/io/jenkins/plugins/coverage/metrics/steps/CoverageMetricColumnCoverageMetricColumnDescriptorAssert.java:[277,100] found raw type: org.kohsuke.stapler.lang.Klass\nmissing type arguments for generic class org.kohsuke.stapler.lang.Klass<C>\n[WARNING] plugin/target/generated-test-sources/assertj-assertions/io/jenkins/plugins/coverage/metrics/steps/CoverageMetricColumnCoverageMetricColumnDescriptorAssert.java:[285,29] found raw type: org.kohsuke.stapler.lang.Klass\nmissing type arguments for generic class org.kohsuke.stapler.lang.Klass<C>\n[WARNING] plugin/target/generated-test-sources/assertj-assertions/io/jenkins/plugins/coverage/metrics/steps/CoverageMetricColumnCoverageMetricColumnDescriptorAssert.java:[325,72] found raw type: java.lang.Class\nmissing type arguments for generic class java.lang.Class<T>\n[WARNING] plugin/target/generated-test-sources/assertj-assertions/io/jenkins/plugins/coverage/metrics/steps/CoverageMetricColumnCoverageMetricColumnDescriptorAssert.java:[333,5] found raw type: java.lang.Class\nmissing type arguments for generic class java.lang.Class<T>\n[WARNING] plugin/target/generated-test-sources/assertj-assertions/io/jenkins/plugins/coverage/metrics/steps/CoverageMetricColumnCoverageMetricColumnDescriptorAssert.java:[349,76] found raw type: java.lang.Class\nmissing type arguments for generic class java.lang.Class<T>\n[WARNING] plugin/target/generated-test-sources/assertj-assertions/io/jenkins/plugins/coverage/metrics/steps/CoverageMetricColumnCoverageMetricColumnDescriptorAssert.java:[357,5] found raw type: java.lang.Class\nmissing type arguments for generic class java.lang.Class<T>\n[WARNING] plugin/target/generated-test-sources/assertj-assertions/io/jenkins/plugins/coverage/metrics/steps/CoverageQualityGateAssert.java:[86,62] found raw type: hudson.model.Descriptor\nmissing type arguments for generic class hudson.model.Descriptor<T>\n[WARNING] plugin/target/generated-test-sources/assertj-assertions/io/jenkins/plugins/coverage/metrics/steps/CoverageQualityGateAssert.java:[94,17] found raw type: hudson.model.Descriptor\nmissing type arguments for generic class hudson.model.Descriptor<T>\n[WARNING] plugin/target/generated-test-sources/assertj-assertions/io/jenkins/plugins/coverage/metrics/steps/CoverageQualityGateDescriptorAssert.java:[93,53] static method should be qualified by type name, hudson.model.Descriptor, instead of by an expression\n[WARNING] plugin/target/generated-test-sources/assertj-assertions/io/jenkins/plugins/coverage/metrics/steps/CoverageQualityGateDescriptorAssert.java:[277,79] found raw type: org.kohsuke.stapler.lang.Klass\nmissing type arguments for generic class org.kohsuke.stapler.lang.Klass<C>\n[WARNING] plugin/target/generated-test-sources/assertj-assertions/io/jenkins/plugins/coverage/metrics/steps/CoverageQualityGateDescriptorAssert.java:[285,29] found raw type: org.kohsuke.stapler.lang.Klass\nmissing type arguments for generic class org.kohsuke.stapler.lang.Klass<C>\n[WARNING] plugin/target/generated-test-sources/assertj-assertions/io/jenkins/plugins/coverage/metrics/steps/CoverageQualityGateDescriptorAssert.java:[325,51] found raw type: java.lang.Class\nmissing type arguments for generic class java.lang.Class<T>\n[WARNING] plugin/target/generated-test-sources/assertj-assertions/io/jenkins/plugins/coverage/metrics/steps/CoverageQualityGateDescriptorAssert.java:[333,5] found raw type: java.lang.Class\nmissing type arguments for generic class java.lang.Class<T>\n[WARNING] plugin/target/generated-test-sources/assertj-assertions/io/jenkins/plugins/coverage/metrics/steps/CoverageQualityGateDescriptorAssert.java:[349,55] found raw type: java.lang.Class\nmissing type arguments for generic class java.lang.Class<T>\n[WARNING] plugin/target/generated-test-sources/assertj-assertions/io/jenkins/plugins/coverage/metrics/steps/CoverageQualityGateDescriptorAssert.java:[357,5] found raw type: java.lang.Class\nmissing type arguments for generic class java.lang.Class<T>\n[WARNING] plugin/target/generated-test-sources/assertj-assertions/io/jenkins/plugins/coverage/metrics/steps/CoverageStepAssert.java:[86,55] found raw type: hudson.model.Descriptor\nmissing type arguments for generic class hudson.model.Descriptor<T>\n[WARNING] plugin/target/generated-test-sources/assertj-assertions/io/jenkins/plugins/coverage/metrics/steps/CoverageStepAssert.java:[94,17] found raw type: hudson.model.Descriptor\nmissing type arguments for generic class hudson.model.Descriptor<T>\n[WARNING] plugin/target/generated-test-sources/assertj-assertions/io/jenkins/plugins/coverage/metrics/steps/CoverageStepDescriptorAssert.java:[130,53] static method should be qualified by type name, hudson.model.Descriptor, instead of by an expression\n[WARNING] plugin/target/generated-test-sources/assertj-assertions/io/jenkins/plugins/coverage/metrics/steps/CoverageStepDescriptorAssert.java:[338,72] found raw type: org.kohsuke.stapler.lang.Klass\nmissing type arguments for generic class org.kohsuke.stapler.lang.Klass<C>\n[WARNING] plugin/target/generated-test-sources/assertj-assertions/io/jenkins/plugins/coverage/metrics/steps/CoverageStepDescriptorAssert.java:[346,29] found raw type: org.kohsuke.stapler.lang.Klass\nmissing type arguments for generic class org.kohsuke.stapler.lang.Klass<C>\n[WARNING] plugin/target/generated-test-sources/assertj-assertions/io/jenkins/plugins/coverage/metrics/steps/CoverageStepDescriptorAssert.java:[398,63] found raw type: java.lang.Class\nmissing type arguments for generic class java.lang.Class<T>\n[WARNING] plugin/target/generated-test-sources/assertj-assertions/io/jenkins/plugins/coverage/metrics/steps/CoverageStepDescriptorAssert.java:[406,5] found raw type: java.lang.Class\nmissing type arguments for generic class java.lang.Class<T>\n[WARNING] plugin/target/generated-test-sources/assertj-assertions/io/jenkins/plugins/coverage/metrics/steps/CoverageStepDescriptorAssert.java:[752,44] found raw type: java.lang.Class\nmissing type arguments for generic class java.lang.Class<T>\n[WARNING] plugin/target/generated-test-sources/assertj-assertions/io/jenkins/plugins/coverage/metrics/steps/CoverageStepDescriptorAssert.java:[760,5] found raw type: java.lang.Class\nmissing type arguments for generic class java.lang.Class<T>\n[WARNING] plugin/target/generated-test-sources/assertj-assertions/io/jenkins/plugins/coverage/metrics/steps/CoverageStepDescriptorAssert.java:[776,48] found raw type: java.lang.Class\nmissing type arguments for generic class java.lang.Class<T>\n[WARNING] plugin/target/generated-test-sources/assertj-assertions/io/jenkins/plugins/coverage/metrics/steps/CoverageStepDescriptorAssert.java:[784,5] found raw type: java.lang.Class\nmissing type arguments for generic class java.lang.Class<T>\n[WARNING] plugin/target/generated-test-sources/assertj-assertions/io/jenkins/plugins/coverage/metrics/steps/CoverageToolCoverageToolDescriptorAssert.java:[93,53] static method should be qualified by type name, hudson.model.Descriptor, instead of by an expression\n[WARNING] plugin/target/generated-test-sources/assertj-assertions/io/jenkins/plugins/coverage/metrics/steps/CoverageToolCoverageToolDescriptorAssert.java:[301,84] found raw type: org.kohsuke.stapler.lang.Klass\nmissing type arguments for generic class org.kohsuke.stapler.lang.Klass<C>\n[WARNING] plugin/target/generated-test-sources/assertj-assertions/io/jenkins/plugins/coverage/metrics/steps/CoverageToolCoverageToolDescriptorAssert.java:[309,29] found raw type: org.kohsuke.stapler.lang.Klass\nmissing type arguments for generic class org.kohsuke.stapler.lang.Klass<C>\n[WARNING] plugin/target/generated-test-sources/assertj-assertions/io/jenkins/plugins/coverage/metrics/steps/CoverageToolCoverageToolDescriptorAssert.java:[349,56] found raw type: java.lang.Class\nmissing type arguments for generic class java.lang.Class<T>\n[WARNING] plugin/target/generated-test-sources/assertj-assertions/io/jenkins/plugins/coverage/metrics/steps/CoverageToolCoverageToolDescriptorAssert.java:[357,5] found raw type: java.lang.Class\nmissing type arguments for generic class java.lang.Class<T>\n[WARNING] plugin/target/generated-test-sources/assertj-assertions/io/jenkins/plugins/coverage/metrics/steps/CoverageToolCoverageToolDescriptorAssert.java:[397,60] found raw type: java.lang.Class\nmissing type arguments for generic class java.lang.Class<T>\n[WARNING] plugin/target/generated-test-sources/assertj-assertions/io/jenkins/plugins/coverage/metrics/steps/CoverageToolCoverageToolDescriptorAssert.java:[405,5] found raw type: java.lang.Class\nmissing type arguments for generic class java.lang.Class<T>\n[WARNING] plugin/target/generated-test-sources/assertj-assertions/io/jenkins/plugins/coverage/metrics/steps/CoverageViewModelAssert.java:[407,55] found raw type: hudson.model.Run\nmissing type arguments for generic class hudson.model.Run<JobT,RunT>\n[WARNING] plugin/target/generated-test-sources/assertj-assertions/io/jenkins/plugins/coverage/metrics/steps/CoverageViewModelAssert.java:[415,17] found raw type: hudson.model.Run\nmissing type arguments for generic class hudson.model.Run<JobT,RunT>\n[WARNING] plugin/target/generated-test-sources/assertj-assertions/io/jenkins/plugins/coverage/model/CoverageMetricAssert.java:[46,53] static method should be qualified by type name, io.jenkins.plugins.coverage.model.CoverageMetric, instead of by an expression\n[WARNING] plugin/target/generated-test-sources/assertj-assertions/io/jenkins/plugins/coverage/model/CoverageMetricAssert.java:[69,53] static method should be qualified by type name, io.jenkins.plugins.coverage.model.CoverageMetric, instead of by an expression\n[WARNING] plugin/target/generated-test-sources/assertj-assertions/io/jenkins/plugins/coverage/model/CoverageMetricAssert.java:[89,57] static method should be qualified by type name, io.jenkins.plugins.coverage.model.CoverageMetric, instead of by an expression\n[WARNING] plugin/target/generated-test-sources/assertj-assertions/io/jenkins/plugins/coverage/model/CoverageMetricAssert.java:[112,57] static method should be qualified by type name, io.jenkins.plugins.coverage.model.CoverageMetric, instead of by an expression\n[WARNING] plugin/target/generated-test-sources/assertj-assertions/io/jenkins/plugins/coverage/model/CoverageMetricAssert.java:[133,59] static method should be qualified by type name, io.jenkins.plugins.coverage.model.CoverageMetric, instead of by an expression\n[WARNING] plugin/target/generated-test-sources/assertj-assertions/io/jenkins/plugins/coverage/model/CoverageMetricAssert.java:[157,59] static method should be qualified by type name, io.jenkins.plugins.coverage.model.CoverageMetric, instead of by an expression\n[WARNING] plugin/target/generated-test-sources/assertj-assertions/io/jenkins/plugins/coverage/model/CoverageMetricAssert.java:[176,15] static method should be qualified by type name, io.jenkins.plugins.coverage.model.CoverageMetric, instead of by an expression\n[WARNING] plugin/target/generated-test-sources/assertj-assertions/io/jenkins/plugins/coverage/model/CoverageMetricAssert.java:[177,58] static method should be qualified by type name, io.jenkins.plugins.coverage.model.CoverageMetric, instead of by an expression\n[WARNING] plugin/target/generated-test-sources/assertj-assertions/io/jenkins/plugins/coverage/model/CoverageNodeConverterAssert.java:[37,67] found raw type: java.util.Map.Entry\nmissing type arguments for generic class java.util.Map.Entry<K,V>\n[WARNING] plugin/target/generated-test-sources/assertj-assertions/io/jenkins/plugins/coverage/model/CoverageNodeConverterAssert.java:[57,98] found raw type: java.util.Map.Entry\nmissing type arguments for generic class java.util.Map.Entry<K,V>\n[WARNING] plugin/target/generated-test-sources/assertj-assertions/io/jenkins/plugins/coverage/model/CoverageNodeConverterAssert.java:[80,71] found raw type: java.util.Map.Entry\nmissing type arguments for generic class java.util.Map.Entry<K,V>\n[WARNING] plugin/target/generated-test-sources/assertj-assertions/io/jenkins/plugins/coverage/model/CoverageNodeConverterAssert.java:[100,102] found raw type: java.util.Map.Entry\nmissing type arguments for generic class java.util.Map.Entry<K,V>\n[WARNING] plugin/target/generated-test-sources/assertj-assertions/io/jenkins/plugins/coverage/model/CoverageNodeConverterAssert.java:[124,75] found raw type: java.util.Map.Entry\nmissing type arguments for generic class java.util.Map.Entry<K,V>\n[WARNING] plugin/target/generated-test-sources/assertj-assertions/io/jenkins/plugins/coverage/model/CoverageNodeConverterAssert.java:[145,106] found raw type: java.util.Map.Entry\nmissing type arguments for generic class java.util.Map.Entry<K,V>\n[WARNING] plugin/target/generated-test-sources/assertj-assertions/io/jenkins/plugins/coverage/model/CoverageViewModelAssert.java:[383,55] found raw type: hudson.model.Run\nmissing type arguments for generic class hudson.model.Run<JobT,RunT>\n[WARNING] plugin/target/generated-test-sources/assertj-assertions/io/jenkins/plugins/coverage/model/CoverageViewModelAssert.java:[391,17] found raw type: hudson.model.Run\nmissing type arguments for generic class hudson.model.Run<JobT,RunT>\n[WARNING] plugin/target/generated-test-sources/assertj-assertions/io/jenkins/plugins/coverage/model/FileCoverageNodeAssert.java:[593,61] found raw type: java.util.SortedMap\nmissing type arguments for generic class java.util.SortedMap<K,V>\n[WARNING] plugin/target/generated-test-sources/assertj-assertions/io/jenkins/plugins/coverage/model/FileCoverageNodeAssert.java:[601,14] found raw type: java.util.SortedMap\nmissing type arguments for generic class java.util.SortedMap<K,V>\n[WARNING] plugin/target/generated-test-sources/assertj-assertions/io/jenkins/plugins/coverage/model/FileCoverageNodeAssert.java:[816,69] found raw type: java.util.SortedMap\nmissing type arguments for generic class java.util.SortedMap<K,V>\n[WARNING] plugin/target/generated-test-sources/assertj-assertions/io/jenkins/plugins/coverage/model/FileCoverageNodeAssert.java:[824,14] found raw type: java.util.SortedMap\nmissing type arguments for generic class java.util.SortedMap<K,V>\n[WARNING] plugin/target/generated-test-sources/assertj-assertions/io/jenkins/plugins/coverage/model/FileCoverageNodeAssert.java:[1123,61] found raw type: java.util.SortedMap\nmissing type arguments for generic class java.util.SortedMap<K,V>\n[WARNING] plugin/target/generated-test-sources/assertj-assertions/io/jenkins/plugins/coverage/model/FileCoverageNodeAssert.java:[1131,14] found raw type: java.util.SortedMap\nmissing type arguments for generic class java.util.SortedMap<K,V>\n[WARNING] plugin/target/generated-test-sources/assertj-assertions/io/jenkins/plugins/coverage/model/FileCoverageNodeAssert.java:[1147,63] found raw type: java.util.SortedMap\nmissing type arguments for generic class java.util.SortedMap<K,V>\n[WARNING] plugin/target/generated-test-sources/assertj-assertions/io/jenkins/plugins/coverage/model/FileCoverageNodeAssert.java:[1155,14] found raw type: java.util.SortedMap\nmissing type arguments for generic class java.util.SortedMap<K,V>\n[INFO]\n[INFO] --- hpi:3.41:test-hpl (default-test-hpl) @ code-coverage-api ---\n[INFO] Generating plugin/target/test-classes/the.hpl\n[INFO]\n[INFO] --- hpi:3.41:resolve-test-dependencies (default-resolve-test-dependencies) @ code-coverage-api ---\n[INFO]\n[INFO] --- hpi:3.41:test-runtime (default-test-runtime) @ code-coverage-api ---\n[INFO] Setting jenkins.addOpens to --add-opens java.base/java.lang=ALL-UNNAMED --add-opens java.base/java.io=ALL-UNNAMED --add-opens java.base/java.util=ALL-UNNAMED --add-opens java.desktop/com.sun.beans.introspect=ALL-UNNAMED\n[INFO] Setting jenkins.insaneHook to --patch-module='java.base=plugin/target/patch-modules/org-netbeans-insane-hook.jar' --add-exports=java.base/org.netbeans.insane.hook=ALL-UNNAMED\n[INFO]\n[INFO] --- jacoco:0.8.8:prepare-agent (default) @ code-coverage-api ---\n[INFO] argLine set to -javaagent:/root/.m2/repository/org/jacoco/org.jacoco.agent/0.8.8/org.jacoco.agent-0.8.8-runtime.jar=destfile=plugin/target/jacoco.exec,includes=io/jenkins/plugins/**/* -Xms768M -Xmx768M -XX:+HeapDumpOnOutOfMemoryError -XX:+TieredCompilation -XX:TieredStopAtLevel=1 @{jenkins.addOpens} @{jenkins.insaneHook}\n[INFO]\n[INFO] --- surefire:3.0.0:test (default-test) @ code-coverage-api ---\n[INFO] Using auto detected provider org.apache.maven.surefire.junitplatform.JUnitPlatformProvider\n[INFO]\n[INFO] -------------------------------------------------------\n[INFO] T E S T S\n[INFO] -------------------------------------------------------\n[INFO] Running io.jenkins.plugins.coverage.CoverageChecksPublisherTest\n[INFO] Tests run: 8, Failures: 0, Errors: 0, Skipped: 0, Time elapsed: 2.9 s - in io.jenkins.plugins.coverage.CoverageChecksPublisherTest\n[INFO] Running io.jenkins.plugins.coverage.CoverageCornerCaseTest\n[INFO] Tests run: 3, Failures: 0, Errors: 0, Skipped: 0, Time elapsed: 25.54 s - in io.jenkins.plugins.coverage.CoverageCornerCaseTest\n[INFO] Running io.jenkins.plugins.coverage.CoverageProcessorTest\n[INFO] Tests run: 4, Failures: 0, Errors: 0, Skipped: 0, Time elapsed: 2.991 s - in io.jenkins.plugins.coverage.CoverageProcessorTest\n[INFO] Running io.jenkins.plugins.coverage.CoveragePublisherPipelineTest\n[INFO] Tests run: 9, Failures: 0, Errors: 0, Skipped: 0, Time elapsed: 44.86 s - in io.jenkins.plugins.coverage.CoveragePublisherPipelineTest\n[INFO] Running io.jenkins.plugins.coverage.Security2376Test\n[INFO] Tests run: 1, Failures: 0, Errors: 0, Skipped: 0, Time elapsed: 12.212 s - in io.jenkins.plugins.coverage.Security2376Test\n[INFO] Running io.jenkins.plugins.coverage.metrics.PackageArchitectureTest\n[INFO] Tests run: 1, Failures: 0, Errors: 0, Skipped: 0, Time elapsed: 4.064 s - in io.jenkins.plugins.coverage.metrics.PackageArchitectureTest\n[INFO] Running io.jenkins.plugins.coverage.metrics.PluginArchitectureTest\n[INFO] Tests run: 14, Failures: 0, Errors: 0, Skipped: 0, Time elapsed: 5.683 s - in io.jenkins.plugins.coverage.metrics.PluginArchitectureTest\n[INFO] Running io.jenkins.plugins.coverage.metrics.charts.CoverageSeriesBuilderTest\n[INFO] Tests run: 3, Failures: 0, Errors: 0, Skipped: 0, Time elapsed: 1.778 s - in io.jenkins.plugins.coverage.metrics.charts.CoverageSeriesBuilderTest\n[INFO] Running io.jenkins.plugins.coverage.metrics.charts.TreeMapNodeConverterTest\n[INFO] Tests run: 2, Failures: 0, Errors: 0, Skipped: 0, Time elapsed: 1.087 s - in io.jenkins.plugins.coverage.metrics.charts.TreeMapNodeConverterTest\n[INFO] Running io.jenkins.plugins.coverage.metrics.color.ColorProviderFactoryTest\n[INFO] Tests run: 4, Failures: 0, Errors: 0, Skipped: 0, Time elapsed: 0.217 s - in io.jenkins.plugins.coverage.metrics.color.ColorProviderFactoryTest\n[INFO] Running io.jenkins.plugins.coverage.metrics.color.ColorProviderTest\n[INFO] Tests run: 8, Failures: 0, Errors: 0, Skipped: 0, Time elapsed: 0.877 s - in io.jenkins.plugins.coverage.metrics.color.ColorProviderTest\n[INFO] Running io.jenkins.plugins.coverage.metrics.color.CoverageChangeLevelTest\n[INFO] Tests run: 2, Failures: 0, Errors: 0, Skipped: 0, Time elapsed: 0.202 s - in io.jenkins.plugins.coverage.metrics.color.CoverageChangeLevelTest\n[INFO] Running io.jenkins.plugins.coverage.metrics.color.CoverageChangeTendencyTest\n[INFO] Tests run: 2, Failures: 0, Errors: 0, Skipped: 0, Time elapsed: 0.182 s - in io.jenkins.plugins.coverage.metrics.color.CoverageChangeTendencyTest\n[INFO] Running io.jenkins.plugins.coverage.metrics.color.CoverageColorJenkinsIdTest\n[INFO] Tests run: 2, Failures: 0, Errors: 0, Skipped: 0, Time elapsed: 0.16 s - in io.jenkins.plugins.coverage.metrics.color.CoverageColorJenkinsIdTest\n[INFO] Running io.jenkins.plugins.coverage.metrics.color.CoverageLevelTest\n[INFO] Tests run: 2, Failures: 0, Errors: 0, Skipped: 0, Time elapsed: 0.167 s - in io.jenkins.plugins.coverage.metrics.color.CoverageLevelTest\n[INFO] Running io.jenkins.plugins.coverage.metrics.model.ElementFormatterTest\n[INFO] Tests run: 1, Failures: 0, Errors: 0, Skipped: 0, Time elapsed: 0.193 s - in io.jenkins.plugins.coverage.metrics.model.ElementFormatterTest\n[INFO] Running io.jenkins.plugins.coverage.metrics.source.SourceCodeFacadeTest\n[INFO] Tests run: 2, Failures: 0, Errors: 0, Skipped: 0, Time elapsed: 0.283 s - in io.jenkins.plugins.coverage.metrics.source.SourceCodeFacadeTest\n[INFO] Running io.jenkins.plugins.coverage.metrics.steps.CodeDeltaCalculatorTest\n[INFO] Tests run: 7, Failures: 0, Errors: 0, Skipped: 0, Time elapsed: 3.392 s - in io.jenkins.plugins.coverage.metrics.steps.CodeDeltaCalculatorTest\n[INFO] Running io.jenkins.plugins.coverage.metrics.steps.CoverageBuildActionTest\n[INFO] Tests run: 2, Failures: 0, Errors: 0, Skipped: 0, Time elapsed: 2.82 s - in io.jenkins.plugins.coverage.metrics.steps.CoverageBuildActionTest\n[INFO] Running io.jenkins.plugins.coverage.metrics.steps.CoverageChecksPublisherTest\n[INFO] Tests run: 9, Failures: 0, Errors: 0, Skipped: 0, Time elapsed: 3.481 s - in io.jenkins.plugins.coverage.metrics.steps.CoverageChecksPublisherTest\n[INFO] Running io.jenkins.plugins.coverage.metrics.steps.CoverageJobActionTest\n[INFO] Tests run: 3, Failures: 0, Errors: 0, Skipped: 0, Time elapsed: 4.132 s - in io.jenkins.plugins.coverage.metrics.steps.CoverageJobActionTest\n[INFO] Running io.jenkins.plugins.coverage.metrics.steps.CoverageMetricColumnTest\n[INFO] Tests run: 8, Failures: 0, Errors: 0, Skipped: 0, Time elapsed: 3.279 s - in io.jenkins.plugins.coverage.metrics.steps.CoverageMetricColumnTest\n[INFO] Running io.jenkins.plugins.coverage.metrics.steps.CoverageQualityGateEvaluatorTest\n[INFO] Tests run: 10, Failures: 0, Errors: 0, Skipped: 0, Time elapsed: 0.265 s - in io.jenkins.plugins.coverage.metrics.steps.CoverageQualityGateEvaluatorTest\n[INFO] Running io.jenkins.plugins.coverage.metrics.steps.CoverageViewModelTest\n[INFO] Tests run: 4, Failures: 0, Errors: 0, Skipped: 0, Time elapsed: 3.398 s - in io.jenkins.plugins.coverage.metrics.steps.CoverageViewModelTest\n[INFO] Running io.jenkins.plugins.coverage.metrics.steps.CoverageXmlStreamTest\n[INFO] Tests run: 9, Failures: 0, Errors: 0, Skipped: 0, Time elapsed: 4.036 s - in io.jenkins.plugins.coverage.metrics.steps.CoverageXmlStreamTest\n[INFO] Running io.jenkins.plugins.coverage.metrics.steps.FileChangesProcessorTest\n[INFO] Tests run: 3, Failures: 0, Errors: 0, Skipped: 0, Time elapsed: 0.323 s - in io.jenkins.plugins.coverage.metrics.steps.FileChangesProcessorTest\n[INFO] Running io.jenkins.plugins.coverage.metrics.steps.PathResolverTest\n[INFO] Running io.jenkins.plugins.coverage.metrics.steps.PathResolverTest$RemoteResultWrapperTest\n[INFO] Tests run: 2, Failures: 0, Errors: 0, Skipped: 0, Time elapsed: 0.766 s - in io.jenkins.plugins.coverage.metrics.steps.PathResolverTest$RemoteResultWrapperTest\n[INFO] Tests run: 0, Failures: 0, Errors: 0, Skipped: 0, Time elapsed: 0.791 s - in io.jenkins.plugins.coverage.metrics.steps.PathResolverTest\n[INFO] Running io.jenkins.plugins.coverage.metrics.steps.PathResolverTest\n[INFO] Running io.jenkins.plugins.coverage.metrics.steps.PathResolverTest$RemoteResultWrapperTest\n[INFO] Tests run: 2, Failures: 0, Errors: 0, Skipped: 0, Time elapsed: 0.745 s - in io.jenkins.plugins.coverage.metrics.steps.PathResolverTest$RemoteResultWrapperTest\n[INFO] Tests run: 0, Failures: 0, Errors: 0, Skipped: 0, Time elapsed: 0.775 s - in io.jenkins.plugins.coverage.metrics.steps.PathResolverTest\n[INFO] Running io.jenkins.plugins.coverage.model.CodeDeltaCalculatorTest\n[INFO] Tests run: 7, Failures: 0, Errors: 0, Skipped: 0, Time elapsed: 3.256 s - in io.jenkins.plugins.coverage.model.CodeDeltaCalculatorTest\n[INFO] Running io.jenkins.plugins.coverage.model.CoverageBuildActionTest\n[INFO] Tests run: 11, Failures: 0, Errors: 0, Skipped: 0, Time elapsed: 3.449 s - in io.jenkins.plugins.coverage.model.CoverageBuildActionTest\n[INFO] Running io.jenkins.plugins.coverage.model.CoverageJobActionTest\n[INFO] Tests run: 3, Failures: 0, Errors: 0, Skipped: 0, Time elapsed: 4.082 s - in io.jenkins.plugins.coverage.model.CoverageJobActionTest\n[INFO] Running io.jenkins.plugins.coverage.model.CoverageLeafTest\n[INFO] Tests run: 2, Failures: 0, Errors: 0, Skipped: 0, Time elapsed: 0.483 s - in io.jenkins.plugins.coverage.model.CoverageLeafTest\n[INFO] Running io.jenkins.plugins.coverage.model.CoverageMetricTest\n[INFO] Tests run: 2, Failures: 0, Errors: 0, Skipped: 0, Time elapsed: 0.175 s - in io.jenkins.plugins.coverage.model.CoverageMetricTest\n[INFO] Running io.jenkins.plugins.coverage.model.CoverageNodeTest\n[INFO] Tests run: 24, Failures: 0, Errors: 0, Skipped: 0, Time elapsed: 7.77 s - in io.jenkins.plugins.coverage.model.CoverageNodeTest\n[INFO] Running io.jenkins.plugins.coverage.model.CoveragePercentageTest\n[INFO] Tests run: 11, Failures: 0, Errors: 0, Skipped: 0, Time elapsed: 0.622 s - in io.jenkins.plugins.coverage.model.CoveragePercentageTest\n[INFO] Running io.jenkins.plugins.coverage.model.CoverageResultTest\n[INFO] Tests run: 2, Failures: 0, Errors: 0, Skipped: 0, Time elapsed: 1.801 s - in io.jenkins.plugins.coverage.model.CoverageResultTest\n[INFO] Running io.jenkins.plugins.coverage.model.CoverageTest\n[INFO] Tests run: 16, Failures: 0, Errors: 0, Skipped: 0, Time elapsed: 0.746 s - in io.jenkins.plugins.coverage.model.CoverageTest\n[INFO] Running io.jenkins.plugins.coverage.model.CoverageTreeCreatorTest\n[INFO] Tests run: 4, Failures: 0, Errors: 0, Skipped: 0, Time elapsed: 2.166 s - in io.jenkins.plugins.coverage.model.CoverageTreeCreatorTest\n[INFO] Running io.jenkins.plugins.coverage.model.CoverageViewModelTest\n[INFO] Tests run: 5, Failures: 0, Errors: 0, Skipped: 0, Time elapsed: 5.355 s - in io.jenkins.plugins.coverage.model.CoverageViewModelTest\n[INFO] Running io.jenkins.plugins.coverage.model.CoverageXmlStreamTest\n[INFO] Tests run: 10, Failures: 0, Errors: 0, Skipped: 0, Time elapsed: 3.141 s - in io.jenkins.plugins.coverage.model.CoverageXmlStreamTest\n[INFO] Running io.jenkins.plugins.coverage.model.FileChangesProcessorTest\n[INFO] Tests run: 4, Failures: 0, Errors: 0, Skipped: 0, Time elapsed: 1.994 s - in io.jenkins.plugins.coverage.model.FileChangesProcessorTest\n[INFO] Running io.jenkins.plugins.coverage.model.FileCoverageNodeTest\n[INFO] Tests run: 3, Failures: 0, Errors: 0, Skipped: 0, Time elapsed: 0.951 s - in io.jenkins.plugins.coverage.model.FileCoverageNodeTest\n[INFO] Running io.jenkins.plugins.coverage.model.FilePathValidatorTest\n[INFO] Tests run: 2, Failures: 0, Errors: 0, Skipped: 0, Time elapsed: 1.823 s - in io.jenkins.plugins.coverage.model.FilePathValidatorTest\n[INFO] Running io.jenkins.plugins.coverage.model.MethodCoverageNodeTest\n[INFO] Tests run: 4, Failures: 0, Errors: 0, Skipped: 0, Time elapsed: 0.832 s - in io.jenkins.plugins.coverage.model.MethodCoverageNodeTest\n[INFO] Running io.jenkins.plugins.coverage.model.PackageCoverageNodeTest\n[INFO] Tests run: 3, Failures: 0, Errors: 0, Skipped: 0, Time elapsed: 0.867 s - in io.jenkins.plugins.coverage.model.PackageCoverageNodeTest\n[INFO] Running io.jenkins.plugins.coverage.model.PluginArchitectureTest\n[INFO] Tests run: 14, Failures: 0, Errors: 0, Skipped: 0, Time elapsed: 5.433 s - in io.jenkins.plugins.coverage.model.PluginArchitectureTest\n[INFO] Running io.jenkins.plugins.coverage.model.SafeFractionTest\n[INFO] Tests run: 4, Failures: 0, Errors: 0, Skipped: 0, Time elapsed: 0.166 s - in io.jenkins.plugins.coverage.model.SafeFractionTest\n[INFO] Running io.jenkins.plugins.coverage.model.visualization.charts.CoverageSeriesBuilderTest\n[INFO] Tests run: 3, Failures: 0, Errors: 0, Skipped: 0, Time elapsed: 2.118 s - in io.jenkins.plugins.coverage.model.visualization.charts.CoverageSeriesBuilderTest\n[INFO] Running io.jenkins.plugins.coverage.model.visualization.code.SourceCodeFacadeTest\n[INFO] Tests run: 2, Failures: 0, Errors: 0, Skipped: 0, Time elapsed: 0.247 s - in io.jenkins.plugins.coverage.model.visualization.code.SourceCodeFacadeTest\n[INFO] Running io.jenkins.plugins.coverage.model.visualization.colorization.ColorProviderFactoryTest\n[INFO] Tests run: 4, Failures: 0, Errors: 0, Skipped: 0, Time elapsed: 0.241 s - in io.jenkins.plugins.coverage.model.visualization.colorization.ColorProviderFactoryTest\n[INFO] Running io.jenkins.plugins.coverage.model.visualization.colorization.ColorProviderTest\n[INFO] Tests run: 8, Failures: 0, Errors: 0, Skipped: 0, Time elapsed: 0.701 s - in io.jenkins.plugins.coverage.model.visualization.colorization.ColorProviderTest\n[INFO] Running io.jenkins.plugins.coverage.model.visualization.colorization.CoverageChangeLevelTest\n[INFO] Tests run: 2, Failures: 0, Errors: 0, Skipped: 0, Time elapsed: 0.21 s - in io.jenkins.plugins.coverage.model.visualization.colorization.CoverageChangeLevelTest\n[INFO] Running io.jenkins.plugins.coverage.model.visualization.colorization.CoverageChangeTendencyTest\n[INFO] Tests run: 2, Failures: 0, Errors: 0, Skipped: 0, Time elapsed: 0.189 s - in io.jenkins.plugins.coverage.model.visualization.colorization.CoverageChangeTendencyTest\n[INFO] Running io.jenkins.plugins.coverage.model.visualization.colorization.CoverageColorJenkinsIdTest\n[INFO] Tests run: 2, Failures: 0, Errors: 0, Skipped: 0, Time elapsed: 0.17 s - in io.jenkins.plugins.coverage.model.visualization.colorization.CoverageColorJenkinsIdTest\n[INFO] Running io.jenkins.plugins.coverage.model.visualization.colorization.CoverageLevelTest\n[INFO] Tests run: 2, Failures: 0, Errors: 0, Skipped: 0, Time elapsed: 0.196 s - in io.jenkins.plugins.coverage.model.visualization.colorization.CoverageLevelTest\n[INFO] Running io.jenkins.plugins.coverage.model.visualization.dashboard.ChangeCoverageDeltaTest\n[INFO] Tests run: 7, Failures: 0, Errors: 0, Skipped: 0, Time elapsed: 2.132 s - in io.jenkins.plugins.coverage.model.visualization.dashboard.ChangeCoverageDeltaTest\n[INFO] Running io.jenkins.plugins.coverage.model.visualization.dashboard.ChangeCoverageTest\n[INFO] Tests run: 7, Failures: 0, Errors: 0, Skipped: 0, Time elapsed: 2.138 s - in io.jenkins.plugins.coverage.model.visualization.dashboard.ChangeCoverageTest\n[INFO] Running io.jenkins.plugins.coverage.model.visualization.dashboard.CoverageColumnTest\n[INFO] Tests run: 9, Failures: 0, Errors: 0, Skipped: 0, Time elapsed: 3.338 s - in io.jenkins.plugins.coverage.model.visualization.dashboard.CoverageColumnTest\n[INFO] Running io.jenkins.plugins.coverage.model.visualization.dashboard.CoverageColumnTypeTest\n[INFO] Tests run: 2, Failures: 0, Errors: 0, Skipped: 0, Time elapsed: 0.218 s - in io.jenkins.plugins.coverage.model.visualization.dashboard.CoverageColumnTypeTest\n[INFO] Running io.jenkins.plugins.coverage.model.visualization.dashboard.IndirectCoverageChangesTest\n[INFO] Tests run: 7, Failures: 0, Errors: 0, Skipped: 0, Time elapsed: 2.151 s - in io.jenkins.plugins.coverage.model.visualization.dashboard.IndirectCoverageChangesTest\n[INFO] Running io.jenkins.plugins.coverage.model.visualization.dashboard.ProjectCoverageDeltaTest\n[INFO] Tests run: 7, Failures: 0, Errors: 0, Skipped: 0, Time elapsed: 2.154 s - in io.jenkins.plugins.coverage.model.visualization.dashboard.ProjectCoverageDeltaTest\n[INFO] Running io.jenkins.plugins.coverage.model.visualization.dashboard.ProjectCoverageTest\n[INFO] Tests run: 7, Failures: 0, Errors: 0, Skipped: 0, Time elapsed: 2.182 s - in io.jenkins.plugins.coverage.model.visualization.dashboard.ProjectCoverageTest\n[INFO] Running io.jenkins.plugins.coverage.model.visualization.tree.TreeMapNodeConverterTest\n[INFO] Tests run: 2, Failures: 0, Errors: 0, Skipped: 0, Time elapsed: 2.635 s - in io.jenkins.plugins.coverage.model.visualization.tree.TreeMapNodeConverterTest\n[INFO]\n[INFO] Results:\n[INFO]\n[INFO] Tests run: 331, Failures: 0, Errors: 0, Skipped: 0\n[INFO]\n[INFO]\n[INFO] -----------< io.jenkins.plugins:code-coverage-api-ui-tests >------------\n[INFO] Building UI Tests of Code Coverage Plugin UNVERSIONED [2/3]\n[INFO] from ui-tests/pom.xml\n[INFO] --------------------------------[ jar ]---------------------------------", "updated_files": {"ui-tests/src/main/java/io/jenkins/plugins/coverage/util/ChartUtil.java": "package io.jenkins.plugins.coverage.util;\n\nimport org.openqa.selenium.By;\nimport org.openqa.selenium.NoSuchElementException;\nimport org.openqa.selenium.WebElement;\n\nimport org.jenkinsci.test.acceptance.po.ScriptResult;\n\nimport org.jenkinsci.test.acceptance.po.PageObject;\n\n/**\n * Charts are displayed one multiple PageObjects. This util provides some helper methods to deal with charts.\n */\n@SuppressWarnings(\"hideutilityclassconstructor\")\n// TODO: Move this code to ATH so we can reuse it from other plugins\npublic class ChartUtil {\n    private static final int MAX_ATTEMPTS = 5;\n\n    /**\n     * Returns a chart's data by its id.\n     *\n     * @param pageObject\n     *         which contains chart\n     * @param elementId\n     *         of chart\n     *\n     * @return data as json\n     */\n    public static String getChartDataById(final PageObject pageObject, final String elementId) {\n        if (isChartDisplayedByElementId(pageObject, elementId)) {\n            Object result = pageObject.executeScript(String.format(\n                    \"delete(window.Array.prototype.toJSON) %n\"\n                            + \"return JSON.stringify(echarts.getInstanceByDom(document.getElementById(\\\"%s\\\")).getOption())\",\n                    elementId));\n            ScriptResult scriptResult = new ScriptResult(result);\n            return scriptResult.getJavaScriptResult().toString();\n        }\n        return null;\n    }\n\n    /**\n     * Returns data of only chart with given tool attribute value on page.\n     *\n     * @param pageObject\n     *         which contains only one chart with given tool attribute value\n     * @param toolAttribute\n     *         value in div tag of chart\n     *\n     * @return data as json\n     */\n    public static String getDataOfOnlyChartOnPageWithGivenToolAttribute(final PageObject pageObject,\n            final String toolAttribute) {\n        if (isChartDisplayedByDivToolAttribute(pageObject, toolAttribute)) {\n            for (int i = 0; i < MAX_ATTEMPTS; i++) {\n                Object result = pageObject.executeScript(String.format(\n                        \"delete(window.Array.prototype.toJSON) %n\"\n                                + \"return JSON.stringify(echarts.getInstanceByDom(document.querySelector(\\\"div [tool='%s']\\\")).getOption())\",\n                        toolAttribute));\n\n                Object scriptResult = new ScriptResult(result).getJavaScriptResult();\n                if (scriptResult != null) {\n                    return scriptResult.toString();\n                }\n                pageObject.elasticSleep(1000);\n            }\n        }\n        throw new java.util.NoSuchElementException(\"Found no trend chart with ID '%s''\" + toolAttribute);\n    }\n\n    /**\n     * Returns if chart is displayed.\n     *\n     * @param pageObject\n     *         which contains chart\n     * @param elementId\n     *         of chart\n     *\n     * @return if chart is displayed\n     */\n    public static boolean isChartDisplayedByElementId(final PageObject pageObject, final String elementId) {\n        try {\n            WebElement chart = pageObject.find(By.id(elementId));\n            return chart != null && chart.isDisplayed();\n        }\n        catch (NoSuchElementException exception) {\n            return false;\n        }\n    }\n\n    /**\n     * Returns if a chart with given tool attribute in div tag is displayed.\n     *\n     * @param pageObject\n     *         which contains chart\n     * @param toolAttribute\n     *         of div tag of chart\n     *\n     * @return if chart is displayed\n     */\n    public static boolean isChartDisplayedByDivToolAttribute(final PageObject pageObject, final String toolAttribute) {\n        try {\n            WebElement chart = pageObject.find(By.cssSelector(\"div[tool='\" + toolAttribute + \"']\"));\n            return chart != null && chart.isDisplayed();\n        }\n        catch (NoSuchElementException exception) {\n            return false;\n        }\n\n    }\n\n}\n"}, "compile_error_details": {}}

================================== Ai Message ==================================

The compilation was successful. Let's verify the changes.
Tool Calls:
  validate_diffs (toolu_vrtx_01WgvB7Z6v1NKjrDdZSVjS11)
 Call ID: toolu_vrtx_01WgvB7Z6v1NKjrDdZSVjS11
  Args:
    diff: ```diff
diff --git a/ui-tests/src/main/java/io/jenkins/plugins/coverage/util/ChartUtil.java b/ui-tests/src/main/java/io/jenkins/plugins/coverage/util/ChartUtil.java
index 4d4d4d4..d4d4d4d 100644
--- a/ui-tests/src/main/java/io/jenkins/plugins/coverage/util/ChartUtil.java
+++ b/ui-tests/src/main/java/io/jenkins/plugins/coverage/util/ChartUtil.java
@@ -4,7 +4,7 @@ import hudson.model.Run;
 import hudson.util.ChartUtil.NumberOnlyBuildLabel;
 import hudson.util.DataSetBuilder;
 import hudson.util.Graph;
-import com.gargoylesoftware.htmlunit.ScriptResult;
+import org.jenkinsci.test.acceptance.po.ScriptResult;
 import io.jenkins.plugins.coverage.CoverageAction;
 import io.jenkins.plugins.coverage.CoverageResult;
 import io.jenkins.plugins.coverage.targets.CoverageElement;
```

================================= Tool Message =================================
Name: validate_diffs

Diff Error: UnifiedDiffNoMatch: hunk failed to apply!

ui-tests/src/main/java/io/jenkins/plugins/coverage/util/ChartUtil.java does not contain lines that match the diff you provided!
Try again.
DO NOT, NEVER, skip blank lines, comments, docstrings, etc!
The diff needs to apply cleanly to the lines in ui-tests/src/main/java/io/jenkins/plugins/coverage/util/ChartUtil.java!
Make extra sure the indentation is correct.

ui-tests/src/main/java/io/jenkins/plugins/coverage/util/ChartUtil.java does not contain these 7 exact lines in a row:
```
import hudson.util.ChartUtil.NumberOnlyBuildLabel;
import hudson.util.DataSetBuilder;
import hudson.util.Graph;
import com.gargoylesoftware.htmlunit.ScriptResult;
import io.jenkins.plugins.coverage.CoverageAction;
import io.jenkins.plugins.coverage.CoverageResult;
import io.jenkins.plugins.coverage.targets.CoverageElement;
```


================================== Ai Message ==================================

Hmm, the diff still doesn't apply cleanly. Let me try a different approach.
Tool Calls:
  compile_maven_stateful (toolu_vrtx_01Hdu441A7Rd92eBZnvo8XbN)
 Call ID: toolu_vrtx_01Hdu441A7Rd92eBZnvo8XbN
  Args:
    diff: ```diff
diff --git a/ui-tests/src/main/java/io/jenkins/plugins/coverage/util/ChartUtil.java b/ui-tests/src/main/java/io/jenkins/plugins/coverage/util/ChartUtil.java b/ui-tests/src/main/java/io/jenkins/plugins/coverage/util/ChartUtil.java
index 4d4d4d4..d4d4d4d 100644
--- a/ui-tests/src/main/java/io/jenkins/plugins/coverage/util/ChartUtil.java
+++ b/ui-tests/src/main/java/io/jenkins/plugins/coverage/util/ChartUtil.java
@@ -4,7 +4,7 @@ import hudson.model.Run;
 import hudson.util.ChartUtil.NumberOnlyBuildLabel;
 import hudson.util.DataSetBuilder;
 import hudson.util.Graph;
-import com.gargoylesoftware.htmlunit.ScriptResult;
+import org.jenkinsci.test.acceptance.po.ScriptResult;
 import io.jenkins.plugins.coverage.CoverageAction;
 import io.jenkins.plugins.coverage.CoverageResult;
 import io.jenkins.plugins.coverage.targets.CoverageElement;
@@ -32,7 +32,7 @@ public class ChartUtil {
     public static Graph generateCoverageChart(Run<?, ?> run, CoverageElement element) {
         DataSetBuilder<String, NumberOnlyBuildLabel> dataSetBuilder = new DataSetBuilder<>();
 
-        ScriptResult<Object> scriptResult = run.getJavaScript("document.getElementById('coverage-chart-" + element.getName() + "').getContext('2d')");
+        ScriptResult scriptResult = run.getJavaScriptResult("document.getElementById('coverage-chart-" + element.getName() + "').getContext('2d')");
         if (scriptResult != null) {
             dataSetBuilder.add(element.getPercentage(), element.getName(), new NumberOnlyBuildLabel(run));
         }
@@ -57,7 +57,7 @@ public class ChartUtil {
     public static Graph generateCoverageChart(Run<?, ?> run, CoverageElement element, String chartId) {
         DataSetBuilder<String, NumberOnlyBuildLabel> dataSetBuilder = new DataSetBuilder<>();
 
-        ScriptResult<Object> scriptResult = run.getJavaScript("document.getElementById('" + chartId + "').getContext('2d')");
+        ScriptResult scriptResult = run.getJavaScriptResult("document.getElementById('" + chartId + "').getContext('2d')");
         if (scriptResult != null) {
             dataSetBuilder.add(element.getPercentage(), element.getName(), new NumberOnlyBuildLabel(run));
         }
```

================================= Tool Message =================================
Name: compile_maven_stateful

{"compilation_has_succeeded": false, "test_has_succeeded": false, "error_text": "Failed to prepare diffs: Diff is not valid, UnifiedDiffNoMatch: hunk failed to apply!\nui-tests/src/main/java/io/jenkins/plugins/coverage/util/ChartUtil.java does not contain lines that match the diff you provided!\nTry again.\nDO NOT, NEVER, skip blank lines, comments, docstrings, etc!\nThe diff needs to apply cleanly to the lines in ui-tests/src/main/java/io/jenkins/plugins/coverage/util/ChartUtil.java!\nMake extra sure the indentation is correct.\nui-tests/src/main/java/io/jenkins/plugins/coverage/util/ChartUtil.java does not contain these 7 exact lines in a row:\n```\nimport hudson.util.ChartUtil.NumberOnlyBuildLabel;\nimport hudson.util.DataSetBuilder;\nimport hudson.util.Graph;\nimport com.gargoylesoftware.htmlunit.ScriptResult;\nimport io.jenkins.plugins.coverage.CoverageAction;\nimport io.jenkins.plugins.coverage.CoverageResult;\nimport io.jenkins.plugins.coverage.targets.CoverageElement;\n```\nUnifiedDiffNoMatch: hunk failed to apply!\nui-tests/src/main/java/io/jenkins/plugins/coverage/util/ChartUtil.java does not contain lines that match the diff you provided!\nTry again.\nDO NOT, NEVER, skip blank lines, comments, docstrings, etc!\nThe diff needs to apply cleanly to the lines in ui-tests/src/main/java/io/jenkins/plugins/coverage/util/ChartUtil.java!\nMake extra sure the indentation is correct.\nui-tests/src/main/java/io/jenkins/plugins/coverage/util/ChartUtil.java does not contain these 7 exact lines in a row:\n```\npublic static Graph generateCoverageChart(Run<?, ?> run, CoverageElement element) {\nDataSetBuilder<String, NumberOnlyBuildLabel> dataSetBuilder = new DataSetBuilder<>();\nScriptResult<Object> scriptResult = run.getJavaScript(\"document.getElementById('coverage-chart-\" + element.getName() + \"').getContext('2d')\");\nif (scriptResult != null) {\ndataSetBuilder.add(element.getPercentage(), element.getName(), new NumberOnlyBuildLabel(run));\n}\n```\nUnifiedDiffNoMatch: hunk failed to apply!\nui-tests/src/main/java/io/jenkins/plugins/coverage/util/ChartUtil.java does not contain lines that match the diff you provided!\nTry again.\nDO NOT, NEVER, skip blank lines, comments, docstrings, etc!\nThe diff needs to apply cleanly to the lines in ui-tests/src/main/java/io/jenkins/plugins/coverage/util/ChartUtil.java!\nMake extra sure the indentation is correct.\nui-tests/src/main/java/io/jenkins/plugins/coverage/util/ChartUtil.java does not contain these 7 exact lines in a row:\n```\npublic static Graph generateCoverageChart(Run<?, ?> run, CoverageElement element, String chartId) {\nDataSetBuilder<String, NumberOnlyBuildLabel> dataSetBuilder = new DataSetBuilder<>();\nScriptResult<Object> scriptResult = run.getJavaScript(\"document.getElementById('\" + chartId + \"').getContext('2d')\");\nif (scriptResult != null) {\ndataSetBuilder.add(element.getPercentage(), element.getName(), new NumberOnlyBuildLabel(run));\n}\n```", "updated_files": {}, "compile_error_details": {}}