[INFO] Scanning for projects...
[INFO] 
[INFO] ----------------< org.codehaus.plexus:plexus-archiver >-----------------
[INFO] Building Plexus Archiver Component 4.2.7-SNAPSHOT
[INFO]   from pom.xml
[INFO] --------------------------------[ jar ]---------------------------------
[INFO] 
[INFO] --- clean:3.1.0:clean (default-clean) @ plexus-archiver ---
[INFO] Deleting /plexus-archiver/target
[INFO] 
[INFO] --- enforcer:3.0.0-M3:enforce (enforce-maven) @ plexus-archiver ---
[INFO] 
[INFO] --- resources:2.7:resources (default-resources) @ plexus-archiver ---
[INFO] Using 'UTF-8' encoding to copy filtered resources.
[INFO] Copying 1 resource
[INFO] 
[INFO] --- compiler:3.8.1:compile (default-compile) @ plexus-archiver ---
[INFO] Changes detected - recompiling the module!
[INFO] Compiling 100 source files to /plexus-archiver/target/classes
[INFO] /plexus-archiver/src/main/java/org/codehaus/plexus/archiver/filters/JarSecurityFileFilter.java: Some input files use or override a deprecated API.
[INFO] /plexus-archiver/src/main/java/org/codehaus/plexus/archiver/filters/JarSecurityFileFilter.java: Recompile with -Xlint:deprecation for details.
[INFO] /plexus-archiver/src/main/java/org/codehaus/plexus/archiver/util/AbstractFileSet.java: /plexus-archiver/src/main/java/org/codehaus/plexus/archiver/util/AbstractFileSet.java uses unchecked or unsafe operations.
[INFO] /plexus-archiver/src/main/java/org/codehaus/plexus/archiver/util/AbstractFileSet.java: Recompile with -Xlint:unchecked for details.
[INFO] 
[INFO] --- plexus-component-metadata:2.1.0:generate-metadata (process-classes) @ plexus-archiver ---
[INFO] Merging 1 manually-crafted descriptor file(s)
[INFO] 
[INFO] --- plexus-component-metadata:2.1.0:generate-metadata (default) @ plexus-archiver ---
[INFO] Merging 1 manually-crafted descriptor file(s)
[INFO] 
[INFO] --- resources:2.7:testResources (default-testResources) @ plexus-archiver ---
[INFO] Using 'UTF-8' encoding to copy filtered resources.
[INFO] Copying 67 resources
[INFO] 
[INFO] --- compiler:3.8.1:testCompile (default-testCompile) @ plexus-archiver ---
[INFO] Changes detected - recompiling the module!
[INFO] Compiling 41 source files to /plexus-archiver/target/test-classes
[INFO] /plexus-archiver/src/test/java/org/codehaus/plexus/archiver/manager/ArchiverManagerTest.java: Some input files use or override a deprecated API.
[INFO] /plexus-archiver/src/test/java/org/codehaus/plexus/archiver/manager/ArchiverManagerTest.java: Recompile with -Xlint:deprecation for details.
[INFO] /plexus-archiver/src/test/java/org/codehaus/plexus/archiver/jar/JarToolModularJarArchiverTest.java: Some input files use unchecked or unsafe operations.
[INFO] /plexus-archiver/src/test/java/org/codehaus/plexus/archiver/jar/JarToolModularJarArchiverTest.java: Recompile with -Xlint:unchecked for details.
[INFO] 
[INFO] --- plexus-component-metadata:2.1.0:generate-test-metadata (process-test-classes) @ plexus-archiver ---
[INFO] 
[INFO] --- surefire:2.22.2:test (default-test) @ plexus-archiver ---
[INFO] Downloading from central: https://repo.maven.apache.org/maven2/org/apache/maven/surefire/maven-surefire-common/2.22.2/maven-surefire-common-2.22.2.pom
[INFO] Downloaded from central: https://repo.maven.apache.org/maven2/org/apache/maven/surefire/maven-surefire-common/2.22.2/maven-surefire-common-2.22.2.pom (11 kB at 31 kB/s)
[INFO] Downloading from central: https://repo.maven.apache.org/maven2/org/apache/maven/plugin-tools/maven-plugin-annotations/3.5.2/maven-plugin-annotations-3.5.2.pom
[INFO] Downloaded from central: https://repo.maven.apache.org/maven2/org/apache/maven/plugin-tools/maven-plugin-annotations/3.5.2/maven-plugin-annotations-3.5.2.pom (1.6 kB at 96 kB/s)
[INFO] Downloading from central: https://repo.maven.apache.org/maven2/org/apache/maven/plugin-tools/maven-plugin-tools/3.5.2/maven-plugin-tools-3.5.2.pom
[INFO] Downloaded from central: https://repo.maven.apache.org/maven2/org/apache/maven/plugin-tools/maven-plugin-tools/3.5.2/maven-plugin-tools-3.5.2.pom (15 kB at 640 kB/s)
[INFO] Downloading from central: https://repo.maven.apache.org/maven2/org/apache/maven/surefire/surefire-api/2.22.2/surefire-api-2.22.2.pom
[INFO] Downloaded from central: https://repo.maven.apache.org/maven2/org/apache/maven/surefire/surefire-api/2.22.2/surefire-api-2.22.2.pom (3.5 kB at 236 kB/s)
[INFO] Downloading from central: https://repo.maven.apache.org/maven2/org/apache/maven/surefire/surefire-logger-api/2.22.2/surefire-logger-api-2.22.2.pom
[INFO] Downloaded from central: https://repo.maven.apache.org/maven2/org/apache/maven/surefire/surefire-logger-api/2.22.2/surefire-logger-api-2.22.2.pom (2.0 kB at 140 kB/s)
[INFO] Downloading from central: https://repo.maven.apache.org/maven2/org/apache/maven/surefire/surefire-booter/2.22.2/surefire-booter-2.22.2.pom
[INFO] Downloaded from central: https://repo.maven.apache.org/maven2/org/apache/maven/surefire/surefire-booter/2.22.2/surefire-booter-2.22.2.pom (7.5 kB at 466 kB/s)
[INFO] Downloading from central: https://repo.maven.apache.org/maven2/junit/junit/4.12/junit-4.12.pom
[INFO] Downloaded from central: https://repo.maven.apache.org/maven2/junit/junit/4.12/junit-4.12.pom (24 kB at 1.6 MB/s)
[INFO] Downloading from central: https://repo.maven.apache.org/maven2/org/apache/maven/reporting/maven-reporting-api/3.0/maven-reporting-api-3.0.pom
[INFO] Downloaded from central: https://repo.maven.apache.org/maven2/org/apache/maven/reporting/maven-reporting-api/3.0/maven-reporting-api-3.0.pom (2.4 kB at 237 kB/s)
[INFO] Downloading from central: https://repo.maven.apache.org/maven2/org/apache/maven/shared/maven-shared-components/15/maven-shared-components-15.pom
[INFO] Downloaded from central: https://repo.maven.apache.org/maven2/org/apache/maven/shared/maven-shared-components/15/maven-shared-components-15.pom (9.3 kB at 934 kB/s)
[INFO] Downloading from central: https://repo.maven.apache.org/maven2/org/apache/maven/maven-parent/16/maven-parent-16.pom
[INFO] Downloaded from central: https://repo.maven.apache.org/maven2/org/apache/maven/maven-parent/16/maven-parent-16.pom (23 kB at 1.9 MB/s)
[INFO] Downloading from central: https://repo.maven.apache.org/maven2/org/apache/apache/7/apache-7.pom
[INFO] Downloaded from central: https://repo.maven.apache.org/maven2/org/apache/apache/7/apache-7.pom (14 kB at 1.6 MB/s)
[INFO] Downloading from central: https://repo.maven.apache.org/maven2/org/apache/maven/maven-toolchain/2.2.1/maven-toolchain-2.2.1.pom
[INFO] Downloaded from central: https://repo.maven.apache.org/maven2/org/apache/maven/maven-toolchain/2.2.1/maven-toolchain-2.2.1.pom (3.3 kB at 372 kB/s)
[INFO] Downloading from central: https://repo.maven.apache.org/maven2/com/thoughtworks/qdox/qdox/2.0-M8/qdox-2.0-M8.pom
[INFO] Downloaded from central: https://repo.maven.apache.org/maven2/com/thoughtworks/qdox/qdox/2.0-M8/qdox-2.0-M8.pom (16 kB at 990 kB/s)
[INFO] Downloading from central: https://repo.maven.apache.org/maven2/org/apache/maven/surefire/maven-surefire-common/2.22.2/maven-surefire-common-2.22.2.jar
[INFO] Downloaded from central: https://repo.maven.apache.org/maven2/org/apache/maven/surefire/maven-surefire-common/2.22.2/maven-surefire-common-2.22.2.jar (528 kB at 6.7 MB/s)
[INFO] Downloading from central: https://repo.maven.apache.org/maven2/org/apache/maven/plugin-tools/maven-plugin-annotations/3.5.2/maven-plugin-annotations-3.5.2.jar
[INFO] Downloading from central: https://repo.maven.apache.org/maven2/org/apache/maven/surefire/surefire-logger-api/2.22.2/surefire-logger-api-2.22.2.jar
[INFO] Downloading from central: https://repo.maven.apache.org/maven2/org/apache/maven/surefire/surefire-api/2.22.2/surefire-api-2.22.2.jar
[INFO] Downloading from central: https://repo.maven.apache.org/maven2/org/apache/maven/surefire/surefire-booter/2.22.2/surefire-booter-2.22.2.jar
[INFO] Downloading from central: https://repo.maven.apache.org/maven2/org/codehaus/plexus/plexus-utils/1.5.15/plexus-utils-1.5.15.jar
[INFO] Downloaded from central: https://repo.maven.apache.org/maven2/org/apache/maven/surefire/surefire-logger-api/2.22.2/surefire-logger-api-2.22.2.jar (13 kB at 667 kB/s)
[INFO] Downloading from central: https://repo.maven.apache.org/maven2/junit/junit/4.12/junit-4.12.jar
[INFO] Downloaded from central: https://repo.maven.apache.org/maven2/org/apache/maven/plugin-tools/maven-plugin-annotations/3.5.2/maven-plugin-annotations-3.5.2.jar (14 kB at 250 kB/s)
[INFO] Downloading from central: https://repo.maven.apache.org/maven2/org/codehaus/plexus/plexus-interpolation/1.11/plexus-interpolation-1.11.jar
[INFO] Downloaded from central: https://repo.maven.apache.org/maven2/junit/junit/4.12/junit-4.12.jar (315 kB at 5.4 MB/s)
[INFO] Downloading from central: https://repo.maven.apache.org/maven2/org/apache/maven/reporting/maven-reporting-api/3.0/maven-reporting-api-3.0.jar
[INFO] Downloaded from central: https://repo.maven.apache.org/maven2/org/codehaus/plexus/plexus-interpolation/1.11/plexus-interpolation-1.11.jar (51 kB at 849 kB/s)
[INFO] Downloading from central: https://repo.maven.apache.org/maven2/org/apache/maven/maven-toolchain/2.2.1/maven-toolchain-2.2.1.jar
[INFO] Downloaded from central: https://repo.maven.apache.org/maven2/org/apache/maven/surefire/surefire-api/2.22.2/surefire-api-2.22.2.jar (186 kB at 2.4 MB/s)
[INFO] Downloading from central: https://repo.maven.apache.org/maven2/com/thoughtworks/qdox/qdox/2.0-M8/qdox-2.0-M8.jar
[INFO] Downloaded from central: https://repo.maven.apache.org/maven2/org/apache/maven/reporting/maven-reporting-api/3.0/maven-reporting-api-3.0.jar (11 kB at 163 kB/s)
[INFO] Downloaded from central: https://repo.maven.apache.org/maven2/org/apache/maven/maven-toolchain/2.2.1/maven-toolchain-2.2.1.jar (38 kB at 489 kB/s)
[INFO] Downloaded from central: https://repo.maven.apache.org/maven2/org/codehaus/plexus/plexus-utils/1.5.15/plexus-utils-1.5.15.jar (228 kB at 2.5 MB/s)
[INFO] Downloaded from central: https://repo.maven.apache.org/maven2/com/thoughtworks/qdox/qdox/2.0-M8/qdox-2.0-M8.jar (316 kB at 3.6 MB/s)
[INFO] Downloaded from central: https://repo.maven.apache.org/maven2/org/apache/maven/surefire/surefire-booter/2.22.2/surefire-booter-2.22.2.jar (274 kB at 2.3 MB/s)
[INFO] Downloading from central: https://repo.maven.apache.org/maven2/org/apache/maven/surefire/surefire-junit4/2.22.2/surefire-junit4-2.22.2.pom
[INFO] Downloaded from central: https://repo.maven.apache.org/maven2/org/apache/maven/surefire/surefire-junit4/2.22.2/surefire-junit4-2.22.2.pom (3.1 kB at 257 kB/s)
[INFO] Downloading from central: https://repo.maven.apache.org/maven2/org/apache/maven/surefire/surefire-providers/2.22.2/surefire-providers-2.22.2.pom
[INFO] Downloaded from central: https://repo.maven.apache.org/maven2/org/apache/maven/surefire/surefire-providers/2.22.2/surefire-providers-2.22.2.pom (2.5 kB at 249 kB/s)
[INFO] Downloading from central: https://repo.maven.apache.org/maven2/org/apache/maven/surefire/surefire-junit4/2.22.2/surefire-junit4-2.22.2.jar
[INFO] Downloaded from central: https://repo.maven.apache.org/maven2/org/apache/maven/surefire/surefire-junit4/2.22.2/surefire-junit4-2.22.2.jar (85 kB at 5.6 MB/s)
[INFO] 
[INFO] -------------------------------------------------------
[INFO]  T E S T S
[INFO] -------------------------------------------------------
[INFO] Running org.codehaus.plexus.archiver.DuplicateFilesTest
[INFO] Building tar: /plexus-archiver/target/output/duplicateFiles.tar
[INFO] Expanding: /plexus-archiver/target/output/duplicateFiles.tar into /plexus-archiver/target/output
[INFO] Copying files to /plexus-archiver/target/output/duplicateFiles.dir
[INFO] Building zip: /plexus-archiver/target/output/duplicateFiles.zip
duplicateFiles/
duplicateFiles/foo.txt
[INFO] Tests run: 3, Failures: 0, Errors: 0, Skipped: 0, Time elapsed: 0.474 s - in org.codehaus.plexus.archiver.DuplicateFilesTest
[INFO] Running org.codehaus.plexus.archiver.SymlinkTest
[INFO] Copying files to /plexus-archiver/target/output/dirarchiver-symlink
[INFO] Building tar: /plexus-archiver/target/output/symlinks.tar
[INFO] Expanding: target/output/symlinks.tar into /plexus-archiver/target/output/untaredSymlinks
[INFO] Building zip: /plexus-archiver/target/output/symlinks.zip
[INFO] Tests run: 6, Failures: 0, Errors: 0, Skipped: 0, Time elapsed: 0.104 s - in org.codehaus.plexus.archiver.SymlinkTest
[INFO] Running org.codehaus.plexus.archiver.xz.XzArchiverTest
Created: /plexus-archiver/target/output/pom.xml.xz
[INFO] Building zip: /plexus-archiver/target/output/pomxz.zip
[INFO] Building zip: /plexus-archiver/target/output/archiveForxz.zip
[INFO] Tests run: 4, Failures: 0, Errors: 0, Skipped: 0, Time elapsed: 0.83 s - in org.codehaus.plexus.archiver.xz.XzArchiverTest
[INFO] Running org.codehaus.plexus.archiver.sar.SarArchiverTest
[INFO] Tests run: 1, Failures: 0, Errors: 0, Skipped: 0, Time elapsed: 0.007 s - in org.codehaus.plexus.archiver.sar.SarArchiverTest
[INFO] Running org.codehaus.plexus.archiver.war.WarArchiverTest
16877
16877WEB-INF
16877b
16877a
33188WEB-INF/web.xml
33188b/FileInB.txt
33188File.txt
33188a/FileInA.txt
16877
16877WEB-INF
16877b
16877a
33188WEB-INF/web.xml
33188b/FileInB.txt
33188File.txt
33188a/FileInA.txt
[INFO] Building war: /plexus-archiver/target/wartest/test.war
420testZ
[INFO] Tests run: 2, Failures: 0, Errors: 0, Skipped: 0, Time elapsed: 0.055 s - in org.codehaus.plexus.archiver.war.WarArchiverTest
[INFO] Running org.codehaus.plexus.archiver.manager.ArchiverManagerTest
[INFO] Tests run: 8, Failures: 0, Errors: 0, Skipped: 0, Time elapsed: 0.08 s - in org.codehaus.plexus.archiver.manager.ArchiverManagerTest
[INFO] Running org.codehaus.plexus.archiver.EmptyDirectoryTest
[INFO] Building tar: /plexus-archiver/target/output/emptyDirArchive.zip
[INFO] Expanding: /plexus-archiver/target/output/emptyDirArchive.zip into /plexus-archiver/target/output/emptyTest
[INFO] Building zip: /plexus-archiver/target/output/emptyDirArchive.zip
[INFO] Tests run: 3, Failures: 0, Errors: 0, Skipped: 0, Time elapsed: 0.023 s - in org.codehaus.plexus.archiver.EmptyDirectoryTest
[INFO] Running org.codehaus.plexus.archiver.snappy.SnappyArchiverTest
Created: /plexus-archiver/target/output/pom.xml.snappy
[INFO] Building zip: /plexus-archiver/target/output/pom.zip
[INFO] Building zip: /plexus-archiver/target/output/archiveForSnappy.zip
[INFO] Tests run: 4, Failures: 0, Errors: 0, Skipped: 0, Time elapsed: 0.228 s - in org.codehaus.plexus.archiver.snappy.SnappyArchiverTest
[INFO] Running org.codehaus.plexus.archiver.rar.RarArchiverTest
[INFO] Building jar: /plexus-archiver/target/rartest/test.rar
[INFO] Building jar: /plexus-archiver/target/output/pom.xml.rar
[INFO] Building jar: /plexus-archiver/target/output/pom.xml.rar
[INFO] Tests run: 3, Failures: 0, Errors: 0, Skipped: 0, Time elapsed: 0.087 s - in org.codehaus.plexus.archiver.rar.RarArchiverTest
[INFO] Running org.codehaus.plexus.archiver.gzip.GZipArchiverTest
[INFO] Building zip: /plexus-archiver/target/output/pom.zip
[INFO] Building zip: /plexus-archiver/target/output/archiveForGzip.zip
[INFO] Tests run: 4, Failures: 0, Errors: 0, Skipped: 0, Time elapsed: 0.197 s - in org.codehaus.plexus.archiver.gzip.GZipArchiverTest
[INFO] Running org.codehaus.plexus.archiver.AbstractUnArchiverTest
[INFO] Tests run: 7, Failures: 0, Errors: 0, Skipped: 0, Time elapsed: 0.077 s - in org.codehaus.plexus.archiver.AbstractUnArchiverTest
[INFO] Running org.codehaus.plexus.archiver.jar.JarArchiverTest
[INFO] Building jar: /plexus-archiver/target/output/jarArchiveNonCompressed.jar
[INFO] Building jar: /tmp/JarArchiverTest.6957455308464064327.jar
[INFO] Building jar: /plexus-archiver/target/output/veryLargeJar.jar
[INFO] Building jar: /plexus-archiver/target/output/testJar.jar
[INFO] Tests run: 4, Failures: 0, Errors: 0, Skipped: 0, Time elapsed: 8.749 s - in org.codehaus.plexus.archiver.jar.JarArchiverTest
[INFO] Running org.codehaus.plexus.archiver.jar.ManifestTest
String: test:\s\tA\r\n\sB\r\n\s\t\sC\r\n\s\s\tD\r\n
String: test:\s123456789\r\n\s123456789\r\n
Sep 04, 2024 5:57:41 PM java.util.jar.Attributes read
WARNING: Duplicate name in Manifest: Class-Path.
Ensure that the manifest does not have duplicate entries, and
that blank lines separate individual sections in both your
manifest and in the META-INF/MANIFEST.MF entry in the jar file.
[INFO] Tests run: 20, Failures: 0, Errors: 0, Skipped: 0, Time elapsed: 0.041 s - in org.codehaus.plexus.archiver.jar.ManifestTest
[INFO] Running org.codehaus.plexus.archiver.jar.JarToolModularJarArchiverTest
[INFO] Building jar: /plexus-archiver/target/output/modular.jar
[INFO] Building jar: /plexus-archiver/target/output/modular.jar
[INFO] Building jar: /plexus-archiver/target/output/modular.jar
[INFO] Building jar: /plexus-archiver/target/output/modular.jar
[INFO] Building jar: /plexus-archiver/target/output/modular.jar
[INFO] Building jar: /plexus-archiver/target/output/modular.jar
[INFO] Building jar: /plexus-archiver/target/output/modular.jar
[INFO] Building jar: /plexus-archiver/target/output/modular.jar
[INFO] Building jar: /plexus-archiver/target/output/testJar.jar
[WARNING] Tests run: 10, Failures: 0, Errors: 0, Skipped: 1, Time elapsed: 0.193 s - in org.codehaus.plexus.archiver.jar.JarToolModularJarArchiverTest
[INFO] Running org.codehaus.plexus.archiver.jar.JdkManifestFactoryTest
Manifest-Version: 1.0
Created-By: Plexus Archiver


Sep 04, 2024 5:57:41 PM java.util.jar.Attributes read
WARNING: Duplicate name in Manifest: Class-Path.
Ensure that the manifest does not have duplicate entries, and
that blank lines separate individual sections in both your
manifest and in the META-INF/MANIFEST.MF entry in the jar file.
value = ../config/ classes12.jar bc4jct.jar bc4jdomorcl.jar bc4jmt.jar commons-beanutils-bean-collections.jar commons-beanutils-core.jar commons-beanutils.jar commons-codec-1.3.jar commons-collections-3.1.jar commons-configuration-1.2.jar commons-digester.jar commons-lang-2.0.jar commons-logging.jar htbclnt.jar areallylongjarfilethatisnotentirelyrealbutstillaverylongname.jar j2ee/home/oc4jclient.jar
[INFO] Tests run: 5, Failures: 0, Errors: 0, Skipped: 0, Time elapsed: 0.002 s - in org.codehaus.plexus.archiver.jar.JdkManifestFactoryTest
[INFO] Running org.codehaus.plexus.archiver.jar.IndexTest
[INFO] Building jar: /plexus-archiver/target/output/archive1.jar
[INFO] Building jar: /plexus-archiver/target/output/archive3.jar
[INFO] Building jar: /plexus-archiver/target/output/archive2.jar
[INFO] Building jar: /plexus-archiver/target/output/archive1.jar
Cleaning up unclosed ZipFile for archive /plexus-archiver/target/output/archive2.jar
[INFO] Building jar: /plexus-archiver/target/output/archive2.jar
[INFO] Tests run: 2, Failures: 0, Errors: 0, Skipped: 0, Time elapsed: 0.057 s - in org.codehaus.plexus.archiver.jar.IndexTest
[INFO] Running org.codehaus.plexus.archiver.jar.DirectoryArchiverUnpackJarTest
[INFO] Copying files to /plexus-archiver/target/depset_unpack
[INFO] Tests run: 1, Failures: 0, Errors: 0, Skipped: 0, Time elapsed: 0.029 s - in org.codehaus.plexus.archiver.jar.DirectoryArchiverUnpackJarTest
[INFO] Running org.codehaus.plexus.archiver.util.FilePermissionUtilsTest
[INFO] Tests run: 4, Failures: 0, Errors: 0, Skipped: 0, Time elapsed: 0.001 s - in org.codehaus.plexus.archiver.util.FilePermissionUtilsTest
[INFO] Running org.codehaus.plexus.archiver.util.DefaultFileSetTest
[INFO] Tests run: 1, Failures: 0, Errors: 0, Skipped: 0, Time elapsed: 0 s - in org.codehaus.plexus.archiver.util.DefaultFileSetTest
[INFO] Running org.codehaus.plexus.archiver.util.ArchiveEntryUtilsTest
[INFO] Tests run: 2, Failures: 0, Errors: 0, Skipped: 0, Time elapsed: 0 s - in org.codehaus.plexus.archiver.util.ArchiveEntryUtilsTest
[INFO] Running org.codehaus.plexus.archiver.DotDirectiveArchiveFinalizerTest
adding directory = /plexus-archiver/src/test/dotfiles/licenses
adding directory = /plexus-archiver/src/test/dotfiles/licenses to: META-INF/maven
[INFO] Building jar: /plexus-archiver/target/default-dotfiles.jar
adding directory = /plexus-archiver/src/test/dotfiles/licenses
adding directory = /plexus-archiver/src/test/dotfiles/licenses to: META-INF/maven
[INFO] Building jar: /plexus-archiver/target/dotfiles.jar
[INFO] Tests run: 2, Failures: 0, Errors: 0, Skipped: 0, Time elapsed: 0.019 s - in org.codehaus.plexus.archiver.DotDirectiveArchiveFinalizerTest
[INFO] Running org.codehaus.plexus.archiver.tar.TarFileAttributesTest
Octal 0660 is decimal 432
Octal 0644 is decimal 420
Octal 0440 is decimal 288


Running: testOverrideDetectedFileAttributesUsingFileMode


[INFO] Building tar: /tmp/tar-file.16384909290553491287.tar
[INFO] Expanding: /tmp/tar-file.16384909290553491287.tar into /tmp/tar-test.1817828100172796031.dir
Deleting: /tmp/tar-file-attributes.13464504449899270272.tmp
Deleting: /tmp/tar-file.16384909290553491287.tar
Deleting: /tmp/tar-test.1817828100172796031.dir
Octal 0660 is decimal 432
Octal 0644 is decimal 420
Octal 0440 is decimal 288


Running: testOverrideDetectedFileAttributes


[INFO] Building tar: /tmp/tar-file.11663540606623668374.tar
[INFO] Expanding: /tmp/tar-file.11663540606623668374.tar into /tmp/tar-test.8898411674370261156.dir
Deleting: /tmp/tar-file-attributes.10531856183880782656.tmp
Deleting: /tmp/tar-file.11663540606623668374.tar
Deleting: /tmp/tar-test.8898411674370261156.dir
Octal 0660 is decimal 432
Octal 0644 is decimal 420
Octal 0440 is decimal 288


Running: testUseAttributesFromTarArchiveInputInTarArchiverOutput


[INFO] Building tar: /tmp/tar-file.8012411126984156062.tar
Adding tar archive to new archiver: /tmp/tar-file.8012411126984156062.tar
[INFO] Building tar: /tmp/tar-file.14116706574902031844.tar
[INFO] Expanding: /tmp/tar-file.14116706574902031844.tar into /tmp/tar-test.13452647718344353084.dir
Deleting: /tmp/tar-file-attributes.16177972276706336756.tmp
Deleting: /tmp/tar-file.8012411126984156062.tar
Deleting: /tmp/tar-file.14116706574902031844.tar
Deleting: /tmp/tar-test.13452647718344353084.dir
Octal 0660 is decimal 432
Octal 0644 is decimal 420
Octal 0440 is decimal 288


Running: testUseDetectedFileAttributes


[INFO] Building tar: /tmp/tar-file.5386810450317143087.tar
[INFO] Expanding: /tmp/tar-file.5386810450317143087.tar into /tmp/tar-test.11877355051094916329.dir
Deleting: /tmp/tar-file-attributes.5136429907023124480.tmp
Deleting: /tmp/tar-file.5386810450317143087.tar
Deleting: /tmp/tar-test.11877355051094916329.dir
[INFO] Tests run: 4, Failures: 0, Errors: 0, Skipped: 0, Time elapsed: 0.044 s - in org.codehaus.plexus.archiver.tar.TarFileAttributesTest
[INFO] Running org.codehaus.plexus.archiver.tar.TarBZip2UnArchiverTest
[INFO] Building tar: /plexus-archiver/target/output/archive.tar
[INFO] Expanding: /plexus-archiver/target/output/archive.tar.bz2 into /plexus-archiver/target/output
[INFO] Tests run: 2, Failures: 0, Errors: 0, Skipped: 0, Time elapsed: 0.03 s - in org.codehaus.plexus.archiver.tar.TarBZip2UnArchiverTest
[INFO] Running org.codehaus.plexus.archiver.tar.TarFileTest
[INFO] Building tar: /plexus-archiver/target/output/TarFileTest.tar
[INFO] Building tar: /plexus-archiver/target/output/TarFileTest.tar
[INFO] Building tar: /plexus-archiver/target/output/TarFileTest.tar
[INFO] Tests run: 3, Failures: 0, Errors: 0, Skipped: 0, Time elapsed: 1.939 s - in org.codehaus.plexus.archiver.tar.TarFileTest
[INFO] Running org.codehaus.plexus.archiver.tar.TarGZipUnArchiverTest
[INFO] Building tar: /plexus-archiver/target/output/archive.tar
[INFO] Expanding: /plexus-archiver/target/output/archive.tar.gz into /plexus-archiver/target/output
[INFO] Tests run: 2, Failures: 0, Errors: 0, Skipped: 0, Time elapsed: 0.009 s - in org.codehaus.plexus.archiver.tar.TarGZipUnArchiverTest
[INFO] Running org.codehaus.plexus.archiver.tar.TarXzUnArchiverTest
[INFO] Building tar: /plexus-archiver/target/output/archive.tar
Cleaning up unclosed ZipFile for archive /plexus-archiver/target/output/archive2.jar
[INFO] Expanding: /plexus-archiver/target/output/archive.tar.xz into /plexus-archiver/target/output
[INFO] Tests run: 2, Failures: 0, Errors: 0, Skipped: 0, Time elapsed: 0.055 s - in org.codehaus.plexus.archiver.tar.TarXzUnArchiverTest
[INFO] Running org.codehaus.plexus.archiver.tar.TarUnArchiverTest
[INFO] Expanding: /plexus-archiver/src/test/jars/test.tar.gz into /plexus-archiver/target/tar-unarchiver-tests
[INFO] Expanding: /plexus-archiver/src/test/jars/test.tar.gz into /plexus-archiver/target/tar-unarchiver-tests
[INFO] Expanding: /plexus-archiver/src/test/jars/test.tar.gz into /plexus-archiver/target/tar-unarchiver-tests
[INFO] Expanding: /plexus-archiver/src/test/jars/test.tar.gz into /plexus-archiver/target/tar-unarchiver-tests
[INFO] Expanding: /plexus-archiver/src/test/jars/test.tar.gz into /plexus-archiver/target/tar-unarchiver-tests
[INFO] Tests run: 2, Failures: 0, Errors: 0, Skipped: 0, Time elapsed: 0.023 s - in org.codehaus.plexus.archiver.tar.TarUnArchiverTest
[INFO] Running org.codehaus.plexus.archiver.tar.TarSnappyUnArchiverTest
[INFO] Building tar: /plexus-archiver/target/output/archive.tar
[INFO] Expanding: /plexus-archiver/target/output/archive.tar.snappy into /plexus-archiver/target/output
[INFO] Tests run: 2, Failures: 0, Errors: 0, Skipped: 0, Time elapsed: 0.014 s - in org.codehaus.plexus.archiver.tar.TarSnappyUnArchiverTest
[INFO] Running org.codehaus.plexus.archiver.tar.TarRoundTripTest
[INFO] Tests run: 1, Failures: 0, Errors: 0, Skipped: 0, Time elapsed: 0 s - in org.codehaus.plexus.archiver.tar.TarRoundTripTest
[INFO] Running org.codehaus.plexus.archiver.tar.TarArchiverTest
[INFO] Building tar: /plexus-archiver/target/output/symlinkarchive.tar
[INFO] Building tar: /plexus-archiver/target/output/src.tar
[INFO] Building tar: /plexus-archiver/target/output/src2.tar
[INFO] Building tar: /plexus-archiver/target/output/archive.tar
[INFO] Building tar: /plexus-archiver/target/output/archive.tar
[INFO] Building tar: /plexus-archiver/target/output/tar-with-longFileName.tar
[INFO] Building tar: /plexus-archiver/target/output/src.tar
[INFO] Building tar: /plexus-archiver/target/output/src2.tar
[INFO] Building tar: /plexus-archiver/target/output/pasymlinks-archivedFileset.tar
[INFO] Building tar: /plexus-archiver/target/output/src.tar
[INFO] Building tar: /plexus-archiver/target/output/src2.tar
[INFO] Building tar: /plexus-archiver/target/output/src.tar
[INFO] Building tar: /plexus-archiver/target/output/src.tar
[INFO] Building tar: /plexus-archiver/target/output/src2.tar
[INFO] Building tar: /plexus-archiver/target/output/tar-with-modes.tar
[INFO] Building tar: /plexus-archiver/target/output/tar-with-modes-L2.tar
[INFO] Tests run: 11, Failures: 0, Errors: 0, Skipped: 0, Time elapsed: 3.044 s - in org.codehaus.plexus.archiver.tar.TarArchiverTest
[INFO] Running org.codehaus.plexus.archiver.zip.PlexusArchiverZipFileResourceCollectionTest
[INFO] Tests run: 2, Failures: 0, Errors: 0, Skipped: 0, Time elapsed: 0 s - in org.codehaus.plexus.archiver.zip.PlexusArchiverZipFileResourceCollectionTest
[INFO] Running org.codehaus.plexus.archiver.zip.ConcurrentJarCreatorTest
[WARNING] Tests run: 1, Failures: 0, Errors: 0, Skipped: 1, Time elapsed: 0 s - in org.codehaus.plexus.archiver.zip.ConcurrentJarCreatorTest
[INFO] Running org.codehaus.plexus.archiver.zip.ZipUnArchiverTest
[INFO] Building zip: /plexus-archiver/target/output/unzip/utf8-default.zip
Cleaning up unclosed ZipFile for archive /plexus-archiver/src/test/resources/zeroFileMode/mixed-file-mode.zip
Cleaning up unclosed ZipFile for archive /plexus-archiver/src/test/resources/archiveWithIllegalHtmlFileName.zip
[INFO] Tests run: 10, Failures: 0, Errors: 0, Skipped: 0, Time elapsed: 0.104 s - in org.codehaus.plexus.archiver.zip.ZipUnArchiverTest
[INFO] Running org.codehaus.plexus.archiver.zip.ZipArchiverTest
[INFO] Building zip: /plexus-archiver/target/output/pasymlinks-fileset.zip
[INFO] Building tar: /plexus-archiver/target/output/zip-non-concurrent.tar
[INFO] Building zip: /plexus-archiver/target/output/zip-non-concurrent.zip
[INFO] Building zip: /plexus-archiver/target/output/src.zip
[INFO] Building zip: /plexus-archiver/target/output/src2.zip
[INFO] Building zip: /plexus-archiver/target/output/utf8-default.zip
[INFO] Building zip: /plexus-archiver/target/output/archive1.zip
[INFO] Building zip: /plexus-archiver/target/output/pasymlinks.zip
Cleaning up unclosed ZipFile for archive /plexus-archiver/target/output/archive1.zip
[INFO] Building zip: /plexus-archiver/target/output/utf8-with_utf.zip
[0x5455 Zip Extra Field: Flags=11  Modify:[Fri Sep 19 06:47:30 GMT 2014]  Access:[Fri Sep 19 07:00:25 GMT 2014] , 0x7875 Zip Extra Field: UID=796979196 GID=1717324069]
[0x5455 Zip Extra Field: Flags=11  Modify:[Fri Sep 19 06:46:09 GMT 2014]  Access:[Fri Sep 19 07:00:25 GMT 2014] , 0x7875 Zip Extra Field: UID=796979196 GID=1717324069]
oddEntry.getTime() = Fri Sep 19 06:46:09 GMT 2014
oddEntry.getName() = file-with-odd-time.txt
new String(oddEntry.getExtra()) = UT	 1ï¿½Tï¿½ï¿½Tux ï¿½ï¿½/%I\f
evenEntry.getName() = file-with-even-time.txt
evenEntry.getTime() = Fri Sep 19 06:47:30 GMT 2014
new String(evenEntry.getExtra()) = UT	 ï¿½ï¿½Tï¿½ï¿½Tux ï¿½ï¿½/%I\f
[INFO] Building zip: /plexus-archiver/target/output/pasymlinks-archivedFileset.zip
[INFO] Building zip: /plexus-archiver/target/output/all3bytes.zip
oddEntry.getTime() = Thu Aug 17 14:22:22 GMT 2023
oddEntry.getName() = file-with-odd-time.txt
evenEntry.getName() = file-with-even-time.txt
evenEntry.getTime() = Thu Aug 17 14:22:22 GMT 2023
[INFO] Building zip: /plexus-archiver/target/output/forced-file-mode.zip
[INFO] Building zip: /plexus-archiver/target/output/forced-file-mode-from-zip.zip
[INFO] Building zip: /plexus-archiver/target/output/forced-file-mode-from-zip2.zip
[INFO] Building zip: /plexus-archiver/target/output/zip-with-overriden-modes.zip
Cleaning up unclosed ZipFile for archive /plexus-archiver/target/output/pasymlinks-archivedFileset.zip
Cleaning up unclosed ZipFile for archive /plexus-archiver/src/test/resources/symlinks/symlinks.zip
[INFO] Building zip: /plexus-archiver/target/output/recompress-added-zips.zip
[INFO] Building zip: /plexus-archiver/target/output/dont-recompress-added-zips.zip
[INFO] Building zip: /plexus-archiver/target/output/zip-with-implicit-dirmode.zip
[INFO] Building zip: /plexus-archiver/target/output/archive2.zip
[INFO] Building zip: /plexus-archiver/target/output/archive2.zip
[INFO] Building zip: /plexus-archiver/target/output/last-modified-time.zip
[INFO] Building zip: /plexus-archiver/target/output/zip-with-fixed-entry-modification-times.zip
Cleaning up unclosed ZipFile for archive /plexus-archiver/target/output/zip-with-overriden-modes.zip
Cleaning up unclosed ZipFile for archive /plexus-archiver/target/output/zip-with-implicit-dirmode.zip
Cleaning up unclosed ZipFile for archive /plexus-archiver/target/output/archive2.zip
Cleaning up unclosed ZipFile for archive /plexus-archiver/target/output/archive2.zip
Cleaning up unclosed ZipFile for archive /plexus-archiver/target/output/last-modified-time.zip
Cleaning up unclosed ZipFile for archive /plexus-archiver/target/output/archive2.zip
[INFO] Building zip: /plexus-archiver/target/output/withZip.zip
[INFO] Building zip: /plexus-archiver/target/output/zip-with-modes.zip
[INFO] Building zip: /plexus-archiver/target/output/zip-with-modes-L2.zip
[INFO] Tests run: 21, Failures: 0, Errors: 0, Skipped: 0, Time elapsed: 0.936 s - in org.codehaus.plexus.archiver.zip.ZipArchiverTest
[INFO] Running org.codehaus.plexus.archiver.zip.PlexusIoZipFileResourceCollectionTest
[INFO] Tests run: 6, Failures: 0, Errors: 0, Skipped: 0, Time elapsed: 0.006 s - in org.codehaus.plexus.archiver.zip.PlexusIoZipFileResourceCollectionTest
[INFO] Running org.codehaus.plexus.archiver.AbstractArchiverTest
[INFO] Tests run: 7, Failures: 0, Errors: 0, Skipped: 0, Time elapsed: 0 s - in org.codehaus.plexus.archiver.AbstractArchiverTest
[INFO] Running org.codehaus.plexus.archiver.bzip2.BZip2ArchiverTest
Created: /plexus-archiver/target/output/pom.xml.bz2
[INFO] Building zip: /plexus-archiver/target/output/pom.zip
[INFO] Building zip: /plexus-archiver/target/output/archiveForbz2.zip
Cleaning up unclosed ZipFile for archive /plexus-archiver/src/test/resources/archiveWithIllegalHtmlFileName.zip
[INFO] Tests run: 4, Failures: 0, Errors: 0, Skipped: 0, Time elapsed: 0.248 s - in org.codehaus.plexus.archiver.bzip2.BZip2ArchiverTest
Cleaning up unclosed ZipFile for archive /plexus-archiver/src/test/resources/unicodePathExtra/efsclear.zip
Cleaning up unclosed ZipFile for archive /plexus-archiver/src/test/jars/namelessrootfolder.jar
Cleaning up unclosed ZipFile for archive /plexus-archiver/target/output/zip-with-modes-L2.zip
Cleaning up unclosed ZipFile for archive /plexus-archiver/src/test/resources/symlinks/symlinks.zip
Cleaning up unclosed ZipFile for archive /plexus-archiver/src/test/jars/namelessrootfolder.jar
Cleaning up unclosed ZipFile for archive /plexus-archiver/src/test/resources/bogusManifest.zip
[INFO] 
[INFO] Results:
[INFO] 
[WARNING] Tests run: 176, Failures: 0, Errors: 0, Skipped: 2
[INFO] 
[INFO] ------------------------------------------------------------------------
[INFO] BUILD SUCCESS
[INFO] ------------------------------------------------------------------------
[INFO] Total time:  27.214 s
[INFO] Finished at: 2024-09-04T17:57:50Z
[INFO] ------------------------------------------------------------------------
[WARNING] 
[WARNING] Plugin validation issues were detected in 7 plugin(s)
[WARNING] 
[WARNING]  * org.apache.maven.plugins:maven-compiler-plugin:3.8.1
[WARNING]  * org.apache.maven.plugins:maven-clean-plugin:3.1.0
[WARNING]  * org.apache.maven.plugins:maven-site-plugin:3.9.1
[WARNING]  * org.apache.maven.plugins:maven-resources-plugin:2.7
[WARNING]  * org.codehaus.plexus:plexus-component-metadata:2.1.0
[WARNING]  * org.apache.maven.plugins:maven-surefire-plugin:2.22.2
[WARNING]  * org.apache.maven.plugins:maven-enforcer-plugin:3.0.0-M3
[WARNING] 
[WARNING] For more or less details, use 'maven.plugin.validation' property with one of the values (case insensitive): [BRIEF, DEFAULT, VERBOSE]
[WARNING] 
