[INFO] ------------------------------------------------------------------------
[INFO] Reactor Build Order:
[INFO]
[INFO] billy                                                              [pom]
[INFO] billy core                                                         [jar]
[INFO] billy core JPA                                                     [jar]
[INFO] billy GIN                                                          [jar]
[INFO] billy portugal (PT Pack)                                           [jar]
[INFO] billy spain (ES Pack)                                              [jar]
[INFO] billy france (FR Pack)                                             [jar]
[INFO] billy andorra (AD Pack)                                            [jar]
[INFO]
[INFO] -----------------------< com.premiumminds:billy >-----------------------
[INFO] Building billy 9.1.2-SNAPSHOT                                      [1/8]
[INFO]   from pom.xml
[INFO] --------------------------------[ pom ]---------------------------------
[INFO]
[INFO] --- clean:3.2.0:clean (default-clean) @ billy ---
[INFO]
[INFO] --- license:4.2:format (format-headers) @ billy ---
[INFO] Updating license headers...
[INFO]
[INFO] --------------------< com.premiumminds:billy-core >---------------------
[INFO] Building billy core 9.1.2-SNAPSHOT                                 [2/8]
[INFO]   from billy-core/pom.xml
[INFO] --------------------------------[ jar ]---------------------------------
[INFO]
[INFO] --- clean:3.2.0:clean (default-clean) @ billy-core ---
[INFO]
[INFO] --- resources:3.3.0:resources (default-resources) @ billy-core ---
[INFO] Copying 5 resources
[INFO]
[INFO] --- compiler:3.11.0:compile (default-compile) @ billy-core ---
[INFO] Changes detected - recompiling the module! :dependency
[INFO] Compiling 120 source files with javac [debug release 11] to target/classes
[INFO] billy-core/src/main/java/com/premiumminds/billy/core/services/builders/impl/AbstractBuilder.java: Some input files use unchecked or unsafe operations.
[INFO] billy-core/src/main/java/com/premiumminds/billy/core/services/builders/impl/AbstractBuilder.java: Recompile with -Xlint:unchecked for details.
[INFO]
[INFO] --- license:4.2:format (format-headers) @ billy-core ---
[INFO] Updating license headers...
[INFO]
[INFO] --- resources:3.3.0:testResources (default-testResources) @ billy-core ---
[INFO] Copying 19 resources
[INFO]
[INFO] --- compiler:3.11.0:testCompile (default-testCompile) @ billy-core ---
[INFO] Changes detected - recompiling the module! :dependency
[INFO] Compiling 35 source files with javac [debug release 11] to target/test-classes
[INFO] billy-core/src/test/java/com/premiumminds/billy/core/test/fixtures/MockContextEntity.java: Some input files use unchecked or unsafe operations.
[INFO] billy-core/src/test/java/com/premiumminds/billy/core/test/fixtures/MockContextEntity.java: Recompile with -Xlint:unchecked for details.
[INFO]
[INFO] --- surefire:3.1.2:test (default-test) @ billy-core ---
[INFO] Tests will run in random order. To reproduce ordering use flag -Dsurefire.runOrder.random.seed=3917077529112464
[INFO] Using auto detected provider org.apache.maven.surefire.junitplatform.JUnitPlatformProvider
[INFO]
[INFO] -------------------------------------------------------
[INFO]  T E S T S
[INFO] -------------------------------------------------------
[INFO] Running com.premiumminds.billy.core.test.services.builders.TestGenericInvoiceOperations
[INFO] Tests run: 4, Failures: 0, Errors: 0, Skipped: 0, Time elapsed: 2.088 s -- in com.premiumminds.billy.core.test.services.builders.TestGenericInvoiceOperations
[INFO] Running com.premiumminds.billy.core.test.services.builders.TestContextBuilder
[INFO] Tests run: 1, Failures: 0, Errors: 0, Skipped: 0, Time elapsed: 0.018 s -- in com.premiumminds.billy.core.test.services.builders.TestContextBuilder
[INFO] Running com.premiumminds.billy.core.test.services.builders.TestApplicationBuilder
[INFO] Tests run: 1, Failures: 0, Errors: 0, Skipped: 0, Time elapsed: 0.089 s -- in com.premiumminds.billy.core.test.services.builders.TestApplicationBuilder
[INFO] Running com.premiumminds.billy.core.test.services.builders.TestTaxBuilder
[INFO] Tests run: 1, Failures: 0, Errors: 0, Skipped: 0, Time elapsed: 0.019 s -- in com.premiumminds.billy.core.test.services.builders.TestTaxBuilder
[INFO] Running com.premiumminds.billy.core.test.services.builders.TestSupplierBuilder
[INFO] Tests run: 1, Failures: 0, Errors: 0, Skipped: 0, Time elapsed: 0.183 s -- in com.premiumminds.billy.core.test.services.builders.TestSupplierBuilder
[INFO] Running com.premiumminds.billy.core.test.services.builders.TestGenericInvoiceBuilder
[INFO] Tests run: 1, Failures: 0, Errors: 0, Skipped: 0, Time elapsed: 0.019 s -- in com.premiumminds.billy.core.test.services.builders.TestGenericInvoiceBuilder
[INFO] Running com.premiumminds.billy.core.test.services.builders.TestBusinessBuilder
[INFO] Tests run: 1, Failures: 0, Errors: 0, Skipped: 0, Time elapsed: 0.115 s -- in com.premiumminds.billy.core.test.services.builders.TestBusinessBuilder
[INFO] Running com.premiumminds.billy.core.test.services.builders.TestCustomerBuilder
[INFO] Tests run: 1, Failures: 0, Errors: 0, Skipped: 0, Time elapsed: 0.021 s -- in com.premiumminds.billy.core.test.services.builders.TestCustomerBuilder
[INFO] Running com.premiumminds.billy.core.test.services.builders.TestProductBuilder
[INFO] Tests run: 1, Failures: 0, Errors: 0, Skipped: 0, Time elapsed: 0.010 s -- in com.premiumminds.billy.core.test.services.builders.TestProductBuilder
[INFO] Running com.premiumminds.billy.core.test.services.builders.TestContactBuilder
[INFO] Tests run: 1, Failures: 0, Errors: 0, Skipped: 0, Time elapsed: 0.009 s -- in com.premiumminds.billy.core.test.services.builders.TestContactBuilder
[INFO] Running com.premiumminds.billy.core.test.services.builders.TestBankAccountBuilder
[INFO] Tests run: 1, Failures: 0, Errors: 0, Skipped: 0, Time elapsed: 0.007 s -- in com.premiumminds.billy.core.test.services.builders.TestBankAccountBuilder
[INFO] Running com.premiumminds.billy.core.test.services.builders.TestPaymentBuilder
[INFO] Tests run: 1, Failures: 0, Errors: 0, Skipped: 0, Time elapsed: 0.009 s -- in com.premiumminds.billy.core.test.services.builders.TestPaymentBuilder
[INFO] Running com.premiumminds.billy.core.test.services.builders.TestGenericInvoiceEntryOperations
[INFO] Tests run: 1, Failures: 0, Errors: 0, Skipped: 0, Time elapsed: 0.016 s -- in com.premiumminds.billy.core.test.services.builders.TestGenericInvoiceEntryOperations
[INFO] Running com.premiumminds.billy.core.test.services.builders.TestAddressBuilder
[INFO] Tests run: 1, Failures: 0, Errors: 0, Skipped: 0, Time elapsed: 0.007 s -- in com.premiumminds.billy.core.test.services.builders.TestAddressBuilder
[INFO] Running com.premiumminds.billy.core.test.services.builders.TestGenericInvoiceEntryBuilder
[INFO] Tests run: 2, Failures: 0, Errors: 0, Skipped: 0, Time elapsed: 0.015 s -- in com.premiumminds.billy.core.test.services.builders.TestGenericInvoiceEntryBuilder
[INFO] Running com.premiumminds.billy.core.test.services.builders.TestShippingPointBuilder
[INFO] Tests run: 1, Failures: 0, Errors: 0, Skipped: 0, Time elapsed: 0.008 s -- in com.premiumminds.billy.core.test.services.builders.TestShippingPointBuilder
[INFO]
[INFO] Results:
[INFO]
[INFO] Tests run: 20, Failures: 0, Errors: 0, Skipped: 0
[INFO]
[INFO]
[INFO] ------------------< com.premiumminds:billy-core-jpa >-------------------
[INFO] Building billy core JPA 9.1.2-SNAPSHOT                             [3/8]
[INFO]   from billy-core-jpa/pom.xml
[INFO] --------------------------------[ jar ]---------------------------------
[INFO]
[INFO] --- clean:3.2.0:clean (default-clean) @ billy-core-jpa ---
[INFO]
[INFO] --- apt:1.1.3:process (default) @ billy-core-jpa ---
[INFO]
[INFO] --- resources:3.3.0:resources (default-resources) @ billy-core-jpa ---
[INFO] Copying 1 resource
[INFO]
[INFO] --- compiler:3.11.0:compile (default-compile) @ billy-core-jpa ---
[INFO] Changes detected - recompiling the module! :dependency
[INFO] Compiling 53 source files with javac [debug release 11] to target/classes
[INFO] billy-core-jpa/src/main/java/com/premiumminds/billy/persistence/entities/jpa/JPAGenericInvoiceEntity.java: Some input files use unchecked or unsafe operations.
[INFO] billy-core-jpa/src/main/java/com/premiumminds/billy/persistence/entities/jpa/JPAGenericInvoiceEntity.java: Recompile with -Xlint:unchecked for details.
[INFO]
[INFO] --- license:4.2:format (format-headers) @ billy-core-jpa ---
[INFO] Updating license headers...
[INFO]
[INFO] --- resources:3.3.0:testResources (default-testResources) @ billy-core-jpa ---
[INFO] Copying 1 resource
[INFO]
[INFO] --- compiler:3.11.0:testCompile (default-testCompile) @ billy-core-jpa ---
[INFO] Changes detected - recompiling the module! :dependency
[INFO] Compiling 2 source files with javac [debug release 11] to target/test-classes
[INFO]
[INFO] --- surefire:3.1.2:test (default-test) @ billy-core-jpa ---
[INFO] Tests will run in random order. To reproduce ordering use flag -Dsurefire.runOrder.random.seed=3917082794614122
[INFO] Using auto detected provider org.apache.maven.surefire.junitplatform.JUnitPlatformProvider
[INFO]
[INFO] -------------------------------------------------------
[INFO]  T E S T S
[INFO] -------------------------------------------------------
[INFO] Running com.premiumminds.billy.core.jpa.GenericTest
[INFO] Tests run: 1, Failures: 0, Errors: 0, Skipped: 0, Time elapsed: 2.463 s -- in com.premiumminds.billy.core.jpa.GenericTest
[INFO]
[INFO] Results:
[INFO]
[INFO] Tests run: 1, Failures: 0, Errors: 0, Skipped: 0
[INFO]
[INFO]
[INFO] ---------------------< com.premiumminds:billy-gin >---------------------
[INFO] Building billy GIN 9.1.2-SNAPSHOT                                  [4/8]
[INFO]   from billy-gin/pom.xml
[INFO] --------------------------------[ jar ]---------------------------------
[INFO]
[INFO] --- clean:3.2.0:clean (default-clean) @ billy-gin ---
[INFO]
[INFO] --- resources:3.3.0:resources (default-resources) @ billy-gin ---
[INFO] Copying 0 resource
[INFO]
[INFO] --- compiler:3.11.0:compile (default-compile) @ billy-gin ---
[INFO] Changes detected - recompiling the module! :dependency
[INFO] Compiling 25 source files with javac [debug release 11] to target/classes
[INFO]
[INFO] --- license:4.2:format (format-headers) @ billy-gin ---
[INFO] Updating license headers...
[INFO]
[INFO] --- resources:3.3.0:testResources (default-testResources) @ billy-gin ---
[INFO] Copying 1 resource
[INFO]
[INFO] --- compiler:3.11.0:testCompile (default-testCompile) @ billy-gin ---
[INFO] Changes detected - recompiling the module! :dependency
[INFO] Compiling 1 source file with javac [debug release 11] to target/test-classes
[INFO] billy-gin/src/test/java/com/premiumminds/billy/gin/services/impl/pdf/AbstractFOPPDFTransformerTest.java: billy-gin/src/test/java/com/premiumminds/billy/gin/services/impl/pdf/AbstractFOPPDFTransformerTest.java uses unchecked or unsafe operations.
[INFO] billy-gin/src/test/java/com/premiumminds/billy/gin/services/impl/pdf/AbstractFOPPDFTransformerTest.java: Recompile with -Xlint:unchecked for details.
[INFO]
[INFO] --- surefire:3.1.2:test (default-test) @ billy-gin ---
[INFO] Tests will run in random order. To reproduce ordering use flag -Dsurefire.runOrder.random.seed=3917086400108158
[INFO] Using auto detected provider org.apache.maven.surefire.junitplatform.JUnitPlatformProvider
[INFO]
[INFO] -------------------------------------------------------
[INFO]  T E S T S
[INFO] -------------------------------------------------------
[INFO] Running com.premiumminds.billy.gin.services.impl.pdf.AbstractFOPPDFTransformerTest
[INFO] Tests run: 2, Failures: 0, Errors: 0, Skipped: 0, Time elapsed: 1.006 s -- in com.premiumminds.billy.gin.services.impl.pdf.AbstractFOPPDFTransformerTest
[INFO]
[INFO] Results:
[INFO]
[INFO] Tests run: 2, Failures: 0, Errors: 0, Skipped: 0
[INFO]
[INFO]
[INFO] ------------------< com.premiumminds:billy-portugal >-------------------
[INFO] Building billy portugal (PT Pack) 9.1.2-SNAPSHOT                   [5/8]
[INFO]   from billy-portugal/pom.xml
[INFO] --------------------------------[ jar ]---------------------------------
[INFO]
[INFO] --- clean:3.2.0:clean (default-clean) @ billy-portugal ---
[INFO]
[INFO] --- build-helper:3.4.0:add-source (add-source) @ billy-portugal ---
[INFO] Source directory: billy-portugal/src-generated/main/java added.
[INFO]
[INFO] --- apt:1.1.3:process (default) @ billy-portugal ---
[INFO]
[INFO] --- jaxb2:0.15.3:generate (generate-1.02_01) @ billy-portugal ---
[WARNING] You are using forceRegenerate=true in your configuration.
This configuration setting is deprecated and not recommended as it causes problems with incremental builds in IDEs.
Please refer to the following link for more information:
https://github.com/highsource/maven-jaxb2-plugin/wiki/Do-Not-Use-forceRegenerate
Consider removing this setting from your plugin configuration.
[INFO] The [forceRegenerate] switch is turned on, XJC will be executed.
[INFO] Episode file [/billy/billy-portugal/src-generated/main/java/META-INF/sun-jaxb.episode] was augmented with if-exists="true" attributes.
[INFO]
[INFO] --- jaxb2:0.15.3:generate (generate-1.03_01) @ billy-portugal ---
[WARNING] You are using forceRegenerate=true in your configuration.
This configuration setting is deprecated and not recommended as it causes problems with incremental builds in IDEs.
Please refer to the following link for more information:
https://github.com/highsource/maven-jaxb2-plugin/wiki/Do-Not-Use-forceRegenerate
Consider removing this setting from your plugin configuration.
[INFO] The [forceRegenerate] switch is turned on, XJC will be executed.
[INFO] Episode file [/billy/billy-portugal/src-generated/main/java/META-INF/sun-jaxb.episode] was augmented with if-exists="true" attributes.
[INFO]
[INFO] --- jaxb2:0.15.3:generate (generate-1.04_01) @ billy-portugal ---
[WARNING] You are using forceRegenerate=true in your configuration.
This configuration setting is deprecated and not recommended as it causes problems with incremental builds in IDEs.
Please refer to the following link for more information:
https://github.com/highsource/maven-jaxb2-plugin/wiki/Do-Not-Use-forceRegenerate
Consider removing this setting from your plugin configuration.
[INFO] The [forceRegenerate] switch is turned on, XJC will be executed.
[INFO] Episode file [/billy/billy-portugal/src-generated/main/java/META-INF/sun-jaxb.episode] was augmented with if-exists="true" attributes.
[INFO]
[INFO] --- jaxws:2.6:wsimport (documents) @ billy-portugal ---
[INFO] Processing: file:/billy/billy-portugal/src/main/resources/Fatcorews.wsdl
[INFO] jaxws:wsimport args: [-keep, -s, '/billy/billy-portugal/src-generated/main/java', -d, '/billy/billy-portugal/target/classes', -encoding, UTF-8, -Xnocompile, -p, com.premiumminds.billy.portugal.webservices.documents, "file:/billy/billy-portugal/src/main/resources/Fatcorews.wsdl"]
parsing WSDL...
Generating code...
[INFO]
[INFO] --- jaxws:2.6:wsimport (series) @ billy-portugal ---
[INFO] Processing: file:/billy/billy-portugal/src/main/resources/Comunicacao_Series.wsdl
[INFO] jaxws:wsimport args: [-keep, -s, '/billy/billy-portugal/src-generated/main/java', -d, '/billy/billy-portugal/target/classes', -encoding, UTF-8, -Xnocompile, -p, com.premiumminds.billy.portugal.webservices.series, "file:/billy/billy-portugal/src/main/resources/Comunicacao_Series.wsdl"]
parsing WSDL...
Generating code...
[INFO]
[INFO] --- resources:3.3.0:resources (default-resources) @ billy-portugal ---
[INFO] Copying 17 resources
[INFO] Copying 1 resource
[INFO] Copying 1 resource
[INFO] Copying 1 resource
[INFO]
[INFO] --- compiler:3.11.0:compile (default-compile) @ billy-portugal ---
[INFO] Changes detected - recompiling the module! :dependency
[INFO] Compiling 445 source files with javac [debug release 11] to target/classes
[INFO] billy-portugal/src/main/java/com/premiumminds/billy/portugal/persistence/dao/jpa/DAOPTTaxImpl.java: Some input files use or override a deprecated API.
[INFO] billy-portugal/src/main/java/com/premiumminds/billy/portugal/persistence/dao/jpa/DAOPTTaxImpl.java: Recompile with -Xlint:deprecation for details.
[INFO] billy-portugal/src/main/java/com/premiumminds/billy/portugal/services/builders/impl/PTTaxBuilderImpl.java: Some input files use unchecked or unsafe operations.
[INFO] billy-portugal/src/main/java/com/premiumminds/billy/portugal/services/builders/impl/PTTaxBuilderImpl.java: Recompile with -Xlint:unchecked for details.
[INFO] -------------------------------------------------------------
[ERROR] COMPILATION ERROR :
[INFO] -------------------------------------------------------------
[ERROR] billy-portugal/src-generated/main/java/com/premiumminds/billy/portugal/services/export/saftpt/v1_04_01/schema/Supplier.java:[385,64] cannot find symbol
symbol:   method getInstance()
location: class org.jvnet.jaxb2_commons.lang.JAXBToStringStrategy
[ERROR] billy-portugal/src-generated/main/java/com/premiumminds/billy/portugal/services/export/saftpt/v1_04_01/schema/SupplierAddressStructure.java:[244,64] cannot find symbol
symbol:   method getInstance()
location: class org.jvnet.jaxb2_commons.lang.JAXBToStringStrategy
[ERROR] billy-portugal/src-generated/main/java/com/premiumminds/billy/portugal/services/export/saftpt/v1_02_01/schema/Header.java:[658,64] cannot find symbol
symbol:   method getInstance()
location: class org.jvnet.jaxb2_commons.lang.JAXBToStringStrategy
[ERROR] billy-portugal/src-generated/main/java/com/premiumminds/billy/portugal/services/export/saftpt/v1_02_01/schema/AddressStructurePT.java:[244,64] cannot find symbol
symbol:   method getInstance()
location: class org.jvnet.jaxb2_commons.lang.JAXBToStringStrategy
[ERROR] billy-portugal/src-generated/main/java/com/premiumminds/billy/portugal/services/export/saftpt/v1_03_01/schema/AuditFile.java:[178,64] cannot find symbol
symbol:   method getInstance()
location: class org.jvnet.jaxb2_commons.lang.JAXBToStringStrategy
[ERROR] billy-portugal/src-generated/main/java/com/premiumminds/billy/portugal/services/export/saftpt/v1_03_01/schema/AuditFile.java:[405,68] cannot find symbol
symbol:   method getInstance()
location: class org.jvnet.jaxb2_commons.lang.JAXBToStringStrategy
[ERROR] billy-portugal/src-generated/main/java/com/premiumminds/billy/portugal/services/export/saftpt/v1_03_01/schema/Header.java:[658,64] cannot find symbol
symbol:   method getInstance()
location: class org.jvnet.jaxb2_commons.lang.JAXBToStringStrategy
[ERROR] billy-portugal/src-generated/main/java/com/premiumminds/billy/portugal/services/export/saftpt/v1_03_01/schema/GeneralLedgerEntries.java:[226,64] cannot find symbol
symbol:   method getInstance()
location: class org.jvnet.jaxb2_commons.lang.JAXBToStringStrategy
[ERROR] billy-portugal/src-generated/main/java/com/premiumminds/billy/portugal/services/export/saftpt/v1_03_01/schema/GeneralLedgerEntries.java:[422,68] cannot find symbol
symbol:   method getInstance()
location: class org.jvnet.jaxb2_commons.lang.JAXBToStringStrategy
[ERROR] billy-portugal/src-generated/main/java/com/premiumminds/billy/portugal/services/export/saftpt/v1_03_01/schema/GeneralLedgerEntries.java:[812,72] cannot find symbol
symbol:   method getInstance()
location: class org.jvnet.jaxb2_commons.lang.JAXBToStringStrategy
[ERROR] billy-portugal/src-generated/main/java/com/premiumminds/billy/portugal/services/export/saftpt/v1_03_01/schema/GeneralLedgerEntries.java:[1113,76] cannot find symbol
symbol:   method getInstance()
location: class org.jvnet.jaxb2_commons.lang.JAXBToStringStrategy
[ERROR] billy-portugal/src-generated/main/java/com/premiumminds/billy/portugal/services/export/saftpt/v1_03_01/schema/SourceDocuments.java:[552,64] cannot find symbol
symbol:   method getInstance()
location: class org.jvnet.jaxb2_commons.lang.JAXBToStringStrategy
[ERROR] billy-portugal/src-generated/main/java/com/premiumminds/billy/portugal/services/export/saftpt/v1_03_01/schema/SourceDocuments.java:[792,68] cannot find symbol
symbol:   method getInstance()
location: class org.jvnet.jaxb2_commons.lang.JAXBToStringStrategy
[ERROR] billy-portugal/src-generated/main/java/com/premiumminds/billy/portugal/services/export/saftpt/v1_03_01/schema/SourceDocuments.java:[1504,72] cannot find symbol
symbol:   method getInstance()
location: class org.jvnet.jaxb2_commons.lang.JAXBToStringStrategy
[ERROR] billy-portugal/src-generated/main/java/com/premiumminds/billy/portugal/services/export/saftpt/v1_03_01/schema/SourceDocuments.java:[1798,76] cannot find symbol
symbol:   method getInstance()
location: class org.jvnet.jaxb2_commons.lang.JAXBToStringStrategy
[ERROR] billy-portugal/src-generated/main/java/com/premiumminds/billy/portugal/services/export/saftpt/v1_03_01/schema/SourceDocuments.java:[1984,76] cannot find symbol
symbol:   method getInstance()
location: class org.jvnet.jaxb2_commons.lang.JAXBToStringStrategy
[ERROR] billy-portugal/src-generated/main/java/com/premiumminds/billy/portugal/services/export/saftpt/v1_03_01/schema/SourceDocuments.java:[2425,76] cannot find symbol
symbol:   method getInstance()
location: class org.jvnet.jaxb2_commons.lang.JAXBToStringStrategy
[ERROR] billy-portugal/src-generated/main/java/com/premiumminds/billy/portugal/services/export/saftpt/v1_03_01/schema/SourceDocuments.java:[2753,68] cannot find symbol
symbol:   method getInstance()
location: class org.jvnet.jaxb2_commons.lang.JAXBToStringStrategy
[ERROR] billy-portugal/src-generated/main/java/com/premiumminds/billy/portugal/services/export/saftpt/v1_03_01/schema/SourceDocuments.java:[3326,72] cannot find symbol
symbol:   method getInstance()
location: class org.jvnet.jaxb2_commons.lang.JAXBToStringStrategy
[ERROR] billy-portugal/src-generated/main/java/com/premiumminds/billy/portugal/services/export/saftpt/v1_03_01/schema/SourceDocuments.java:[3590,76] cannot find symbol
symbol:   method getInstance()
location: class org.jvnet.jaxb2_commons.lang.JAXBToStringStrategy
[ERROR] billy-portugal/src-generated/main/java/com/premiumminds/billy/portugal/services/export/saftpt/v1_03_01/schema/SourceDocuments.java:[3814,76] cannot find symbol
symbol:   method getInstance()
location: class org.jvnet.jaxb2_commons.lang.JAXBToStringStrategy
[ERROR] billy-portugal/src-generated/main/java/com/premiumminds/billy/portugal/services/export/saftpt/v1_03_01/schema/SourceDocuments.java:[3914,80] cannot find symbol
symbol:   method getInstance()
location: class org.jvnet.jaxb2_commons.lang.JAXBToStringStrategy
[ERROR] billy-portugal/src-generated/main/java/com/premiumminds/billy/portugal/services/export/saftpt/v1_03_01/schema/SourceDocuments.java:[4186,76] cannot find symbol
symbol:   method getInstance()
location: class org.jvnet.jaxb2_commons.lang.JAXBToStringStrategy
[ERROR] billy-portugal/src-generated/main/java/com/premiumminds/billy/portugal/services/export/saftpt/v1_03_01/schema/SourceDocuments.java:[4353,80] cannot find symbol
symbol:   method getInstance()
location: class org.jvnet.jaxb2_commons.lang.JAXBToStringStrategy
[ERROR] billy-portugal/src-generated/main/java/com/premiumminds/billy/portugal/services/export/saftpt/v1_03_01/schema/SourceDocuments.java:[4625,68] cannot find symbol
symbol:   method getInstance()
location: class org.jvnet.jaxb2_commons.lang.JAXBToStringStrategy
[ERROR] billy-portugal/src-generated/main/java/com/premiumminds/billy/portugal/services/export/saftpt/v1_03_01/schema/SourceDocuments.java:[5321,72] cannot find symbol
symbol:   method getInstance()
location: class org.jvnet.jaxb2_commons.lang.JAXBToStringStrategy
[ERROR] billy-portugal/src-generated/main/java/com/premiumminds/billy/portugal/services/export/saftpt/v1_03_01/schema/SourceDocuments.java:[5610,76] cannot find symbol
symbol:   method getInstance()
location: class org.jvnet.jaxb2_commons.lang.JAXBToStringStrategy
[ERROR] billy-portugal/src-generated/main/java/com/premiumminds/billy/portugal/services/export/saftpt/v1_03_01/schema/SourceDocuments.java:[5862,76] cannot find symbol
symbol:   method getInstance()
location: class org.jvnet.jaxb2_commons.lang.JAXBToStringStrategy
[ERROR] billy-portugal/src-generated/main/java/com/premiumminds/billy/portugal/services/export/saftpt/v1_03_01/schema/SourceDocuments.java:[6375,76] cannot find symbol
symbol:   method getInstance()
location: class org.jvnet.jaxb2_commons.lang.JAXBToStringStrategy
[ERROR] billy-portugal/src-generated/main/java/com/premiumminds/billy/portugal/services/export/saftpt/v1_03_01/schema/SourceDocuments.java:[6695,68] cannot find symbol
symbol:   method getInstance()
location: class org.jvnet.jaxb2_commons.lang.JAXBToStringStrategy
[ERROR] billy-portugal/src-generated/main/java/com/premiumminds/billy/portugal/services/export/saftpt/v1_03_01/schema/SourceDocuments.java:[7185,72] cannot find symbol
symbol:   method getInstance()
location: class org.jvnet.jaxb2_commons.lang.JAXBToStringStrategy
[ERROR] billy-portugal/src-generated/main/java/com/premiumminds/billy/portugal/services/export/saftpt/v1_03_01/schema/SourceDocuments.java:[7439,76] cannot find symbol
symbol:   method getInstance()
location: class org.jvnet.jaxb2_commons.lang.JAXBToStringStrategy
[ERROR] billy-portugal/src-generated/main/java/com/premiumminds/billy/portugal/services/export/saftpt/v1_03_01/schema/SourceDocuments.java:[7625,76] cannot find symbol
symbol:   method getInstance()
location: class org.jvnet.jaxb2_commons.lang.JAXBToStringStrategy
[ERROR] billy-portugal/src-generated/main/java/com/premiumminds/billy/portugal/services/export/saftpt/v1_03_01/schema/SourceDocuments.java:[8095,76] cannot find symbol
symbol:   method getInstance()
location: class org.jvnet.jaxb2_commons.lang.JAXBToStringStrategy
[ERROR] billy-portugal/src-generated/main/java/com/premiumminds/billy/portugal/services/export/saftpt/v1_03_01/schema/PaymentMethod.java:[136,64] cannot find symbol
symbol:   method getInstance()
location: class org.jvnet.jaxb2_commons.lang.JAXBToStringStrategy
[ERROR] billy-portugal/src-generated/main/java/com/premiumminds/billy/portugal/services/export/saftpt/v1_03_01/schema/WithholdingTax.java:[133,64] cannot find symbol
symbol:   method getInstance()
location: class org.jvnet.jaxb2_commons.lang.JAXBToStringStrategy
[ERROR] billy-portugal/src-generated/main/java/com/premiumminds/billy/portugal/services/export/saftpt/v1_03_01/schema/Currency.java:[133,64] cannot find symbol
symbol:   method getInstance()
location: class org.jvnet.jaxb2_commons.lang.JAXBToStringStrategy
[ERROR] billy-portugal/src-generated/main/java/com/premiumminds/billy/portugal/services/export/saftpt/v1_03_01/schema/PaymentTax.java:[191,64] cannot find symbol
symbol:   method getInstance()
location: class org.jvnet.jaxb2_commons.lang.JAXBToStringStrategy
[ERROR] billy-portugal/src-generated/main/java/com/premiumminds/billy/portugal/services/export/saftpt/v1_03_01/schema/OrderReferences.java:[107,64] cannot find symbol
symbol:   method getInstance()
location: class org.jvnet.jaxb2_commons.lang.JAXBToStringStrategy
[ERROR] billy-portugal/src-generated/main/java/com/premiumminds/billy/portugal/services/export/saftpt/v1_03_01/schema/Tax.java:[191,64] cannot find symbol
symbol:   method getInstance()
location: class org.jvnet.jaxb2_commons.lang.JAXBToStringStrategy
[ERROR] billy-portugal/src-generated/main/java/com/premiumminds/billy/portugal/services/export/saftpt/v1_03_01/schema/ShippingPointStructure.java:[185,64] cannot find symbol
symbol:   method getInstance()
location: class org.jvnet.jaxb2_commons.lang.JAXBToStringStrategy
[ERROR] billy-portugal/src-generated/main/java/com/premiumminds/billy/portugal/services/export/saftpt/v1_03_01/schema/MovementTax.java:[163,64] cannot find symbol
symbol:   method getInstance()
location: class org.jvnet.jaxb2_commons.lang.JAXBToStringStrategy
[ERROR] billy-portugal/src-generated/main/java/com/premiumminds/billy/portugal/services/export/saftpt/v1_03_01/schema/AddressStructure.java:[244,64] cannot find symbol
symbol:   method getInstance()
location: class org.jvnet.jaxb2_commons.lang.JAXBToStringStrategy
[ERROR] billy-portugal/src-generated/main/java/com/premiumminds/billy/portugal/services/export/saftpt/v1_03_01/schema/SpecialRegimes.java:[108,64] cannot find symbol
symbol:   method getInstance()
location: class org.jvnet.jaxb2_commons.lang.JAXBToStringStrategy
[ERROR] billy-portugal/src-generated/main/java/com/premiumminds/billy/portugal/services/export/saftpt/v1_03_01/schema/Settlement.java:[164,64] cannot find symbol
symbol:   method getInstance()
location: class org.jvnet.jaxb2_commons.lang.JAXBToStringStrategy
[ERROR] billy-portugal/src-generated/main/java/com/premiumminds/billy/portugal/services/export/saftpt/v1_03_01/schema/References.java:[104,64] cannot find symbol
symbol:   method getInstance()
location: class org.jvnet.jaxb2_commons.lang.JAXBToStringStrategy
[ERROR] billy-portugal/src-generated/main/java/com/premiumminds/billy/portugal/services/export/saftpt/v1_03_01/schema/GeneralLedger.java:[275,64] cannot find symbol
symbol:   method getInstance()
location: class org.jvnet.jaxb2_commons.lang.JAXBToStringStrategy
[ERROR] billy-portugal/src-generated/main/java/com/premiumminds/billy/portugal/services/export/saftpt/v1_03_01/schema/Customer.java:[385,64] cannot find symbol
symbol:   method getInstance()
location: class org.jvnet.jaxb2_commons.lang.JAXBToStringStrategy
[ERROR] billy-portugal/src-generated/main/java/com/premiumminds/billy/portugal/services/export/saftpt/v1_03_01/schema/Supplier.java:[385,64] cannot find symbol
symbol:   method getInstance()
location: class org.jvnet.jaxb2_commons.lang.JAXBToStringStrategy
[ERROR] billy-portugal/src-generated/main/java/com/premiumminds/billy/portugal/services/export/saftpt/v1_03_01/schema/Product.java:[190,64] cannot find symbol
symbol:   method getInstance()
location: class org.jvnet.jaxb2_commons.lang.JAXBToStringStrategy
[ERROR] billy-portugal/src-generated/main/java/com/premiumminds/billy/portugal/services/export/saftpt/v1_03_01/schema/TaxTable.java:[85,64] cannot find symbol
symbol:   method getInstance()
location: class org.jvnet.jaxb2_commons.lang.JAXBToStringStrategy
[ERROR] billy-portugal/src-generated/main/java/com/premiumminds/billy/portugal/services/export/saftpt/v1_03_01/schema/TaxTableEntry.java:[252,64] cannot find symbol
symbol:   method getInstance()
location: class org.jvnet.jaxb2_commons.lang.JAXBToStringStrategy
[ERROR] billy-portugal/src-generated/main/java/com/premiumminds/billy/portugal/services/export/saftpt/v1_03_01/schema/SupplierAddressStructure.java:[244,64] cannot find symbol
symbol:   method getInstance()
location: class org.jvnet.jaxb2_commons.lang.JAXBToStringStrategy
[ERROR] billy-portugal/src-generated/main/java/com/premiumminds/billy/portugal/services/export/saftpt/v1_03_01/schema/AddressStructurePT.java:[244,64] cannot find symbol
symbol:   method getInstance()
location: class org.jvnet.jaxb2_commons.lang.JAXBToStringStrategy
[ERROR] billy-portugal/src-generated/main/java/com/premiumminds/billy/portugal/services/export/saftpt/v1_04_01/schema/Product.java:[218,64] cannot find symbol
symbol:   method getInstance()
location: class org.jvnet.jaxb2_commons.lang.JAXBToStringStrategy
[ERROR] billy-portugal/src-generated/main/java/com/premiumminds/billy/portugal/services/export/saftpt/v1_04_01/schema/CustomsDetails.java:[116,64] cannot find symbol
symbol:   method getInstance()
location: class org.jvnet.jaxb2_commons.lang.JAXBToStringStrategy
[ERROR] billy-portugal/src-generated/main/java/com/premiumminds/billy/portugal/services/export/saftpt/v1_02_01/schema/SourceDocuments.java:[418,64] cannot find symbol
symbol:   method getInstance()
location: class org.jvnet.jaxb2_commons.lang.JAXBToStringStrategy
[ERROR] billy-portugal/src-generated/main/java/com/premiumminds/billy/portugal/services/export/saftpt/v1_02_01/schema/SourceDocuments.java:[653,68] cannot find symbol
symbol:   method getInstance()
location: class org.jvnet.jaxb2_commons.lang.JAXBToStringStrategy
[ERROR] billy-portugal/src-generated/main/java/com/premiumminds/billy/portugal/services/export/saftpt/v1_02_01/schema/SourceDocuments.java:[1365,72] cannot find symbol
symbol:   method getInstance()
location: class org.jvnet.jaxb2_commons.lang.JAXBToStringStrategy
[ERROR] billy-portugal/src-generated/main/java/com/premiumminds/billy/portugal/services/export/saftpt/v1_02_01/schema/SourceDocuments.java:[1658,76] cannot find symbol
symbol:   method getInstance()
location: class org.jvnet.jaxb2_commons.lang.JAXBToStringStrategy
[ERROR] billy-portugal/src-generated/main/java/com/premiumminds/billy/portugal/services/export/saftpt/v1_02_01/schema/SourceDocuments.java:[1844,76] cannot find symbol
symbol:   method getInstance()
location: class org.jvnet.jaxb2_commons.lang.JAXBToStringStrategy
[ERROR] billy-portugal/src-generated/main/java/com/premiumminds/billy/portugal/services/export/saftpt/v1_02_01/schema/SourceDocuments.java:[2285,76] cannot find symbol
symbol:   method getInstance()
location: class org.jvnet.jaxb2_commons.lang.JAXBToStringStrategy
[ERROR] billy-portugal/src-generated/main/java/com/premiumminds/billy/portugal/services/export/saftpt/v1_02_01/schema/SourceDocuments.java:[2605,68] cannot find symbol
symbol:   method getInstance()
location: class org.jvnet.jaxb2_commons.lang.JAXBToStringStrategy
[ERROR] billy-portugal/src-generated/main/java/com/premiumminds/billy/portugal/services/export/saftpt/v1_02_01/schema/SourceDocuments.java:[3293,72] cannot find symbol
symbol:   method getInstance()
location: class org.jvnet.jaxb2_commons.lang.JAXBToStringStrategy
[ERROR] billy-portugal/src-generated/main/java/com/premiumminds/billy/portugal/services/export/saftpt/v1_02_01/schema/SourceDocuments.java:[3581,76] cannot find symbol
symbol:   method getInstance()
location: class org.jvnet.jaxb2_commons.lang.JAXBToStringStrategy
[ERROR] billy-portugal/src-generated/main/java/com/premiumminds/billy/portugal/services/export/saftpt/v1_02_01/schema/SourceDocuments.java:[3833,76] cannot find symbol
symbol:   method getInstance()
location: class org.jvnet.jaxb2_commons.lang.JAXBToStringStrategy
[ERROR] billy-portugal/src-generated/main/java/com/premiumminds/billy/portugal/services/export/saftpt/v1_02_01/schema/SourceDocuments.java:[4346,76] cannot find symbol
symbol:   method getInstance()
location: class org.jvnet.jaxb2_commons.lang.JAXBToStringStrategy
[ERROR] billy-portugal/src-generated/main/java/com/premiumminds/billy/portugal/services/export/saftpt/v1_02_01/schema/SourceDocuments.java:[4665,68] cannot find symbol
symbol:   method getInstance()
location: class org.jvnet.jaxb2_commons.lang.JAXBToStringStrategy
[ERROR] billy-portugal/src-generated/main/java/com/premiumminds/billy/portugal/services/export/saftpt/v1_02_01/schema/SourceDocuments.java:[5154,72] cannot find symbol
symbol:   method getInstance()
location: class org.jvnet.jaxb2_commons.lang.JAXBToStringStrategy
[ERROR] billy-portugal/src-generated/main/java/com/premiumminds/billy/portugal/services/export/saftpt/v1_02_01/schema/SourceDocuments.java:[5379,76] cannot find symbol
symbol:   method getInstance()
location: class org.jvnet.jaxb2_commons.lang.JAXBToStringStrategy
[ERROR] billy-portugal/src-generated/main/java/com/premiumminds/billy/portugal/services/export/saftpt/v1_02_01/schema/SourceDocuments.java:[5560,76] cannot find symbol
symbol:   method getInstance()
location: class org.jvnet.jaxb2_commons.lang.JAXBToStringStrategy
[ERROR] billy-portugal/src-generated/main/java/com/premiumminds/billy/portugal/services/export/saftpt/v1_02_01/schema/SourceDocuments.java:[6030,76] cannot find symbol
symbol:   method getInstance()
location: class org.jvnet.jaxb2_commons.lang.JAXBToStringStrategy
[ERROR] billy-portugal/src-generated/main/java/com/premiumminds/billy/portugal/services/export/saftpt/v1_02_01/schema/Currency.java:[133,64] cannot find symbol
symbol:   method getInstance()
location: class org.jvnet.jaxb2_commons.lang.JAXBToStringStrategy
[ERROR] billy-portugal/src-generated/main/java/com/premiumminds/billy/portugal/services/export/saftpt/v1_02_01/schema/OrderReferences.java:[107,64] cannot find symbol
symbol:   method getInstance()
location: class org.jvnet.jaxb2_commons.lang.JAXBToStringStrategy
[ERROR] billy-portugal/src-generated/main/java/com/premiumminds/billy/portugal/services/export/saftpt/v1_02_01/schema/Tax.java:[191,64] cannot find symbol
symbol:   method getInstance()
location: class org.jvnet.jaxb2_commons.lang.JAXBToStringStrategy
[ERROR] billy-portugal/src-generated/main/java/com/premiumminds/billy/portugal/services/export/saftpt/v1_02_01/schema/ShippingPointStructure.java:[185,64] cannot find symbol
symbol:   method getInstance()
location: class org.jvnet.jaxb2_commons.lang.JAXBToStringStrategy
[ERROR] billy-portugal/src-generated/main/java/com/premiumminds/billy/portugal/services/export/saftpt/v1_02_01/schema/MovementTax.java:[163,64] cannot find symbol
symbol:   method getInstance()
location: class org.jvnet.jaxb2_commons.lang.JAXBToStringStrategy
[ERROR] billy-portugal/src-generated/main/java/com/premiumminds/billy/portugal/services/export/saftpt/v1_02_01/schema/AddressStructure.java:[244,64] cannot find symbol
symbol:   method getInstance()
location: class org.jvnet.jaxb2_commons.lang.JAXBToStringStrategy
[ERROR] billy-portugal/src-generated/main/java/com/premiumminds/billy/portugal/services/export/saftpt/v1_02_01/schema/WithholdingTax.java:[133,64] cannot find symbol
symbol:   method getInstance()
location: class org.jvnet.jaxb2_commons.lang.JAXBToStringStrategy
[ERROR] billy-portugal/src-generated/main/java/com/premiumminds/billy/portugal/services/export/saftpt/v1_02_01/schema/Settlement.java:[164,64] cannot find symbol
symbol:   method getInstance()
location: class org.jvnet.jaxb2_commons.lang.JAXBToStringStrategy
[ERROR] billy-portugal/src-generated/main/java/com/premiumminds/billy/portugal/services/export/saftpt/v1_02_01/schema/Payment.java:[136,64] cannot find symbol
symbol:   method getInstance()
location: class org.jvnet.jaxb2_commons.lang.JAXBToStringStrategy
[ERROR] billy-portugal/src-generated/main/java/com/premiumminds/billy/portugal/services/export/saftpt/v1_02_01/schema/References.java:[104,64] cannot find symbol
symbol:   method getInstance()
location: class org.jvnet.jaxb2_commons.lang.JAXBToStringStrategy
[ERROR] billy-portugal/src-generated/main/java/com/premiumminds/billy/portugal/services/export/saftpt/v1_02_01/schema/AuditFile.java:[178,64] cannot find symbol
symbol:   method getInstance()
location: class org.jvnet.jaxb2_commons.lang.JAXBToStringStrategy
[ERROR] billy-portugal/src-generated/main/java/com/premiumminds/billy/portugal/services/export/saftpt/v1_02_01/schema/AuditFile.java:[405,68] cannot find symbol
symbol:   method getInstance()
location: class org.jvnet.jaxb2_commons.lang.JAXBToStringStrategy
[ERROR] billy-portugal/src-generated/main/java/com/premiumminds/billy/portugal/services/export/saftpt/v1_04_01/schema/AuditFile.java:[178,64] cannot find symbol
symbol:   method getInstance()
location: class org.jvnet.jaxb2_commons.lang.JAXBToStringStrategy
[ERROR] billy-portugal/src-generated/main/java/com/premiumminds/billy/portugal/services/export/saftpt/v1_04_01/schema/AuditFile.java:[400,68] cannot find symbol
symbol:   method getInstance()
location: class org.jvnet.jaxb2_commons.lang.JAXBToStringStrategy
[ERROR] billy-portugal/src-generated/main/java/com/premiumminds/billy/portugal/services/export/saftpt/v1_04_01/schema/SourceDocuments.java:[570,64] cannot find symbol
symbol:   method getInstance()
location: class org.jvnet.jaxb2_commons.lang.JAXBToStringStrategy
[ERROR] billy-portugal/src-generated/main/java/com/premiumminds/billy/portugal/services/export/saftpt/v1_04_01/schema/SourceDocuments.java:[814,68] cannot find symbol
symbol:   method getInstance()
location: class org.jvnet.jaxb2_commons.lang.JAXBToStringStrategy
[ERROR] billy-portugal/src-generated/main/java/com/premiumminds/billy/portugal/services/export/saftpt/v1_04_01/schema/SourceDocuments.java:[1557,72] cannot find symbol
symbol:   method getInstance()
location: class org.jvnet.jaxb2_commons.lang.JAXBToStringStrategy
[ERROR] billy-portugal/src-generated/main/java/com/premiumminds/billy/portugal/services/export/saftpt/v1_04_01/schema/SourceDocuments.java:[1856,76] cannot find symbol
symbol:   method getInstance()
location: class org.jvnet.jaxb2_commons.lang.JAXBToStringStrategy
[ERROR] billy-portugal/src-generated/main/java/com/premiumminds/billy/portugal/services/export/saftpt/v1_04_01/schema/SourceDocuments.java:[2042,76] cannot find symbol
symbol:   method getInstance()
location: class org.jvnet.jaxb2_commons.lang.JAXBToStringStrategy
[ERROR] billy-portugal/src-generated/main/java/com/premiumminds/billy/portugal/services/export/saftpt/v1_04_01/schema/SourceDocuments.java:[2567,76] cannot find symbol
symbol:   method getInstance()
location: class org.jvnet.jaxb2_commons.lang.JAXBToStringStrategy
[ERROR] billy-portugal/src-generated/main/java/com/premiumminds/billy/portugal/services/export/saftpt/v1_04_01/schema/SourceDocuments.java:[2912,68] cannot find symbol
symbol:   method getInstance()
location: class org.jvnet.jaxb2_commons.lang.JAXBToStringStrategy
[ERROR] billy-portugal/src-generated/main/java/com/premiumminds/billy/portugal/services/export/saftpt/v1_04_01/schema/SourceDocuments.java:[3514,72] cannot find symbol
symbol:   method getInstance()
location: class org.jvnet.jaxb2_commons.lang.JAXBToStringStrategy
[ERROR] billy-portugal/src-generated/main/java/com/premiumminds/billy/portugal/services/export/saftpt/v1_04_01/schema/SourceDocuments.java:[3783,76] cannot find symbol
symbol:   method getInstance()
location: class org.jvnet.jaxb2_commons.lang.JAXBToStringStrategy
[ERROR] billy-portugal/src-generated/main/java/com/premiumminds/billy/portugal/services/export/saftpt/v1_04_01/schema/SourceDocuments.java:[4007,76] cannot find symbol
symbol:   method getInstance()
location: class org.jvnet.jaxb2_commons.lang.JAXBToStringStrategy
[ERROR] billy-portugal/src-generated/main/java/com/premiumminds/billy/portugal/services/export/saftpt/v1_04_01/schema/SourceDocuments.java:[4107,80] cannot find symbol
symbol:   method getInstance()
location: class org.jvnet.jaxb2_commons.lang.JAXBToStringStrategy
[ERROR] billy-portugal/src-generated/main/java/com/premiumminds/billy/portugal/services/export/saftpt/v1_04_01/schema/SourceDocuments.java:[4407,76] cannot find symbol
symbol:   method getInstance()
location: class org.jvnet.jaxb2_commons.lang.JAXBToStringStrategy
[ERROR] billy-portugal/src-generated/main/java/com/premiumminds/billy/portugal/services/export/saftpt/v1_04_01/schema/SourceDocuments.java:[4579,80] cannot find symbol
symbol:   method getInstance()
location: class org.jvnet.jaxb2_commons.lang.JAXBToStringStrategy
[ERROR] billy-portugal/src-generated/main/java/com/premiumminds/billy/portugal/services/export/saftpt/v1_04_01/schema/SourceDocuments.java:[4856,68] cannot find symbol
symbol:   method getInstance()
location: class org.jvnet.jaxb2_commons.lang.JAXBToStringStrategy
[INFO] 100 errors
[INFO] -------------------------------------------------------------
[INFO] ------------------------------------------------------------------------
[INFO] Reactor Summary for billy 9.1.2-SNAPSHOT:
[INFO]
[INFO] billy .............................................. SUCCESS [  1.403 s]
[INFO] billy core ......................................... SUCCESS [  6.122 s]
[INFO] billy core JPA ..................................... SUCCESS [  4.919 s]
[INFO] billy GIN .......................................... SUCCESS [  2.142 s]
[INFO] billy portugal (PT Pack) ........................... FAILURE [  7.752 s]
[INFO] billy spain (ES Pack) .............................. SKIPPED
[INFO] billy france (FR Pack) ............................. SKIPPED
[INFO] billy andorra (AD Pack) ............................ SKIPPED
[INFO] ------------------------------------------------------------------------
[INFO] BUILD FAILURE
[INFO] ------------------------------------------------------------------------
[INFO] Total time:  22.479 s
[INFO] Finished at: 2023-08-19T22:48:55Z
[INFO] ------------------------------------------------------------------------
[WARNING]
[WARNING] Plugin validation issues were detected in 6 plugin(s)
[WARNING]
[WARNING]  * org.jvnet.jaxb2.maven2:maven-jaxb2-plugin:0.15.3
[WARNING]  * org.apache.maven.plugins:maven-surefire-plugin:3.1.2
[WARNING]  * org.apache.maven.plugins:maven-resources-plugin:3.3.0
[WARNING]  * org.codehaus.mojo:jaxws-maven-plugin:2.6
[WARNING]  * com.mycila:license-maven-plugin:4.2
[WARNING]  * com.mysema.maven:apt-maven-plugin:1.1.3
[WARNING]
[WARNING] For more or less details, use 'maven.plugin.validation' property with one of the values (case insensitive): [BRIEF, DEFAULT, VERBOSE]
[WARNING]
[ERROR] Failed to execute goal org.apache.maven.plugins:maven-compiler-plugin:3.11.0:compile (default-compile) on project billy-portugal: Compilation failure: Compilation failure:
[ERROR] billy-portugal/src-generated/main/java/com/premiumminds/billy/portugal/services/export/saftpt/v1_04_01/schema/Supplier.java:[385,64] cannot find symbol
[ERROR]   symbol:   method getInstance()
[ERROR]   location: class org.jvnet.jaxb2_commons.lang.JAXBToStringStrategy
[ERROR] billy-portugal/src-generated/main/java/com/premiumminds/billy/portugal/services/export/saftpt/v1_04_01/schema/SupplierAddressStructure.java:[244,64] cannot find symbol
[ERROR]   symbol:   method getInstance()
[ERROR]   location: class org.jvnet.jaxb2_commons.lang.JAXBToStringStrategy
[ERROR] billy-portugal/src-generated/main/java/com/premiumminds/billy/portugal/services/export/saftpt/v1_02_01/schema/Header.java:[658,64] cannot find symbol
[ERROR]   symbol:   method getInstance()
[ERROR]   location: class org.jvnet.jaxb2_commons.lang.JAXBToStringStrategy
[ERROR] billy-portugal/src-generated/main/java/com/premiumminds/billy/portugal/services/export/saftpt/v1_02_01/schema/AddressStructurePT.java:[244,64] cannot find symbol
[ERROR]   symbol:   method getInstance()
[ERROR]   location: class org.jvnet.jaxb2_commons.lang.JAXBToStringStrategy
[ERROR] billy-portugal/src-generated/main/java/com/premiumminds/billy/portugal/services/export/saftpt/v1_03_01/schema/AuditFile.java:[178,64] cannot find symbol
[ERROR]   symbol:   method getInstance()
[ERROR]   location: class org.jvnet.jaxb2_commons.lang.JAXBToStringStrategy
[ERROR] billy-portugal/src-generated/main/java/com/premiumminds/billy/portugal/services/export/saftpt/v1_03_01/schema/AuditFile.java:[405,68] cannot find symbol
[ERROR]   symbol:   method getInstance()
[ERROR]   location: class org.jvnet.jaxb2_commons.lang.JAXBToStringStrategy
[ERROR] billy-portugal/src-generated/main/java/com/premiumminds/billy/portugal/services/export/saftpt/v1_03_01/schema/Header.java:[658,64] cannot find symbol
[ERROR]   symbol:   method getInstance()
[ERROR]   location: class org.jvnet.jaxb2_commons.lang.JAXBToStringStrategy
[ERROR] billy-portugal/src-generated/main/java/com/premiumminds/billy/portugal/services/export/saftpt/v1_03_01/schema/GeneralLedgerEntries.java:[226,64] cannot find symbol
[ERROR]   symbol:   method getInstance()
[ERROR]   location: class org.jvnet.jaxb2_commons.lang.JAXBToStringStrategy
[ERROR] billy-portugal/src-generated/main/java/com/premiumminds/billy/portugal/services/export/saftpt/v1_03_01/schema/GeneralLedgerEntries.java:[422,68] cannot find symbol
[ERROR]   symbol:   method getInstance()
[ERROR]   location: class org.jvnet.jaxb2_commons.lang.JAXBToStringStrategy
[ERROR] billy-portugal/src-generated/main/java/com/premiumminds/billy/portugal/services/export/saftpt/v1_03_01/schema/GeneralLedgerEntries.java:[812,72] cannot find symbol
[ERROR]   symbol:   method getInstance()
[ERROR]   location: class org.jvnet.jaxb2_commons.lang.JAXBToStringStrategy
[ERROR] billy-portugal/src-generated/main/java/com/premiumminds/billy/portugal/services/export/saftpt/v1_03_01/schema/GeneralLedgerEntries.java:[1113,76] cannot find symbol
[ERROR]   symbol:   method getInstance()
[ERROR]   location: class org.jvnet.jaxb2_commons.lang.JAXBToStringStrategy
[ERROR] billy-portugal/src-generated/main/java/com/premiumminds/billy/portugal/services/export/saftpt/v1_03_01/schema/SourceDocuments.java:[552,64] cannot find symbol
[ERROR]   symbol:   method getInstance()
[ERROR]   location: class org.jvnet.jaxb2_commons.lang.JAXBToStringStrategy
[ERROR] billy-portugal/src-generated/main/java/com/premiumminds/billy/portugal/services/export/saftpt/v1_03_01/schema/SourceDocuments.java:[792,68] cannot find symbol
[ERROR]   symbol:   method getInstance()
[ERROR]   location: class org.jvnet.jaxb2_commons.lang.JAXBToStringStrategy
[ERROR] billy-portugal/src-generated/main/java/com/premiumminds/billy/portugal/services/export/saftpt/v1_03_01/schema/SourceDocuments.java:[1504,72] cannot find symbol
[ERROR]   symbol:   method getInstance()
[ERROR]   location: class org.jvnet.jaxb2_commons.lang.JAXBToStringStrategy
[ERROR] billy-portugal/src-generated/main/java/com/premiumminds/billy/portugal/services/export/saftpt/v1_03_01/schema/SourceDocuments.java:[1798,76] cannot find symbol
[ERROR]   symbol:   method getInstance()
[ERROR]   location: class org.jvnet.jaxb2_commons.lang.JAXBToStringStrategy
[ERROR] billy-portugal/src-generated/main/java/com/premiumminds/billy/portugal/services/export/saftpt/v1_03_01/schema/SourceDocuments.java:[1984,76] cannot find symbol
[ERROR]   symbol:   method getInstance()
[ERROR]   location: class org.jvnet.jaxb2_commons.lang.JAXBToStringStrategy
[ERROR] billy-portugal/src-generated/main/java/com/premiumminds/billy/portugal/services/export/saftpt/v1_03_01/schema/SourceDocuments.java:[2425,76] cannot find symbol
[ERROR]   symbol:   method getInstance()
[ERROR]   location: class org.jvnet.jaxb2_commons.lang.JAXBToStringStrategy
[ERROR] billy-portugal/src-generated/main/java/com/premiumminds/billy/portugal/services/export/saftpt/v1_03_01/schema/SourceDocuments.java:[2753,68] cannot find symbol
[ERROR]   symbol:   method getInstance()
[ERROR]   location: class org.jvnet.jaxb2_commons.lang.JAXBToStringStrategy
[ERROR] billy-portugal/src-generated/main/java/com/premiumminds/billy/portugal/services/export/saftpt/v1_03_01/schema/SourceDocuments.java:[3326,72] cannot find symbol
[ERROR]   symbol:   method getInstance()
[ERROR]   location: class org.jvnet.jaxb2_commons.lang.JAXBToStringStrategy
[ERROR] billy-portugal/src-generated/main/java/com/premiumminds/billy/portugal/services/export/saftpt/v1_03_01/schema/SourceDocuments.java:[3590,76] cannot find symbol
[ERROR]   symbol:   method getInstance()
[ERROR]   location: class org.jvnet.jaxb2_commons.lang.JAXBToStringStrategy
[ERROR] billy-portugal/src-generated/main/java/com/premiumminds/billy/portugal/services/export/saftpt/v1_03_01/schema/SourceDocuments.java:[3814,76] cannot find symbol
[ERROR]   symbol:   method getInstance()
[ERROR]   location: class org.jvnet.jaxb2_commons.lang.JAXBToStringStrategy
[ERROR] billy-portugal/src-generated/main/java/com/premiumminds/billy/portugal/services/export/saftpt/v1_03_01/schema/SourceDocuments.java:[3914,80] cannot find symbol
[ERROR]   symbol:   method getInstance()
[ERROR]   location: class org.jvnet.jaxb2_commons.lang.JAXBToStringStrategy
[ERROR] billy-portugal/src-generated/main/java/com/premiumminds/billy/portugal/services/export/saftpt/v1_03_01/schema/SourceDocuments.java:[4186,76] cannot find symbol
[ERROR]   symbol:   method getInstance()
[ERROR]   location: class org.jvnet.jaxb2_commons.lang.JAXBToStringStrategy
[ERROR] billy-portugal/src-generated/main/java/com/premiumminds/billy/portugal/services/export/saftpt/v1_03_01/schema/SourceDocuments.java:[4353,80] cannot find symbol
[ERROR]   symbol:   method getInstance()
[ERROR]   location: class org.jvnet.jaxb2_commons.lang.JAXBToStringStrategy
[ERROR] billy-portugal/src-generated/main/java/com/premiumminds/billy/portugal/services/export/saftpt/v1_03_01/schema/SourceDocuments.java:[4625,68] cannot find symbol
[ERROR]   symbol:   method getInstance()
[ERROR]   location: class org.jvnet.jaxb2_commons.lang.JAXBToStringStrategy
[ERROR] billy-portugal/src-generated/main/java/com/premiumminds/billy/portugal/services/export/saftpt/v1_03_01/schema/SourceDocuments.java:[5321,72] cannot find symbol
[ERROR]   symbol:   method getInstance()
[ERROR]   location: class org.jvnet.jaxb2_commons.lang.JAXBToStringStrategy
[ERROR] billy-portugal/src-generated/main/java/com/premiumminds/billy/portugal/services/export/saftpt/v1_03_01/schema/SourceDocuments.java:[5610,76] cannot find symbol
[ERROR]   symbol:   method getInstance()
[ERROR]   location: class org.jvnet.jaxb2_commons.lang.JAXBToStringStrategy
[ERROR] billy-portugal/src-generated/main/java/com/premiumminds/billy/portugal/services/export/saftpt/v1_03_01/schema/SourceDocuments.java:[5862,76] cannot find symbol
[ERROR]   symbol:   method getInstance()
[ERROR]   location: class org.jvnet.jaxb2_commons.lang.JAXBToStringStrategy
[ERROR] billy-portugal/src-generated/main/java/com/premiumminds/billy/portugal/services/export/saftpt/v1_03_01/schema/SourceDocuments.java:[6375,76] cannot find symbol
[ERROR]   symbol:   method getInstance()
[ERROR]   location: class org.jvnet.jaxb2_commons.lang.JAXBToStringStrategy
[ERROR] billy-portugal/src-generated/main/java/com/premiumminds/billy/portugal/services/export/saftpt/v1_03_01/schema/SourceDocuments.java:[6695,68] cannot find symbol
[ERROR]   symbol:   method getInstance()
[ERROR]   location: class org.jvnet.jaxb2_commons.lang.JAXBToStringStrategy
[ERROR] billy-portugal/src-generated/main/java/com/premiumminds/billy/portugal/services/export/saftpt/v1_03_01/schema/SourceDocuments.java:[7185,72] cannot find symbol
[ERROR]   symbol:   method getInstance()
[ERROR]   location: class org.jvnet.jaxb2_commons.lang.JAXBToStringStrategy
[ERROR] billy-portugal/src-generated/main/java/com/premiumminds/billy/portugal/services/export/saftpt/v1_03_01/schema/SourceDocuments.java:[7439,76] cannot find symbol
[ERROR]   symbol:   method getInstance()
[ERROR]   location: class org.jvnet.jaxb2_commons.lang.JAXBToStringStrategy
[ERROR] billy-portugal/src-generated/main/java/com/premiumminds/billy/portugal/services/export/saftpt/v1_03_01/schema/SourceDocuments.java:[7625,76] cannot find symbol
[ERROR]   symbol:   method getInstance()
[ERROR]   location: class org.jvnet.jaxb2_commons.lang.JAXBToStringStrategy
[ERROR] billy-portugal/src-generated/main/java/com/premiumminds/billy/portugal/services/export/saftpt/v1_03_01/schema/SourceDocuments.java:[8095,76] cannot find symbol
[ERROR]   symbol:   method getInstance()
[ERROR]   location: class org.jvnet.jaxb2_commons.lang.JAXBToStringStrategy
[ERROR] billy-portugal/src-generated/main/java/com/premiumminds/billy/portugal/services/export/saftpt/v1_03_01/schema/PaymentMethod.java:[136,64] cannot find symbol
[ERROR]   symbol:   method getInstance()
[ERROR]   location: class org.jvnet.jaxb2_commons.lang.JAXBToStringStrategy
[ERROR] billy-portugal/src-generated/main/java/com/premiumminds/billy/portugal/services/export/saftpt/v1_03_01/schema/WithholdingTax.java:[133,64] cannot find symbol
[ERROR]   symbol:   method getInstance()
[ERROR]   location: class org.jvnet.jaxb2_commons.lang.JAXBToStringStrategy
[ERROR] billy-portugal/src-generated/main/java/com/premiumminds/billy/portugal/services/export/saftpt/v1_03_01/schema/Currency.java:[133,64] cannot find symbol
[ERROR]   symbol:   method getInstance()
[ERROR]   location: class org.jvnet.jaxb2_commons.lang.JAXBToStringStrategy
[ERROR] billy-portugal/src-generated/main/java/com/premiumminds/billy/portugal/services/export/saftpt/v1_03_01/schema/PaymentTax.java:[191,64] cannot find symbol
[ERROR]   symbol:   method getInstance()
[ERROR]   location: class org.jvnet.jaxb2_commons.lang.JAXBToStringStrategy
[ERROR] billy-portugal/src-generated/main/java/com/premiumminds/billy/portugal/services/export/saftpt/v1_03_01/schema/OrderReferences.java:[107,64] cannot find symbol
[ERROR]   symbol:   method getInstance()
[ERROR]   location: class org.jvnet.jaxb2_commons.lang.JAXBToStringStrategy
[ERROR] billy-portugal/src-generated/main/java/com/premiumminds/billy/portugal/services/export/saftpt/v1_03_01/schema/Tax.java:[191,64] cannot find symbol
[ERROR]   symbol:   method getInstance()
[ERROR]   location: class org.jvnet.jaxb2_commons.lang.JAXBToStringStrategy
[ERROR] billy-portugal/src-generated/main/java/com/premiumminds/billy/portugal/services/export/saftpt/v1_03_01/schema/ShippingPointStructure.java:[185,64] cannot find symbol
[ERROR]   symbol:   method getInstance()
[ERROR]   location: class org.jvnet.jaxb2_commons.lang.JAXBToStringStrategy
[ERROR] billy-portugal/src-generated/main/java/com/premiumminds/billy/portugal/services/export/saftpt/v1_03_01/schema/MovementTax.java:[163,64] cannot find symbol
[ERROR]   symbol:   method getInstance()
[ERROR]   location: class org.jvnet.jaxb2_commons.lang.JAXBToStringStrategy
[ERROR] billy-portugal/src-generated/main/java/com/premiumminds/billy/portugal/services/export/saftpt/v1_03_01/schema/AddressStructure.java:[244,64] cannot find symbol
[ERROR]   symbol:   method getInstance()
[ERROR]   location: class org.jvnet.jaxb2_commons.lang.JAXBToStringStrategy
[ERROR] billy-portugal/src-generated/main/java/com/premiumminds/billy/portugal/services/export/saftpt/v1_03_01/schema/SpecialRegimes.java:[108,64] cannot find symbol
[ERROR]   symbol:   method getInstance()
[ERROR]   location: class org.jvnet.jaxb2_commons.lang.JAXBToStringStrategy
[ERROR] billy-portugal/src-generated/main/java/com/premiumminds/billy/portugal/services/export/saftpt/v1_03_01/schema/Settlement.java:[164,64] cannot find symbol
[ERROR]   symbol:   method getInstance()
[ERROR]   location: class org.jvnet.jaxb2_commons.lang.JAXBToStringStrategy
[ERROR] billy-portugal/src-generated/main/java/com/premiumminds/billy/portugal/services/export/saftpt/v1_03_01/schema/References.java:[104,64] cannot find symbol
[ERROR]   symbol:   method getInstance()
[ERROR]   location: class org.jvnet.jaxb2_commons.lang.JAXBToStringStrategy
[ERROR] billy-portugal/src-generated/main/java/com/premiumminds/billy/portugal/services/export/saftpt/v1_03_01/schema/GeneralLedger.java:[275,64] cannot find symbol
[ERROR]   symbol:   method getInstance()
[ERROR]   location: class org.jvnet.jaxb2_commons.lang.JAXBToStringStrategy
[ERROR] billy-portugal/src-generated/main/java/com/premiumminds/billy/portugal/services/export/saftpt/v1_03_01/schema/Customer.java:[385,64] cannot find symbol
[ERROR]   symbol:   method getInstance()
[ERROR]   location: class org.jvnet.jaxb2_commons.lang.JAXBToStringStrategy
[ERROR] billy-portugal/src-generated/main/java/com/premiumminds/billy/portugal/services/export/saftpt/v1_03_01/schema/Supplier.java:[385,64] cannot find symbol
[ERROR]   symbol:   method getInstance()
[ERROR]   location: class org.jvnet.jaxb2_commons.lang.JAXBToStringStrategy
[ERROR] billy-portugal/src-generated/main/java/com/premiumminds/billy/portugal/services/export/saftpt/v1_03_01/schema/Product.java:[190,64] cannot find symbol
[ERROR]   symbol:   method getInstance()
[ERROR]   location: class org.jvnet.jaxb2_commons.lang.JAXBToStringStrategy
[ERROR] billy-portugal/src-generated/main/java/com/premiumminds/billy/portugal/services/export/saftpt/v1_03_01/schema/TaxTable.java:[85,64] cannot find symbol
[ERROR]   symbol:   method getInstance()
[ERROR]   location: class org.jvnet.jaxb2_commons.lang.JAXBToStringStrategy
[ERROR] billy-portugal/src-generated/main/java/com/premiumminds/billy/portugal/services/export/saftpt/v1_03_01/schema/TaxTableEntry.java:[252,64] cannot find symbol
[ERROR]   symbol:   method getInstance()
[ERROR]   location: class org.jvnet.jaxb2_commons.lang.JAXBToStringStrategy
[ERROR] billy-portugal/src-generated/main/java/com/premiumminds/billy/portugal/services/export/saftpt/v1_03_01/schema/SupplierAddressStructure.java:[244,64] cannot find symbol
[ERROR]   symbol:   method getInstance()
[ERROR]   location: class org.jvnet.jaxb2_commons.lang.JAXBToStringStrategy
[ERROR] billy-portugal/src-generated/main/java/com/premiumminds/billy/portugal/services/export/saftpt/v1_03_01/schema/AddressStructurePT.java:[244,64] cannot find symbol
[ERROR]   symbol:   method getInstance()
[ERROR]   location: class org.jvnet.jaxb2_commons.lang.JAXBToStringStrategy
[ERROR] billy-portugal/src-generated/main/java/com/premiumminds/billy/portugal/services/export/saftpt/v1_04_01/schema/Product.java:[218,64] cannot find symbol
[ERROR]   symbol:   method getInstance()
[ERROR]   location: class org.jvnet.jaxb2_commons.lang.JAXBToStringStrategy
[ERROR] billy-portugal/src-generated/main/java/com/premiumminds/billy/portugal/services/export/saftpt/v1_04_01/schema/CustomsDetails.java:[116,64] cannot find symbol
[ERROR]   symbol:   method getInstance()
[ERROR]   location: class org.jvnet.jaxb2_commons.lang.JAXBToStringStrategy
[ERROR] billy-portugal/src-generated/main/java/com/premiumminds/billy/portugal/services/export/saftpt/v1_02_01/schema/SourceDocuments.java:[418,64] cannot find symbol
[ERROR]   symbol:   method getInstance()
[ERROR]   location: class org.jvnet.jaxb2_commons.lang.JAXBToStringStrategy
[ERROR] billy-portugal/src-generated/main/java/com/premiumminds/billy/portugal/services/export/saftpt/v1_02_01/schema/SourceDocuments.java:[653,68] cannot find symbol
[ERROR]   symbol:   method getInstance()
[ERROR]   location: class org.jvnet.jaxb2_commons.lang.JAXBToStringStrategy
[ERROR] billy-portugal/src-generated/main/java/com/premiumminds/billy/portugal/services/export/saftpt/v1_02_01/schema/SourceDocuments.java:[1365,72] cannot find symbol
[ERROR]   symbol:   method getInstance()
[ERROR]   location: class org.jvnet.jaxb2_commons.lang.JAXBToStringStrategy
[ERROR] billy-portugal/src-generated/main/java/com/premiumminds/billy/portugal/services/export/saftpt/v1_02_01/schema/SourceDocuments.java:[1658,76] cannot find symbol
[ERROR]   symbol:   method getInstance()
[ERROR]   location: class org.jvnet.jaxb2_commons.lang.JAXBToStringStrategy
[ERROR] billy-portugal/src-generated/main/java/com/premiumminds/billy/portugal/services/export/saftpt/v1_02_01/schema/SourceDocuments.java:[1844,76] cannot find symbol
[ERROR]   symbol:   method getInstance()
[ERROR]   location: class org.jvnet.jaxb2_commons.lang.JAXBToStringStrategy
[ERROR] billy-portugal/src-generated/main/java/com/premiumminds/billy/portugal/services/export/saftpt/v1_02_01/schema/SourceDocuments.java:[2285,76] cannot find symbol
[ERROR]   symbol:   method getInstance()
[ERROR]   location: class org.jvnet.jaxb2_commons.lang.JAXBToStringStrategy
[ERROR] billy-portugal/src-generated/main/java/com/premiumminds/billy/portugal/services/export/saftpt/v1_02_01/schema/SourceDocuments.java:[2605,68] cannot find symbol
[ERROR]   symbol:   method getInstance()
[ERROR]   location: class org.jvnet.jaxb2_commons.lang.JAXBToStringStrategy
[ERROR] billy-portugal/src-generated/main/java/com/premiumminds/billy/portugal/services/export/saftpt/v1_02_01/schema/SourceDocuments.java:[3293,72] cannot find symbol
[ERROR]   symbol:   method getInstance()
[ERROR]   location: class org.jvnet.jaxb2_commons.lang.JAXBToStringStrategy
[ERROR] billy-portugal/src-generated/main/java/com/premiumminds/billy/portugal/services/export/saftpt/v1_02_01/schema/SourceDocuments.java:[3581,76] cannot find symbol
[ERROR]   symbol:   method getInstance()
[ERROR]   location: class org.jvnet.jaxb2_commons.lang.JAXBToStringStrategy
[ERROR] billy-portugal/src-generated/main/java/com/premiumminds/billy/portugal/services/export/saftpt/v1_02_01/schema/SourceDocuments.java:[3833,76] cannot find symbol
[ERROR]   symbol:   method getInstance()
[ERROR]   location: class org.jvnet.jaxb2_commons.lang.JAXBToStringStrategy
[ERROR] billy-portugal/src-generated/main/java/com/premiumminds/billy/portugal/services/export/saftpt/v1_02_01/schema/SourceDocuments.java:[4346,76] cannot find symbol
[ERROR]   symbol:   method getInstance()
[ERROR]   location: class org.jvnet.jaxb2_commons.lang.JAXBToStringStrategy
[ERROR] billy-portugal/src-generated/main/java/com/premiumminds/billy/portugal/services/export/saftpt/v1_02_01/schema/SourceDocuments.java:[4665,68] cannot find symbol
[ERROR]   symbol:   method getInstance()
[ERROR]   location: class org.jvnet.jaxb2_commons.lang.JAXBToStringStrategy
[ERROR] billy-portugal/src-generated/main/java/com/premiumminds/billy/portugal/services/export/saftpt/v1_02_01/schema/SourceDocuments.java:[5154,72] cannot find symbol
[ERROR]   symbol:   method getInstance()
[ERROR]   location: class org.jvnet.jaxb2_commons.lang.JAXBToStringStrategy
[ERROR] billy-portugal/src-generated/main/java/com/premiumminds/billy/portugal/services/export/saftpt/v1_02_01/schema/SourceDocuments.java:[5379,76] cannot find symbol
[ERROR]   symbol:   method getInstance()
[ERROR]   location: class org.jvnet.jaxb2_commons.lang.JAXBToStringStrategy
[ERROR] billy-portugal/src-generated/main/java/com/premiumminds/billy/portugal/services/export/saftpt/v1_02_01/schema/SourceDocuments.java:[5560,76] cannot find symbol
[ERROR]   symbol:   method getInstance()
[ERROR]   location: class org.jvnet.jaxb2_commons.lang.JAXBToStringStrategy
[ERROR] billy-portugal/src-generated/main/java/com/premiumminds/billy/portugal/services/export/saftpt/v1_02_01/schema/SourceDocuments.java:[6030,76] cannot find symbol
[ERROR]   symbol:   method getInstance()
[ERROR]   location: class org.jvnet.jaxb2_commons.lang.JAXBToStringStrategy
[ERROR] billy-portugal/src-generated/main/java/com/premiumminds/billy/portugal/services/export/saftpt/v1_02_01/schema/Currency.java:[133,64] cannot find symbol
[ERROR]   symbol:   method getInstance()
[ERROR]   location: class org.jvnet.jaxb2_commons.lang.JAXBToStringStrategy
[ERROR] billy-portugal/src-generated/main/java/com/premiumminds/billy/portugal/services/export/saftpt/v1_02_01/schema/OrderReferences.java:[107,64] cannot find symbol
[ERROR]   symbol:   method getInstance()
[ERROR]   location: class org.jvnet.jaxb2_commons.lang.JAXBToStringStrategy
[ERROR] billy-portugal/src-generated/main/java/com/premiumminds/billy/portugal/services/export/saftpt/v1_02_01/schema/Tax.java:[191,64] cannot find symbol
[ERROR]   symbol:   method getInstance()
[ERROR]   location: class org.jvnet.jaxb2_commons.lang.JAXBToStringStrategy
[ERROR] billy-portugal/src-generated/main/java/com/premiumminds/billy/portugal/services/export/saftpt/v1_02_01/schema/ShippingPointStructure.java:[185,64] cannot find symbol
[ERROR]   symbol:   method getInstance()
[ERROR]   location: class org.jvnet.jaxb2_commons.lang.JAXBToStringStrategy
[ERROR] billy-portugal/src-generated/main/java/com/premiumminds/billy/portugal/services/export/saftpt/v1_02_01/schema/MovementTax.java:[163,64] cannot find symbol
[ERROR]   symbol:   method getInstance()
[ERROR]   location: class org.jvnet.jaxb2_commons.lang.JAXBToStringStrategy
[ERROR] billy-portugal/src-generated/main/java/com/premiumminds/billy/portugal/services/export/saftpt/v1_02_01/schema/AddressStructure.java:[244,64] cannot find symbol
[ERROR]   symbol:   method getInstance()
[ERROR]   location: class org.jvnet.jaxb2_commons.lang.JAXBToStringStrategy
[ERROR] billy-portugal/src-generated/main/java/com/premiumminds/billy/portugal/services/export/saftpt/v1_02_01/schema/WithholdingTax.java:[133,64] cannot find symbol
[ERROR]   symbol:   method getInstance()
[ERROR]   location: class org.jvnet.jaxb2_commons.lang.JAXBToStringStrategy
[ERROR] billy-portugal/src-generated/main/java/com/premiumminds/billy/portugal/services/export/saftpt/v1_02_01/schema/Settlement.java:[164,64] cannot find symbol
[ERROR]   symbol:   method getInstance()
[ERROR]   location: class org.jvnet.jaxb2_commons.lang.JAXBToStringStrategy
[ERROR] billy-portugal/src-generated/main/java/com/premiumminds/billy/portugal/services/export/saftpt/v1_02_01/schema/Payment.java:[136,64] cannot find symbol
[ERROR]   symbol:   method getInstance()
[ERROR]   location: class org.jvnet.jaxb2_commons.lang.JAXBToStringStrategy
[ERROR] billy-portugal/src-generated/main/java/com/premiumminds/billy/portugal/services/export/saftpt/v1_02_01/schema/References.java:[104,64] cannot find symbol
[ERROR]   symbol:   method getInstance()
[ERROR]   location: class org.jvnet.jaxb2_commons.lang.JAXBToStringStrategy
[ERROR] billy-portugal/src-generated/main/java/com/premiumminds/billy/portugal/services/export/saftpt/v1_02_01/schema/AuditFile.java:[178,64] cannot find symbol
[ERROR]   symbol:   method getInstance()
[ERROR]   location: class org.jvnet.jaxb2_commons.lang.JAXBToStringStrategy
[ERROR] billy-portugal/src-generated/main/java/com/premiumminds/billy/portugal/services/export/saftpt/v1_02_01/schema/AuditFile.java:[405,68] cannot find symbol
[ERROR]   symbol:   method getInstance()
[ERROR]   location: class org.jvnet.jaxb2_commons.lang.JAXBToStringStrategy
[ERROR] billy-portugal/src-generated/main/java/com/premiumminds/billy/portugal/services/export/saftpt/v1_04_01/schema/AuditFile.java:[178,64] cannot find symbol
[ERROR]   symbol:   method getInstance()
[ERROR]   location: class org.jvnet.jaxb2_commons.lang.JAXBToStringStrategy
[ERROR] billy-portugal/src-generated/main/java/com/premiumminds/billy/portugal/services/export/saftpt/v1_04_01/schema/AuditFile.java:[400,68] cannot find symbol
[ERROR]   symbol:   method getInstance()
[ERROR]   location: class org.jvnet.jaxb2_commons.lang.JAXBToStringStrategy
[ERROR] billy-portugal/src-generated/main/java/com/premiumminds/billy/portugal/services/export/saftpt/v1_04_01/schema/SourceDocuments.java:[570,64] cannot find symbol
[ERROR]   symbol:   method getInstance()
[ERROR]   location: class org.jvnet.jaxb2_commons.lang.JAXBToStringStrategy
[ERROR] billy-portugal/src-generated/main/java/com/premiumminds/billy/portugal/services/export/saftpt/v1_04_01/schema/SourceDocuments.java:[814,68] cannot find symbol
[ERROR]   symbol:   method getInstance()
[ERROR]   location: class org.jvnet.jaxb2_commons.lang.JAXBToStringStrategy
[ERROR] billy-portugal/src-generated/main/java/com/premiumminds/billy/portugal/services/export/saftpt/v1_04_01/schema/SourceDocuments.java:[1557,72] cannot find symbol
[ERROR]   symbol:   method getInstance()
[ERROR]   location: class org.jvnet.jaxb2_commons.lang.JAXBToStringStrategy
[ERROR] billy-portugal/src-generated/main/java/com/premiumminds/billy/portugal/services/export/saftpt/v1_04_01/schema/SourceDocuments.java:[1856,76] cannot find symbol
[ERROR]   symbol:   method getInstance()
[ERROR]   location: class org.jvnet.jaxb2_commons.lang.JAXBToStringStrategy
[ERROR] billy-portugal/src-generated/main/java/com/premiumminds/billy/portugal/services/export/saftpt/v1_04_01/schema/SourceDocuments.java:[2042,76] cannot find symbol
[ERROR]   symbol:   method getInstance()
[ERROR]   location: class org.jvnet.jaxb2_commons.lang.JAXBToStringStrategy
[ERROR] billy-portugal/src-generated/main/java/com/premiumminds/billy/portugal/services/export/saftpt/v1_04_01/schema/SourceDocuments.java:[2567,76] cannot find symbol
[ERROR]   symbol:   method getInstance()
[ERROR]   location: class org.jvnet.jaxb2_commons.lang.JAXBToStringStrategy
[ERROR] billy-portugal/src-generated/main/java/com/premiumminds/billy/portugal/services/export/saftpt/v1_04_01/schema/SourceDocuments.java:[2912,68] cannot find symbol
[ERROR]   symbol:   method getInstance()
[ERROR]   location: class org.jvnet.jaxb2_commons.lang.JAXBToStringStrategy
[ERROR] billy-portugal/src-generated/main/java/com/premiumminds/billy/portugal/services/export/saftpt/v1_04_01/schema/SourceDocuments.java:[3514,72] cannot find symbol
[ERROR]   symbol:   method getInstance()
[ERROR]   location: class org.jvnet.jaxb2_commons.lang.JAXBToStringStrategy
[ERROR] billy-portugal/src-generated/main/java/com/premiumminds/billy/portugal/services/export/saftpt/v1_04_01/schema/SourceDocuments.java:[3783,76] cannot find symbol
[ERROR]   symbol:   method getInstance()
[ERROR]   location: class org.jvnet.jaxb2_commons.lang.JAXBToStringStrategy
[ERROR] billy-portugal/src-generated/main/java/com/premiumminds/billy/portugal/services/export/saftpt/v1_04_01/schema/SourceDocuments.java:[4007,76] cannot find symbol
[ERROR]   symbol:   method getInstance()
[ERROR]   location: class org.jvnet.jaxb2_commons.lang.JAXBToStringStrategy
[ERROR] billy-portugal/src-generated/main/java/com/premiumminds/billy/portugal/services/export/saftpt/v1_04_01/schema/SourceDocuments.java:[4107,80] cannot find symbol
[ERROR]   symbol:   method getInstance()
[ERROR]   location: class org.jvnet.jaxb2_commons.lang.JAXBToStringStrategy
[ERROR] billy-portugal/src-generated/main/java/com/premiumminds/billy/portugal/services/export/saftpt/v1_04_01/schema/SourceDocuments.java:[4407,76] cannot find symbol
[ERROR]   symbol:   method getInstance()
[ERROR]   location: class org.jvnet.jaxb2_commons.lang.JAXBToStringStrategy
[ERROR] billy-portugal/src-generated/main/java/com/premiumminds/billy/portugal/services/export/saftpt/v1_04_01/schema/SourceDocuments.java:[4579,80] cannot find symbol
[ERROR]   symbol:   method getInstance()
[ERROR]   location: class org.jvnet.jaxb2_commons.lang.JAXBToStringStrategy
[ERROR] billy-portugal/src-generated/main/java/com/premiumminds/billy/portugal/services/export/saftpt/v1_04_01/schema/SourceDocuments.java:[4856,68] cannot find symbol
[ERROR]   symbol:   method getInstance()
[ERROR]   location: class org.jvnet.jaxb2_commons.lang.JAXBToStringStrategy
[ERROR] -> [Help 1]
[ERROR]
[ERROR] To see the full stack trace of the errors, re-run Maven with the -e switch.
[ERROR] Re-run Maven using the -X switch to enable full debug logging.
[ERROR]
[ERROR] For more information about the errors and possible solutions, please read the following articles:
[ERROR] [Help 1] http://cwiki.apache.org/confluence/display/MAVEN/MojoFailureException
[ERROR]
[ERROR] After correcting the problems, you can resume the build with the command
[ERROR]   mvn <args> -rf :billy-portugal
