[INFO] Scanning for projects...
[WARNING] The project com.google.inject:guice-parent:pom:5.1.1-SNAPSHOT uses prerequisites which is only intended for maven-plugin projects but not for non maven-plugin projects. For such purposes you should use the maven-enforcer-plugin. See https://maven.apache.org/enforcer/enforcer-rules/requireMavenVersion.html
[INFO] ------------------------------------------------------------------------
[INFO] Reactor Build Order:
[INFO] 
[INFO] Google Guice                                                       [pom]
[INFO] Google Guice - Bill of Materials                                   [pom]
[INFO] Google Guice - Core Library                                        [jar]
[INFO] Google Guice - Extensions                                          [pom]
[INFO] Google Guice - Extensions - AssistedInject                         [jar]
[INFO] Google Guice - Extensions - Dagger Adapter                         [jar]
[INFO] Google Guice - Extensions - Grapher                                [jar]
[INFO] Google Guice - Extensions - JMX                                    [jar]
[INFO] Google Guice - Extensions - JNDI                                   [jar]
[INFO] Google Guice - Extensions - Persist                                [jar]
[INFO] Google Guice - Extensions - Servlet                                [jar]
[INFO] Google Guice - Extensions - Spring                                 [jar]
[INFO] Google Guice - Extensions - Struts2                                [jar]
[INFO] Google Guice - Extensions - ThrowingProviders                      [jar]
[INFO] Google Guice - Extensions - TestLib                                [jar]
[INFO] 
[INFO] -------------------< com.google.inject:guice-parent >-------------------
[INFO] Building Google Guice 5.1.1-SNAPSHOT                              [1/15]
[INFO]   from pom.xml
[INFO] --------------------------------[ pom ]---------------------------------
[INFO] 
[INFO] --- clean:3.2.0:clean (default-clean) @ guice-parent ---
[INFO] 
[INFO] --------------------< com.google.inject:guice-bom >---------------------
[INFO] Building Google Guice - Bill of Materials 5.1.1-SNAPSHOT          [2/15]
[INFO]   from bom/pom.xml
[INFO] --------------------------------[ pom ]---------------------------------
[INFO] 
[INFO] --- clean:3.2.0:clean (default-clean) @ guice-bom ---
[INFO] 
[INFO] ----------------------< com.google.inject:guice >-----------------------
[INFO] Building Google Guice - Core Library 5.1.1-SNAPSHOT               [3/15]
[INFO]   from core/pom.xml
[INFO] --------------------------------[ jar ]---------------------------------
[WARNING] Parameter 'compilerArgs' is unknown for plugin 'maven-compiler-plugin:2.3.2:compile (default-compile)'
[WARNING] Parameter 'compilerArgs' is unknown for plugin 'maven-compiler-plugin:2.3.2:testCompile (default-testCompile)'
[INFO] 
[INFO] --- clean:3.2.0:clean (default-clean) @ guice ---
[INFO] Deleting /guice/core/target
[INFO] 
[INFO] --- remote-resources:1.1:process (default) @ guice ---
[INFO] Setting property: classpath.resource.loader.class => 'org.codehaus.plexus.velocity.ContextClassLoaderResourceLoader'.
[INFO] Setting property: velocimacro.messages.on => 'false'.
[INFO] Setting property: resource.loader => 'classpath'.
[INFO] Setting property: resource.manager.logwhenfound => 'false'.
[INFO] 
[INFO] --- resources:3.3.0:resources (default-resources) @ guice ---
[INFO] Copying 1 resource
[INFO] Copying 3 resources
[INFO] 
[INFO] --- compiler:2.3.2:compile (default-compile) @ guice ---
[INFO] Compiling 251 source files to /guice/core/target/classes
[INFO] 
[INFO] --- animal-sniffer:1.16:check (check-java-1.8-compat) @ guice ---
[INFO] Checking unresolved references to org.codehaus.mojo.signature:java18:1.0
[INFO] 
[INFO] --- resources:3.3.0:testResources (default-testResources) @ guice ---
[INFO] Copying 29 resources
[INFO] Copying 3 resources
[INFO] 
[INFO] --- compiler:2.3.2:testCompile (default-testCompile) @ guice ---
[INFO] Compiling 114 source files to /guice/core/target/test-classes
[INFO] 
[INFO] --- surefire:2.5:test (default-test) @ guice ---
[INFO] Surefire report directory: /guice/core/target/surefire-reports

-------------------------------------------------------
 T E S T S
-------------------------------------------------------
Running com.google.inject.spi.ModuleAnnotatedMethodScannerTest
Tests run: 32, Failures: 0, Errors: 0, Skipped: 0, Time elapsed: 0.81 sec
Running com.google.inject.util.TypesTest
Tests run: 10, Failures: 0, Errors: 0, Skipped: 0, Time elapsed: 0.047 sec
Running com.google.inject.spi.SpiBindingsTest
Tests run: 11, Failures: 0, Errors: 0, Skipped: 0, Time elapsed: 0.07 sec
Running com.google.inject.LoggerInjectionTest
Tests run: 5, Failures: 0, Errors: 0, Skipped: 0, Time elapsed: 0.02 sec
Running com.google.inject.spi.SourcesTest
Tests run: 2, Failures: 0, Errors: 0, Skipped: 0, Time elapsed: 0.006 sec
Running com.google.inject.IntegrationTest
Tests run: 1, Failures: 0, Errors: 0, Skipped: 0, Time elapsed: 0.018 sec
Running com.google.inject.DuplicateBindingsTest
Tests run: 18, Failures: 0, Errors: 0, Skipped: 0, Time elapsed: 0.156 sec
Running com.google.inject.internal.aop.ImmutableStringTrieTest
Tests run: 3, Failures: 0, Errors: 0, Skipped: 0, Time elapsed: 1.557 sec
Running com.google.inject.TypeListenerTest
Tests run: 15, Failures: 0, Errors: 0, Skipped: 0, Time elapsed: 0.081 sec
Running com.google.inject.spi.ElementApplyToTest
Tests run: 32, Failures: 0, Errors: 0, Skipped: 0, Time elapsed: 0.083 sec
Running com.google.inject.spi.ElementSourceTest
Tests run: 1, Failures: 0, Errors: 0, Skipped: 0, Time elapsed: 0.005 sec
Running com.google.inject.spi.InjectionPointTest
Tests run: 16, Failures: 0, Errors: 0, Skipped: 0, Time elapsed: 0.051 sec
Running com.google.inject.ReflectionTest
Tests run: 3, Failures: 0, Errors: 0, Skipped: 0, Time elapsed: 0.007 sec
Running com.google.inject.BoundInstanceInjectionTest
Tests run: 4, Failures: 0, Errors: 0, Skipped: 0, Time elapsed: 0.014 sec
Running com.google.inject.multibindings.ProvidesIntoTest
Tests run: 9, Failures: 0, Errors: 0, Skipped: 0, Time elapsed: 0.127 sec
Running com.google.inject.Java8LanguageFeatureBindingTest
Tests run: 6, Failures: 0, Errors: 0, Skipped: 0, Time elapsed: 0.027 sec
Running com.google.inject.internal.ProxyFactoryTest
Tests run: 5, Failures: 0, Errors: 0, Skipped: 0, Time elapsed: 0.017 sec
Running com.google.inject.internal.MessagesTest
Tests run: 2, Failures: 0, Errors: 0, Skipped: 0, Time elapsed: 0.024 sec
Running com.google.inject.TypeLiteralTest
Tests run: 13, Failures: 0, Errors: 0, Skipped: 0, Time elapsed: 0.013 sec
Running com.google.inject.SuperclassTest
Tests run: 1, Failures: 0, Errors: 0, Skipped: 0, Time elapsed: 0.007 sec
Running com.google.inject.internal.UniqueAnnotationsTest
Tests run: 1, Failures: 0, Errors: 0, Skipped: 0, Time elapsed: 0.004 sec
Running com.google.inject.spi.BindingSourceRestrictionTest
Tests run: 2, Failures: 0, Errors: 0, Skipped: 0, Time elapsed: 0.022 sec
Running com.google.inject.util.ProvidersTest
Tests run: 4, Failures: 0, Errors: 0, Skipped: 0, Time elapsed: 0.009 sec
Running com.google.inject.errors.BindingAlreadySetErrorTest
Tests run: 3, Failures: 0, Errors: 0, Skipped: 0, Time elapsed: 0.024 sec
Running com.google.inject.spi.BindingTargetVisitorTest
Tests run: 1, Failures: 0, Errors: 0, Skipped: 0, Time elapsed: 0.002 sec
Running com.google.inject.internal.MapBinderTest
Tests run: 40, Failures: 0, Errors: 0, Skipped: 0, Time elapsed: 0.386 sec
Running com.google.inject.errors.NullInjectedIntoNonNullableTest
Tests run: 3, Failures: 0, Errors: 0, Skipped: 0, Time elapsed: 0.024 sec
Running com.google.inject.internal.RealElementTest
Tests run: 3, Failures: 0, Errors: 0, Skipped: 0, Time elapsed: 0.007 sec
Running com.google.inject.BindingTest
Tests run: 19, Failures: 0, Errors: 0, Skipped: 0, Time elapsed: 0.077 sec
Running com.google.inject.PrivateModuleTest
Tests run: 18, Failures: 0, Errors: 0, Skipped: 0, Time elapsed: 0.114 sec
Running com.google.inject.internal.MoreTypesTest
Tests run: 6, Failures: 0, Errors: 0, Skipped: 0, Time elapsed: 0.006 sec
Running com.google.inject.TypeLiteralTypeResolutionTest
Tests run: 16, Failures: 0, Errors: 0, Skipped: 0, Time elapsed: 0.015 sec
Running com.google.inject.spi.ElementsTest
Tests run: 32, Failures: 0, Errors: 0, Skipped: 0, Time elapsed: 0.021 sec
Running com.google.inject.internal.PackageNameCompressorTest
Tests run: 23, Failures: 0, Errors: 0, Skipped: 0, Time elapsed: 0.012 sec
Running com.google.inject.errors.MissingImplementationErrorTest
Tests run: 3, Failures: 0, Errors: 0, Skipped: 0, Time elapsed: 0.022 sec
Running com.google.inject.BinderTest
Tests run: 20, Failures: 0, Errors: 0, Skipped: 0, Time elapsed: 0.055 sec
Running com.google.inject.ProviderInjectionTest
Tests run: 4, Failures: 0, Errors: 0, Skipped: 0, Time elapsed: 0.018 sec
Running com.googlecode.guice.BytecodeGenTest
Tests run: 9, Failures: 0, Errors: 0, Skipped: 0, Time elapsed: 0.126 sec
Running com.google.inject.NullableInjectionPointTest
Tests run: 18, Failures: 0, Errors: 0, Skipped: 0, Time elapsed: 0.05 sec
Running com.google.inject.internal.util.ContinuousStopwatchTest
Tests run: 2, Failures: 0, Errors: 0, Skipped: 0, Time elapsed: 0.007 sec
Running com.google.inject.MethodInterceptionTest
Tests run: 16, Failures: 0, Errors: 0, Skipped: 0, Time elapsed: 0.073 sec
Running com.google.inject.spi.InjectorSpiTest
Tests run: 9, Failures: 0, Errors: 0, Skipped: 0, Time elapsed: 0.148 sec
Running com.google.inject.RestrictedBindingSourceTest
Tests run: 34, Failures: 0, Errors: 0, Skipped: 0, Time elapsed: 0.135 sec
Running com.google.inject.spi.ToolStageInjectorTest
Tests run: 5, Failures: 0, Errors: 0, Skipped: 0, Time elapsed: 0.02 sec
Running com.google.inject.ParentInjectorTest
Tests run: 16, Failures: 0, Errors: 0, Skipped: 0, Time elapsed: 0.047 sec
Running com.google.inject.BindingOrderTest
Tests run: 3, Failures: 0, Errors: 0, Skipped: 0, Time elapsed: 0.009 sec
Running com.google.inject.ProvisionExceptionsTest
Tests run: 5, Failures: 0, Errors: 0, Skipped: 0, Time elapsed: 0.016 sec
Running com.google.inject.name.NamesTest
Tests run: 5, Failures: 0, Errors: 0, Skipped: 0, Time elapsed: 0.006 sec
Running com.google.inject.KeyTest
Tests run: 16, Failures: 0, Errors: 0, Skipped: 0, Time elapsed: 0.16 sec
Running com.google.inject.internal.CycleDetectingLockTest
Tests run: 3, Failures: 0, Errors: 0, Skipped: 0, Time elapsed: 0.035 sec
Running com.google.inject.errors.ErrorMessagesTest
Tests run: 1, Failures: 0, Errors: 0, Skipped: 0, Time elapsed: 0.015 sec
Running com.google.inject.util.NoopOverrideTest
Tests run: 32, Failures: 0, Errors: 0, Skipped: 0, Time elapsed: 0.031 sec
Running com.google.inject.name.NamedEquivalanceTest
Tests run: 11, Failures: 0, Errors: 0, Skipped: 0, Time elapsed: 0.023 sec
Running com.google.inject.util.OverrideModuleTest
Tests run: 26, Failures: 0, Errors: 0, Skipped: 0, Time elapsed: 0.081 sec
Running com.google.inject.spi.HasDependenciesTest
Tests run: 3, Failures: 0, Errors: 0, Skipped: 0, Time elapsed: 0.01 sec
Running com.google.inject.matcher.MatcherTest
Tests run: 12, Failures: 0, Errors: 0, Skipped: 0, Time elapsed: 0.018 sec
Running com.google.inject.BindingAnnotationTest
Tests run: 5, Failures: 0, Errors: 0, Skipped: 0, Time elapsed: 0.016 sec
Running com.google.inject.ProvisionListenerTest
Tests run: 21, Failures: 0, Errors: 0, Skipped: 0, Time elapsed: 0.065 sec
Running com.google.inject.TypeLiteralInjectionTest
Tests run: 5, Failures: 0, Errors: 0, Skipped: 0, Time elapsed: 0.01 sec
Running com.google.inject.errors.GenericErrorTest
Tests run: 3, Failures: 0, Errors: 0, Skipped: 0, Time elapsed: 0.009 sec
Running com.google.inject.spi.ModuleSourceTest
Tests run: 3, Failures: 0, Errors: 0, Skipped: 0, Time elapsed: 0.002 sec
Running com.google.inject.internal.OptionalBinderTest
Tests run: 37, Failures: 0, Errors: 0, Skipped: 0, Time elapsed: 0.276 sec
Running com.google.inject.errors.DuplicateMapKeyErrorTest
Tests run: 3, Failures: 0, Errors: 0, Skipped: 0, Time elapsed: 0.023 sec
Running com.google.inject.InjectorTest
Tests run: 16, Failures: 0, Errors: 0, Skipped: 0, Time elapsed: 0.048 sec
Running com.google.inject.BoundProviderTest
Tests run: 2, Failures: 0, Errors: 0, Skipped: 0, Time elapsed: 0.007 sec
Running com.google.inject.spi.ProviderMethodsTest
Tests run: 37, Failures: 0, Errors: 0, Skipped: 0, Time elapsed: 0.087 sec
Running com.google.inject.errors.MissingConstructorErrorTest
Tests run: 3, Failures: 0, Errors: 0, Skipped: 0, Time elapsed: 0.021 sec
Running com.google.inject.internal.util.LineNumbersTest
Tests run: 4, Failures: 0, Errors: 0, Skipped: 0, Time elapsed: 0.013 sec
Running com.google.inject.spi.ModuleRewriterTest
Tests run: 2, Failures: 0, Errors: 0, Skipped: 0, Time elapsed: 0.006 sec
Running com.google.inject.ImplicitBindingTest
Tests run: 12, Failures: 0, Errors: 0, Skipped: 0, Time elapsed: 0.035 sec
Running com.google.inject.OptionalBindingTest
Tests run: 18, Failures: 0, Errors: 0, Skipped: 0, Time elapsed: 0.035 sec
Running com.google.inject.ProvisionExceptionTest
Tests run: 17, Failures: 0, Errors: 0, Skipped: 0, Time elapsed: 0.05 sec
Running com.google.inject.RequestInjectionTest
Tests run: 8, Failures: 0, Errors: 0, Skipped: 0, Time elapsed: 0.017 sec
Running com.google.inject.errors.ChildBindingAlreadySetErrorTest
Tests run: 4, Failures: 0, Errors: 0, Skipped: 0, Time elapsed: 0.017 sec
Running com.google.inject.ModuleTest
Tests run: 1, Failures: 0, Errors: 0, Skipped: 0, Time elapsed: 0.005 sec
Running com.google.inject.CircularDependencyTest
Tests run: 20, Failures: 0, Errors: 0, Skipped: 0, Time elapsed: 0.057 sec
Running com.google.inject.SerializationTest
Tests run: 2, Failures: 0, Errors: 0, Skipped: 0, Time elapsed: 0.008 sec
Running com.google.inject.spi.MessageTest
Tests run: 2, Failures: 0, Errors: 0, Skipped: 0, Time elapsed: 0.002 sec
Running com.google.inject.errors.ScopeNotFoundErrorTest
Tests run: 1, Failures: 0, Errors: 0, Skipped: 0, Time elapsed: 0.008 sec
Running com.google.inject.MembersInjectorTest
Tests run: 13, Failures: 0, Errors: 0, Skipped: 0, Time elapsed: 1.026 sec
Running com.google.inject.internal.MultibinderTest
Tests run: 43, Failures: 0, Errors: 0, Skipped: 0, Time elapsed: 0.207 sec
Running com.google.inject.EagerSingletonTest
Tests run: 4, Failures: 0, Errors: 0, Skipped: 0, Time elapsed: 0.738 sec
Running com.google.inject.errors.DuplicateElementErrorTest
Tests run: 2, Failures: 0, Errors: 0, Skipped: 0, Time elapsed: 0.031 sec
Running com.google.inject.internal.InternalProvisionExceptionTest
Tests run: 1, Failures: 0, Errors: 0, Skipped: 0, Time elapsed: 0.002 sec
Running com.google.inject.RequireAtInjectOnConstructorsTest
Tests run: 8, Failures: 0, Errors: 0, Skipped: 0, Time elapsed: 0.014 sec
Running com.google.inject.internal.WeakKeySetTest
Tests run: 10, Failures: 0, Errors: 0, Skipped: 0, Time elapsed: 1.485 sec
Running com.google.inject.JitBindingsTest
Tests run: 27, Failures: 0, Errors: 0, Skipped: 0, Time elapsed: 0.068 sec
Running com.googlecode.guice.Jsr330Test
Tests run: 14, Failures: 0, Errors: 0, Skipped: 0, Time elapsed: 0.037 sec
Running com.google.inject.DefaultMethodInterceptionTest
Tests run: 6, Failures: 0, Errors: 0, Skipped: 0, Time elapsed: 0.015 sec
Running com.google.inject.GenericInjectionTest
Tests run: 9, Failures: 0, Errors: 0, Skipped: 0, Time elapsed: 0.015 sec
Running com.google.inject.ModulesTest
Tests run: 3, Failures: 0, Errors: 0, Skipped: 0, Time elapsed: 0.004 sec

Results :

Tests run: 979, Failures: 0, Errors: 0, Skipped: 0

[INFO] 
[INFO] --- surefire:2.5:test (stack-traces-off) @ guice ---
[INFO] Surefire report directory: /guice/core/target/surefire-reports

-------------------------------------------------------
 T E S T S
-------------------------------------------------------
Running com.google.inject.spi.ModuleAnnotatedMethodScannerTest
Tests run: 32, Failures: 0, Errors: 0, Skipped: 0, Time elapsed: 0.804 sec
Running com.google.inject.util.TypesTest
Tests run: 10, Failures: 0, Errors: 0, Skipped: 0, Time elapsed: 0.041 sec
Running com.google.inject.spi.SpiBindingsTest
Tests run: 11, Failures: 0, Errors: 0, Skipped: 0, Time elapsed: 0.063 sec
Running com.google.inject.LoggerInjectionTest
Tests run: 5, Failures: 0, Errors: 0, Skipped: 0, Time elapsed: 0.018 sec
Running com.google.inject.spi.SourcesTest
Tests run: 2, Failures: 0, Errors: 0, Skipped: 0, Time elapsed: 0.006 sec
Running com.google.inject.IntegrationTest
Tests run: 1, Failures: 0, Errors: 0, Skipped: 0, Time elapsed: 0.019 sec
Running com.google.inject.DuplicateBindingsTest
Tests run: 18, Failures: 0, Errors: 0, Skipped: 0, Time elapsed: 0.211 sec
Running com.google.inject.internal.aop.ImmutableStringTrieTest
Tests run: 3, Failures: 0, Errors: 0, Skipped: 0, Time elapsed: 1.633 sec
Running com.google.inject.TypeListenerTest
Tests run: 15, Failures: 0, Errors: 0, Skipped: 0, Time elapsed: 0.063 sec
Running com.google.inject.spi.ElementApplyToTest
Tests run: 32, Failures: 0, Errors: 0, Skipped: 0, Time elapsed: 0.071 sec
Running com.google.inject.spi.ElementSourceTest
Tests run: 1, Failures: 0, Errors: 0, Skipped: 0, Time elapsed: 0.004 sec
Running com.google.inject.spi.InjectionPointTest
Tests run: 16, Failures: 0, Errors: 0, Skipped: 0, Time elapsed: 0.045 sec
Running com.google.inject.ReflectionTest
Tests run: 3, Failures: 0, Errors: 0, Skipped: 0, Time elapsed: 0.007 sec
Running com.google.inject.BoundInstanceInjectionTest
Tests run: 4, Failures: 0, Errors: 0, Skipped: 0, Time elapsed: 0.015 sec
Running com.google.inject.multibindings.ProvidesIntoTest
Tests run: 9, Failures: 0, Errors: 0, Skipped: 0, Time elapsed: 0.094 sec
Running com.google.inject.Java8LanguageFeatureBindingTest
Tests run: 6, Failures: 0, Errors: 0, Skipped: 0, Time elapsed: 0.022 sec
Running com.google.inject.internal.ProxyFactoryTest
Tests run: 5, Failures: 0, Errors: 0, Skipped: 0, Time elapsed: 0.016 sec
Running com.google.inject.internal.MessagesTest
Tests run: 2, Failures: 0, Errors: 0, Skipped: 0, Time elapsed: 0.027 sec
Running com.google.inject.TypeLiteralTest
Tests run: 13, Failures: 0, Errors: 0, Skipped: 0, Time elapsed: 0.014 sec
Running com.google.inject.SuperclassTest
Tests run: 1, Failures: 0, Errors: 0, Skipped: 0, Time elapsed: 0.007 sec
Running com.google.inject.internal.UniqueAnnotationsTest
Tests run: 1, Failures: 0, Errors: 0, Skipped: 0, Time elapsed: 0.004 sec
Running com.google.inject.spi.BindingSourceRestrictionTest
Tests run: 2, Failures: 0, Errors: 0, Skipped: 0, Time elapsed: 0.018 sec
Running com.google.inject.util.ProvidersTest
Tests run: 4, Failures: 0, Errors: 0, Skipped: 0, Time elapsed: 0.007 sec
Running com.google.inject.errors.BindingAlreadySetErrorTest
Tests run: 3, Failures: 0, Errors: 0, Skipped: 0, Time elapsed: 0.005 sec
Running com.google.inject.spi.BindingTargetVisitorTest
Tests run: 1, Failures: 0, Errors: 0, Skipped: 0, Time elapsed: 0.003 sec
Running com.google.inject.internal.MapBinderTest
Tests run: 40, Failures: 0, Errors: 0, Skipped: 0, Time elapsed: 0.338 sec
Running com.google.inject.errors.NullInjectedIntoNonNullableTest
Tests run: 3, Failures: 0, Errors: 0, Skipped: 0, Time elapsed: 0.008 sec
Running com.google.inject.internal.RealElementTest
Tests run: 3, Failures: 0, Errors: 0, Skipped: 0, Time elapsed: 0.01 sec
Running com.google.inject.BindingTest
Tests run: 19, Failures: 0, Errors: 0, Skipped: 0, Time elapsed: 0.078 sec
Running com.google.inject.PrivateModuleTest
Tests run: 18, Failures: 0, Errors: 0, Skipped: 0, Time elapsed: 0.086 sec
Running com.google.inject.internal.MoreTypesTest
Tests run: 6, Failures: 0, Errors: 0, Skipped: 0, Time elapsed: 0.007 sec
Running com.google.inject.TypeLiteralTypeResolutionTest
Tests run: 16, Failures: 0, Errors: 0, Skipped: 0, Time elapsed: 0.016 sec
Running com.google.inject.spi.ElementsTest
Tests run: 32, Failures: 0, Errors: 0, Skipped: 0, Time elapsed: 0.017 sec
Running com.google.inject.internal.PackageNameCompressorTest
Tests run: 23, Failures: 0, Errors: 0, Skipped: 0, Time elapsed: 0.011 sec
Running com.google.inject.errors.MissingImplementationErrorTest
Tests run: 3, Failures: 0, Errors: 0, Skipped: 0, Time elapsed: 0.003 sec
Running com.google.inject.BinderTest
Tests run: 20, Failures: 0, Errors: 0, Skipped: 0, Time elapsed: 0.072 sec
Running com.google.inject.ProviderInjectionTest
Tests run: 4, Failures: 0, Errors: 0, Skipped: 0, Time elapsed: 0.02 sec
Running com.googlecode.guice.BytecodeGenTest
Tests run: 9, Failures: 0, Errors: 0, Skipped: 0, Time elapsed: 0.12 sec
Running com.google.inject.NullableInjectionPointTest
Tests run: 18, Failures: 0, Errors: 0, Skipped: 0, Time elapsed: 0.047 sec
Running com.google.inject.internal.util.ContinuousStopwatchTest
Tests run: 2, Failures: 0, Errors: 0, Skipped: 0, Time elapsed: 0.007 sec
Running com.google.inject.MethodInterceptionTest
Tests run: 16, Failures: 0, Errors: 0, Skipped: 0, Time elapsed: 0.058 sec
Running com.google.inject.spi.InjectorSpiTest
Tests run: 9, Failures: 0, Errors: 0, Skipped: 0, Time elapsed: 0.122 sec
Running com.google.inject.RestrictedBindingSourceTest
Tests run: 34, Failures: 0, Errors: 0, Skipped: 0, Time elapsed: 0.117 sec
Running com.google.inject.spi.ToolStageInjectorTest
Tests run: 5, Failures: 0, Errors: 0, Skipped: 0, Time elapsed: 0.028 sec
Running com.google.inject.ParentInjectorTest
Tests run: 16, Failures: 0, Errors: 0, Skipped: 0, Time elapsed: 0.036 sec
Running com.google.inject.BindingOrderTest
Tests run: 3, Failures: 0, Errors: 0, Skipped: 0, Time elapsed: 0.019 sec
Running com.google.inject.ProvisionExceptionsTest
Tests run: 5, Failures: 0, Errors: 0, Skipped: 0, Time elapsed: 0.021 sec
Running com.google.inject.name.NamesTest
Tests run: 5, Failures: 0, Errors: 0, Skipped: 0, Time elapsed: 0.006 sec
Running com.google.inject.KeyTest
Tests run: 16, Failures: 0, Errors: 0, Skipped: 0, Time elapsed: 0.099 sec
Running com.google.inject.internal.CycleDetectingLockTest
Tests run: 3, Failures: 0, Errors: 0, Skipped: 0, Time elapsed: 0.023 sec
Running com.google.inject.errors.ErrorMessagesTest
Tests run: 1, Failures: 0, Errors: 0, Skipped: 0, Time elapsed: 0.003 sec
Running com.google.inject.util.NoopOverrideTest
Tests run: 32, Failures: 0, Errors: 0, Skipped: 0, Time elapsed: 0.029 sec
Running com.google.inject.name.NamedEquivalanceTest
Tests run: 11, Failures: 0, Errors: 0, Skipped: 0, Time elapsed: 0.029 sec
Running com.google.inject.util.OverrideModuleTest
Tests run: 26, Failures: 0, Errors: 0, Skipped: 0, Time elapsed: 0.072 sec
Running com.google.inject.spi.HasDependenciesTest
Tests run: 3, Failures: 0, Errors: 0, Skipped: 0, Time elapsed: 0.007 sec
Running com.google.inject.matcher.MatcherTest
Tests run: 12, Failures: 0, Errors: 0, Skipped: 0, Time elapsed: 0.021 sec
Running com.google.inject.BindingAnnotationTest
Tests run: 5, Failures: 0, Errors: 0, Skipped: 0, Time elapsed: 0.02 sec
Running com.google.inject.ProvisionListenerTest
Tests run: 21, Failures: 0, Errors: 0, Skipped: 0, Time elapsed: 0.053 sec
Running com.google.inject.TypeLiteralInjectionTest
Tests run: 5, Failures: 0, Errors: 0, Skipped: 0, Time elapsed: 0.011 sec
Running com.google.inject.errors.GenericErrorTest
Tests run: 3, Failures: 0, Errors: 0, Skipped: 0, Time elapsed: 0.002 sec
Running com.google.inject.spi.ModuleSourceTest
Tests run: 3, Failures: 0, Errors: 0, Skipped: 0, Time elapsed: 0.003 sec
Running com.google.inject.internal.OptionalBinderTest
Tests run: 37, Failures: 0, Errors: 0, Skipped: 0, Time elapsed: 0.215 sec
Running com.google.inject.errors.DuplicateMapKeyErrorTest
Tests run: 3, Failures: 0, Errors: 0, Skipped: 0, Time elapsed: 0.002 sec
Running com.google.inject.InjectorTest
Tests run: 16, Failures: 0, Errors: 0, Skipped: 0, Time elapsed: 0.038 sec
Running com.google.inject.BoundProviderTest
Tests run: 2, Failures: 0, Errors: 0, Skipped: 0, Time elapsed: 0.007 sec
Running com.google.inject.spi.ProviderMethodsTest
Tests run: 37, Failures: 0, Errors: 0, Skipped: 0, Time elapsed: 0.112 sec
Running com.google.inject.errors.MissingConstructorErrorTest
Tests run: 3, Failures: 0, Errors: 0, Skipped: 0, Time elapsed: 0.002 sec
Running com.google.inject.internal.util.LineNumbersTest
Tests run: 4, Failures: 0, Errors: 0, Skipped: 0, Time elapsed: 0.014 sec
Running com.google.inject.spi.ModuleRewriterTest
Tests run: 2, Failures: 0, Errors: 0, Skipped: 0, Time elapsed: 0.008 sec
Running com.google.inject.ImplicitBindingTest
Tests run: 12, Failures: 0, Errors: 0, Skipped: 0, Time elapsed: 0.047 sec
Running com.google.inject.OptionalBindingTest
Tests run: 18, Failures: 0, Errors: 0, Skipped: 0, Time elapsed: 0.033 sec
Running com.google.inject.ProvisionExceptionTest
Tests run: 17, Failures: 0, Errors: 0, Skipped: 0, Time elapsed: 0.057 sec
Running com.google.inject.RequestInjectionTest
Tests run: 8, Failures: 0, Errors: 0, Skipped: 0, Time elapsed: 0.023 sec
Running com.google.inject.errors.ChildBindingAlreadySetErrorTest
Tests run: 4, Failures: 0, Errors: 0, Skipped: 0, Time elapsed: 0.002 sec
Running com.google.inject.ModuleTest
Tests run: 1, Failures: 0, Errors: 0, Skipped: 0, Time elapsed: 0.006 sec
Running com.google.inject.CircularDependencyTest
Tests run: 20, Failures: 0, Errors: 0, Skipped: 0, Time elapsed: 0.082 sec
Running com.google.inject.SerializationTest
Tests run: 2, Failures: 0, Errors: 0, Skipped: 0, Time elapsed: 0.008 sec
Running com.google.inject.spi.MessageTest
Tests run: 2, Failures: 0, Errors: 0, Skipped: 0, Time elapsed: 0.002 sec
Running com.google.inject.errors.ScopeNotFoundErrorTest
Tests run: 1, Failures: 0, Errors: 0, Skipped: 0, Time elapsed: 0.002 sec
Running com.google.inject.MembersInjectorTest
Tests run: 13, Failures: 0, Errors: 0, Skipped: 0, Time elapsed: 1.034 sec
Running com.google.inject.internal.MultibinderTest
Tests run: 43, Failures: 0, Errors: 0, Skipped: 0, Time elapsed: 0.19 sec
Running com.google.inject.EagerSingletonTest
Tests run: 4, Failures: 0, Errors: 0, Skipped: 0, Time elapsed: 0.718 sec
Running com.google.inject.errors.DuplicateElementErrorTest
Tests run: 2, Failures: 0, Errors: 0, Skipped: 0, Time elapsed: 0.003 sec
Running com.google.inject.internal.InternalProvisionExceptionTest
Tests run: 1, Failures: 0, Errors: 0, Skipped: 0, Time elapsed: 0.002 sec
Running com.google.inject.RequireAtInjectOnConstructorsTest
Tests run: 8, Failures: 0, Errors: 0, Skipped: 0, Time elapsed: 0.013 sec
Running com.google.inject.internal.WeakKeySetTest
Tests run: 10, Failures: 0, Errors: 0, Skipped: 0, Time elapsed: 1.438 sec
Running com.google.inject.JitBindingsTest
Tests run: 27, Failures: 0, Errors: 0, Skipped: 0, Time elapsed: 0.081 sec
Running com.googlecode.guice.Jsr330Test
Tests run: 14, Failures: 0, Errors: 0, Skipped: 0, Time elapsed: 0.043 sec
Running com.google.inject.DefaultMethodInterceptionTest
Tests run: 6, Failures: 0, Errors: 0, Skipped: 0, Time elapsed: 0.019 sec
Running com.google.inject.GenericInjectionTest
Tests run: 9, Failures: 0, Errors: 0, Skipped: 0, Time elapsed: 0.019 sec
Running com.google.inject.ModulesTest
Tests run: 3, Failures: 0, Errors: 0, Skipped: 0, Time elapsed: 0.004 sec

Results :

Tests run: 979, Failures: 0, Errors: 0, Skipped: 0

[INFO] 
[INFO] --- surefire:2.5:test (anonymous-class-loading) @ guice ---
[INFO] Surefire report directory: /guice/core/target/surefire-reports

-------------------------------------------------------
 T E S T S
-------------------------------------------------------
Running com.google.inject.spi.ModuleAnnotatedMethodScannerTest
Tests run: 32, Failures: 0, Errors: 0, Skipped: 0, Time elapsed: 0.769 sec
Running com.google.inject.util.TypesTest
Tests run: 10, Failures: 0, Errors: 0, Skipped: 0, Time elapsed: 0.039 sec
Running com.google.inject.spi.SpiBindingsTest
Tests run: 11, Failures: 0, Errors: 0, Skipped: 0, Time elapsed: 0.052 sec
Running com.google.inject.LoggerInjectionTest
Tests run: 5, Failures: 0, Errors: 0, Skipped: 0, Time elapsed: 0.021 sec
Running com.google.inject.spi.SourcesTest
Tests run: 2, Failures: 0, Errors: 0, Skipped: 0, Time elapsed: 0.007 sec
Running com.google.inject.IntegrationTest
Tests run: 1, Failures: 0, Errors: 0, Skipped: 0, Time elapsed: 0.02 sec
Running com.google.inject.DuplicateBindingsTest
Tests run: 18, Failures: 0, Errors: 0, Skipped: 0, Time elapsed: 0.183 sec
Running com.google.inject.internal.aop.ImmutableStringTrieTest
Tests run: 3, Failures: 0, Errors: 0, Skipped: 0, Time elapsed: 1.765 sec
Running com.google.inject.TypeListenerTest
Tests run: 15, Failures: 0, Errors: 0, Skipped: 0, Time elapsed: 0.066 sec
Running com.google.inject.spi.ElementApplyToTest
Tests run: 32, Failures: 0, Errors: 0, Skipped: 0, Time elapsed: 0.08 sec
Running com.google.inject.spi.ElementSourceTest
Tests run: 1, Failures: 0, Errors: 0, Skipped: 0, Time elapsed: 0.003 sec
Running com.google.inject.spi.InjectionPointTest
Tests run: 16, Failures: 0, Errors: 0, Skipped: 0, Time elapsed: 0.046 sec
Running com.google.inject.ReflectionTest
Tests run: 3, Failures: 0, Errors: 0, Skipped: 0, Time elapsed: 0.005 sec
Running com.google.inject.BoundInstanceInjectionTest
Tests run: 4, Failures: 0, Errors: 0, Skipped: 0, Time elapsed: 0.012 sec
Running com.google.inject.multibindings.ProvidesIntoTest
Tests run: 9, Failures: 0, Errors: 0, Skipped: 0, Time elapsed: 0.099 sec
Running com.google.inject.Java8LanguageFeatureBindingTest
Tests run: 6, Failures: 0, Errors: 0, Skipped: 0, Time elapsed: 0.021 sec
Running com.google.inject.internal.ProxyFactoryTest
Tests run: 5, Failures: 0, Errors: 0, Skipped: 0, Time elapsed: 0.009 sec
Running com.google.inject.internal.MessagesTest
Tests run: 2, Failures: 0, Errors: 0, Skipped: 0, Time elapsed: 0.016 sec
Running com.google.inject.TypeLiteralTest
Tests run: 13, Failures: 0, Errors: 0, Skipped: 0, Time elapsed: 0.012 sec
Running com.google.inject.SuperclassTest
Tests run: 1, Failures: 0, Errors: 0, Skipped: 0, Time elapsed: 0.005 sec
Running com.google.inject.internal.UniqueAnnotationsTest
Tests run: 1, Failures: 0, Errors: 0, Skipped: 0, Time elapsed: 0.004 sec
Running com.google.inject.spi.BindingSourceRestrictionTest
Tests run: 2, Failures: 0, Errors: 0, Skipped: 0, Time elapsed: 0.016 sec
Running com.google.inject.util.ProvidersTest
Tests run: 4, Failures: 0, Errors: 0, Skipped: 0, Time elapsed: 0.005 sec
Running com.google.inject.errors.BindingAlreadySetErrorTest
Tests run: 3, Failures: 0, Errors: 0, Skipped: 0, Time elapsed: 0.029 sec
Running com.google.inject.spi.BindingTargetVisitorTest
Tests run: 1, Failures: 0, Errors: 0, Skipped: 0, Time elapsed: 0.002 sec
Running com.google.inject.internal.MapBinderTest
Tests run: 40, Failures: 0, Errors: 0, Skipped: 0, Time elapsed: 0.51 sec
Running com.google.inject.errors.NullInjectedIntoNonNullableTest
Tests run: 3, Failures: 0, Errors: 0, Skipped: 0, Time elapsed: 0.021 sec
Running com.google.inject.internal.RealElementTest
Tests run: 3, Failures: 0, Errors: 0, Skipped: 0, Time elapsed: 0.005 sec
Running com.google.inject.BindingTest
Tests run: 19, Failures: 0, Errors: 0, Skipped: 0, Time elapsed: 0.065 sec
Running com.google.inject.PrivateModuleTest
Tests run: 18, Failures: 0, Errors: 0, Skipped: 0, Time elapsed: 0.071 sec
Running com.google.inject.internal.MoreTypesTest
Tests run: 6, Failures: 0, Errors: 0, Skipped: 0, Time elapsed: 0.005 sec
Running com.google.inject.TypeLiteralTypeResolutionTest
Tests run: 16, Failures: 0, Errors: 0, Skipped: 0, Time elapsed: 0.021 sec
Running com.google.inject.spi.ElementsTest
Tests run: 32, Failures: 0, Errors: 0, Skipped: 0, Time elapsed: 0.018 sec
Running com.google.inject.internal.PackageNameCompressorTest
Tests run: 23, Failures: 0, Errors: 0, Skipped: 0, Time elapsed: 0.01 sec
Running com.google.inject.errors.MissingImplementationErrorTest
Tests run: 3, Failures: 0, Errors: 0, Skipped: 0, Time elapsed: 0.022 sec
Running com.google.inject.BinderTest
Tests run: 20, Failures: 0, Errors: 0, Skipped: 0, Time elapsed: 0.062 sec
Running com.google.inject.ProviderInjectionTest
Tests run: 4, Failures: 0, Errors: 0, Skipped: 0, Time elapsed: 0.017 sec
Running com.googlecode.guice.BytecodeGenTest
Tests run: 9, Failures: 0, Errors: 0, Skipped: 0, Time elapsed: 0.098 sec
Running com.google.inject.NullableInjectionPointTest
Tests run: 18, Failures: 0, Errors: 0, Skipped: 0, Time elapsed: 0.035 sec
Running com.google.inject.internal.util.ContinuousStopwatchTest
Tests run: 2, Failures: 0, Errors: 0, Skipped: 0, Time elapsed: 0.004 sec
Running com.google.inject.MethodInterceptionTest
Tests run: 16, Failures: 0, Errors: 0, Skipped: 0, Time elapsed: 0.04 sec
Running com.google.inject.spi.InjectorSpiTest
Tests run: 9, Failures: 0, Errors: 0, Skipped: 0, Time elapsed: 0.096 sec
Running com.google.inject.RestrictedBindingSourceTest
Tests run: 34, Failures: 0, Errors: 0, Skipped: 0, Time elapsed: 0.143 sec
Running com.google.inject.spi.ToolStageInjectorTest
Tests run: 5, Failures: 0, Errors: 0, Skipped: 0, Time elapsed: 0.015 sec
Running com.google.inject.ParentInjectorTest
Tests run: 16, Failures: 0, Errors: 0, Skipped: 0, Time elapsed: 0.032 sec
Running com.google.inject.BindingOrderTest
Tests run: 3, Failures: 0, Errors: 0, Skipped: 0, Time elapsed: 0.009 sec
Running com.google.inject.ProvisionExceptionsTest
Tests run: 5, Failures: 0, Errors: 0, Skipped: 0, Time elapsed: 0.019 sec
Running com.google.inject.name.NamesTest
Tests run: 5, Failures: 0, Errors: 0, Skipped: 0, Time elapsed: 0.007 sec
Running com.google.inject.KeyTest
Tests run: 16, Failures: 0, Errors: 0, Skipped: 0, Time elapsed: 0.098 sec
Running com.google.inject.internal.CycleDetectingLockTest
Tests run: 3, Failures: 0, Errors: 0, Skipped: 0, Time elapsed: 0.034 sec
Running com.google.inject.errors.ErrorMessagesTest
Tests run: 1, Failures: 0, Errors: 0, Skipped: 0, Time elapsed: 0.01 sec
Running com.google.inject.util.NoopOverrideTest
Tests run: 32, Failures: 0, Errors: 0, Skipped: 0, Time elapsed: 0.023 sec
Running com.google.inject.name.NamedEquivalanceTest
Tests run: 11, Failures: 0, Errors: 0, Skipped: 0, Time elapsed: 0.024 sec
Running com.google.inject.util.OverrideModuleTest
Tests run: 26, Failures: 0, Errors: 0, Skipped: 0, Time elapsed: 0.071 sec
Running com.google.inject.spi.HasDependenciesTest
Tests run: 3, Failures: 0, Errors: 0, Skipped: 0, Time elapsed: 0.01 sec
Running com.google.inject.matcher.MatcherTest
Tests run: 12, Failures: 0, Errors: 0, Skipped: 0, Time elapsed: 0.026 sec
Running com.google.inject.BindingAnnotationTest
Tests run: 5, Failures: 0, Errors: 0, Skipped: 0, Time elapsed: 0.021 sec
Running com.google.inject.ProvisionListenerTest
Tests run: 21, Failures: 0, Errors: 0, Skipped: 0, Time elapsed: 0.08 sec
Running com.google.inject.TypeLiteralInjectionTest
Tests run: 5, Failures: 0, Errors: 0, Skipped: 0, Time elapsed: 0.013 sec
Running com.google.inject.errors.GenericErrorTest
Tests run: 3, Failures: 0, Errors: 0, Skipped: 0, Time elapsed: 0.012 sec
Running com.google.inject.spi.ModuleSourceTest
Tests run: 3, Failures: 0, Errors: 0, Skipped: 0, Time elapsed: 0.003 sec
Running com.google.inject.internal.OptionalBinderTest
Tests run: 37, Failures: 0, Errors: 0, Skipped: 0, Time elapsed: 0.302 sec
Running com.google.inject.errors.DuplicateMapKeyErrorTest
Tests run: 3, Failures: 0, Errors: 0, Skipped: 0, Time elapsed: 0.022 sec
Running com.google.inject.InjectorTest
Tests run: 16, Failures: 0, Errors: 0, Skipped: 0, Time elapsed: 0.04 sec
Running com.google.inject.BoundProviderTest
Tests run: 2, Failures: 0, Errors: 0, Skipped: 0, Time elapsed: 0.007 sec
Running com.google.inject.spi.ProviderMethodsTest
Tests run: 37, Failures: 0, Errors: 0, Skipped: 0, Time elapsed: 0.109 sec
Running com.google.inject.errors.MissingConstructorErrorTest
Tests run: 3, Failures: 0, Errors: 0, Skipped: 0, Time elapsed: 0.023 sec
Running com.google.inject.internal.util.LineNumbersTest
Tests run: 4, Failures: 0, Errors: 0, Skipped: 0, Time elapsed: 0.013 sec
Running com.google.inject.spi.ModuleRewriterTest
Tests run: 2, Failures: 0, Errors: 0, Skipped: 0, Time elapsed: 0.007 sec
Running com.google.inject.ImplicitBindingTest
Tests run: 12, Failures: 0, Errors: 0, Skipped: 0, Time elapsed: 0.051 sec
Running com.google.inject.OptionalBindingTest
Tests run: 18, Failures: 0, Errors: 0, Skipped: 0, Time elapsed: 0.037 sec
Running com.google.inject.ProvisionExceptionTest
Tests run: 17, Failures: 0, Errors: 0, Skipped: 0, Time elapsed: 0.061 sec
Running com.google.inject.RequestInjectionTest
Tests run: 8, Failures: 0, Errors: 0, Skipped: 0, Time elapsed: 0.028 sec
Running com.google.inject.errors.ChildBindingAlreadySetErrorTest
Tests run: 4, Failures: 0, Errors: 0, Skipped: 0, Time elapsed: 0.023 sec
Running com.google.inject.ModuleTest
Tests run: 1, Failures: 0, Errors: 0, Skipped: 0, Time elapsed: 0.006 sec
Running com.google.inject.CircularDependencyTest
Tests run: 20, Failures: 0, Errors: 0, Skipped: 0, Time elapsed: 0.076 sec
Running com.google.inject.SerializationTest
Tests run: 2, Failures: 0, Errors: 0, Skipped: 0, Time elapsed: 0.009 sec
Running com.google.inject.spi.MessageTest
Tests run: 2, Failures: 0, Errors: 0, Skipped: 0, Time elapsed: 0.002 sec
Running com.google.inject.errors.ScopeNotFoundErrorTest
Tests run: 1, Failures: 0, Errors: 0, Skipped: 0, Time elapsed: 0.01 sec
Running com.google.inject.MembersInjectorTest
Tests run: 13, Failures: 0, Errors: 0, Skipped: 0, Time elapsed: 1.038 sec
Running com.google.inject.internal.MultibinderTest
Tests run: 43, Failures: 0, Errors: 0, Skipped: 0, Time elapsed: 0.214 sec
Running com.google.inject.EagerSingletonTest
Tests run: 4, Failures: 0, Errors: 0, Skipped: 0, Time elapsed: 0.626 sec
Running com.google.inject.errors.DuplicateElementErrorTest
Tests run: 2, Failures: 0, Errors: 0, Skipped: 0, Time elapsed: 0.013 sec
Running com.google.inject.internal.InternalProvisionExceptionTest
Tests run: 1, Failures: 0, Errors: 0, Skipped: 0, Time elapsed: 0.002 sec
Running com.google.inject.RequireAtInjectOnConstructorsTest
Tests run: 8, Failures: 0, Errors: 0, Skipped: 0, Time elapsed: 0.036 sec
Running com.google.inject.internal.WeakKeySetTest
Tests run: 10, Failures: 0, Errors: 0, Skipped: 0, Time elapsed: 1.489 sec
Running com.google.inject.JitBindingsTest
Tests run: 27, Failures: 0, Errors: 0, Skipped: 0, Time elapsed: 0.071 sec
Running com.googlecode.guice.Jsr330Test
Tests run: 14, Failures: 0, Errors: 0, Skipped: 0, Time elapsed: 0.035 sec
Running com.google.inject.DefaultMethodInterceptionTest
Tests run: 6, Failures: 0, Errors: 0, Skipped: 0, Time elapsed: 0.015 sec
Running com.google.inject.GenericInjectionTest
Tests run: 9, Failures: 0, Errors: 0, Skipped: 0, Time elapsed: 0.018 sec
Running com.google.inject.ModulesTest
Tests run: 3, Failures: 0, Errors: 0, Skipped: 0, Time elapsed: 0.004 sec

Results :

Tests run: 979, Failures: 0, Errors: 0, Skipped: 0

[INFO] 
[INFO] --- surefire:2.5:test (child-class-loading) @ guice ---
[INFO] Surefire report directory: /guice/core/target/surefire-reports

-------------------------------------------------------
 T E S T S
-------------------------------------------------------
Running com.google.inject.spi.ModuleAnnotatedMethodScannerTest
Tests run: 32, Failures: 0, Errors: 0, Skipped: 0, Time elapsed: 0.816 sec
Running com.google.inject.util.TypesTest
Tests run: 10, Failures: 0, Errors: 0, Skipped: 0, Time elapsed: 0.028 sec
Running com.google.inject.spi.SpiBindingsTest
Tests run: 11, Failures: 0, Errors: 0, Skipped: 0, Time elapsed: 0.047 sec
Running com.google.inject.LoggerInjectionTest
Tests run: 5, Failures: 0, Errors: 0, Skipped: 0, Time elapsed: 0.015 sec
Running com.google.inject.spi.SourcesTest
Tests run: 2, Failures: 0, Errors: 0, Skipped: 0, Time elapsed: 0.005 sec
Running com.google.inject.IntegrationTest
Tests run: 1, Failures: 0, Errors: 0, Skipped: 0, Time elapsed: 0.032 sec
Running com.google.inject.DuplicateBindingsTest
Tests run: 18, Failures: 0, Errors: 0, Skipped: 0, Time elapsed: 0.121 sec
Running com.google.inject.internal.aop.ImmutableStringTrieTest
Tests run: 3, Failures: 0, Errors: 0, Skipped: 0, Time elapsed: 1.505 sec
Running com.google.inject.TypeListenerTest
Tests run: 15, Failures: 0, Errors: 0, Skipped: 0, Time elapsed: 0.083 sec
Running com.google.inject.spi.ElementApplyToTest
Tests run: 32, Failures: 0, Errors: 0, Skipped: 0, Time elapsed: 0.117 sec
Running com.google.inject.spi.ElementSourceTest
Tests run: 1, Failures: 0, Errors: 0, Skipped: 0, Time elapsed: 0.005 sec
Running com.google.inject.spi.InjectionPointTest
Tests run: 16, Failures: 0, Errors: 0, Skipped: 0, Time elapsed: 0.051 sec
Running com.google.inject.ReflectionTest
Tests run: 3, Failures: 0, Errors: 0, Skipped: 0, Time elapsed: 0.005 sec
Running com.google.inject.BoundInstanceInjectionTest
Tests run: 4, Failures: 0, Errors: 0, Skipped: 0, Time elapsed: 0.018 sec
Running com.google.inject.multibindings.ProvidesIntoTest
Tests run: 9, Failures: 0, Errors: 0, Skipped: 0, Time elapsed: 0.091 sec
Running com.google.inject.Java8LanguageFeatureBindingTest
Tests run: 6, Failures: 0, Errors: 0, Skipped: 0, Time elapsed: 0.018 sec
Running com.google.inject.internal.ProxyFactoryTest
Tests run: 5, Failures: 0, Errors: 0, Skipped: 0, Time elapsed: 0.013 sec
Running com.google.inject.internal.MessagesTest
Tests run: 2, Failures: 0, Errors: 0, Skipped: 0, Time elapsed: 0.02 sec
Running com.google.inject.TypeLiteralTest
Tests run: 13, Failures: 0, Errors: 0, Skipped: 0, Time elapsed: 0.012 sec
Running com.google.inject.SuperclassTest
Tests run: 1, Failures: 0, Errors: 0, Skipped: 0, Time elapsed: 0.004 sec
Running com.google.inject.internal.UniqueAnnotationsTest
Tests run: 1, Failures: 0, Errors: 0, Skipped: 0, Time elapsed: 0.003 sec
Running com.google.inject.spi.BindingSourceRestrictionTest
Tests run: 2, Failures: 0, Errors: 0, Skipped: 0, Time elapsed: 0.017 sec
Running com.google.inject.util.ProvidersTest
Tests run: 4, Failures: 0, Errors: 0, Skipped: 0, Time elapsed: 0.006 sec
Running com.google.inject.errors.BindingAlreadySetErrorTest
Tests run: 3, Failures: 0, Errors: 0, Skipped: 0, Time elapsed: 0.033 sec
Running com.google.inject.spi.BindingTargetVisitorTest
Tests run: 1, Failures: 0, Errors: 0, Skipped: 0, Time elapsed: 0.002 sec
Running com.google.inject.internal.MapBinderTest
Tests run: 40, Failures: 0, Errors: 0, Skipped: 0, Time elapsed: 0.434 sec
Running com.google.inject.errors.NullInjectedIntoNonNullableTest
Tests run: 3, Failures: 0, Errors: 0, Skipped: 0, Time elapsed: 0.033 sec
Running com.google.inject.internal.RealElementTest
Tests run: 3, Failures: 0, Errors: 0, Skipped: 0, Time elapsed: 0.007 sec
Running com.google.inject.BindingTest
Tests run: 19, Failures: 0, Errors: 0, Skipped: 0, Time elapsed: 0.073 sec
Running com.google.inject.PrivateModuleTest
Tests run: 18, Failures: 0, Errors: 0, Skipped: 0, Time elapsed: 0.096 sec
Running com.google.inject.internal.MoreTypesTest
Tests run: 6, Failures: 0, Errors: 0, Skipped: 0, Time elapsed: 0.006 sec
Running com.google.inject.TypeLiteralTypeResolutionTest
Tests run: 16, Failures: 0, Errors: 0, Skipped: 0, Time elapsed: 0.015 sec
Running com.google.inject.spi.ElementsTest
Tests run: 32, Failures: 0, Errors: 0, Skipped: 0, Time elapsed: 0.021 sec
Running com.google.inject.internal.PackageNameCompressorTest
Tests run: 23, Failures: 0, Errors: 0, Skipped: 0, Time elapsed: 0.014 sec
Running com.google.inject.errors.MissingImplementationErrorTest
Tests run: 3, Failures: 0, Errors: 0, Skipped: 0, Time elapsed: 0.03 sec
Running com.google.inject.BinderTest
Tests run: 20, Failures: 0, Errors: 0, Skipped: 0, Time elapsed: 0.066 sec
Running com.google.inject.ProviderInjectionTest
Tests run: 4, Failures: 0, Errors: 0, Skipped: 0, Time elapsed: 0.015 sec
Running com.googlecode.guice.BytecodeGenTest
Tests run: 9, Failures: 0, Errors: 0, Skipped: 0, Time elapsed: 0.083 sec
Running com.google.inject.NullableInjectionPointTest
Tests run: 18, Failures: 0, Errors: 0, Skipped: 0, Time elapsed: 0.04 sec
Running com.google.inject.internal.util.ContinuousStopwatchTest
Tests run: 2, Failures: 0, Errors: 0, Skipped: 0, Time elapsed: 0.006 sec
Running com.google.inject.MethodInterceptionTest
Tests run: 16, Failures: 0, Errors: 0, Skipped: 0, Time elapsed: 0.064 sec
Running com.google.inject.spi.InjectorSpiTest
Tests run: 9, Failures: 0, Errors: 0, Skipped: 0, Time elapsed: 0.116 sec
Running com.google.inject.RestrictedBindingSourceTest
Tests run: 34, Failures: 0, Errors: 0, Skipped: 0, Time elapsed: 0.1 sec
Running com.google.inject.spi.ToolStageInjectorTest
Tests run: 5, Failures: 0, Errors: 0, Skipped: 0, Time elapsed: 0.013 sec
Running com.google.inject.ParentInjectorTest
Tests run: 16, Failures: 0, Errors: 0, Skipped: 0, Time elapsed: 0.025 sec
Running com.google.inject.BindingOrderTest
Tests run: 3, Failures: 0, Errors: 0, Skipped: 0, Time elapsed: 0.009 sec
Running com.google.inject.ProvisionExceptionsTest
Tests run: 5, Failures: 0, Errors: 0, Skipped: 0, Time elapsed: 0.027 sec
Running com.google.inject.name.NamesTest
Tests run: 5, Failures: 0, Errors: 0, Skipped: 0, Time elapsed: 0.008 sec
Running com.google.inject.KeyTest
Tests run: 16, Failures: 0, Errors: 0, Skipped: 0, Time elapsed: 0.153 sec
Running com.google.inject.internal.CycleDetectingLockTest
Tests run: 3, Failures: 0, Errors: 0, Skipped: 0, Time elapsed: 0.022 sec
Running com.google.inject.errors.ErrorMessagesTest
Tests run: 1, Failures: 0, Errors: 0, Skipped: 0, Time elapsed: 0.018 sec
Running com.google.inject.util.NoopOverrideTest
Tests run: 32, Failures: 0, Errors: 0, Skipped: 0, Time elapsed: 0.036 sec
Running com.google.inject.name.NamedEquivalanceTest
Tests run: 11, Failures: 0, Errors: 0, Skipped: 0, Time elapsed: 0.023 sec
Running com.google.inject.util.OverrideModuleTest
Tests run: 26, Failures: 0, Errors: 0, Skipped: 0, Time elapsed: 0.092 sec
Running com.google.inject.spi.HasDependenciesTest
Tests run: 3, Failures: 0, Errors: 0, Skipped: 0, Time elapsed: 0.007 sec
Running com.google.inject.matcher.MatcherTest
Tests run: 12, Failures: 0, Errors: 0, Skipped: 0, Time elapsed: 0.025 sec
Running com.google.inject.BindingAnnotationTest
Tests run: 5, Failures: 0, Errors: 0, Skipped: 0, Time elapsed: 0.024 sec
Running com.google.inject.ProvisionListenerTest
Tests run: 21, Failures: 0, Errors: 0, Skipped: 0, Time elapsed: 0.061 sec
Running com.google.inject.TypeLiteralInjectionTest
Tests run: 5, Failures: 0, Errors: 0, Skipped: 0, Time elapsed: 0.013 sec
Running com.google.inject.errors.GenericErrorTest
Tests run: 3, Failures: 0, Errors: 0, Skipped: 0, Time elapsed: 0.013 sec
Running com.google.inject.spi.ModuleSourceTest
Tests run: 3, Failures: 0, Errors: 0, Skipped: 0, Time elapsed: 0.003 sec
Running com.google.inject.internal.OptionalBinderTest
Tests run: 37, Failures: 0, Errors: 0, Skipped: 0, Time elapsed: 0.253 sec
Running com.google.inject.errors.DuplicateMapKeyErrorTest
Tests run: 3, Failures: 0, Errors: 0, Skipped: 0, Time elapsed: 0.02 sec
Running com.google.inject.InjectorTest
Tests run: 16, Failures: 0, Errors: 0, Skipped: 0, Time elapsed: 0.03 sec
Running com.google.inject.BoundProviderTest
Tests run: 2, Failures: 0, Errors: 0, Skipped: 0, Time elapsed: 0.004 sec
Running com.google.inject.spi.ProviderMethodsTest
Tests run: 37, Failures: 0, Errors: 0, Skipped: 0, Time elapsed: 0.072 sec
Running com.google.inject.errors.MissingConstructorErrorTest
Tests run: 3, Failures: 0, Errors: 0, Skipped: 0, Time elapsed: 0.019 sec
Running com.google.inject.internal.util.LineNumbersTest
Tests run: 4, Failures: 0, Errors: 0, Skipped: 0, Time elapsed: 0.014 sec
Running com.google.inject.spi.ModuleRewriterTest
Tests run: 2, Failures: 0, Errors: 0, Skipped: 0, Time elapsed: 0.004 sec
Running com.google.inject.ImplicitBindingTest
Tests run: 12, Failures: 0, Errors: 0, Skipped: 0, Time elapsed: 0.033 sec
Running com.google.inject.OptionalBindingTest
Tests run: 18, Failures: 0, Errors: 0, Skipped: 0, Time elapsed: 0.028 sec
Running com.google.inject.ProvisionExceptionTest
Tests run: 17, Failures: 0, Errors: 0, Skipped: 0, Time elapsed: 0.051 sec
Running com.google.inject.RequestInjectionTest
Tests run: 8, Failures: 0, Errors: 0, Skipped: 0, Time elapsed: 0.025 sec
Running com.google.inject.errors.ChildBindingAlreadySetErrorTest
Tests run: 4, Failures: 0, Errors: 0, Skipped: 0, Time elapsed: 0.021 sec
Running com.google.inject.ModuleTest
Tests run: 1, Failures: 0, Errors: 0, Skipped: 0, Time elapsed: 0.004 sec
Running com.google.inject.CircularDependencyTest
Tests run: 20, Failures: 0, Errors: 0, Skipped: 0, Time elapsed: 0.061 sec
Running com.google.inject.SerializationTest
Tests run: 2, Failures: 0, Errors: 0, Skipped: 0, Time elapsed: 0.021 sec
Running com.google.inject.spi.MessageTest
Tests run: 2, Failures: 0, Errors: 0, Skipped: 0, Time elapsed: 0.002 sec
Running com.google.inject.errors.ScopeNotFoundErrorTest
Tests run: 1, Failures: 0, Errors: 0, Skipped: 0, Time elapsed: 0.009 sec
Running com.google.inject.MembersInjectorTest
Tests run: 13, Failures: 0, Errors: 0, Skipped: 0, Time elapsed: 1.031 sec
Running com.google.inject.internal.MultibinderTest
Tests run: 43, Failures: 0, Errors: 0, Skipped: 0, Time elapsed: 0.171 sec
Running com.google.inject.EagerSingletonTest
Tests run: 4, Failures: 0, Errors: 0, Skipped: 0, Time elapsed: 0.729 sec
Running com.google.inject.errors.DuplicateElementErrorTest
Tests run: 2, Failures: 0, Errors: 0, Skipped: 0, Time elapsed: 0.011 sec
Running com.google.inject.internal.InternalProvisionExceptionTest
Tests run: 1, Failures: 0, Errors: 0, Skipped: 0, Time elapsed: 0.002 sec
Running com.google.inject.RequireAtInjectOnConstructorsTest
Tests run: 8, Failures: 0, Errors: 0, Skipped: 0, Time elapsed: 0.015 sec
Running com.google.inject.internal.WeakKeySetTest
Tests run: 10, Failures: 0, Errors: 0, Skipped: 0, Time elapsed: 1.342 sec
Running com.google.inject.JitBindingsTest
Tests run: 27, Failures: 0, Errors: 0, Skipped: 0, Time elapsed: 0.076 sec
Running com.googlecode.guice.Jsr330Test
Tests run: 14, Failures: 0, Errors: 0, Skipped: 0, Time elapsed: 0.032 sec
Running com.google.inject.DefaultMethodInterceptionTest
Tests run: 6, Failures: 0, Errors: 0, Skipped: 0, Time elapsed: 0.019 sec
Running com.google.inject.GenericInjectionTest
Tests run: 9, Failures: 0, Errors: 0, Skipped: 0, Time elapsed: 0.021 sec
Running com.google.inject.ModulesTest
Tests run: 3, Failures: 0, Errors: 0, Skipped: 0, Time elapsed: 0.005 sec

Results :

Tests run: 979, Failures: 0, Errors: 0, Skipped: 0

[INFO] 
[INFO] --- surefire:2.5:test (without-bytecode-generation) @ guice ---
[INFO] Surefire report directory: /guice/core/target/surefire-reports

-------------------------------------------------------
 T E S T S
-------------------------------------------------------
Running com.google.inject.spi.ModuleAnnotatedMethodScannerTest
Tests run: 32, Failures: 0, Errors: 0, Skipped: 0, Time elapsed: 0.745 sec
Running com.google.inject.util.TypesTest
Tests run: 10, Failures: 0, Errors: 0, Skipped: 0, Time elapsed: 0.035 sec
Running com.google.inject.spi.SpiBindingsTest
Tests run: 11, Failures: 0, Errors: 0, Skipped: 0, Time elapsed: 0.056 sec
Running com.google.inject.LoggerInjectionTest
Tests run: 5, Failures: 0, Errors: 0, Skipped: 0, Time elapsed: 0.018 sec
Running com.google.inject.spi.SourcesTest
Tests run: 2, Failures: 0, Errors: 0, Skipped: 0, Time elapsed: 0.006 sec
Running com.google.inject.IntegrationTest
Tests run: 1, Failures: 0, Errors: 0, Skipped: 0, Time elapsed: 0.006 sec
Running com.google.inject.DuplicateBindingsTest
Tests run: 18, Failures: 0, Errors: 0, Skipped: 0, Time elapsed: 0.14 sec
Running com.google.inject.internal.aop.ImmutableStringTrieTest
Tests run: 3, Failures: 0, Errors: 0, Skipped: 0, Time elapsed: 1.505 sec
Running com.google.inject.TypeListenerTest
Tests run: 15, Failures: 0, Errors: 0, Skipped: 0, Time elapsed: 0.078 sec
Running com.google.inject.spi.ElementApplyToTest
Tests run: 32, Failures: 0, Errors: 0, Skipped: 0, Time elapsed: 0.097 sec
Running com.google.inject.spi.ElementSourceTest
Tests run: 1, Failures: 0, Errors: 0, Skipped: 0, Time elapsed: 0.005 sec
Running com.google.inject.spi.InjectionPointTest
Tests run: 16, Failures: 0, Errors: 0, Skipped: 0, Time elapsed: 0.066 sec
Running com.google.inject.ReflectionTest
Tests run: 3, Failures: 0, Errors: 0, Skipped: 0, Time elapsed: 0.009 sec
Running com.google.inject.BoundInstanceInjectionTest
Tests run: 4, Failures: 0, Errors: 0, Skipped: 0, Time elapsed: 0.02 sec
Running com.google.inject.multibindings.ProvidesIntoTest
Tests run: 9, Failures: 0, Errors: 0, Skipped: 0, Time elapsed: 0.125 sec
Running com.google.inject.Java8LanguageFeatureBindingTest
Tests run: 6, Failures: 0, Errors: 0, Skipped: 0, Time elapsed: 0.021 sec
Running com.google.inject.internal.ProxyFactoryTest
Tests run: 5, Failures: 0, Errors: 0, Skipped: 0, Time elapsed: 0.058 sec
Running com.google.inject.internal.MessagesTest
Tests run: 2, Failures: 0, Errors: 0, Skipped: 0, Time elapsed: 0.026 sec
Running com.google.inject.TypeLiteralTest
Tests run: 13, Failures: 0, Errors: 0, Skipped: 0, Time elapsed: 0.016 sec
Running com.google.inject.SuperclassTest
Tests run: 1, Failures: 0, Errors: 0, Skipped: 0, Time elapsed: 0.005 sec
Running com.google.inject.internal.UniqueAnnotationsTest
Tests run: 1, Failures: 0, Errors: 0, Skipped: 0, Time elapsed: 0.004 sec
Running com.google.inject.spi.BindingSourceRestrictionTest
Tests run: 2, Failures: 0, Errors: 0, Skipped: 0, Time elapsed: 0.018 sec
Running com.google.inject.util.ProvidersTest
Tests run: 4, Failures: 0, Errors: 0, Skipped: 0, Time elapsed: 0.006 sec
Running com.google.inject.errors.BindingAlreadySetErrorTest
Tests run: 3, Failures: 0, Errors: 0, Skipped: 0, Time elapsed: 0.028 sec
Running com.google.inject.spi.BindingTargetVisitorTest
Tests run: 1, Failures: 0, Errors: 0, Skipped: 0, Time elapsed: 0.003 sec
Running com.google.inject.internal.MapBinderTest
Tests run: 40, Failures: 0, Errors: 0, Skipped: 0, Time elapsed: 0.358 sec
Running com.google.inject.errors.NullInjectedIntoNonNullableTest
Tests run: 3, Failures: 0, Errors: 0, Skipped: 0, Time elapsed: 0.026 sec
Running com.google.inject.internal.RealElementTest
Tests run: 3, Failures: 0, Errors: 0, Skipped: 0, Time elapsed: 0.007 sec
Running com.google.inject.BindingTest
Tests run: 19, Failures: 0, Errors: 0, Skipped: 0, Time elapsed: 0.062 sec
Running com.google.inject.PrivateModuleTest
Tests run: 18, Failures: 0, Errors: 0, Skipped: 0, Time elapsed: 0.083 sec
Running com.google.inject.internal.MoreTypesTest
Tests run: 6, Failures: 0, Errors: 0, Skipped: 0, Time elapsed: 0.005 sec
Running com.google.inject.TypeLiteralTypeResolutionTest
Tests run: 16, Failures: 0, Errors: 0, Skipped: 0, Time elapsed: 0.012 sec
Running com.google.inject.spi.ElementsTest
Tests run: 32, Failures: 0, Errors: 0, Skipped: 0, Time elapsed: 0.017 sec
Running com.google.inject.internal.PackageNameCompressorTest
Tests run: 23, Failures: 0, Errors: 0, Skipped: 0, Time elapsed: 0.012 sec
Running com.google.inject.errors.MissingImplementationErrorTest
Tests run: 3, Failures: 0, Errors: 0, Skipped: 0, Time elapsed: 0.02 sec
Running com.google.inject.BinderTest
Tests run: 20, Failures: 0, Errors: 0, Skipped: 0, Time elapsed: 0.056 sec
Running com.google.inject.ProviderInjectionTest
Tests run: 4, Failures: 0, Errors: 0, Skipped: 0, Time elapsed: 0.014 sec
Running com.googlecode.guice.BytecodeGenTest
Tests run: 9, Failures: 0, Errors: 0, Skipped: 0, Time elapsed: 0.004 sec
Running com.google.inject.NullableInjectionPointTest
Tests run: 18, Failures: 0, Errors: 0, Skipped: 0, Time elapsed: 0.036 sec
Running com.google.inject.internal.util.ContinuousStopwatchTest
Tests run: 2, Failures: 0, Errors: 0, Skipped: 0, Time elapsed: 0.005 sec
Running com.google.inject.MethodInterceptionTest
Tests run: 16, Failures: 0, Errors: 0, Skipped: 0, Time elapsed: 0.005 sec
Running com.google.inject.spi.InjectorSpiTest
Tests run: 9, Failures: 0, Errors: 0, Skipped: 0, Time elapsed: 0.08 sec
Running com.google.inject.RestrictedBindingSourceTest
Tests run: 34, Failures: 0, Errors: 0, Skipped: 0, Time elapsed: 0.096 sec
Running com.google.inject.spi.ToolStageInjectorTest
Tests run: 5, Failures: 0, Errors: 0, Skipped: 0, Time elapsed: 0.016 sec
Running com.google.inject.ParentInjectorTest
Tests run: 16, Failures: 0, Errors: 0, Skipped: 0, Time elapsed: 0.027 sec
Running com.google.inject.BindingOrderTest
Tests run: 3, Failures: 0, Errors: 0, Skipped: 0, Time elapsed: 0.012 sec
Running com.google.inject.ProvisionExceptionsTest
Tests run: 5, Failures: 0, Errors: 0, Skipped: 0, Time elapsed: 0.022 sec
Running com.google.inject.name.NamesTest
Tests run: 5, Failures: 0, Errors: 0, Skipped: 0, Time elapsed: 0.008 sec
Running com.google.inject.KeyTest
Tests run: 16, Failures: 0, Errors: 0, Skipped: 0, Time elapsed: 0.098 sec
Running com.google.inject.internal.CycleDetectingLockTest
Tests run: 3, Failures: 0, Errors: 0, Skipped: 0, Time elapsed: 0.03 sec
Running com.google.inject.errors.ErrorMessagesTest
Tests run: 1, Failures: 0, Errors: 0, Skipped: 0, Time elapsed: 0.014 sec
Running com.google.inject.util.NoopOverrideTest
Tests run: 32, Failures: 0, Errors: 0, Skipped: 0, Time elapsed: 0.023 sec
Running com.google.inject.name.NamedEquivalanceTest
Tests run: 11, Failures: 0, Errors: 0, Skipped: 0, Time elapsed: 0.023 sec
Running com.google.inject.util.OverrideModuleTest
Tests run: 26, Failures: 0, Errors: 0, Skipped: 0, Time elapsed: 0.075 sec
Running com.google.inject.spi.HasDependenciesTest
Tests run: 3, Failures: 0, Errors: 0, Skipped: 0, Time elapsed: 0.008 sec
Running com.google.inject.matcher.MatcherTest
Tests run: 12, Failures: 0, Errors: 0, Skipped: 0, Time elapsed: 0.022 sec
Running com.google.inject.BindingAnnotationTest
Tests run: 5, Failures: 0, Errors: 0, Skipped: 0, Time elapsed: 0.02 sec
Running com.google.inject.ProvisionListenerTest
Tests run: 21, Failures: 0, Errors: 0, Skipped: 0, Time elapsed: 0.046 sec
Running com.google.inject.TypeLiteralInjectionTest
Tests run: 5, Failures: 0, Errors: 0, Skipped: 0, Time elapsed: 0.01 sec
Running com.google.inject.errors.GenericErrorTest
Tests run: 3, Failures: 0, Errors: 0, Skipped: 0, Time elapsed: 0.029 sec
Running com.google.inject.spi.ModuleSourceTest
Tests run: 3, Failures: 0, Errors: 0, Skipped: 0, Time elapsed: 0.004 sec
Running com.google.inject.internal.OptionalBinderTest
Tests run: 37, Failures: 0, Errors: 0, Skipped: 0, Time elapsed: 0.256 sec
Running com.google.inject.errors.DuplicateMapKeyErrorTest
Tests run: 3, Failures: 0, Errors: 0, Skipped: 0, Time elapsed: 0.017 sec
Running com.google.inject.InjectorTest
Tests run: 16, Failures: 0, Errors: 0, Skipped: 0, Time elapsed: 0.031 sec
Running com.google.inject.BoundProviderTest
Tests run: 2, Failures: 0, Errors: 0, Skipped: 0, Time elapsed: 0.004 sec
Running com.google.inject.spi.ProviderMethodsTest
Tests run: 37, Failures: 0, Errors: 0, Skipped: 0, Time elapsed: 0.07 sec
Running com.google.inject.errors.MissingConstructorErrorTest
Tests run: 3, Failures: 0, Errors: 0, Skipped: 0, Time elapsed: 0.016 sec
Running com.google.inject.internal.util.LineNumbersTest
Tests run: 4, Failures: 0, Errors: 0, Skipped: 0, Time elapsed: 0.008 sec
Running com.google.inject.spi.ModuleRewriterTest
Tests run: 2, Failures: 0, Errors: 0, Skipped: 0, Time elapsed: 0.004 sec
Running com.google.inject.ImplicitBindingTest
Tests run: 12, Failures: 0, Errors: 0, Skipped: 0, Time elapsed: 0.03 sec
Running com.google.inject.OptionalBindingTest
Tests run: 18, Failures: 0, Errors: 0, Skipped: 0, Time elapsed: 0.032 sec
Running com.google.inject.ProvisionExceptionTest
Tests run: 17, Failures: 0, Errors: 0, Skipped: 0, Time elapsed: 0.036 sec
Running com.google.inject.RequestInjectionTest
Tests run: 8, Failures: 0, Errors: 0, Skipped: 0, Time elapsed: 0.02 sec
Running com.google.inject.errors.ChildBindingAlreadySetErrorTest
Tests run: 4, Failures: 0, Errors: 0, Skipped: 0, Time elapsed: 0.028 sec
Running com.google.inject.ModuleTest
Tests run: 1, Failures: 0, Errors: 0, Skipped: 0, Time elapsed: 0.005 sec
Running com.google.inject.CircularDependencyTest
Tests run: 20, Failures: 0, Errors: 0, Skipped: 0, Time elapsed: 0.053 sec
Running com.google.inject.SerializationTest
Tests run: 2, Failures: 0, Errors: 0, Skipped: 0, Time elapsed: 0.02 sec
Running com.google.inject.spi.MessageTest
Tests run: 2, Failures: 0, Errors: 0, Skipped: 0, Time elapsed: 0.003 sec
Running com.google.inject.errors.ScopeNotFoundErrorTest
Tests run: 1, Failures: 0, Errors: 0, Skipped: 0, Time elapsed: 0.009 sec
Running com.google.inject.MembersInjectorTest
Tests run: 13, Failures: 0, Errors: 0, Skipped: 0, Time elapsed: 1.033 sec
Running com.google.inject.internal.MultibinderTest
Tests run: 43, Failures: 0, Errors: 0, Skipped: 0, Time elapsed: 0.222 sec
Running com.google.inject.EagerSingletonTest
Tests run: 4, Failures: 0, Errors: 0, Skipped: 0, Time elapsed: 0.74 sec
Running com.google.inject.errors.DuplicateElementErrorTest
Tests run: 2, Failures: 0, Errors: 0, Skipped: 0, Time elapsed: 0.014 sec
Running com.google.inject.internal.InternalProvisionExceptionTest
Tests run: 1, Failures: 0, Errors: 0, Skipped: 0, Time elapsed: 0.002 sec
Running com.google.inject.RequireAtInjectOnConstructorsTest
Tests run: 8, Failures: 0, Errors: 0, Skipped: 0, Time elapsed: 0.017 sec
Running com.google.inject.internal.WeakKeySetTest
Tests run: 10, Failures: 0, Errors: 0, Skipped: 0, Time elapsed: 1.256 sec
Running com.google.inject.JitBindingsTest
Tests run: 27, Failures: 0, Errors: 0, Skipped: 0, Time elapsed: 0.065 sec
Running com.googlecode.guice.Jsr330Test
Tests run: 14, Failures: 0, Errors: 0, Skipped: 0, Time elapsed: 0.027 sec
Running com.google.inject.DefaultMethodInterceptionTest
Tests run: 6, Failures: 0, Errors: 0, Skipped: 0, Time elapsed: 0.003 sec
Running com.google.inject.GenericInjectionTest
Tests run: 9, Failures: 0, Errors: 0, Skipped: 0, Time elapsed: 0.027 sec
Running com.google.inject.ModulesTest
Tests run: 3, Failures: 0, Errors: 0, Skipped: 0, Time elapsed: 0.008 sec

Results :

Tests run: 979, Failures: 0, Errors: 0, Skipped: 0

[INFO] 
[INFO] -----------< com.google.inject.extensions:extensions-parent >-----------
[INFO] Building Google Guice - Extensions 5.1.1-SNAPSHOT                 [4/15]
[INFO]   from extensions/pom.xml
[INFO] --------------------------------[ pom ]---------------------------------
[INFO] 
[INFO] --- clean:3.2.0:clean (default-clean) @ extensions-parent ---
[INFO] Deleting /guice/extensions/target
[INFO] 
[INFO] --- remote-resources:1.1:process (default) @ extensions-parent ---
[INFO] 
[INFO] --- animal-sniffer:1.16:check (check-java-1.8-compat) @ extensions-parent ---
[INFO] Checking unresolved references to org.codehaus.mojo.signature:java18:1.0
[INFO] 
[INFO] ---------< com.google.inject.extensions:guice-assistedinject >----------
[INFO] Building Google Guice - Extensions - AssistedInject 5.1.1-SNAPSHOT [5/15]
[INFO]   from extensions/assistedinject/pom.xml
[INFO] --------------------------------[ jar ]---------------------------------
[WARNING] Parameter 'compilerArgs' is unknown for plugin 'maven-compiler-plugin:2.3.2:compile (default-compile)'
[WARNING] Parameter 'compilerArgs' is unknown for plugin 'maven-compiler-plugin:2.3.2:testCompile (default-testCompile)'
[INFO] 
[INFO] --- clean:3.2.0:clean (default-clean) @ guice-assistedinject ---
[INFO] Deleting /guice/extensions/assistedinject/target
[INFO] 
[INFO] --- remote-resources:1.1:process (default) @ guice-assistedinject ---
[INFO] 
[INFO] --- resources:3.3.0:resources (default-resources) @ guice-assistedinject ---
[INFO] Copying 1 resource
[INFO] Copying 3 resources
[INFO] 
[INFO] --- compiler:2.3.2:compile (default-compile) @ guice-assistedinject ---
[INFO] Compiling 14 source files to /guice/extensions/assistedinject/target/classes
[INFO] 
[INFO] --- animal-sniffer:1.16:check (check-java-1.8-compat) @ guice-assistedinject ---
[INFO] Checking unresolved references to org.codehaus.mojo.signature:java18:1.0
[INFO] 
[INFO] --- resources:3.3.0:testResources (default-testResources) @ guice-assistedinject ---
[INFO] Copying 1 resource
[INFO] Copying 3 resources
[INFO] 
[INFO] --- compiler:2.3.2:testCompile (default-testCompile) @ guice-assistedinject ---
[INFO] Compiling 7 source files to /guice/extensions/assistedinject/target/test-classes
[INFO] 
[INFO] --- surefire:2.5:test (default-test) @ guice-assistedinject ---
[INFO] Surefire report directory: /guice/extensions/assistedinject/target/surefire-reports

-------------------------------------------------------
 T E S T S
-------------------------------------------------------
Running com.google.inject.assistedinject.ExtensionSpiTest
Tests run: 2, Failures: 0, Errors: 0, Skipped: 0, Time elapsed: 0.501 sec
Running com.google.inject.assistedinject.FactoryProviderTest
Tests run: 25, Failures: 0, Errors: 0, Skipped: 0, Time elapsed: 0.226 sec
Running com.google.inject.assistedinject.FactoryModuleBuilderTest
Tests run: 19, Failures: 0, Errors: 0, Skipped: 0, Time elapsed: 0.166 sec
Running com.google.inject.assistedinject.ManyConstructorsTest
Tests run: 8, Failures: 0, Errors: 0, Skipped: 0, Time elapsed: 0.056 sec
Running com.google.inject.assistedinject.FactoryProvider2Test
Tests run: 39, Failures: 0, Errors: 0, Skipped: 0, Time elapsed: 0.362 sec
Running com.google.inject.assistedinject.StaticInterfaceMethodsTest
Tests run: 1, Failures: 0, Errors: 0, Skipped: 0, Time elapsed: 0.012 sec
Running com.google.inject.assistedinject.subpkg.SubpackageTest
Tests run: 4, Failures: 0, Errors: 0, Skipped: 0, Time elapsed: 0.062 sec

Results :

Tests run: 98, Failures: 0, Errors: 0, Skipped: 0

[INFO] 
[INFO] --- surefire:2.5:test (stack-traces-off) @ guice-assistedinject ---
[INFO] Surefire report directory: /guice/extensions/assistedinject/target/surefire-reports

-------------------------------------------------------
 T E S T S
-------------------------------------------------------
Running com.google.inject.assistedinject.ExtensionSpiTest
Tests run: 2, Failures: 0, Errors: 0, Skipped: 0, Time elapsed: 0.562 sec
Running com.google.inject.assistedinject.FactoryProviderTest
Tests run: 25, Failures: 0, Errors: 0, Skipped: 0, Time elapsed: 0.256 sec
Running com.google.inject.assistedinject.FactoryModuleBuilderTest
Tests run: 19, Failures: 0, Errors: 0, Skipped: 0, Time elapsed: 0.172 sec
Running com.google.inject.assistedinject.ManyConstructorsTest
Tests run: 8, Failures: 0, Errors: 0, Skipped: 0, Time elapsed: 0.095 sec
Running com.google.inject.assistedinject.FactoryProvider2Test
Tests run: 39, Failures: 0, Errors: 0, Skipped: 0, Time elapsed: 0.376 sec
Running com.google.inject.assistedinject.StaticInterfaceMethodsTest
Tests run: 1, Failures: 0, Errors: 0, Skipped: 0, Time elapsed: 0.01 sec
Running com.google.inject.assistedinject.subpkg.SubpackageTest
Tests run: 4, Failures: 0, Errors: 0, Skipped: 0, Time elapsed: 0.073 sec

Results :

Tests run: 98, Failures: 0, Errors: 0, Skipped: 0

[INFO] 
[INFO] ---------< com.google.inject.extensions:guice-dagger-adapter >----------
[INFO] Building Google Guice - Extensions - Dagger Adapter 5.1.1-SNAPSHOT [6/15]
[INFO]   from extensions/dagger-adapter/pom.xml
[INFO] --------------------------------[ jar ]---------------------------------
[WARNING] Parameter 'compilerArgs' is unknown for plugin 'maven-compiler-plugin:2.3.2:compile (default-compile)'
[WARNING] Parameter 'compilerArgs' is unknown for plugin 'maven-compiler-plugin:2.3.2:testCompile (default-testCompile)'
[INFO] 
[INFO] --- clean:3.2.0:clean (default-clean) @ guice-dagger-adapter ---
[INFO] Deleting /guice/extensions/dagger-adapter/target
[INFO] 
[INFO] --- remote-resources:1.1:process (default) @ guice-dagger-adapter ---
[INFO] 
[INFO] --- resources:3.3.0:resources (default-resources) @ guice-dagger-adapter ---
[INFO] Copying 1 resource
[INFO] Copying 3 resources
[INFO] 
[INFO] --- compiler:2.3.2:compile (default-compile) @ guice-dagger-adapter ---
[INFO] Compiling 5 source files to /guice/extensions/dagger-adapter/target/classes
[INFO] 
[INFO] --- animal-sniffer:1.16:check (check-java-1.8-compat) @ guice-dagger-adapter ---
[INFO] Checking unresolved references to org.codehaus.mojo.signature:java18:1.0
[INFO] 
[INFO] --- resources:3.3.0:testResources (default-testResources) @ guice-dagger-adapter ---
[INFO] Copying 1 resource
[INFO] Copying 3 resources
[INFO] 
[INFO] --- compiler:2.3.2:testCompile (default-testCompile) @ guice-dagger-adapter ---
[INFO] Compiling 8 source files to /guice/extensions/dagger-adapter/target/test-classes
[INFO] 
[INFO] --- surefire:2.5:test (default-test) @ guice-dagger-adapter ---
[INFO] Surefire report directory: /guice/extensions/dagger-adapter/target/surefire-reports

-------------------------------------------------------
 T E S T S
-------------------------------------------------------
Running com.google.inject.daggeradapter.BindsTest
Tests run: 4, Failures: 0, Errors: 0, Skipped: 0, Time elapsed: 0.548 sec
Running com.google.inject.daggeradapter.ModuleSubcomponentsTest
Tests run: 1, Failures: 0, Errors: 0, Skipped: 0, Time elapsed: 0.053 sec
Running com.google.inject.daggeradapter.MultibindsTest
Tests run: 1, Failures: 0, Errors: 0, Skipped: 0, Time elapsed: 0.033 sec
Running com.google.inject.daggeradapter.ModuleIncludesTest
Tests run: 8, Failures: 0, Errors: 0, Skipped: 0, Time elapsed: 0.074 sec
Running com.google.inject.daggeradapter.DaggerAdapterTest
Tests run: 16, Failures: 0, Errors: 0, Skipped: 0, Time elapsed: 0.194 sec
Running com.google.inject.daggeradapter.IntoMapTest
Tests run: 7, Failures: 0, Errors: 0, Skipped: 0, Time elapsed: 0.106 sec
Running com.google.inject.daggeradapter.OptionalBindingsTest
Tests run: 1, Failures: 0, Errors: 0, Skipped: 0, Time elapsed: 0.025 sec

Results :

Tests run: 38, Failures: 0, Errors: 0, Skipped: 0

[INFO] 
[INFO] --- surefire:2.5:test (stack-traces-off) @ guice-dagger-adapter ---
[INFO] Surefire report directory: /guice/extensions/dagger-adapter/target/surefire-reports

-------------------------------------------------------
 T E S T S
-------------------------------------------------------
Running com.google.inject.daggeradapter.BindsTest
Tests run: 4, Failures: 0, Errors: 0, Skipped: 0, Time elapsed: 0.552 sec
Running com.google.inject.daggeradapter.ModuleSubcomponentsTest
Tests run: 1, Failures: 0, Errors: 0, Skipped: 0, Time elapsed: 0.059 sec
Running com.google.inject.daggeradapter.MultibindsTest
Tests run: 1, Failures: 0, Errors: 0, Skipped: 0, Time elapsed: 0.041 sec
Running com.google.inject.daggeradapter.ModuleIncludesTest
Tests run: 8, Failures: 0, Errors: 0, Skipped: 0, Time elapsed: 0.05 sec
Running com.google.inject.daggeradapter.DaggerAdapterTest
Tests run: 16, Failures: 0, Errors: 0, Skipped: 0, Time elapsed: 0.177 sec
Running com.google.inject.daggeradapter.IntoMapTest
Tests run: 7, Failures: 0, Errors: 0, Skipped: 0, Time elapsed: 0.113 sec
Running com.google.inject.daggeradapter.OptionalBindingsTest
Tests run: 1, Failures: 0, Errors: 0, Skipped: 0, Time elapsed: 0.039 sec

Results :

Tests run: 38, Failures: 0, Errors: 0, Skipped: 0

[INFO] 
[INFO] -------------< com.google.inject.extensions:guice-grapher >-------------
[INFO] Building Google Guice - Extensions - Grapher 5.1.1-SNAPSHOT       [7/15]
[INFO]   from extensions/grapher/pom.xml
[INFO] --------------------------------[ jar ]---------------------------------
[WARNING] Parameter 'compilerArgs' is unknown for plugin 'maven-compiler-plugin:2.3.2:compile (default-compile)'
[WARNING] Parameter 'compilerArgs' is unknown for plugin 'maven-compiler-plugin:2.3.2:testCompile (default-testCompile)'
[INFO] 
[INFO] --- clean:3.2.0:clean (default-clean) @ guice-grapher ---
[INFO] Deleting /guice/extensions/grapher/target
[INFO] 
[INFO] --- remote-resources:1.1:process (default) @ guice-grapher ---
[INFO] 
[INFO] --- resources:3.3.0:resources (default-resources) @ guice-grapher ---
[INFO] Copying 1 resource
[INFO] Copying 3 resources
[INFO] 
[INFO] --- compiler:2.3.2:compile (default-compile) @ guice-grapher ---
[INFO] Compiling 34 source files to /guice/extensions/grapher/target/classes
[INFO] 
[INFO] --- animal-sniffer:1.16:check (check-java-1.8-compat) @ guice-grapher ---
[INFO] Checking unresolved references to org.codehaus.mojo.signature:java18:1.0
[INFO] 
[INFO] --- resources:3.3.0:testResources (default-testResources) @ guice-grapher ---
[INFO] Copying 1 resource
[INFO] Copying 3 resources
[INFO] 
[INFO] --- compiler:2.3.2:testCompile (default-testCompile) @ guice-grapher ---
[INFO] Compiling 28 source files to /guice/extensions/grapher/target/test-classes
[INFO] 
[INFO] --- surefire:2.5:test (default-test) @ guice-grapher ---
[INFO] Surefire report directory: /guice/extensions/grapher/target/surefire-reports

-------------------------------------------------------
 T E S T S
-------------------------------------------------------
Running com.google.inject.grapher.ShortNameFactoryTest
Tests run: 14, Failures: 0, Errors: 0, Skipped: 0, Time elapsed: 0.506 sec
Running com.google.inject.grapher.TransitiveDependencyVisitorTest
Tests run: 8, Failures: 0, Errors: 0, Skipped: 0, Time elapsed: 0.078 sec
Running com.google.inject.grapher.AbstractInjectorGrapherTest
Tests run: 3, Failures: 0, Errors: 0, Skipped: 0, Time elapsed: 0.035 sec

Results :

Tests run: 25, Failures: 0, Errors: 0, Skipped: 0

[INFO] 
[INFO] --- surefire:2.5:test (stack-traces-off) @ guice-grapher ---
[INFO] Surefire report directory: /guice/extensions/grapher/target/surefire-reports

-------------------------------------------------------
 T E S T S
-------------------------------------------------------
Running com.google.inject.grapher.ShortNameFactoryTest
Tests run: 14, Failures: 0, Errors: 0, Skipped: 0, Time elapsed: 0.49 sec
Running com.google.inject.grapher.TransitiveDependencyVisitorTest
Tests run: 8, Failures: 0, Errors: 0, Skipped: 0, Time elapsed: 0.067 sec
Running com.google.inject.grapher.AbstractInjectorGrapherTest
Tests run: 3, Failures: 0, Errors: 0, Skipped: 0, Time elapsed: 0.038 sec

Results :

Tests run: 25, Failures: 0, Errors: 0, Skipped: 0

[INFO] 
[INFO] ---------------< com.google.inject.extensions:guice-jmx >---------------
[INFO] Building Google Guice - Extensions - JMX 5.1.1-SNAPSHOT           [8/15]
[INFO]   from extensions/jmx/pom.xml
[INFO] --------------------------------[ jar ]---------------------------------
[WARNING] Parameter 'compilerArgs' is unknown for plugin 'maven-compiler-plugin:2.3.2:compile (default-compile)'
[WARNING] Parameter 'compilerArgs' is unknown for plugin 'maven-compiler-plugin:2.3.2:testCompile (default-testCompile)'
[INFO] 
[INFO] --- clean:3.2.0:clean (default-clean) @ guice-jmx ---
[INFO] Deleting /guice/extensions/jmx/target
[INFO] 
[INFO] --- remote-resources:1.1:process (default) @ guice-jmx ---
[INFO] 
[INFO] --- resources:3.3.0:resources (default-resources) @ guice-jmx ---
[INFO] Copying 1 resource
[INFO] Copying 3 resources
[INFO] 
[INFO] --- compiler:2.3.2:compile (default-compile) @ guice-jmx ---
[INFO] Compiling 4 source files to /guice/extensions/jmx/target/classes
[INFO] 
[INFO] --- animal-sniffer:1.16:check (check-java-1.8-compat) @ guice-jmx ---
[INFO] Checking unresolved references to org.codehaus.mojo.signature:java18:1.0
[INFO] 
[INFO] --- resources:3.3.0:testResources (default-testResources) @ guice-jmx ---
[INFO] Copying 1 resource
[INFO] Copying 3 resources
[INFO] 
[INFO] --- compiler:2.3.2:testCompile (default-testCompile) @ guice-jmx ---
[INFO] Compiling 1 source file to /guice/extensions/jmx/target/test-classes
[INFO] 
[INFO] --- surefire:2.5:test (default-test) @ guice-jmx ---
[INFO] Tests are skipped.
[INFO] 
[INFO] --- surefire:2.5:test (stack-traces-off) @ guice-jmx ---
[INFO] Tests are skipped.
[INFO] 
[INFO] --------------< com.google.inject.extensions:guice-jndi >---------------
[INFO] Building Google Guice - Extensions - JNDI 5.1.1-SNAPSHOT          [9/15]
[INFO]   from extensions/jndi/pom.xml
[INFO] --------------------------------[ jar ]---------------------------------
[WARNING] Parameter 'compilerArgs' is unknown for plugin 'maven-compiler-plugin:2.3.2:compile (default-compile)'
[WARNING] Parameter 'compilerArgs' is unknown for plugin 'maven-compiler-plugin:2.3.2:testCompile (default-testCompile)'
[INFO] 
[INFO] --- clean:3.2.0:clean (default-clean) @ guice-jndi ---
[INFO] Deleting /guice/extensions/jndi/target
[INFO] 
[INFO] --- remote-resources:1.1:process (default) @ guice-jndi ---
[INFO] 
[INFO] --- resources:3.3.0:resources (default-resources) @ guice-jndi ---
[INFO] Copying 1 resource
[INFO] Copying 3 resources
[INFO] 
[INFO] --- compiler:2.3.2:compile (default-compile) @ guice-jndi ---
[INFO] Compiling 2 source files to /guice/extensions/jndi/target/classes
[INFO] 
[INFO] --- animal-sniffer:1.16:check (check-java-1.8-compat) @ guice-jndi ---
[INFO] Checking unresolved references to org.codehaus.mojo.signature:java18:1.0
[INFO] 
[INFO] --- resources:3.3.0:testResources (default-testResources) @ guice-jndi ---
[INFO] skip non existing resourceDirectory /guice/extensions/jndi/test
[INFO] Copying 3 resources
[INFO] 
[INFO] --- compiler:2.3.2:testCompile (default-testCompile) @ guice-jndi ---
[INFO] No sources to compile
[INFO] 
[INFO] --- surefire:2.5:test (default-test) @ guice-jndi ---
[INFO] Surefire report directory: /guice/extensions/jndi/target/surefire-reports

-------------------------------------------------------
 T E S T S
-------------------------------------------------------
There are no tests to run.

Results :

Tests run: 0, Failures: 0, Errors: 0, Skipped: 0

[INFO] 
[INFO] --- surefire:2.5:test (stack-traces-off) @ guice-jndi ---
[INFO] Surefire report directory: /guice/extensions/jndi/target/surefire-reports

-------------------------------------------------------
 T E S T S
-------------------------------------------------------
There are no tests to run.

Results :

Tests run: 0, Failures: 0, Errors: 0, Skipped: 0

[INFO] 
[INFO] -------------< com.google.inject.extensions:guice-persist >-------------
[INFO] Building Google Guice - Extensions - Persist 5.1.1-SNAPSHOT      [10/15]
[INFO]   from extensions/persist/pom.xml
[INFO] --------------------------------[ jar ]---------------------------------
[WARNING] Parameter 'compilerArgs' is unknown for plugin 'maven-compiler-plugin:2.3.2:compile (default-compile)'
[WARNING] Parameter 'compilerArgs' is unknown for plugin 'maven-compiler-plugin:2.3.2:testCompile (default-testCompile)'
[INFO] 
[INFO] --- clean:3.2.0:clean (default-clean) @ guice-persist ---
[INFO] Deleting /guice/extensions/persist/target
[INFO] 
[INFO] --- remote-resources:1.1:process (default) @ guice-persist ---
[INFO] 
[INFO] --- resources:3.3.0:resources (default-resources) @ guice-persist ---
[INFO] Copying 1 resource
[INFO] Copying 3 resources
[INFO] 
[INFO] --- compiler:2.3.2:compile (default-compile) @ guice-persist ---
[INFO] Compiling 17 source files to /guice/extensions/persist/target/classes
[INFO] 
[INFO] --- animal-sniffer:1.16:check (check-java-1.8-compat) @ guice-persist ---
[INFO] Checking unresolved references to org.codehaus.mojo.signature:java18:1.0
[INFO] 
[INFO] --- resources:3.3.0:testResources (default-testResources) @ guice-persist ---
[INFO] Copying 5 resources
[INFO] Copying 3 resources
[INFO] 
[INFO] --- compiler:2.3.2:testCompile (default-testCompile) @ guice-persist ---
[INFO] Compiling 19 source files to /guice/extensions/persist/target/test-classes
[INFO] 
[INFO] --- surefire:2.5:test (default-test) @ guice-persist ---
[INFO] Surefire report directory: /guice/extensions/persist/target/surefire-reports

-------------------------------------------------------
 T E S T S
-------------------------------------------------------
Running com.google.inject.persist.jpa.EntityManagerProvisionTest
Tests run: 2, Failures: 0, Errors: 0, Skipped: 0, Time elapsed: 3.528 sec
Running com.google.inject.persist.EdslTest
Tests run: 1, Failures: 0, Errors: 0, Skipped: 0, Time elapsed: 0.022 sec
Running com.google.inject.persist.jpa.ManagedLocalTransactionsTest
Tests run: 4, Failures: 0, Errors: 0, Skipped: 0, Time elapsed: 0.6 sec
Running com.google.inject.persist.jpa.ManualLocalTransactionsConfidenceTest
Tests run: 1, Failures: 0, Errors: 0, Skipped: 0, Time elapsed: 0.138 sec
Running com.google.inject.persist.jpa.JoiningLocalTransactionsTest
Tests run: 3, Failures: 0, Errors: 0, Skipped: 0, Time elapsed: 0.305 sec
Running com.google.inject.persist.jpa.EntityManagerFactoryProvisionTest
Tests run: 1, Failures: 0, Errors: 0, Skipped: 0, Time elapsed: 0.078 sec
Running com.google.inject.persist.jpa.EntityManagerPerRequestProvisionTest
Tests run: 2, Failures: 0, Errors: 0, Skipped: 0, Time elapsed: 0.227 sec
Running com.google.inject.persist.jpa.ManualLocalTransactionsWithCustomMatcherTest
Tests run: 1, Failures: 0, Errors: 0, Skipped: 0, Time elapsed: 0.094 sec
Running com.google.inject.persist.jpa.JpaWorkManagerTest
Tests run: 2, Failures: 0, Errors: 0, Skipped: 0, Time elapsed: 0.166 sec
Running com.google.inject.persist.jpa.ClassLevelManagedLocalTransactionsTest
Tests run: 4, Failures: 0, Errors: 0, Skipped: 0, Time elapsed: 0.303 sec
Running com.google.inject.persist.jpa.ManagedLocalTransactionsAcrossRequestTest
Tests run: 4, Failures: 0, Errors: 0, Skipped: 0, Time elapsed: 0.25 sec
Running com.google.inject.persist.jpa.DynamicFinderTest
Tests run: 1, Failures: 0, Errors: 0, Skipped: 0, Time elapsed: 0.067 sec
Running com.google.inject.persist.jpa.EnsureJpaCanTakeObjectsInPropertiesTest
Tests run: 2, Failures: 0, Errors: 0, Skipped: 0, Time elapsed: 0.083 sec
Running com.google.inject.persist.jpa.CustomPropsEntityManagerFactoryProvisionTest
Tests run: 1, Failures: 0, Errors: 0, Skipped: 0, Time elapsed: 0.051 sec
Running com.google.inject.persist.jpa.JpaPersistServiceTest
Tests run: 1, Failures: 0, Errors: 0, Skipped: 0, Time elapsed: 0.309 sec
Running com.google.inject.persist.jpa.ManualLocalTransactionsTest
Tests run: 1, Failures: 0, Errors: 0, Skipped: 0, Time elapsed: 0.087 sec

Results :

Tests run: 31, Failures: 0, Errors: 0, Skipped: 0

[INFO] 
[INFO] --- surefire:2.5:test (stack-traces-off) @ guice-persist ---
[INFO] Surefire report directory: /guice/extensions/persist/target/surefire-reports

-------------------------------------------------------
 T E S T S
-------------------------------------------------------
Running com.google.inject.persist.jpa.EntityManagerProvisionTest
Tests run: 2, Failures: 0, Errors: 0, Skipped: 0, Time elapsed: 2.894 sec
Running com.google.inject.persist.EdslTest
Tests run: 1, Failures: 0, Errors: 0, Skipped: 0, Time elapsed: 0.018 sec
Running com.google.inject.persist.jpa.ManagedLocalTransactionsTest
Tests run: 4, Failures: 0, Errors: 0, Skipped: 0, Time elapsed: 0.468 sec
Running com.google.inject.persist.jpa.ManualLocalTransactionsConfidenceTest
Tests run: 1, Failures: 0, Errors: 0, Skipped: 0, Time elapsed: 0.13 sec
Running com.google.inject.persist.jpa.JoiningLocalTransactionsTest
Tests run: 3, Failures: 0, Errors: 0, Skipped: 0, Time elapsed: 0.29 sec
Running com.google.inject.persist.jpa.EntityManagerFactoryProvisionTest
Tests run: 1, Failures: 0, Errors: 0, Skipped: 0, Time elapsed: 0.074 sec
Running com.google.inject.persist.jpa.EntityManagerPerRequestProvisionTest
Tests run: 2, Failures: 0, Errors: 0, Skipped: 0, Time elapsed: 0.151 sec
Running com.google.inject.persist.jpa.ManualLocalTransactionsWithCustomMatcherTest
Tests run: 1, Failures: 0, Errors: 0, Skipped: 0, Time elapsed: 0.086 sec
Running com.google.inject.persist.jpa.JpaWorkManagerTest
Tests run: 2, Failures: 0, Errors: 0, Skipped: 0, Time elapsed: 0.186 sec
Running com.google.inject.persist.jpa.ClassLevelManagedLocalTransactionsTest
Tests run: 4, Failures: 0, Errors: 0, Skipped: 0, Time elapsed: 0.287 sec
Running com.google.inject.persist.jpa.ManagedLocalTransactionsAcrossRequestTest
Tests run: 4, Failures: 0, Errors: 0, Skipped: 0, Time elapsed: 0.24 sec
Running com.google.inject.persist.jpa.DynamicFinderTest
Tests run: 1, Failures: 0, Errors: 0, Skipped: 0, Time elapsed: 0.07 sec
Running com.google.inject.persist.jpa.EnsureJpaCanTakeObjectsInPropertiesTest
Tests run: 2, Failures: 0, Errors: 0, Skipped: 0, Time elapsed: 0.066 sec
Running com.google.inject.persist.jpa.CustomPropsEntityManagerFactoryProvisionTest
Tests run: 1, Failures: 0, Errors: 0, Skipped: 0, Time elapsed: 0.044 sec
Running com.google.inject.persist.jpa.JpaPersistServiceTest
Tests run: 1, Failures: 0, Errors: 0, Skipped: 0, Time elapsed: 0.258 sec
Running com.google.inject.persist.jpa.ManualLocalTransactionsTest
Tests run: 1, Failures: 0, Errors: 0, Skipped: 0, Time elapsed: 0.055 sec

Results :

Tests run: 31, Failures: 0, Errors: 0, Skipped: 0

[INFO] 
[INFO] -------------< com.google.inject.extensions:guice-servlet >-------------
[INFO] Building Google Guice - Extensions - Servlet 5.1.1-SNAPSHOT      [11/15]
[INFO]   from extensions/servlet/pom.xml
[INFO] --------------------------------[ jar ]---------------------------------
[WARNING] Parameter 'compilerArgs' is unknown for plugin 'maven-compiler-plugin:2.3.2:compile (default-compile)'
[WARNING] Parameter 'compilerArgs' is unknown for plugin 'maven-compiler-plugin:2.3.2:testCompile (default-testCompile)'
[INFO] 
[INFO] --- clean:3.2.0:clean (default-clean) @ guice-servlet ---
[INFO] Deleting /guice/extensions/servlet/target
[INFO] 
[INFO] --- remote-resources:1.1:process (default) @ guice-servlet ---
[INFO] 
[INFO] --- resources:3.3.0:resources (default-resources) @ guice-servlet ---
[INFO] Copying 1 resource
[INFO] Copying 3 resources
[INFO] 
[INFO] --- compiler:2.3.2:compile (default-compile) @ guice-servlet ---
[INFO] Compiling 36 source files to /guice/extensions/servlet/target/classes
[INFO] 
[INFO] --- animal-sniffer:1.16:check (check-java-1.8-compat) @ guice-servlet ---
[INFO] Checking unresolved references to org.codehaus.mojo.signature:java18:1.0
[INFO] 
[INFO] --- resources:3.3.0:testResources (default-testResources) @ guice-servlet ---
[INFO] Copying 1 resource
[INFO] Copying 3 resources
[INFO] 
[INFO] --- compiler:2.3.2:testCompile (default-testCompile) @ guice-servlet ---
[INFO] Compiling 30 source files to /guice/extensions/servlet/target/test-classes
[INFO] 
[INFO] --- surefire:2.5:test (default-test) @ guice-servlet ---
[INFO] Surefire report directory: /guice/extensions/servlet/target/surefire-reports

-------------------------------------------------------
 T E S T S
-------------------------------------------------------
Running com.google.inject.servlet.ServletScopesTest
Tests run: 2, Failures: 0, Errors: 0, Skipped: 0, Time elapsed: 0.575 sec
Running com.google.inject.servlet.FilterDispatchIntegrationTest
Tests run: 7, Failures: 0, Errors: 0, Skipped: 0, Time elapsed: 0.207 sec
Running com.google.inject.servlet.ContinuingRequestIntegrationTest
Tests run: 2, Failures: 0, Errors: 0, Skipped: 0, Time elapsed: 0.087 sec
Running com.google.inject.servlet.TransferRequestIntegrationTest
Tests run: 9, Failures: 0, Errors: 0, Skipped: 0, Time elapsed: 0.242 sec
Running com.google.inject.servlet.InjectedFilterPipelineTest
Tests run: 1, Failures: 0, Errors: 0, Skipped: 0, Time elapsed: 0.027 sec
Running com.google.inject.servlet.FilterPipelineTest
Tests run: 1, Failures: 0, Errors: 0, Skipped: 0, Time elapsed: 0.016 sec
Running com.google.inject.servlet.ServletDefinitionPathsTest
Tests run: 3, Failures: 0, Errors: 0, Skipped: 0, Time elapsed: 0.036 sec
Running com.google.inject.servlet.ContextPathTest
Tests run: 7, Failures: 0, Errors: 0, Skipped: 0, Time elapsed: 0.044 sec
Running com.google.inject.servlet.ServletTest
Tests run: 10, Failures: 0, Errors: 0, Skipped: 0, Time elapsed: 0.169 sec
Running com.google.inject.servlet.VarargsFilterDispatchIntegrationTest
Tests run: 3, Failures: 0, Errors: 0, Skipped: 0, Time elapsed: 0.03 sec
Running com.google.inject.servlet.EdslTest
Tests run: 2, Failures: 0, Errors: 0, Skipped: 0, Time elapsed: 0.021 sec
Running com.google.inject.servlet.ServletDispatchIntegrationTest
Tests run: 5, Failures: 0, Errors: 0, Skipped: 0, Time elapsed: 0.055 sec
Running com.google.inject.servlet.VarargsServletDispatchIntegrationTest
Tests run: 3, Failures: 0, Errors: 0, Skipped: 0, Time elapsed: 0.03 sec
Running com.google.inject.servlet.ServletPipelineRequestDispatcherTest
Tests run: 7, Failures: 0, Errors: 0, Skipped: 0, Time elapsed: 0.037 sec
Running com.google.inject.servlet.ScopeRequestIntegrationTest
Tests run: 3, Failures: 0, Errors: 0, Skipped: 0, Time elapsed: 0.039 sec
Running com.google.inject.servlet.ServletModuleTest
Tests run: 3, Failures: 0, Errors: 0, Skipped: 0, Time elapsed: 0.02 sec
Running com.google.inject.servlet.ServletUtilsTest
Tests run: 6, Failures: 0, Errors: 0, Skipped: 0, Time elapsed: 0.008 sec
Running com.google.inject.servlet.UriPatternTypeTest
Tests run: 3, Failures: 0, Errors: 0, Skipped: 0, Time elapsed: 0.005 sec
Running com.google.inject.servlet.InvalidScopeBindingTest
Tests run: 3, Failures: 0, Errors: 0, Skipped: 0, Time elapsed: 0.03 sec
Running com.google.inject.servlet.ExtensionSpiTest
Tests run: 2, Failures: 0, Errors: 0, Skipped: 0, Time elapsed: 0.032 sec
Running com.google.inject.servlet.MultiModuleDispatchIntegrationTest
Tests run: 1, Failures: 0, Errors: 0, Skipped: 0, Time elapsed: 0.013 sec
Running com.google.inject.servlet.FilterDefinitionTest
Tests run: 5, Failures: 0, Errors: 0, Skipped: 0, Time elapsed: 0.011 sec
Running com.google.inject.servlet.ServletDefinitionTest
Tests run: 2, Failures: 0, Errors: 0, Skipped: 0, Time elapsed: 0.004 sec
Running com.google.inject.servlet.ContinuingHttpServletRequestTest
Tests run: 2, Failures: 0, Errors: 0, Skipped: 0, Time elapsed: 0.005 sec
Running com.google.inject.servlet.MultipleServletInjectorsTest
Tests run: 1, Failures: 0, Errors: 0, Skipped: 0, Time elapsed: 0.016 sec

Results :

Tests run: 93, Failures: 0, Errors: 0, Skipped: 0

[INFO] 
[INFO] --- surefire:2.5:test (stack-traces-off) @ guice-servlet ---
[INFO] Surefire report directory: /guice/extensions/servlet/target/surefire-reports

-------------------------------------------------------
 T E S T S
-------------------------------------------------------
Running com.google.inject.servlet.ServletScopesTest
Tests run: 2, Failures: 0, Errors: 0, Skipped: 0, Time elapsed: 0.658 sec
Running com.google.inject.servlet.FilterDispatchIntegrationTest
Tests run: 7, Failures: 0, Errors: 0, Skipped: 0, Time elapsed: 0.211 sec
Running com.google.inject.servlet.ContinuingRequestIntegrationTest
Tests run: 2, Failures: 0, Errors: 0, Skipped: 0, Time elapsed: 0.095 sec
Running com.google.inject.servlet.TransferRequestIntegrationTest
Tests run: 9, Failures: 0, Errors: 0, Skipped: 0, Time elapsed: 0.25 sec
Running com.google.inject.servlet.InjectedFilterPipelineTest
Tests run: 1, Failures: 0, Errors: 0, Skipped: 0, Time elapsed: 0.034 sec
Running com.google.inject.servlet.FilterPipelineTest
Tests run: 1, Failures: 0, Errors: 0, Skipped: 0, Time elapsed: 0.017 sec
Running com.google.inject.servlet.ServletDefinitionPathsTest
Tests run: 3, Failures: 0, Errors: 0, Skipped: 0, Time elapsed: 0.039 sec
Running com.google.inject.servlet.ContextPathTest
Tests run: 7, Failures: 0, Errors: 0, Skipped: 0, Time elapsed: 0.069 sec
Running com.google.inject.servlet.ServletTest
Tests run: 10, Failures: 0, Errors: 0, Skipped: 0, Time elapsed: 0.189 sec
Running com.google.inject.servlet.VarargsFilterDispatchIntegrationTest
Tests run: 3, Failures: 0, Errors: 0, Skipped: 0, Time elapsed: 0.026 sec
Running com.google.inject.servlet.EdslTest
Tests run: 2, Failures: 0, Errors: 0, Skipped: 0, Time elapsed: 0.022 sec
Running com.google.inject.servlet.ServletDispatchIntegrationTest
Tests run: 5, Failures: 0, Errors: 0, Skipped: 0, Time elapsed: 0.053 sec
Running com.google.inject.servlet.VarargsServletDispatchIntegrationTest
Tests run: 3, Failures: 0, Errors: 0, Skipped: 0, Time elapsed: 0.03 sec
Running com.google.inject.servlet.ServletPipelineRequestDispatcherTest
Tests run: 7, Failures: 0, Errors: 0, Skipped: 0, Time elapsed: 0.028 sec
Running com.google.inject.servlet.ScopeRequestIntegrationTest
Tests run: 3, Failures: 0, Errors: 0, Skipped: 0, Time elapsed: 0.033 sec
Running com.google.inject.servlet.ServletModuleTest
Tests run: 3, Failures: 0, Errors: 0, Skipped: 0, Time elapsed: 0.026 sec
Running com.google.inject.servlet.ServletUtilsTest
Tests run: 6, Failures: 0, Errors: 0, Skipped: 0, Time elapsed: 0.009 sec
Running com.google.inject.servlet.UriPatternTypeTest
Tests run: 3, Failures: 0, Errors: 0, Skipped: 0, Time elapsed: 0.005 sec
Running com.google.inject.servlet.InvalidScopeBindingTest
Tests run: 3, Failures: 0, Errors: 0, Skipped: 0, Time elapsed: 0.029 sec
Running com.google.inject.servlet.ExtensionSpiTest
Tests run: 2, Failures: 0, Errors: 0, Skipped: 0, Time elapsed: 0.025 sec
Running com.google.inject.servlet.MultiModuleDispatchIntegrationTest
Tests run: 1, Failures: 0, Errors: 0, Skipped: 0, Time elapsed: 0.012 sec
Running com.google.inject.servlet.FilterDefinitionTest
Tests run: 5, Failures: 0, Errors: 0, Skipped: 0, Time elapsed: 0.011 sec
Running com.google.inject.servlet.ServletDefinitionTest
Tests run: 2, Failures: 0, Errors: 0, Skipped: 0, Time elapsed: 0.005 sec
Running com.google.inject.servlet.ContinuingHttpServletRequestTest
Tests run: 2, Failures: 0, Errors: 0, Skipped: 0, Time elapsed: 0.006 sec
Running com.google.inject.servlet.MultipleServletInjectorsTest
Tests run: 1, Failures: 0, Errors: 0, Skipped: 0, Time elapsed: 0.018 sec

Results :

Tests run: 93, Failures: 0, Errors: 0, Skipped: 0

[INFO] 
[INFO] -------------< com.google.inject.extensions:guice-spring >--------------
[INFO] Building Google Guice - Extensions - Spring 5.1.1-SNAPSHOT       [12/15]
[INFO]   from extensions/spring/pom.xml
[INFO] --------------------------------[ jar ]---------------------------------
[WARNING] Parameter 'compilerArgs' is unknown for plugin 'maven-compiler-plugin:2.3.2:compile (default-compile)'
[WARNING] Parameter 'compilerArgs' is unknown for plugin 'maven-compiler-plugin:2.3.2:testCompile (default-testCompile)'
[INFO] 
[INFO] --- clean:3.2.0:clean (default-clean) @ guice-spring ---
[INFO] Deleting /guice/extensions/spring/target
[INFO] 
[INFO] --- remote-resources:1.1:process (default) @ guice-spring ---
[INFO] 
[INFO] --- resources:3.3.0:resources (default-resources) @ guice-spring ---
[INFO] Copying 1 resource
[INFO] Copying 3 resources
[INFO] 
[INFO] --- compiler:2.3.2:compile (default-compile) @ guice-spring ---
[INFO] Compiling 2 source files to /guice/extensions/spring/target/classes
[INFO] 
[INFO] --- animal-sniffer:1.16:check (check-java-1.8-compat) @ guice-spring ---
[INFO] Checking unresolved references to org.codehaus.mojo.signature:java18:1.0
[INFO] 
[INFO] --- resources:3.3.0:testResources (default-testResources) @ guice-spring ---
[INFO] Copying 1 resource
[INFO] Copying 3 resources
[INFO] 
[INFO] --- compiler:2.3.2:testCompile (default-testCompile) @ guice-spring ---
[INFO] Compiling 1 source file to /guice/extensions/spring/target/test-classes
[INFO] 
[INFO] --- surefire:2.5:test (default-test) @ guice-spring ---
[INFO] Surefire report directory: /guice/extensions/spring/target/surefire-reports

-------------------------------------------------------
 T E S T S
-------------------------------------------------------
Running com.google.inject.spring.SpringIntegrationTest
Tests run: 2, Failures: 0, Errors: 0, Skipped: 0, Time elapsed: 0.594 sec

Results :

Tests run: 2, Failures: 0, Errors: 0, Skipped: 0

[INFO] 
[INFO] --- surefire:2.5:test (stack-traces-off) @ guice-spring ---
[INFO] Surefire report directory: /guice/extensions/spring/target/surefire-reports

-------------------------------------------------------
 T E S T S
-------------------------------------------------------
Running com.google.inject.spring.SpringIntegrationTest
Tests run: 2, Failures: 0, Errors: 0, Skipped: 0, Time elapsed: 0.65 sec

Results :

Tests run: 2, Failures: 0, Errors: 0, Skipped: 0

[INFO] 
[INFO] -------------< com.google.inject.extensions:guice-struts2 >-------------
[INFO] Building Google Guice - Extensions - Struts2 5.1.1-SNAPSHOT      [13/15]
[INFO]   from extensions/struts2/pom.xml
[INFO] --------------------------------[ jar ]---------------------------------
[WARNING] Parameter 'compilerArgs' is unknown for plugin 'maven-compiler-plugin:2.3.2:compile (default-compile)'
[WARNING] Parameter 'compilerArgs' is unknown for plugin 'maven-compiler-plugin:2.3.2:testCompile (default-testCompile)'
[INFO] 
[INFO] --- clean:3.2.0:clean (default-clean) @ guice-struts2 ---
[INFO] Deleting /guice/extensions/struts2/target
[INFO] 
[INFO] --- remote-resources:1.1:process (default) @ guice-struts2 ---
[INFO] 
[INFO] --- resources:3.3.0:resources (default-resources) @ guice-struts2 ---
[INFO] Copying 2 resources
[INFO] Copying 3 resources
[INFO] 
[INFO] --- compiler:2.3.2:compile (default-compile) @ guice-struts2 ---
[INFO] Compiling 3 source files to /guice/extensions/struts2/target/classes
[INFO] 
[INFO] --- animal-sniffer:1.16:check (check-java-1.8-compat) @ guice-struts2 ---
[INFO] Checking unresolved references to org.codehaus.mojo.signature:java18:1.0
[INFO] 
[INFO] --- resources:3.3.0:testResources (default-testResources) @ guice-struts2 ---
[INFO] Copying 1 resource
[INFO] Copying 3 resources
[INFO] 
[INFO] --- compiler:2.3.2:testCompile (default-testCompile) @ guice-struts2 ---
[INFO] Compiling 1 source file to /guice/extensions/struts2/target/test-classes
[INFO] 
[INFO] --- surefire:2.5:test (default-test) @ guice-struts2 ---
[INFO] Surefire report directory: /guice/extensions/struts2/target/surefire-reports

-------------------------------------------------------
 T E S T S
-------------------------------------------------------
Running com.google.inject.struts2.Struts2FactoryTest
Tests run: 1, Failures: 0, Errors: 0, Skipped: 0, Time elapsed: 0.681 sec

Results :

Tests run: 1, Failures: 0, Errors: 0, Skipped: 0

[INFO] 
[INFO] --- surefire:2.5:test (stack-traces-off) @ guice-struts2 ---
[INFO] Surefire report directory: /guice/extensions/struts2/target/surefire-reports

-------------------------------------------------------
 T E S T S
-------------------------------------------------------
Running com.google.inject.struts2.Struts2FactoryTest
Tests run: 1, Failures: 0, Errors: 0, Skipped: 0, Time elapsed: 0.777 sec

Results :

Tests run: 1, Failures: 0, Errors: 0, Skipped: 0

[INFO] 
[INFO] --------< com.google.inject.extensions:guice-throwingproviders >--------
[INFO] Building Google Guice - Extensions - ThrowingProviders 5.1.1-SNAPSHOT [14/15]
[INFO]   from extensions/throwingproviders/pom.xml
[INFO] --------------------------------[ jar ]---------------------------------
[WARNING] Parameter 'compilerArgs' is unknown for plugin 'maven-compiler-plugin:2.3.2:compile (default-compile)'
[WARNING] Parameter 'compilerArgs' is unknown for plugin 'maven-compiler-plugin:2.3.2:testCompile (default-testCompile)'
[INFO] 
[INFO] --- clean:3.2.0:clean (default-clean) @ guice-throwingproviders ---
[INFO] 
[INFO] --- remote-resources:1.1:process (default) @ guice-throwingproviders ---
[INFO] 
[INFO] --- resources:3.3.0:resources (default-resources) @ guice-throwingproviders ---
[INFO] Copying 1 resource
[INFO] Copying 3 resources
[INFO] 
[INFO] --- compiler:2.3.2:compile (default-compile) @ guice-throwingproviders ---
[INFO] Compiling 12 source files to /guice/extensions/throwingproviders/target/classes
[INFO] 
[INFO] --- animal-sniffer:1.16:check (check-java-1.8-compat) @ guice-throwingproviders ---
[INFO] Checking unresolved references to org.codehaus.mojo.signature:java18:1.0
[INFO] 
[INFO] --- resources:3.3.0:testResources (default-testResources) @ guice-throwingproviders ---
[INFO] Copying 1 resource
[INFO] Copying 3 resources
[INFO] 
[INFO] --- compiler:2.3.2:testCompile (default-testCompile) @ guice-throwingproviders ---
[INFO] Compiling 5 source files to /guice/extensions/throwingproviders/target/test-classes
[INFO] 
[INFO] --- surefire:2.5:test (default-test) @ guice-throwingproviders ---
[INFO] Surefire report directory: /guice/extensions/throwingproviders/target/surefire-reports

-------------------------------------------------------
 T E S T S
-------------------------------------------------------
Running com.google.inject.throwingproviders.CheckedProviderMethodsModuleTest
Tests run: 6, Failures: 0, Errors: 0, Skipped: 0, Time elapsed: 0.656 sec
Running com.google.inject.throwingproviders.CheckedProvidersTest
Tests run: 11, Failures: 0, Errors: 0, Skipped: 0, Time elapsed: 0.042 sec
Running com.google.inject.throwingproviders.CheckedProviderTest
Tests run: 59, Failures: 0, Errors: 0, Skipped: 0, Time elapsed: 0.751 sec
Running com.google.inject.throwingproviders.ThrowingProviderTest
Tests run: 38, Failures: 0, Errors: 0, Skipped: 0, Time elapsed: 0.24 sec

Results :

Tests run: 114, Failures: 0, Errors: 0, Skipped: 0

[INFO] 
[INFO] --- surefire:2.5:test (stack-traces-off) @ guice-throwingproviders ---
[INFO] Surefire report directory: /guice/extensions/throwingproviders/target/surefire-reports

-------------------------------------------------------
 T E S T S
-------------------------------------------------------
Running com.google.inject.throwingproviders.CheckedProviderMethodsModuleTest
Tests run: 6, Failures: 0, Errors: 0, Skipped: 0, Time elapsed: 0.58 sec
Running com.google.inject.throwingproviders.CheckedProvidersTest
Tests run: 11, Failures: 0, Errors: 0, Skipped: 0, Time elapsed: 0.039 sec
Running com.google.inject.throwingproviders.CheckedProviderTest
Tests run: 59, Failures: 0, Errors: 0, Skipped: 0, Time elapsed: 0.588 sec
Running com.google.inject.throwingproviders.ThrowingProviderTest
Tests run: 38, Failures: 0, Errors: 0, Skipped: 0, Time elapsed: 0.196 sec

Results :

Tests run: 114, Failures: 0, Errors: 0, Skipped: 0

[INFO] 
[INFO] -------------< com.google.inject.extensions:guice-testlib >-------------
[INFO] Building Google Guice - Extensions - TestLib 5.1.1-SNAPSHOT      [15/15]
[INFO]   from extensions/testlib/pom.xml
[INFO] --------------------------------[ jar ]---------------------------------
[WARNING] Parameter 'compilerArgs' is unknown for plugin 'maven-compiler-plugin:2.3.2:compile (default-compile)'
[WARNING] Parameter 'compilerArgs' is unknown for plugin 'maven-compiler-plugin:2.3.2:testCompile (default-testCompile)'
[INFO] 
[INFO] --- clean:3.2.0:clean (default-clean) @ guice-testlib ---
[INFO] 
[INFO] --- remote-resources:1.1:process (default) @ guice-testlib ---
[INFO] 
[INFO] --- resources:3.3.0:resources (default-resources) @ guice-testlib ---
[INFO] Copying 3 resources
[INFO] Copying 3 resources
[INFO] 
[INFO] --- compiler:2.3.2:compile (default-compile) @ guice-testlib ---
[INFO] Compiling 3 source files to /guice/extensions/testlib/target/classes
[INFO] 
[INFO] --- animal-sniffer:1.16:check (check-java-1.8-compat) @ guice-testlib ---
[INFO] Checking unresolved references to org.codehaus.mojo.signature:java18:1.0
[INFO] 
[INFO] --- resources:3.3.0:testResources (default-testResources) @ guice-testlib ---
[INFO] Copying 2 resources
[INFO] Copying 3 resources
[INFO] 
[INFO] --- compiler:2.3.2:testCompile (default-testCompile) @ guice-testlib ---
[INFO] Compiling 3 source files to /guice/extensions/testlib/target/test-classes
[INFO] 
[INFO] --- surefire:2.5:test (default-test) @ guice-testlib ---
[INFO] Surefire report directory: /guice/extensions/testlib/target/surefire-reports

-------------------------------------------------------
 T E S T S
-------------------------------------------------------
Running com.google.inject.testing.fieldbinder.BoundFieldModuleTest
Tests run: 57, Failures: 0, Errors: 0, Skipped: 0, Time elapsed: 0.771 sec
Running com.google.inject.testing.throwingproviders.CheckedProviderSubjectTest
Tests run: 6, Failures: 0, Errors: 0, Skipped: 0, Time elapsed: 0.152 sec

Results :

Tests run: 63, Failures: 0, Errors: 0, Skipped: 0

[INFO] 
[INFO] --- surefire:2.5:test (stack-traces-off) @ guice-testlib ---
[INFO] Surefire report directory: /guice/extensions/testlib/target/surefire-reports

-------------------------------------------------------
 T E S T S
-------------------------------------------------------
Running com.google.inject.testing.fieldbinder.BoundFieldModuleTest
Tests run: 57, Failures: 0, Errors: 0, Skipped: 0, Time elapsed: 0.781 sec
Running com.google.inject.testing.throwingproviders.CheckedProviderSubjectTest
Tests run: 6, Failures: 0, Errors: 0, Skipped: 0, Time elapsed: 0.118 sec

Results :

Tests run: 63, Failures: 0, Errors: 0, Skipped: 0

[INFO] ------------------------------------------------------------------------
[INFO] Reactor Summary for Google Guice 5.1.1-SNAPSHOT:
[INFO] 
[INFO] Google Guice ....................................... SUCCESS [  0.241 s]
[INFO] Google Guice - Bill of Materials ................... SUCCESS [  0.004 s]
[INFO] Google Guice - Core Library ........................ SUCCESS [01:02 min]
[INFO] Google Guice - Extensions .......................... SUCCESS [  1.073 s]
[INFO] Google Guice - Extensions - AssistedInject ......... SUCCESS [  5.621 s]
[INFO] Google Guice - Extensions - Dagger Adapter ......... SUCCESS [  4.220 s]
[INFO] Google Guice - Extensions - Grapher ................ SUCCESS [  3.350 s]
[INFO] Google Guice - Extensions - JMX .................... SUCCESS [  1.317 s]
[INFO] Google Guice - Extensions - JNDI ................... SUCCESS [  1.572 s]
[INFO] Google Guice - Extensions - Persist ................ SUCCESS [ 14.316 s]
[INFO] Google Guice - Extensions - Servlet ................ SUCCESS [  6.761 s]
[INFO] Google Guice - Extensions - Spring ................. SUCCESS [  3.381 s]
[INFO] Google Guice - Extensions - Struts2 ................ SUCCESS [  3.663 s]
[INFO] Google Guice - Extensions - ThrowingProviders ...... SUCCESS [  5.806 s]
[INFO] Google Guice - Extensions - TestLib ................ SUCCESS [  3.733 s]
[INFO] ------------------------------------------------------------------------
[INFO] BUILD SUCCESS
[INFO] ------------------------------------------------------------------------
[INFO] Total time:  01:57 min
[INFO] Finished at: 2024-09-04T20:12:58Z
[INFO] ------------------------------------------------------------------------
[WARNING] 
[WARNING] Plugin validation issues were detected in 5 plugin(s)
[WARNING] 
[WARNING]  * org.codehaus.mojo:animal-sniffer-maven-plugin:1.16
[WARNING]  * org.apache.maven.plugins:maven-surefire-plugin:2.5
[WARNING]  * org.apache.maven.plugins:maven-resources-plugin:3.3.0
[WARNING]  * org.apache.maven.plugins:maven-remote-resources-plugin:1.1
[WARNING]  * org.apache.maven.plugins:maven-compiler-plugin:2.3.2
[WARNING] 
[WARNING] For more or less details, use 'maven.plugin.validation' property with one of the values (case insensitive): [BRIEF, DEFAULT, VERBOSE]
[WARNING] 
