[INFO] ------------------------------------------------------------------------
[INFO] Reactor Build Order:
[INFO]
[INFO] onebusaway-gtfs-modules                                            [pom]
[INFO] onebusaway-gtfs                                                    [jar]
[INFO] onebusaway-gtfs-hibernate                                          [jar]
[INFO] onebusaway-gtfs-hibernate-cli                                      [jar]
[INFO] onebusaway-gtfs-transformer                                        [jar]
[INFO] onebusaway-gtfs-transformer-cli                                    [jar]
[INFO] onebusaway-gtfs-transformer-cli-aws                                [jar]
[INFO] onebusaway-gtfs-merge                                              [jar]
[INFO] onebusaway-gtfs-merge-cli                                          [jar]
[INFO]
[INFO] ---------------< org.onebusaway:onebusaway-gtfs-modules >---------------
[INFO] Building onebusaway-gtfs-modules 1.3.109-SNAPSHOT                  [1/9]
[INFO]   from pom.xml
[INFO] --------------------------------[ pom ]---------------------------------
[INFO]
[INFO] --- clean:2.6.1:clean (default-clean) @ onebusaway-gtfs-modules ---
[INFO]
[INFO] -------------------< org.onebusaway:onebusaway-gtfs >-------------------
[INFO] Building onebusaway-gtfs 1.3.109-SNAPSHOT                          [2/9]
[INFO]   from onebusaway-gtfs/pom.xml
[INFO] --------------------------------[ jar ]---------------------------------
[INFO]
[INFO] --- clean:2.6.1:clean (default-clean) @ onebusaway-gtfs ---
[INFO]
[INFO] --- resources:2.7:resources (default-resources) @ onebusaway-gtfs ---
[INFO] Using 'UTF-8' encoding to copy filtered resources.
[INFO] skip non existing resourceDirectory onebusaway-gtfs/src/main/resources
[INFO]
[INFO] --- compiler:3.8.0:compile (default-compile) @ onebusaway-gtfs ---
[INFO] Changes detected - recompiling the module!
[INFO] Compiling 100 source files to onebusaway-gtfs/target/classes
[INFO] onebusaway-gtfs/src/main/java/org/onebusaway/gtfs/impl/GtfsRelationalDaoImpl.java: onebusaway-gtfs/src/main/java/org/onebusaway/gtfs/impl/GtfsRelationalDaoImpl.java uses or overrides a deprecated API.
[INFO] onebusaway-gtfs/src/main/java/org/onebusaway/gtfs/impl/GtfsRelationalDaoImpl.java: Recompile with -Xlint:deprecation for details.
[INFO]
[INFO] --- resources:2.7:testResources (default-testResources) @ onebusaway-gtfs ---
[INFO] Using 'UTF-8' encoding to copy filtered resources.
[INFO] Copying 18 resources
[INFO]
[INFO] --- compiler:3.8.0:testCompile (default-testCompile) @ onebusaway-gtfs ---
[INFO] Changes detected - recompiling the module!
[INFO] Compiling 27 source files to onebusaway-gtfs/target/test-classes
[INFO] onebusaway-gtfs/src/test/java/org/onebusaway/gtfs/serialization/mappings/StopTimeFieldMappingFactoryTest.java: Some input files use or override a deprecated API.
[INFO] onebusaway-gtfs/src/test/java/org/onebusaway/gtfs/serialization/mappings/StopTimeFieldMappingFactoryTest.java: Recompile with -Xlint:deprecation for details.
[INFO]
[INFO] --- surefire:2.22.1:test (default-test) @ onebusaway-gtfs ---
[INFO]
[INFO] -------------------------------------------------------
[INFO]  T E S T S
[INFO] -------------------------------------------------------
[INFO] Running org.onebusaway.gtfs.services.MockGtfsTest
2023-08-12 13:02:52,933 INFO  [GtfsReader.java:185] : reading entities: org.onebusaway.gtfs.model.Agency
2023-08-12 13:02:52,960 INFO  [GtfsReader.java:185] : reading entities: org.onebusaway.gtfs.model.Block
2023-08-12 13:02:52,961 INFO  [GtfsReader.java:185] : reading entities: org.onebusaway.gtfs.model.ShapePoint
2023-08-12 13:02:52,963 INFO  [GtfsReader.java:185] : reading entities: org.onebusaway.gtfs.model.Note
2023-08-12 13:02:52,964 INFO  [GtfsReader.java:185] : reading entities: org.onebusaway.gtfs.model.Area
2023-08-12 13:02:52,964 INFO  [GtfsReader.java:185] : reading entities: org.onebusaway.gtfs.model.BookingRule
2023-08-12 13:02:52,966 INFO  [GtfsReader.java:185] : reading entities: org.onebusaway.gtfs.model.Route
2023-08-12 13:02:52,968 INFO  [GtfsReader.java:185] : reading entities: org.onebusaway.gtfs.model.Level
2023-08-12 13:02:52,969 INFO  [GtfsReader.java:185] : reading entities: org.onebusaway.gtfs.model.Stop
2023-08-12 13:02:52,970 INFO  [GtfsReader.java:185] : reading entities: org.onebusaway.gtfs.model.Location
2023-08-12 13:02:52,971 INFO  [GtfsReader.java:185] : reading entities: org.onebusaway.gtfs.model.LocationGroupElement
2023-08-12 13:02:52,972 INFO  [GtfsReader.java:185] : reading entities: org.onebusaway.gtfs.model.Trip
2023-08-12 13:02:52,974 INFO  [GtfsReader.java:185] : reading entities: org.onebusaway.gtfs.model.StopTime
2023-08-12 13:02:52,976 INFO  [GtfsReader.java:185] : reading entities: org.onebusaway.gtfs.model.ServiceCalendar
2023-08-12 13:02:52,977 INFO  [GtfsReader.java:185] : reading entities: org.onebusaway.gtfs.model.ServiceCalendarDate
2023-08-12 13:02:52,979 INFO  [GtfsReader.java:185] : reading entities: org.onebusaway.gtfs.model.FareAttribute
2023-08-12 13:02:52,980 INFO  [GtfsReader.java:185] : reading entities: org.onebusaway.gtfs.model.FareRule
2023-08-12 13:02:52,981 INFO  [GtfsReader.java:185] : reading entities: org.onebusaway.gtfs.model.Frequency
2023-08-12 13:02:52,981 INFO  [GtfsReader.java:185] : reading entities: org.onebusaway.gtfs.model.Pathway
2023-08-12 13:02:52,982 INFO  [GtfsReader.java:185] : reading entities: org.onebusaway.gtfs.model.Transfer
2023-08-12 13:02:52,983 INFO  [GtfsReader.java:185] : reading entities: org.onebusaway.gtfs.model.FeedInfo
2023-08-12 13:02:52,983 INFO  [GtfsReader.java:185] : reading entities: org.onebusaway.gtfs.model.Ridership
2023-08-12 13:02:52,984 INFO  [GtfsReader.java:185] : reading entities: org.onebusaway.gtfs.model.Translation
2023-08-12 13:02:52,984 INFO  [GtfsReader.java:185] : reading entities: org.onebusaway.gtfs.model.Vehicle
2023-08-12 13:02:52,990 INFO  [GtfsReader.java:185] : reading entities: org.onebusaway.gtfs.model.Agency
2023-08-12 13:02:52,990 INFO  [GtfsReader.java:185] : reading entities: org.onebusaway.gtfs.model.Block
2023-08-12 13:02:52,990 INFO  [GtfsReader.java:185] : reading entities: org.onebusaway.gtfs.model.ShapePoint
2023-08-12 13:02:52,991 INFO  [GtfsReader.java:185] : reading entities: org.onebusaway.gtfs.model.Note
2023-08-12 13:02:52,991 INFO  [GtfsReader.java:185] : reading entities: org.onebusaway.gtfs.model.Area
2023-08-12 13:02:52,991 INFO  [GtfsReader.java:185] : reading entities: org.onebusaway.gtfs.model.BookingRule
2023-08-12 13:02:52,992 INFO  [GtfsReader.java:185] : reading entities: org.onebusaway.gtfs.model.Route
2023-08-12 13:02:52,992 INFO  [GtfsReader.java:185] : reading entities: org.onebusaway.gtfs.model.Level
2023-08-12 13:02:52,992 INFO  [GtfsReader.java:185] : reading entities: org.onebusaway.gtfs.model.Stop
2023-08-12 13:02:52,993 INFO  [GtfsReader.java:185] : reading entities: org.onebusaway.gtfs.model.Location
2023-08-12 13:02:52,993 INFO  [GtfsReader.java:185] : reading entities: org.onebusaway.gtfs.model.LocationGroupElement
2023-08-12 13:02:52,993 INFO  [GtfsReader.java:185] : reading entities: org.onebusaway.gtfs.model.Trip
2023-08-12 13:02:52,994 INFO  [GtfsReader.java:185] : reading entities: org.onebusaway.gtfs.model.StopTime
2023-08-12 13:02:52,994 INFO  [GtfsReader.java:185] : reading entities: org.onebusaway.gtfs.model.ServiceCalendar
2023-08-12 13:02:52,995 INFO  [GtfsReader.java:185] : reading entities: org.onebusaway.gtfs.model.ServiceCalendarDate
2023-08-12 13:02:52,995 INFO  [GtfsReader.java:185] : reading entities: org.onebusaway.gtfs.model.FareAttribute
2023-08-12 13:02:52,995 INFO  [GtfsReader.java:185] : reading entities: org.onebusaway.gtfs.model.FareRule
2023-08-12 13:02:52,996 INFO  [GtfsReader.java:185] : reading entities: org.onebusaway.gtfs.model.Frequency
2023-08-12 13:02:52,996 INFO  [GtfsReader.java:185] : reading entities: org.onebusaway.gtfs.model.Pathway
2023-08-12 13:02:52,996 INFO  [GtfsReader.java:185] : reading entities: org.onebusaway.gtfs.model.Transfer
2023-08-12 13:02:52,997 INFO  [GtfsReader.java:185] : reading entities: org.onebusaway.gtfs.model.FeedInfo
2023-08-12 13:02:52,997 INFO  [GtfsReader.java:185] : reading entities: org.onebusaway.gtfs.model.Ridership
2023-08-12 13:02:52,997 INFO  [GtfsReader.java:185] : reading entities: org.onebusaway.gtfs.model.Translation
2023-08-12 13:02:52,997 INFO  [GtfsReader.java:185] : reading entities: org.onebusaway.gtfs.model.Vehicle
2023-08-12 13:02:53,002 INFO  [GtfsReader.java:185] : reading entities: org.onebusaway.gtfs.model.Agency
2023-08-12 13:02:53,002 INFO  [GtfsReader.java:185] : reading entities: org.onebusaway.gtfs.model.Block
2023-08-12 13:02:53,003 INFO  [GtfsReader.java:185] : reading entities: org.onebusaway.gtfs.model.ShapePoint
2023-08-12 13:02:53,003 INFO  [GtfsReader.java:185] : reading entities: org.onebusaway.gtfs.model.Note
2023-08-12 13:02:53,003 INFO  [GtfsReader.java:185] : reading entities: org.onebusaway.gtfs.model.Area
2023-08-12 13:02:53,003 INFO  [GtfsReader.java:185] : reading entities: org.onebusaway.gtfs.model.BookingRule
2023-08-12 13:02:53,003 INFO  [GtfsReader.java:185] : reading entities: org.onebusaway.gtfs.model.Route
2023-08-12 13:02:53,004 INFO  [GtfsReader.java:185] : reading entities: org.onebusaway.gtfs.model.Level
2023-08-12 13:02:53,004 INFO  [GtfsReader.java:185] : reading entities: org.onebusaway.gtfs.model.Stop
2023-08-12 13:02:53,004 INFO  [GtfsReader.java:185] : reading entities: org.onebusaway.gtfs.model.Location
2023-08-12 13:02:53,004 INFO  [GtfsReader.java:185] : reading entities: org.onebusaway.gtfs.model.LocationGroupElement
2023-08-12 13:02:53,004 INFO  [GtfsReader.java:185] : reading entities: org.onebusaway.gtfs.model.Trip
2023-08-12 13:02:53,005 INFO  [GtfsReader.java:185] : reading entities: org.onebusaway.gtfs.model.StopTime
2023-08-12 13:02:53,005 INFO  [GtfsReader.java:185] : reading entities: org.onebusaway.gtfs.model.ServiceCalendar
2023-08-12 13:02:53,006 INFO  [GtfsReader.java:185] : reading entities: org.onebusaway.gtfs.model.ServiceCalendarDate
2023-08-12 13:02:53,006 INFO  [GtfsReader.java:185] : reading entities: org.onebusaway.gtfs.model.FareAttribute
2023-08-12 13:02:53,006 INFO  [GtfsReader.java:185] : reading entities: org.onebusaway.gtfs.model.FareRule
2023-08-12 13:02:53,006 INFO  [GtfsReader.java:185] : reading entities: org.onebusaway.gtfs.model.Frequency
2023-08-12 13:02:53,006 INFO  [GtfsReader.java:185] : reading entities: org.onebusaway.gtfs.model.Pathway
2023-08-12 13:02:53,006 INFO  [GtfsReader.java:185] : reading entities: org.onebusaway.gtfs.model.Transfer
2023-08-12 13:02:53,007 INFO  [GtfsReader.java:185] : reading entities: org.onebusaway.gtfs.model.FeedInfo
2023-08-12 13:02:53,007 INFO  [GtfsReader.java:185] : reading entities: org.onebusaway.gtfs.model.Ridership
2023-08-12 13:02:53,007 INFO  [GtfsReader.java:185] : reading entities: org.onebusaway.gtfs.model.Translation
2023-08-12 13:02:53,007 INFO  [GtfsReader.java:185] : reading entities: org.onebusaway.gtfs.model.Vehicle
[INFO] Tests run: 3, Failures: 0, Errors: 0, Skipped: 0, Time elapsed: 0.161 s - in org.onebusaway.gtfs.services.MockGtfsTest
[INFO] Running org.onebusaway.gtfs.impl.calendar.CalendarServiceDataFactoryImplTest
2023-08-12 13:02:53,009 INFO  [GtfsReader.java:185] : reading entities: org.onebusaway.gtfs.model.Agency
2023-08-12 13:02:53,010 INFO  [GtfsReader.java:185] : reading entities: org.onebusaway.gtfs.model.Block
2023-08-12 13:02:53,010 INFO  [GtfsReader.java:185] : reading entities: org.onebusaway.gtfs.model.ShapePoint
2023-08-12 13:02:53,010 INFO  [GtfsReader.java:185] : reading entities: org.onebusaway.gtfs.model.Note
2023-08-12 13:02:53,010 INFO  [GtfsReader.java:185] : reading entities: org.onebusaway.gtfs.model.Area
2023-08-12 13:02:53,010 INFO  [GtfsReader.java:185] : reading entities: org.onebusaway.gtfs.model.BookingRule
2023-08-12 13:02:53,010 INFO  [GtfsReader.java:185] : reading entities: org.onebusaway.gtfs.model.Route
2023-08-12 13:02:53,018 INFO  [GtfsReader.java:185] : reading entities: org.onebusaway.gtfs.model.Level
2023-08-12 13:02:53,018 INFO  [GtfsReader.java:185] : reading entities: org.onebusaway.gtfs.model.Stop
2023-08-12 13:02:53,034 INFO  [GtfsReader.java:185] : reading entities: org.onebusaway.gtfs.model.Location
2023-08-12 13:02:53,034 INFO  [GtfsReader.java:185] : reading entities: org.onebusaway.gtfs.model.LocationGroupElement
2023-08-12 13:02:53,034 INFO  [GtfsReader.java:185] : reading entities: org.onebusaway.gtfs.model.Trip
2023-08-12 13:02:53,045 INFO  [GtfsReader.java:185] : reading entities: org.onebusaway.gtfs.model.StopTime
2023-08-12 13:02:53,164 INFO  [GtfsReader.java:185] : reading entities: org.onebusaway.gtfs.model.ServiceCalendar
2023-08-12 13:02:53,166 INFO  [GtfsReader.java:185] : reading entities: org.onebusaway.gtfs.model.ServiceCalendarDate
2023-08-12 13:02:53,168 INFO  [GtfsReader.java:185] : reading entities: org.onebusaway.gtfs.model.FareAttribute
2023-08-12 13:02:53,169 INFO  [GtfsReader.java:185] : reading entities: org.onebusaway.gtfs.model.FareRule
2023-08-12 13:02:53,170 INFO  [GtfsReader.java:185] : reading entities: org.onebusaway.gtfs.model.Frequency
2023-08-12 13:02:53,170 INFO  [GtfsReader.java:185] : reading entities: org.onebusaway.gtfs.model.Pathway
2023-08-12 13:02:53,171 INFO  [GtfsReader.java:185] : reading entities: org.onebusaway.gtfs.model.Transfer
2023-08-12 13:02:53,172 INFO  [GtfsReader.java:185] : reading entities: org.onebusaway.gtfs.model.FeedInfo
2023-08-12 13:02:53,172 INFO  [GtfsReader.java:185] : reading entities: org.onebusaway.gtfs.model.Ridership
2023-08-12 13:02:53,172 INFO  [GtfsReader.java:185] : reading entities: org.onebusaway.gtfs.model.Translation
2023-08-12 13:02:53,172 INFO  [GtfsReader.java:185] : reading entities: org.onebusaway.gtfs.model.Vehicle
2023-08-12 13:02:53,175 INFO  [CalendarServiceDataFactoryImpl.java:98] : serviceId=26_23 (1/6)
2023-08-12 13:02:53,184 INFO  [CalendarServiceDataFactoryImpl.java:98] : serviceId=26_24 (2/6)
2023-08-12 13:02:53,186 INFO  [CalendarServiceDataFactoryImpl.java:98] : serviceId=26_25 (3/6)
2023-08-12 13:02:53,191 INFO  [CalendarServiceDataFactoryImpl.java:98] : serviceId=26_26 (4/6)
2023-08-12 13:02:53,193 INFO  [CalendarServiceDataFactoryImpl.java:98] : serviceId=26_27 (5/6)
2023-08-12 13:02:53,193 INFO  [CalendarServiceDataFactoryImpl.java:98] : serviceId=26_28 (6/6)
[INFO] Tests run: 1, Failures: 0, Errors: 0, Skipped: 0, Time elapsed: 0.206 s - in org.onebusaway.gtfs.impl.calendar.CalendarServiceDataFactoryImplTest
[INFO] Running org.onebusaway.gtfs.impl.calendar.CalendarServiceImplTest
2023-08-12 13:02:53,233 INFO  [GtfsReader.java:185] : reading entities: org.onebusaway.gtfs.model.Agency
2023-08-12 13:02:53,233 INFO  [GtfsReader.java:185] : reading entities: org.onebusaway.gtfs.model.Block
2023-08-12 13:02:53,233 INFO  [GtfsReader.java:185] : reading entities: org.onebusaway.gtfs.model.ShapePoint
2023-08-12 13:02:53,233 INFO  [GtfsReader.java:185] : reading entities: org.onebusaway.gtfs.model.Note
2023-08-12 13:02:53,233 INFO  [GtfsReader.java:185] : reading entities: org.onebusaway.gtfs.model.Area
2023-08-12 13:02:53,234 INFO  [GtfsReader.java:185] : reading entities: org.onebusaway.gtfs.model.BookingRule
2023-08-12 13:02:53,234 INFO  [GtfsReader.java:185] : reading entities: org.onebusaway.gtfs.model.Route
2023-08-12 13:02:53,234 INFO  [GtfsReader.java:185] : reading entities: org.onebusaway.gtfs.model.Level
2023-08-12 13:02:53,234 INFO  [GtfsReader.java:185] : reading entities: org.onebusaway.gtfs.model.Stop
2023-08-12 13:02:53,237 INFO  [GtfsReader.java:185] : reading entities: org.onebusaway.gtfs.model.Location
2023-08-12 13:02:53,237 INFO  [GtfsReader.java:185] : reading entities: org.onebusaway.gtfs.model.LocationGroupElement
2023-08-12 13:02:53,237 INFO  [GtfsReader.java:185] : reading entities: org.onebusaway.gtfs.model.Trip
2023-08-12 13:02:53,241 INFO  [GtfsReader.java:185] : reading entities: org.onebusaway.gtfs.model.StopTime
2023-08-12 13:02:53,298 INFO  [GtfsReader.java:185] : reading entities: org.onebusaway.gtfs.model.ServiceCalendar
2023-08-12 13:02:53,298 INFO  [GtfsReader.java:185] : reading entities: org.onebusaway.gtfs.model.ServiceCalendarDate
2023-08-12 13:02:53,299 INFO  [GtfsReader.java:185] : reading entities: org.onebusaway.gtfs.model.FareAttribute
2023-08-12 13:02:53,299 INFO  [GtfsReader.java:185] : reading entities: org.onebusaway.gtfs.model.FareRule
2023-08-12 13:02:53,300 INFO  [GtfsReader.java:185] : reading entities: org.onebusaway.gtfs.model.Frequency
2023-08-12 13:02:53,300 INFO  [GtfsReader.java:185] : reading entities: org.onebusaway.gtfs.model.Pathway
2023-08-12 13:02:53,300 INFO  [GtfsReader.java:185] : reading entities: org.onebusaway.gtfs.model.Transfer
2023-08-12 13:02:53,300 INFO  [GtfsReader.java:185] : reading entities: org.onebusaway.gtfs.model.FeedInfo
2023-08-12 13:02:53,300 INFO  [GtfsReader.java:185] : reading entities: org.onebusaway.gtfs.model.Ridership
2023-08-12 13:02:53,300 INFO  [GtfsReader.java:185] : reading entities: org.onebusaway.gtfs.model.Translation
2023-08-12 13:02:53,301 INFO  [GtfsReader.java:185] : reading entities: org.onebusaway.gtfs.model.Vehicle
2023-08-12 13:02:53,301 INFO  [CalendarServiceDataFactoryImpl.java:98] : serviceId=26_23 (1/6)
2023-08-12 13:02:53,303 INFO  [CalendarServiceDataFactoryImpl.java:98] : serviceId=26_24 (2/6)
2023-08-12 13:02:53,303 INFO  [CalendarServiceDataFactoryImpl.java:98] : serviceId=26_25 (3/6)
2023-08-12 13:02:53,305 INFO  [CalendarServiceDataFactoryImpl.java:98] : serviceId=26_26 (4/6)
2023-08-12 13:02:53,305 INFO  [CalendarServiceDataFactoryImpl.java:98] : serviceId=26_27 (5/6)
2023-08-12 13:02:53,306 INFO  [CalendarServiceDataFactoryImpl.java:98] : serviceId=26_28 (6/6)
[INFO] Tests run: 1, Failures: 0, Errors: 0, Skipped: 0, Time elapsed: 0.073 s - in org.onebusaway.gtfs.impl.calendar.CalendarServiceImplTest
[INFO] Running org.onebusaway.gtfs.impl.calendar.CalendarServiceDataFactoryImplSyntheticTest
2023-08-12 13:02:53,308 INFO  [CalendarServiceDataFactoryImpl.java:98] : serviceId=A_2 (1/1)
2023-08-12 13:02:53,309 INFO  [CalendarServiceDataFactoryImpl.java:98] : serviceId=A_2 (1/1)
2023-08-12 13:02:53,310 INFO  [CalendarServiceDataFactoryImpl.java:98] : serviceId=A_2 (1/3)
2023-08-12 13:02:53,310 INFO  [CalendarServiceDataFactoryImpl.java:98] : serviceId=B_1 (2/3)
2023-08-12 13:02:53,310 INFO  [CalendarServiceDataFactoryImpl.java:98] : serviceId=A_1 (3/3)
[INFO] Tests run: 5, Failures: 0, Errors: 0, Skipped: 0, Time elapsed: 0.001 s - in org.onebusaway.gtfs.impl.calendar.CalendarServiceDataFactoryImplSyntheticTest
[INFO] Running org.onebusaway.gtfs.impl.calendar.CalendarServiceImplSyntheticTest
[INFO] Tests run: 26, Failures: 0, Errors: 0, Skipped: 0, Time elapsed: 0.006 s - in org.onebusaway.gtfs.impl.calendar.CalendarServiceImplSyntheticTest
[INFO] Running org.onebusaway.gtfs.impl.GenericDaoImplTest
2023-08-12 13:02:53,323 WARN  [GenericDaoImpl.java:108] : entity with id already exists: class=class org.onebusaway.gtfs.model.Stop id=1_stopA prev=<Stop 1_stopA> new=<Stop 1_stopA>
[INFO] Tests run: 1, Failures: 0, Errors: 0, Skipped: 0, Time elapsed: 0 s - in org.onebusaway.gtfs.impl.GenericDaoImplTest
[INFO] Running org.onebusaway.gtfs.impl.translation.TranslationServiceImplTest
2023-08-12 13:02:53,324 INFO  [GtfsReader.java:185] : reading entities: org.onebusaway.gtfs.model.Agency
2023-08-12 13:02:53,324 INFO  [GtfsReader.java:185] : reading entities: org.onebusaway.gtfs.model.Block
2023-08-12 13:02:53,324 INFO  [GtfsReader.java:185] : reading entities: org.onebusaway.gtfs.model.ShapePoint
2023-08-12 13:02:53,326 INFO  [GtfsReader.java:185] : reading entities: org.onebusaway.gtfs.model.Note
2023-08-12 13:02:53,326 INFO  [GtfsReader.java:185] : reading entities: org.onebusaway.gtfs.model.Area
2023-08-12 13:02:53,326 INFO  [GtfsReader.java:185] : reading entities: org.onebusaway.gtfs.model.BookingRule
2023-08-12 13:02:53,326 INFO  [GtfsReader.java:185] : reading entities: org.onebusaway.gtfs.model.Route
2023-08-12 13:02:53,326 INFO  [GtfsReader.java:185] : reading entities: org.onebusaway.gtfs.model.Level
2023-08-12 13:02:53,327 INFO  [GtfsReader.java:185] : reading entities: org.onebusaway.gtfs.model.Stop
2023-08-12 13:02:53,327 INFO  [GtfsReader.java:185] : reading entities: org.onebusaway.gtfs.model.Location
2023-08-12 13:02:53,327 INFO  [GtfsReader.java:185] : reading entities: org.onebusaway.gtfs.model.LocationGroupElement
2023-08-12 13:02:53,327 INFO  [GtfsReader.java:185] : reading entities: org.onebusaway.gtfs.model.Trip
2023-08-12 13:02:53,328 INFO  [GtfsReader.java:185] : reading entities: org.onebusaway.gtfs.model.StopTime
2023-08-12 13:02:53,328 INFO  [GtfsReader.java:185] : reading entities: org.onebusaway.gtfs.model.ServiceCalendar
2023-08-12 13:02:53,329 INFO  [GtfsReader.java:185] : reading entities: org.onebusaway.gtfs.model.ServiceCalendarDate
2023-08-12 13:02:53,329 INFO  [GtfsReader.java:185] : reading entities: org.onebusaway.gtfs.model.FareAttribute
2023-08-12 13:02:53,329 INFO  [GtfsReader.java:185] : reading entities: org.onebusaway.gtfs.model.FareRule
2023-08-12 13:02:53,329 INFO  [GtfsReader.java:185] : reading entities: org.onebusaway.gtfs.model.Frequency
2023-08-12 13:02:53,329 INFO  [GtfsReader.java:185] : reading entities: org.onebusaway.gtfs.model.Pathway
2023-08-12 13:02:53,329 INFO  [GtfsReader.java:185] : reading entities: org.onebusaway.gtfs.model.Transfer
2023-08-12 13:02:53,329 INFO  [GtfsReader.java:185] : reading entities: org.onebusaway.gtfs.model.FeedInfo
2023-08-12 13:02:53,330 INFO  [GtfsReader.java:185] : reading entities: org.onebusaway.gtfs.model.Ridership
2023-08-12 13:02:53,331 INFO  [GtfsReader.java:185] : reading entities: org.onebusaway.gtfs.model.Translation
2023-08-12 13:02:53,333 INFO  [GtfsReader.java:185] : reading entities: org.onebusaway.gtfs.model.Vehicle
2023-08-12 13:02:53,339 ERROR [TranslationServiceDataFactoryImpl.java:95] : No entity type for table_name wrong_table_name, skipping.
2023-08-12 13:02:53,339 ERROR [TranslationServiceDataFactoryImpl.java:100] : No property for field_name wrong_column_name, skipping.
[INFO] Tests run: 1, Failures: 0, Errors: 0, Skipped: 0, Time elapsed: 0.012 s - in org.onebusaway.gtfs.impl.translation.TranslationServiceImplTest
[INFO] Running org.onebusaway.gtfs.impl.GtfsRelationalDaoImplTest
2023-08-12 13:02:53,341 INFO  [GtfsReader.java:185] : reading entities: org.onebusaway.gtfs.model.Agency
2023-08-12 13:02:53,342 INFO  [GtfsReader.java:185] : reading entities: org.onebusaway.gtfs.model.Block
2023-08-12 13:02:53,342 INFO  [GtfsReader.java:185] : reading entities: org.onebusaway.gtfs.model.ShapePoint
2023-08-12 13:02:53,344 INFO  [GtfsReader.java:185] : reading entities: org.onebusaway.gtfs.model.Note
2023-08-12 13:02:53,344 INFO  [GtfsReader.java:185] : reading entities: org.onebusaway.gtfs.model.Area
2023-08-12 13:02:53,344 INFO  [GtfsReader.java:185] : reading entities: org.onebusaway.gtfs.model.BookingRule
2023-08-12 13:02:53,344 INFO  [GtfsReader.java:185] : reading entities: org.onebusaway.gtfs.model.Route
2023-08-12 13:02:53,344 INFO  [GtfsReader.java:185] : reading entities: org.onebusaway.gtfs.model.Level
2023-08-12 13:02:53,344 INFO  [GtfsReader.java:185] : reading entities: org.onebusaway.gtfs.model.Stop
2023-08-12 13:02:53,345 INFO  [GtfsReader.java:185] : reading entities: org.onebusaway.gtfs.model.Location
2023-08-12 13:02:53,345 INFO  [GtfsReader.java:185] : reading entities: org.onebusaway.gtfs.model.LocationGroupElement
2023-08-12 13:02:53,345 INFO  [GtfsReader.java:185] : reading entities: org.onebusaway.gtfs.model.Trip
2023-08-12 13:02:53,352 INFO  [GtfsReader.java:185] : reading entities: org.onebusaway.gtfs.model.StopTime
2023-08-12 13:02:53,438 INFO  [GtfsReader.java:185] : reading entities: org.onebusaway.gtfs.model.ServiceCalendar
2023-08-12 13:02:53,440 INFO  [GtfsReader.java:185] : reading entities: org.onebusaway.gtfs.model.ServiceCalendarDate
2023-08-12 13:02:53,441 INFO  [GtfsReader.java:185] : reading entities: org.onebusaway.gtfs.model.FareAttribute
2023-08-12 13:02:53,442 INFO  [GtfsReader.java:185] : reading entities: org.onebusaway.gtfs.model.FareRule
2023-08-12 13:02:53,445 INFO  [GtfsReader.java:185] : reading entities: org.onebusaway.gtfs.model.Frequency
2023-08-12 13:02:53,446 INFO  [GtfsReader.java:185] : reading entities: org.onebusaway.gtfs.model.Pathway
2023-08-12 13:02:53,446 INFO  [GtfsReader.java:185] : reading entities: org.onebusaway.gtfs.model.Transfer
2023-08-12 13:02:53,447 INFO  [GtfsReader.java:185] : reading entities: org.onebusaway.gtfs.model.FeedInfo
2023-08-12 13:02:53,447 INFO  [GtfsReader.java:185] : reading entities: org.onebusaway.gtfs.model.Ridership
2023-08-12 13:02:53,447 INFO  [GtfsReader.java:185] : reading entities: org.onebusaway.gtfs.model.Translation
2023-08-12 13:02:53,447 INFO  [GtfsReader.java:185] : reading entities: org.onebusaway.gtfs.model.Vehicle
2023-08-12 13:02:53,471 INFO  [GtfsReader.java:185] : reading entities: org.onebusaway.gtfs.model.Agency
2023-08-12 13:02:53,471 INFO  [GtfsReader.java:185] : reading entities: org.onebusaway.gtfs.model.Block
2023-08-12 13:02:53,471 INFO  [GtfsReader.java:185] : reading entities: org.onebusaway.gtfs.model.ShapePoint
2023-08-12 13:02:53,471 INFO  [GtfsReader.java:185] : reading entities: org.onebusaway.gtfs.model.Note
2023-08-12 13:02:53,471 INFO  [GtfsReader.java:185] : reading entities: org.onebusaway.gtfs.model.Area
2023-08-12 13:02:53,471 INFO  [GtfsReader.java:185] : reading entities: org.onebusaway.gtfs.model.BookingRule
2023-08-12 13:02:53,471 INFO  [GtfsReader.java:185] : reading entities: org.onebusaway.gtfs.model.Route
2023-08-12 13:02:53,472 INFO  [GtfsReader.java:185] : reading entities: org.onebusaway.gtfs.model.Level
2023-08-12 13:02:53,472 INFO  [GtfsReader.java:185] : reading entities: org.onebusaway.gtfs.model.Stop
2023-08-12 13:02:53,472 INFO  [GtfsReader.java:185] : reading entities: org.onebusaway.gtfs.model.Location
2023-08-12 13:02:53,472 INFO  [GtfsReader.java:185] : reading entities: org.onebusaway.gtfs.model.LocationGroupElement
2023-08-12 13:02:53,472 INFO  [GtfsReader.java:185] : reading entities: org.onebusaway.gtfs.model.Trip
2023-08-12 13:02:53,473 INFO  [GtfsReader.java:185] : reading entities: org.onebusaway.gtfs.model.StopTime
2023-08-12 13:02:53,473 INFO  [GtfsReader.java:185] : reading entities: org.onebusaway.gtfs.model.ServiceCalendar
2023-08-12 13:02:53,473 INFO  [GtfsReader.java:185] : reading entities: org.onebusaway.gtfs.model.ServiceCalendarDate
2023-08-12 13:02:53,473 INFO  [GtfsReader.java:185] : reading entities: org.onebusaway.gtfs.model.FareAttribute
2023-08-12 13:02:53,474 INFO  [GtfsReader.java:185] : reading entities: org.onebusaway.gtfs.model.FareRule
2023-08-12 13:02:53,474 INFO  [GtfsReader.java:185] : reading entities: org.onebusaway.gtfs.model.Frequency
2023-08-12 13:02:53,474 INFO  [GtfsReader.java:185] : reading entities: org.onebusaway.gtfs.model.Pathway
2023-08-12 13:02:53,474 INFO  [GtfsReader.java:185] : reading entities: org.onebusaway.gtfs.model.Transfer
2023-08-12 13:02:53,474 INFO  [GtfsReader.java:185] : reading entities: org.onebusaway.gtfs.model.FeedInfo
2023-08-12 13:02:53,474 INFO  [GtfsReader.java:185] : reading entities: org.onebusaway.gtfs.model.Ridership
2023-08-12 13:02:53,474 INFO  [GtfsReader.java:185] : reading entities: org.onebusaway.gtfs.model.Translation
2023-08-12 13:02:53,475 INFO  [GtfsReader.java:185] : reading entities: org.onebusaway.gtfs.model.Vehicle
[INFO] Tests run: 4, Failures: 0, Errors: 0, Skipped: 0, Time elapsed: 0.131 s - in org.onebusaway.gtfs.impl.GtfsRelationalDaoImplTest
[INFO] Running org.onebusaway.gtfs.impl.fares.FareAtrributeAgencyTest
2023-08-12 13:02:53,477 INFO  [GtfsReader.java:185] : reading entities: org.onebusaway.gtfs.model.Agency
2023-08-12 13:02:53,477 INFO  [GtfsReader.java:185] : reading entities: org.onebusaway.gtfs.model.Block
2023-08-12 13:02:53,477 INFO  [GtfsReader.java:185] : reading entities: org.onebusaway.gtfs.model.ShapePoint
2023-08-12 13:02:53,478 INFO  [GtfsReader.java:185] : reading entities: org.onebusaway.gtfs.model.Note
2023-08-12 13:02:53,478 INFO  [GtfsReader.java:185] : reading entities: org.onebusaway.gtfs.model.Area
2023-08-12 13:02:53,478 INFO  [GtfsReader.java:185] : reading entities: org.onebusaway.gtfs.model.BookingRule
2023-08-12 13:02:53,478 INFO  [GtfsReader.java:185] : reading entities: org.onebusaway.gtfs.model.Route
2023-08-12 13:02:53,479 INFO  [GtfsReader.java:185] : reading entities: org.onebusaway.gtfs.model.Level
2023-08-12 13:02:53,479 INFO  [GtfsReader.java:185] : reading entities: org.onebusaway.gtfs.model.Stop
2023-08-12 13:02:53,480 INFO  [GtfsReader.java:185] : reading entities: org.onebusaway.gtfs.model.Location
2023-08-12 13:02:53,480 INFO  [GtfsReader.java:185] : reading entities: org.onebusaway.gtfs.model.LocationGroupElement
2023-08-12 13:02:53,480 INFO  [GtfsReader.java:185] : reading entities: org.onebusaway.gtfs.model.Trip
2023-08-12 13:02:53,487 INFO  [GtfsReader.java:185] : reading entities: org.onebusaway.gtfs.model.StopTime
2023-08-12 13:02:53,571 INFO  [GtfsReader.java:185] : reading entities: org.onebusaway.gtfs.model.ServiceCalendar
2023-08-12 13:02:53,572 INFO  [GtfsReader.java:185] : reading entities: org.onebusaway.gtfs.model.ServiceCalendarDate
2023-08-12 13:02:53,572 INFO  [GtfsReader.java:185] : reading entities: org.onebusaway.gtfs.model.FareAttribute
2023-08-12 13:02:53,572 INFO  [GtfsReader.java:185] : reading entities: org.onebusaway.gtfs.model.FareRule
2023-08-12 13:02:53,575 INFO  [GtfsReader.java:185] : reading entities: org.onebusaway.gtfs.model.Frequency
2023-08-12 13:02:53,575 INFO  [GtfsReader.java:185] : reading entities: org.onebusaway.gtfs.model.Pathway
2023-08-12 13:02:53,575 INFO  [GtfsReader.java:185] : reading entities: org.onebusaway.gtfs.model.Transfer
2023-08-12 13:02:53,576 INFO  [GtfsReader.java:185] : reading entities: org.onebusaway.gtfs.model.FeedInfo
2023-08-12 13:02:53,576 INFO  [GtfsReader.java:185] : reading entities: org.onebusaway.gtfs.model.Ridership
2023-08-12 13:02:53,576 INFO  [GtfsReader.java:185] : reading entities: org.onebusaway.gtfs.model.Translation
2023-08-12 13:02:53,577 INFO  [GtfsReader.java:185] : reading entities: org.onebusaway.gtfs.model.Vehicle
[INFO] Tests run: 1, Failures: 0, Errors: 0, Skipped: 0, Time elapsed: 0.101 s - in org.onebusaway.gtfs.impl.fares.FareAtrributeAgencyTest
[INFO] Running org.onebusaway.gtfs.impl.GtfsDaoImplTest
2023-08-12 13:02:53,578 INFO  [GtfsReader.java:185] : reading entities: org.onebusaway.gtfs.model.Agency
2023-08-12 13:02:53,579 INFO  [GtfsReader.java:185] : reading entities: org.onebusaway.gtfs.model.Block
2023-08-12 13:02:53,579 INFO  [GtfsReader.java:185] : reading entities: org.onebusaway.gtfs.model.ShapePoint
2023-08-12 13:02:53,580 INFO  [GtfsReader.java:185] : reading entities: org.onebusaway.gtfs.model.Note
2023-08-12 13:02:53,580 INFO  [GtfsReader.java:185] : reading entities: org.onebusaway.gtfs.model.Area
2023-08-12 13:02:53,580 INFO  [GtfsReader.java:185] : reading entities: org.onebusaway.gtfs.model.BookingRule
2023-08-12 13:02:53,580 INFO  [GtfsReader.java:185] : reading entities: org.onebusaway.gtfs.model.Route
2023-08-12 13:02:53,580 INFO  [GtfsReader.java:185] : reading entities: org.onebusaway.gtfs.model.Level
2023-08-12 13:02:53,580 INFO  [GtfsReader.java:185] : reading entities: org.onebusaway.gtfs.model.Stop
2023-08-12 13:02:53,581 INFO  [GtfsReader.java:185] : reading entities: org.onebusaway.gtfs.model.Location
2023-08-12 13:02:53,581 INFO  [GtfsReader.java:185] : reading entities: org.onebusaway.gtfs.model.LocationGroupElement
2023-08-12 13:02:53,581 INFO  [GtfsReader.java:185] : reading entities: org.onebusaway.gtfs.model.Trip
2023-08-12 13:02:53,588 INFO  [GtfsReader.java:185] : reading entities: org.onebusaway.gtfs.model.StopTime
2023-08-12 13:02:53,689 INFO  [GtfsReader.java:185] : reading entities: org.onebusaway.gtfs.model.ServiceCalendar
2023-08-12 13:02:53,689 INFO  [GtfsReader.java:185] : reading entities: org.onebusaway.gtfs.model.ServiceCalendarDate
2023-08-12 13:02:53,690 INFO  [GtfsReader.java:185] : reading entities: org.onebusaway.gtfs.model.FareAttribute
2023-08-12 13:02:53,690 INFO  [GtfsReader.java:185] : reading entities: org.onebusaway.gtfs.model.FareRule
2023-08-12 13:02:53,692 INFO  [GtfsReader.java:185] : reading entities: org.onebusaway.gtfs.model.Frequency
2023-08-12 13:02:53,693 INFO  [GtfsReader.java:185] : reading entities: org.onebusaway.gtfs.model.Pathway
2023-08-12 13:02:53,693 INFO  [GtfsReader.java:185] : reading entities: org.onebusaway.gtfs.model.Transfer
2023-08-12 13:02:53,693 INFO  [GtfsReader.java:185] : reading entities: org.onebusaway.gtfs.model.FeedInfo
2023-08-12 13:02:53,693 INFO  [GtfsReader.java:185] : reading entities: org.onebusaway.gtfs.model.Ridership
2023-08-12 13:02:53,694 INFO  [GtfsReader.java:185] : reading entities: org.onebusaway.gtfs.model.Translation
2023-08-12 13:02:53,694 INFO  [GtfsReader.java:185] : reading entities: org.onebusaway.gtfs.model.Vehicle
[INFO] Tests run: 1, Failures: 0, Errors: 0, Skipped: 0, Time elapsed: 0.115 s - in org.onebusaway.gtfs.impl.GtfsDaoImplTest
[INFO] Running org.onebusaway.gtfs.ExtensionsTest
2023-08-12 13:02:53,699 INFO  [GtfsReader.java:185] : reading entities: org.onebusaway.gtfs.model.Agency
2023-08-12 13:02:53,700 INFO  [GtfsReader.java:185] : reading entities: org.onebusaway.gtfs.model.Block
2023-08-12 13:02:53,700 INFO  [GtfsReader.java:185] : reading entities: org.onebusaway.gtfs.model.ShapePoint
2023-08-12 13:02:53,700 INFO  [GtfsReader.java:185] : reading entities: org.onebusaway.gtfs.model.Note
2023-08-12 13:02:53,700 INFO  [GtfsReader.java:185] : reading entities: org.onebusaway.gtfs.model.Area
2023-08-12 13:02:53,700 INFO  [GtfsReader.java:185] : reading entities: org.onebusaway.gtfs.model.BookingRule
2023-08-12 13:02:53,701 INFO  [GtfsReader.java:185] : reading entities: org.onebusaway.gtfs.model.Route
2023-08-12 13:02:53,701 INFO  [GtfsReader.java:185] : reading entities: org.onebusaway.gtfs.model.Level
2023-08-12 13:02:53,701 INFO  [GtfsReader.java:185] : reading entities: org.onebusaway.gtfs.model.Stop
2023-08-12 13:02:53,702 INFO  [GtfsReader.java:185] : reading entities: org.onebusaway.gtfs.model.Location
2023-08-12 13:02:53,702 INFO  [GtfsReader.java:185] : reading entities: org.onebusaway.gtfs.model.LocationGroupElement
2023-08-12 13:02:53,702 INFO  [GtfsReader.java:185] : reading entities: org.onebusaway.gtfs.model.Trip
2023-08-12 13:02:53,702 INFO  [GtfsReader.java:185] : reading entities: org.onebusaway.gtfs.model.StopTime
2023-08-12 13:02:53,703 INFO  [GtfsReader.java:185] : reading entities: org.onebusaway.gtfs.model.ServiceCalendar
2023-08-12 13:02:53,703 INFO  [GtfsReader.java:185] : reading entities: org.onebusaway.gtfs.model.ServiceCalendarDate
2023-08-12 13:02:53,703 INFO  [GtfsReader.java:185] : reading entities: org.onebusaway.gtfs.model.FareAttribute
2023-08-12 13:02:53,703 INFO  [GtfsReader.java:185] : reading entities: org.onebusaway.gtfs.model.FareRule
2023-08-12 13:02:53,703 INFO  [GtfsReader.java:185] : reading entities: org.onebusaway.gtfs.model.Frequency
2023-08-12 13:02:53,703 INFO  [GtfsReader.java:185] : reading entities: org.onebusaway.gtfs.model.Pathway
2023-08-12 13:02:53,703 INFO  [GtfsReader.java:185] : reading entities: org.onebusaway.gtfs.model.Transfer
2023-08-12 13:02:53,703 INFO  [GtfsReader.java:185] : reading entities: org.onebusaway.gtfs.model.FeedInfo
2023-08-12 13:02:53,703 INFO  [GtfsReader.java:185] : reading entities: org.onebusaway.gtfs.model.Ridership
2023-08-12 13:02:53,704 INFO  [GtfsReader.java:185] : reading entities: org.onebusaway.gtfs.model.Translation
2023-08-12 13:02:53,704 INFO  [GtfsReader.java:185] : reading entities: org.onebusaway.gtfs.model.Vehicle
2023-08-12 13:02:53,708 INFO  [GtfsReader.java:185] : reading entities: org.onebusaway.gtfs.model.Agency
2023-08-12 13:02:53,708 INFO  [GtfsReader.java:185] : reading entities: org.onebusaway.gtfs.model.Block
2023-08-12 13:02:53,708 INFO  [GtfsReader.java:185] : reading entities: org.onebusaway.gtfs.model.ShapePoint
2023-08-12 13:02:53,708 INFO  [GtfsReader.java:185] : reading entities: org.onebusaway.gtfs.model.Note
2023-08-12 13:02:53,708 INFO  [GtfsReader.java:185] : reading entities: org.onebusaway.gtfs.model.Area
2023-08-12 13:02:53,708 INFO  [GtfsReader.java:185] : reading entities: org.onebusaway.gtfs.model.BookingRule
2023-08-12 13:02:53,708 INFO  [GtfsReader.java:185] : reading entities: org.onebusaway.gtfs.model.Route
2023-08-12 13:02:53,709 INFO  [GtfsReader.java:185] : reading entities: org.onebusaway.gtfs.model.Level
2023-08-12 13:02:53,709 INFO  [GtfsReader.java:185] : reading entities: org.onebusaway.gtfs.model.Stop
2023-08-12 13:02:53,709 INFO  [GtfsReader.java:185] : reading entities: org.onebusaway.gtfs.model.Location
2023-08-12 13:02:53,709 INFO  [GtfsReader.java:185] : reading entities: org.onebusaway.gtfs.model.LocationGroupElement
2023-08-12 13:02:53,709 INFO  [GtfsReader.java:185] : reading entities: org.onebusaway.gtfs.model.Trip
2023-08-12 13:02:53,709 INFO  [GtfsReader.java:185] : reading entities: org.onebusaway.gtfs.model.StopTime
2023-08-12 13:02:53,709 INFO  [GtfsReader.java:185] : reading entities: org.onebusaway.gtfs.model.ServiceCalendar
2023-08-12 13:02:53,710 INFO  [GtfsReader.java:185] : reading entities: org.onebusaway.gtfs.model.ServiceCalendarDate
2023-08-12 13:02:53,710 INFO  [GtfsReader.java:185] : reading entities: org.onebusaway.gtfs.model.FareAttribute
2023-08-12 13:02:53,710 INFO  [GtfsReader.java:185] : reading entities: org.onebusaway.gtfs.model.FareRule
2023-08-12 13:02:53,710 INFO  [GtfsReader.java:185] : reading entities: org.onebusaway.gtfs.model.Frequency
2023-08-12 13:02:53,710 INFO  [GtfsReader.java:185] : reading entities: org.onebusaway.gtfs.model.Pathway
2023-08-12 13:02:53,710 INFO  [GtfsReader.java:185] : reading entities: org.onebusaway.gtfs.model.Transfer
2023-08-12 13:02:53,710 INFO  [GtfsReader.java:185] : reading entities: org.onebusaway.gtfs.model.FeedInfo
2023-08-12 13:02:53,710 INFO  [GtfsReader.java:185] : reading entities: org.onebusaway.gtfs.model.Ridership
2023-08-12 13:02:53,710 INFO  [GtfsReader.java:185] : reading entities: org.onebusaway.gtfs.model.Translation
2023-08-12 13:02:53,710 INFO  [GtfsReader.java:185] : reading entities: org.onebusaway.gtfs.model.Vehicle
2023-08-12 13:02:53,712 INFO  [GtfsWriter.java:68] : writing entities: org.onebusaway.gtfs.model.FeedInfo
2023-08-12 13:02:53,712 INFO  [GtfsWriter.java:68] : writing entities: org.onebusaway.gtfs.model.Agency
2023-08-12 13:02:53,713 INFO  [GtfsWriter.java:68] : writing entities: org.onebusaway.gtfs.model.Area
2023-08-12 13:02:53,713 INFO  [GtfsWriter.java:68] : writing entities: org.onebusaway.gtfs.model.Block
2023-08-12 13:02:53,713 INFO  [GtfsWriter.java:68] : writing entities: org.onebusaway.gtfs.model.BookingRule
2023-08-12 13:02:53,713 INFO  [GtfsWriter.java:68] : writing entities: org.onebusaway.gtfs.model.ShapePoint
2023-08-12 13:02:53,713 INFO  [GtfsWriter.java:68] : writing entities: org.onebusaway.gtfs.model.Route
2023-08-12 13:02:53,713 INFO  [GtfsWriter.java:68] : writing entities: org.onebusaway.gtfs.model.Level
2023-08-12 13:02:53,713 INFO  [GtfsWriter.java:68] : writing entities: org.onebusaway.gtfs.model.Stop
2023-08-12 13:02:53,714 INFO  [GtfsWriter.java:68] : writing entities: org.onebusaway.gtfs.model.LocationGroupElement
2023-08-12 13:02:53,714 INFO  [GtfsWriter.java:68] : writing entities: org.onebusaway.gtfs.model.Trip
2023-08-12 13:02:53,714 INFO  [GtfsWriter.java:68] : writing entities: org.onebusaway.gtfs.model.Note
2023-08-12 13:02:53,714 INFO  [GtfsWriter.java:68] : writing entities: org.onebusaway.gtfs.model.StopTime
2023-08-12 13:02:53,714 INFO  [GtfsWriter.java:68] : writing entities: org.onebusaway.gtfs.model.ServiceCalendar
2023-08-12 13:02:53,714 INFO  [GtfsWriter.java:68] : writing entities: org.onebusaway.gtfs.model.ServiceCalendarDate
2023-08-12 13:02:53,714 INFO  [GtfsWriter.java:68] : writing entities: org.onebusaway.gtfs.model.FareAttribute
2023-08-12 13:02:53,714 INFO  [GtfsWriter.java:68] : writing entities: org.onebusaway.gtfs.model.FareRule
2023-08-12 13:02:53,714 INFO  [GtfsWriter.java:68] : writing entities: org.onebusaway.gtfs.model.Frequency
2023-08-12 13:02:53,714 INFO  [GtfsWriter.java:68] : writing entities: org.onebusaway.gtfs.model.Pathway
2023-08-12 13:02:53,714 INFO  [GtfsWriter.java:68] : writing entities: org.onebusaway.gtfs.model.Transfer
2023-08-12 13:02:53,714 INFO  [GtfsWriter.java:68] : writing entities: org.onebusaway.gtfs.model.Ridership
2023-08-12 13:02:53,714 INFO  [GtfsWriter.java:68] : writing entities: org.onebusaway.gtfs.model.BookingRule
2023-08-12 13:02:53,715 INFO  [GtfsWriter.java:68] : writing entities: org.onebusaway.gtfs.model.Vehicle
[INFO] Tests run: 2, Failures: 0, Errors: 0, Skipped: 0, Time elapsed: 0.019 s - in org.onebusaway.gtfs.ExtensionsTest
[INFO] Running org.onebusaway.gtfs.serialization.GtfsWriterTest
[INFO] Tests run: 1, Failures: 0, Errors: 0, Skipped: 0, Time elapsed: 0 s - in org.onebusaway.gtfs.serialization.GtfsWriterTest
[INFO] Running org.onebusaway.gtfs.serialization.GtfsReaderTest
2023-08-12 13:02:53,720 INFO  [GtfsReader.java:185] : reading entities: org.onebusaway.gtfs.model.Agency
2023-08-12 13:02:53,720 INFO  [GtfsReader.java:185] : reading entities: org.onebusaway.gtfs.model.Block
2023-08-12 13:02:53,720 INFO  [GtfsReader.java:185] : reading entities: org.onebusaway.gtfs.model.ShapePoint
2023-08-12 13:02:53,720 INFO  [GtfsReader.java:185] : reading entities: org.onebusaway.gtfs.model.Note
2023-08-12 13:02:53,720 INFO  [GtfsReader.java:185] : reading entities: org.onebusaway.gtfs.model.Area
2023-08-12 13:02:53,720 INFO  [GtfsReader.java:185] : reading entities: org.onebusaway.gtfs.model.BookingRule
2023-08-12 13:02:53,720 INFO  [GtfsReader.java:185] : reading entities: org.onebusaway.gtfs.model.Route
2023-08-12 13:02:53,720 INFO  [GtfsReader.java:185] : reading entities: org.onebusaway.gtfs.model.Level
2023-08-12 13:02:53,721 INFO  [GtfsReader.java:185] : reading entities: org.onebusaway.gtfs.model.Stop
2023-08-12 13:02:53,721 INFO  [GtfsReader.java:185] : reading entities: org.onebusaway.gtfs.model.Location
2023-08-12 13:02:53,721 INFO  [GtfsReader.java:185] : reading entities: org.onebusaway.gtfs.model.LocationGroupElement
2023-08-12 13:02:53,721 INFO  [GtfsReader.java:185] : reading entities: org.onebusaway.gtfs.model.Trip
2023-08-12 13:02:53,721 INFO  [GtfsReader.java:185] : reading entities: org.onebusaway.gtfs.model.StopTime
2023-08-12 13:02:53,722 INFO  [GtfsReader.java:185] : reading entities: org.onebusaway.gtfs.model.ServiceCalendar
2023-08-12 13:02:53,722 INFO  [GtfsReader.java:185] : reading entities: org.onebusaway.gtfs.model.ServiceCalendarDate
2023-08-12 13:02:53,722 INFO  [GtfsReader.java:185] : reading entities: org.onebusaway.gtfs.model.FareAttribute
2023-08-12 13:02:53,722 INFO  [GtfsReader.java:185] : reading entities: org.onebusaway.gtfs.model.FareRule
2023-08-12 13:02:53,722 INFO  [GtfsReader.java:185] : reading entities: org.onebusaway.gtfs.model.Frequency
2023-08-12 13:02:53,722 INFO  [GtfsReader.java:185] : reading entities: org.onebusaway.gtfs.model.Pathway
2023-08-12 13:02:53,722 INFO  [GtfsReader.java:185] : reading entities: org.onebusaway.gtfs.model.Transfer
2023-08-12 13:02:53,722 INFO  [GtfsReader.java:185] : reading entities: org.onebusaway.gtfs.model.FeedInfo
2023-08-12 13:02:53,722 INFO  [GtfsReader.java:185] : reading entities: org.onebusaway.gtfs.model.Ridership
2023-08-12 13:02:53,722 INFO  [GtfsReader.java:185] : reading entities: org.onebusaway.gtfs.model.Translation
2023-08-12 13:02:53,722 INFO  [GtfsReader.java:185] : reading entities: org.onebusaway.gtfs.model.Vehicle
2023-08-12 13:02:53,724 INFO  [GtfsReader.java:185] : reading entities: org.onebusaway.gtfs.model.Agency
2023-08-12 13:02:53,724 INFO  [GtfsReader.java:185] : reading entities: org.onebusaway.gtfs.model.Block
2023-08-12 13:02:53,724 INFO  [GtfsReader.java:185] : reading entities: org.onebusaway.gtfs.model.ShapePoint
2023-08-12 13:02:53,724 INFO  [GtfsReader.java:185] : reading entities: org.onebusaway.gtfs.model.Note
2023-08-12 13:02:53,724 INFO  [GtfsReader.java:185] : reading entities: org.onebusaway.gtfs.model.Area
2023-08-12 13:02:53,724 INFO  [GtfsReader.java:185] : reading entities: org.onebusaway.gtfs.model.BookingRule
2023-08-12 13:02:53,724 INFO  [GtfsReader.java:185] : reading entities: org.onebusaway.gtfs.model.Route
2023-08-12 13:02:53,727 INFO  [GtfsReader.java:185] : reading entities: org.onebusaway.gtfs.model.Agency
2023-08-12 13:02:53,727 INFO  [GtfsReader.java:185] : reading entities: org.onebusaway.gtfs.model.Block
2023-08-12 13:02:53,727 INFO  [GtfsReader.java:185] : reading entities: org.onebusaway.gtfs.model.ShapePoint
2023-08-12 13:02:53,727 INFO  [GtfsReader.java:185] : reading entities: org.onebusaway.gtfs.model.Note
2023-08-12 13:02:53,727 INFO  [GtfsReader.java:185] : reading entities: org.onebusaway.gtfs.model.Area
2023-08-12 13:02:53,727 INFO  [GtfsReader.java:185] : reading entities: org.onebusaway.gtfs.model.BookingRule
2023-08-12 13:02:53,727 INFO  [GtfsReader.java:185] : reading entities: org.onebusaway.gtfs.model.Route
2023-08-12 13:02:53,727 INFO  [GtfsReader.java:185] : reading entities: org.onebusaway.gtfs.model.Level
2023-08-12 13:02:53,727 INFO  [GtfsReader.java:185] : reading entities: org.onebusaway.gtfs.model.Stop
2023-08-12 13:02:53,728 INFO  [GtfsReader.java:185] : reading entities: org.onebusaway.gtfs.model.Location
2023-08-12 13:02:53,728 INFO  [GtfsReader.java:185] : reading entities: org.onebusaway.gtfs.model.LocationGroupElement
2023-08-12 13:02:53,728 INFO  [GtfsReader.java:185] : reading entities: org.onebusaway.gtfs.model.Trip
2023-08-12 13:02:53,728 INFO  [GtfsReader.java:185] : reading entities: org.onebusaway.gtfs.model.StopTime
2023-08-12 13:02:53,728 INFO  [GtfsReader.java:185] : reading entities: org.onebusaway.gtfs.model.ServiceCalendar
2023-08-12 13:02:53,728 INFO  [GtfsReader.java:185] : reading entities: org.onebusaway.gtfs.model.ServiceCalendarDate
2023-08-12 13:02:53,728 INFO  [GtfsReader.java:185] : reading entities: org.onebusaway.gtfs.model.FareAttribute
2023-08-12 13:02:53,729 INFO  [GtfsReader.java:185] : reading entities: org.onebusaway.gtfs.model.FareRule
2023-08-12 13:02:53,729 INFO  [GtfsReader.java:185] : reading entities: org.onebusaway.gtfs.model.Frequency
2023-08-12 13:02:53,729 INFO  [GtfsReader.java:185] : reading entities: org.onebusaway.gtfs.model.Pathway
2023-08-12 13:02:53,729 INFO  [GtfsReader.java:185] : reading entities: org.onebusaway.gtfs.model.Transfer
2023-08-12 13:02:53,729 INFO  [GtfsReader.java:185] : reading entities: org.onebusaway.gtfs.model.FeedInfo
2023-08-12 13:02:53,729 INFO  [GtfsReader.java:185] : reading entities: org.onebusaway.gtfs.model.Ridership
2023-08-12 13:02:53,729 INFO  [GtfsReader.java:185] : reading entities: org.onebusaway.gtfs.model.Translation
2023-08-12 13:02:53,729 INFO  [GtfsReader.java:185] : reading entities: org.onebusaway.gtfs.model.Vehicle
2023-08-12 13:02:53,731 INFO  [GtfsReader.java:185] : reading entities: org.onebusaway.gtfs.model.Agency
2023-08-12 13:02:53,731 INFO  [GtfsReader.java:185] : reading entities: org.onebusaway.gtfs.model.Block
2023-08-12 13:02:53,732 INFO  [GtfsReader.java:185] : reading entities: org.onebusaway.gtfs.model.ShapePoint
2023-08-12 13:02:53,732 INFO  [GtfsReader.java:185] : reading entities: org.onebusaway.gtfs.model.Note
2023-08-12 13:02:53,732 INFO  [GtfsReader.java:185] : reading entities: org.onebusaway.gtfs.model.Area
2023-08-12 13:02:53,732 INFO  [GtfsReader.java:185] : reading entities: org.onebusaway.gtfs.model.BookingRule
2023-08-12 13:02:53,732 INFO  [GtfsReader.java:185] : reading entities: org.onebusaway.gtfs.model.Route
2023-08-12 13:02:53,733 INFO  [GtfsReader.java:185] : reading entities: org.onebusaway.gtfs.model.Agency
2023-08-12 13:02:53,734 INFO  [GtfsReader.java:185] : reading entities: org.onebusaway.gtfs.model.Block
2023-08-12 13:02:53,734 INFO  [GtfsReader.java:185] : reading entities: org.onebusaway.gtfs.model.ShapePoint
2023-08-12 13:02:53,734 INFO  [GtfsReader.java:185] : reading entities: org.onebusaway.gtfs.model.Note
2023-08-12 13:02:53,734 INFO  [GtfsReader.java:185] : reading entities: org.onebusaway.gtfs.model.Area
2023-08-12 13:02:53,734 INFO  [GtfsReader.java:185] : reading entities: org.onebusaway.gtfs.model.BookingRule
2023-08-12 13:02:53,734 INFO  [GtfsReader.java:185] : reading entities: org.onebusaway.gtfs.model.Route
2023-08-12 13:02:53,735 INFO  [GtfsReader.java:185] : reading entities: org.onebusaway.gtfs.model.Level
2023-08-12 13:02:53,735 INFO  [GtfsReader.java:185] : reading entities: org.onebusaway.gtfs.model.Stop
2023-08-12 13:02:53,738 INFO  [GtfsReader.java:185] : reading entities: org.onebusaway.gtfs.model.Location
2023-08-12 13:02:53,738 INFO  [GtfsReader.java:185] : reading entities: org.onebusaway.gtfs.model.LocationGroupElement
2023-08-12 13:02:53,738 INFO  [GtfsReader.java:185] : reading entities: org.onebusaway.gtfs.model.Trip
2023-08-12 13:02:53,742 INFO  [GtfsReader.java:185] : reading entities: org.onebusaway.gtfs.model.StopTime
2023-08-12 13:02:53,793 INFO  [GtfsReader.java:185] : reading entities: org.onebusaway.gtfs.model.ServiceCalendar
2023-08-12 13:02:53,794 INFO  [GtfsReader.java:185] : reading entities: org.onebusaway.gtfs.model.ServiceCalendarDate
2023-08-12 13:02:53,794 INFO  [GtfsReader.java:185] : reading entities: org.onebusaway.gtfs.model.FareAttribute
2023-08-12 13:02:53,794 INFO  [GtfsReader.java:185] : reading entities: org.onebusaway.gtfs.model.FareRule
2023-08-12 13:02:53,794 INFO  [GtfsReader.java:185] : reading entities: org.onebusaway.gtfs.model.Frequency
2023-08-12 13:02:53,794 INFO  [GtfsReader.java:185] : reading entities: org.onebusaway.gtfs.model.Pathway
2023-08-12 13:02:53,794 INFO  [GtfsReader.java:185] : reading entities: org.onebusaway.gtfs.model.Transfer
2023-08-12 13:02:53,795 INFO  [GtfsReader.java:185] : reading entities: org.onebusaway.gtfs.model.FeedInfo
2023-08-12 13:02:53,795 INFO  [GtfsReader.java:185] : reading entities: org.onebusaway.gtfs.model.Ridership
2023-08-12 13:02:53,795 INFO  [GtfsReader.java:185] : reading entities: org.onebusaway.gtfs.model.Translation
2023-08-12 13:02:53,795 INFO  [GtfsReader.java:185] : reading entities: org.onebusaway.gtfs.model.Vehicle
2023-08-12 13:02:53,816 INFO  [GtfsReader.java:185] : reading entities: org.onebusaway.gtfs.model.Agency
2023-08-12 13:02:53,816 INFO  [GtfsReader.java:185] : reading entities: org.onebusaway.gtfs.model.Block
2023-08-12 13:02:53,817 INFO  [GtfsReader.java:185] : reading entities: org.onebusaway.gtfs.model.ShapePoint
2023-08-12 13:02:53,817 INFO  [GtfsReader.java:185] : reading entities: org.onebusaway.gtfs.model.Note
2023-08-12 13:02:53,818 INFO  [GtfsReader.java:185] : reading entities: org.onebusaway.gtfs.model.Area
2023-08-12 13:02:53,818 INFO  [GtfsReader.java:185] : reading entities: org.onebusaway.gtfs.model.BookingRule
2023-08-12 13:02:53,818 INFO  [GtfsReader.java:185] : reading entities: org.onebusaway.gtfs.model.Route
2023-08-12 13:02:53,818 INFO  [GtfsReader.java:185] : reading entities: org.onebusaway.gtfs.model.Level
2023-08-12 13:02:53,818 INFO  [GtfsReader.java:185] : reading entities: org.onebusaway.gtfs.model.Stop
2023-08-12 13:02:53,819 INFO  [GtfsReader.java:185] : reading entities: org.onebusaway.gtfs.model.Location
2023-08-12 13:02:53,819 INFO  [GtfsReader.java:185] : reading entities: org.onebusaway.gtfs.model.LocationGroupElement
2023-08-12 13:02:53,819 INFO  [GtfsReader.java:185] : reading entities: org.onebusaway.gtfs.model.Trip
2023-08-12 13:02:53,819 INFO  [GtfsReader.java:185] : reading entities: org.onebusaway.gtfs.model.StopTime
2023-08-12 13:02:53,819 INFO  [GtfsReader.java:185] : reading entities: org.onebusaway.gtfs.model.ServiceCalendar
2023-08-12 13:02:53,820 INFO  [GtfsReader.java:185] : reading entities: org.onebusaway.gtfs.model.ServiceCalendarDate
2023-08-12 13:02:53,820 INFO  [GtfsReader.java:185] : reading entities: org.onebusaway.gtfs.model.FareAttribute
2023-08-12 13:02:53,820 INFO  [GtfsReader.java:185] : reading entities: org.onebusaway.gtfs.model.FareRule
2023-08-12 13:02:53,820 INFO  [GtfsReader.java:185] : reading entities: org.onebusaway.gtfs.model.Frequency
2023-08-12 13:02:53,820 INFO  [GtfsReader.java:185] : reading entities: org.onebusaway.gtfs.model.Pathway
2023-08-12 13:02:53,821 INFO  [GtfsReader.java:185] : reading entities: org.onebusaway.gtfs.model.Transfer
2023-08-12 13:02:53,821 INFO  [GtfsReader.java:185] : reading entities: org.onebusaway.gtfs.model.FeedInfo
2023-08-12 13:02:53,821 INFO  [GtfsReader.java:185] : reading entities: org.onebusaway.gtfs.model.Ridership
2023-08-12 13:02:53,822 INFO  [GtfsReader.java:185] : reading entities: org.onebusaway.gtfs.model.Translation
2023-08-12 13:02:53,822 INFO  [GtfsReader.java:185] : reading entities: org.onebusaway.gtfs.model.Vehicle
2023-08-12 13:02:53,824 INFO  [GtfsReader.java:185] : reading entities: org.onebusaway.gtfs.model.Agency
2023-08-12 13:02:53,824 INFO  [GtfsReader.java:185] : reading entities: org.onebusaway.gtfs.model.Block
2023-08-12 13:02:53,824 INFO  [GtfsReader.java:185] : reading entities: org.onebusaway.gtfs.model.ShapePoint
2023-08-12 13:02:53,839 INFO  [GtfsReader.java:185] : reading entities: org.onebusaway.gtfs.model.Note
2023-08-12 13:02:53,839 INFO  [GtfsReader.java:185] : reading entities: org.onebusaway.gtfs.model.Area
2023-08-12 13:02:53,839 INFO  [GtfsReader.java:185] : reading entities: org.onebusaway.gtfs.model.BookingRule
2023-08-12 13:02:53,839 INFO  [GtfsReader.java:185] : reading entities: org.onebusaway.gtfs.model.Route
2023-08-12 13:02:53,839 INFO  [GtfsReader.java:185] : reading entities: org.onebusaway.gtfs.model.Level
2023-08-12 13:02:53,840 INFO  [GtfsReader.java:185] : reading entities: org.onebusaway.gtfs.model.Stop
2023-08-12 13:02:53,840 INFO  [GtfsReader.java:185] : reading entities: org.onebusaway.gtfs.model.Location
2023-08-12 13:02:53,840 INFO  [GtfsReader.java:185] : reading entities: org.onebusaway.gtfs.model.LocationGroupElement
2023-08-12 13:02:53,840 INFO  [GtfsReader.java:185] : reading entities: org.onebusaway.gtfs.model.Trip
2023-08-12 13:02:53,842 INFO  [GtfsReader.java:185] : reading entities: org.onebusaway.gtfs.model.StopTime
2023-08-12 13:02:53,857 INFO  [GtfsReader.java:185] : reading entities: org.onebusaway.gtfs.model.ServiceCalendar
2023-08-12 13:02:53,858 INFO  [GtfsReader.java:185] : reading entities: org.onebusaway.gtfs.model.ServiceCalendarDate
2023-08-12 13:02:53,858 INFO  [GtfsReader.java:185] : reading entities: org.onebusaway.gtfs.model.FareAttribute
2023-08-12 13:02:53,858 INFO  [GtfsReader.java:185] : reading entities: org.onebusaway.gtfs.model.FareRule
2023-08-12 13:02:53,858 INFO  [GtfsReader.java:185] : reading entities: org.onebusaway.gtfs.model.Frequency
2023-08-12 13:02:53,858 INFO  [GtfsReader.java:185] : reading entities: org.onebusaway.gtfs.model.Pathway
2023-08-12 13:02:53,858 INFO  [GtfsReader.java:185] : reading entities: org.onebusaway.gtfs.model.Transfer
2023-08-12 13:02:53,858 INFO  [GtfsReader.java:185] : reading entities: org.onebusaway.gtfs.model.FeedInfo
2023-08-12 13:02:53,859 INFO  [GtfsReader.java:185] : reading entities: org.onebusaway.gtfs.model.Ridership
2023-08-12 13:02:53,859 INFO  [GtfsReader.java:185] : reading entities: org.onebusaway.gtfs.model.Translation
2023-08-12 13:02:53,859 INFO  [GtfsReader.java:185] : reading entities: org.onebusaway.gtfs.model.Vehicle
2023-08-12 13:02:53,860 INFO  [GtfsReader.java:185] : reading entities: org.onebusaway.gtfs.model.Agency
2023-08-12 13:02:53,861 INFO  [GtfsReader.java:185] : reading entities: org.onebusaway.gtfs.model.Block
2023-08-12 13:02:53,861 INFO  [GtfsReader.java:185] : reading entities: org.onebusaway.gtfs.model.ShapePoint
2023-08-12 13:02:53,861 INFO  [GtfsReader.java:185] : reading entities: org.onebusaway.gtfs.model.Note
2023-08-12 13:02:53,861 INFO  [GtfsReader.java:185] : reading entities: org.onebusaway.gtfs.model.Area
2023-08-12 13:02:53,861 INFO  [GtfsReader.java:185] : reading entities: org.onebusaway.gtfs.model.BookingRule
2023-08-12 13:02:53,861 INFO  [GtfsReader.java:185] : reading entities: org.onebusaway.gtfs.model.Route
2023-08-12 13:02:53,862 INFO  [GtfsReader.java:185] : reading entities: org.onebusaway.gtfs.model.Level
2023-08-12 13:02:53,862 INFO  [GtfsReader.java:185] : reading entities: org.onebusaway.gtfs.model.Stop
2023-08-12 13:02:53,862 INFO  [GtfsReader.java:185] : reading entities: org.onebusaway.gtfs.model.Location
2023-08-12 13:02:53,862 INFO  [GtfsReader.java:185] : reading entities: org.onebusaway.gtfs.model.LocationGroupElement
2023-08-12 13:02:53,862 INFO  [GtfsReader.java:185] : reading entities: org.onebusaway.gtfs.model.Trip
2023-08-12 13:02:53,867 INFO  [GtfsReader.java:185] : reading entities: org.onebusaway.gtfs.model.StopTime
2023-08-12 13:02:53,977 INFO  [GtfsReader.java:185] : reading entities: org.onebusaway.gtfs.model.ServiceCalendar
2023-08-12 13:02:53,978 INFO  [GtfsReader.java:185] : reading entities: org.onebusaway.gtfs.model.ServiceCalendarDate
2023-08-12 13:02:53,978 INFO  [GtfsReader.java:185] : reading entities: org.onebusaway.gtfs.model.FareAttribute
2023-08-12 13:02:53,978 INFO  [GtfsReader.java:185] : reading entities: org.onebusaway.gtfs.model.FareRule
2023-08-12 13:02:53,982 INFO  [GtfsReader.java:185] : reading entities: org.onebusaway.gtfs.model.Frequency
2023-08-12 13:02:53,982 INFO  [GtfsReader.java:185] : reading entities: org.onebusaway.gtfs.model.Pathway
2023-08-12 13:02:53,982 INFO  [GtfsReader.java:185] : reading entities: org.onebusaway.gtfs.model.Transfer
2023-08-12 13:02:53,982 INFO  [GtfsReader.java:185] : reading entities: org.onebusaway.gtfs.model.FeedInfo
2023-08-12 13:02:53,982 INFO  [GtfsReader.java:185] : reading entities: org.onebusaway.gtfs.model.Ridership
2023-08-12 13:02:53,982 INFO  [GtfsReader.java:185] : reading entities: org.onebusaway.gtfs.model.Translation
2023-08-12 13:02:53,982 INFO  [GtfsReader.java:185] : reading entities: org.onebusaway.gtfs.model.Vehicle
2023-08-12 13:02:54,039 INFO  [GtfsReader.java:185] : reading entities: org.onebusaway.gtfs.model.Agency
2023-08-12 13:02:54,040 INFO  [GtfsReader.java:185] : reading entities: org.onebusaway.gtfs.model.Block
2023-08-12 13:02:54,040 INFO  [GtfsReader.java:185] : reading entities: org.onebusaway.gtfs.model.ShapePoint
2023-08-12 13:02:54,057 INFO  [GtfsReader.java:185] : reading entities: org.onebusaway.gtfs.model.Note
2023-08-12 13:02:54,057 INFO  [GtfsReader.java:185] : reading entities: org.onebusaway.gtfs.model.Area
2023-08-12 13:02:54,057 INFO  [GtfsReader.java:185] : reading entities: org.onebusaway.gtfs.model.BookingRule
2023-08-12 13:02:54,057 INFO  [GtfsReader.java:185] : reading entities: org.onebusaway.gtfs.model.Route
2023-08-12 13:02:54,057 INFO  [GtfsReader.java:185] : reading entities: org.onebusaway.gtfs.model.Level
2023-08-12 13:02:54,058 INFO  [GtfsReader.java:185] : reading entities: org.onebusaway.gtfs.model.Stop
2023-08-12 13:02:54,058 INFO  [GtfsReader.java:185] : reading entities: org.onebusaway.gtfs.model.Location
2023-08-12 13:02:54,058 INFO  [GtfsReader.java:185] : reading entities: org.onebusaway.gtfs.model.LocationGroupElement
2023-08-12 13:02:54,058 INFO  [GtfsReader.java:185] : reading entities: org.onebusaway.gtfs.model.Trip
2023-08-12 13:02:54,059 INFO  [GtfsReader.java:185] : reading entities: org.onebusaway.gtfs.model.StopTime
2023-08-12 13:02:54,077 INFO  [GtfsReader.java:185] : reading entities: org.onebusaway.gtfs.model.ServiceCalendar
2023-08-12 13:02:54,077 INFO  [GtfsReader.java:185] : reading entities: org.onebusaway.gtfs.model.ServiceCalendarDate
2023-08-12 13:02:54,077 INFO  [GtfsReader.java:185] : reading entities: org.onebusaway.gtfs.model.FareAttribute
2023-08-12 13:02:54,077 INFO  [GtfsReader.java:185] : reading entities: org.onebusaway.gtfs.model.FareRule
2023-08-12 13:02:54,078 INFO  [GtfsReader.java:185] : reading entities: org.onebusaway.gtfs.model.Frequency
2023-08-12 13:02:54,078 INFO  [GtfsReader.java:185] : reading entities: org.onebusaway.gtfs.model.Pathway
2023-08-12 13:02:54,078 INFO  [GtfsReader.java:185] : reading entities: org.onebusaway.gtfs.model.Transfer
2023-08-12 13:02:54,078 INFO  [GtfsReader.java:185] : reading entities: org.onebusaway.gtfs.model.FeedInfo
2023-08-12 13:02:54,078 INFO  [GtfsReader.java:185] : reading entities: org.onebusaway.gtfs.model.Ridership
2023-08-12 13:02:54,078 INFO  [GtfsReader.java:185] : reading entities: org.onebusaway.gtfs.model.Translation
2023-08-12 13:02:54,078 INFO  [GtfsReader.java:185] : reading entities: org.onebusaway.gtfs.model.Vehicle
2023-08-12 13:02:54,084 INFO  [GtfsReader.java:185] : reading entities: org.onebusaway.gtfs.model.Agency
2023-08-12 13:02:54,084 INFO  [GtfsReader.java:185] : reading entities: org.onebusaway.gtfs.model.Block
2023-08-12 13:02:54,084 INFO  [GtfsReader.java:185] : reading entities: org.onebusaway.gtfs.model.ShapePoint
2023-08-12 13:02:54,084 INFO  [GtfsReader.java:185] : reading entities: org.onebusaway.gtfs.model.Note
2023-08-12 13:02:54,084 INFO  [GtfsReader.java:185] : reading entities: org.onebusaway.gtfs.model.Area
2023-08-12 13:02:54,084 INFO  [GtfsReader.java:185] : reading entities: org.onebusaway.gtfs.model.BookingRule
2023-08-12 13:02:54,084 INFO  [GtfsReader.java:185] : reading entities: org.onebusaway.gtfs.model.Route
2023-08-12 13:02:54,084 INFO  [GtfsReader.java:185] : reading entities: org.onebusaway.gtfs.model.Level
2023-08-12 13:02:54,084 INFO  [GtfsReader.java:185] : reading entities: org.onebusaway.gtfs.model.Stop
2023-08-12 13:02:54,085 INFO  [GtfsReader.java:185] : reading entities: org.onebusaway.gtfs.model.Location
2023-08-12 13:02:54,085 INFO  [GtfsReader.java:185] : reading entities: org.onebusaway.gtfs.model.LocationGroupElement
2023-08-12 13:02:54,085 INFO  [GtfsReader.java:185] : reading entities: org.onebusaway.gtfs.model.Trip
2023-08-12 13:02:54,085 INFO  [GtfsReader.java:185] : reading entities: org.onebusaway.gtfs.model.StopTime
2023-08-12 13:02:54,085 INFO  [GtfsReader.java:185] : reading entities: org.onebusaway.gtfs.model.ServiceCalendar
2023-08-12 13:02:54,085 INFO  [GtfsReader.java:185] : reading entities: org.onebusaway.gtfs.model.ServiceCalendarDate
2023-08-12 13:02:54,085 INFO  [GtfsReader.java:185] : reading entities: org.onebusaway.gtfs.model.FareAttribute
2023-08-12 13:02:54,086 INFO  [GtfsReader.java:185] : reading entities: org.onebusaway.gtfs.model.FareRule
2023-08-12 13:02:54,086 INFO  [GtfsReader.java:185] : reading entities: org.onebusaway.gtfs.model.Frequency
2023-08-12 13:02:54,086 INFO  [GtfsReader.java:185] : reading entities: org.onebusaway.gtfs.model.Pathway
2023-08-12 13:02:54,086 INFO  [GtfsReader.java:185] : reading entities: org.onebusaway.gtfs.model.Transfer
2023-08-12 13:02:54,086 INFO  [GtfsReader.java:185] : reading entities: org.onebusaway.gtfs.model.FeedInfo
2023-08-12 13:02:54,086 INFO  [GtfsReader.java:185] : reading entities: org.onebusaway.gtfs.model.Ridership
2023-08-12 13:02:54,086 INFO  [GtfsReader.java:185] : reading entities: org.onebusaway.gtfs.model.Translation
2023-08-12 13:02:54,086 INFO  [GtfsReader.java:185] : reading entities: org.onebusaway.gtfs.model.Vehicle
2023-08-12 13:02:54,091 INFO  [GtfsReader.java:185] : reading entities: org.onebusaway.gtfs.model.Agency
2023-08-12 13:02:54,092 INFO  [GtfsReader.java:185] : reading entities: org.onebusaway.gtfs.model.Block
2023-08-12 13:02:54,092 INFO  [GtfsReader.java:185] : reading entities: org.onebusaway.gtfs.model.ShapePoint
2023-08-12 13:02:54,092 INFO  [GtfsReader.java:185] : reading entities: org.onebusaway.gtfs.model.Note
2023-08-12 13:02:54,092 INFO  [GtfsReader.java:185] : reading entities: org.onebusaway.gtfs.model.Area
2023-08-12 13:02:54,092 INFO  [GtfsReader.java:185] : reading entities: org.onebusaway.gtfs.model.BookingRule
2023-08-12 13:02:54,092 INFO  [GtfsReader.java:185] : reading entities: org.onebusaway.gtfs.model.Route
2023-08-12 13:02:54,092 INFO  [GtfsReader.java:185] : reading entities: org.onebusaway.gtfs.model.Level
2023-08-12 13:02:54,092 INFO  [GtfsReader.java:185] : reading entities: org.onebusaway.gtfs.model.Stop
2023-08-12 13:02:54,092 INFO  [GtfsReader.java:185] : reading entities: org.onebusaway.gtfs.model.Location
2023-08-12 13:02:54,092 INFO  [GtfsReader.java:185] : reading entities: org.onebusaway.gtfs.model.LocationGroupElement
2023-08-12 13:02:54,092 INFO  [GtfsReader.java:185] : reading entities: org.onebusaway.gtfs.model.Trip
2023-08-12 13:02:54,093 INFO  [GtfsReader.java:185] : reading entities: org.onebusaway.gtfs.model.StopTime
2023-08-12 13:02:54,093 INFO  [GtfsReader.java:185] : reading entities: org.onebusaway.gtfs.model.ServiceCalendar
2023-08-12 13:02:54,093 INFO  [GtfsReader.java:185] : reading entities: org.onebusaway.gtfs.model.ServiceCalendarDate
2023-08-12 13:02:54,093 INFO  [GtfsReader.java:185] : reading entities: org.onebusaway.gtfs.model.FareAttribute
2023-08-12 13:02:54,093 INFO  [GtfsReader.java:185] : reading entities: org.onebusaway.gtfs.model.FareRule
2023-08-12 13:02:54,093 INFO  [GtfsReader.java:185] : reading entities: org.onebusaway.gtfs.model.Frequency
2023-08-12 13:02:54,094 INFO  [GtfsReader.java:185] : reading entities: org.onebusaway.gtfs.model.Pathway
2023-08-12 13:02:54,094 INFO  [GtfsReader.java:185] : reading entities: org.onebusaway.gtfs.model.Transfer
2023-08-12 13:02:54,094 INFO  [GtfsReader.java:185] : reading entities: org.onebusaway.gtfs.model.FeedInfo
2023-08-12 13:02:54,094 INFO  [GtfsReader.java:185] : reading entities: org.onebusaway.gtfs.model.Ridership
2023-08-12 13:02:54,094 INFO  [GtfsReader.java:185] : reading entities: org.onebusaway.gtfs.model.Translation
2023-08-12 13:02:54,094 INFO  [GtfsReader.java:185] : reading entities: org.onebusaway.gtfs.model.Vehicle
2023-08-12 13:02:54,096 INFO  [GtfsReader.java:185] : reading entities: org.onebusaway.gtfs.model.Agency
2023-08-12 13:02:54,097 INFO  [GtfsReader.java:185] : reading entities: org.onebusaway.gtfs.model.Block
2023-08-12 13:02:54,097 INFO  [GtfsReader.java:185] : reading entities: org.onebusaway.gtfs.model.ShapePoint
2023-08-12 13:02:54,098 INFO  [GtfsReader.java:185] : reading entities: org.onebusaway.gtfs.model.Note
2023-08-12 13:02:54,098 INFO  [GtfsReader.java:185] : reading entities: org.onebusaway.gtfs.model.Area
2023-08-12 13:02:54,098 INFO  [GtfsReader.java:185] : reading entities: org.onebusaway.gtfs.model.BookingRule
2023-08-12 13:02:54,098 INFO  [GtfsReader.java:185] : reading entities: org.onebusaway.gtfs.model.Route
2023-08-12 13:02:54,098 INFO  [GtfsReader.java:185] : reading entities: org.onebusaway.gtfs.model.Level
2023-08-12 13:02:54,099 INFO  [GtfsReader.java:185] : reading entities: org.onebusaway.gtfs.model.Stop
2023-08-12 13:02:54,100 INFO  [GtfsReader.java:185] : reading entities: org.onebusaway.gtfs.model.Location
2023-08-12 13:02:54,100 INFO  [GtfsReader.java:185] : reading entities: org.onebusaway.gtfs.model.LocationGroupElement
2023-08-12 13:02:54,100 INFO  [GtfsReader.java:185] : reading entities: org.onebusaway.gtfs.model.Trip
2023-08-12 13:02:54,109 INFO  [GtfsReader.java:185] : reading entities: org.onebusaway.gtfs.model.StopTime
2023-08-12 13:02:54,257 INFO  [GtfsReader.java:185] : reading entities: org.onebusaway.gtfs.model.ServiceCalendar
2023-08-12 13:02:54,258 INFO  [GtfsReader.java:185] : reading entities: org.onebusaway.gtfs.model.ServiceCalendarDate
2023-08-12 13:02:54,258 INFO  [GtfsReader.java:185] : reading entities: org.onebusaway.gtfs.model.FareAttribute
2023-08-12 13:02:54,258 INFO  [GtfsReader.java:185] : reading entities: org.onebusaway.gtfs.model.FareRule
2023-08-12 13:02:54,261 INFO  [GtfsReader.java:185] : reading entities: org.onebusaway.gtfs.model.Frequency
2023-08-12 13:02:54,261 INFO  [GtfsReader.java:185] : reading entities: org.onebusaway.gtfs.model.Pathway
2023-08-12 13:02:54,261 INFO  [GtfsReader.java:185] : reading entities: org.onebusaway.gtfs.model.Transfer
2023-08-12 13:02:54,261 INFO  [GtfsReader.java:185] : reading entities: org.onebusaway.gtfs.model.FeedInfo
2023-08-12 13:02:54,261 INFO  [GtfsReader.java:185] : reading entities: org.onebusaway.gtfs.model.Ridership
2023-08-12 13:02:54,262 INFO  [GtfsReader.java:185] : reading entities: org.onebusaway.gtfs.model.Translation
2023-08-12 13:02:54,262 INFO  [GtfsReader.java:185] : reading entities: org.onebusaway.gtfs.model.Vehicle
2023-08-12 13:02:54,262 INFO  [GtfsReader.java:185] : reading entities: org.onebusaway.gtfs.model.Agency
2023-08-12 13:02:54,262 INFO  [GtfsReader.java:185] : reading entities: org.onebusaway.gtfs.model.Block
2023-08-12 13:02:54,262 INFO  [GtfsReader.java:185] : reading entities: org.onebusaway.gtfs.model.ShapePoint
2023-08-12 13:02:54,263 INFO  [GtfsReader.java:185] : reading entities: org.onebusaway.gtfs.model.Note
2023-08-12 13:02:54,263 INFO  [GtfsReader.java:185] : reading entities: org.onebusaway.gtfs.model.Area
2023-08-12 13:02:54,263 INFO  [GtfsReader.java:185] : reading entities: org.onebusaway.gtfs.model.BookingRule
2023-08-12 13:02:54,263 INFO  [GtfsReader.java:185] : reading entities: org.onebusaway.gtfs.model.Route
2023-08-12 13:02:54,263 INFO  [GtfsReader.java:185] : reading entities: org.onebusaway.gtfs.model.Level
2023-08-12 13:02:54,263 INFO  [GtfsReader.java:185] : reading entities: org.onebusaway.gtfs.model.Stop
2023-08-12 13:02:54,264 INFO  [GtfsReader.java:185] : reading entities: org.onebusaway.gtfs.model.Location
2023-08-12 13:02:54,264 INFO  [GtfsReader.java:185] : reading entities: org.onebusaway.gtfs.model.LocationGroupElement
2023-08-12 13:02:54,264 INFO  [GtfsReader.java:185] : reading entities: org.onebusaway.gtfs.model.Trip
2023-08-12 13:02:54,264 INFO  [GtfsReader.java:185] : reading entities: org.onebusaway.gtfs.model.StopTime
2023-08-12 13:02:54,265 INFO  [GtfsReader.java:185] : reading entities: org.onebusaway.gtfs.model.ServiceCalendar
2023-08-12 13:02:54,265 INFO  [GtfsReader.java:185] : reading entities: org.onebusaway.gtfs.model.ServiceCalendarDate
2023-08-12 13:02:54,265 INFO  [GtfsReader.java:185] : reading entities: org.onebusaway.gtfs.model.FareAttribute
2023-08-12 13:02:54,265 INFO  [GtfsReader.java:185] : reading entities: org.onebusaway.gtfs.model.FareRule
2023-08-12 13:02:54,265 INFO  [GtfsReader.java:185] : reading entities: org.onebusaway.gtfs.model.Frequency
2023-08-12 13:02:54,265 INFO  [GtfsReader.java:185] : reading entities: org.onebusaway.gtfs.model.Pathway
2023-08-12 13:02:54,265 INFO  [GtfsReader.java:185] : reading entities: org.onebusaway.gtfs.model.Transfer
2023-08-12 13:02:54,265 INFO  [GtfsReader.java:185] : reading entities: org.onebusaway.gtfs.model.FeedInfo
2023-08-12 13:02:54,266 INFO  [GtfsReader.java:185] : reading entities: org.onebusaway.gtfs.model.Ridership
2023-08-12 13:02:54,266 INFO  [GtfsReader.java:185] : reading entities: org.onebusaway.gtfs.model.Translation
2023-08-12 13:02:54,266 INFO  [GtfsReader.java:185] : reading entities: org.onebusaway.gtfs.model.Vehicle
[INFO] Tests run: 13, Failures: 0, Errors: 0, Skipped: 0, Time elapsed: 0.547 s - in org.onebusaway.gtfs.serialization.GtfsReaderTest
[INFO] Running org.onebusaway.gtfs.serialization.GtfsReaderStopsTest
[WARNING] Tests run: 2, Failures: 0, Errors: 0, Skipped: 2, Time elapsed: 0 s - in org.onebusaway.gtfs.serialization.GtfsReaderStopsTest
[INFO] Running org.onebusaway.gtfs.serialization.LocationsGeoJSONReaderTest
[INFO] Tests run: 1, Failures: 0, Errors: 0, Skipped: 0, Time elapsed: 0.146 s - in org.onebusaway.gtfs.serialization.LocationsGeoJSONReaderTest
[INFO] Running org.onebusaway.gtfs.serialization.mappings.ServiceDateFieldMappingFactoryTest
[INFO] Tests run: 1, Failures: 0, Errors: 0, Skipped: 0, Time elapsed: 0.001 s - in org.onebusaway.gtfs.serialization.mappings.ServiceDateFieldMappingFactoryTest
[INFO] Running org.onebusaway.gtfs.serialization.mappings.LatLonFieldMappingFactoryTest
[INFO] Tests run: 3, Failures: 0, Errors: 0, Skipped: 0, Time elapsed: 0.001 s - in org.onebusaway.gtfs.serialization.mappings.LatLonFieldMappingFactoryTest
[INFO] Running org.onebusaway.gtfs.serialization.mappings.StopTimeFieldMappingFactoryTest
[INFO] Tests run: 3, Failures: 0, Errors: 0, Skipped: 0, Time elapsed: 0 s - in org.onebusaway.gtfs.serialization.mappings.StopTimeFieldMappingFactoryTest
[INFO] Running org.onebusaway.gtfs.serialization.GtfsReaderDefaultAgencyIdTest
[INFO] Tests run: 1, Failures: 0, Errors: 0, Skipped: 0, Time elapsed: 0 s - in org.onebusaway.gtfs.serialization.GtfsReaderDefaultAgencyIdTest
[INFO] Running org.onebusaway.gtfs.model.AgencyAndIdTest
[INFO] Tests run: 2, Failures: 0, Errors: 0, Skipped: 0, Time elapsed: 0 s - in org.onebusaway.gtfs.model.AgencyAndIdTest
[INFO] Running org.onebusaway.gtfs.model.calendar.LocalizedServiceIdTest
[INFO] Tests run: 1, Failures: 0, Errors: 0, Skipped: 0, Time elapsed: 0 s - in org.onebusaway.gtfs.model.calendar.LocalizedServiceIdTest
[INFO] Running org.onebusaway.gtfs.model.calendar.ServiceDateTest
[INFO] Tests run: 9, Failures: 0, Errors: 0, Skipped: 0, Time elapsed: 0 s - in org.onebusaway.gtfs.model.calendar.ServiceDateTest
[INFO] Running org.onebusaway.gtfs.model.calendar.ServiceIdIntervalsTest
[INFO] Tests run: 1, Failures: 0, Errors: 0, Skipped: 0, Time elapsed: 0 s - in org.onebusaway.gtfs.model.calendar.ServiceIdIntervalsTest
[INFO]
[INFO] Results:
[INFO]
[WARNING] Tests run: 84, Failures: 0, Errors: 0, Skipped: 2
[INFO]
[INFO]
[INFO] --------------< org.onebusaway:onebusaway-gtfs-hibernate >--------------
[INFO] Building onebusaway-gtfs-hibernate 1.3.109-SNAPSHOT                [3/9]
[INFO]   from onebusaway-gtfs-hibernate/pom.xml
[INFO] --------------------------------[ jar ]---------------------------------
[INFO]
[INFO] --- clean:2.6.1:clean (default-clean) @ onebusaway-gtfs-hibernate ---
[INFO]
[INFO] --- resources:2.7:resources (default-resources) @ onebusaway-gtfs-hibernate ---
[INFO] Using 'UTF-8' encoding to copy filtered resources.
[INFO] Copying 2 resources
[INFO]
[INFO] --- compiler:3.8.0:compile (default-compile) @ onebusaway-gtfs-hibernate ---
[INFO] Changes detected - recompiling the module!
[INFO] Compiling 6 source files to onebusaway-gtfs-hibernate/target/classes
[INFO] onebusaway-gtfs-hibernate/src/main/java/org/onebusaway/gtfs/impl/HibernateOperationsImpl.java: onebusaway-gtfs-hibernate/src/main/java/org/onebusaway/gtfs/impl/HibernateOperationsImpl.java uses or overrides a deprecated API.
[INFO] onebusaway-gtfs-hibernate/src/main/java/org/onebusaway/gtfs/impl/HibernateOperationsImpl.java: Recompile with -Xlint:deprecation for details.
[INFO] -------------------------------------------------------------
[ERROR] COMPILATION ERROR :
[INFO] -------------------------------------------------------------
[ERROR] onebusaway-gtfs-hibernate/src/main/java/org/onebusaway/gtfs/impl/ServiceDateUserType.java:[31,8] org.onebusaway.gtfs.impl.ServiceDateUserType is not abstract and does not override abstract method nullSafeSet(java.sql.PreparedStatement,java.lang.Object,int,org.hibernate.engine.spi.SharedSessionContractImplementor) in org.hibernate.usertype.UserType
[ERROR] onebusaway-gtfs-hibernate/src/main/java/org/onebusaway/gtfs/impl/ServiceDateUserType.java:[68,3] method does not override or implement a method from a supertype
[ERROR] onebusaway-gtfs-hibernate/src/main/java/org/onebusaway/gtfs/impl/ServiceDateUserType.java:[84,3] method does not override or implement a method from a supertype
[INFO] 3 errors
[INFO] -------------------------------------------------------------
[INFO] ------------------------------------------------------------------------
[INFO] Reactor Summary for onebusaway-gtfs-modules 1.3.109-SNAPSHOT:
[INFO]
[INFO] onebusaway-gtfs-modules ............................ SUCCESS [ 22.136 s]
[INFO] onebusaway-gtfs .................................... SUCCESS [03:35 min]
[INFO] onebusaway-gtfs-hibernate .......................... FAILURE [ 43.126 s]
[INFO] onebusaway-gtfs-hibernate-cli ...................... SKIPPED
[INFO] onebusaway-gtfs-transformer ........................ SKIPPED
[INFO] onebusaway-gtfs-transformer-cli .................... SKIPPED
[INFO] onebusaway-gtfs-transformer-cli-aws ................ SKIPPED
[INFO] onebusaway-gtfs-merge .............................. SKIPPED
[INFO] onebusaway-gtfs-merge-cli .......................... SKIPPED
[INFO] ------------------------------------------------------------------------
[INFO] BUILD FAILURE
[INFO] ------------------------------------------------------------------------
[INFO] Total time:  08:17 min
[INFO] Finished at: 2023-08-12T13:03:37Z
[INFO] ------------------------------------------------------------------------
[WARNING]
[WARNING] Plugin validation issues were detected in 4 plugin(s)
[WARNING]
[WARNING]  * org.apache.maven.plugins:maven-compiler-plugin:3.8.0
[WARNING]  * org.apache.maven.plugins:maven-resources-plugin:2.7
[WARNING]  * org.apache.maven.plugins:maven-surefire-plugin:2.22.1
[WARNING]  * org.apache.maven.plugins:maven-clean-plugin:2.6.1
[WARNING]
[WARNING] For more or less details, use 'maven.plugin.validation' property with one of the values (case insensitive): [BRIEF, DEFAULT, VERBOSE]
[WARNING]
[ERROR] Failed to execute goal org.apache.maven.plugins:maven-compiler-plugin:3.8.0:compile (default-compile) on project onebusaway-gtfs-hibernate: Compilation failure: Compilation failure:
[ERROR] onebusaway-gtfs-hibernate/src/main/java/org/onebusaway/gtfs/impl/ServiceDateUserType.java:[31,8] org.onebusaway.gtfs.impl.ServiceDateUserType is not abstract and does not override abstract method nullSafeSet(java.sql.PreparedStatement,java.lang.Object,int,org.hibernate.engine.spi.SharedSessionContractImplementor) in org.hibernate.usertype.UserType
[ERROR] onebusaway-gtfs-hibernate/src/main/java/org/onebusaway/gtfs/impl/ServiceDateUserType.java:[68,3] method does not override or implement a method from a supertype
[ERROR] onebusaway-gtfs-hibernate/src/main/java/org/onebusaway/gtfs/impl/ServiceDateUserType.java:[84,3] method does not override or implement a method from a supertype
[ERROR] -> [Help 1]
[ERROR]
[ERROR] To see the full stack trace of the errors, re-run Maven with the -e switch.
[ERROR] Re-run Maven using the -X switch to enable full debug logging.
[ERROR]
[ERROR] For more information about the errors and possible solutions, please read the following articles:
[ERROR] [Help 1] http://cwiki.apache.org/confluence/display/MAVEN/MojoFailureException
[ERROR]
[ERROR] After correcting the problems, you can resume the build with the command
[ERROR]   mvn <args> -rf :onebusaway-gtfs-hibernate
