[INFO] Scanning for projects...
[INFO] Inspecting build with total of 9 modules...
[INFO] Installing Nexus Staging features:
[INFO]   ... total of 9 executions of maven-deploy-plugin replaced with nexus-staging-maven-plugin
[INFO] ------------------------------------------------------------------------
[INFO] Reactor Build Order:
[INFO] 
[INFO] scheduler                                                          [pom]
[INFO] scheduler-api                                                      [jar]
[INFO] scheduler-json                                                     [jar]
[INFO] scheduler-choco                                                    [jar]
[INFO] scheduler-examples                                                 [jar]
[INFO] btrpsl                                                             [jar]
[INFO] safeplace                                                          [jar]
[INFO] bench                                                              [jar]
[INFO] scheduler-split                                                    [jar]
[INFO] 
[INFO] -----------------------< org.btrplace:scheduler >-----------------------
[INFO] Building scheduler 1.12.1-SNAPSHOT                                 [1/9]
[INFO]   from pom.xml
[INFO] --------------------------------[ pom ]---------------------------------
[INFO] 
[INFO] --- clean:3.2.0:clean (default-clean) @ scheduler ---
[INFO] 
[INFO] --- jacoco:0.8.7:prepare-agent (default) @ scheduler ---
[INFO] argLine set to -javaagent:/root/.m2/repository/org/jacoco/org.jacoco.agent/0.8.7/org.jacoco.agent-0.8.7-runtime.jar=destfile=/scheduler/target/jacoco.exec,excludes=org/btrplace/btrpsl/**/*:org/btrplace/safeplace/**/*:org/btrplace/bench/**/*:org/btrplace/scheduler/runner/disjoint/**/*
[INFO] 
[INFO] --- jacoco:0.8.7:report (report) @ scheduler ---
[INFO] Skipping JaCoCo execution due to missing execution data file.
[INFO] 
[INFO] ---------------------< org.btrplace:scheduler-api >---------------------
[INFO] Building scheduler-api 1.12.1-SNAPSHOT                             [2/9]
[INFO]   from api/pom.xml
[INFO] --------------------------------[ jar ]---------------------------------
[INFO] 
[INFO] --- clean:3.2.0:clean (default-clean) @ scheduler-api ---
[INFO] Deleting /scheduler/api/target
[INFO] 
[INFO] --- jacoco:0.8.7:prepare-agent (default) @ scheduler-api ---
[INFO] argLine set to -javaagent:/root/.m2/repository/org/jacoco/org.jacoco.agent/0.8.7/org.jacoco.agent-0.8.7-runtime.jar=destfile=/scheduler/api/target/jacoco.exec,excludes=org/btrplace/btrpsl/**/*:org/btrplace/safeplace/**/*:org/btrplace/bench/**/*:org/btrplace/scheduler/runner/disjoint/**/*
[INFO] 
[INFO] --- resources:3.3.0:resources (default-resources) @ scheduler-api ---
[INFO] skip non existing resourceDirectory /scheduler/api/src/main/resources
[INFO] 
[INFO] --- compiler:3.8.1:compile (default-compile) @ scheduler-api ---
[INFO] Changes detected - recompiling the module!
[INFO] Compiling 146 source files to /scheduler/api/target/classes
[INFO] /scheduler/api/src/main/java/org/btrplace/model/view/NamingService.java: Some input files use unchecked or unsafe operations.
[INFO] /scheduler/api/src/main/java/org/btrplace/model/view/NamingService.java: Recompile with -Xlint:unchecked for details.
[INFO] 
[INFO] --- resources:3.3.0:testResources (default-testResources) @ scheduler-api ---
[INFO] Copying 1 resource
[INFO] 
[INFO] --- compiler:3.8.1:testCompile (default-testCompile) @ scheduler-api ---
[INFO] Changes detected - recompiling the module!
[INFO] Compiling 68 source files to /scheduler/api/target/test-classes
[INFO] /scheduler/api/src/test/java/org/btrplace/util/IntObjectMapTest.java: /scheduler/api/src/test/java/org/btrplace/util/IntObjectMapTest.java uses unchecked or unsafe operations.
[INFO] /scheduler/api/src/test/java/org/btrplace/util/IntObjectMapTest.java: Recompile with -Xlint:unchecked for details.
[INFO] 
[INFO] --- surefire:3.0.0-M5:test (default-test) @ scheduler-api ---
[INFO] 
[INFO] -------------------------------------------------------
[INFO]  T E S T S
[INFO] -------------------------------------------------------
[INFO] Running TestSuite
ban(vm=vm#0, nodes=[node#0], continuous)
1:2 {action=migrate(vm=vm#0, from=node#0, to=node#1, bw=2147483647)}
1:2 {action=migrate(vm=vm#1, from=node#0, to=node#1, bw=2147483647)}
fence(vm=vm#0, nodes=[node#0], continuous)
gather(vms=[vm#0, vm#1], continuous)
killed(vm=vm#0)
lonely(vms=[vm#0, vm#1, vm#2], discrete)
offline(node=node#0)
online(node=node#0)
overbook(node=node#0, rc=foo, ratio=1.5, discrete)
preserve(vm=vm#0, rc=cpu, amount=3, discrete)
quarantine(node=node#0, continuous)
ready(vms=vm#0)
0:1 {action=migrate(vm=vm#3, from=node#2, to=node#1, bw=2147483647), @post= {allocate(vm=vm#3, rc=foo, amount=2)}}
1:2 {action=shutdown(vm=vm#2, on=node#1)}
2:3 {action=allocate(vm=vm#1, on=node#0, rc=foo, amount=2)}
2:3 {action=boot(vm=vm#4, on=node#2)}
3:4 {action=migrate(vm=vm#0, from=node#0, to=node#2, bw=2147483647)}
resourceCapacity(nodes=[node#0, node#1], rc=foo, amount=3, continuous)
root(vm=vm#0, continuous)
runningCapacity(nodes=[node#0, node#1], amount=3)
running(vms=vm#0)
seq(vms=[vm#0, vm#1, vm#2], continuous)
sleeping(vms=vm#0)
splitAmong(vms=[[[vm#0, vm#1], [vm#2, vm#3]], nodes=[[node#0, node#1], [node#2, node#3]], discrete)
split(vms=[[vm#0], [vm#1]], discrete)
Mapping:
node#3: - 
node#2: - 
node#1: vm#2 vm#1
node#0: vm#0
READY

Attributes: -
Views: -
Mapping:
node#3: - 
node#2: - 
node#1: vm#2 vm#1
node#0: vm#0
READY

Attributes: -
Views: -
spread(vms=[vm#0, vm#1], discrete)
1:3 {action=pretty(vm#3, start= 1, end=3)}
1:3 {action=pretty(vm#0, start= 1, end=3)}
2:4 {action=pretty(vm#1, start= 2, end=4)}
2:4 {action=pretty(vm#2, start= 2, end=4)}
[INFO] Tests run: 260, Failures: 0, Errors: 0, Skipped: 0, Time elapsed: 3.22 s - in TestSuite
[INFO] 
[INFO] Results:
[INFO] 
[INFO] Tests run: 260, Failures: 0, Errors: 0, Skipped: 0
[INFO] 
[INFO] 
[INFO] --- jacoco:0.8.7:report (report) @ scheduler-api ---
[INFO] Loading execution data file /scheduler/api/target/jacoco.exec
[INFO] Analyzed bundle 'scheduler-api' with 123 classes
[INFO] 
[INFO] --------------------< org.btrplace:scheduler-json >---------------------
[INFO] Building scheduler-json 1.12.1-SNAPSHOT                            [3/9]
[INFO]   from json/pom.xml
[INFO] --------------------------------[ jar ]---------------------------------
[INFO] 
[INFO] --- clean:3.2.0:clean (default-clean) @ scheduler-json ---
[INFO] Deleting /scheduler/json/target
[INFO] 
[INFO] --- jacoco:0.8.7:prepare-agent (default) @ scheduler-json ---
[INFO] argLine set to -javaagent:/root/.m2/repository/org/jacoco/org.jacoco.agent/0.8.7/org.jacoco.agent-0.8.7-runtime.jar=destfile=/scheduler/json/target/jacoco.exec,excludes=org/btrplace/btrpsl/**/*:org/btrplace/safeplace/**/*:org/btrplace/bench/**/*:org/btrplace/scheduler/runner/disjoint/**/*
[INFO] 
[INFO] --- resources:3.3.0:resources (default-resources) @ scheduler-json ---
[INFO] skip non existing resourceDirectory /scheduler/json/src/main/resources
[INFO] 
[INFO] --- compiler:3.8.1:compile (default-compile) @ scheduler-json ---
[INFO] Changes detected - recompiling the module!
[INFO] Compiling 61 source files to /scheduler/json/target/classes
[INFO] /scheduler/json/src/main/java/org/btrplace/json/model/view/ModelViewsConverter.java: Some input files use unchecked or unsafe operations.
[INFO] /scheduler/json/src/main/java/org/btrplace/json/model/view/ModelViewsConverter.java: Recompile with -Xlint:unchecked for details.
[INFO] 
[INFO] --- resources:3.3.0:testResources (default-testResources) @ scheduler-json ---
[INFO] skip non existing resourceDirectory /scheduler/json/src/test/resources
[INFO] 
[INFO] --- compiler:3.8.1:testCompile (default-testCompile) @ scheduler-json ---
[INFO] Changes detected - recompiling the module!
[INFO] Compiling 40 source files to /scheduler/json/target/test-classes
[INFO] 
[INFO] --- surefire:3.0.0-M5:test (default-test) @ scheduler-json ---
[INFO] 
[INFO] -------------------------------------------------------
[INFO]  T E S T S
[INFO] -------------------------------------------------------
[INFO] Running TestSuite
{"continuous":false,"parts":[[0,1],[2,3],[4]],"id":"among","vms":[0,1,2]}
{"nodes":{"0":{"boot":7}},"vms":{"0":{"template":"xen","forge":3},"3":{"template":"kvm","foo":1.3,"clone":true}}}
{"nodes":[0,1],"vm":0,"continuous":false,"id":"ban"}
{"vm":0,"continuous":false,"id":"Deadline","timestamp":"+00:00:15"}
{"nodes":[0,1],"vm":0,"continuous":false,"id":"fence"}
{"continuous":false,"id":"gather","vms":[0,1]}
{"model":{"mapping":{"readyVMs":[1,0],"onlineNodes":{},"offlineNodes":[0]},"attributes":{"nodes":{},"vms":{}},"views":[]},"constraints":[{"node":0,"id":"online"},{"vm":1,"id":"running"}],"objective":{"id":"minimizeMTTR"}}
{"vm":0,"id":"killed"}
{"continuous":false,"id":"lonely","vms":[0,1]}
{"amount":2,"nodes":[0,1,2],"continuous":false,"id":"maxOnline"}
{"id":"minimizeMigrations"}
{"id":"minimizeMTTR"}
{"mapping":{"readyVMs":[2],"onlineNodes":{"0":{"sleepingVMs":[1],"runningVMs":[0]},"2":{"sleepingVMs":[],"runningVMs":[3]}},"offlineNodes":[1]},"attributes":{"nodes":{},"vms":{}},"views":[]}
{"mapping":{"readyVMs":[0],"onlineNodes":{"0":{"sleepingVMs":[],"runningVMs":[]}},"offlineNodes":[]},"attributes":{"nodes":{"0":{"type":"xen"}},"vms":{"0":{"boot":5}}},"views":[{"defConsumption":0,"nodes":{"0":10},"rcId":"cpu","id":"shareableResource","defCapacity":0,"vms":{"0":5}}]}
{"id":"ns","type":"vm","map":{"VM 1":1,"VM 2":2,"VM 3":3,"VM 4":4,"VM 5":5,"VM 6":6,"VM 7":7,"VM 8":8,"VM 9":9,"VM 0":0}}
{"mapping":{"readyVMs":[],"onlineNodes":{"0":{"sleepingVMs":[],"runningVMs":[]},"1":{"sleepingVMs":[],"runningVMs":[]}},"offlineNodes":[]},"attributes":{"nodes":{},"vms":{}},"views":[{"routing":{"routes":[{"nodes_map":{"dst":1,"src":0},"links":[{"link":0,"direction":"true"},{"link":1,"direction":"false"}]}],"type":"static"},"switches":[{"id":0,"capacity":1000}],"links":[{"physicalElement":{"id":0,"type":"node"},"id":0,"capacity":1000,"switch":0},{"physicalElement":{"id":1,"type":"node"},"id":1,"capacity":1000,"switch":0}],"id":"net"}]}
{"mapping":{"readyVMs":[],"onlineNodes":{"0":{"sleepingVMs":[],"runningVMs":[]},"1":{"sleepingVMs":[],"runningVMs":[]}},"offlineNodes":[]},"attributes":{"nodes":{},"vms":{}},"views":[{"routing":{"type":"default"},"switches":[{"id":0,"capacity":1000}],"links":[{"physicalElement":{"id":0,"type":"node"},"id":0,"capacity":1000,"switch":0},{"physicalElement":{"id":1,"type":"node"},"id":1,"capacity":1000,"switch":0}],"id":"net"}]}
{"vm":0,"continuous":false,"id":"noDelay"}
{"node":0,"id":"offline"}
{"node":0,"id":"online"}
{"node":0,"rc":"foo","continuous":true,"id":"overbook","ratio":1.4}
{"continuous":false,"vm2":1,"id":"Precedence","vm1":0}
{"rc":"cpu","amount":5,"vm":0,"id":"preserve"}
{"node":0,"id":"quarantine"}
{"vm":0,"id":"ready"}
{"rc":"cpu","amount":5,"nodes":[0,1,2],"continuous":false,"id":"resourceCapacity"}
{"vm":0,"id":"root"}
{"amount":5,"nodes":[0,1,2],"id":"runningCapacity"}
{"vm":0,"id":"running"}
{"id":"seq","vms":[0,1,2]}
{"continuous":false,"id":"Serialize","vms":[0,1]}
{"vm":0,"id":"sleeping"}
{"pParts":[[0,1],[2,3],[4]],"continuous":false,"id":"splitAmong","vParts":[[0,1,2],[6,7],[3,4,5]]}
{"continuous":false,"parts":[[0,1],[2,3],[4]],"id":"split"}
{"continuous":false,"id":"spread","vms":[0,1]}
{"continuous":false,"id":"Sync","vms":[0,1]}
{"origin":{"mapping":{"readyVMs":[],"onlineNodes":{"0":{"sleepingVMs":[],"runningVMs":[0]}},"offlineNodes":[]},"attributes":{"nodes":{},"vms":{}},"views":[]},"actions":[{"vm":0,"start":0,"end":1,"id":"bootVM","hooks":{"pre":[{"vm":0,"qty":7,"id":"customID"}],"post":[{"vm":0,"qty":10,"id":"customID"}]},"on":0}]}
[INFO] Tests run: 93, Failures: 0, Errors: 0, Skipped: 0, Time elapsed: 1.402 s - in TestSuite
[INFO] 
[INFO] Results:
[INFO] 
[INFO] Tests run: 93, Failures: 0, Errors: 0, Skipped: 0
[INFO] 
[INFO] 
[INFO] --- jacoco:0.8.7:report (report) @ scheduler-json ---
[INFO] Loading execution data file /scheduler/json/target/jacoco.exec
[INFO] Analyzed bundle 'scheduler-json' with 64 classes
[INFO] 
[INFO] --------------------< org.btrplace:scheduler-choco >--------------------
[INFO] Building scheduler-choco 1.12.1-SNAPSHOT                           [4/9]
[INFO]   from choco/pom.xml
[INFO] --------------------------------[ jar ]---------------------------------
[INFO] 
[INFO] --- clean:3.2.0:clean (default-clean) @ scheduler-choco ---
[INFO] Deleting /scheduler/choco/target
[INFO] 
[INFO] --- jacoco:0.8.7:prepare-agent (default) @ scheduler-choco ---
[INFO] argLine set to -javaagent:/root/.m2/repository/org/jacoco/org.jacoco.agent/0.8.7/org.jacoco.agent-0.8.7-runtime.jar=destfile=/scheduler/choco/target/jacoco.exec,excludes=org/btrplace/btrpsl/**/*:org/btrplace/safeplace/**/*:org/btrplace/bench/**/*:org/btrplace/scheduler/runner/disjoint/**/*
[INFO] 
[INFO] --- resources:3.3.0:resources (default-resources) @ scheduler-choco ---
[INFO] skip non existing resourceDirectory /scheduler/choco/src/main/resources
[INFO] 
[INFO] --- compiler:3.8.1:compile (default-compile) @ scheduler-choco ---
[INFO] Changes detected - recompiling the module!
[INFO] Compiling 118 source files to /scheduler/choco/target/classes
[INFO] /scheduler/choco/src/main/java/org/btrplace/scheduler/choco/DefaultReconfigurationProblem.java: /scheduler/choco/src/main/java/org/btrplace/scheduler/choco/DefaultReconfigurationProblem.java uses or overrides a deprecated API.
[INFO] /scheduler/choco/src/main/java/org/btrplace/scheduler/choco/DefaultReconfigurationProblem.java: Recompile with -Xlint:deprecation for details.
[INFO] /scheduler/choco/src/main/java/org/btrplace/scheduler/choco/duration/DurationEvaluators.java: Some input files use unchecked or unsafe operations.
[INFO] /scheduler/choco/src/main/java/org/btrplace/scheduler/choco/duration/DurationEvaluators.java: Recompile with -Xlint:unchecked for details.
[INFO] 
[INFO] --- resources:3.3.0:testResources (default-testResources) @ scheduler-choco ---
[INFO] Copying 9 resources
[INFO] 
[INFO] --- compiler:3.8.1:testCompile (default-testCompile) @ scheduler-choco ---
[INFO] Changes detected - recompiling the module!
[INFO] Compiling 61 source files to /scheduler/choco/target/test-classes
[INFO] 
[INFO] --- surefire:3.0.0-M5:test (default-test) @ scheduler-choco ---
[INFO] 
[INFO] -------------------------------------------------------
[INFO]  T E S T S
[INFO] -------------------------------------------------------
[INFO] Running TestSuite
SLF4J: Failed to load class "org.slf4j.impl.StaticLoggerBinder".
SLF4J: Defaulting to no-operation (NOP) logger implementation
SLF4J: See http://www.slf4j.org/codes.html#StaticLoggerBinder for further details.
2 node(s); 3 VM(s); 1 constraint(s); optimize
Building duration: 2ms (core) + 18ms (specialization)
After 4ms of search (terminated): at 4ms, 12 Nodes (Infinity n/s), 21 Backtracks, 9 Fails, 0 Restarts, 2 solution(s):
	1)at 2ms, 7 Nodes (Infinity n/s), 0 Backtracks, 0 Fails, 0 Restarts, objective: 2
	2)at 3ms, 12 Nodes (Infinity n/s), 11 Backtracks, 5 Fails, 0 Restarts, objective: 1

0:1 {action=migrate(vm=vm#0, from=node#0, to=node#1, bw=2147483647), @post= {allocate(vm=vm#0, rc=cpu, amount=5)}}
4 node(s); 56 VM(s); 30 constraint(s); optimize
Building duration: 8ms (core) + 4ms (specialization)
After 240ms of search (terminated): at 240ms, 375 Nodes (Infinity n/s), 743 Backtracks, 368 Fails, 0 Restarts, 4 solution(s):
	1)at 23ms, 64 Nodes (Infinity n/s), 0 Backtracks, 0 Fails, 0 Restarts, objective: 22
	2)at 36ms, 79 Nodes (Infinity n/s), 37 Backtracks, 18 Fails, 0 Restarts, objective: 14
	3)at 208ms, 369 Nodes (Infinity n/s), 625 Backtracks, 311 Fails, 0 Restarts, objective: 6
	4)at 227ms, 375 Nodes (Infinity n/s), 704 Backtracks, 350 Fails, 0 Restarts, objective: 3

0:3 {action=migrate(vm=vm#31, from=node#1, to=node#2, bw=2147483647), @post= {allocate(vm=vm#31, rc=controller_cpu, amount=3345)}}
3:3 {action=allocate(vm=vm#29, on=node#1, rc=controller_cpu, amount=79)}
3:3 {action=allocate(vm=vm#20, on=node#1, rc=controller_cpu, amount=174)}
3:3 {action=allocate(vm=vm#24, on=node#1, rc=controller_cpu, amount=577)}
3:3 {action=allocate(vm=vm#27, on=node#1, rc=controller_cpu, amount=587)}
3:3 {action=allocate(vm=vm#18, on=node#1, rc=controller_cpu, amount=123)}
3:3 {action=allocate(vm=vm#19, on=node#1, rc=controller_cpu, amount=561)}
3:3 {action=allocate(vm=vm#32, on=node#1, rc=controller_cpu, amount=1864)}
3:3 {action=allocate(vm=vm#22, on=node#1, rc=controller_cpu, amount=99)}
3:3 {action=allocate(vm=vm#25, on=node#1, rc=controller_cpu, amount=574)}
3:3 {action=allocate(vm=vm#28, on=node#1, rc=controller_cpu, amount=127)}
3:3 {action=allocate(vm=vm#33, on=node#1, rc=controller_cpu, amount=496)}
0:1 {action=migrate(vm=vm#1, from=node#1, to=node#2, bw=2147483647)}
1:2 {action=migrate(vm=vm#0, from=node#0, to=node#1, bw=2147483647)}
0:1 {action=migrate(vm=vm#0, from=node#0, to=node#1, bw=2147483647)}
0:1 {action=migrate(vm=vm#1, from=node#1, to=node#0, bw=2147483647)}
1000 node(s); 10000 VM(s); 10000 constraint(s); satisfy; timeout: 1s
Building duration: 376ms (core) + 86ms (specialization)
After 1210ms of search (timeout): at 1210ms, 2 Nodes (2.0 n/s), 0 Backtracks, 0 Fails, 0 Restarts, 0 solution(s).
0:5 {action=shutdown(node=node#0)}
0:5 {action=shutdown(node=node#0)}
5:10 {action=shutdown(node=node#1)}
0:10 {action=boot(node=node#1)}
1:6 {action=shutdown(node=node#1)}
6:16 {action=boot(node=node#2)}
2:7 {action=shutdown(node=node#0)}
0:5 {action=shutdown(node=node#0)}
5:7 {action=boot(node=node#1)}
at 0ms, 0 Nodes (NaN n/s), 0 Backtracks, 0 Fails, 0 Restarts, objective: 12
node ONLINE : shutdownable
node OFFLINE : bootable
vm [INIT] -> INIT: stayInit
vm [INIT] -> READY: forge
vm [READY] -> READY: stayReady
vm [RUNNING] -> READY: shutdown
vm [READY] -> RUNNING: boot
vm [RUNNING] -> RUNNING: relocatable
vm [SLEEPING] -> RUNNING: resume
vm [RUNNING] -> SLEEPING: suspend
vm [SLEEPING] -> SLEEPING: staySleeping
vm [INIT, READY, RUNNING, SLEEPING] -> KILLED: kill

500 node(s); 51001 VM(s); 1 constraint(s); satisfy
Building duration: 2187ms (core) + 727ms (specialization)
After 1669ms of search (terminated): at 1669ms, 0 Nodes (0.0 n/s), 0 Backtracks, 1 Fails, 0 Restarts, 0 solution(s).
---- Stage 1/2 ----
32 node(s); 6688 VM(s); 3 constraint(s); satisfy
Building duration: 95ms (core) + 133ms (specialization)
After 49451ms of search (terminated): at 49451ms, 6793 Nodes (138.6 n/s), 0 Backtracks, 0 Fails, 0 Restarts, 1 solution(s):
	1)at 49404ms, 6793 Nodes (138.6 n/s), 0 Backtracks, 0 Fails, 0 Restarts, objective: 71

---- Stage 2/2 ----
32 node(s); 6688 VM(s); 6691 constraint(s); satisfy
Building duration: 140ms (core) + 368ms (specialization)
After 968ms of search (terminated): at 968ms, 105 Nodes (Infinity n/s), 0 Backtracks, 0 Fails, 0 Restarts, 1 solution(s):
	1)at 913ms, 105 Nodes (Infinity n/s), 0 Backtracks, 0 Fails, 0 Restarts, objective: 9144


71 action(s)
---- Stage 1/2 ----
16 node(s); 1664 VM(s); 3 constraint(s); satisfy
Building duration: 40ms (core) + 25ms (specialization)
After 1467ms of search (terminated): at 1467ms, 1716 Nodes (1,716.0 n/s), 0 Backtracks, 0 Fails, 0 Restarts, 1 solution(s):
	1)at 1455ms, 1716 Nodes (1,716.0 n/s), 0 Backtracks, 0 Fails, 0 Restarts, objective: 34

---- Stage 2/2 ----
16 node(s); 1664 VM(s); 1667 constraint(s); satisfy
Building duration: 35ms (core) + 33ms (specialization)
After 195ms of search (terminated): at 195ms, 52 Nodes (Infinity n/s), 0 Backtracks, 0 Fails, 0 Restarts, 1 solution(s):
	1)at 182ms, 52 Nodes (Infinity n/s), 0 Backtracks, 0 Fails, 0 Restarts, objective: 595


34 action(s)
--- 0 ---
4 node(s); 96 VM(s); 62 constraint(s); satisfy
Building duration: 3ms (core) + 2ms (specialization)
After 8ms of search (terminated): at 8ms, 98 Nodes (Infinity n/s), 1 Backtracks, 1 Fails, 0 Restarts, 1 solution(s):
	1)at 7ms, 98 Nodes (Infinity n/s), 1 Backtracks, 1 Fails, 0 Restarts, objective: 400

15 action(s)
--- 1 ---
8 node(s); 136 VM(s); 65 constraint(s); satisfy
Building duration: 4ms (core) + 2ms (specialization)
After 15ms of search (terminated): at 15ms, 157 Nodes (Infinity n/s), 1 Backtracks, 1 Fails, 0 Restarts, 1 solution(s):
	1)at 14ms, 157 Nodes (Infinity n/s), 1 Backtracks, 1 Fails, 0 Restarts, objective: 1123

41 action(s)
--- 2 ---
8 node(s); 136 VM(s); 65 constraint(s); satisfy
Building duration: 5ms (core) + 3ms (specialization)
After 23ms of search (terminated): at 23ms, 151 Nodes (Infinity n/s), 1 Backtracks, 1 Fails, 0 Restarts, 1 solution(s):
	1)at 22ms, 151 Nodes (Infinity n/s), 1 Backtracks, 1 Fails, 0 Restarts, objective: 1030

36 action(s)
--- 3 ---
8 node(s); 139 VM(s); 82 constraint(s); satisfy
Building duration: 17ms (core) + 3ms (specialization)
After 30ms of search (terminated): at 30ms, 176 Nodes (Infinity n/s), 1 Backtracks, 1 Fails, 0 Restarts, 1 solution(s):
	1)at 29ms, 176 Nodes (Infinity n/s), 1 Backtracks, 1 Fails, 0 Restarts, objective: 1607

66 action(s)
--- 4 ---
8 node(s); 139 VM(s); 82 constraint(s); satisfy
Building duration: 3ms (core) + 2ms (specialization)
After 18ms of search (terminated): at 18ms, 173 Nodes (Infinity n/s), 1 Backtracks, 1 Fails, 0 Restarts, 1 solution(s):
	1)at 17ms, 173 Nodes (Infinity n/s), 1 Backtracks, 1 Fails, 0 Restarts, objective: 1655

66 action(s)
0:1 {action=migrate(vm=vm#4, from=node#2, to=node#3, bw=1000)}
1:2 {action=migrate(vm=vm#5, from=node#2, to=node#3, bw=1000)}
2:3 {action=shutdown(node=node#2)}
2:3 {action=migrate(vm=vm#2, from=node#1, to=node#3, bw=1000)}
3:4 {action=migrate(vm=vm#3, from=node#1, to=node#3, bw=1000)}
4:5 {action=migrate(vm=vm#0, from=node#0, to=node#3, bw=1000)}
4:5 {action=shutdown(node=node#1)}
5:6 {action=migrate(vm=vm#1, from=node#0, to=node#3, bw=1000)}
6:7 {action=shutdown(node=node#0)}
---- Stage 1/2 ----
4 node(s); 8 VM(s); 3 constraint(s); satisfy
Building duration: 1ms (core) + 0ms (specialization)
After 0ms of search (terminated): at 0ms, 6 Nodes (Infinity n/s), 0 Backtracks, 0 Fails, 0 Restarts, 1 solution(s):
	1)at 0ms, 6 Nodes (Infinity n/s), 0 Backtracks, 0 Fails, 0 Restarts, objective: 12

---- Stage 2/2 ----
4 node(s); 8 VM(s); 11 constraint(s); satisfy
Building duration: 0ms (core) + 1ms (specialization)
After 5ms of search (terminated): at 5ms, 32 Nodes (Infinity n/s), 25 Backtracks, 23 Fails, 0 Restarts, 1 solution(s):
	1)at 5ms, 32 Nodes (Infinity n/s), 25 Backtracks, 23 Fails, 0 Restarts, objective: 36


4 node(s); 87 VM(s) (21 managed); 1 constraint(s); satisfy; timeout: 60000s
Building duration: 1ms (core) + 1ms (specialization)
After 4ms of search (terminated): at 4ms, 27 Nodes (Infinity n/s), 0 Backtracks, 0 Fails, 0 Restarts, 1 solution(s):
	1)at 4ms, 27 Nodes (Infinity n/s), 0 Backtracks, 0 Fails, 0 Restarts, objective: 23

3.0 x foo + 0.0
[INFO] Tests run: 238, Failures: 0, Errors: 0, Skipped: 0, Time elapsed: 73.491 s - in TestSuite
[INFO] 
[INFO] Results:
[INFO] 
[INFO] Tests run: 238, Failures: 0, Errors: 0, Skipped: 0
[INFO] 
[INFO] 
[INFO] --- jacoco:0.8.7:report (report) @ scheduler-choco ---
[INFO] Loading execution data file /scheduler/choco/target/jacoco.exec
[INFO] Analyzed bundle 'scheduler-choco' with 128 classes
[INFO] 
[INFO] ------------------< org.btrplace:scheduler-examples >-------------------
[INFO] Building scheduler-examples 1.12.1-SNAPSHOT                        [5/9]
[INFO]   from examples/pom.xml
[INFO] --------------------------------[ jar ]---------------------------------
[INFO] 
[INFO] --- clean:3.2.0:clean (default-clean) @ scheduler-examples ---
[INFO] Deleting /scheduler/examples/target
[INFO] 
[INFO] --- jacoco:0.8.7:prepare-agent (default) @ scheduler-examples ---
[INFO] argLine set to -javaagent:/root/.m2/repository/org/jacoco/org.jacoco.agent/0.8.7/org.jacoco.agent-0.8.7-runtime.jar=destfile=/scheduler/examples/target/jacoco.exec,excludes=org/btrplace/btrpsl/**/*:org/btrplace/safeplace/**/*:org/btrplace/bench/**/*:org/btrplace/scheduler/runner/disjoint/**/*
[INFO] 
[INFO] --- resources:3.3.0:resources (default-resources) @ scheduler-examples ---
[INFO] skip non existing resourceDirectory /scheduler/examples/src/main/resources
[INFO] 
[INFO] --- compiler:3.8.1:compile (default-compile) @ scheduler-examples ---
[INFO] Changes detected - recompiling the module!
[INFO] Compiling 7 source files to /scheduler/examples/target/classes
[INFO] 
[INFO] --- resources:3.3.0:testResources (default-testResources) @ scheduler-examples ---
[INFO] skip non existing resourceDirectory /scheduler/examples/src/test/resources
[INFO] 
[INFO] --- compiler:3.8.1:testCompile (default-testCompile) @ scheduler-examples ---
[INFO] Changes detected - recompiling the module!
[INFO] Compiling 1 source file to /scheduler/examples/target/test-classes
[INFO] 
[INFO] --- surefire:3.0.0-M5:test (default-test) @ scheduler-examples ---
[INFO] 
[INFO] --- jacoco:0.8.7:report (report) @ scheduler-examples ---
[INFO] Skipping JaCoCo execution due to missing execution data file.
[INFO] 
[INFO] ------------------------< org.btrplace:btrpsl >-------------------------
[INFO] Building btrpsl 1.12.1-SNAPSHOT                                    [6/9]
[INFO]   from btrpsl/pom.xml
[INFO] --------------------------------[ jar ]---------------------------------
[INFO] 
[INFO] --- clean:3.2.0:clean (default-clean) @ btrpsl ---
[INFO] Deleting /scheduler/btrpsl/target
[INFO] 
[INFO] --- jacoco:0.8.7:prepare-agent (default) @ btrpsl ---
[INFO] argLine set to -javaagent:/root/.m2/repository/org/jacoco/org.jacoco.agent/0.8.7/org.jacoco.agent-0.8.7-runtime.jar=destfile=/scheduler/btrpsl/target/jacoco.exec,excludes=org/btrplace/btrpsl/**/*:org/btrplace/safeplace/**/*:org/btrplace/bench/**/*:org/btrplace/scheduler/runner/disjoint/**/*
[INFO] 
[INFO] --- antlr3:3.5.2:antlr (default) @ btrpsl ---
[INFO] ANTLR: Processing source directory /scheduler/btrpsl/src/main/antlr3
ANTLR Parser Generator  Version 3.5.2
Output file /scheduler/btrpsl/target/generated-sources/antlr3/org/btrplace/btrpsl/antlr/ANTLRBtrplaceSL2Parser.java does not exist: must build /scheduler/btrpsl/src/main/antlr3/org/btrplace/btrpsl/antlr/ANTLRBtrplaceSL2.g
org/btrplace/btrpsl/antlr/ANTLRBtrplaceSL2.g
[INFO] 
[INFO] --- resources:3.3.0:resources (default-resources) @ btrpsl ---
[INFO] skip non existing resourceDirectory /scheduler/btrpsl/src/main/resources
[INFO] 
[INFO] --- compiler:3.8.1:compile (default-compile) @ btrpsl ---
[INFO] Changes detected - recompiling the module!
[INFO] Compiling 98 source files to /scheduler/btrpsl/target/classes
[INFO] 
[INFO] --- resources:3.3.0:testResources (default-testResources) @ btrpsl ---
[INFO] Copying 42 resources
[INFO] 
[INFO] --- compiler:3.8.1:testCompile (default-testCompile) @ btrpsl ---
[INFO] Changes detected - recompiling the module!
[INFO] Compiling 31 source files to /scheduler/btrpsl/target/test-classes
[INFO] 
[INFO] --- surefire:3.0.0-M5:test (default-test) @ btrpsl ---
[INFO] 
[INFO] -------------------------------------------------------
[INFO]  T E S T S
[INFO] -------------------------------------------------------
[INFO] Running TestSuite
SLF4J: Failed to load class "org.slf4j.impl.StaticLoggerBinder".
SLF4J: Defaulting to no-operation (NOP) logger implementation
SLF4J: See http://www.slf4j.org/codes.html#StaticLoggerBinder for further details.
[test 2:18] Unknown node 'N1'
[test 2:6] Unknown node 'N1'
[test 2:17] Unknown node 'N1'
[test 2:8] Empty sets not allowed
[test 2:19] Unknown node 'N1'
[test 2:19] Unknown node 'N1'
[test 2:0] 'among(set<vm>, ??, set<vm>)' cannot be casted to 'among(set<VM>, set<set<NODE>>)'
[test 2:19] Unknown node 'N1'
[test 2:22] Unknown node 'N1'
[test 2:15] Empty sets not allowed
[test 2:6] Empty sets not allowed
[test 2:9] Empty sets not allowed
[test 2:24] 'ban(node, set<node>)' cannot be casted to 'ban(set<VM>, set<NODE>)'
[test 2:24] 'ban(set<vm>, set<vm>)' cannot be casted to 'ban(set<VM>, set<NODE>)'
[test 2:24] 'ban(set<vm>, set<node>, node)' cannot be casted to 'ban(set<VM>, set<NODE>)'
[test 2:24] 'ban(set<vm>, set<node>, vm)' cannot be casted to 'ban(set<VM>, set<NODE>)'
[test 2:24] 'ban(set<vm>, set<node>, node)' cannot be casted to 'ban(set<VM>, set<NODE>)'
[test 2:24] 'ban(set<vm>, set<set<node>>)' cannot be casted to 'ban(set<VM>, set<NODE>)'
[test 2:28] Empty sets not allowed
[test 2:32] Empty sets not allowed
[test 2:28] Empty sets not allowed
[test 2:31] Empty sets not allowed
{{2, 1}, {2, 3}, {3, 1}}
[test 3:2] 'fence(node, set<node>)' cannot be casted to 'fence(set<VM>, set<NODE>)'
[test 3:0] 'fence(set<node>, set<node>)' cannot be casted to 'fence(set<VM>, set<NODE>)'
[test 3:0] 'fence(set<vm>, set<vm>)' cannot be casted to 'fence(set<VM>, set<NODE>)'
[test 3:0] 'fence(set<vm>, set<node>, vm)' cannot be casted to 'fence(set<VM>, set<NODE>)'
[test 3:0] 'fence(set<vm>, set<node>, node)' cannot be casted to 'fence(set<VM>, set<NODE>)'
[test 3:0] 'fence(set<vm>, set<set<node>>)' cannot be casted to 'fence(set<VM>, set<NODE>)'
[test 3:6] Empty sets not allowed
[test 3:10] Empty sets not allowed
[test 3:6] Empty sets not allowed
[test 3:9] Empty sets not allowed
gather({VM1,VM2},@N1); [test 2:17] Unknown node 'N1'
[test 2:0] 'gather(set<vm>, ??)' cannot be casted to 'gather(set<VM>)'
gather({}); [test 2:7] Empty sets not allowed
gather(@N[1..10]); [test 2:13] Unknown node 'N1'
gather(VMa); [test 2:7] Unknown VM 'VMa'
gather(); [test 2:7] no viable alternative at input ')'
>>killed({}); [test 2:33] Empty sets not allowed
killed({@N1}); [test 2:24] 'killed(set<node>)' cannot be casted to 'killed(set<VM>)'
>>killed({VM[1..5]}); [test 2:26] 'killed(set<set<vm>>)' cannot be casted to 'killed(set<VM>)'
lonely({VM1,VM2},{VM3}); [test 2:0] 'lonely(set<vm>, set<vm>)' cannot be casted to 'lonely(set<VM>)'
lonely({}); [test 2:7] Empty sets not allowed
lonely(@N[1..10]); [test 2:13] Unknown node 'N1'
lonely(VMa); [test 2:7] Unknown VM 'VMa'
lonely(); [test 2:7] no viable alternative at input ')'
maxOnline({VM1,VM2},{VM3}); [test 2:0] 'maxOnline(set<vm>, set<vm>)' cannot be casted to 'maxOnline(set<NODE>, number)'
maxOnline({}); [test 2:10] Empty sets not allowed
[test 2:0] 'maxOnline(??)' cannot be casted to 'maxOnline(set<NODE>, number)'
maxOnline(@N[1..10]); [test 2:16] Unknown node 'N1'
[test 2:0] 'maxOnline(??)' cannot be casted to 'maxOnline(set<NODE>, number)'
maxOnline({@N2}, 2.5); [test 2:11] Unknown node 'N2'
maxOnline({@N2}, -2); [test 2:11] Unknown node 'N2'
maxOnline(); [test 2:10] no viable alternative at input ')'
[test 2:0] 'maxOnline(??)' cannot be casted to 'maxOnline(set<NODE>, number)'
offline({}); [test 2:32] Empty sets not allowed
>>offline({VM7}); [test 2:26] 'offline(set<vm>)' cannot be casted to 'offline(set<NODE>)'
offline({@N[1..5]}); [test 2:24] 'offline(set<set<node>>)' cannot be casted to 'offline(set<NODE>)'
>>online({}); [test 3:9] Empty sets not allowed
>>online({VM7}); [test 3:2] 'online(set<vm>)' cannot be casted to 'online(set<NODE>)'
online({@N[1..5]}); [test 3:0] 'online(set<set<node>>)' cannot be casted to 'online(set<NODE>)'
overbook({@N1,@N2},-1); [test 3:0] 'overbook(set<node>, number)' cannot be casted to 'overbook(set<NODE>, string, number)'
overbook("foo",-1); [test 3:0] 'overbook(string, number)' cannot be casted to 'overbook(set<NODE>, string, number)'
>>overbook({},5); [test 3:11] Empty sets not allowed
[test 3:2] 'overbook(??, number)' cannot be casted to 'overbook(set<NODE>, string, number)'
overbook(@N[1,3,5]); [test 3:0] 'overbook(set<node>)' cannot be casted to 'overbook(set<NODE>, string, number)'
>>overbook(@N[1,3,5,15],"foo"); [test 3:2] 'overbook(set<node>, string)' cannot be casted to 'overbook(set<NODE>, string, number)'
overbook(5); [test 3:0] 'overbook(number)' cannot be casted to 'overbook(set<NODE>, string, number)'
preserve({VM1,VM2},"foo", -1); [test 3:0] Parameter '$r' expects a positive integer (-1 given)
preserve({VM1,VM2},"foo", 1.2); [test 3:0] Parameter '$r' expects an integer
preserve("foo",-1); [test 3:0] 'preserve(string, number)' cannot be casted to 'preserve(set<VM>, string, number)'
preserve({},5); [test 3:9] Empty sets not allowed
[test 3:0] 'preserve(??, number)' cannot be casted to 'preserve(set<VM>, string, number)'
preserve(VM[1,3,5]); [test 3:0] 'preserve(set<vm>)' cannot be casted to 'preserve(set<VM>, string, number)'
preserve(VM[1,3,5,15],"foo"); [test 3:18] Unknown VM 'VM15'
[test 3:0] 'preserve(??, string)' cannot be casted to 'preserve(set<VM>, string, number)'
quarantine({}); [test 3:11] Empty sets not allowed
quarantine({VM7}); [test 3:0] 'quarantine(set<vm>)' cannot be casted to 'quarantine(set<NODE>)'
>>quarantine(@N1); [test 3:2] Discrete restriction is not supported by constraint 'quarantine'
quarantine({@N[1..5]}); [test 3:0] 'quarantine(set<set<node>>)' cannot be casted to 'quarantine(set<NODE>)'
ready({}); [test 2:30] Empty sets not allowed
ready({@N1}); [test 2:24] 'ready(set<node>)' cannot be casted to 'ready(set<VM>)'
>>ready({VM[1..5]}); [test 2:26] 'ready(set<set<vm>>)' cannot be casted to 'ready(set<VM>)'
>>resourceCapacity({@N1,@N2},"foo", -1); [test 3:2] Parameter '$nb' expects a positive integer (-1 given)
resourceCapacity({},"foo", 5); [test 3:17] Empty sets not allowed
>>resourceCapacity(@N[1,3,5]); [test 3:2] 'resourceCapacity(set<node>)' cannot be casted to 'resourceCapacity(set<NODE>, string, number)'
resourceCapacity("foo"); [test 3:0] 'resourceCapacity(string)' cannot be casted to 'resourceCapacity(set<NODE>, string, number)'
resourceCapacity(VM[1..3],"foo", 3); [test 3:0] 'resourceCapacity(set<vm>, string, number)' cannot be casted to 'resourceCapacity(set<NODE>, string, number)'
>>resourceCapacity(@N[1..3],"foo", 3.2); [test 3:2] Parameter '$nb' expects an integer
resourceCapacity(5); [test 3:0] 'resourceCapacity(number)' cannot be casted to 'resourceCapacity(set<NODE>, string, number)'
resourceCapacity("bar", "foo", 5); [test 3:0] 'resourceCapacity(string, string, number)' cannot be casted to 'resourceCapacity(set<NODE>, string, number)'
root({VM1,VM2},@N1); [test 2:15] Unknown node 'N1'
[test 2:0] 'root(set<vm>, ??)' cannot be casted to 'root(set<VM>)'
root({}); [test 2:5] Empty sets not allowed
root(@N[1..10]); [test 2:11] Unknown node 'N1'
root(VMa); [test 2:5] Unknown VM 'VMa'
root(); [test 2:5] no viable alternative at input ')'
>>root({VM1}); [test 2:2] Discrete restriction is not supported by constraint 'root'
>>running({}); [test 2:34] Empty sets not allowed
>>running({@N1}); [test 2:26] 'running(set<node>)' cannot be casted to 'running(set<VM>)'
>>running({VM[1..5]}); [test 2:26] 'running(set<set<vm>>)' cannot be casted to 'running(set<VM>)'
runningCapacity({@N1,@N2},-1); [test 3:0] Parameter '$nb' expects a positive integer (-1 given)
runningCapacity({@N1,@N2},1.2); [test 3:0] Parameter '$nb' expects an integer
>>runningCapacity({},5); [test 3:18] Empty sets not allowed
runningCapacity(@N[1,3,5]); [test 3:0] 'runningCapacity(set<node>)' cannot be casted to 'runningCapacity(set<NODE>, number)'
>>runningCapacity(@N[1,3,5,15]); [test 3:2] 'runningCapacity(set<node>)' cannot be casted to 'runningCapacity(set<NODE>, number)'
runningCapacity(VM[1..3],3); [test 3:0] 'runningCapacity(set<vm>, number)' cannot be casted to 'runningCapacity(set<NODE>, number)'
runningCapacity(5); [test 3:0] 'runningCapacity(number)' cannot be casted to 'runningCapacity(set<NODE>, number)'
seq({VM1,VM2},{VM3}); [test 2:0] 'seq(set<vm>, set<vm>)' cannot be casted to 'seq(set<VM>)'
seq({}); [test 2:4] Empty sets not allowed
seq(@N[1..10]); [test 2:10] Unknown node 'N1'
seq(VMa); [test 2:4] Unknown VM 'VMa'
seq(); [test 2:4] no viable alternative at input ')'
>>seq(VM[1..5]); [test 2:2] Discrete restriction is not supported by constraint 'seq'
>>sleeping({}); [test 2:35] Empty sets not allowed
>>sleeping({@N1}); [test 2:26] 'sleeping(set<node>)' cannot be casted to 'sleeping(set<VM>)'
>>sleeping({VM[1..5]}); [test 2:26] 'sleeping(set<set<vm>>)' cannot be casted to 'sleeping(set<VM>)'
>>splitAmong({VM1},{VM2},{VM3}); [test 3:2] 'splitAmong(set<vm>, set<vm>, set<vm>)' cannot be casted to 'splitAmong(set<set<VM>>, set<set<NODE>>)'
splitAmong({{VM1}}, {{}}); [test 3:21] Empty sets not allowed
splitAmong({{}},{@N[1..2],@N[3..5]}); [test 3:12] Empty sets not allowed
splitAmong({@N[1..5],@N[6..10]},{@VM[1..5],VM[6..10]}); [test 3:40] Unknown node 'VM1'
[test 3:0] 'splitAmong(set<set<node>>, ??)' cannot be casted to 'splitAmong(set<set<VM>>, set<set<NODE>>)'
split({VM1},{VM2},{VM3}); [test 3:0] 'split(set<vm>, set<vm>, set<vm>)' cannot be casted to 'split(set<set<VM>>)'
split({VM1},{}); [test 3:12] Empty sets not allowed
[test 3:0] 'split(set<vm>, ??)' cannot be casted to 'split(set<set<VM>>)'
split({},{VM1}); [test 3:6] Empty sets not allowed
[test 3:0] 'split(??, set<vm>)' cannot be casted to 'split(set<set<VM>>)'
split(@N[1..5],@VM[1..5]); [test 3:22] Unknown node 'VM1'
[test 3:0] 'split(set<node>, ??)' cannot be casted to 'split(set<set<VM>>)'
>>split(VM[1..5],@N[1..5]); [test 3:2] 'split(set<vm>, set<node>)' cannot be casted to 'split(set<set<VM>>)'
split({VM[1..5]},{VM1}); [test 3:0] 'split(set<set<vm>>, set<vm>)' cannot be casted to 'split(set<set<VM>>)'
split(VM[1..5],{{VM1}}); [test 3:0] 'split(set<vm>, set<set<vm>>)' cannot be casted to 'split(set<set<VM>>)'
spread({VM1,VM2},{VM3}); [test 2:0] 'spread(set<vm>, set<vm>)' cannot be casted to 'spread(set<VM>)'
spread({}); [test 2:7] Empty sets not allowed
spread(@N[1..10]); [test 2:13] Unknown node 'N1'
spread(VMa); [test 2:7] Unknown VM 'VMa'
spread(); [test 2:7] no viable alternative at input ')'
$a = VM[1..12]; [test 3:11] Unknown VM 'VM11'
a
|- b
   |- in.titi
   \- in.toto
\- c
   |- out.foo
   \- out.bar

org.btrplace.btrpsl.ScriptBuilderException: [foo 2:19] mismatched input '<EOF>' expecting ')'
org.btrplace.btrpsl.ScriptBuilderException: [foo 1:23] Node '@N1' already created
org.btrplace.btrpsl.ScriptBuilderException: [test.template 3:3] Unable to add a 'vm' to a 'set<vm>'
[test.template 4:23] Unknown node 'N1'
[test.template 5:3] Unable to add a 'number' to a 'set<vm>'
[test.template 6:3] Unable to subtract a 'set<set<vm>>' from a 'set<vm>'
[test.template 7:17] Unknown node 'N1'
[test.template 8:20] Unknown node 'N1'
[test.template 9:20] Unknown VM 'VM21'
[test.template 10:8] Unknown VM 'VM22'
org.btrplace.btrpsl.ScriptBuilderException: [foo 1:23] 0 already implements 't1'. Redefinition is not allowed
org.btrplace.btrpsl.ScriptBuilderException: [foo 1:23] VM 'foo.VM1' already created
{range.VM5, range.VMbaz, range.VM7, range.VMzip, range.VM15, range.VM9, range.VM10, range.VM11, range.VM12}
[INFO] Tests run: 271, Failures: 0, Errors: 0, Skipped: 0, Time elapsed: 2.864 s - in TestSuite
[INFO] 
[INFO] Results:
[INFO] 
[INFO] Tests run: 271, Failures: 0, Errors: 0, Skipped: 0
[INFO] 
[INFO] 
[INFO] --- jacoco:0.8.7:report (report) @ btrpsl ---
[INFO] Loading execution data file /scheduler/btrpsl/target/jacoco.exec
[INFO] Analyzed bundle 'btrpsl' with 0 classes
[INFO] 
[INFO] -----------------------< org.btrplace:safeplace >-----------------------
[INFO] Building safeplace 1.12.1-SNAPSHOT                                 [7/9]
[INFO]   from safeplace/pom.xml
[INFO] --------------------------------[ jar ]---------------------------------
[INFO] 
[INFO] --- clean:3.2.0:clean (default-clean) @ safeplace ---
[INFO] Deleting /scheduler/safeplace/target
[INFO] 
[INFO] --- jacoco:0.8.7:prepare-agent (default) @ safeplace ---
[INFO] argLine set to -javaagent:/root/.m2/repository/org/jacoco/org.jacoco.agent/0.8.7/org.jacoco.agent-0.8.7-runtime.jar=destfile=/scheduler/safeplace/target/jacoco.exec,excludes=org/btrplace/btrpsl/**/*:org/btrplace/safeplace/**/*:org/btrplace/bench/**/*:org/btrplace/scheduler/runner/disjoint/**/*
[INFO] 
[INFO] --- antlr4:4.9.3:antlr4 (default) @ safeplace ---
[INFO] ANTLR 4: Processing source directory /scheduler/safeplace/src/main/antlr
[INFO] Processing grammar: org/btrplace/safeplace/spec/antlr/CstrSpec.g4
[WARNING] warning(180): org/btrplace/safeplace/spec/antlr/CstrSpec.g4:31:15: chars '.' used multiple times in set [1..9]
[WARNING] /scheduler/org/btrplace/safeplace/spec/antlr/CstrSpec.g4 [31:15]: chars '.' used multiple times in set [1..9]
[WARNING] warning(180): org/btrplace/safeplace/spec/antlr/CstrSpec.g4:31:21: chars '.' used multiple times in set [0..9]
[WARNING] /scheduler/org/btrplace/safeplace/spec/antlr/CstrSpec.g4 [31:21]: chars '.' used multiple times in set [0..9]
[INFO] 
[INFO] --- resources:3.3.0:resources (default-resources) @ safeplace ---
[INFO] Copying 1 resource
[INFO] 
[INFO] --- compiler:3.8.1:compile (default-compile) @ safeplace ---
[INFO] Changes detected - recompiling the module!
[INFO] Compiling 125 source files to /scheduler/safeplace/target/classes
[INFO] /scheduler/safeplace/src/main/java/org/btrplace/safeplace/spec/MyCstrSpecVisitor.java: Some input files use or override a deprecated API.
[INFO] /scheduler/safeplace/src/main/java/org/btrplace/safeplace/spec/MyCstrSpecVisitor.java: Recompile with -Xlint:deprecation for details.
[INFO] /scheduler/safeplace/src/main/java/org/btrplace/safeplace/spec/term/Constant.java: Some input files use unchecked or unsafe operations.
[INFO] /scheduler/safeplace/src/main/java/org/btrplace/safeplace/spec/term/Constant.java: Recompile with -Xlint:unchecked for details.
[INFO] 
[INFO] --- resources:3.3.0:testResources (default-testResources) @ safeplace ---
[INFO] skip non existing resourceDirectory /scheduler/safeplace/src/test/resources
[INFO] 
[INFO] --- compiler:3.8.1:testCompile (default-testCompile) @ safeplace ---
[INFO] Changes detected - recompiling the module!
[INFO] Compiling 18 source files to /scheduler/safeplace/target/test-classes
[INFO] -------------------------------------------------------------
[ERROR] COMPILATION ERROR : 
[INFO] -------------------------------------------------------------
[ERROR] /scheduler/safeplace/src/test/java/org/btrplace/safeplace/DSN.java:[15,37] cannot find symbol
  symbol:   class PrettyPrinterConfiguration
  location: package com.github.javaparser.printer
[ERROR] /scheduler/safeplace/src/test/java/org/btrplace/safeplace/DSN.java:[335,21] cannot find symbol
  symbol:   class PrettyPrinterConfiguration
  location: class org.btrplace.safeplace.DSN.UnitTestsVisitor
[INFO] 2 errors 
[INFO] -------------------------------------------------------------
[INFO] ------------------------------------------------------------------------
[INFO] Reactor Summary for scheduler 1.12.1-SNAPSHOT:
[INFO] 
[INFO] scheduler .......................................... SUCCESS [  0.570 s]
[INFO] scheduler-api ...................................... SUCCESS [ 10.339 s]
[INFO] scheduler-json ..................................... SUCCESS [  3.463 s]
[INFO] scheduler-choco .................................... SUCCESS [01:17 min]
[INFO] scheduler-examples ................................. SUCCESS [  0.357 s]
[INFO] btrpsl ............................................. SUCCESS [  6.610 s]
[INFO] safeplace .......................................... FAILURE [  2.365 s]
[INFO] bench .............................................. SKIPPED
[INFO] scheduler-split .................................... SKIPPED
[INFO] ------------------------------------------------------------------------
[INFO] BUILD FAILURE
[INFO] ------------------------------------------------------------------------
[INFO] Total time:  01:42 min
[INFO] Finished at: 2024-09-04T18:47:11Z
[INFO] ------------------------------------------------------------------------
[WARNING] 
[WARNING] Plugin validation issues were detected in 6 plugin(s)
[WARNING] 
[WARNING]  * org.jacoco:jacoco-maven-plugin:0.8.7
[WARNING]  * org.apache.maven.plugins:maven-compiler-plugin:3.8.1
[WARNING]  * org.antlr:antlr3-maven-plugin:3.5.2
[WARNING]  * org.apache.maven.plugins:maven-surefire-plugin:3.0.0-M5
[WARNING]  * org.apache.maven.plugins:maven-resources-plugin:3.3.0
[WARNING]  * org.antlr:antlr4-maven-plugin:4.9.3
[WARNING] 
[WARNING] For more or less details, use 'maven.plugin.validation' property with one of the values (case insensitive): [BRIEF, DEFAULT, VERBOSE]
[WARNING] 
[ERROR] Failed to execute goal org.apache.maven.plugins:maven-compiler-plugin:3.8.1:testCompile (default-testCompile) on project safeplace: Compilation failure: Compilation failure: 
[ERROR] /scheduler/safeplace/src/test/java/org/btrplace/safeplace/DSN.java:[15,37] cannot find symbol
[ERROR]   symbol:   class PrettyPrinterConfiguration
[ERROR]   location: package com.github.javaparser.printer
[ERROR] /scheduler/safeplace/src/test/java/org/btrplace/safeplace/DSN.java:[335,21] cannot find symbol
[ERROR]   symbol:   class PrettyPrinterConfiguration
[ERROR]   location: class org.btrplace.safeplace.DSN.UnitTestsVisitor
[ERROR] -> [Help 1]
[ERROR] 
[ERROR] To see the full stack trace of the errors, re-run Maven with the -e switch.
[ERROR] Re-run Maven using the -X switch to enable full debug logging.
[ERROR] 
[ERROR] For more information about the errors and possible solutions, please read the following articles:
[ERROR] [Help 1] http://cwiki.apache.org/confluence/display/MAVEN/MojoFailureException
[ERROR] 
[ERROR] After correcting the problems, you can resume the build with the command
[ERROR]   mvn <args> -rf :safeplace
