[INFO] Inspecting build with total of 6 modules...
[INFO] Installing Nexus Staging features:
[INFO]   ... total of 6 executions of maven-deploy-plugin replaced with nexus-staging-maven-plugin
[INFO] ------------------------------------------------------------------------
[INFO] Reactor Build Order:
[INFO]
[INFO] jadler-pom                                                         [pom]
[INFO] jadler-core                                                        [jar]
[INFO] jadler-jetty                                                       [jar]
[INFO] jadler-junit                                                       [jar]
[INFO] jadler-jdk                                                         [jar]
[INFO] jadler-all                                                         [jar]
[INFO]
[INFO] -----------------------< net.jadler:jadler-pom >------------------------
[INFO] Building jadler-pom 1.3.2-SNAPSHOT                                 [1/6]
[INFO]   from pom.xml
[INFO] --------------------------------[ pom ]---------------------------------
[INFO]
[INFO] --- clean:3.2.0:clean (default-clean) @ jadler-pom ---
[INFO]
[INFO] --- enforcer:1.0:enforce (enforce-maven) @ jadler-pom ---
[INFO]
[INFO] -----------------------< net.jadler:jadler-core >-----------------------
[INFO] Building jadler-core 1.3.2-SNAPSHOT                                [2/6]
[INFO]   from jadler-core/pom.xml
[INFO] --------------------------------[ jar ]---------------------------------
[INFO]
[INFO] --- clean:3.2.0:clean (default-clean) @ jadler-core ---
[INFO]
[INFO] --- enforcer:1.0:enforce (enforce-maven) @ jadler-core ---
[INFO]
[INFO] --- resources:3.3.0:resources (default-resources) @ jadler-core ---
[INFO] skip non existing resourceDirectory jadler-core/src/main/resources
[INFO]
[INFO] --- compiler:3.10.1:compile (default-compile) @ jadler-core ---
[INFO] Changes detected - recompiling the module!
[INFO] Compiling 32 source files to jadler-core/target/classes
[WARNING] Unable to autodetect 'javac' path, using 'javac' from the environment.
[WARNING] [options] bootstrap class path not set in conjunction with -source 6
[WARNING] [options] source value 6 is obsolete and will be removed in a future release
[WARNING] [options] target value 1.6 is obsolete and will be removed in a future release
[WARNING] [options] To suppress warnings about obsolete options, use -Xlint:-options.
[INFO]
[INFO] --- resources:3.3.0:testResources (default-testResources) @ jadler-core ---
[INFO] Copying 1 resource
[INFO]
[INFO] --- compiler:3.10.1:testCompile (default-testCompile) @ jadler-core ---
[INFO] Changes detected - recompiling the module!
[INFO] Compiling 18 source files to jadler-core/target/test-classes
[WARNING] Unable to autodetect 'javac' path, using 'javac' from the environment.
[WARNING] [options] bootstrap class path not set in conjunction with -source 6
[WARNING] [options] source value 6 is obsolete and will be removed in a future release
[WARNING] [options] target value 1.6 is obsolete and will be removed in a future release
[WARNING] [options] To suppress warnings about obsolete options, use -Xlint:-options.
[INFO]
[INFO] --- surefire:3.0.0:test (default-test) @ jadler-core ---
[INFO] Using auto detected provider org.apache.maven.surefire.junit4.JUnit4Provider
[INFO]
[INFO] -------------------------------------------------------
[INFO]  T E S T S
[INFO] -------------------------------------------------------
[INFO] Running net.jadler.stubbing.MutableStubResponseTest
[INFO] Tests run: 11, Failures: 0, Errors: 0, Skipped: 0, Time elapsed: 0.075 s - in net.jadler.stubbing.MutableStubResponseTest
[INFO] Running net.jadler.stubbing.StubResponseTest
[INFO] Tests run: 24, Failures: 0, Errors: 0, Skipped: 0, Time elapsed: 0.96 s - in net.jadler.stubbing.StubResponseTest
[INFO] Running net.jadler.stubbing.StubbingTest
[INFO] Tests run: 15, Failures: 0, Errors: 0, Skipped: 0, Time elapsed: 0.367 s - in net.jadler.stubbing.StubbingTest
[INFO] Running net.jadler.stubbing.HttpStubTest
[INFO] Tests run: 6, Failures: 0, Errors: 0, Skipped: 0, Time elapsed: 0.093 s - in net.jadler.stubbing.HttpStubTest
[INFO] Running net.jadler.stubbing.StaticResponderTest
[INFO] Tests run: 5, Failures: 0, Errors: 0, Skipped: 0, Time elapsed: 0.043 s - in net.jadler.stubbing.StaticResponderTest
[INFO] Running net.jadler.KeyValuesTest
[INFO] Tests run: 22, Failures: 0, Errors: 0, Skipped: 0, Time elapsed: 0.02 s - in net.jadler.KeyValuesTest
[INFO] Running net.jadler.RequestTest
[INFO] Tests run: 33, Failures: 0, Errors: 0, Skipped: 0, Time elapsed: 0.02 s - in net.jadler.RequestTest
[INFO] Running net.jadler.matchers.MethodRequestMatcherTest
[INFO] Tests run: 2, Failures: 0, Errors: 0, Skipped: 0, Time elapsed: 0.035 s - in net.jadler.matchers.MethodRequestMatcherTest
[INFO] Running net.jadler.matchers.HeaderRequestMatcherTest
[INFO] Tests run: 4, Failures: 0, Errors: 0, Skipped: 0, Time elapsed: 0.012 s - in net.jadler.matchers.HeaderRequestMatcherTest
[INFO] Running net.jadler.matchers.PathRequestMatcherTest
[INFO] Tests run: 3, Failures: 0, Errors: 0, Skipped: 0, Time elapsed: 0.009 s - in net.jadler.matchers.PathRequestMatcherTest
[INFO] Running net.jadler.matchers.RequestMatcherTest
[INFO] Tests run: 8, Failures: 0, Errors: 0, Skipped: 0, Time elapsed: 0.019 s - in net.jadler.matchers.RequestMatcherTest
[INFO] Running net.jadler.matchers.RawBodyRequestMatcherTest
[INFO] Tests run: 3, Failures: 0, Errors: 0, Skipped: 0, Time elapsed: 0.004 s - in net.jadler.matchers.RawBodyRequestMatcherTest
[INFO] Running net.jadler.matchers.QueryStringRequestMatcherTest
[INFO] Tests run: 4, Failures: 0, Errors: 0, Skipped: 0, Time elapsed: 0.006 s - in net.jadler.matchers.QueryStringRequestMatcherTest
[INFO] Running net.jadler.matchers.BodyRequestMatcherTest
[INFO] Tests run: 3, Failures: 0, Errors: 0, Skipped: 0, Time elapsed: 0.008 s - in net.jadler.matchers.BodyRequestMatcherTest
[INFO] Running net.jadler.matchers.ParameterRequestMatcherTest
[INFO] Tests run: 4, Failures: 0, Errors: 0, Skipped: 0, Time elapsed: 0.011 s - in net.jadler.matchers.ParameterRequestMatcherTest
[INFO] Running net.jadler.mocking.VerifyingTest
[INFO] Tests run: 12, Failures: 0, Errors: 0, Skipped: 0, Time elapsed: 0.058 s - in net.jadler.mocking.VerifyingTest
[INFO] Running net.jadler.AbstractRequestMatchingTest
[INFO] Tests run: 22, Failures: 0, Errors: 0, Skipped: 0, Time elapsed: 0.02 s - in net.jadler.AbstractRequestMatchingTest
[INFO] Running net.jadler.JadlerMockerTest
[main] INFO  JadlerMocker.java(266): No suitable rule found. Reason:
[main] INFO  JadlerMocker.java(266): No suitable rule found. Reason:
[main] INFO  JadlerMocker.java(266): No suitable rule found. Reason:
[main] INFO  JadlerMocker.java(266): No suitable rule found. Reason:
[main] INFO  JadlerMocker.java(266): No suitable rule found. Reason:
[main] INFO  JadlerMocker.java(266): No suitable rule found. Reason:
[main] INFO  JadlerMocker.java(266): No suitable rule found. Reason:
[main] INFO  JadlerMocker.java(266): No suitable rule found. Reason:
[main] INFO  JadlerMocker.java(266): No suitable rule found. Reason:
[main] INFO  JadlerMocker.java(266): No suitable rule found. Reason:
[main] INFO  JadlerMocker.java(266): No suitable rule found. Reason:
[main] INFO  JadlerMocker.java(266): No suitable rule found. Reason:
[main] INFO  JadlerMocker.java(266): No suitable rule found. Reason:
[main] INFO  JadlerMocker.java(266): No suitable rule found. Reason:
[main] INFO  JadlerMocker.java(266): No suitable rule found. Reason:
[main] INFO  JadlerMocker.java(266): No suitable rule found. Reason:
[main] INFO  JadlerMocker.java(266): No suitable rule found. Reason:
[main] INFO  JadlerMocker.java(266): No suitable rule found. Reason:
[main] INFO  JadlerMocker.java(266): No suitable rule found. Reason:
[main] INFO  JadlerMocker.java(266): No suitable rule found. Reason:
[main] INFO  JadlerMocker.java(454): Verification failed, here is a list of requests received so far:
Request #1: {method=GET, URI=/r1, parameters=[], headers=[], encoding=<none>, body=<empty>}
matching predicates: <none>
clashing predicates: <none>
Request #2: {method=GET, URI=/r2, parameters=[], headers=[], encoding=<none>, body=<empty>}
matching predicates: <none>
clashing predicates: <none>
Request #3: {method=GET, URI=/r3, parameters=[], headers=[], encoding=<none>, body=<empty>}
matching predicates: <none>
clashing predicates: <none>
Request #4: {method=GET, URI=/r4, parameters=[], headers=[], encoding=<none>, body=<empty>}
matching predicates: <none>
clashing predicates: <none>
Request #5: {method=GET, URI=/r5, parameters=[], headers=[], encoding=<none>, body=<empty>}
matching predicates: <none>
clashing predicates: <none>
[INFO] Tests run: 54, Failures: 0, Errors: 0, Skipped: 0, Time elapsed: 0.62 s - in net.jadler.JadlerMockerTest
[INFO]
[INFO] Results:
[INFO]
[INFO] Tests run: 235, Failures: 0, Errors: 0, Skipped: 0
[INFO]
[INFO]
[INFO] ----------------------< net.jadler:jadler-jetty >-----------------------
[INFO] Building jadler-jetty 1.3.2-SNAPSHOT                               [3/6]
[INFO]   from jadler-jetty/pom.xml
[INFO] --------------------------------[ jar ]---------------------------------
[INFO]
[INFO] --- clean:3.2.0:clean (default-clean) @ jadler-jetty ---
[INFO]
[INFO] --- enforcer:1.0:enforce (enforce-maven) @ jadler-jetty ---
[INFO]
[INFO] --- resources:3.3.0:resources (default-resources) @ jadler-jetty ---
[INFO] skip non existing resourceDirectory jadler-jetty/src/main/resources
[INFO]
[INFO] --- compiler:3.10.1:compile (default-compile) @ jadler-jetty ---
[INFO] Changes detected - recompiling the module!
[INFO] Compiling 3 source files to jadler-jetty/target/classes
[WARNING] Unable to autodetect 'javac' path, using 'javac' from the environment.
[INFO] -------------------------------------------------------------
[WARNING] COMPILATION WARNING :
[INFO] -------------------------------------------------------------
[WARNING] [options] bootstrap class path not set in conjunction with -source 6
[WARNING] [options] source value 6 is obsolete and will be removed in a future release
[WARNING] [options] target value 1.6 is obsolete and will be removed in a future release
[WARNING] [options] To suppress warnings about obsolete options, use -Xlint:-options.
[INFO] 4 warnings
[INFO] -------------------------------------------------------------
[INFO] -------------------------------------------------------------
[ERROR] COMPILATION ERROR :
[INFO] -------------------------------------------------------------
[ERROR] jadler-jetty/src/main/java/net/jadler/stubbing/server/jetty/JettyStubHttpServer.java:[12,35] error: package org.eclipse.jetty.server.nio does not exist
[ERROR] jadler-jetty/src/main/java/net/jadler/stubbing/server/jetty/JadlerHandler.java:[25] error: JadlerHandler is not abstract and does not override abstract method handle(String,Request,HttpServletRequest,HttpServletResponse) in AbstractHandler
[ERROR] jadler-jetty/src/main/java/net/jadler/stubbing/server/jetty/JadlerHandler.java:[39,4] error: method does not override or implement a method from a supertype
[ERROR] jadler-jetty/src/main/java/net/jadler/stubbing/server/jetty/JettyStubHttpServer.java:[33,19] error: cannot find symbol
symbol:   method setSendServerVersion(boolean)
location: variable server of type Server
[ERROR] jadler-jetty/src/main/java/net/jadler/stubbing/server/jetty/JettyStubHttpServer.java:[34,19] error: cannot find symbol
symbol:   method setSendDateHeader(boolean)
location: variable server of type Server
[ERROR] jadler-jetty/src/main/java/net/jadler/stubbing/server/jetty/JettyStubHttpServer.java:[36,33] error: cannot find symbol
symbol:   class SelectChannelConnector
location: class JettyStubHttpServer
[ERROR] jadler-jetty/src/main/java/net/jadler/stubbing/server/jetty/JettyStubHttpServer.java:[37,26] error: cannot find symbol
symbol:   method setPort(int)
location: variable httpConnector of type Connector
[ERROR] jadler-jetty/src/main/java/net/jadler/stubbing/server/jetty/JettyStubHttpServer.java:[80,28] error: cannot find symbol
symbol:   method getLocalPort()
location: variable httpConnector of type Connector
[INFO] 8 errors
[INFO] -------------------------------------------------------------
[INFO] ------------------------------------------------------------------------
[INFO] Reactor Summary for jadler-pom 1.3.2-SNAPSHOT:
[INFO]
[INFO] jadler-pom ......................................... SUCCESS [  1.124 s]
[INFO] jadler-core ........................................ SUCCESS [  7.502 s]
[INFO] jadler-jetty ....................................... FAILURE [  1.530 s]
[INFO] jadler-junit ....................................... SKIPPED
[INFO] jadler-jdk ......................................... SKIPPED
[INFO] jadler-all ......................................... SKIPPED
[INFO] ------------------------------------------------------------------------
[INFO] BUILD FAILURE
[INFO] ------------------------------------------------------------------------
[INFO] Total time:  19.071 s
[INFO] Finished at: 2023-07-28T10:32:54Z
[INFO] ------------------------------------------------------------------------
[WARNING]
[WARNING] Plugin validation issues were detected in 3 plugin(s)
[WARNING]
[WARNING]  * org.apache.maven.plugins:maven-compiler-plugin:3.10.1
[WARNING]  * org.apache.maven.plugins:maven-resources-plugin:3.3.0
[WARNING]  * org.apache.maven.plugins:maven-enforcer-plugin:1.0
[WARNING]
[WARNING] For more or less details, use 'maven.plugin.validation' property with one of the values (case insensitive): [BRIEF, DEFAULT, VERBOSE]
[WARNING]
[ERROR] Failed to execute goal org.apache.maven.plugins:maven-compiler-plugin:3.10.1:compile (default-compile) on project jadler-jetty: Compilation failure: Compilation failure:
[ERROR] jadler-jetty/src/main/java/net/jadler/stubbing/server/jetty/JettyStubHttpServer.java:[12,35] error: package org.eclipse.jetty.server.nio does not exist
[ERROR] jadler-jetty/src/main/java/net/jadler/stubbing/server/jetty/JadlerHandler.java:[25] error: JadlerHandler is not abstract and does not override abstract method handle(String,Request,HttpServletRequest,HttpServletResponse) in AbstractHandler
[ERROR] jadler-jetty/src/main/java/net/jadler/stubbing/server/jetty/JadlerHandler.java:[39,4] error: method does not override or implement a method from a supertype
[ERROR] jadler-jetty/src/main/java/net/jadler/stubbing/server/jetty/JettyStubHttpServer.java:[33,19] error: cannot find symbol
[ERROR]   symbol:   method setSendServerVersion(boolean)
[ERROR]   location: variable server of type Server
[ERROR] jadler-jetty/src/main/java/net/jadler/stubbing/server/jetty/JettyStubHttpServer.java:[34,19] error: cannot find symbol
[ERROR]   symbol:   method setSendDateHeader(boolean)
[ERROR]   location: variable server of type Server
[ERROR] jadler-jetty/src/main/java/net/jadler/stubbing/server/jetty/JettyStubHttpServer.java:[36,33] error: cannot find symbol
[ERROR]   symbol:   class SelectChannelConnector
[ERROR]   location: class JettyStubHttpServer
[ERROR] jadler-jetty/src/main/java/net/jadler/stubbing/server/jetty/JettyStubHttpServer.java:[37,26] error: cannot find symbol
[ERROR]   symbol:   method setPort(int)
[ERROR]   location: variable httpConnector of type Connector
[ERROR] jadler-jetty/src/main/java/net/jadler/stubbing/server/jetty/JettyStubHttpServer.java:[80,28] error: cannot find symbol
[ERROR]   symbol:   method getLocalPort()
[ERROR]   location: variable httpConnector of type Connector
[ERROR] -> [Help 1]
[ERROR]
[ERROR] To see the full stack trace of the errors, re-run Maven with the -e switch.
[ERROR] Re-run Maven using the -X switch to enable full debug logging.
[ERROR]
[ERROR] For more information about the errors and possible solutions, please read the following articles:
[ERROR] [Help 1] http://cwiki.apache.org/confluence/display/MAVEN/MojoFailureException
[ERROR]
[ERROR] After correcting the problems, you can resume the build with the command
[ERROR]   mvn <args> -rf :jadler-jetty
