[INFO] Scanning for projects...
[WARNING] The project org.jasig.portlet.courses:courses-portlet-parent:pom:2.1.1-SNAPSHOT uses prerequisites which is only intended for maven-plugin projects but not for non maven-plugin projects. For such purposes you should use the maven-enforcer-plugin. See https://maven.apache.org/enforcer/enforcer-rules/requireMavenVersion.html
[INFO] ------------------------------------------------------------------------
[INFO] Reactor Build Order:
[INFO] 
[INFO] CoursePortlet                                                      [pom]
[INFO] CoursePortlet - API                                                [jar]
[INFO] CoursePortlet - Data Access Objects for SIS/LMS integration        [jar]
[INFO] CoursePortlet - Webapp                                             [war]
[INFO] 
[INFO] ----------< org.jasig.portlet.courses:courses-portlet-parent >----------
[INFO] Building CoursePortlet 2.1.1-SNAPSHOT                              [1/4]
[INFO]   from pom.xml
[INFO] --------------------------------[ pom ]---------------------------------
[INFO] 
[INFO] --- clean:3.2.0:clean (default-clean) @ courses-portlet-parent ---
[INFO] 
[INFO] --- enforcer:1.0:enforce (enforce-maven) @ courses-portlet-parent ---
[INFO] 
[INFO] -----------< org.jasig.portlet.courses:courses-portlet-api >------------
[INFO] Building CoursePortlet - API 2.1.1-SNAPSHOT                        [2/4]
[INFO]   from courses-portlet-api/pom.xml
[INFO] --------------------------------[ jar ]---------------------------------
[INFO] Downloading from central: https://repo.maven.apache.org/maven2/org/jvnet/jaxb2/maven2/maven-jaxb2-plugin/0.15.1/maven-jaxb2-plugin-0.15.1.pom
[INFO] Downloaded from central: https://repo.maven.apache.org/maven2/org/jvnet/jaxb2/maven2/maven-jaxb2-plugin/0.15.1/maven-jaxb2-plugin-0.15.1.pom (3.0 kB at 10 kB/s)
[INFO] Downloading from central: https://repo.maven.apache.org/maven2/org/jvnet/jaxb2/maven2/maven-jaxb2-plugin-project/0.15.1/maven-jaxb2-plugin-project-0.15.1.pom
[INFO] Downloaded from central: https://repo.maven.apache.org/maven2/org/jvnet/jaxb2/maven2/maven-jaxb2-plugin-project/0.15.1/maven-jaxb2-plugin-project-0.15.1.pom (16 kB at 738 kB/s)
[INFO] Downloading from central: https://repo.maven.apache.org/maven2/org/jvnet/jaxb2/maven2/maven-jaxb2-plugin/0.15.1/maven-jaxb2-plugin-0.15.1.jar
[INFO] Downloaded from central: https://repo.maven.apache.org/maven2/org/jvnet/jaxb2/maven2/maven-jaxb2-plugin/0.15.1/maven-jaxb2-plugin-0.15.1.jar (28 kB at 1.4 MB/s)
[INFO] 
[INFO] --- clean:3.2.0:clean (default-clean) @ courses-portlet-api ---
[INFO] Deleting /CoursesPortlet/courses-portlet-api/target
[INFO] 
[INFO] --- enforcer:1.0:enforce (enforce-maven) @ courses-portlet-api ---
[INFO] 
[INFO] --- jaxb2:0.15.1:generate (default) @ courses-portlet-api ---
[INFO] Downloading from central: https://repo.maven.apache.org/maven2/org/jvnet/jaxb2/maven2/maven-jaxb2-plugin-core/0.15.1/maven-jaxb2-plugin-core-0.15.1.pom
[INFO] Downloaded from central: https://repo.maven.apache.org/maven2/org/jvnet/jaxb2/maven2/maven-jaxb2-plugin-core/0.15.1/maven-jaxb2-plugin-core-0.15.1.pom (2.2 kB at 197 kB/s)
[INFO] Downloading from central: https://repo.maven.apache.org/maven2/org/glassfish/jaxb/txw2/2.3.6/txw2-2.3.6.pom
[INFO] Downloaded from central: https://repo.maven.apache.org/maven2/org/glassfish/jaxb/txw2/2.3.6/txw2-2.3.6.pom (1.8 kB at 135 kB/s)
[INFO] Downloading from central: https://repo.maven.apache.org/maven2/com/sun/xml/bind/mvn/jaxb-txw-parent/2.3.6/jaxb-txw-parent-2.3.6.pom
[INFO] Downloaded from central: https://repo.maven.apache.org/maven2/com/sun/xml/bind/mvn/jaxb-txw-parent/2.3.6/jaxb-txw-parent-2.3.6.pom (1.7 kB at 146 kB/s)
[INFO] Downloading from central: https://repo.maven.apache.org/maven2/com/sun/xml/bind/mvn/jaxb-parent/2.3.6/jaxb-parent-2.3.6.pom
[INFO] Downloaded from central: https://repo.maven.apache.org/maven2/com/sun/xml/bind/mvn/jaxb-parent/2.3.6/jaxb-parent-2.3.6.pom (31 kB at 1.8 MB/s)
[INFO] Downloading from central: https://repo.maven.apache.org/maven2/com/sun/xml/bind/jaxb-bom-ext/2.3.6/jaxb-bom-ext-2.3.6.pom
[INFO] Downloaded from central: https://repo.maven.apache.org/maven2/com/sun/xml/bind/jaxb-bom-ext/2.3.6/jaxb-bom-ext-2.3.6.pom (3.5 kB at 267 kB/s)
[INFO] Downloading from central: https://repo.maven.apache.org/maven2/org/glassfish/jaxb/jaxb-bom/2.3.6/jaxb-bom-2.3.6.pom
[INFO] Downloaded from central: https://repo.maven.apache.org/maven2/org/glassfish/jaxb/jaxb-bom/2.3.6/jaxb-bom-2.3.6.pom (9.7 kB at 743 kB/s)
[INFO] Downloading from central: https://repo.maven.apache.org/maven2/org/eclipse/ee4j/project/1.0.7/project-1.0.7.pom
[INFO] Downloaded from central: https://repo.maven.apache.org/maven2/org/eclipse/ee4j/project/1.0.7/project-1.0.7.pom (14 kB at 1.2 MB/s)
[INFO] Downloading from central: https://repo.maven.apache.org/maven2/org/jvnet/jaxb2/maven2/maven-jaxb23-plugin/0.15.1/maven-jaxb23-plugin-0.15.1.pom
[INFO] Downloaded from central: https://repo.maven.apache.org/maven2/org/jvnet/jaxb2/maven2/maven-jaxb23-plugin/0.15.1/maven-jaxb23-plugin-0.15.1.pom (3.2 kB at 320 kB/s)
[INFO] Downloading from central: https://repo.maven.apache.org/maven2/org/glassfish/jaxb/jaxb-runtime/2.3.6/jaxb-runtime-2.3.6.pom
[INFO] Downloaded from central: https://repo.maven.apache.org/maven2/org/glassfish/jaxb/jaxb-runtime/2.3.6/jaxb-runtime-2.3.6.pom (7.5 kB at 752 kB/s)
[INFO] Downloading from central: https://repo.maven.apache.org/maven2/com/sun/xml/bind/mvn/jaxb-runtime-parent/2.3.6/jaxb-runtime-parent-2.3.6.pom
[INFO] Downloaded from central: https://repo.maven.apache.org/maven2/com/sun/xml/bind/mvn/jaxb-runtime-parent/2.3.6/jaxb-runtime-parent-2.3.6.pom (1.2 kB at 91 kB/s)
[INFO] Downloading from central: https://repo.maven.apache.org/maven2/jakarta/xml/bind/jakarta.xml.bind-api/2.3.3/jakarta.xml.bind-api-2.3.3.pom
[INFO] Downloaded from central: https://repo.maven.apache.org/maven2/jakarta/xml/bind/jakarta.xml.bind-api/2.3.3/jakarta.xml.bind-api-2.3.3.pom (13 kB at 1.3 MB/s)
[INFO] Downloading from central: https://repo.maven.apache.org/maven2/jakarta/xml/bind/jakarta.xml.bind-api-parent/2.3.3/jakarta.xml.bind-api-parent-2.3.3.pom
[INFO] Downloaded from central: https://repo.maven.apache.org/maven2/jakarta/xml/bind/jakarta.xml.bind-api-parent/2.3.3/jakarta.xml.bind-api-parent-2.3.3.pom (9.0 kB at 898 kB/s)
[INFO] Downloading from central: https://repo.maven.apache.org/maven2/org/eclipse/ee4j/project/1.0.6/project-1.0.6.pom
[INFO] Downloaded from central: https://repo.maven.apache.org/maven2/org/eclipse/ee4j/project/1.0.6/project-1.0.6.pom (13 kB at 1.5 MB/s)
[INFO] Downloading from central: https://repo.maven.apache.org/maven2/com/sun/istack/istack-commons-runtime/3.0.12/istack-commons-runtime-3.0.12.pom
[INFO] Downloaded from central: https://repo.maven.apache.org/maven2/com/sun/istack/istack-commons-runtime/3.0.12/istack-commons-runtime-3.0.12.pom (5.0 kB at 550 kB/s)
[INFO] Downloading from central: https://repo.maven.apache.org/maven2/com/sun/istack/istack-commons/3.0.12/istack-commons-3.0.12.pom
[INFO] Downloaded from central: https://repo.maven.apache.org/maven2/com/sun/istack/istack-commons/3.0.12/istack-commons-3.0.12.pom (24 kB at 2.1 MB/s)
[INFO] Downloading from central: https://repo.maven.apache.org/maven2/com/sun/activation/jakarta.activation/1.2.2/jakarta.activation-1.2.2.pom
[INFO] Downloaded from central: https://repo.maven.apache.org/maven2/com/sun/activation/jakarta.activation/1.2.2/jakarta.activation-1.2.2.pom (4.6 kB at 385 kB/s)
[INFO] Downloading from central: https://repo.maven.apache.org/maven2/com/sun/activation/all/1.2.2/all-1.2.2.pom
[INFO] Downloaded from central: https://repo.maven.apache.org/maven2/com/sun/activation/all/1.2.2/all-1.2.2.pom (15 kB at 1.2 MB/s)
[INFO] Downloading from central: https://repo.maven.apache.org/maven2/org/glassfish/jaxb/jaxb-xjc/2.3.6/jaxb-xjc-2.3.6.pom
[INFO] Downloaded from central: https://repo.maven.apache.org/maven2/org/glassfish/jaxb/jaxb-xjc/2.3.6/jaxb-xjc-2.3.6.pom (11 kB at 914 kB/s)
[INFO] Downloading from central: https://repo.maven.apache.org/maven2/org/glassfish/jaxb/xsom/2.3.6/xsom-2.3.6.pom
[INFO] Downloaded from central: https://repo.maven.apache.org/maven2/org/glassfish/jaxb/xsom/2.3.6/xsom-2.3.6.pom (20 kB at 1.4 MB/s)
[INFO] Downloading from central: https://repo.maven.apache.org/maven2/com/sun/xml/bind/external/relaxng-datatype/2.3.6/relaxng-datatype-2.3.6.pom
[INFO] Downloaded from central: https://repo.maven.apache.org/maven2/com/sun/xml/bind/external/relaxng-datatype/2.3.6/relaxng-datatype-2.3.6.pom (1.1 kB at 84 kB/s)
[INFO] Downloading from central: https://repo.maven.apache.org/maven2/com/sun/xml/bind/mvn/jaxb-external-parent/2.3.6/jaxb-external-parent-2.3.6.pom
[INFO] Downloaded from central: https://repo.maven.apache.org/maven2/com/sun/xml/bind/mvn/jaxb-external-parent/2.3.6/jaxb-external-parent-2.3.6.pom (16 kB at 1.3 MB/s)
[INFO] Downloading from central: https://repo.maven.apache.org/maven2/org/glassfish/jaxb/codemodel/2.3.6/codemodel-2.3.6.pom
[INFO] Downloaded from central: https://repo.maven.apache.org/maven2/org/glassfish/jaxb/codemodel/2.3.6/codemodel-2.3.6.pom (1.7 kB at 184 kB/s)
[INFO] Downloading from central: https://repo.maven.apache.org/maven2/com/sun/xml/bind/mvn/jaxb-codemodel-parent/2.3.6/jaxb-codemodel-parent-2.3.6.pom
[INFO] Downloaded from central: https://repo.maven.apache.org/maven2/com/sun/xml/bind/mvn/jaxb-codemodel-parent/2.3.6/jaxb-codemodel-parent-2.3.6.pom (16 kB at 727 kB/s)
[INFO] Downloading from central: https://repo.maven.apache.org/maven2/com/sun/xml/bind/external/rngom/2.3.6/rngom-2.3.6.pom
[INFO] Downloaded from central: https://repo.maven.apache.org/maven2/com/sun/xml/bind/external/rngom/2.3.6/rngom-2.3.6.pom (2.4 kB at 240 kB/s)
[INFO] Downloading from central: https://repo.maven.apache.org/maven2/com/sun/xml/dtd-parser/dtd-parser/1.4.5/dtd-parser-1.4.5.pom
[INFO] Downloaded from central: https://repo.maven.apache.org/maven2/com/sun/xml/dtd-parser/dtd-parser/1.4.5/dtd-parser-1.4.5.pom (13 kB at 1.3 MB/s)
[INFO] Downloading from central: https://repo.maven.apache.org/maven2/com/sun/istack/istack-commons-tools/3.0.12/istack-commons-tools-3.0.12.pom
[INFO] Downloaded from central: https://repo.maven.apache.org/maven2/com/sun/istack/istack-commons-tools/3.0.12/istack-commons-tools-3.0.12.pom (6.1 kB at 683 kB/s)
[INFO] Downloading from central: https://repo.maven.apache.org/maven2/org/jvnet/jaxb2/maven2/maven-jaxb2-plugin-core/0.15.1/maven-jaxb2-plugin-core-0.15.1.jar
[INFO] Downloaded from central: https://repo.maven.apache.org/maven2/org/jvnet/jaxb2/maven2/maven-jaxb2-plugin-core/0.15.1/maven-jaxb2-plugin-core-0.15.1.jar (70 kB at 3.5 MB/s)
[INFO] Downloading from central: https://repo.maven.apache.org/maven2/org/glassfish/jaxb/txw2/2.3.6/txw2-2.3.6.jar
[INFO] Downloading from central: https://repo.maven.apache.org/maven2/org/jvnet/jaxb2/maven2/maven-jaxb23-plugin/0.15.1/maven-jaxb23-plugin-0.15.1.jar
[INFO] Downloading from central: https://repo.maven.apache.org/maven2/org/glassfish/jaxb/jaxb-runtime/2.3.6/jaxb-runtime-2.3.6.jar
[INFO] Downloading from central: https://repo.maven.apache.org/maven2/jakarta/xml/bind/jakarta.xml.bind-api/2.3.3/jakarta.xml.bind-api-2.3.3.jar
[INFO] Downloading from central: https://repo.maven.apache.org/maven2/com/sun/istack/istack-commons-runtime/3.0.12/istack-commons-runtime-3.0.12.jar
[INFO] Downloaded from central: https://repo.maven.apache.org/maven2/org/jvnet/jaxb2/maven2/maven-jaxb23-plugin/0.15.1/maven-jaxb23-plugin-0.15.1.jar (32 kB at 1.2 MB/s)
[INFO] Downloading from central: https://repo.maven.apache.org/maven2/org/glassfish/jaxb/jaxb-xjc/2.3.6/jaxb-xjc-2.3.6.jar
[INFO] Downloaded from central: https://repo.maven.apache.org/maven2/jakarta/xml/bind/jakarta.xml.bind-api/2.3.3/jakarta.xml.bind-api-2.3.3.jar (116 kB at 2.3 MB/s)
[INFO] Downloading from central: https://repo.maven.apache.org/maven2/org/glassfish/jaxb/xsom/2.3.6/xsom-2.3.6.jar
[INFO] Downloaded from central: https://repo.maven.apache.org/maven2/com/sun/istack/istack-commons-runtime/3.0.12/istack-commons-runtime-3.0.12.jar (30 kB at 523 kB/s)
[INFO] Downloading from central: https://repo.maven.apache.org/maven2/com/sun/xml/bind/external/relaxng-datatype/2.3.6/relaxng-datatype-2.3.6.jar
[INFO] Downloaded from central: https://repo.maven.apache.org/maven2/org/glassfish/jaxb/txw2/2.3.6/txw2-2.3.6.jar (72 kB at 1.0 MB/s)
[INFO] Downloading from central: https://repo.maven.apache.org/maven2/org/glassfish/jaxb/codemodel/2.3.6/codemodel-2.3.6.jar
[INFO] Downloaded from central: https://repo.maven.apache.org/maven2/com/sun/xml/bind/external/relaxng-datatype/2.3.6/relaxng-datatype-2.3.6.jar (20 kB at 287 kB/s)
[INFO] Downloading from central: https://repo.maven.apache.org/maven2/com/sun/xml/bind/external/rngom/2.3.6/rngom-2.3.6.jar
[INFO] Downloaded from central: https://repo.maven.apache.org/maven2/org/glassfish/jaxb/codemodel/2.3.6/codemodel-2.3.6.jar (167 kB at 1.6 MB/s)
[INFO] Downloading from central: https://repo.maven.apache.org/maven2/com/sun/xml/dtd-parser/dtd-parser/1.4.5/dtd-parser-1.4.5.jar
[INFO] Downloaded from central: https://repo.maven.apache.org/maven2/org/glassfish/jaxb/xsom/2.3.6/xsom-2.3.6.jar (422 kB at 3.9 MB/s)
[INFO] Downloading from central: https://repo.maven.apache.org/maven2/com/sun/istack/istack-commons-tools/3.0.12/istack-commons-tools-3.0.12.jar
[INFO] Downloaded from central: https://repo.maven.apache.org/maven2/com/sun/xml/bind/external/rngom/2.3.6/rngom-2.3.6.jar (320 kB at 2.6 MB/s)
[INFO] Downloading from central: https://repo.maven.apache.org/maven2/com/sun/activation/jakarta.activation/1.2.2/jakarta.activation-1.2.2.jar
[INFO] Downloaded from central: https://repo.maven.apache.org/maven2/com/sun/xml/dtd-parser/dtd-parser/1.4.5/dtd-parser-1.4.5.jar (63 kB at 513 kB/s)
[INFO] Downloaded from central: https://repo.maven.apache.org/maven2/com/sun/istack/istack-commons-tools/3.0.12/istack-commons-tools-3.0.12.jar (28 kB at 226 kB/s)
[INFO] Downloaded from central: https://repo.maven.apache.org/maven2/org/glassfish/jaxb/jaxb-xjc/2.3.6/jaxb-xjc-2.3.6.jar (907 kB at 6.9 MB/s)
[INFO] Downloaded from central: https://repo.maven.apache.org/maven2/org/glassfish/jaxb/jaxb-runtime/2.3.6/jaxb-runtime-2.3.6.jar (1.0 MB at 7.4 MB/s)
[INFO] Downloaded from central: https://repo.maven.apache.org/maven2/com/sun/activation/jakarta.activation/1.2.2/jakarta.activation-1.2.2.jar (68 kB at 515 kB/s)
[INFO] Sources are not up-to-date, XJC will be executed.
[INFO] Episode file [/CoursesPortlet/courses-portlet-api/target/generated-sources/xjc/META-INF/sun-jaxb.episode] was augmented with if-exists="true" attributes.
[INFO] 
[INFO] --- resources:3.3.0:resources (default-resources) @ courses-portlet-api ---
[INFO] Copying 5 resources
[INFO] Copying 1 resource
[INFO] 
[INFO] --- compiler:3.10.1:compile (default-compile) @ courses-portlet-api ---
[INFO] Changes detected - recompiling the module!
[INFO] Compiling 58 source files to /CoursesPortlet/courses-portlet-api/target/classes
[INFO] /CoursesPortlet/courses-portlet-api/target/generated-sources/xjc/org/jasig/portlet/courses/model/xml/CourseMeeting.java: Some input files use or override a deprecated API.
[INFO] /CoursesPortlet/courses-portlet-api/target/generated-sources/xjc/org/jasig/portlet/courses/model/xml/CourseMeeting.java: Recompile with -Xlint:deprecation for details.
[INFO] 
[INFO] --- resources:3.3.0:testResources (default-testResources) @ courses-portlet-api ---
[INFO] skip non existing resourceDirectory /CoursesPortlet/courses-portlet-api/src/test/resources
[INFO] 
[INFO] --- compiler:3.10.1:testCompile (default-testCompile) @ courses-portlet-api ---
[INFO] Changes detected - recompiling the module!
[INFO] Compiling 5 source files to /CoursesPortlet/courses-portlet-api/target/test-classes
[INFO] 
[INFO] --- surefire:3.0.0:test (default-test) @ courses-portlet-api ---
[INFO] Downloading from central: https://repo.maven.apache.org/maven2/org/apache/maven/surefire/maven-surefire-common/3.0.0/maven-surefire-common-3.0.0.pom
[INFO] Downloaded from central: https://repo.maven.apache.org/maven2/org/apache/maven/surefire/maven-surefire-common/3.0.0/maven-surefire-common-3.0.0.pom (5.9 kB at 493 kB/s)
[INFO] Downloading from central: https://repo.maven.apache.org/maven2/org/apache/maven/surefire/surefire-api/3.0.0/surefire-api-3.0.0.pom
[INFO] Downloaded from central: https://repo.maven.apache.org/maven2/org/apache/maven/surefire/surefire-api/3.0.0/surefire-api-3.0.0.pom (3.4 kB at 312 kB/s)
[INFO] Downloading from central: https://repo.maven.apache.org/maven2/org/apache/maven/surefire/surefire-logger-api/3.0.0/surefire-logger-api-3.0.0.pom
[INFO] Downloaded from central: https://repo.maven.apache.org/maven2/org/apache/maven/surefire/surefire-logger-api/3.0.0/surefire-logger-api-3.0.0.pom (3.2 kB at 264 kB/s)
[INFO] Downloading from central: https://repo.maven.apache.org/maven2/org/apache/maven/surefire/surefire-shared-utils/3.0.0/surefire-shared-utils-3.0.0.pom
[INFO] Downloaded from central: https://repo.maven.apache.org/maven2/org/apache/maven/surefire/surefire-shared-utils/3.0.0/surefire-shared-utils-3.0.0.pom (4.1 kB at 369 kB/s)
[INFO] Downloading from central: https://repo.maven.apache.org/maven2/org/apache/maven/surefire/surefire-extensions-api/3.0.0/surefire-extensions-api-3.0.0.pom
[INFO] Downloaded from central: https://repo.maven.apache.org/maven2/org/apache/maven/surefire/surefire-extensions-api/3.0.0/surefire-extensions-api-3.0.0.pom (3.2 kB at 357 kB/s)
[INFO] Downloading from central: https://repo.maven.apache.org/maven2/org/apache/maven/surefire/surefire-booter/3.0.0/surefire-booter-3.0.0.pom
[INFO] Downloaded from central: https://repo.maven.apache.org/maven2/org/apache/maven/surefire/surefire-booter/3.0.0/surefire-booter-3.0.0.pom (4.3 kB at 333 kB/s)
[INFO] Downloading from central: https://repo.maven.apache.org/maven2/org/apache/maven/surefire/surefire-extensions-spi/3.0.0/surefire-extensions-spi-3.0.0.pom
[INFO] Downloaded from central: https://repo.maven.apache.org/maven2/org/apache/maven/surefire/surefire-extensions-spi/3.0.0/surefire-extensions-spi-3.0.0.pom (1.7 kB at 172 kB/s)
[INFO] Downloading from central: https://repo.maven.apache.org/maven2/org/eclipse/aether/aether-util/1.0.0.v20140518/aether-util-1.0.0.v20140518.pom
[INFO] Downloaded from central: https://repo.maven.apache.org/maven2/org/eclipse/aether/aether-util/1.0.0.v20140518/aether-util-1.0.0.v20140518.pom (2.2 kB at 274 kB/s)
[INFO] Downloading from central: https://repo.maven.apache.org/maven2/org/eclipse/aether/aether/1.0.0.v20140518/aether-1.0.0.v20140518.pom
[INFO] Downloaded from central: https://repo.maven.apache.org/maven2/org/eclipse/aether/aether/1.0.0.v20140518/aether-1.0.0.v20140518.pom (30 kB at 3.4 MB/s)
[INFO] Downloading from central: https://repo.maven.apache.org/maven2/org/eclipse/aether/aether-api/1.0.0.v20140518/aether-api-1.0.0.v20140518.pom
[INFO] Downloaded from central: https://repo.maven.apache.org/maven2/org/eclipse/aether/aether-api/1.0.0.v20140518/aether-api-1.0.0.v20140518.pom (1.9 kB at 190 kB/s)
[INFO] Downloading from central: https://repo.maven.apache.org/maven2/org/apache/maven/shared/maven-common-artifact-filters/3.1.1/maven-common-artifact-filters-3.1.1.pom
[INFO] Downloaded from central: https://repo.maven.apache.org/maven2/org/apache/maven/shared/maven-common-artifact-filters/3.1.1/maven-common-artifact-filters-3.1.1.pom (5.8 kB at 725 kB/s)
[INFO] Downloading from central: https://repo.maven.apache.org/maven2/org/apache/maven/maven-artifact/3.2.5/maven-artifact-3.2.5.pom
[INFO] Downloaded from central: https://repo.maven.apache.org/maven2/org/apache/maven/maven-artifact/3.2.5/maven-artifact-3.2.5.pom (2.3 kB at 294 kB/s)
[INFO] Downloading from central: https://repo.maven.apache.org/maven2/org/apache/maven/maven/3.2.5/maven-3.2.5.pom
[INFO] Downloaded from central: https://repo.maven.apache.org/maven2/org/apache/maven/maven/3.2.5/maven-3.2.5.pom (22 kB at 2.5 MB/s)
[INFO] Downloading from central: https://repo.maven.apache.org/maven2/org/apache/maven/maven-parent/25/maven-parent-25.pom
[INFO] Downloaded from central: https://repo.maven.apache.org/maven2/org/apache/maven/maven-parent/25/maven-parent-25.pom (37 kB at 4.2 MB/s)
[INFO] Downloading from central: https://repo.maven.apache.org/maven2/org/apache/apache/15/apache-15.pom
[INFO] Downloaded from central: https://repo.maven.apache.org/maven2/org/apache/apache/15/apache-15.pom (15 kB at 1.7 MB/s)
[INFO] Downloading from central: https://repo.maven.apache.org/maven2/org/codehaus/plexus/plexus-utils/3.5.0/plexus-utils-3.5.0.pom
[INFO] Downloaded from central: https://repo.maven.apache.org/maven2/org/codehaus/plexus/plexus-utils/3.5.0/plexus-utils-3.5.0.pom (8.0 kB at 890 kB/s)
[INFO] Downloading from central: https://repo.maven.apache.org/maven2/org/codehaus/plexus/plexus/10/plexus-10.pom
[INFO] Downloaded from central: https://repo.maven.apache.org/maven2/org/codehaus/plexus/plexus/10/plexus-10.pom (25 kB at 3.2 MB/s)
[INFO] Downloading from central: https://repo.maven.apache.org/maven2/org/apache/maven/maven-core/3.2.5/maven-core-3.2.5.pom
[INFO] Downloaded from central: https://repo.maven.apache.org/maven2/org/apache/maven/maven-core/3.2.5/maven-core-3.2.5.pom (8.1 kB at 1.0 MB/s)
[INFO] Downloading from central: https://repo.maven.apache.org/maven2/org/apache/maven/maven-settings/3.2.5/maven-settings-3.2.5.pom
[INFO] Downloaded from central: https://repo.maven.apache.org/maven2/org/apache/maven/maven-settings/3.2.5/maven-settings-3.2.5.pom (2.2 kB at 271 kB/s)
[INFO] Downloading from central: https://repo.maven.apache.org/maven2/org/apache/maven/maven-settings-builder/3.2.5/maven-settings-builder-3.2.5.pom
[INFO] Downloaded from central: https://repo.maven.apache.org/maven2/org/apache/maven/maven-settings-builder/3.2.5/maven-settings-builder-3.2.5.pom (2.6 kB at 260 kB/s)
[INFO] Downloading from central: https://repo.maven.apache.org/maven2/org/codehaus/plexus/plexus-interpolation/1.21/plexus-interpolation-1.21.pom
[INFO] Downloaded from central: https://repo.maven.apache.org/maven2/org/codehaus/plexus/plexus-interpolation/1.21/plexus-interpolation-1.21.pom (1.5 kB at 192 kB/s)
[INFO] Downloading from central: https://repo.maven.apache.org/maven2/org/codehaus/plexus/plexus-components/1.3.1/plexus-components-1.3.1.pom
[INFO] Downloaded from central: https://repo.maven.apache.org/maven2/org/codehaus/plexus/plexus-components/1.3.1/plexus-components-1.3.1.pom (3.1 kB at 340 kB/s)
[INFO] Downloading from central: https://repo.maven.apache.org/maven2/org/codehaus/plexus/plexus/3.3.1/plexus-3.3.1.pom
[INFO] Downloaded from central: https://repo.maven.apache.org/maven2/org/codehaus/plexus/plexus/3.3.1/plexus-3.3.1.pom (20 kB at 2.3 MB/s)
[INFO] Downloading from central: https://repo.maven.apache.org/maven2/org/sonatype/spice/spice-parent/17/spice-parent-17.pom
[INFO] Downloaded from central: https://repo.maven.apache.org/maven2/org/sonatype/spice/spice-parent/17/spice-parent-17.pom (6.8 kB at 845 kB/s)
[INFO] Downloading from central: https://repo.maven.apache.org/maven2/org/sonatype/forge/forge-parent/10/forge-parent-10.pom
[INFO] Downloaded from central: https://repo.maven.apache.org/maven2/org/sonatype/forge/forge-parent/10/forge-parent-10.pom (14 kB at 1.4 MB/s)
[INFO] Downloading from central: https://repo.maven.apache.org/maven2/org/codehaus/plexus/plexus-component-annotations/1.5.5/plexus-component-annotations-1.5.5.pom
[INFO] Downloaded from central: https://repo.maven.apache.org/maven2/org/codehaus/plexus/plexus-component-annotations/1.5.5/plexus-component-annotations-1.5.5.pom (815 B at 82 kB/s)
[INFO] Downloading from central: https://repo.maven.apache.org/maven2/org/codehaus/plexus/plexus-containers/1.5.5/plexus-containers-1.5.5.pom
[INFO] Downloaded from central: https://repo.maven.apache.org/maven2/org/codehaus/plexus/plexus-containers/1.5.5/plexus-containers-1.5.5.pom (4.2 kB at 424 kB/s)
[INFO] Downloading from central: https://repo.maven.apache.org/maven2/org/codehaus/plexus/plexus/2.0.7/plexus-2.0.7.pom
[INFO] Downloaded from central: https://repo.maven.apache.org/maven2/org/codehaus/plexus/plexus/2.0.7/plexus-2.0.7.pom (17 kB at 1.9 MB/s)
[INFO] Downloading from central: https://repo.maven.apache.org/maven2/org/sonatype/plexus/plexus-sec-dispatcher/1.3/plexus-sec-dispatcher-1.3.pom
[INFO] Downloaded from central: https://repo.maven.apache.org/maven2/org/sonatype/plexus/plexus-sec-dispatcher/1.3/plexus-sec-dispatcher-1.3.pom (3.0 kB at 329 kB/s)
[INFO] Downloading from central: https://repo.maven.apache.org/maven2/org/sonatype/spice/spice-parent/12/spice-parent-12.pom
[INFO] Downloaded from central: https://repo.maven.apache.org/maven2/org/sonatype/spice/spice-parent/12/spice-parent-12.pom (6.8 kB at 850 kB/s)
[INFO] Downloading from central: https://repo.maven.apache.org/maven2/org/sonatype/forge/forge-parent/4/forge-parent-4.pom
[INFO] Downloaded from central: https://repo.maven.apache.org/maven2/org/sonatype/forge/forge-parent/4/forge-parent-4.pom (8.4 kB at 763 kB/s)
[INFO] Downloading from central: https://repo.maven.apache.org/maven2/org/sonatype/plexus/plexus-cipher/1.4/plexus-cipher-1.4.pom
[INFO] Downloaded from central: https://repo.maven.apache.org/maven2/org/sonatype/plexus/plexus-cipher/1.4/plexus-cipher-1.4.pom (2.1 kB at 206 kB/s)
[INFO] Downloading from central: https://repo.maven.apache.org/maven2/org/apache/maven/maven-repository-metadata/3.2.5/maven-repository-metadata-3.2.5.pom
[INFO] Downloaded from central: https://repo.maven.apache.org/maven2/org/apache/maven/maven-repository-metadata/3.2.5/maven-repository-metadata-3.2.5.pom (2.2 kB at 248 kB/s)
[INFO] Downloading from central: https://repo.maven.apache.org/maven2/org/apache/maven/maven-plugin-api/3.2.5/maven-plugin-api-3.2.5.pom
[INFO] Downloaded from central: https://repo.maven.apache.org/maven2/org/apache/maven/maven-plugin-api/3.2.5/maven-plugin-api-3.2.5.pom (3.0 kB at 336 kB/s)
[INFO] Downloading from central: https://repo.maven.apache.org/maven2/org/eclipse/sisu/org.eclipse.sisu.plexus/0.3.5/org.eclipse.sisu.plexus-0.3.5.pom
[INFO] Downloaded from central: https://repo.maven.apache.org/maven2/org/eclipse/sisu/org.eclipse.sisu.plexus/0.3.5/org.eclipse.sisu.plexus-0.3.5.pom (4.3 kB at 476 kB/s)
[INFO] Downloading from central: https://repo.maven.apache.org/maven2/org/eclipse/sisu/sisu-plexus/0.3.5/sisu-plexus-0.3.5.pom
[INFO] Downloaded from central: https://repo.maven.apache.org/maven2/org/eclipse/sisu/sisu-plexus/0.3.5/sisu-plexus-0.3.5.pom (14 kB at 1.4 MB/s)
[INFO] Downloading from central: https://repo.maven.apache.org/maven2/javax/annotation/javax.annotation-api/1.2/javax.annotation-api-1.2.pom
[INFO] Downloaded from central: https://repo.maven.apache.org/maven2/javax/annotation/javax.annotation-api/1.2/javax.annotation-api-1.2.pom (13 kB at 1.7 MB/s)
[INFO] Downloading from central: https://repo.maven.apache.org/maven2/javax/enterprise/cdi-api/1.2/cdi-api-1.2.pom
[INFO] Downloaded from central: https://repo.maven.apache.org/maven2/javax/enterprise/cdi-api/1.2/cdi-api-1.2.pom (6.3 kB at 784 kB/s)
[INFO] Downloading from central: https://repo.maven.apache.org/maven2/org/jboss/weld/weld-parent/26/weld-parent-26.pom
[INFO] Downloaded from central: https://repo.maven.apache.org/maven2/org/jboss/weld/weld-parent/26/weld-parent-26.pom (32 kB at 3.6 MB/s)
[INFO] Downloading from central: https://repo.maven.apache.org/maven2/org/eclipse/sisu/org.eclipse.sisu.inject/0.3.5/org.eclipse.sisu.inject-0.3.5.pom
[INFO] Downloaded from central: https://repo.maven.apache.org/maven2/org/eclipse/sisu/org.eclipse.sisu.inject/0.3.5/org.eclipse.sisu.inject-0.3.5.pom (2.6 kB at 328 kB/s)
[INFO] Downloading from central: https://repo.maven.apache.org/maven2/org/eclipse/sisu/sisu-inject/0.3.5/sisu-inject-0.3.5.pom
[INFO] Downloaded from central: https://repo.maven.apache.org/maven2/org/eclipse/sisu/sisu-inject/0.3.5/sisu-inject-0.3.5.pom (14 kB at 1.8 MB/s)
[INFO] Downloading from central: https://repo.maven.apache.org/maven2/org/codehaus/plexus/plexus-classworlds/2.5.2/plexus-classworlds-2.5.2.pom
[INFO] Downloaded from central: https://repo.maven.apache.org/maven2/org/codehaus/plexus/plexus-classworlds/2.5.2/plexus-classworlds-2.5.2.pom (7.3 kB at 913 kB/s)
[INFO] Downloading from central: https://repo.maven.apache.org/maven2/org/apache/maven/maven-model-builder/3.2.5/maven-model-builder-3.2.5.pom
[INFO] Downloaded from central: https://repo.maven.apache.org/maven2/org/apache/maven/maven-model-builder/3.2.5/maven-model-builder-3.2.5.pom (3.0 kB at 374 kB/s)
[INFO] Downloading from central: https://repo.maven.apache.org/maven2/org/apache/maven/maven-aether-provider/3.2.5/maven-aether-provider-3.2.5.pom
[INFO] Downloaded from central: https://repo.maven.apache.org/maven2/org/apache/maven/maven-aether-provider/3.2.5/maven-aether-provider-3.2.5.pom (4.2 kB at 531 kB/s)
[INFO] Downloading from central: https://repo.maven.apache.org/maven2/org/eclipse/aether/aether-spi/1.0.0.v20140518/aether-spi-1.0.0.v20140518.pom
[INFO] Downloaded from central: https://repo.maven.apache.org/maven2/org/eclipse/aether/aether-spi/1.0.0.v20140518/aether-spi-1.0.0.v20140518.pom (2.1 kB at 256 kB/s)
[INFO] Downloading from central: https://repo.maven.apache.org/maven2/org/eclipse/aether/aether-impl/1.0.0.v20140518/aether-impl-1.0.0.v20140518.pom
[INFO] Downloaded from central: https://repo.maven.apache.org/maven2/org/eclipse/aether/aether-impl/1.0.0.v20140518/aether-impl-1.0.0.v20140518.pom (3.5 kB at 386 kB/s)
[INFO] Downloading from central: https://repo.maven.apache.org/maven2/org/sonatype/sisu/sisu-guice/3.2.3/sisu-guice-3.2.3.pom
[INFO] Downloaded from central: https://repo.maven.apache.org/maven2/org/sonatype/sisu/sisu-guice/3.2.3/sisu-guice-3.2.3.pom (11 kB at 1.2 MB/s)
[INFO] Downloading from central: https://repo.maven.apache.org/maven2/org/sonatype/sisu/inject/guice-parent/3.2.3/guice-parent-3.2.3.pom
[INFO] Downloaded from central: https://repo.maven.apache.org/maven2/org/sonatype/sisu/inject/guice-parent/3.2.3/guice-parent-3.2.3.pom (13 kB at 1.7 MB/s)
[INFO] Downloading from central: https://repo.maven.apache.org/maven2/org/sonatype/forge/forge-parent/38/forge-parent-38.pom
[INFO] Downloaded from central: https://repo.maven.apache.org/maven2/org/sonatype/forge/forge-parent/38/forge-parent-38.pom (19 kB at 2.1 MB/s)
[INFO] Downloading from central: https://repo.maven.apache.org/maven2/aopalliance/aopalliance/1.0/aopalliance-1.0.pom
[INFO] Downloaded from central: https://repo.maven.apache.org/maven2/aopalliance/aopalliance/1.0/aopalliance-1.0.pom (363 B at 52 kB/s)
[INFO] Downloading from central: https://repo.maven.apache.org/maven2/com/google/guava/guava/16.0.1/guava-16.0.1.pom
[INFO] Downloaded from central: https://repo.maven.apache.org/maven2/com/google/guava/guava/16.0.1/guava-16.0.1.pom (6.1 kB at 872 kB/s)
[INFO] Downloading from central: https://repo.maven.apache.org/maven2/com/google/guava/guava-parent/16.0.1/guava-parent-16.0.1.pom
[INFO] Downloaded from central: https://repo.maven.apache.org/maven2/com/google/guava/guava-parent/16.0.1/guava-parent-16.0.1.pom (7.3 kB at 917 kB/s)
[INFO] Downloading from central: https://repo.maven.apache.org/maven2/org/codehaus/plexus/plexus-java/1.1.2/plexus-java-1.1.2.pom
[INFO] Downloaded from central: https://repo.maven.apache.org/maven2/org/codehaus/plexus/plexus-java/1.1.2/plexus-java-1.1.2.pom (5.0 kB at 710 kB/s)
[INFO] Downloading from central: https://repo.maven.apache.org/maven2/org/codehaus/plexus/plexus-languages/1.1.2/plexus-languages-1.1.2.pom
[INFO] Downloaded from central: https://repo.maven.apache.org/maven2/org/codehaus/plexus/plexus-languages/1.1.2/plexus-languages-1.1.2.pom (4.1 kB at 518 kB/s)
[INFO] Downloading from central: https://repo.maven.apache.org/maven2/org/ow2/asm/asm/9.4/asm-9.4.pom
[INFO] Downloaded from central: https://repo.maven.apache.org/maven2/org/ow2/asm/asm/9.4/asm-9.4.pom (2.4 kB at 215 kB/s)
[INFO] Downloading from central: https://repo.maven.apache.org/maven2/org/ow2/ow2/1.5.1/ow2-1.5.1.pom
[INFO] Downloaded from central: https://repo.maven.apache.org/maven2/org/ow2/ow2/1.5.1/ow2-1.5.1.pom (11 kB at 1.3 MB/s)
[INFO] Downloading from central: https://repo.maven.apache.org/maven2/com/thoughtworks/qdox/qdox/2.0.3/qdox-2.0.3.pom
[INFO] Downloaded from central: https://repo.maven.apache.org/maven2/com/thoughtworks/qdox/qdox/2.0.3/qdox-2.0.3.pom (17 kB at 2.2 MB/s)
[INFO] Downloading from central: https://repo.maven.apache.org/maven2/org/apache/maven/surefire/maven-surefire-common/3.0.0/maven-surefire-common-3.0.0.jar
[INFO] Downloaded from central: https://repo.maven.apache.org/maven2/org/apache/maven/surefire/maven-surefire-common/3.0.0/maven-surefire-common-3.0.0.jar (308 kB at 18 MB/s)
[INFO] Downloading from central: https://repo.maven.apache.org/maven2/org/apache/maven/surefire/surefire-api/3.0.0/surefire-api-3.0.0.jar
[INFO] Downloading from central: https://repo.maven.apache.org/maven2/org/apache/maven/surefire/surefire-logger-api/3.0.0/surefire-logger-api-3.0.0.jar
[INFO] Downloading from central: https://repo.maven.apache.org/maven2/org/apache/maven/surefire/surefire-extensions-api/3.0.0/surefire-extensions-api-3.0.0.jar
[INFO] Downloading from central: https://repo.maven.apache.org/maven2/org/apache/maven/surefire/surefire-booter/3.0.0/surefire-booter-3.0.0.jar
[INFO] Downloading from central: https://repo.maven.apache.org/maven2/org/apache/maven/surefire/surefire-extensions-spi/3.0.0/surefire-extensions-spi-3.0.0.jar
[INFO] Downloaded from central: https://repo.maven.apache.org/maven2/org/apache/maven/surefire/surefire-extensions-api/3.0.0/surefire-extensions-api-3.0.0.jar (26 kB at 2.3 MB/s)
[INFO] Downloading from central: https://repo.maven.apache.org/maven2/org/eclipse/aether/aether-util/1.0.0.v20140518/aether-util-1.0.0.v20140518.jar
[INFO] Downloaded from central: https://repo.maven.apache.org/maven2/org/apache/maven/surefire/surefire-extensions-spi/3.0.0/surefire-extensions-spi-3.0.0.jar (8.2 kB at 544 kB/s)
[INFO] Downloaded from central: https://repo.maven.apache.org/maven2/org/apache/maven/surefire/surefire-booter/3.0.0/surefire-booter-3.0.0.jar (118 kB at 7.9 MB/s)
[INFO] Downloading from central: https://repo.maven.apache.org/maven2/org/eclipse/aether/aether-api/1.0.0.v20140518/aether-api-1.0.0.v20140518.jar
[INFO] Downloading from central: https://repo.maven.apache.org/maven2/org/apache/maven/shared/maven-common-artifact-filters/3.1.1/maven-common-artifact-filters-3.1.1.jar
[INFO] Downloaded from central: https://repo.maven.apache.org/maven2/org/apache/maven/surefire/surefire-api/3.0.0/surefire-api-3.0.0.jar (171 kB at 9.5 MB/s)
[INFO] Downloading from central: https://repo.maven.apache.org/maven2/org/codehaus/plexus/plexus-java/1.1.2/plexus-java-1.1.2.jar
[INFO] Downloaded from central: https://repo.maven.apache.org/maven2/org/eclipse/aether/aether-util/1.0.0.v20140518/aether-util-1.0.0.v20140518.jar (146 kB at 7.3 MB/s)
[INFO] Downloading from central: https://repo.maven.apache.org/maven2/org/ow2/asm/asm/9.4/asm-9.4.jar
[INFO] Downloaded from central: https://repo.maven.apache.org/maven2/org/apache/maven/surefire/surefire-logger-api/3.0.0/surefire-logger-api-3.0.0.jar (14 kB at 564 kB/s)
[INFO] Downloading from central: https://repo.maven.apache.org/maven2/com/thoughtworks/qdox/qdox/2.0.3/qdox-2.0.3.jar
[INFO] Downloaded from central: https://repo.maven.apache.org/maven2/org/codehaus/plexus/plexus-java/1.1.2/plexus-java-1.1.2.jar (55 kB at 2.5 MB/s)
[INFO] Downloaded from central: https://repo.maven.apache.org/maven2/org/apache/maven/shared/maven-common-artifact-filters/3.1.1/maven-common-artifact-filters-3.1.1.jar (61 kB at 2.8 MB/s)
[INFO] Downloading from central: https://repo.maven.apache.org/maven2/org/apache/maven/surefire/surefire-shared-utils/3.0.0/surefire-shared-utils-3.0.0.jar
[INFO] Downloaded from central: https://repo.maven.apache.org/maven2/org/eclipse/aether/aether-api/1.0.0.v20140518/aether-api-1.0.0.v20140518.jar (136 kB at 5.9 MB/s)
[INFO] Downloaded from central: https://repo.maven.apache.org/maven2/org/ow2/asm/asm/9.4/asm-9.4.jar (122 kB at 4.4 MB/s)
[INFO] Downloaded from central: https://repo.maven.apache.org/maven2/com/thoughtworks/qdox/qdox/2.0.3/qdox-2.0.3.jar (334 kB at 7.6 MB/s)
[INFO] Downloaded from central: https://repo.maven.apache.org/maven2/org/apache/maven/surefire/surefire-shared-utils/3.0.0/surefire-shared-utils-3.0.0.jar (2.1 MB at 22 MB/s)
[INFO] Using auto detected provider org.apache.maven.surefire.junit4.JUnit4Provider
[INFO] Downloading from central: https://repo.maven.apache.org/maven2/org/apache/maven/surefire/surefire-junit4/3.0.0/surefire-junit4-3.0.0.pom
[INFO] Downloaded from central: https://repo.maven.apache.org/maven2/org/apache/maven/surefire/surefire-junit4/3.0.0/surefire-junit4-3.0.0.pom (3.0 kB at 329 kB/s)
[INFO] Downloading from central: https://repo.maven.apache.org/maven2/org/apache/maven/surefire/surefire-providers/3.0.0/surefire-providers-3.0.0.pom
[INFO] Downloaded from central: https://repo.maven.apache.org/maven2/org/apache/maven/surefire/surefire-providers/3.0.0/surefire-providers-3.0.0.pom (2.5 kB at 254 kB/s)
[INFO] Downloading from central: https://repo.maven.apache.org/maven2/org/apache/maven/surefire/common-junit4/3.0.0/common-junit4-3.0.0.pom
[INFO] Downloaded from central: https://repo.maven.apache.org/maven2/org/apache/maven/surefire/common-junit4/3.0.0/common-junit4-3.0.0.pom (3.0 kB at 338 kB/s)
[INFO] Downloading from central: https://repo.maven.apache.org/maven2/org/apache/maven/surefire/common-junit3/3.0.0/common-junit3-3.0.0.pom
[INFO] Downloaded from central: https://repo.maven.apache.org/maven2/org/apache/maven/surefire/common-junit3/3.0.0/common-junit3-3.0.0.pom (2.7 kB at 270 kB/s)
[INFO] Downloading from central: https://repo.maven.apache.org/maven2/org/apache/maven/surefire/common-java5/3.0.0/common-java5-3.0.0.pom
[INFO] Downloaded from central: https://repo.maven.apache.org/maven2/org/apache/maven/surefire/common-java5/3.0.0/common-java5-3.0.0.pom (2.7 kB at 228 kB/s)
[INFO] Downloading from central: https://repo.maven.apache.org/maven2/org/apache/maven/surefire/surefire-junit4/3.0.0/surefire-junit4-3.0.0.jar
[INFO] Downloaded from central: https://repo.maven.apache.org/maven2/org/apache/maven/surefire/surefire-junit4/3.0.0/surefire-junit4-3.0.0.jar (18 kB at 1.8 MB/s)
[INFO] Downloading from central: https://repo.maven.apache.org/maven2/org/apache/maven/surefire/common-junit4/3.0.0/common-junit4-3.0.0.jar
[INFO] Downloading from central: https://repo.maven.apache.org/maven2/org/apache/maven/surefire/common-junit3/3.0.0/common-junit3-3.0.0.jar
[INFO] Downloading from central: https://repo.maven.apache.org/maven2/org/apache/maven/surefire/common-java5/3.0.0/common-java5-3.0.0.jar
[INFO] Downloaded from central: https://repo.maven.apache.org/maven2/org/apache/maven/surefire/common-java5/3.0.0/common-java5-3.0.0.jar (18 kB at 2.0 MB/s)
[INFO] Downloaded from central: https://repo.maven.apache.org/maven2/org/apache/maven/surefire/common-junit3/3.0.0/common-junit3-3.0.0.jar (12 kB at 1.1 MB/s)
[INFO] Downloaded from central: https://repo.maven.apache.org/maven2/org/apache/maven/surefire/common-junit4/3.0.0/common-junit4-3.0.0.jar (26 kB at 1.7 MB/s)
[INFO] 
[INFO] -------------------------------------------------------
[INFO]  T E S T S
[INFO] -------------------------------------------------------
[INFO] Running org.jasig.portlet.courses.util.CourseSectionCodeComparatorTest
[INFO] Tests run: 1, Failures: 0, Errors: 0, Skipped: 0, Time elapsed: 0.068 s - in org.jasig.portlet.courses.util.CourseSectionCodeComparatorTest
[INFO] Running org.jasig.portlet.courses.util.CourseMeetingCompareByRoomAndStreetAddressTest
SLF4J: No SLF4J providers were found.
SLF4J: Defaulting to no-operation (NOP) logger implementation
SLF4J: See https://www.slf4j.org/codes.html#noProviders for further details.
[INFO] Tests run: 9, Failures: 0, Errors: 0, Skipped: 0, Time elapsed: 0.013 s - in org.jasig.portlet.courses.util.CourseMeetingCompareByRoomAndStreetAddressTest
[INFO] Running org.jasig.portlet.courses.util.CourseCompareByDeptAndCatalogTest
Pre-Sort Courses: [org.jasig.portlet.courses.model.xml.personal.Course@48fa0f47[title=<null>, code=601, school=<null>, courseDepartment=org.jasig.portlet.courses.model.xml.Department@4313f5bc[code=<null>, name=M E], courseMeetings=<null>, instructors=<null>, grade=<null>, credits=<null>, courseUpdates=<null>, courseTextbooks=<null>, id=<null>, courseResources=<null>, courseSections=<null>, courseAdditionalInfos=<null>], org.jasig.portlet.courses.model.xml.personal.Course@7f010382[title=<null>, code=342, school=<null>, courseDepartment=org.jasig.portlet.courses.model.xml.Department@1e802ef9[code=<null>, name=M E], courseMeetings=<null>, instructors=<null>, grade=<null>, credits=<null>, courseUpdates=<null>, courseTextbooks=<null>, id=<null>, courseResources=<null>, courseSections=<null>, courseAdditionalInfos=<null>], org.jasig.portlet.courses.model.xml.personal.Course@2b6faea6[title=<null>, code=397, school=<null>, courseDepartment=org.jasig.portlet.courses.model.xml.Department@778d1062[code=<null>, name=E P D], courseMeetings=<null>, instructors=<null>, grade=<null>, credits=<null>, courseUpdates=<null>, courseTextbooks=<null>, id=<null>, courseResources=<null>, courseSections=<null>, courseAdditionalInfos=<null>], org.jasig.portlet.courses.model.xml.personal.Course@670002[title=<null>, code=314, school=<null>, courseDepartment=org.jasig.portlet.courses.model.xml.Department@1f0f1111[code=<null>, name=M E], courseMeetings=<null>, instructors=<null>, grade=<null>, credits=<null>, courseUpdates=<null>, courseTextbooks=<null>, id=<null>, courseResources=<null>, courseSections=<null>, courseAdditionalInfos=<null>], org.jasig.portlet.courses.model.xml.personal.Course@49c386c8[title=<null>, code=364, school=<null>, courseDepartment=org.jasig.portlet.courses.model.xml.Department@56528192[code=<null>, name=M E], courseMeetings=<null>, instructors=<null>, grade=<null>, credits=<null>, courseUpdates=<null>, courseTextbooks=<null>, id=<null>, courseResources=<null>, courseSections=<null>, courseAdditionalInfos=<null>]]
Pre-Sort Courses 0: org.jasig.portlet.courses.model.xml.personal.Course@48fa0f47[title=<null>, code=601, school=<null>, courseDepartment=org.jasig.portlet.courses.model.xml.Department@4313f5bc[code=<null>, name=M E], courseMeetings=<null>, instructors=<null>, grade=<null>, credits=<null>, courseUpdates=<null>, courseTextbooks=<null>, id=<null>, courseResources=<null>, courseSections=<null>, courseAdditionalInfos=<null>]
Pre-Sort Courses 1: org.jasig.portlet.courses.model.xml.personal.Course@7f010382[title=<null>, code=342, school=<null>, courseDepartment=org.jasig.portlet.courses.model.xml.Department@1e802ef9[code=<null>, name=M E], courseMeetings=<null>, instructors=<null>, grade=<null>, credits=<null>, courseUpdates=<null>, courseTextbooks=<null>, id=<null>, courseResources=<null>, courseSections=<null>, courseAdditionalInfos=<null>]
Post-Sort Courses: [org.jasig.portlet.courses.model.xml.personal.Course@2b6faea6[title=<null>, code=397, school=<null>, courseDepartment=org.jasig.portlet.courses.model.xml.Department@778d1062[code=<null>, name=E P D], courseMeetings=<null>, instructors=<null>, grade=<null>, credits=<null>, courseUpdates=<null>, courseTextbooks=<null>, id=<null>, courseResources=<null>, courseSections=<null>, courseAdditionalInfos=<null>], org.jasig.portlet.courses.model.xml.personal.Course@670002[title=<null>, code=314, school=<null>, courseDepartment=org.jasig.portlet.courses.model.xml.Department@1f0f1111[code=<null>, name=M E], courseMeetings=<null>, instructors=<null>, grade=<null>, credits=<null>, courseUpdates=<null>, courseTextbooks=<null>, id=<null>, courseResources=<null>, courseSections=<null>, courseAdditionalInfos=<null>], org.jasig.portlet.courses.model.xml.personal.Course@7f010382[title=<null>, code=342, school=<null>, courseDepartment=org.jasig.portlet.courses.model.xml.Department@1e802ef9[code=<null>, name=M E], courseMeetings=<null>, instructors=<null>, grade=<null>, credits=<null>, courseUpdates=<null>, courseTextbooks=<null>, id=<null>, courseResources=<null>, courseSections=<null>, courseAdditionalInfos=<null>], org.jasig.portlet.courses.model.xml.personal.Course@49c386c8[title=<null>, code=364, school=<null>, courseDepartment=org.jasig.portlet.courses.model.xml.Department@56528192[code=<null>, name=M E], courseMeetings=<null>, instructors=<null>, grade=<null>, credits=<null>, courseUpdates=<null>, courseTextbooks=<null>, id=<null>, courseResources=<null>, courseSections=<null>, courseAdditionalInfos=<null>], org.jasig.portlet.courses.model.xml.personal.Course@48fa0f47[title=<null>, code=601, school=<null>, courseDepartment=org.jasig.portlet.courses.model.xml.Department@4313f5bc[code=<null>, name=M E], courseMeetings=<null>, instructors=<null>, grade=<null>, credits=<null>, courseUpdates=<null>, courseTextbooks=<null>, id=<null>, courseResources=<null>, courseSections=<null>, courseAdditionalInfos=<null>]]
Post-Sort Courses 0: org.jasig.portlet.courses.model.xml.personal.Course@2b6faea6[title=<null>, code=397, school=<null>, courseDepartment=org.jasig.portlet.courses.model.xml.Department@778d1062[code=<null>, name=E P D], courseMeetings=<null>, instructors=<null>, grade=<null>, credits=<null>, courseUpdates=<null>, courseTextbooks=<null>, id=<null>, courseResources=<null>, courseSections=<null>, courseAdditionalInfos=<null>]
Post-Sort Courses 1: org.jasig.portlet.courses.model.xml.personal.Course@670002[title=<null>, code=314, school=<null>, courseDepartment=org.jasig.portlet.courses.model.xml.Department@1f0f1111[code=<null>, name=M E], courseMeetings=<null>, instructors=<null>, grade=<null>, credits=<null>, courseUpdates=<null>, courseTextbooks=<null>, id=<null>, courseResources=<null>, courseSections=<null>, courseAdditionalInfos=<null>]
[INFO] Tests run: 10, Failures: 0, Errors: 0, Skipped: 0, Time elapsed: 0.005 s - in org.jasig.portlet.courses.util.CourseCompareByDeptAndCatalogTest
[INFO] Running org.jasig.portlet.courses.util.TermComparatorTest
[INFO] Tests run: 1, Failures: 0, Errors: 0, Skipped: 0, Time elapsed: 0.048 s - in org.jasig.portlet.courses.util.TermComparatorTest
[INFO] Running org.jasig.portlet.jaxb.util.JodaTypeConverterTest
[INFO] Tests run: 3, Failures: 0, Errors: 0, Skipped: 0, Time elapsed: 0.103 s - in org.jasig.portlet.jaxb.util.JodaTypeConverterTest
[INFO] 
[INFO] Results:
[INFO] 
[INFO] Tests run: 24, Failures: 0, Errors: 0, Skipped: 0
[INFO] 
[INFO] 
[INFO] -----------< org.jasig.portlet.courses:courses-portlet-dao >------------
[INFO] Building CoursePortlet - Data Access Objects for SIS/LMS integration 2.1.1-SNAPSHOT [3/4]
[INFO]   from courses-portlet-dao/pom.xml
[INFO] --------------------------------[ jar ]---------------------------------
[INFO] Downloading from central: https://repo.maven.apache.org/maven2/commons-codec/commons-codec/1.15/commons-codec-1.15.pom
[INFO] Downloaded from central: https://repo.maven.apache.org/maven2/commons-codec/commons-codec/1.15/commons-codec-1.15.pom (15 kB at 1.7 MB/s)
[INFO] Downloading from central: https://repo.maven.apache.org/maven2/net/sf/ehcache/ehcache-core/2.6.11/ehcache-core-2.6.11.pom
[INFO] Downloaded from central: https://repo.maven.apache.org/maven2/net/sf/ehcache/ehcache-core/2.6.11/ehcache-core-2.6.11.pom (31 kB at 3.1 MB/s)
[INFO] Downloading from central: https://repo.maven.apache.org/maven2/net/sf/ehcache/ehcache-parent/2.5/ehcache-parent-2.5.pom
[INFO] Downloaded from central: https://repo.maven.apache.org/maven2/net/sf/ehcache/ehcache-parent/2.5/ehcache-parent-2.5.pom (16 kB at 1.6 MB/s)
[INFO] Downloading from central: https://repo.maven.apache.org/maven2/org/springframework/spring-beans/3.2.3.RELEASE/spring-beans-3.2.3.RELEASE.pom
[INFO] Downloaded from central: https://repo.maven.apache.org/maven2/org/springframework/spring-beans/3.2.3.RELEASE/spring-beans-3.2.3.RELEASE.pom (1.9 kB at 188 kB/s)
[INFO] Downloading from central: https://repo.maven.apache.org/maven2/org/springframework/spring-core/3.2.3.RELEASE/spring-core-3.2.3.RELEASE.pom
[INFO] Downloaded from central: https://repo.maven.apache.org/maven2/org/springframework/spring-core/3.2.3.RELEASE/spring-core-3.2.3.RELEASE.pom (2.1 kB at 195 kB/s)
[INFO] Downloading from central: https://repo.maven.apache.org/maven2/org/springframework/spring-web/3.2.3.RELEASE/spring-web-3.2.3.RELEASE.pom
[INFO] Downloaded from central: https://repo.maven.apache.org/maven2/org/springframework/spring-web/3.2.3.RELEASE/spring-web-3.2.3.RELEASE.pom (6.9 kB at 628 kB/s)
[INFO] Downloading from central: https://repo.maven.apache.org/maven2/org/springframework/spring-aop/3.2.3.RELEASE/spring-aop-3.2.3.RELEASE.pom
[INFO] Downloaded from central: https://repo.maven.apache.org/maven2/org/springframework/spring-aop/3.2.3.RELEASE/spring-aop-3.2.3.RELEASE.pom (2.5 kB at 280 kB/s)
[INFO] Downloading from central: https://repo.maven.apache.org/maven2/org/springframework/spring-context/3.2.3.RELEASE/spring-context-3.2.3.RELEASE.pom
[INFO] Downloaded from central: https://repo.maven.apache.org/maven2/org/springframework/spring-context/3.2.3.RELEASE/spring-context-3.2.3.RELEASE.pom (5.3 kB at 533 kB/s)
[INFO] Downloading from central: https://repo.maven.apache.org/maven2/org/springframework/spring-expression/3.2.3.RELEASE/spring-expression-3.2.3.RELEASE.pom
[INFO] Downloaded from central: https://repo.maven.apache.org/maven2/org/springframework/spring-expression/3.2.3.RELEASE/spring-expression-3.2.3.RELEASE.pom (1.6 kB at 144 kB/s)
[INFO] Downloading from central: https://repo.maven.apache.org/maven2/org/slf4j/jcl-over-slf4j/2.0.6/jcl-over-slf4j-2.0.6.pom
[INFO] Downloaded from central: https://repo.maven.apache.org/maven2/org/slf4j/jcl-over-slf4j/2.0.6/jcl-over-slf4j-2.0.6.pom (1.2 kB at 46 kB/s)
[INFO] Downloading from central: https://repo.maven.apache.org/maven2/org/slf4j/jul-to-slf4j/2.0.6/jul-to-slf4j-2.0.6.pom
[INFO] Downloaded from central: https://repo.maven.apache.org/maven2/org/slf4j/jul-to-slf4j/2.0.6/jul-to-slf4j-2.0.6.pom (954 B at 106 kB/s)
[INFO] Downloading from central: https://repo.maven.apache.org/maven2/org/slf4j/log4j-over-slf4j/2.0.6/log4j-over-slf4j-2.0.6.pom
[INFO] Downloaded from central: https://repo.maven.apache.org/maven2/org/slf4j/log4j-over-slf4j/2.0.6/log4j-over-slf4j-2.0.6.pom (1.2 kB at 105 kB/s)
[INFO] Downloading from central: https://repo.maven.apache.org/maven2/com/sun/xml/bind/jaxb-impl/2.3.3/jaxb-impl-2.3.3.pom
[INFO] Downloaded from central: https://repo.maven.apache.org/maven2/com/sun/xml/bind/jaxb-impl/2.3.3/jaxb-impl-2.3.3.pom (14 kB at 1.3 MB/s)
[INFO] Downloading from central: https://repo.maven.apache.org/maven2/com/sun/xml/bind/mvn/jaxb-bundles/2.3.3/jaxb-bundles-2.3.3.pom
[INFO] Downloaded from central: https://repo.maven.apache.org/maven2/com/sun/xml/bind/mvn/jaxb-bundles/2.3.3/jaxb-bundles-2.3.3.pom (1.3 kB at 158 kB/s)
[INFO] Downloading from central: https://repo.maven.apache.org/maven2/com/sun/xml/bind/mvn/jaxb-parent/2.3.3/jaxb-parent-2.3.3.pom
[INFO] Downloaded from central: https://repo.maven.apache.org/maven2/com/sun/xml/bind/mvn/jaxb-parent/2.3.3/jaxb-parent-2.3.3.pom (29 kB at 3.6 MB/s)
[INFO] Downloading from central: https://repo.maven.apache.org/maven2/com/sun/xml/bind/jaxb-bom-ext/2.3.3/jaxb-bom-ext-2.3.3.pom
[INFO] Downloaded from central: https://repo.maven.apache.org/maven2/com/sun/xml/bind/jaxb-bom-ext/2.3.3/jaxb-bom-ext-2.3.3.pom (3.4 kB at 488 kB/s)
[INFO] Downloading from central: https://repo.maven.apache.org/maven2/org/glassfish/jaxb/jaxb-bom/2.3.3/jaxb-bom-2.3.3.pom
[INFO] Downloaded from central: https://repo.maven.apache.org/maven2/org/glassfish/jaxb/jaxb-bom/2.3.3/jaxb-bom-2.3.3.pom (8.2 kB at 1.0 MB/s)
[INFO] Downloading from central: https://repo.maven.apache.org/maven2/javax/servlet/servlet-api/2.5/servlet-api-2.5.pom
[INFO] Downloaded from central: https://repo.maven.apache.org/maven2/javax/servlet/servlet-api/2.5/servlet-api-2.5.pom (157 B at 16 kB/s)
[INFO] Downloading from central: https://repo.maven.apache.org/maven2/javax/portlet/portlet-api/2.0/portlet-api-2.0.pom
[INFO] Downloaded from central: https://repo.maven.apache.org/maven2/javax/portlet/portlet-api/2.0/portlet-api-2.0.pom (4.7 kB at 466 kB/s)
[INFO] Downloading from central: https://repo.maven.apache.org/maven2/org/mockito/mockito-core/4.11.0/mockito-core-4.11.0.pom
[INFO] Downloaded from central: https://repo.maven.apache.org/maven2/org/mockito/mockito-core/4.11.0/mockito-core-4.11.0.pom (2.5 kB at 250 kB/s)
[INFO] Downloading from central: https://repo.maven.apache.org/maven2/net/bytebuddy/byte-buddy/1.12.19/byte-buddy-1.12.19.pom
[INFO] Downloaded from central: https://repo.maven.apache.org/maven2/net/bytebuddy/byte-buddy/1.12.19/byte-buddy-1.12.19.pom (16 kB at 1.4 MB/s)
[INFO] Downloading from central: https://repo.maven.apache.org/maven2/net/bytebuddy/byte-buddy-parent/1.12.19/byte-buddy-parent-1.12.19.pom
[INFO] Downloaded from central: https://repo.maven.apache.org/maven2/net/bytebuddy/byte-buddy-parent/1.12.19/byte-buddy-parent-1.12.19.pom (58 kB at 3.7 MB/s)
[INFO] Downloading from central: https://repo.maven.apache.org/maven2/net/bytebuddy/byte-buddy-agent/1.12.19/byte-buddy-agent-1.12.19.pom
[INFO] Downloaded from central: https://repo.maven.apache.org/maven2/net/bytebuddy/byte-buddy-agent/1.12.19/byte-buddy-agent-1.12.19.pom (10 kB at 696 kB/s)
[INFO] Downloading from central: https://repo.maven.apache.org/maven2/org/objenesis/objenesis/3.3/objenesis-3.3.pom
[INFO] Downloaded from central: https://repo.maven.apache.org/maven2/org/objenesis/objenesis/3.3/objenesis-3.3.pom (3.0 kB at 301 kB/s)
[INFO] Downloading from central: https://repo.maven.apache.org/maven2/org/objenesis/objenesis-parent/3.3/objenesis-parent-3.3.pom
[INFO] Downloaded from central: https://repo.maven.apache.org/maven2/org/objenesis/objenesis-parent/3.3/objenesis-parent-3.3.pom (19 kB at 1.6 MB/s)
[INFO] Downloading from central: https://repo.maven.apache.org/maven2/org/springframework/spring-test/3.2.3.RELEASE/spring-test-3.2.3.RELEASE.pom
[INFO] Downloaded from central: https://repo.maven.apache.org/maven2/org/springframework/spring-test/3.2.3.RELEASE/spring-test-3.2.3.RELEASE.pom (6.1 kB at 555 kB/s)
[INFO] Downloading from central: https://repo.maven.apache.org/maven2/commons-codec/commons-codec/1.15/commons-codec-1.15.jar
[INFO] Downloaded from central: https://repo.maven.apache.org/maven2/commons-codec/commons-codec/1.15/commons-codec-1.15.jar (354 kB at 18 MB/s)
[INFO] Downloading from central: https://repo.maven.apache.org/maven2/net/sf/ehcache/ehcache-core/2.6.11/ehcache-core-2.6.11.jar
[INFO] Downloading from central: https://repo.maven.apache.org/maven2/org/springframework/spring-beans/3.2.3.RELEASE/spring-beans-3.2.3.RELEASE.jar
[INFO] Downloading from central: https://repo.maven.apache.org/maven2/org/springframework/spring-core/3.2.3.RELEASE/spring-core-3.2.3.RELEASE.jar
[INFO] Downloading from central: https://repo.maven.apache.org/maven2/org/springframework/spring-web/3.2.3.RELEASE/spring-web-3.2.3.RELEASE.jar
[INFO] Downloading from central: https://repo.maven.apache.org/maven2/aopalliance/aopalliance/1.0/aopalliance-1.0.jar
[INFO] Downloaded from central: https://repo.maven.apache.org/maven2/aopalliance/aopalliance/1.0/aopalliance-1.0.jar (4.5 kB at 447 kB/s)
[INFO] Downloading from central: https://repo.maven.apache.org/maven2/org/springframework/spring-aop/3.2.3.RELEASE/spring-aop-3.2.3.RELEASE.jar
[INFO] Downloaded from central: https://repo.maven.apache.org/maven2/org/springframework/spring-beans/3.2.3.RELEASE/spring-beans-3.2.3.RELEASE.jar (608 kB at 28 MB/s)
[INFO] Downloading from central: https://repo.maven.apache.org/maven2/org/springframework/spring-context/3.2.3.RELEASE/spring-context-3.2.3.RELEASE.jar
[INFO] Downloaded from central: https://repo.maven.apache.org/maven2/org/springframework/spring-web/3.2.3.RELEASE/spring-web-3.2.3.RELEASE.jar (626 kB at 26 MB/s)
[INFO] Downloading from central: https://repo.maven.apache.org/maven2/org/springframework/spring-expression/3.2.3.RELEASE/spring-expression-3.2.3.RELEASE.jar
[INFO] Downloaded from central: https://repo.maven.apache.org/maven2/org/springframework/spring-aop/3.2.3.RELEASE/spring-aop-3.2.3.RELEASE.jar (335 kB at 12 MB/s)
[INFO] Downloading from central: https://repo.maven.apache.org/maven2/org/slf4j/jcl-over-slf4j/2.0.6/jcl-over-slf4j-2.0.6.jar
[INFO] Downloaded from central: https://repo.maven.apache.org/maven2/org/springframework/spring-expression/3.2.3.RELEASE/spring-expression-3.2.3.RELEASE.jar (196 kB at 6.1 MB/s)
[INFO] Downloading from central: https://repo.maven.apache.org/maven2/org/slf4j/jul-to-slf4j/2.0.6/jul-to-slf4j-2.0.6.jar
[INFO] Downloaded from central: https://repo.maven.apache.org/maven2/org/slf4j/jcl-over-slf4j/2.0.6/jcl-over-slf4j-2.0.6.jar (17 kB at 484 kB/s)
[INFO] Downloading from central: https://repo.maven.apache.org/maven2/org/slf4j/log4j-over-slf4j/2.0.6/log4j-over-slf4j-2.0.6.jar
[INFO] Downloaded from central: https://repo.maven.apache.org/maven2/org/slf4j/jul-to-slf4j/2.0.6/jul-to-slf4j-2.0.6.jar (4.9 kB at 121 kB/s)
[INFO] Downloading from central: https://repo.maven.apache.org/maven2/com/sun/xml/bind/jaxb-impl/2.3.3/jaxb-impl-2.3.3.jar
[INFO] Downloaded from central: https://repo.maven.apache.org/maven2/org/slf4j/log4j-over-slf4j/2.0.6/log4j-over-slf4j-2.0.6.jar (26 kB at 557 kB/s)
[INFO] Downloading from central: https://repo.maven.apache.org/maven2/javax/servlet/servlet-api/2.5/servlet-api-2.5.jar
[INFO] Downloaded from central: https://repo.maven.apache.org/maven2/org/springframework/spring-context/3.2.3.RELEASE/spring-context-3.2.3.RELEASE.jar (863 kB at 18 MB/s)
[INFO] Downloading from central: https://repo.maven.apache.org/maven2/javax/portlet/portlet-api/2.0/portlet-api-2.0.jar
[INFO] Downloaded from central: https://repo.maven.apache.org/maven2/net/sf/ehcache/ehcache-core/2.6.11/ehcache-core-2.6.11.jar (1.3 MB at 24 MB/s)
[INFO] Downloading from central: https://repo.maven.apache.org/maven2/org/mockito/mockito-core/4.11.0/mockito-core-4.11.0.jar
[INFO] Downloaded from central: https://repo.maven.apache.org/maven2/javax/servlet/servlet-api/2.5/servlet-api-2.5.jar (105 kB at 1.9 MB/s)
[INFO] Downloading from central: https://repo.maven.apache.org/maven2/net/bytebuddy/byte-buddy/1.12.19/byte-buddy-1.12.19.jar
[INFO] Downloaded from central: https://repo.maven.apache.org/maven2/org/springframework/spring-core/3.2.3.RELEASE/spring-core-3.2.3.RELEASE.jar (868 kB at 14 MB/s)
[INFO] Downloading from central: https://repo.maven.apache.org/maven2/net/bytebuddy/byte-buddy-agent/1.12.19/byte-buddy-agent-1.12.19.jar
[INFO] Downloaded from central: https://repo.maven.apache.org/maven2/javax/portlet/portlet-api/2.0/portlet-api-2.0.jar (48 kB at 828 kB/s)
[INFO] Downloading from central: https://repo.maven.apache.org/maven2/org/objenesis/objenesis/3.3/objenesis-3.3.jar
[INFO] Downloaded from central: https://repo.maven.apache.org/maven2/org/objenesis/objenesis/3.3/objenesis-3.3.jar (49 kB at 738 kB/s)
[INFO] Downloading from central: https://repo.maven.apache.org/maven2/org/springframework/spring-test/3.2.3.RELEASE/spring-test-3.2.3.RELEASE.jar
[INFO] Downloaded from central: https://repo.maven.apache.org/maven2/net/bytebuddy/byte-buddy-agent/1.12.19/byte-buddy-agent-1.12.19.jar (256 kB at 3.7 MB/s)
[INFO] Downloaded from central: https://repo.maven.apache.org/maven2/com/sun/xml/bind/jaxb-impl/2.3.3/jaxb-impl-2.3.3.jar (1.1 MB at 16 MB/s)
[INFO] Downloaded from central: https://repo.maven.apache.org/maven2/org/mockito/mockito-core/4.11.0/mockito-core-4.11.0.jar (685 kB at 8.8 MB/s)
[INFO] Downloaded from central: https://repo.maven.apache.org/maven2/org/springframework/spring-test/3.2.3.RELEASE/spring-test-3.2.3.RELEASE.jar (456 kB at 4.9 MB/s)
[INFO] Downloaded from central: https://repo.maven.apache.org/maven2/net/bytebuddy/byte-buddy/1.12.19/byte-buddy-1.12.19.jar (4.0 MB at 27 MB/s)
[INFO] 
[INFO] --- clean:3.2.0:clean (default-clean) @ courses-portlet-dao ---
[INFO] 
[INFO] --- enforcer:1.0:enforce (enforce-maven) @ courses-portlet-dao ---
[INFO] 
[INFO] --- resources:3.3.0:resources (default-resources) @ courses-portlet-dao ---
[INFO] Copying 3 resources
[INFO] 
[INFO] --- compiler:3.10.1:compile (default-compile) @ courses-portlet-dao ---
[INFO] Changes detected - recompiling the module!
[INFO] Compiling 27 source files to /CoursesPortlet/courses-portlet-dao/target/classes
[INFO] /CoursesPortlet/courses-portlet-dao/src/main/java/org/jasig/portlet/degreeprogress/dao/CachingDegreeProgressDao.java: /CoursesPortlet/courses-portlet-dao/src/main/java/org/jasig/portlet/degreeprogress/dao/CachingDegreeProgressDao.java uses or overrides a deprecated API.
[INFO] /CoursesPortlet/courses-portlet-dao/src/main/java/org/jasig/portlet/degreeprogress/dao/CachingDegreeProgressDao.java: Recompile with -Xlint:deprecation for details.
[INFO] /CoursesPortlet/courses-portlet-dao/src/main/java/org/jasig/portlet/courses/util/UserAttributeParameterEvaluator.java: /CoursesPortlet/courses-portlet-dao/src/main/java/org/jasig/portlet/courses/util/UserAttributeParameterEvaluator.java uses unchecked or unsafe operations.
[INFO] /CoursesPortlet/courses-portlet-dao/src/main/java/org/jasig/portlet/courses/util/UserAttributeParameterEvaluator.java: Recompile with -Xlint:unchecked for details.
[INFO] 
[INFO] --- resources:3.3.0:testResources (default-testResources) @ courses-portlet-dao ---
[INFO] Copying 3 resources
[INFO] 
[INFO] --- compiler:3.10.1:testCompile (default-testCompile) @ courses-portlet-dao ---
[INFO] Changes detected - recompiling the module!
[INFO] Compiling 3 source files to /CoursesPortlet/courses-portlet-dao/target/test-classes
[INFO] /CoursesPortlet/courses-portlet-dao/src/test/java/org/jasig/portlet/courses/dao/xml/MockCoursesDaoTest.java: Some input files use or override a deprecated API.
[INFO] /CoursesPortlet/courses-portlet-dao/src/test/java/org/jasig/portlet/courses/dao/xml/MockCoursesDaoTest.java: Recompile with -Xlint:deprecation for details.
[INFO] 
[INFO] --- surefire:3.0.0:test (default-test) @ courses-portlet-dao ---
[INFO] Using auto detected provider org.apache.maven.surefire.junit4.JUnit4Provider
[INFO] 
[INFO] -------------------------------------------------------
[INFO]  T E S T S
[INFO] -------------------------------------------------------
[INFO] Running org.jasig.portlet.courses.dao.xml.SecureRequestCredentialsTest
[INFO] Tests run: 2, Failures: 0, Errors: 0, Skipped: 0, Time elapsed: 0.15 s - in org.jasig.portlet.courses.dao.xml.SecureRequestCredentialsTest
[INFO] Running org.jasig.portlet.courses.dao.xml.MockCoursesDaoTest
SLF4J: No SLF4J providers were found.
SLF4J: Defaulting to no-operation (NOP) logger implementation
SLF4J: See https://www.slf4j.org/codes.html#noProviders for further details.
[INFO] Tests run: 1, Failures: 0, Errors: 0, Skipped: 0, Time elapsed: 1.865 s - in org.jasig.portlet.courses.dao.xml.MockCoursesDaoTest
[INFO] Running org.jasig.portlet.courses.dao.MergingCoursesDaoImplTest
[INFO] Tests run: 4, Failures: 0, Errors: 0, Skipped: 0, Time elapsed: 0.374 s - in org.jasig.portlet.courses.dao.MergingCoursesDaoImplTest
[INFO] 
[INFO] Results:
[INFO] 
[INFO] Tests run: 7, Failures: 0, Errors: 0, Skipped: 0
[INFO] 
[INFO] 
[INFO] ----------< org.jasig.portlet.courses:courses-portlet-webapp >----------
[INFO] Building CoursePortlet - Webapp 2.1.1-SNAPSHOT                     [4/4]
[INFO]   from courses-portlet-webapp/pom.xml
[INFO] --------------------------------[ war ]---------------------------------
[INFO] Downloading from central: https://repo.maven.apache.org/maven2/commons-collections/commons-collections/3.2.2/commons-collections-3.2.2.pom
[INFO] Downloaded from central: https://repo.maven.apache.org/maven2/commons-collections/commons-collections/3.2.2/commons-collections-3.2.2.pom (12 kB at 1.1 MB/s)
[INFO] Downloading from central: https://repo.maven.apache.org/maven2/org/apache/commons/commons-parent/39/commons-parent-39.pom
[INFO] Downloaded from central: https://repo.maven.apache.org/maven2/org/apache/commons/commons-parent/39/commons-parent-39.pom (62 kB at 3.6 MB/s)
[INFO] Downloading from central: https://repo.maven.apache.org/maven2/org/apache/apache/16/apache-16.pom
[INFO] Downloaded from central: https://repo.maven.apache.org/maven2/org/apache/apache/16/apache-16.pom (15 kB at 1.9 MB/s)
[INFO] Downloading from central: https://repo.maven.apache.org/maven2/javax/servlet/jstl/1.1.2/jstl-1.1.2.pom
[INFO] Downloaded from central: https://repo.maven.apache.org/maven2/javax/servlet/jstl/1.1.2/jstl-1.1.2.pom (358 B at 36 kB/s)
[INFO] Downloading from central: https://repo.maven.apache.org/maven2/joda-time/joda-time-jsptags/1.1.1/joda-time-jsptags-1.1.1.pom
[INFO] Downloaded from central: https://repo.maven.apache.org/maven2/joda-time/joda-time-jsptags/1.1.1/joda-time-jsptags-1.1.1.pom (12 kB at 1.1 MB/s)
[INFO] Downloading from central: https://repo.maven.apache.org/maven2/org/apache/httpcomponents/httpclient/4.5.13/httpclient-4.5.13.pom
[INFO] Downloaded from central: https://repo.maven.apache.org/maven2/org/apache/httpcomponents/httpclient/4.5.13/httpclient-4.5.13.pom (6.6 kB at 551 kB/s)
[INFO] Downloading from central: https://repo.maven.apache.org/maven2/org/apache/httpcomponents/httpcomponents-client/4.5.13/httpcomponents-client-4.5.13.pom
[INFO] Downloaded from central: https://repo.maven.apache.org/maven2/org/apache/httpcomponents/httpcomponents-client/4.5.13/httpcomponents-client-4.5.13.pom (16 kB at 1.5 MB/s)
[INFO] Downloading from central: https://repo.maven.apache.org/maven2/org/apache/httpcomponents/httpcomponents-parent/11/httpcomponents-parent-11.pom
[INFO] Downloaded from central: https://repo.maven.apache.org/maven2/org/apache/httpcomponents/httpcomponents-parent/11/httpcomponents-parent-11.pom (35 kB at 2.3 MB/s)
[INFO] Downloading from central: https://repo.maven.apache.org/maven2/org/apache/apache/21/apache-21.pom
[INFO] Downloaded from central: https://repo.maven.apache.org/maven2/org/apache/apache/21/apache-21.pom (17 kB at 1.7 MB/s)
[INFO] Downloading from central: https://repo.maven.apache.org/maven2/org/apache/httpcomponents/httpcore/4.4.13/httpcore-4.4.13.pom
[INFO] Downloaded from central: https://repo.maven.apache.org/maven2/org/apache/httpcomponents/httpcore/4.4.13/httpcore-4.4.13.pom (5.0 kB at 621 kB/s)
[INFO] Downloading from central: https://repo.maven.apache.org/maven2/org/apache/httpcomponents/httpcomponents-core/4.4.13/httpcomponents-core-4.4.13.pom
[INFO] Downloaded from central: https://repo.maven.apache.org/maven2/org/apache/httpcomponents/httpcomponents-core/4.4.13/httpcomponents-core-4.4.13.pom (13 kB at 1.6 MB/s)
[INFO] Downloading from central: https://repo.maven.apache.org/maven2/com/fasterxml/jackson/core/jackson-databind/2.14.1/jackson-databind-2.14.1.pom
[INFO] Downloaded from central: https://repo.maven.apache.org/maven2/com/fasterxml/jackson/core/jackson-databind/2.14.1/jackson-databind-2.14.1.pom (19 kB at 2.4 MB/s)
[INFO] Downloading from central: https://repo.maven.apache.org/maven2/com/fasterxml/jackson/jackson-base/2.14.1/jackson-base-2.14.1.pom
[INFO] Downloaded from central: https://repo.maven.apache.org/maven2/com/fasterxml/jackson/jackson-base/2.14.1/jackson-base-2.14.1.pom (10 kB at 1.1 MB/s)
[INFO] Downloading from central: https://repo.maven.apache.org/maven2/com/fasterxml/jackson/jackson-bom/2.14.1/jackson-bom-2.14.1.pom
[INFO] Downloaded from central: https://repo.maven.apache.org/maven2/com/fasterxml/jackson/jackson-bom/2.14.1/jackson-bom-2.14.1.pom (17 kB at 1.9 MB/s)
[INFO] Downloading from central: https://repo.maven.apache.org/maven2/com/fasterxml/jackson/jackson-parent/2.14/jackson-parent-2.14.pom
[INFO] Downloaded from central: https://repo.maven.apache.org/maven2/com/fasterxml/jackson/jackson-parent/2.14/jackson-parent-2.14.pom (7.7 kB at 851 kB/s)
[INFO] Downloading from central: https://repo.maven.apache.org/maven2/com/fasterxml/oss-parent/48/oss-parent-48.pom
[INFO] Downloaded from central: https://repo.maven.apache.org/maven2/com/fasterxml/oss-parent/48/oss-parent-48.pom (24 kB at 2.0 MB/s)
[INFO] Downloading from central: https://repo.maven.apache.org/maven2/com/fasterxml/jackson/core/jackson-annotations/2.14.1/jackson-annotations-2.14.1.pom
[INFO] Downloaded from central: https://repo.maven.apache.org/maven2/com/fasterxml/jackson/core/jackson-annotations/2.14.1/jackson-annotations-2.14.1.pom (6.2 kB at 478 kB/s)
[INFO] Downloading from central: https://repo.maven.apache.org/maven2/com/fasterxml/jackson/core/jackson-core/2.14.1/jackson-core-2.14.1.pom
[INFO] Downloaded from central: https://repo.maven.apache.org/maven2/com/fasterxml/jackson/core/jackson-core/2.14.1/jackson-core-2.14.1.pom (7.0 kB at 638 kB/s)
[INFO] Downloading from central: https://repo.maven.apache.org/maven2/com/fasterxml/jackson/module/jackson-module-jaxb-annotations/2.14.1/jackson-module-jaxb-annotations-2.14.1.pom
[INFO] Downloaded from central: https://repo.maven.apache.org/maven2/com/fasterxml/jackson/module/jackson-module-jaxb-annotations/2.14.1/jackson-module-jaxb-annotations-2.14.1.pom (3.9 kB at 434 kB/s)
[INFO] Downloading from central: https://repo.maven.apache.org/maven2/com/fasterxml/jackson/module/jackson-modules-base/2.14.1/jackson-modules-base-2.14.1.pom
[INFO] Downloaded from central: https://repo.maven.apache.org/maven2/com/fasterxml/jackson/module/jackson-modules-base/2.14.1/jackson-modules-base-2.14.1.pom (3.7 kB at 371 kB/s)
[INFO] Downloading from central: https://repo.maven.apache.org/maven2/jakarta/activation/jakarta.activation-api/1.2.2/jakarta.activation-api-1.2.2.pom
[INFO] Downloaded from central: https://repo.maven.apache.org/maven2/jakarta/activation/jakarta.activation-api/1.2.2/jakarta.activation-api-1.2.2.pom (5.3 kB at 664 kB/s)
[INFO] Downloading from central: https://repo.maven.apache.org/maven2/org/jasig/portlet/utils/portlet-mvc-util/1.1.0/portlet-mvc-util-1.1.0.pom
[INFO] Downloaded from central: https://repo.maven.apache.org/maven2/org/jasig/portlet/utils/portlet-mvc-util/1.1.0/portlet-mvc-util-1.1.0.pom (1.1 kB at 81 kB/s)
[INFO] Downloading from central: https://repo.maven.apache.org/maven2/org/jasig/portlet/utils/portlet-utils-parent/1.1.0/portlet-utils-parent-1.1.0.pom
[INFO] Downloaded from central: https://repo.maven.apache.org/maven2/org/jasig/portlet/utils/portlet-utils-parent/1.1.0/portlet-utils-parent-1.1.0.pom (10.0 kB at 997 kB/s)
[INFO] Downloading from central: https://repo.maven.apache.org/maven2/com/google/guava/guava/14.0/guava-14.0.pom
[INFO] Downloaded from central: https://repo.maven.apache.org/maven2/com/google/guava/guava/14.0/guava-14.0.pom (5.4 kB at 597 kB/s)
[INFO] Downloading from central: https://repo.maven.apache.org/maven2/com/google/guava/guava-parent/14.0/guava-parent-14.0.pom
[INFO] Downloaded from central: https://repo.maven.apache.org/maven2/com/google/guava/guava-parent/14.0/guava-parent-14.0.pom (2.6 kB at 255 kB/s)
[INFO] Downloading from central: https://repo.maven.apache.org/maven2/org/springframework/spring-webmvc-portlet/3.2.3.RELEASE/spring-webmvc-portlet-3.2.3.RELEASE.pom
[INFO] Downloaded from central: https://repo.maven.apache.org/maven2/org/springframework/spring-webmvc-portlet/3.2.3.RELEASE/spring-webmvc-portlet-3.2.3.RELEASE.pom (2.9 kB at 194 kB/s)
[INFO] Downloading from central: https://repo.maven.apache.org/maven2/org/springframework/spring-webmvc/3.2.3.RELEASE/spring-webmvc-3.2.3.RELEASE.pom
[INFO] Downloaded from central: https://repo.maven.apache.org/maven2/org/springframework/spring-webmvc/3.2.3.RELEASE/spring-webmvc-3.2.3.RELEASE.pom (8.9 kB at 742 kB/s)
[INFO] Downloading from central: https://repo.maven.apache.org/maven2/org/jasig/portlet/utils/portlet-ws-util/1.1.3/portlet-ws-util-1.1.3.pom
[INFO] Downloaded from central: https://repo.maven.apache.org/maven2/org/jasig/portlet/utils/portlet-ws-util/1.1.3/portlet-ws-util-1.1.3.pom (2.4 kB at 238 kB/s)
[INFO] Downloading from central: https://repo.maven.apache.org/maven2/org/jasig/portlet/utils/portlet-utils-parent/1.1.3/portlet-utils-parent-1.1.3.pom
[INFO] Downloaded from central: https://repo.maven.apache.org/maven2/org/jasig/portlet/utils/portlet-utils-parent/1.1.3/portlet-utils-parent-1.1.3.pom (13 kB at 1.0 MB/s)
[INFO] Downloading from central: https://repo.maven.apache.org/maven2/commons-io/commons-io/2.4/commons-io-2.4.pom
[INFO] Downloaded from central: https://repo.maven.apache.org/maven2/commons-io/commons-io/2.4/commons-io-2.4.pom (10 kB at 1.1 MB/s)
[INFO] Downloading from central: https://repo.maven.apache.org/maven2/org/apache/commons/commons-parent/25/commons-parent-25.pom
[INFO] Downloaded from central: https://repo.maven.apache.org/maven2/org/apache/commons/commons-parent/25/commons-parent-25.pom (48 kB at 4.4 MB/s)
[INFO] Downloading from central: https://repo.maven.apache.org/maven2/org/apache/apache/9/apache-9.pom
[INFO] Downloaded from central: https://repo.maven.apache.org/maven2/org/apache/apache/9/apache-9.pom (15 kB at 1.4 MB/s)
[INFO] Downloading from central: https://repo.maven.apache.org/maven2/org/apache/httpcomponents/httpcore/4.2.3/httpcore-4.2.3.pom
[INFO] Downloaded from central: https://repo.maven.apache.org/maven2/org/apache/httpcomponents/httpcore/4.2.3/httpcore-4.2.3.pom (5.7 kB at 517 kB/s)
[INFO] Downloading from central: https://repo.maven.apache.org/maven2/org/apache/httpcomponents/httpcomponents-core/4.2.3/httpcomponents-core-4.2.3.pom
[INFO] Downloaded from central: https://repo.maven.apache.org/maven2/org/apache/httpcomponents/httpcomponents-core/4.2.3/httpcomponents-core-4.2.3.pom (11 kB at 319 kB/s)
[INFO] Downloading from central: https://repo.maven.apache.org/maven2/org/apache/httpcomponents/project/6/project-6.pom
[INFO] Downloaded from central: https://repo.maven.apache.org/maven2/org/apache/httpcomponents/project/6/project-6.pom (24 kB at 2.0 MB/s)
[INFO] Downloading from central: https://repo.maven.apache.org/maven2/org/springframework/ws/spring-ws-core/2.1.2.RELEASE/spring-ws-core-2.1.2.RELEASE.pom
[INFO] Downloaded from central: https://repo.maven.apache.org/maven2/org/springframework/ws/spring-ws-core/2.1.2.RELEASE/spring-ws-core-2.1.2.RELEASE.pom (6.3 kB at 572 kB/s)
[INFO] Downloading from central: https://repo.maven.apache.org/maven2/org/springframework/ws/spring-ws-parent/2.1.2.RELEASE/spring-ws-parent-2.1.2.RELEASE.pom
[INFO] Downloaded from central: https://repo.maven.apache.org/maven2/org/springframework/ws/spring-ws-parent/2.1.2.RELEASE/spring-ws-parent-2.1.2.RELEASE.pom (32 kB at 3.2 MB/s)
[INFO] Downloading from central: https://repo.maven.apache.org/maven2/org/springframework/ws/spring-xml/2.1.2.RELEASE/spring-xml-2.1.2.RELEASE.pom
[INFO] Downloaded from central: https://repo.maven.apache.org/maven2/org/springframework/ws/spring-xml/2.1.2.RELEASE/spring-xml-2.1.2.RELEASE.pom (2.4 kB at 143 kB/s)
[INFO] Downloading from central: https://repo.maven.apache.org/maven2/javax/xml/stream/stax-api/1.0-2/stax-api-1.0-2.pom
[INFO] Downloaded from central: https://repo.maven.apache.org/maven2/javax/xml/stream/stax-api/1.0-2/stax-api-1.0-2.pom (962 B at 96 kB/s)
[INFO] Downloading from central: https://repo.maven.apache.org/maven2/org/springframework/spring-oxm/3.1.3.RELEASE/spring-oxm-3.1.3.RELEASE.pom
[INFO] Downloaded from central: https://repo.maven.apache.org/maven2/org/springframework/spring-oxm/3.1.3.RELEASE/spring-oxm-3.1.3.RELEASE.pom (3.4 kB at 311 kB/s)
[INFO] Downloading from central: https://repo.maven.apache.org/maven2/org/springframework/spring-parent/3.1.3.RELEASE/spring-parent-3.1.3.RELEASE.pom
[INFO] Downloaded from central: https://repo.maven.apache.org/maven2/org/springframework/spring-parent/3.1.3.RELEASE/spring-parent-3.1.3.RELEASE.pom (8.7 kB at 873 kB/s)
[INFO] Downloading from central: https://repo.maven.apache.org/maven2/org/springframework/spring-webmvc/3.1.3.RELEASE/spring-webmvc-3.1.3.RELEASE.pom
[INFO] Downloaded from central: https://repo.maven.apache.org/maven2/org/springframework/spring-webmvc/3.1.3.RELEASE/spring-webmvc-3.1.3.RELEASE.pom (9.8 kB at 750 kB/s)
[INFO] Downloading from central: https://repo.maven.apache.org/maven2/org/springframework/spring-asm/3.1.3.RELEASE/spring-asm-3.1.3.RELEASE.pom
[INFO] Downloaded from central: https://repo.maven.apache.org/maven2/org/springframework/spring-asm/3.1.3.RELEASE/spring-asm-3.1.3.RELEASE.pom (2.5 kB at 180 kB/s)
[INFO] Downloading from central: https://repo.maven.apache.org/maven2/org/springframework/spring-context-support/3.2.3.RELEASE/spring-context-support-3.2.3.RELEASE.pom
[INFO] Downloaded from central: https://repo.maven.apache.org/maven2/org/springframework/spring-context-support/3.2.3.RELEASE/spring-context-support-3.2.3.RELEASE.pom (4.6 kB at 290 kB/s)
[INFO] Downloading from central: https://repo.maven.apache.org/maven2/org/springframework/spring-expression/3.1.3.RELEASE/spring-expression-3.1.3.RELEASE.pom
[INFO] Downloaded from central: https://repo.maven.apache.org/maven2/org/springframework/spring-expression/3.1.3.RELEASE/spring-expression-3.1.3.RELEASE.pom (1.8 kB at 149 kB/s)
[INFO] Downloading from central: https://repo.maven.apache.org/maven2/wsdl4j/wsdl4j/1.6.1/wsdl4j-1.6.1.pom
[INFO] Downloaded from central: https://repo.maven.apache.org/maven2/wsdl4j/wsdl4j/1.6.1/wsdl4j-1.6.1.pom (939 B at 67 kB/s)
[INFO] Downloading from central: https://repo.maven.apache.org/maven2/org/springframework/spring-jdbc/3.2.3.RELEASE/spring-jdbc-3.2.3.RELEASE.pom
[INFO] Downloaded from central: https://repo.maven.apache.org/maven2/org/springframework/spring-jdbc/3.2.3.RELEASE/spring-jdbc-3.2.3.RELEASE.pom (3.4 kB at 227 kB/s)
[INFO] Downloading from central: https://repo.maven.apache.org/maven2/org/springframework/spring-tx/3.2.3.RELEASE/spring-tx-3.2.3.RELEASE.pom
[INFO] Downloaded from central: https://repo.maven.apache.org/maven2/org/springframework/spring-tx/3.2.3.RELEASE/spring-tx-3.2.3.RELEASE.pom (3.2 kB at 212 kB/s)
[INFO] Downloading from central: https://repo.maven.apache.org/maven2/org/springframework/ws/spring-ws-security/2.4.7.RELEASE/spring-ws-security-2.4.7.RELEASE.pom
[INFO] Downloaded from central: https://repo.maven.apache.org/maven2/org/springframework/ws/spring-ws-security/2.4.7.RELEASE/spring-ws-security-2.4.7.RELEASE.pom (3.4 kB at 187 kB/s)
[INFO] Downloading from central: https://repo.maven.apache.org/maven2/org/springframework/ws/spring-ws/2.4.7.RELEASE/spring-ws-2.4.7.RELEASE.pom
[INFO] Downloaded from central: https://repo.maven.apache.org/maven2/org/springframework/ws/spring-ws/2.4.7.RELEASE/spring-ws-2.4.7.RELEASE.pom (24 kB at 1.3 MB/s)
[INFO] Downloading from central: https://repo.maven.apache.org/maven2/org/springframework/spring-framework-bom/4.2.9.RELEASE/spring-framework-bom-4.2.9.RELEASE.pom
[INFO] Downloaded from central: https://repo.maven.apache.org/maven2/org/springframework/spring-framework-bom/4.2.9.RELEASE/spring-framework-bom-4.2.9.RELEASE.pom (5.1 kB at 427 kB/s)
[INFO] Downloading from central: https://repo.maven.apache.org/maven2/org/springframework/security/spring-security-bom/4.0.4.RELEASE/spring-security-bom-4.0.4.RELEASE.pom
[INFO] Downloaded from central: https://repo.maven.apache.org/maven2/org/springframework/security/spring-security-bom/4.0.4.RELEASE/spring-security-bom-4.0.4.RELEASE.pom (4.3 kB at 362 kB/s)
[INFO] Downloading from central: https://repo.maven.apache.org/maven2/org/springframework/ws/spring-xml/2.4.7.RELEASE/spring-xml-2.4.7.RELEASE.pom
[INFO] Downloaded from central: https://repo.maven.apache.org/maven2/org/springframework/ws/spring-xml/2.4.7.RELEASE/spring-xml-2.4.7.RELEASE.pom (1.3 kB at 129 kB/s)
[INFO] Downloading from central: https://repo.maven.apache.org/maven2/commons-logging/commons-logging/1.1.3/commons-logging-1.1.3.pom
[INFO] Downloaded from central: https://repo.maven.apache.org/maven2/commons-logging/commons-logging/1.1.3/commons-logging-1.1.3.pom (18 kB at 2.0 MB/s)
[INFO] Downloading from central: https://repo.maven.apache.org/maven2/org/apache/commons/commons-parent/28/commons-parent-28.pom
[INFO] Downloaded from central: https://repo.maven.apache.org/maven2/org/apache/commons/commons-parent/28/commons-parent-28.pom (50 kB at 4.2 MB/s)
[INFO] Downloading from central: https://repo.maven.apache.org/maven2/org/springframework/ws/spring-ws-core/2.4.7.RELEASE/spring-ws-core-2.4.7.RELEASE.pom
[INFO] Downloaded from central: https://repo.maven.apache.org/maven2/org/springframework/ws/spring-ws-core/2.4.7.RELEASE/spring-ws-core-2.4.7.RELEASE.pom (5.1 kB at 423 kB/s)
[INFO] Downloading from central: https://repo.maven.apache.org/maven2/org/springframework/spring-oxm/4.2.9.RELEASE/spring-oxm-4.2.9.RELEASE.pom
[INFO] Downloaded from central: https://repo.maven.apache.org/maven2/org/springframework/spring-oxm/4.2.9.RELEASE/spring-oxm-4.2.9.RELEASE.pom (3.5 kB at 348 kB/s)
[INFO] Downloading from central: https://repo.maven.apache.org/maven2/org/springframework/spring-webmvc/4.2.9.RELEASE/spring-webmvc-4.2.9.RELEASE.pom
[INFO] Downloaded from central: https://repo.maven.apache.org/maven2/org/springframework/spring-webmvc/4.2.9.RELEASE/spring-webmvc-4.2.9.RELEASE.pom (12 kB at 859 kB/s)
[INFO] Downloading from central: https://repo.maven.apache.org/maven2/org/springframework/spring-expression/4.2.9.RELEASE/spring-expression-4.2.9.RELEASE.pom
[INFO] Downloaded from central: https://repo.maven.apache.org/maven2/org/springframework/spring-expression/4.2.9.RELEASE/spring-expression-4.2.9.RELEASE.pom (1.7 kB at 172 kB/s)
[INFO] Downloading from central: https://repo.maven.apache.org/maven2/org/springframework/spring-tx/4.2.9.RELEASE/spring-tx-4.2.9.RELEASE.pom
[INFO] Downloaded from central: https://repo.maven.apache.org/maven2/org/springframework/spring-tx/4.2.9.RELEASE/spring-tx-4.2.9.RELEASE.pom (3.4 kB at 337 kB/s)
[INFO] Downloading from central: https://repo.maven.apache.org/maven2/org/springframework/security/spring-security-core/4.0.4.RELEASE/spring-security-core-4.0.4.RELEASE.pom
[INFO] Downloaded from central: https://repo.maven.apache.org/maven2/org/springframework/security/spring-security-core/4.0.4.RELEASE/spring-security-core-4.0.4.RELEASE.pom (8.7 kB at 726 kB/s)
[INFO] Downloading from central: https://repo.maven.apache.org/maven2/org/springframework/spring-framework-bom/4.2.5.RELEASE/spring-framework-bom-4.2.5.RELEASE.pom
[INFO] Downloaded from central: https://repo.maven.apache.org/maven2/org/springframework/spring-framework-bom/4.2.5.RELEASE/spring-framework-bom-4.2.5.RELEASE.pom (5.1 kB at 394 kB/s)
[INFO] Downloading from central: https://repo.maven.apache.org/maven2/org/springframework/spring-expression/4.2.5.RELEASE/spring-expression-4.2.5.RELEASE.pom
[INFO] Downloaded from central: https://repo.maven.apache.org/maven2/org/springframework/spring-expression/4.2.5.RELEASE/spring-expression-4.2.5.RELEASE.pom (1.7 kB at 144 kB/s)
[INFO] Downloading from central: https://repo.maven.apache.org/maven2/net/sf/ehcache/ehcache/2.8.9/ehcache-2.8.9.pom
[INFO] Downloaded from central: https://repo.maven.apache.org/maven2/net/sf/ehcache/ehcache/2.8.9/ehcache-2.8.9.pom (19 kB at 1.2 MB/s)
[INFO] Downloading from central: https://repo.maven.apache.org/maven2/net/sf/ehcache/ehcache-root/2.8.9/ehcache-root-2.8.9.pom
[INFO] Downloaded from central: https://repo.maven.apache.org/maven2/net/sf/ehcache/ehcache-root/2.8.9/ehcache-root-2.8.9.pom (17 kB at 1.4 MB/s)
[INFO] Downloading from central: https://repo.maven.apache.org/maven2/net/sf/ehcache/ehcache-parent/2.17/ehcache-parent-2.17.pom
[INFO] Downloaded from central: https://repo.maven.apache.org/maven2/net/sf/ehcache/ehcache-parent/2.17/ehcache-parent-2.17.pom (17 kB at 1.4 MB/s)
[INFO] Downloading from central: https://repo.maven.apache.org/maven2/org/apache/ws/security/wss4j/1.6.19/wss4j-1.6.19.pom
[INFO] Downloaded from central: https://repo.maven.apache.org/maven2/org/apache/ws/security/wss4j/1.6.19/wss4j-1.6.19.pom (26 kB at 2.3 MB/s)
[INFO] Downloading from central: https://repo.maven.apache.org/maven2/org/apache/apache/17/apache-17.pom
[INFO] Downloaded from central: https://repo.maven.apache.org/maven2/org/apache/apache/17/apache-17.pom (16 kB at 1.1 MB/s)
[INFO] Downloading from central: https://repo.maven.apache.org/maven2/org/opensaml/opensaml/2.5.1-1/opensaml-2.5.1-1.pom
[INFO] Downloaded from central: https://repo.maven.apache.org/maven2/org/opensaml/opensaml/2.5.1-1/opensaml-2.5.1-1.pom (21 kB at 2.1 MB/s)
[INFO] Downloading from central: https://repo.maven.apache.org/maven2/org/opensaml/openws/1.4.2-1/openws-1.4.2-1.pom
[INFO] Downloaded from central: https://repo.maven.apache.org/maven2/org/opensaml/openws/1.4.2-1/openws-1.4.2-1.pom (20 kB at 2.0 MB/s)
[INFO] Downloading from central: https://repo.maven.apache.org/maven2/org/opensaml/xmltooling/1.3.2-1/xmltooling-1.3.2-1.pom
[INFO] Downloaded from central: https://repo.maven.apache.org/maven2/org/opensaml/xmltooling/1.3.2-1/xmltooling-1.3.2-1.pom (18 kB at 1.3 MB/s)
[INFO] Downloading from central: https://repo.maven.apache.org/maven2/org/apache/wss4j/wss4j-ws-security-dom/2.1.11/wss4j-ws-security-dom-2.1.11.pom
[INFO] Downloaded from central: https://repo.maven.apache.org/maven2/org/apache/wss4j/wss4j-ws-security-dom/2.1.11/wss4j-ws-security-dom-2.1.11.pom (4.6 kB at 417 kB/s)
[INFO] Downloading from central: https://repo.maven.apache.org/maven2/org/apache/wss4j/wss4j-parent/2.1.11/wss4j-parent-2.1.11.pom
[INFO] Downloaded from central: https://repo.maven.apache.org/maven2/org/apache/wss4j/wss4j-parent/2.1.11/wss4j-parent-2.1.11.pom (14 kB at 1.2 MB/s)
[INFO] Downloading from central: https://repo.maven.apache.org/maven2/org/apache/wss4j/wss4j/2.1.11/wss4j-2.1.11.pom
[INFO] Downloaded from central: https://repo.maven.apache.org/maven2/org/apache/wss4j/wss4j/2.1.11/wss4j-2.1.11.pom (21 kB at 1.9 MB/s)
[INFO] Downloading from central: https://repo.maven.apache.org/maven2/org/apache/wss4j/wss4j-ws-security-common/2.1.11/wss4j-ws-security-common-2.1.11.pom
[INFO] Downloaded from central: https://repo.maven.apache.org/maven2/org/apache/wss4j/wss4j-ws-security-common/2.1.11/wss4j-ws-security-common-2.1.11.pom (7.3 kB at 486 kB/s)
[INFO] Downloading from central: https://repo.maven.apache.org/maven2/org/apache/santuario/xmlsec/2.0.9/xmlsec-2.0.9.pom
[INFO] Downloaded from central: https://repo.maven.apache.org/maven2/org/apache/santuario/xmlsec/2.0.9/xmlsec-2.0.9.pom (26 kB at 709 kB/s)
[INFO] Downloading from central: https://repo.maven.apache.org/maven2/org/codehaus/woodstox/woodstox-core-asl/4.4.1/woodstox-core-asl-4.4.1.pom
[INFO] Downloaded from central: https://repo.maven.apache.org/maven2/org/codehaus/woodstox/woodstox-core-asl/4.4.1/woodstox-core-asl-4.4.1.pom (1.8 kB at 180 kB/s)
[INFO] Downloading from central: https://repo.maven.apache.org/maven2/org/codehaus/woodstox/stax2-api/3.1.4/stax2-api-3.1.4.pom
[INFO] Downloaded from central: https://repo.maven.apache.org/maven2/org/codehaus/woodstox/stax2-api/3.1.4/stax2-api-3.1.4.pom (5.5 kB at 458 kB/s)
[INFO] Downloading from central: https://repo.maven.apache.org/maven2/org/opensaml/opensaml-saml-impl/3.1.1/opensaml-saml-impl-3.1.1.pom
[INFO] Downloaded from central: https://repo.maven.apache.org/maven2/org/opensaml/opensaml-saml-impl/3.1.1/opensaml-saml-impl-3.1.1.pom (5.2 kB at 126 kB/s)
[INFO] Downloading from central: https://repo.maven.apache.org/maven2/org/opensaml/opensaml-parent/3.1.1/opensaml-parent-3.1.1.pom
[INFO] Downloaded from central: https://repo.maven.apache.org/maven2/org/opensaml/opensaml-parent/3.1.1/opensaml-parent-3.1.1.pom (4.6 kB at 462 kB/s)
[INFO] Downloading from central: https://repo.maven.apache.org/maven2/net/shibboleth/parent-v3/8/parent-v3-8.pom
[INFO] Downloaded from central: https://repo.maven.apache.org/maven2/net/shibboleth/parent-v3/8/parent-v3-8.pom (38 kB at 2.3 MB/s)
[INFO] Downloading from central: https://repo.maven.apache.org/maven2/org/opensaml/opensaml-profile-api/3.1.1/opensaml-profile-api-3.1.1.pom
[INFO] Downloaded from central: https://repo.maven.apache.org/maven2/org/opensaml/opensaml-profile-api/3.1.1/opensaml-profile-api-3.1.1.pom (1.6 kB at 162 kB/s)
[INFO] Downloading from central: https://repo.maven.apache.org/maven2/org/opensaml/opensaml-core/3.1.1/opensaml-core-3.1.1.pom
[INFO] Downloaded from central: https://repo.maven.apache.org/maven2/org/opensaml/opensaml-core/3.1.1/opensaml-core-3.1.1.pom (2.1 kB at 232 kB/s)
[INFO] Downloading from central: https://repo.maven.apache.org/maven2/net/shibboleth/utilities/java-support/7.1.1/java-support-7.1.1.pom
[INFO] Downloaded from central: https://repo.maven.apache.org/maven2/net/shibboleth/utilities/java-support/7.1.1/java-support-7.1.1.pom (4.2 kB at 303 kB/s)
[INFO] Downloading from central: https://repo.maven.apache.org/maven2/com/google/guava/guava/18.0/guava-18.0.pom
[INFO] Downloaded from central: https://repo.maven.apache.org/maven2/com/google/guava/guava/18.0/guava-18.0.pom (5.7 kB at 708 kB/s)
[INFO] Downloading from central: https://repo.maven.apache.org/maven2/com/google/guava/guava-parent/18.0/guava-parent-18.0.pom
[INFO] Downloaded from central: https://repo.maven.apache.org/maven2/com/google/guava/guava-parent/18.0/guava-parent-18.0.pom (7.7 kB at 854 kB/s)
[INFO] Downloading from central: https://repo.maven.apache.org/maven2/org/opensaml/opensaml-saml-api/3.1.1/opensaml-saml-api-3.1.1.pom
[INFO] Downloaded from central: https://repo.maven.apache.org/maven2/org/opensaml/opensaml-saml-api/3.1.1/opensaml-saml-api-3.1.1.pom (2.3 kB at 225 kB/s)
[INFO] Downloading from central: https://repo.maven.apache.org/maven2/org/opensaml/opensaml-xmlsec-api/3.1.1/opensaml-xmlsec-api-3.1.1.pom
[INFO] Downloaded from central: https://repo.maven.apache.org/maven2/org/opensaml/opensaml-xmlsec-api/3.1.1/opensaml-xmlsec-api-3.1.1.pom (1.8 kB at 162 kB/s)
[INFO] Downloading from central: https://repo.maven.apache.org/maven2/org/opensaml/opensaml-security-api/3.1.1/opensaml-security-api-3.1.1.pom
[INFO] Downloaded from central: https://repo.maven.apache.org/maven2/org/opensaml/opensaml-security-api/3.1.1/opensaml-security-api-3.1.1.pom (2.2 kB at 197 kB/s)
[INFO] Downloading from central: https://repo.maven.apache.org/maven2/org/apache/santuario/xmlsec/2.0.3/xmlsec-2.0.3.pom
[INFO] Downloaded from central: https://repo.maven.apache.org/maven2/org/apache/santuario/xmlsec/2.0.3/xmlsec-2.0.3.pom (22 kB at 2.2 MB/s)
[INFO] Downloading from central: https://repo.maven.apache.org/maven2/org/apache/apache/14/apache-14.pom
[INFO] Downloaded from central: https://repo.maven.apache.org/maven2/org/apache/apache/14/apache-14.pom (15 kB at 1.6 MB/s)
[INFO] Downloading from central: https://repo.maven.apache.org/maven2/org/cryptacular/cryptacular/1.0/cryptacular-1.0.pom
[INFO] Downloaded from central: https://repo.maven.apache.org/maven2/org/cryptacular/cryptacular/1.0/cryptacular-1.0.pom (9.1 kB at 1.0 MB/s)
[INFO] Downloading from central: https://repo.maven.apache.org/maven2/org/bouncycastle/bcprov-jdk15on/1.50/bcprov-jdk15on-1.50.pom
[INFO] Downloaded from central: https://repo.maven.apache.org/maven2/org/bouncycastle/bcprov-jdk15on/1.50/bcprov-jdk15on-1.50.pom (1.2 kB at 165 kB/s)
[INFO] Downloading from central: https://repo.maven.apache.org/maven2/org/bouncycastle/bcprov-jdk15on/1.51/bcprov-jdk15on-1.51.pom
[INFO] Downloaded from central: https://repo.maven.apache.org/maven2/org/bouncycastle/bcprov-jdk15on/1.51/bcprov-jdk15on-1.51.pom (1.2 kB at 116 kB/s)
[INFO] Downloading from central: https://repo.maven.apache.org/maven2/org/opensaml/opensaml-soap-api/3.1.1/opensaml-soap-api-3.1.1.pom
[INFO] Downloaded from central: https://repo.maven.apache.org/maven2/org/opensaml/opensaml-soap-api/3.1.1/opensaml-soap-api-3.1.1.pom (1.4 kB at 106 kB/s)
[INFO] Downloading from central: https://repo.maven.apache.org/maven2/org/opensaml/opensaml-security-impl/3.1.1/opensaml-security-impl-3.1.1.pom
[INFO] Downloaded from central: https://repo.maven.apache.org/maven2/org/opensaml/opensaml-security-impl/3.1.1/opensaml-security-impl-3.1.1.pom (1.9 kB at 142 kB/s)
[INFO] Downloading from central: https://repo.maven.apache.org/maven2/org/opensaml/opensaml-xmlsec-impl/3.1.1/opensaml-xmlsec-impl-3.1.1.pom
[INFO] Downloaded from central: https://repo.maven.apache.org/maven2/org/opensaml/opensaml-xmlsec-impl/3.1.1/opensaml-xmlsec-impl-3.1.1.pom (1.9 kB at 209 kB/s)
[INFO] Downloading from central: https://repo.maven.apache.org/maven2/org/opensaml/opensaml-xacml-impl/3.1.1/opensaml-xacml-impl-3.1.1.pom
[INFO] Downloaded from central: https://repo.maven.apache.org/maven2/org/opensaml/opensaml-xacml-impl/3.1.1/opensaml-xacml-impl-3.1.1.pom (1.9 kB at 170 kB/s)
[INFO] Downloading from central: https://repo.maven.apache.org/maven2/org/opensaml/opensaml-xacml-api/3.1.1/opensaml-xacml-api-3.1.1.pom
[INFO] Downloaded from central: https://repo.maven.apache.org/maven2/org/opensaml/opensaml-xacml-api/3.1.1/opensaml-xacml-api-3.1.1.pom (1.0 kB at 115 kB/s)
[INFO] Downloading from central: https://repo.maven.apache.org/maven2/com/google/code/findbugs/jsr305/3.0.0/jsr305-3.0.0.pom
[INFO] Downloaded from central: https://repo.maven.apache.org/maven2/com/google/code/findbugs/jsr305/3.0.0/jsr305-3.0.0.pom (3.9 kB at 428 kB/s)
[INFO] Downloading from central: https://repo.maven.apache.org/maven2/org/opensaml/opensaml-xacml-saml-impl/3.1.1/opensaml-xacml-saml-impl-3.1.1.pom
[INFO] Downloaded from central: https://repo.maven.apache.org/maven2/org/opensaml/opensaml-xacml-saml-impl/3.1.1/opensaml-xacml-saml-impl-3.1.1.pom (1.6 kB at 158 kB/s)
[INFO] Downloading from central: https://repo.maven.apache.org/maven2/org/opensaml/opensaml-xacml-saml-api/3.1.1/opensaml-xacml-saml-api-3.1.1.pom
[INFO] Downloaded from central: https://repo.maven.apache.org/maven2/org/opensaml/opensaml-xacml-saml-api/3.1.1/opensaml-xacml-saml-api-3.1.1.pom (1.2 kB at 139 kB/s)
[INFO] Downloading from central: https://repo.maven.apache.org/maven2/org/opensaml/opensaml-messaging-api/3.1.1/opensaml-messaging-api-3.1.1.pom
[INFO] Downloaded from central: https://repo.maven.apache.org/maven2/org/opensaml/opensaml-messaging-api/3.1.1/opensaml-messaging-api-3.1.1.pom (1.3 kB at 146 kB/s)
[INFO] Downloading from central: https://repo.maven.apache.org/maven2/org/opensaml/opensaml-storage-api/3.1.1/opensaml-storage-api-3.1.1.pom
[INFO] Downloaded from central: https://repo.maven.apache.org/maven2/org/opensaml/opensaml-storage-api/3.1.1/opensaml-storage-api-3.1.1.pom (999 B at 100 kB/s)
[INFO] Downloading from central: https://repo.maven.apache.org/maven2/org/opensaml/opensaml-soap-impl/3.1.1/opensaml-soap-impl-3.1.1.pom
[INFO] Downloaded from central: https://repo.maven.apache.org/maven2/org/opensaml/opensaml-soap-impl/3.1.1/opensaml-soap-impl-3.1.1.pom (2.3 kB at 154 kB/s)
[INFO] Downloading from central: https://repo.maven.apache.org/maven2/org/apache/velocity/velocity/1.7/velocity-1.7.pom
[INFO] Downloaded from central: https://repo.maven.apache.org/maven2/org/apache/velocity/velocity/1.7/velocity-1.7.pom (11 kB at 1.1 MB/s)
[INFO] Downloading from central: https://repo.maven.apache.org/maven2/org/jasypt/jasypt/1.9.2/jasypt-1.9.2.pom
[INFO] Downloaded from central: https://repo.maven.apache.org/maven2/org/jasypt/jasypt/1.9.2/jasypt-1.9.2.pom (8.2 kB at 585 kB/s)
[INFO] Downloading from central: https://repo.maven.apache.org/maven2/org/apache/geronimo/specs/geronimo-javamail_1.4_spec/1.7.1/geronimo-javamail_1.4_spec-1.7.1.pom
[INFO] Downloaded from central: https://repo.maven.apache.org/maven2/org/apache/geronimo/specs/geronimo-javamail_1.4_spec/1.7.1/geronimo-javamail_1.4_spec-1.7.1.pom (7.0 kB at 501 kB/s)
[INFO] Downloading from central: https://repo.maven.apache.org/maven2/org/apache/geronimo/genesis/genesis-java5-flava/2.0/genesis-java5-flava-2.0.pom
[INFO] Downloaded from central: https://repo.maven.apache.org/maven2/org/apache/geronimo/genesis/genesis-java5-flava/2.0/genesis-java5-flava-2.0.pom (5.5 kB at 457 kB/s)
[INFO] Downloading from central: https://repo.maven.apache.org/maven2/org/apache/geronimo/genesis/genesis-default-flava/2.0/genesis-default-flava-2.0.pom
[INFO] Downloaded from central: https://repo.maven.apache.org/maven2/org/apache/geronimo/genesis/genesis-default-flava/2.0/genesis-default-flava-2.0.pom (18 kB at 2.2 MB/s)
[INFO] Downloading from central: https://repo.maven.apache.org/maven2/org/apache/geronimo/genesis/genesis/2.0/genesis-2.0.pom
[INFO] Downloaded from central: https://repo.maven.apache.org/maven2/org/apache/geronimo/genesis/genesis/2.0/genesis-2.0.pom (18 kB at 1.7 MB/s)
[INFO] Downloading from central: https://repo.maven.apache.org/maven2/org/apache/apache/6/apache-6.pom
[INFO] Downloaded from central: https://repo.maven.apache.org/maven2/org/apache/apache/6/apache-6.pom (13 kB at 1.4 MB/s)
[INFO] Downloading from central: https://repo.maven.apache.org/maven2/net/sf/ehcache/ehcache/2.10.4/ehcache-2.10.4.pom
[INFO] Downloaded from central: https://repo.maven.apache.org/maven2/net/sf/ehcache/ehcache/2.10.4/ehcache-2.10.4.pom (19 kB at 2.1 MB/s)
[INFO] Downloading from central: https://repo.maven.apache.org/maven2/net/sf/ehcache/ehcache-root/2.10.4/ehcache-root-2.10.4.pom
[INFO] Downloaded from central: https://repo.maven.apache.org/maven2/net/sf/ehcache/ehcache-root/2.10.4/ehcache-root-2.10.4.pom (17 kB at 1.1 MB/s)
[INFO] Downloading from central: https://repo.maven.apache.org/maven2/net/sf/ehcache/ehcache-parent/2.18/ehcache-parent-2.18.pom
[INFO] Downloaded from central: https://repo.maven.apache.org/maven2/net/sf/ehcache/ehcache-parent/2.18/ehcache-parent-2.18.pom (17 kB at 1.3 MB/s)
[INFO] Downloading from central: https://repo.maven.apache.org/maven2/taglibs/standard/1.1.2/standard-1.1.2.pom
[INFO] Downloaded from central: https://repo.maven.apache.org/maven2/taglibs/standard/1.1.2/standard-1.1.2.pom (149 B at 19 kB/s)
[INFO] Downloading from central: https://repo.maven.apache.org/maven2/org/jasig/resourceserver/resource-server-utils/1.0.29/resource-server-utils-1.0.29.pom
[INFO] Downloaded from central: https://repo.maven.apache.org/maven2/org/jasig/resourceserver/resource-server-utils/1.0.29/resource-server-utils-1.0.29.pom (3.7 kB at 333 kB/s)
[INFO] Downloading from central: https://repo.maven.apache.org/maven2/org/jasig/resourceserver/resource-server-parent/1.0.29/resource-server-parent-1.0.29.pom
[INFO] Downloaded from central: https://repo.maven.apache.org/maven2/org/jasig/resourceserver/resource-server-parent/1.0.29/resource-server-parent-1.0.29.pom (14 kB at 1.1 MB/s)
[INFO] Downloading from central: https://repo.maven.apache.org/maven2/org/jasig/resourceserver/resource-server-api/1.0.29/resource-server-api-1.0.29.pom
[INFO] Downloaded from central: https://repo.maven.apache.org/maven2/org/jasig/resourceserver/resource-server-api/1.0.29/resource-server-api-1.0.29.pom (3.8 kB at 38 kB/s)
[INFO] Downloading from central: https://repo.maven.apache.org/maven2/org/jasig/resourceserver/resource-server-core/1.0.29/resource-server-core-1.0.29.pom
[INFO] Downloaded from central: https://repo.maven.apache.org/maven2/org/jasig/resourceserver/resource-server-core/1.0.29/resource-server-core-1.0.29.pom (4.2 kB at 61 kB/s)
[INFO] Downloading from central: https://repo.maven.apache.org/maven2/com/google/guava/guava/13.0.1/guava-13.0.1.pom
[INFO] Downloaded from central: https://repo.maven.apache.org/maven2/com/google/guava/guava/13.0.1/guava-13.0.1.pom (5.3 kB at 356 kB/s)
[INFO] Downloading from central: https://repo.maven.apache.org/maven2/com/google/guava/guava-parent/13.0.1/guava-parent-13.0.1.pom
[INFO] Downloaded from central: https://repo.maven.apache.org/maven2/com/google/guava/guava-parent/13.0.1/guava-parent-13.0.1.pom (2.6 kB at 213 kB/s)
[INFO] Downloading from central: https://repo.maven.apache.org/maven2/net/sf/ehcache/ehcache-web/2.0.4/ehcache-web-2.0.4.pom
[INFO] Downloaded from central: https://repo.maven.apache.org/maven2/net/sf/ehcache/ehcache-web/2.0.4/ehcache-web-2.0.4.pom (4.1 kB at 214 kB/s)
[INFO] Downloading from central: https://repo.maven.apache.org/maven2/net/sf/ehcache/ehcache-web-parent/2.0.4/ehcache-web-parent-2.0.4.pom
[INFO] Downloaded from central: https://repo.maven.apache.org/maven2/net/sf/ehcache/ehcache-web-parent/2.0.4/ehcache-web-parent-2.0.4.pom (1.6 kB at 146 kB/s)
[INFO] Downloading from central: https://repo.maven.apache.org/maven2/net/sf/ehcache/ehcache-parent/2.3/ehcache-parent-2.3.pom
[INFO] Downloaded from central: https://repo.maven.apache.org/maven2/net/sf/ehcache/ehcache-parent/2.3/ehcache-parent-2.3.pom (16 kB at 1.3 MB/s)
[INFO] Downloading from central: https://repo.maven.apache.org/maven2/org/jasig/resourceserver/resource-server-content/1.0.29/resource-server-content-1.0.29.pom
[INFO] Downloaded from central: https://repo.maven.apache.org/maven2/org/jasig/resourceserver/resource-server-content/1.0.29/resource-server-content-1.0.29.pom (1.6 kB at 148 kB/s)
[INFO] Downloading from central: https://repo.maven.apache.org/maven2/org/jasig/springframework/spring-webmvc-portlet-contrib/1.0.0/spring-webmvc-portlet-contrib-1.0.0.pom
[INFO] Downloaded from central: https://repo.maven.apache.org/maven2/org/jasig/springframework/spring-webmvc-portlet-contrib/1.0.0/spring-webmvc-portlet-contrib-1.0.0.pom (3.0 kB at 250 kB/s)
[INFO] Downloading from central: https://repo.maven.apache.org/maven2/org/jasig/springframework/spring-portlet-contrib/1.0.0/spring-portlet-contrib-1.0.0.pom
[INFO] Downloaded from central: https://repo.maven.apache.org/maven2/org/jasig/springframework/spring-portlet-contrib/1.0.0/spring-portlet-contrib-1.0.0.pom (12 kB at 824 kB/s)
[INFO] Downloading from central: https://repo.maven.apache.org/maven2/commons-fileupload/commons-fileupload/1.2.2/commons-fileupload-1.2.2.pom
[INFO] Downloaded from central: https://repo.maven.apache.org/maven2/commons-fileupload/commons-fileupload/1.2.2/commons-fileupload-1.2.2.pom (8.9 kB at 886 kB/s)
[INFO] Downloading from central: https://repo.maven.apache.org/maven2/org/apache/commons/commons-parent/16/commons-parent-16.pom
[INFO] Downloaded from central: https://repo.maven.apache.org/maven2/org/apache/commons/commons-parent/16/commons-parent-16.pom (30 kB at 3.3 MB/s)
[INFO] Downloading from central: https://repo.maven.apache.org/maven2/ch/qos/logback/logback-classic/1.3.5/logback-classic-1.3.5.pom
[INFO] Downloaded from central: https://repo.maven.apache.org/maven2/ch/qos/logback/logback-classic/1.3.5/logback-classic-1.3.5.pom (12 kB at 1.2 MB/s)
[INFO] Downloading from central: https://repo.maven.apache.org/maven2/ch/qos/logback/logback-parent/1.3.5/logback-parent-1.3.5.pom
[INFO] Downloaded from central: https://repo.maven.apache.org/maven2/ch/qos/logback/logback-parent/1.3.5/logback-parent-1.3.5.pom (20 kB at 2.0 MB/s)
[INFO] Downloading from central: https://repo.maven.apache.org/maven2/ch/qos/logback/logback-core/1.3.5/logback-core-1.3.5.pom
[INFO] Downloaded from central: https://repo.maven.apache.org/maven2/ch/qos/logback/logback-core/1.3.5/logback-core-1.3.5.pom (5.2 kB at 577 kB/s)
[INFO] Downloading from central: https://repo.maven.apache.org/maven2/commons-collections/commons-collections/3.2.2/commons-collections-3.2.2.jar
[INFO] Downloaded from central: https://repo.maven.apache.org/maven2/commons-collections/commons-collections/3.2.2/commons-collections-3.2.2.jar (588 kB at 24 MB/s)
[INFO] Downloading from central: https://repo.maven.apache.org/maven2/javax/servlet/jstl/1.1.2/jstl-1.1.2.jar
[INFO] Downloading from central: https://repo.maven.apache.org/maven2/joda-time/joda-time-jsptags/1.1.1/joda-time-jsptags-1.1.1.jar
[INFO] Downloading from central: https://repo.maven.apache.org/maven2/org/apache/httpcomponents/httpclient/4.5.13/httpclient-4.5.13.jar
[INFO] Downloading from central: https://repo.maven.apache.org/maven2/org/apache/httpcomponents/httpcore/4.4.13/httpcore-4.4.13.jar
[INFO] Downloading from central: https://repo.maven.apache.org/maven2/com/fasterxml/jackson/core/jackson-databind/2.14.1/jackson-databind-2.14.1.jar
[INFO] Downloaded from central: https://repo.maven.apache.org/maven2/javax/servlet/jstl/1.1.2/jstl-1.1.2.jar (21 kB at 1.9 MB/s)
[INFO] Downloading from central: https://repo.maven.apache.org/maven2/com/fasterxml/jackson/core/jackson-annotations/2.14.1/jackson-annotations-2.14.1.jar
[INFO] Downloaded from central: https://repo.maven.apache.org/maven2/joda-time/joda-time-jsptags/1.1.1/joda-time-jsptags-1.1.1.jar (34 kB at 1.7 MB/s)
[INFO] Downloading from central: https://repo.maven.apache.org/maven2/com/fasterxml/jackson/core/jackson-core/2.14.1/jackson-core-2.14.1.jar
[INFO] Downloaded from central: https://repo.maven.apache.org/maven2/com/fasterxml/jackson/core/jackson-annotations/2.14.1/jackson-annotations-2.14.1.jar (76 kB at 3.0 MB/s)
[INFO] Downloading from central: https://repo.maven.apache.org/maven2/com/fasterxml/jackson/module/jackson-module-jaxb-annotations/2.14.1/jackson-module-jaxb-annotations-2.14.1.jar
[INFO] Downloaded from central: https://repo.maven.apache.org/maven2/org/apache/httpcomponents/httpcore/4.4.13/httpcore-4.4.13.jar (329 kB at 11 MB/s)
[INFO] Downloading from central: https://repo.maven.apache.org/maven2/jakarta/activation/jakarta.activation-api/1.2.2/jakarta.activation-api-1.2.2.jar
[INFO] Downloaded from central: https://repo.maven.apache.org/maven2/org/apache/httpcomponents/httpclient/4.5.13/httpclient-4.5.13.jar (780 kB at 23 MB/s)
[INFO] Downloading from central: https://repo.maven.apache.org/maven2/org/jasig/portlet/utils/portlet-mvc-util/1.1.0/portlet-mvc-util-1.1.0.jar
[INFO] Downloaded from central: https://repo.maven.apache.org/maven2/com/fasterxml/jackson/module/jackson-module-jaxb-annotations/2.14.1/jackson-module-jaxb-annotations-2.14.1.jar (37 kB at 1.1 MB/s)
[INFO] Downloading from central: https://repo.maven.apache.org/maven2/com/google/guava/guava/14.0/guava-14.0.jar
[INFO] Downloaded from central: https://repo.maven.apache.org/maven2/jakarta/activation/jakarta.activation-api/1.2.2/jakarta.activation-api-1.2.2.jar (47 kB at 1.3 MB/s)
[INFO] Downloading from central: https://repo.maven.apache.org/maven2/org/jasig/portlet/utils/portlet-ws-util/1.1.3/portlet-ws-util-1.1.3.jar
[INFO] Downloaded from central: https://repo.maven.apache.org/maven2/com/fasterxml/jackson/core/jackson-core/2.14.1/jackson-core-2.14.1.jar (459 kB at 12 MB/s)
[INFO] Downloading from central: https://repo.maven.apache.org/maven2/commons-io/commons-io/2.4/commons-io-2.4.jar
[INFO] Downloaded from central: https://repo.maven.apache.org/maven2/com/fasterxml/jackson/core/jackson-databind/2.14.1/jackson-databind-2.14.1.jar (1.6 MB at 38 MB/s)
[INFO] Downloading from central: https://repo.maven.apache.org/maven2/org/springframework/ws/spring-ws-core/2.1.2.RELEASE/spring-ws-core-2.1.2.RELEASE.jar
[INFO] Downloaded from central: https://repo.maven.apache.org/maven2/commons-io/commons-io/2.4/commons-io-2.4.jar (185 kB at 3.7 MB/s)
[INFO] Downloading from central: https://repo.maven.apache.org/maven2/org/springframework/spring-oxm/3.1.3.RELEASE/spring-oxm-3.1.3.RELEASE.jar
[INFO] Downloaded from central: https://repo.maven.apache.org/maven2/org/springframework/spring-oxm/3.1.3.RELEASE/spring-oxm-3.1.3.RELEASE.jar (73 kB at 1.2 MB/s)
[INFO] Downloading from central: https://repo.maven.apache.org/maven2/wsdl4j/wsdl4j/1.6.1/wsdl4j-1.6.1.jar
[INFO] Downloaded from central: https://repo.maven.apache.org/maven2/org/springframework/ws/spring-ws-core/2.1.2.RELEASE/spring-ws-core-2.1.2.RELEASE.jar (501 kB at 7.6 MB/s)
[INFO] Downloading from central: https://repo.maven.apache.org/maven2/javax/xml/stream/stax-api/1.0-2/stax-api-1.0-2.jar
[INFO] Downloaded from central: https://repo.maven.apache.org/maven2/javax/xml/stream/stax-api/1.0-2/stax-api-1.0-2.jar (23 kB at 311 kB/s)
[INFO] Downloading from central: https://repo.maven.apache.org/maven2/org/springframework/spring-context-support/3.2.3.RELEASE/spring-context-support-3.2.3.RELEASE.jar
[INFO] Downloaded from central: https://repo.maven.apache.org/maven2/wsdl4j/wsdl4j/1.6.1/wsdl4j-1.6.1.jar (149 kB at 1.9 MB/s)
[INFO] Downloading from central: https://repo.maven.apache.org/maven2/org/springframework/spring-jdbc/3.2.3.RELEASE/spring-jdbc-3.2.3.RELEASE.jar
[INFO] Downloaded from central: https://repo.maven.apache.org/maven2/org/springframework/spring-context-support/3.2.3.RELEASE/spring-context-support-3.2.3.RELEASE.jar (128 kB at 1.3 MB/s)
[INFO] Downloading from central: https://repo.maven.apache.org/maven2/org/springframework/spring-tx/3.2.3.RELEASE/spring-tx-3.2.3.RELEASE.jar
[INFO] Downloaded from central: https://repo.maven.apache.org/maven2/com/google/guava/guava/14.0/guava-14.0.jar (2.2 MB at 21 MB/s)
[INFO] Downloading from central: https://repo.maven.apache.org/maven2/org/springframework/spring-webmvc-portlet/3.2.3.RELEASE/spring-webmvc-portlet-3.2.3.RELEASE.jar
[INFO] Downloaded from central: https://repo.maven.apache.org/maven2/org/springframework/spring-jdbc/3.2.3.RELEASE/spring-jdbc-3.2.3.RELEASE.jar (405 kB at 4.0 MB/s)
[INFO] Downloading from central: https://repo.maven.apache.org/maven2/org/springframework/spring-webmvc/3.2.3.RELEASE/spring-webmvc-3.2.3.RELEASE.jar
[INFO] Downloaded from central: https://repo.maven.apache.org/maven2/org/springframework/spring-tx/3.2.3.RELEASE/spring-tx-3.2.3.RELEASE.jar (242 kB at 2.1 MB/s)
[INFO] Downloading from central: https://repo.maven.apache.org/maven2/org/springframework/ws/spring-ws-security/2.4.7.RELEASE/spring-ws-security-2.4.7.RELEASE.jar
[INFO] Downloaded from central: https://repo.maven.apache.org/maven2/org/springframework/spring-webmvc-portlet/3.2.3.RELEASE/spring-webmvc-portlet-3.2.3.RELEASE.jar (188 kB at 1.6 MB/s)
[INFO] Downloading from central: https://repo.maven.apache.org/maven2/org/springframework/ws/spring-xml/2.4.7.RELEASE/spring-xml-2.4.7.RELEASE.jar
[INFO] Downloaded from central: https://repo.maven.apache.org/maven2/org/springframework/ws/spring-xml/2.4.7.RELEASE/spring-xml-2.4.7.RELEASE.jar (75 kB at 584 kB/s)
[INFO] Downloading from central: https://repo.maven.apache.org/maven2/org/springframework/security/spring-security-core/4.0.4.RELEASE/spring-security-core-4.0.4.RELEASE.jar
[INFO] Downloaded from central: https://repo.maven.apache.org/maven2/org/springframework/spring-webmvc/3.2.3.RELEASE/spring-webmvc-3.2.3.RELEASE.jar (637 kB at 4.9 MB/s)
[INFO] Downloading from central: https://repo.maven.apache.org/maven2/net/sf/ehcache/ehcache/2.8.9/ehcache-2.8.9.jar
[INFO] Downloaded from central: https://repo.maven.apache.org/maven2/org/springframework/ws/spring-ws-security/2.4.7.RELEASE/spring-ws-security-2.4.7.RELEASE.jar (125 kB at 942 kB/s)
[INFO] Downloading from central: https://repo.maven.apache.org/maven2/org/apache/ws/security/wss4j/1.6.19/wss4j-1.6.19.jar
[INFO] Downloaded from central: https://repo.maven.apache.org/maven2/org/jasig/portlet/utils/portlet-ws-util/1.1.3/portlet-ws-util-1.1.3.jar (41 kB at 303 kB/s)
[INFO] Downloading from central: https://repo.maven.apache.org/maven2/org/opensaml/opensaml/2.5.1-1/opensaml-2.5.1-1.jar
[INFO] Downloaded from central: https://repo.maven.apache.org/maven2/org/springframework/security/spring-security-core/4.0.4.RELEASE/spring-security-core-4.0.4.RELEASE.jar (357 kB at 2.4 MB/s)
[INFO] Downloading from central: https://repo.maven.apache.org/maven2/org/opensaml/openws/1.4.2-1/openws-1.4.2-1.jar
[INFO] Downloaded from central: https://repo.maven.apache.org/maven2/org/apache/ws/security/wss4j/1.6.19/wss4j-1.6.19.jar (464 kB at 2.7 MB/s)
[INFO] Downloading from central: https://repo.maven.apache.org/maven2/org/opensaml/xmltooling/1.3.2-1/xmltooling-1.3.2-1.jar
[INFO] Downloaded from central: https://repo.maven.apache.org/maven2/org/opensaml/openws/1.4.2-1/openws-1.4.2-1.jar (565 kB at 3.0 MB/s)
[INFO] Downloading from central: https://repo.maven.apache.org/maven2/org/apache/wss4j/wss4j-ws-security-dom/2.1.11/wss4j-ws-security-dom-2.1.11.jar
[INFO] Downloaded from central: https://repo.maven.apache.org/maven2/org/opensaml/opensaml/2.5.1-1/opensaml-2.5.1-1.jar (1.4 MB at 7.1 MB/s)
[INFO] Downloading from central: https://repo.maven.apache.org/maven2/org/apache/wss4j/wss4j-ws-security-common/2.1.11/wss4j-ws-security-common-2.1.11.jar
[INFO] Downloaded from central: https://repo.maven.apache.org/maven2/org/opensaml/xmltooling/1.3.2-1/xmltooling-1.3.2-1.jar (611 kB at 3.1 MB/s)
[INFO] Downloading from central: https://repo.maven.apache.org/maven2/org/apache/santuario/xmlsec/2.0.9/xmlsec-2.0.9.jar
[INFO] Downloaded from central: https://repo.maven.apache.org/maven2/org/jasig/portlet/utils/portlet-mvc-util/1.1.0/portlet-mvc-util-1.1.0.jar (12 kB at 59 kB/s)
[INFO] Downloading from central: https://repo.maven.apache.org/maven2/org/codehaus/woodstox/woodstox-core-asl/4.4.1/woodstox-core-asl-4.4.1.jar
[INFO] Downloaded from central: https://repo.maven.apache.org/maven2/org/apache/wss4j/wss4j-ws-security-dom/2.1.11/wss4j-ws-security-dom-2.1.11.jar (335 kB at 1.6 MB/s)
[INFO] Downloading from central: https://repo.maven.apache.org/maven2/org/codehaus/woodstox/stax2-api/3.1.4/stax2-api-3.1.4.jar
[INFO] Downloaded from central: https://repo.maven.apache.org/maven2/org/apache/wss4j/wss4j-ws-security-common/2.1.11/wss4j-ws-security-common-2.1.11.jar (284 kB at 1.4 MB/s)
[INFO] Downloading from central: https://repo.maven.apache.org/maven2/org/opensaml/opensaml-saml-impl/3.1.1/opensaml-saml-impl-3.1.1.jar
[INFO] Downloaded from central: https://repo.maven.apache.org/maven2/org/codehaus/woodstox/stax2-api/3.1.4/stax2-api-3.1.4.jar (162 kB at 736 kB/s)
[INFO] Downloading from central: https://repo.maven.apache.org/maven2/org/opensaml/opensaml-profile-api/3.1.1/opensaml-profile-api-3.1.1.jar
[INFO] Downloaded from central: https://repo.maven.apache.org/maven2/org/codehaus/woodstox/woodstox-core-asl/4.4.1/woodstox-core-asl-4.4.1.jar (486 kB at 2.1 MB/s)
[INFO] Downloading from central: https://repo.maven.apache.org/maven2/org/opensaml/opensaml-core/3.1.1/opensaml-core-3.1.1.jar
[INFO] Downloaded from central: https://repo.maven.apache.org/maven2/org/opensaml/opensaml-profile-api/3.1.1/opensaml-profile-api-3.1.1.jar (19 kB at 84 kB/s)
[INFO] Downloading from central: https://repo.maven.apache.org/maven2/org/opensaml/opensaml-saml-api/3.1.1/opensaml-saml-api-3.1.1.jar
[INFO] Downloaded from central: https://repo.maven.apache.org/maven2/org/apache/santuario/xmlsec/2.0.9/xmlsec-2.0.9.jar (1.1 MB at 4.7 MB/s)
[INFO] Downloading from central: https://repo.maven.apache.org/maven2/org/opensaml/opensaml-xmlsec-api/3.1.1/opensaml-xmlsec-api-3.1.1.jar
[INFO] Downloaded from central: https://repo.maven.apache.org/maven2/org/opensaml/opensaml-saml-impl/3.1.1/opensaml-saml-impl-3.1.1.jar (1.0 MB at 4.2 MB/s)
[INFO] Downloading from central: https://repo.maven.apache.org/maven2/org/opensaml/opensaml-soap-api/3.1.1/opensaml-soap-api-3.1.1.jar
[INFO] Downloaded from central: https://repo.maven.apache.org/maven2/org/opensaml/opensaml-core/3.1.1/opensaml-core-3.1.1.jar (149 kB at 617 kB/s)
[INFO] Downloading from central: https://repo.maven.apache.org/maven2/org/opensaml/opensaml-security-impl/3.1.1/opensaml-security-impl-3.1.1.jar
[INFO] Downloaded from central: https://repo.maven.apache.org/maven2/org/opensaml/opensaml-saml-api/3.1.1/opensaml-saml-api-3.1.1.jar (362 kB at 1.5 MB/s)
[INFO] Downloading from central: https://repo.maven.apache.org/maven2/org/opensaml/opensaml-security-api/3.1.1/opensaml-security-api-3.1.1.jar
[INFO] Downloaded from central: https://repo.maven.apache.org/maven2/org/opensaml/opensaml-soap-api/3.1.1/opensaml-soap-api-3.1.1.jar (136 kB at 537 kB/s)
[INFO] Downloading from central: https://repo.maven.apache.org/maven2/org/cryptacular/cryptacular/1.0/cryptacular-1.0.jar
[INFO] Downloaded from central: https://repo.maven.apache.org/maven2/org/opensaml/opensaml-xmlsec-api/3.1.1/opensaml-xmlsec-api-3.1.1.jar (202 kB at 793 kB/s)
[INFO] Downloaded from central: https://repo.maven.apache.org/maven2/org/opensaml/opensaml-security-impl/3.1.1/opensaml-security-impl-3.1.1.jar (87 kB at 344 kB/s)
[INFO] Downloading from central: https://repo.maven.apache.org/maven2/org/bouncycastle/bcprov-jdk15on/1.51/bcprov-jdk15on-1.51.jar
[INFO] Downloading from central: https://repo.maven.apache.org/maven2/org/opensaml/opensaml-xmlsec-impl/3.1.1/opensaml-xmlsec-impl-3.1.1.jar
[INFO] Downloaded from central: https://repo.maven.apache.org/maven2/org/opensaml/opensaml-security-api/3.1.1/opensaml-security-api-3.1.1.jar (55 kB at 208 kB/s)
[INFO] Downloading from central: https://repo.maven.apache.org/maven2/net/shibboleth/utilities/java-support/7.1.1/java-support-7.1.1.jar
[INFO] Downloaded from central: https://repo.maven.apache.org/maven2/org/cryptacular/cryptacular/1.0/cryptacular-1.0.jar (144 kB at 534 kB/s)
[INFO] Downloading from central: https://repo.maven.apache.org/maven2/org/opensaml/opensaml-xacml-impl/3.1.1/opensaml-xacml-impl-3.1.1.jar
[INFO] Downloaded from central: https://repo.maven.apache.org/maven2/org/opensaml/opensaml-xmlsec-impl/3.1.1/opensaml-xmlsec-impl-3.1.1.jar (287 kB at 1.0 MB/s)
[INFO] Downloading from central: https://repo.maven.apache.org/maven2/org/opensaml/opensaml-xacml-api/3.1.1/opensaml-xacml-api-3.1.1.jar
[INFO] Downloaded from central: https://repo.maven.apache.org/maven2/org/opensaml/opensaml-xacml-api/3.1.1/opensaml-xacml-api-3.1.1.jar (45 kB at 157 kB/s)
[INFO] Downloading from central: https://repo.maven.apache.org/maven2/org/opensaml/opensaml-xacml-saml-impl/3.1.1/opensaml-xacml-saml-impl-3.1.1.jar
[INFO] Downloaded from central: https://repo.maven.apache.org/maven2/org/opensaml/opensaml-xacml-impl/3.1.1/opensaml-xacml-impl-3.1.1.jar (197 kB at 690 kB/s)
[INFO] Downloading from central: https://repo.maven.apache.org/maven2/org/opensaml/opensaml-xacml-saml-api/3.1.1/opensaml-xacml-saml-api-3.1.1.jar
[INFO] Downloaded from central: https://repo.maven.apache.org/maven2/net/shibboleth/utilities/java-support/7.1.1/java-support-7.1.1.jar (209 kB at 714 kB/s)
[INFO] Downloading from central: https://repo.maven.apache.org/maven2/org/jasypt/jasypt/1.9.2/jasypt-1.9.2.jar
[INFO] Downloaded from central: https://repo.maven.apache.org/maven2/org/opensaml/opensaml-xacml-saml-impl/3.1.1/opensaml-xacml-saml-impl-3.1.1.jar (25 kB at 85 kB/s)
[INFO] Downloading from central: https://repo.maven.apache.org/maven2/org/apache/geronimo/specs/geronimo-javamail_1.4_spec/1.7.1/geronimo-javamail_1.4_spec-1.7.1.jar
[INFO] Downloaded from central: https://repo.maven.apache.org/maven2/org/jasypt/jasypt/1.9.2/jasypt-1.9.2.jar (129 kB at 417 kB/s)
[INFO] Downloading from central: https://repo.maven.apache.org/maven2/commons-logging/commons-logging/1.1.3/commons-logging-1.1.3.jar
[INFO] Downloaded from central: https://repo.maven.apache.org/maven2/org/apache/geronimo/specs/geronimo-javamail_1.4_spec/1.7.1/geronimo-javamail_1.4_spec-1.7.1.jar (223 kB at 702 kB/s)
[INFO] Downloading from central: https://repo.maven.apache.org/maven2/taglibs/standard/1.1.2/standard-1.1.2.jar
[INFO] Downloaded from central: https://repo.maven.apache.org/maven2/commons-logging/commons-logging/1.1.3/commons-logging-1.1.3.jar (62 kB at 193 kB/s)
[INFO] Downloading from central: https://repo.maven.apache.org/maven2/org/jasig/resourceserver/resource-server-utils/1.0.29/resource-server-utils-1.0.29.jar
[INFO] Downloaded from central: https://repo.maven.apache.org/maven2/taglibs/standard/1.1.2/standard-1.1.2.jar (393 kB at 1.2 MB/s)
[INFO] Downloading from central: https://repo.maven.apache.org/maven2/org/jasig/resourceserver/resource-server-api/1.0.29/resource-server-api-1.0.29.jar
[INFO] Downloaded from central: https://repo.maven.apache.org/maven2/org/bouncycastle/bcprov-jdk15on/1.51/bcprov-jdk15on-1.51.jar (2.8 MB at 8.2 MB/s)
[INFO] Downloading from central: https://repo.maven.apache.org/maven2/org/jasig/resourceserver/resource-server-core/1.0.29/resource-server-core-1.0.29.jar
[INFO] Downloaded from central: https://repo.maven.apache.org/maven2/net/sf/ehcache/ehcache/2.8.9/ehcache-2.8.9.jar (5.6 MB at 15 MB/s)
[INFO] Downloading from central: https://repo.maven.apache.org/maven2/net/sf/ehcache/ehcache-web/2.0.4/ehcache-web-2.0.4.jar
[INFO] Downloaded from central: https://repo.maven.apache.org/maven2/net/sf/ehcache/ehcache-web/2.0.4/ehcache-web-2.0.4.jar (45 kB at 119 kB/s)
[INFO] Downloading from central: https://repo.maven.apache.org/maven2/org/jasig/resourceserver/resource-server-content/1.0.29/resource-server-content-1.0.29.war
[INFO] Downloaded from central: https://repo.maven.apache.org/maven2/org/opensaml/opensaml-xacml-saml-api/3.1.1/opensaml-xacml-saml-api-3.1.1.jar (8.1 kB at 21 kB/s)
[INFO] Downloading from central: https://repo.maven.apache.org/maven2/org/jasig/springframework/spring-webmvc-portlet-contrib/1.0.0/spring-webmvc-portlet-contrib-1.0.0.jar
[INFO] Downloaded from central: https://repo.maven.apache.org/maven2/org/jasig/springframework/spring-webmvc-portlet-contrib/1.0.0/spring-webmvc-portlet-contrib-1.0.0.jar (40 kB at 81 kB/s)
[INFO] Downloading from central: https://repo.maven.apache.org/maven2/commons-fileupload/commons-fileupload/1.2.2/commons-fileupload-1.2.2.jar
[INFO] Downloaded from central: https://repo.maven.apache.org/maven2/commons-fileupload/commons-fileupload/1.2.2/commons-fileupload-1.2.2.jar (60 kB at 119 kB/s)
[INFO] Downloading from central: https://repo.maven.apache.org/maven2/ch/qos/logback/logback-classic/1.3.5/logback-classic-1.3.5.jar
[INFO] Downloaded from central: https://repo.maven.apache.org/maven2/org/jasig/resourceserver/resource-server-utils/1.0.29/resource-server-utils-1.0.29.jar (33 kB at 66 kB/s)
[INFO] Downloading from central: https://repo.maven.apache.org/maven2/ch/qos/logback/logback-core/1.3.5/logback-core-1.3.5.jar
[INFO] Downloaded from central: https://repo.maven.apache.org/maven2/org/jasig/resourceserver/resource-server-core/1.0.29/resource-server-core-1.0.29.jar (835 kB at 1.6 MB/s)
[INFO] Downloaded from central: https://repo.maven.apache.org/maven2/ch/qos/logback/logback-classic/1.3.5/logback-classic-1.3.5.jar (260 kB at 492 kB/s)
[INFO] Downloaded from central: https://repo.maven.apache.org/maven2/ch/qos/logback/logback-core/1.3.5/logback-core-1.3.5.jar (565 kB at 1.1 MB/s)
[INFO] Downloaded from central: https://repo.maven.apache.org/maven2/org/jasig/resourceserver/resource-server-api/1.0.29/resource-server-api-1.0.29.jar (30 kB at 55 kB/s)
[INFO] Downloaded from central: https://repo.maven.apache.org/maven2/org/jasig/resourceserver/resource-server-content/1.0.29/resource-server-content-1.0.29.war (19 MB at 11 MB/s)
[INFO] 
[INFO] --- clean:3.2.0:clean (default-clean) @ courses-portlet-webapp ---
[INFO] 
[INFO] --- enforcer:1.0:enforce (enforce-maven) @ courses-portlet-webapp ---
[INFO] 
[INFO] --- resources:3.3.0:resources (default-resources) @ courses-portlet-webapp ---
[INFO] Copying 4 resources
[INFO] 
[INFO] --- compiler:3.10.1:compile (default-compile) @ courses-portlet-webapp ---
[INFO] Changes detected - recompiling the module!
[INFO] Compiling 13 source files to /CoursesPortlet/courses-portlet-webapp/target/classes
[INFO] /CoursesPortlet/courses-portlet-webapp/src/main/java/org/jasig/portlet/courses/mvc/wrapper/CourseSectionWrapper.java: Some input files use or override a deprecated API.
[INFO] /CoursesPortlet/courses-portlet-webapp/src/main/java/org/jasig/portlet/courses/mvc/wrapper/CourseSectionWrapper.java: Recompile with -Xlint:deprecation for details.
[INFO] /CoursesPortlet/courses-portlet-webapp/src/main/java/org/jasig/portlet/courses/mvc/wrapper/CourseSectionWrapper.java: Some input files use unchecked or unsafe operations.
[INFO] /CoursesPortlet/courses-portlet-webapp/src/main/java/org/jasig/portlet/courses/mvc/wrapper/CourseSectionWrapper.java: Recompile with -Xlint:unchecked for details.
[INFO] 
[INFO] --- resources:3.3.0:testResources (default-testResources) @ courses-portlet-webapp ---
[INFO] Copying 1 resource
[INFO] 
[INFO] --- compiler:3.10.1:testCompile (default-testCompile) @ courses-portlet-webapp ---
[INFO] Changes detected - recompiling the module!
[INFO] Compiling 2 source files to /CoursesPortlet/courses-portlet-webapp/target/test-classes
[INFO] /CoursesPortlet/courses-portlet-webapp/src/test/java/org/jasig/portlet/courses/service/UPortalURLServiceImplTest.java: /CoursesPortlet/courses-portlet-webapp/src/test/java/org/jasig/portlet/courses/service/UPortalURLServiceImplTest.java uses or overrides a deprecated API.
[INFO] /CoursesPortlet/courses-portlet-webapp/src/test/java/org/jasig/portlet/courses/service/UPortalURLServiceImplTest.java: Recompile with -Xlint:deprecation for details.
[INFO] 
[INFO] --- surefire:3.0.0:test (default-test) @ courses-portlet-webapp ---
[INFO] Using auto detected provider org.apache.maven.surefire.junit4.JUnit4Provider
[INFO] 
[INFO] -------------------------------------------------------
[INFO]  T E S T S
[INFO] -------------------------------------------------------
[INFO] Running org.jasig.portlet.courses.service.UPortalURLServiceImplTest
19:43:19,147 |-INFO in ch.qos.logback.classic.LoggerContext[default] - This is logback-classic version 1.3.5
19:43:19,174 |-INFO in ch.qos.logback.classic.LoggerContext[default] - Found resource [logback-test.xml] at [file:/CoursesPortlet/courses-portlet-webapp/target/test-classes/logback-test.xml]
19:43:19,354 |-INFO in ch.qos.logback.classic.model.processor.LoggerContextListenerModelHandler - Adding LoggerContextListener of type [ch.qos.logback.classic.jul.LevelChangePropagator] to the object stack
19:43:19,386 |-INFO in ch.qos.logback.classic.jul.LevelChangePropagator@31be6b49 - Propagating DEBUG level on Logger[ROOT] onto the JUL framework
19:43:19,387 |-INFO in ch.qos.logback.classic.model.processor.LoggerContextListenerModelHandler - Starting LoggerContextListener
19:43:19,389 |-WARN in ch.qos.logback.core.model.processor.AppenderModelHandler - Appender named [C] not referenced. Skipping further processing.
19:43:19,389 |-INFO in ch.qos.logback.core.model.processor.AppenderModelHandler - Processing appender named [N]
19:43:19,389 |-INFO in ch.qos.logback.core.model.processor.AppenderModelHandler - About to instantiate appender of type [ch.qos.logback.core.helpers.NOPAppender]
19:43:19,391 |-INFO in ch.qos.logback.classic.model.processor.RootLoggerModelHandler - Setting level of ROOT logger to TRACE
19:43:19,391 |-INFO in ch.qos.logback.classic.jul.LevelChangePropagator@31be6b49 - Propagating TRACE level on Logger[ROOT] onto the JUL framework
19:43:19,391 |-INFO in ch.qos.logback.core.model.processor.AppenderRefModelHandler - Attaching appender named [N] to Logger[ROOT]
19:43:19,392 |-INFO in ch.qos.logback.core.model.processor.DefaultProcessor@2e16b08d - End of configuration.
19:43:19,393 |-INFO in ch.qos.logback.classic.joran.JoranConfigurator@5b989dc7 - Registering current configuration as safe fallback point

[INFO] Tests run: 2, Failures: 0, Errors: 0, Skipped: 0, Time elapsed: 1.292 s - in org.jasig.portlet.courses.service.UPortalURLServiceImplTest
[INFO] Running org.jasig.portlet.courses.model.wrapper.CourseSummaryWrapperTest
[INFO] Tests run: 2, Failures: 0, Errors: 0, Skipped: 0, Time elapsed: 0.054 s - in org.jasig.portlet.courses.model.wrapper.CourseSummaryWrapperTest
[INFO] 
[INFO] Results:
[INFO] 
[INFO] Tests run: 4, Failures: 0, Errors: 0, Skipped: 0
[INFO] 
[INFO] ------------------------------------------------------------------------
[INFO] Reactor Summary for CoursePortlet 2.1.1-SNAPSHOT:
[INFO] 
[INFO] CoursePortlet ...................................... SUCCESS [  0.736 s]
[INFO] CoursePortlet - API ................................ SUCCESS [  7.798 s]
[INFO] CoursePortlet - Data Access Objects for SIS/LMS integration SUCCESS [  4.194 s]
[INFO] CoursePortlet - Webapp ............................. SUCCESS [  7.304 s]
[INFO] ------------------------------------------------------------------------
[INFO] BUILD SUCCESS
[INFO] ------------------------------------------------------------------------
[INFO] Total time:  20.294 s
[INFO] Finished at: 2024-09-04T19:43:19Z
[INFO] ------------------------------------------------------------------------
[WARNING] 
[WARNING] Plugin validation issues were detected in 5 plugin(s)
[WARNING] 
[WARNING]  * org.apache.maven.plugins:maven-compiler-plugin:3.10.1
[WARNING]  * org.jasig.maven:maven-site-plugin:3.1.r1174614
[WARNING]  * org.jvnet.jaxb2.maven2:maven-jaxb2-plugin:0.15.1
[WARNING]  * org.apache.maven.plugins:maven-resources-plugin:3.3.0
[WARNING]  * org.apache.maven.plugins:maven-enforcer-plugin:1.0
[WARNING] 
[WARNING] For more or less details, use 'maven.plugin.validation' property with one of the values (case insensitive): [BRIEF, DEFAULT, VERBOSE]
[WARNING] 
